TRADE - 2020-12-30 04:00:08 --> (0.32013800 1609290008) trade işleminde  : m169n7siyj3pxrgei1e9tbze6skf id nolu satıcı 6bavdl8dik135r3iu118fe4zxti5 id nolu alıcıya 0.22150000 fiyatından 163.94552295 adet 9 id nolu coin karşılığında 7 id nolu coin sattı. Emir kapandı.
TRADE - 2020-12-30 04:01:10 --> (0.30706000 1609290070) trade işleminde  : m169n7siyj3pxrgei1e9tbze6skf id nolu alıcı 6bavdl8dik135r3iu118fe4zxti5 id nolu satıcıdan 0.00456000 fiyatından 7914.60809535 adet 9 id nolu coin karşılığında 3 id nolu coin satın aldı. Emir kapandı.
TRADE - 2020-12-30 04:01:23 --> (0.43005900 1609290083) trade işleminde  : m169n7siyj3pxrgei1e9tbze6skf id nolu alıcı 6bavdl8dik135r3iu118fe4zxti5 id nolu satıcıdan 0.00456000 fiyatından 17.14580642 adet 9 id nolu coin karşılığında 3 id nolu coin satın aldı. Emir kapandı.
TRADE - 2020-12-30 04:01:42 --> (0.51685500 1609290102) trade işleminde  : m169n7siyj3pxrgei1e9tbze6skf id nolu alıcı 6bavdl8dik135r3iu118fe4zxti5 id nolu satıcıdan 0.00456000 fiyatından 0.03714316 adet 9 id nolu coin karşılığında 3 id nolu coin satın aldı. Emir kapandı.
TRADE - 2020-12-30 07:52:16 --> (0.81421600 1609303936) trade işleminde  : zbhbite60ppo1iesfmd0u11cxhhv id nolu alıcı 7b5zev6di3lrxnwd7de4zeb9cdxo id nolu satıcıdan 0.00000289 fiyatından 465.00000000 adet 1 id nolu coin karşılığında 38 id nolu coin satın aldı. Emir kapandı.
TRADE - 2020-12-30 07:52:46 --> (0.39636700 1609303966) trade işleminde  : zbhbite60ppo1iesfmd0u11cxhhv id nolu alıcı 7b5zev6di3lrxnwd7de4zeb9cdxo id nolu satıcıdan 0.00000289 fiyatından 225.65940783 adet 1 id nolu coin karşılığında 38 id nolu coin satın aldı. Emir kapandı.
TRADE - 2020-12-30 11:08:59 --> (0.16995400 1609315739) trade işleminde  : i8ht2zkc3flrcdtmyai9nbv5z2kq id nolu satıcı 6bavdl8dik135r3iu118fe4zxti5 id nolu alıcıya 0.00000095 fiyatından 195.00000000 adet 1 id nolu coin karşılığında 128 id nolu coin sattı. Emir kapandı.
TRADE - 2020-12-30 11:09:55 --> (0.80320000 1609315795) trade işleminde  : i8ht2zkc3flrcdtmyai9nbv5z2kq id nolu alıcı 7b5zev6di3lrxnwd7de4zeb9cdxo id nolu satıcıdan 0.00000289 fiyatından 63.84462908 adet 1 id nolu coin karşılığında 38 id nolu coin satın aldı. Emir kapandı.
TRADE - 2020-12-30 11:39:39 --> (0.40674800 1609317579) trade işleminde  : zlgxvsiggs0c6qkc3pzi9xvusiux id nolu alıcı 6bavdl8dik135r3iu118fe4zxti5 id nolu satıcıdan 0.00452890 fiyatından 5339.69483745 adet 9 id nolu coin karşılığında 3 id nolu coin satın aldı. Emir kapandı.
TRADE - 2020-12-30 12:47:24 --> (0.37745300 1609321644) trade işleminde  : jfghf63o7th336grfsf91wm6rfsb id nolu alıcı h6f3c16e0d89qayvu6f07mr2ltyc id nolu satıcıdan 0.00000360 fiyatından 249.50099800 adet 9 id nolu coin karşılığında 121 id nolu coin satın aldı. Emir kapandı.
TRADE - 2020-12-30 13:49:17 --> (0.27859400 1609325357) trade işleminde  : i8ht2zkc3flrcdtmyai9nbv5z2kq id nolu satıcı 6bavdl8dik135r3iu118fe4zxti5 id nolu alıcıya 0.00000096 fiyatından 2000.00000000 adet 1 id nolu coin karşılığında 128 id nolu coin sattı. Emir kapandı.
TRADE - 2020-12-30 13:50:27 --> (0.91682600 1609325427) trade işleminde  : i8ht2zkc3flrcdtmyai9nbv5z2kq id nolu alıcı 7b5zev6di3lrxnwd7de4zeb9cdxo id nolu satıcıdan 0.00000289 fiyatından 661.70772642 adet 1 id nolu coin karşılığında 38 id nolu coin satın aldı. Emir kapandı.
TRADE - 2020-12-30 15:23:53 --> (0.39628900 1609331033) trade işleminde  : i39wfsjxultrzyt5hk9mx5t86d4c id nolu alıcı i39wfsjxultrzyt5hk9mx5t86d4c id nolu satıcıdan 0.00000001 fiyatından 9980.03992016 adet 1 id nolu coin karşılığında 121 id nolu coin satın aldı. Emir kapandı.
TRADE - 2020-12-30 17:23:47 --> (0.00126500 1609338227) trade işleminde  : 36490vrkmzbr48ic72e1zfqyxpvh id nolu satıcı 6bavdl8dik135r3iu118fe4zxti5 id nolu alıcıya 0.00000028 fiyatından 1275.47841700 adet 1 id nolu coin karşılığında 17 id nolu coin sattı. Emir kapandı.
TRADE - 2020-12-30 17:24:07 --> (0.15932000 1609338247) trade işleminde  : 36490vrkmzbr48ic72e1zfqyxpvh id nolu alıcı 7b5zev6di3lrxnwd7de4zeb9cdxo id nolu satıcıdan 0.00000289 fiyatından 123.08255461 adet 1 id nolu coin karşılığında 38 id nolu coin satın aldı. Emir kapandı.
TRADE - 2020-12-30 18:33:19 --> (0.15359000 1609342399) trade işleminde  : 36490vrkmzbr48ic72e1zfqyxpvh id nolu satıcı 6bavdl8dik135r3iu118fe4zxti5 id nolu alıcıya 0.00448800 fiyatından 0.93015059 adet 1 id nolu coin karşılığında 2 id nolu coin sattı. Emir kapandı.
TRADE - 2020-12-30 18:33:40 --> (0.40670600 1609342420) trade işleminde  : 36490vrkmzbr48ic72e1zfqyxpvh id nolu alıcı 7b5zev6di3lrxnwd7de4zeb9cdxo id nolu satıcıdan 0.00000289 fiyatından 1438.70390706 adet 1 id nolu coin karşılığında 38 id nolu coin satın aldı. Emir kapandı.
TRADE - 2020-12-30 19:17:02 --> (0.79921000 1609345022) trade işleminde  : 36490vrkmzbr48ic72e1zfqyxpvh id nolu satıcı 6bavdl8dik135r3iu118fe4zxti5 id nolu alıcıya 0.00000095 fiyatından 709.43057100 adet 1 id nolu coin karşılığında 128 id nolu coin sattı. Emir kapandı.
TRADE - 2020-12-30 19:17:42 --> (0.15122000 1609345062) trade işleminde  : 36490vrkmzbr48ic72e1zfqyxpvh id nolu alıcı 7b5zev6di3lrxnwd7de4zeb9cdxo id nolu satıcıdan 0.00000289 fiyatından 232.27247926 adet 1 id nolu coin karşılığında 38 id nolu coin satın aldı. Emir kapandı.
TRADE - 2020-12-30 22:31:27 --> (0.24803200 1609356687) trade işleminde  : 6bavdl8dik135r3iu118fe4zxti5 id nolu alıcı 6bavdl8dik135r3iu118fe4zxti5 id nolu satıcıdan 755.09000100 fiyatından 0.9834075 adet 9 id nolu coin karşılığında 6 id nolu coin satın aldı. Alıcı almak istediği miktarı aldı. Boş emir açıldı.
TRADE - 2020-12-30 23:53:07 --> (0.15502900 1609361587) trade işleminde  : 6bavdl8dik135r3iu118fe4zxti5 id nolu alıcı hzkkvjc842r2z37h6mfmez0ovbz0 id nolu satıcıdan 753.01000100 fiyatından 0.00113912 adet 9 id nolu coin karşılığında 6 id nolu coin satın aldı. Alıcı almak istediği miktarı aldı. Boş emir açıldı.
TRADE - 2020-12-30 23:55:09 --> (0.96473200 1609361709) trade işleminde  : 6bavdl8dik135r3iu118fe4zxti5 id nolu satıcı hzkkvjc842r2z37h6mfmez0ovbz0 id nolu alıcıya 127.87745765 fiyatından 0.01446983 adet 9 id nolu coin karşılığında 2 id nolu coin sattı. Emir kapandı.
