TRADE - 2021-01-15 00:02:26 --> (0.20083300 1610658146) trade işleminde  : puhyy2pu1wddqow7swofew4qpcnp id nolu alıcı puhyy2pu1wddqow7swofew4qpcnp id nolu satıcıdan 0.00002890 fiyatından 10000 adet 9 id nolu coin karşılığında 121 id nolu coin satın aldı. Alıcı almak istediği miktarı aldı. Boş emir açıldı.
TRADE - 2021-01-15 00:02:26 --> (0.84716800 1610658146) trade işleminde  : puhyy2pu1wddqow7swofew4qpcnp id nolu alıcı tpj8gcpyabuvl3cur9ug606uo0xe id nolu satıcıdan 0.00002890 fiyatından 10000.96057992 adet 9 id nolu coin karşılığında 121 id nolu coin almak istedi ama satıcının miktarı(0.96057992) yetmedi ve emir tekrar etti.
TRADE - 2021-01-15 00:09:40 --> (0.39619700 1610658580) trade işleminde  : puhyy2pu1wddqow7swofew4qpcnp id nolu alıcı 33fmwffc94kmstf292pfaz6qbqai id nolu satıcıdan 0.00009000 fiyatından 2906.00000000 adet 9 id nolu coin karşılığında 121 id nolu coin satın aldı. Emir kapandı.
TRADE - 2021-01-15 00:09:58 --> (0.58268600 1610658598) trade işleminde  : puhyy2pu1wddqow7swofew4qpcnp id nolu alıcı 33fmwffc94kmstf292pfaz6qbqai id nolu satıcıdan 0.00009000 fiyatından 2906.00000000 adet 9 id nolu coin karşılığında 121 id nolu coin satın aldı. Emir kapandı.
TRADE - 2021-01-15 00:10:16 --> (0.66478400 1610658616) trade işleminde  : puhyy2pu1wddqow7swofew4qpcnp id nolu alıcı 33fmwffc94kmstf292pfaz6qbqai id nolu satıcıdan 0.00009000 fiyatından 1200.00000000 adet 9 id nolu coin karşılığında 121 id nolu coin satın aldı. Emir kapandı.
TRADE - 2021-01-15 00:10:34 --> (0.43747600 1610658634) trade işleminde  : puhyy2pu1wddqow7swofew4qpcnp id nolu alıcı zlgxvsiggs0c6qkc3pzi9xvusiux id nolu satıcıdan 0.00014990 fiyatından 1200.00000000 adet 9 id nolu coin karşılığında 121 id nolu coin satın aldı. Emir kapandı.
TRADE - 2021-01-15 00:11:20 --> (0.84195400 1610658680) trade işleminde  : puhyy2pu1wddqow7swofew4qpcnp id nolu alıcı 33fmwffc94kmstf292pfaz6qbqai id nolu satıcıdan 0.00012000 fiyatından 1200.00000000 adet 9 id nolu coin karşılığında 121 id nolu coin satın aldı. Emir kapandı.
TRADE - 2021-01-15 00:12:01 --> (0.56666100 1610658721) trade işleminde  : puhyy2pu1wddqow7swofew4qpcnp id nolu alıcı 33fmwffc94kmstf292pfaz6qbqai id nolu satıcıdan 0.00012000 fiyatından 170345.35049346 adet 9 id nolu coin karşılığında 121 id nolu coin satın aldı. Alıcı almak istediği miktarı aldı. Boş emir açıldı.
TRADE - 2021-01-15 00:12:30 --> (0.04575700 1610658750) trade işleminde  : puhyy2pu1wddqow7swofew4qpcnp id nolu alıcı zlgxvsiggs0c6qkc3pzi9xvusiux id nolu satıcıdan 0.00014990 fiyatından 2906.00000000 adet 9 id nolu coin karşılığında 121 id nolu coin satın aldı. Emir kapandı.
TRADE - 2021-01-15 00:12:54 --> (0.68121500 1610658774) trade işleminde  : puhyy2pu1wddqow7swofew4qpcnp id nolu alıcı zlgxvsiggs0c6qkc3pzi9xvusiux id nolu satıcıdan 0.00014990 fiyatından 1200.00000000 adet 9 id nolu coin karşılığında 121 id nolu coin satın aldı. Emir kapandı.
TRADE - 2021-01-15 00:13:29 --> (0.13626700 1610658809) trade işleminde  : puhyy2pu1wddqow7swofew4qpcnp id nolu alıcı zlgxvsiggs0c6qkc3pzi9xvusiux id nolu satıcıdan 0.00014990 fiyatından 6925.12471000 adet 9 id nolu coin karşılığında 121 id nolu coin satın aldı. Emir kapandı.
TRADE - 2021-01-15 00:19:25 --> (0.21065200 1610659165) trade işleminde  : puhyy2pu1wddqow7swofew4qpcnp id nolu alıcı zlgxvsiggs0c6qkc3pzi9xvusiux id nolu satıcıdan 0.00014990 fiyatından 1087768.87529 adet 9 id nolu coin karşılığında 121 id nolu coin satın aldı. Alıcı almak istediği miktarı aldı. Boş emir açıldı.
TRADE - 2021-01-15 00:20:16 --> (0.20749400 1610659216) trade işleminde  : puhyy2pu1wddqow7swofew4qpcnp id nolu alıcı i39wfsjxultrzyt5hk9mx5t86d4c id nolu satıcıdan 0.00017999 fiyatından 67.62767473 adet 9 id nolu coin karşılığında 121 id nolu coin satın aldı. Emir kapandı.
TRADE - 2021-01-15 00:21:52 --> (0.56509900 1610659312) trade işleminde  : puhyy2pu1wddqow7swofew4qpcnp id nolu alıcı i39wfsjxultrzyt5hk9mx5t86d4c id nolu satıcıdan 0.00017999 fiyatından 23193.00000000 adet 9 id nolu coin karşılığında 121 id nolu coin satın aldı. Emir kapandı.
TRADE - 2021-01-15 00:24:07 --> (0.03374200 1610659447) trade işleminde  : puhyy2pu1wddqow7swofew4qpcnp id nolu alıcı i39wfsjxultrzyt5hk9mx5t86d4c id nolu satıcıdan 0.00017999 fiyatından 1200.00000000 adet 9 id nolu coin karşılığında 121 id nolu coin satın aldı. Emir kapandı.
TRADE - 2021-01-15 00:26:05 --> (0.25937800 1610659565) trade işleminde  : puhyy2pu1wddqow7swofew4qpcnp id nolu alıcı i39wfsjxultrzyt5hk9mx5t86d4c id nolu satıcıdan 0.00017999 fiyatından 1200.00000000 adet 9 id nolu coin karşılığında 121 id nolu coin satın aldı. Emir kapandı.
TRADE - 2021-01-15 00:26:23 --> (0.71579900 1610659583) trade işleminde  : puhyy2pu1wddqow7swofew4qpcnp id nolu alıcı i39wfsjxultrzyt5hk9mx5t86d4c id nolu satıcıdan 0.00017999 fiyatından 1200.00000000 adet 9 id nolu coin karşılığında 121 id nolu coin satın aldı. Emir kapandı.
TRADE - 2021-01-15 00:28:45 --> (0.40945800 1610659725) trade işleminde  : 6bavdl8dik135r3iu118fe4zxti5 id nolu satıcı n7fo2uy0w8j9pxh9vkh5cii1fotr id nolu alıcıya 147.93897040 fiyatından 0.00834938 adet 9 id nolu coin karşılığında 2 id nolu coin sattı. Emir kapandı.
TRADE - 2021-01-15 00:48:04 --> (0.28895100 1610660884) trade işleminde  : puhyy2pu1wddqow7swofew4qpcnp id nolu alıcı 6bavdl8dik135r3iu118fe4zxti5 id nolu satıcıdan 1181.89000100 fiyatından 0.07682177 adet 9 id nolu coin karşılığında 6 id nolu coin satın aldı. Emir kapandı.
TRADE - 2021-01-15 03:39:30 --> (0.69757700 1610671170) trade işleminde  : 6bavdl8dik135r3iu118fe4zxti5 id nolu alıcı n7fo2uy0w8j9pxh9vkh5cii1fotr id nolu satıcıdan 154.24704273 fiyatından 0.00834938 adet 9 id nolu coin karşılığında 2 id nolu coin satın aldı. Alıcı almak istediği miktarı aldı. Boş emir açıldı.
TRADE - 2021-01-15 04:19:50 --> (0.96131100 1610673590) trade işleminde  : zlgxvsiggs0c6qkc3pzi9xvusiux id nolu alıcı 6bavdl8dik135r3iu118fe4zxti5 id nolu satıcıdan 0.00962850 fiyatından 12792.62786158 adet 9 id nolu coin karşılığında 3 id nolu coin satın aldı. Emir kapandı.
TRADE - 2021-01-15 06:23:00 --> (0.81752300 1610680980) trade işleminde  : 6bavdl8dik135r3iu118fe4zxti5 id nolu satıcı n7fo2uy0w8j9pxh9vkh5cii1fotr id nolu alıcıya 150.97339578 fiyatından 0.00849638 adet 9 id nolu coin karşılığında 2 id nolu coin sattı. Emir kapandı.
TRADE - 2021-01-15 06:49:20 --> (0.61906100 1610682560) trade işleminde  : hzon720zk2cdr3dyllb8pr4yhpae id nolu alıcı 6bavdl8dik135r3iu118fe4zxti5 id nolu satıcıdan 1210.84000100 fiyatından 0.00359880 adet 9 id nolu coin karşılığında 6 id nolu coin satın aldı. Emir kapandı.
TRADE - 2021-01-15 06:50:10 --> (0.98507600 1610682610) trade işleminde  : hzon720zk2cdr3dyllb8pr4yhpae id nolu alıcı 5oug6wjw21ln5fg4ku0udtdau833 id nolu satıcıdan 0.00000001 fiyatından 359161.67664671 adet 6 id nolu coin karşılığında 121 id nolu coin satın aldı. Emir kapandı.
TRADE - 2021-01-15 07:46:30 --> (0.86843500 1610685990) trade işleminde  : 4g7omf2b8xj4mvlspt798po7sjh1 id nolu alıcı 6bavdl8dik135r3iu118fe4zxti5 id nolu satıcıdan 0.01237972 fiyatından 123.27439259 adet 9 id nolu coin karşılığında 17 id nolu coin satın aldı. Emir kapandı.
TRADE - 2021-01-15 08:08:48 --> (0.98485000 1610687328) trade işleminde  : 4g7omf2b8xj4mvlspt798po7sjh1 id nolu alıcı 6bavdl8dik135r3iu118fe4zxti5 id nolu satıcıdan 0.00000033 fiyatından 339.23062965 adet 1 id nolu coin karşılığında 17 id nolu coin satın aldı. Emir kapandı.
TRADE - 2021-01-15 08:09:02 --> (0.93694000 1610687342) trade işleminde  : 4g7omf2b8xj4mvlspt798po7sjh1 id nolu satıcı 6bavdl8dik135r3iu118fe4zxti5 id nolu alıcıya 0.00000032 fiyatından 462.50502224 adet 1 id nolu coin karşılığında 17 id nolu coin sattı. Emir kapandı.
TRADE - 2021-01-15 08:18:38 --> (0.45446600 1610687918) trade işleminde  : 4g7omf2b8xj4mvlspt798po7sjh1 id nolu alıcı 6bavdl8dik135r3iu118fe4zxti5 id nolu satıcıdan 0.00000025 fiyatından 589.66067864 adet 1 id nolu coin karşılığında 3 id nolu coin satın aldı. Emir kapandı.
TRADE - 2021-01-15 09:53:39 --> (0.50972800 1610693619) trade işleminde  : 6bavdl8dik135r3iu118fe4zxti5 id nolu alıcı l00ayvfir68xdpxfnizwkoenp6w2 id nolu satıcıdan 0.00000018 fiyatından 1000 adet 1 id nolu coin karşılığında 161 id nolu coin satın aldı. Alıcı almak istediği miktarı aldı. Boş emir açıldı.
TRADE - 2021-01-15 13:42:27 --> (0.94644900 1610707347) trade işleminde  : hzon720zk2cdr3dyllb8pr4yhpae id nolu satıcı hzon720zk2cdr3dyllb8pr4yhpae id nolu alıcıya 0.00020000 fiyatından 496.58747504999 adet 9 id nolu coin karşılığında 141 id nolu coin sattı. Alıcının miktarı yetmedi ve eşleşen bir fiyat olmadığı için 128189.50399912 adet satış emri açıldı.
TRADE - 2021-01-15 13:42:28 --> (0.27711800 1610707348) trade işleminde  : hzon720zk2cdr3dyllb8pr4yhpae id nolu satıcı hzon720zk2cdr3dyllb8pr4yhpae id nolu alıcıya 0.00020001 fiyatından 129163.22904444 adet 9 id nolu coin karşılığında 141 id nolu coini satmak istedi ama alıcının miktarı(477.13757027) yetmedi ve emir tekrar etti.
TRADE - 2021-01-15 13:42:28 --> (0.69789100 1610707348) trade işleminde  : hzon720zk2cdr3dyllb8pr4yhpae id nolu satıcı hzon720zk2cdr3dyllb8pr4yhpae id nolu alıcıya 0.00021000 fiyatından 129657.96105661 adet 9 id nolu coin karşılığında 141 id nolu coini satmak istedi ama alıcının miktarı(494.73201217) yetmedi ve emir tekrar etti.
TRADE - 2021-01-15 13:42:29 --> (0.02905800 1610707349) trade işleminde  : hzon720zk2cdr3dyllb8pr4yhpae id nolu satıcı hzon720zk2cdr3dyllb8pr4yhpae id nolu alıcıya 0.00021500 fiyatından 129997.91881551 adet 9 id nolu coin karşılığında 141 id nolu coini satmak istedi ama alıcının miktarı(339.9577589) yetmedi ve emir tekrar etti.
TRADE - 2021-01-15 13:42:29 --> (0.31926700 1610707349) trade işleminde  : hzon720zk2cdr3dyllb8pr4yhpae id nolu satıcı hzon720zk2cdr3dyllb8pr4yhpae id nolu alıcıya 0.00022000 fiyatından 130405.51984073 adet 9 id nolu coin karşılığında 141 id nolu coini satmak istedi ama alıcının miktarı(407.60102522) yetmedi ve emir tekrar etti.
TRADE - 2021-01-15 13:42:29 --> (0.61876300 1610707349) trade işleminde  : hzon720zk2cdr3dyllb8pr4yhpae id nolu satıcı hzon720zk2cdr3dyllb8pr4yhpae id nolu alıcıya 0.00022843 fiyatından 130928.9317133 adet 9 id nolu coin karşılığında 141 id nolu coini satmak istedi ama alıcının miktarı(523.41187257) yetmedi ve emir tekrar etti.
TRADE - 2021-01-15 13:42:29 --> (0.98356100 1610707349) trade işleminde  : hzon720zk2cdr3dyllb8pr4yhpae id nolu satıcı hzon720zk2cdr3dyllb8pr4yhpae id nolu alıcıya 0.00023000 fiyatından 131362.84649244 adet 9 id nolu coin karşılığında 141 id nolu coini satmak istedi ama alıcının miktarı(433.91477914) yetmedi ve emir tekrar etti.
TRADE - 2021-01-15 13:42:30 --> (0.40288300 1610707350) trade işleminde  : hzon720zk2cdr3dyllb8pr4yhpae id nolu satıcı hzon720zk2cdr3dyllb8pr4yhpae id nolu alıcıya 0.00023747 fiyatından 131666.49947199 adet 9 id nolu coin karşılığında 141 id nolu coini satmak istedi ama alıcının miktarı(303.65297955) yetmedi ve emir tekrar etti.
TRADE - 2021-01-15 13:42:30 --> (0.67239100 1610707350) trade işleminde  : hzon720zk2cdr3dyllb8pr4yhpae id nolu satıcı hzon720zk2cdr3dyllb8pr4yhpae id nolu alıcıya 0.00024678 fiyatından 132343.43670701 adet 9 id nolu coin karşılığında 141 id nolu coini satmak istedi ama alıcının miktarı(676.93723502) yetmedi ve emir tekrar etti.
TRADE - 2021-01-15 13:42:31 --> (0.25099200 1610707351) trade işleminde  : hzon720zk2cdr3dyllb8pr4yhpae id nolu satıcı hzon720zk2cdr3dyllb8pr4yhpae id nolu alıcıya 0.00025000 fiyatından 132768.66265511 adet 9 id nolu coin karşılığında 141 id nolu coini satmak istedi ama alıcının miktarı(425.2259481) yetmedi ve emir tekrar etti.
TRADE - 2021-01-15 13:42:32 --> (0.07585600 1610707352) trade işleminde  : hzon720zk2cdr3dyllb8pr4yhpae id nolu satıcı hzon720zk2cdr3dyllb8pr4yhpae id nolu alıcıya 0.00026744 fiyatından 133425.9546371 adet 9 id nolu coin karşılığında 141 id nolu coini satmak istedi ama alıcının miktarı(657.29198199) yetmedi ve emir tekrar etti.
TRADE - 2021-01-15 13:42:32 --> (0.76353200 1610707352) trade işleminde  : hzon720zk2cdr3dyllb8pr4yhpae id nolu satıcı hzon720zk2cdr3dyllb8pr4yhpae id nolu alıcıya 0.00027000 fiyatından 133646.99119362 adet 9 id nolu coin karşılığında 141 id nolu coini satmak istedi ama alıcının miktarı(221.03655652) yetmedi ve emir tekrar etti.
TRADE - 2021-01-15 13:42:33 --> (0.28037700 1610707353) trade işleminde  : hzon720zk2cdr3dyllb8pr4yhpae id nolu satıcı hzon720zk2cdr3dyllb8pr4yhpae id nolu alıcıya 0.00027843 fiyatından 134210.79104427 adet 9 id nolu coin karşılığında 141 id nolu coini satmak istedi ama alıcının miktarı(563.79985065) yetmedi ve emir tekrar etti.
TRADE - 2021-01-15 13:42:33 --> (0.67101900 1610707353) trade işleminde  : hzon720zk2cdr3dyllb8pr4yhpae id nolu satıcı hzon720zk2cdr3dyllb8pr4yhpae id nolu alıcıya 0.00028564 fiyatından 134987.66063515 adet 9 id nolu coin karşılığında 141 id nolu coini satmak istedi ama alıcının miktarı(776.86959088) yetmedi ve emir tekrar etti.
TRADE - 2021-01-15 13:42:33 --> (0.95499700 1610707353) trade işleminde  : hzon720zk2cdr3dyllb8pr4yhpae id nolu satıcı hzon720zk2cdr3dyllb8pr4yhpae id nolu alıcıya 0.00029500 fiyatından 135495.25385549 adet 9 id nolu coin karşılığında 141 id nolu coini satmak istedi ama alıcının miktarı(507.59322034) yetmedi ve emir tekrar etti.
TRADE - 2021-01-15 13:44:11 --> (0.89636300 1610707451) trade işleminde  : hzon720zk2cdr3dyllb8pr4yhpae id nolu alıcı 6bavdl8dik135r3iu118fe4zxti5 id nolu satıcıdan 1228.66000100 fiyatından 0.00175020 adet 9 id nolu coin karşılığında 6 id nolu coin satın aldı. Emir kapandı.
TRADE - 2021-01-15 13:44:30 --> (0.85111800 1610707470) trade işleminde  : hzon720zk2cdr3dyllb8pr4yhpae id nolu alıcı 5oug6wjw21ln5fg4ku0udtdau833 id nolu satıcıdan 0.00000001 fiyatından 174670.65868263 adet 6 id nolu coin karşılığında 121 id nolu coin satın aldı. Emir kapandı.
TRADE - 2021-01-15 14:21:53 --> (0.88908000 1610709713) trade işleminde  : t8fnj3e0vksdzxxgzj0r4gdabjfv id nolu alıcı 6bavdl8dik135r3iu118fe4zxti5 id nolu satıcıdan 38253.27000000 fiyatından 0.00829642 adet 9 id nolu coin karşılığında 1 id nolu coin satın aldı. Emir kapandı.
TRADE - 2021-01-15 14:22:18 --> (0.99377900 1610709738) trade işleminde  : t8fnj3e0vksdzxxgzj0r4gdabjfv id nolu alıcı 66ui65o5qehab72oirgf34x14qf9 id nolu satıcıdan 0.00000289 fiyatından 2847.1247167 adet 1 id nolu coin karşılığında 38 id nolu coin satın aldı. Satıcının miktarı yetmedi ve eşleşen bir fiyat olmadığı için 17.8788402 adet alış emri açıldı.
TRADE - 2021-01-15 18:16:28 --> (0.88888300 1610723788) trade işleminde  : 0jzvm8vms1bpb879c9a1434glsua id nolu satıcı 6bavdl8dik135r3iu118fe4zxti5 id nolu alıcıya 0.00000543 fiyatından 4547.456 adet 1 id nolu coin karşılığında 74 id nolu coin sattı. Emir kapandı.
TRADE - 2021-01-15 18:16:29 --> (0.31557700 1610723789) trade işleminde  : 0jzvm8vms1bpb879c9a1434glsua id nolu satıcı 6bavdl8dik135r3iu118fe4zxti5 id nolu alıcıya 0.00000544 fiyatından 4619.456 adet 1 id nolu coin karşılığında 74 id nolu coini satmak istedi ama alıcının miktarı(72) yetmedi ve emir tekrar etti.
TRADE - 2021-01-15 18:16:29 --> (0.74140900 1610723789) trade işleminde  : 0jzvm8vms1bpb879c9a1434glsua id nolu satıcı 6bavdl8dik135r3iu118fe4zxti5 id nolu alıcıya 0.00000545 fiyatından 7790.456 adet 1 id nolu coin karşılığında 74 id nolu coini satmak istedi ama alıcının miktarı(3171) yetmedi ve emir tekrar etti.
TRADE - 2021-01-15 18:16:30 --> (0.52901200 1610723790) trade işleminde  : 0jzvm8vms1bpb879c9a1434glsua id nolu satıcı 6bavdl8dik135r3iu118fe4zxti5 id nolu alıcıya 0.00000546 fiyatından 7927.95600000 adet 1 id nolu coin karşılığında 74 id nolu coini satmak istedi ama alıcının miktarı(137.5) yetmedi ve emir tekrar etti.
TRADE - 2021-01-15 18:17:17 --> (0.54846900 1610723837) trade işleminde  : 0jzvm8vms1bpb879c9a1434glsua id nolu satıcı 6bavdl8dik135r3iu118fe4zxti5 id nolu alıcıya 36607.19000000 fiyatından 0.04303084 adet 9 id nolu coin karşılığında 1 id nolu coin sattı. Emir kapandı.
TRADE - 2021-01-15 18:19:11 --> (0.95852900 1610723951) trade işleminde  : dsrh626xxrv1xglvn4kmp8soyf6x id nolu satıcı 6bavdl8dik135r3iu118fe4zxti5 id nolu alıcıya 0.00912860 fiyatından 0.20983828 adet 9 id nolu coin karşılığında 3 id nolu coin sattı. Emir kapandı.
TRADE - 2021-01-15 18:22:16 --> (0.46358000 1610724136) trade işleminde  : dsrh626xxrv1xglvn4kmp8soyf6x id nolu satıcı 6bavdl8dik135r3iu118fe4zxti5 id nolu alıcıya 0.02991000 fiyatından 0.00850000 adet 9 id nolu coin karşılığında 128 id nolu coin sattı. Emir kapandı.
TRADE - 2021-01-15 18:22:43 --> (0.34430000 1610724163) trade işleminde  : 0jzvm8vms1bpb879c9a1434glsua id nolu alıcı 6bavdl8dik135r3iu118fe4zxti5 id nolu satıcıdan 1180.74000100 fiyatından 0.02000000 adet 9 id nolu coin karşılığında 6 id nolu coin satın aldı. Emir kapandı.
TRADE - 2021-01-15 18:54:37 --> (0.17994200 1610726077) trade işleminde  : dsrh626xxrv1xglvn4kmp8soyf6x id nolu alıcı 6bavdl8dik135r3iu118fe4zxti5 id nolu satıcıdan 0.27384000 fiyatından 0.14455839 adet 9 id nolu coin karşılığında 7 id nolu coin satın aldı. Emir kapandı.
TRADE - 2021-01-15 21:27:55 --> (0.47956200 1610735275) trade işleminde  : 6bavdl8dik135r3iu118fe4zxti5 id nolu alıcı l00ayvfir68xdpxfnizwkoenp6w2 id nolu satıcıdan 0.00000019 fiyatından 1000 adet 1 id nolu coin karşılığında 161 id nolu coin satın aldı. Alıcı almak istediği miktarı aldı. Boş emir açıldı.
TRADE - 2021-01-15 21:32:25 --> (0.11821400 1610735545) trade işleminde  : dsrh626xxrv1xglvn4kmp8soyf6x id nolu alıcı jfghf63o7th336grfsf91wm6rfsb id nolu satıcıdan 0.02405000 fiyatından 0.01094142 adet 9 id nolu coin karşılığında 14 id nolu coin satın aldı. Emir kapandı.
TRADE - 2021-01-15 21:45:19 --> (0.53711600 1610736319) trade işleminde  : rja7bo3li6v2c18jvav4iiga145j id nolu satıcı 270bkifjjllri9jwellc2kthl2yj id nolu alıcıya 0.00005008 fiyatından 41.00000000 adet 9 id nolu coin karşılığında 55 id nolu coin sattı. Emir kapandı.
