TRADE - 2020-12-24 01:12:43 --> (0.62799100 1608761563) trade işleminde  : ulwjwdkya66dbja0mvnoaxsam7mq id nolu satıcı zzpi65mxt47i162xbq9wt03r9ua4 id nolu alıcıya 0.00000205 fiyatından 276753.23336626 adet 9 id nolu coin karşılığında 54 id nolu coin sattı. Emir kapandı.
TRADE - 2020-12-24 01:12:43 --> (0.88922500 1608761563) trade işleminde  : ulwjwdkya66dbja0mvnoaxsam7mq id nolu satıcı y6drf4zmihsc0ljibcz2rc4i9owm id nolu alıcıya 0.00000210 fiyatından 371801.23260588 adet 9 id nolu coin karşılığında 54 id nolu coini satmak istedi ama alıcının miktarı(95047.99923962) yetmedi ve emir tekrar etti.
TRADE - 2020-12-24 01:12:44 --> (0.20206200 1608761564) trade işleminde  : ulwjwdkya66dbja0mvnoaxsam7mq id nolu satıcı b9rg9bonvwn0kejc828gjpowdlzh id nolu alıcıya 0.00000211 fiyatından 419100.00000000 adet 9 id nolu coin karşılığında 54 id nolu coini satmak istedi ama alıcının miktarı(47298.76739412) yetmedi ve emir tekrar etti.
TRADE - 2020-12-24 01:13:14 --> (0.51150700 1608761594) trade işleminde  : 6bavdl8dik135r3iu118fe4zxti5 id nolu satıcı 6bavdl8dik135r3iu118fe4zxti5 id nolu alıcıya 0.25018000 fiyatından 1146.36 adet 9 id nolu coin karşılığında 7 id nolu coin sattı. Emir kapandı.
TRADE - 2020-12-24 01:13:56 --> (0.69273400 1608761636) trade işleminde  : 6bavdl8dik135r3iu118fe4zxti5 id nolu satıcı 6bbq54ba8sr8tcye3snud33lkn9a id nolu alıcıya 0.25000000 fiyatından 4.19965792 adet 9 id nolu coin karşılığında 7 id nolu coin sattı. Emir kapandı.
TRADE - 2020-12-24 01:18:48 --> (0.00675000 1608761928) trade işleminde  : 6bavdl8dik135r3iu118fe4zxti5 id nolu satıcı zyurh7co5e95so9kemdume24jyz9 id nolu alıcıya 0.00000111 fiyatından 1646.54474834 adet 1 id nolu coin karşılığında 128 id nolu coin sattı. Emir kapandı.
TRADE - 2020-12-24 07:16:14 --> (0.86544300 1608783374) trade işleminde  : de106q7go2xawwuz1rlfss0fofx9 id nolu alıcı 6bavdl8dik135r3iu118fe4zxti5 id nolu satıcıdan 0.00378800 fiyatından 0.62911400 adet 9 id nolu coin karşılığında 3 id nolu coin satın aldı. Emir kapandı.
TRADE - 2020-12-24 07:16:28 --> (0.39648000 1608783388) trade işleminde  : de106q7go2xawwuz1rlfss0fofx9 id nolu satıcı 6bavdl8dik135r3iu118fe4zxti5 id nolu alıcıya 0.00378530 fiyatından 0.63411400 adet 9 id nolu coin karşılığında 3 id nolu coin sattı. Emir kapandı.
TRADE - 2020-12-24 07:17:45 --> (0.33563400 1608783465) trade işleminde  : de106q7go2xawwuz1rlfss0fofx9 id nolu alıcı 6bavdl8dik135r3iu118fe4zxti5 id nolu satıcıdan 0.00609997 fiyatından 0.39192464 adet 9 id nolu coin karşılığında 17 id nolu coin satın aldı. Emir kapandı.
TRADE - 2020-12-24 07:17:52 --> (0.43860500 1608783472) trade işleminde  : de106q7go2xawwuz1rlfss0fofx9 id nolu satıcı 6bavdl8dik135r3iu118fe4zxti5 id nolu alıcıya 0.00596985 fiyatından 0.39202464 adet 9 id nolu coin karşılığında 17 id nolu coin sattı. Emir kapandı.
TRADE - 2020-12-24 07:26:19 --> (0.56078300 1608783979) trade işleminde  : de106q7go2xawwuz1rlfss0fofx9 id nolu alıcı 6bavdl8dik135r3iu118fe4zxti5 id nolu satıcıdan 0.00377390 fiyatından 0.61766025 adet 9 id nolu coin karşılığında 3 id nolu coin satın aldı. Emir kapandı.
TRADE - 2020-12-24 07:27:24 --> (0.72178500 1608784044) trade işleminde  : de106q7go2xawwuz1rlfss0fofx9 id nolu satıcı 6bavdl8dik135r3iu118fe4zxti5 id nolu alıcıya 0.00377100 fiyatından 0.61766025 adet 9 id nolu coin karşılığında 3 id nolu coin sattı. Emir kapandı.
TRADE - 2020-12-24 07:27:53 --> (0.30023100 1608784073) trade işleminde  : de106q7go2xawwuz1rlfss0fofx9 id nolu alıcı 6bavdl8dik135r3iu118fe4zxti5 id nolu satıcıdan 0.26945000 fiyatından 0.00860976 adet 9 id nolu coin karşılığında 7 id nolu coin satın aldı. Emir kapandı.
TRADE - 2020-12-24 07:28:42 --> (0.64304700 1608784122) trade işleminde  : de106q7go2xawwuz1rlfss0fofx9 id nolu satıcı 6bavdl8dik135r3iu118fe4zxti5 id nolu alıcıya 0.26912000 fiyatından 0.00860976 adet 9 id nolu coin karşılığında 7 id nolu coin sattı. Emir kapandı.
TRADE - 2020-12-24 07:28:59 --> (0.38179200 1608784139) trade işleminde  : de106q7go2xawwuz1rlfss0fofx9 id nolu alıcı 6bavdl8dik135r3iu118fe4zxti5 id nolu satıcıdan 0.00606766 fiyatından 0.38034504 adet 9 id nolu coin karşılığında 17 id nolu coin satın aldı. Emir kapandı.
TRADE - 2020-12-24 07:29:49 --> (0.28655800 1608784189) trade işleminde  : de106q7go2xawwuz1rlfss0fofx9 id nolu satıcı 6bavdl8dik135r3iu118fe4zxti5 id nolu alıcıya 0.00596057 fiyatından 0.38034504 adet 9 id nolu coin karşılığında 17 id nolu coin sattı. Emir kapandı.
TRADE - 2020-12-24 09:45:10 --> (0.55871400 1608792310) trade işleminde  : hzon720zk2cdr3dyllb8pr4yhpae id nolu alıcı 6bavdl8dik135r3iu118fe4zxti5 id nolu satıcıdan 0.00381130 fiyatından 1796.40121607 adet 9 id nolu coin karşılığında 3 id nolu coin satın aldı. Emir kapandı.
TRADE - 2020-12-24 11:18:48 --> (0.06844000 1608797928) trade işleminde  : hzon720zk2cdr3dyllb8pr4yhpae id nolu alıcı ezipojqyku8sn3jwmqlzym7mfmky id nolu satıcıdan 0.00125000 fiyatından 100 adet 9 id nolu coin karşılığında 161 id nolu coin satın aldı. Satıcının miktarı yetmedi ve eşleşen bir fiyat olmadığı için 12318.37337126 adet alış emri açıldı.
TRADE - 2020-12-24 11:20:43 --> (0.13512000 1608798043) trade işleminde  : hzon720zk2cdr3dyllb8pr4yhpae id nolu alıcı 6bavdl8dik135r3iu118fe4zxti5 id nolu satıcıdan 0.00394810 fiyatından 1302.67020479 adet 9 id nolu coin karşılığında 3 id nolu coin satın aldı. Emir kapandı.
TRADE - 2020-12-24 11:44:22 --> (0.50582400 1608799462) trade işleminde  : 5e84yodfgg3d7fbeh8o79cmju8h1 id nolu satıcı 6bavdl8dik135r3iu118fe4zxti5 id nolu alıcıya 0.00392080 fiyatından 7370.03432260 adet 9 id nolu coin karşılığında 3 id nolu coin sattı. Emir kapandı.
TRADE - 2020-12-24 11:48:07 --> (0.41127100 1608799687) trade işleminde  : 5e84yodfgg3d7fbeh8o79cmju8h1 id nolu alıcı 6bavdl8dik135r3iu118fe4zxti5 id nolu satıcıdan 23285.51000000 fiyatından 0.00123620 adet 9 id nolu coin karşılığında 1 id nolu coin satın aldı. Emir kapandı.
TRADE - 2020-12-24 11:49:01 --> (0.68989300 1608799741) trade işleminde  : 5e84yodfgg3d7fbeh8o79cmju8h1 id nolu alıcı 6bavdl8dik135r3iu118fe4zxti5 id nolu satıcıdan 0.00001134 fiyatından 107.93897769 adet 1 id nolu coin karşılığında 7 id nolu coin satın aldı. Emir kapandı.
TRADE - 2020-12-24 13:42:29 --> (0.28045600 1608806549) trade işleminde  : ezipojqyku8sn3jwmqlzym7mfmky id nolu satıcı hzon720zk2cdr3dyllb8pr4yhpae id nolu alıcıya 0.00125001 fiyatından 412.50000000 adet 9 id nolu coin karşılığında 161 id nolu coin sattı. Emir kapandı.
TRADE - 2020-12-24 17:47:08 --> (0.60650800 1608821228) trade işleminde  : bs4kye1w7bswcixip2zj3gywaqll id nolu satıcı 6bavdl8dik135r3iu118fe4zxti5 id nolu alıcıya 0.00461200 fiyatından 0.50499735 adet 1 id nolu coin karşılığında 2 id nolu coin sattı. Emir kapandı.
TRADE - 2020-12-24 18:02:54 --> (0.10702700 1608822174) trade işleminde  : bs4kye1w7bswcixip2zj3gywaqll id nolu alıcı 6bavdl8dik135r3iu118fe4zxti5 id nolu satıcıdan 0.02543000 fiyatından 0.02000000 adet 1 id nolu coin karşılığında 6 id nolu coin satın aldı. Emir kapandı.
TRADE - 2020-12-24 19:06:16 --> (0.12829200 1608825976) trade işleminde  : bs4kye1w7bswcixip2zj3gywaqll id nolu satıcı 6bavdl8dik135r3iu118fe4zxti5 id nolu alıcıya 0.02543300 fiyatından 0.02000000 adet 1 id nolu coin karşılığında 6 id nolu coin sattı. Emir kapandı.
TRADE - 2020-12-24 19:42:02 --> (0.01002300 1608828122) trade işleminde  : bs4kye1w7bswcixip2zj3gywaqll id nolu alıcı 6bavdl8dik135r3iu118fe4zxti5 id nolu satıcıdan 0.00000018 fiyatından 12876.52472832 adet 1 id nolu coin karşılığında 3 id nolu coin satın aldı. Emir kapandı.
TRADE - 2020-12-24 21:20:10 --> (0.45798200 1608834010) trade işleminde  : no2dnuhutckbktnejjdkkitdgw2n id nolu alıcı 3p5816hym8x0z1sklpax6bm8dpcs id nolu satıcıdan 0.00002999 fiyatından 24.89186349 adet 6 id nolu coin karşılığında 152 id nolu coin satın aldı. Emir kapandı.
TRADE - 2020-12-24 21:45:55 --> (0.97027500 1608835555) trade işleminde  : no2dnuhutckbktnejjdkkitdgw2n id nolu alıcı 3p5816hym8x0z1sklpax6bm8dpcs id nolu satıcıdan 0.00002999 fiyatından 465.10813651 adet 6 id nolu coin karşılığında 152 id nolu coin satın aldı. Satıcının miktarı yetmedi ve eşleşen bir fiyat olmadığı için 217.72892361 adet alış emri açıldı.
TRADE - 2020-12-24 21:50:02 --> (0.05735000 1608835802) trade işleminde  : no2dnuhutckbktnejjdkkitdgw2n id nolu alıcı fj44e71pzte52i5igwc2u137qyx7 id nolu satıcıdan 0.00003580 fiyatından 98.45636277 adet 6 id nolu coin karşılığında 152 id nolu coin satın aldı. Emir kapandı.
TRADE - 2020-12-24 21:52:29 --> (0.63893200 1608835949) trade işleminde  : no2dnuhutckbktnejjdkkitdgw2n id nolu alıcı no2dnuhutckbktnejjdkkitdgw2n id nolu satıcıdan 0.00003579 fiyatından 100.00003579 adet 6 id nolu coin karşılığında 152 id nolu coin satın aldı. Satıcının miktarı yetmedi ve eşleşen bir fiyat olmadığı için 304.51316469 adet alış emri açıldı.
TRADE - 2020-12-24 21:53:25 --> (0.76214100 1608836005) trade işleminde  : no2dnuhutckbktnejjdkkitdgw2n id nolu satıcı no2dnuhutckbktnejjdkkitdgw2n id nolu alıcıya 0.00003579 fiyatından 304.51316469 adet 6 id nolu coin karşılığında 152 id nolu coin sattı. Emir kapandı.
TRADE - 2020-12-24 22:01:47 --> (0.92356400 1608836507) trade işleminde  : no2dnuhutckbktnejjdkkitdgw2n id nolu alıcı no2dnuhutckbktnejjdkkitdgw2n id nolu satıcıdan 0.00003578 fiyatından 244.51320048 adet 6 id nolu coin karşılığında 152 id nolu coin satın aldı. Alıcı almak istediği miktarı aldı. Boş emir açıldı.
TRADE - 2020-12-24 22:02:37 --> (0.20580600 1608836557) trade işleminde  : no2dnuhutckbktnejjdkkitdgw2n id nolu alıcı no2dnuhutckbktnejjdkkitdgw2n id nolu satıcıdan 0.00003579 fiyatından 344.51320048 adet 6 id nolu coin karşılığında 152 id nolu coin satın aldı. Satıcının miktarı yetmedi ve eşleşen bir fiyat olmadığı için 0.48752340999999 adet alış emri açıldı.
TRADE - 2020-12-24 22:02:37 --> (0.38994900 1608836557) trade işleminde  : no2dnuhutckbktnejjdkkitdgw2n id nolu alıcı no2dnuhutckbktnejjdkkitdgw2n id nolu satıcıdan 0.00003579 fiyatından 489.51392437 adet 6 id nolu coin karşılığında 152 id nolu coin almak istedi ama satıcının miktarı(144.51320048) yetmedi ve emir tekrar etti.
TRADE - 2020-12-24 22:08:50 --> (0.45571300 1608836930) trade işleminde  : no2dnuhutckbktnejjdkkitdgw2n id nolu satıcı no2dnuhutckbktnejjdkkitdgw2n id nolu alıcıya 0.00003579 fiyatından 0.48752340999999 adet 6 id nolu coin karşılığında 152 id nolu coin sattı. Alıcının miktarı yetmedi ve eşleşen bir fiyat olmadığı için 1000.35449059 adet satış emri açıldı.
TRADE - 2020-12-24 22:11:28 --> (0.11229000 1608837088) trade işleminde  : no2dnuhutckbktnejjdkkitdgw2n id nolu alıcı no2dnuhutckbktnejjdkkitdgw2n id nolu satıcıdan 0.00003578 fiyatından 216.45041387 adet 6 id nolu coin karşılığında 152 id nolu coin satın aldı. Emir kapandı.
TRADE - 2020-12-24 22:12:03 --> (0.25483200 1608837123) trade işleminde  : no2dnuhutckbktnejjdkkitdgw2n id nolu alıcı no2dnuhutckbktnejjdkkitdgw2n id nolu satıcıdan 0.00003578 fiyatından 216.23445395 adet 6 id nolu coin karşılığında 152 id nolu coin satın aldı. Emir kapandı.
TRADE - 2020-12-24 22:18:05 --> (0.08290800 1608837485) trade işleminde  : no2dnuhutckbktnejjdkkitdgw2n id nolu alıcı 3p5816hym8x0z1sklpax6bm8dpcs id nolu satıcıdan 0.00003577 fiyatından 432.15818852 adet 6 id nolu coin karşılığında 152 id nolu coin satın aldı. Emir kapandı.
TRADE - 2020-12-24 22:19:18 --> (0.19900000 1608837558) trade işleminde  : no2dnuhutckbktnejjdkkitdgw2n id nolu alıcı 3p5816hym8x0z1sklpax6bm8dpcs id nolu satıcıdan 0.00003577 fiyatından 216.07902451 adet 6 id nolu coin karşılığında 152 id nolu coin satın aldı. Emir kapandı.
TRADE - 2020-12-24 22:19:59 --> (0.00533000 1608837599) trade işleminde  : no2dnuhutckbktnejjdkkitdgw2n id nolu alıcı 3p5816hym8x0z1sklpax6bm8dpcs id nolu satıcıdan 0.00003577 fiyatından 216.07902451 adet 6 id nolu coin karşılığında 152 id nolu coin satın aldı. Emir kapandı.
TRADE - 2020-12-24 22:20:55 --> (0.06039500 1608837655) trade işleminde  : 3p5816hym8x0z1sklpax6bm8dpcs id nolu alıcı 3p5816hym8x0z1sklpax6bm8dpcs id nolu satıcıdan 0.00003577 fiyatından 135.68376246 adet 6 id nolu coin karşılığında 152 id nolu coin satın aldı. Alıcı almak istediği miktarı aldı. Boş emir açıldı.
TRADE - 2020-12-24 22:21:27 --> (0.56496100 1608837687) trade işleminde  : 3p5816hym8x0z1sklpax6bm8dpcs id nolu alıcı no2dnuhutckbktnejjdkkitdgw2n id nolu satıcıdan 0.00003578 fiyatından 135.68376246 adet 6 id nolu coin karşılığında 152 id nolu coin satın aldı. Emir kapandı.
TRADE - 2020-12-24 22:22:45 --> (0.11703500 1608837765) trade işleminde  : 3p5816hym8x0z1sklpax6bm8dpcs id nolu alıcı no2dnuhutckbktnejjdkkitdgw2n id nolu satıcıdan 0.00003578 fiyatından 360.79838646 adet 6 id nolu coin karşılığında 152 id nolu coin satın aldı. Emir kapandı.
TRADE - 2020-12-24 22:23:46 --> (0.03475100 1608837826) trade işleminde  : 3p5816hym8x0z1sklpax6bm8dpcs id nolu alıcı no2dnuhutckbktnejjdkkitdgw2n id nolu satıcıdan 0.00003578 fiyatından 71.67499726 adet 6 id nolu coin karşılığında 152 id nolu coin satın aldı. Alıcı almak istediği miktarı aldı. Boş emir açıldı.
TRADE - 2020-12-24 22:24:56 --> (0.19886500 1608837896) trade işleminde  : 3p5816hym8x0z1sklpax6bm8dpcs id nolu alıcı no2dnuhutckbktnejjdkkitdgw2n id nolu satıcıdan 0.00003579 fiyatından 252.60940817 adet 6 id nolu coin karşılığında 152 id nolu coin satın aldı. Emir kapandı.
TRADE - 2020-12-24 22:28:02 --> (0.52010000 1608838082) trade işleminde  : 3p5816hym8x0z1sklpax6bm8dpcs id nolu alıcı no2dnuhutckbktnejjdkkitdgw2n id nolu satıcıdan 0.00003579 fiyatından 189.45707356 adet 6 id nolu coin karşılığında 152 id nolu coin satın aldı. Emir kapandı.
