TRADE - 2020-10-31 00:03:53 --> (0.04705300 1604102633) trade işleminde  : gwgvn9fj4jobujl16xk5gy1vey0k id nolu satıcı 6bavdl8dik135r3iu118fe4zxti5 id nolu alıcıya 53.87715097 fiyatından 0.17400000 adet 9 id nolu coin karşılığında 2 id nolu coin sattı. Emir kapandı.
TRADE - 2020-10-31 00:17:28 --> (0.45059700 1604103448) trade işleminde  : yo9w1db572kpihm3sr28ejfhivi5 id nolu alıcı vekfx9rca49p4yocobp4zqljm63j id nolu satıcıdan 0.00000020 fiyatından 1663.00359723 adet 1 id nolu coin karşılığında 3 id nolu coin satın aldı. Alıcı almak istediği miktarı aldı. Boş emir açıldı.
TRADE - 2020-10-31 00:17:52 --> (0.43913000 1604103472) trade işleminde  : yo9w1db572kpihm3sr28ejfhivi5 id nolu alıcı 5phf6gy2zzkfl40lbt1ij3m1szfb id nolu satıcıdan 0.00000021 fiyatından 950.47999240 adet 1 id nolu coin karşılığında 3 id nolu coin satın aldı. Emir kapandı.
TRADE - 2020-10-31 04:18:25 --> (0.37283600 1604117905) trade işleminde  : 0wsfwl0aclhm4wrg71uaa3zrdgdp id nolu alıcı 5oug6wjw21ln5fg4ku0udtdau833 id nolu satıcıdan 0.00000001 fiyatından 7627794.41117764 adet 6 id nolu coin karşılığında 121 id nolu coin satın aldı. Emir kapandı.
TRADE - 2020-10-31 06:41:30 --> (0.45807800 1604126490) trade işleminde  : 5oug6wjw21ln5fg4ku0udtdau833 id nolu satıcı 6bavdl8dik135r3iu118fe4zxti5 id nolu alıcıya 0.02834300 fiyatından 0.13421534 adet 1 id nolu coin karşılığında 6 id nolu coin sattı. Emir kapandı.
TRADE - 2020-10-31 06:42:49 --> (0.82757200 1604126569) trade işleminde  : 5oug6wjw21ln5fg4ku0udtdau833 id nolu alıcı 6bavdl8dik135r3iu118fe4zxti5 id nolu satıcıdan 0.00401300 fiyatından 0.24415206 adet 1 id nolu coin karşılığında 2 id nolu coin satın aldı. Emir kapandı.
TRADE - 2020-10-31 06:42:50 --> (0.41043800 1604126570) trade işleminde  : 5oug6wjw21ln5fg4ku0udtdau833 id nolu alıcı 6bavdl8dik135r3iu118fe4zxti5 id nolu satıcıdan 0.00401200 fiyatından 0.74415206 adet 1 id nolu coin karşılığında 2 id nolu coin almak istedi ama satıcının miktarı(0.5) yetmedi ve emir tekrar etti.
TRADE - 2020-10-31 06:42:50 --> (0.94177800 1604126570) trade işleminde  : 5oug6wjw21ln5fg4ku0udtdau833 id nolu alıcı 6bavdl8dik135r3iu118fe4zxti5 id nolu satıcıdan 0.00401000 fiyatından 0.79415206 adet 1 id nolu coin karşılığında 2 id nolu coin almak istedi ama satıcının miktarı(0.05) yetmedi ve emir tekrar etti.
TRADE - 2020-10-31 06:42:51 --> (0.47653500 1604126571) trade işleminde  : 5oug6wjw21ln5fg4ku0udtdau833 id nolu alıcı 6bavdl8dik135r3iu118fe4zxti5 id nolu satıcıdan 0.00400100 fiyatından 0.94415206 adet 1 id nolu coin karşılığında 2 id nolu coin almak istedi ama satıcının miktarı(0.15) yetmedi ve emir tekrar etti.
TRADE - 2020-10-31 06:49:42 --> (0.21015900 1604126982) trade işleminde  : hq89sanm241lnihbj5b6oqd5z3bh id nolu satıcı gwgvn9fj4jobujl16xk5gy1vey0k id nolu alıcıya 0.00000600 fiyatından 208981.00000000 adet 9 id nolu coin karşılığında 145 id nolu coin sattı. Emir kapandı.
TRADE - 2020-10-31 08:08:06 --> (0.52843800 1604131686) trade işleminde  : 6yxo31htur25g97n7o3qg7mhbvd2 id nolu alıcı i39wfsjxultrzyt5hk9mx5t86d4c id nolu satıcıdan 0.00000001 fiyatından 54117.76447106 adet 1 id nolu coin karşılığında 121 id nolu coin satın aldı. Emir kapandı.
TRADE - 2020-10-31 08:29:47 --> (0.33347300 1604132987) trade işleminde  : hq89sanm241lnihbj5b6oqd5z3bh id nolu satıcı gwgvn9fj4jobujl16xk5gy1vey0k id nolu alıcıya 0.00000600 fiyatından 37865.00000000 adet 9 id nolu coin karşılığında 145 id nolu coin sattı. Emir kapandı.
TRADE - 2020-10-31 08:47:04 --> (0.32810600 1604134024) trade işleminde  : bn43qoyp6c4erlkby6775tdhem18 id nolu satıcı 6bavdl8dik135r3iu118fe4zxti5 id nolu alıcıya 0.00000184 fiyatından 502.00000000 adet 1 id nolu coin karşılığında 128 id nolu coin sattı. Emir kapandı.
TRADE - 2020-10-31 08:48:58 --> (0.74349500 1604134138) trade işleminde  : bn43qoyp6c4erlkby6775tdhem18 id nolu alıcı i39wfsjxultrzyt5hk9mx5t86d4c id nolu satıcıdan 0.00000001 fiyatından 45999.50099800 adet 1 id nolu coin karşılığında 121 id nolu coin satın aldı. Emir kapandı.
TRADE - 2020-10-31 08:50:08 --> (0.89504600 1604134208) trade işleminde  : bn43qoyp6c4erlkby6775tdhem18 id nolu alıcı i39wfsjxultrzyt5hk9mx5t86d4c id nolu satıcıdan 0.00000001 fiyatından 23000.00000000 adet 1 id nolu coin karşılığında 121 id nolu coin satın aldı. Emir kapandı.
TRADE - 2020-10-31 08:50:19 --> (0.07824600 1604134219) trade işleminde  : bn43qoyp6c4erlkby6775tdhem18 id nolu alıcı i39wfsjxultrzyt5hk9mx5t86d4c id nolu satıcıdan 0.00000001 fiyatından 11500.00000000 adet 1 id nolu coin karşılığında 121 id nolu coin satın aldı. Emir kapandı.
TRADE - 2020-10-31 08:50:26 --> (0.78689400 1604134226) trade işleminde  : bn43qoyp6c4erlkby6775tdhem18 id nolu alıcı i39wfsjxultrzyt5hk9mx5t86d4c id nolu satıcıdan 0.00000001 fiyatından 5750.00000000 adet 1 id nolu coin karşılığında 121 id nolu coin satın aldı. Emir kapandı.
TRADE - 2020-10-31 11:26:21 --> (0.34719100 1604143581) trade işleminde  : 6bavdl8dik135r3iu118fe4zxti5 id nolu satıcı wg31oxn758f1vpvxmuanyv9df7mp id nolu alıcıya 389.00000000 fiyatından 0.02565563 adet 9 id nolu coin karşılığında 6 id nolu coin sattı. Emir kapandı.
TRADE - 2020-10-31 11:52:48 --> (0.73607500 1604145168) trade işleminde  : ezyv3uxncut8n9jt370aa9kfh7rl id nolu satıcı 6bavdl8dik135r3iu118fe4zxti5 id nolu alıcıya 0.00000186 fiyatından 470.00000000 adet 1 id nolu coin karşılığında 128 id nolu coin sattı. Emir kapandı.
TRADE - 2020-10-31 11:53:52 --> (0.57804900 1604145232) trade işleminde  : ezyv3uxncut8n9jt370aa9kfh7rl id nolu alıcı i39wfsjxultrzyt5hk9mx5t86d4c id nolu satıcıdan 0.00000001 fiyatından 87070.85828343 adet 1 id nolu coin karşılığında 121 id nolu coin satın aldı. Emir kapandı.
TRADE - 2020-10-31 13:14:17 --> (0.91886500 1604150057) trade işleminde  : 6bavdl8dik135r3iu118fe4zxti5 id nolu satıcı i39wfsjxultrzyt5hk9mx5t86d4c id nolu alıcıya 0.02819600 fiyatından 0.09429821 adet 1 id nolu coin karşılığında 6 id nolu coin sattı. Emir kapandı.
TRADE - 2020-10-31 14:55:01 --> (0.00162700 1604156101) trade işleminde  : u7y74mc0c7tkdsf57ww7mu7kukgv id nolu alıcı i39wfsjxultrzyt5hk9mx5t86d4c id nolu satıcıdan 0.00000001 fiyatından 35930.13972056 adet 1 id nolu coin karşılığında 121 id nolu coin satın aldı. Emir kapandı.
TRADE - 2020-10-31 15:42:53 --> (0.70418400 1604158973) trade işleminde  : i39wfsjxultrzyt5hk9mx5t86d4c id nolu alıcı i39wfsjxultrzyt5hk9mx5t86d4c id nolu satıcıdan 0.00000001 fiyatından 499.00199601 adet 1 id nolu coin karşılığında 121 id nolu coin satın aldı. Emir kapandı.
TRADE - 2020-10-31 17:25:43 --> (0.52304300 1604165143) trade işleminde  : hq89sanm241lnihbj5b6oqd5z3bh id nolu satıcı gwgvn9fj4jobujl16xk5gy1vey0k id nolu alıcıya 0.00000600 fiyatından 169159.00000000 adet 9 id nolu coin karşılığında 145 id nolu coin sattı. Emir kapandı.
TRADE - 2020-10-31 18:31:17 --> (0.65811000 1604169077) trade işleminde  : q1mz40xvzkr71ce422irhu7qwstz id nolu satıcı gwgvn9fj4jobujl16xk5gy1vey0k id nolu alıcıya 0.00000600 fiyatından 47093.00000000 adet 9 id nolu coin karşılığında 145 id nolu coin sattı. Emir kapandı.
TRADE - 2020-10-31 19:01:19 --> (0.36238800 1604170879) trade işleminde  : q1mz40xvzkr71ce422irhu7qwstz id nolu satıcı c882hkjioqwbnh1kph2hwnzutelz id nolu alıcıya 0.00010001 fiyatından 1000 adet 9 id nolu coin karşılığında 122 id nolu coin sattı. Alıcının miktarı yetmedi ve eşleşen bir fiyat olmadığı için 1273 adet satış emri açıldı.
TRADE - 2020-10-31 19:02:50 --> (0.77025700 1604170970) trade işleminde  : q1mz40xvzkr71ce422irhu7qwstz id nolu satıcı ioufa8cus3v50n6ud0g48yvlei8t id nolu alıcıya 0.00000591 fiyatından 1273.00000000 adet 9 id nolu coin karşılığında 122 id nolu coin sattı. Emir kapandı.
TRADE - 2020-10-31 19:04:18 --> (0.55442100 1604171058) trade işleminde  : 6bavdl8dik135r3iu118fe4zxti5 id nolu satıcı q1mz40xvzkr71ce422irhu7qwstz id nolu alıcıya 385.17000100 fiyatından 0.00100873 adet 9 id nolu coin karşılığında 6 id nolu coin sattı. Emir kapandı.
TRADE - 2020-10-31 20:08:54 --> (0.34534200 1604174934) trade işleminde  : 0wkdigfrae01m7bghbfhrm7cegf3 id nolu satıcı ws5z7jl7lrkhckn8f7gh29jh7tv4 id nolu alıcıya 0.13001003 fiyatından 19.95530792 adet 9 id nolu coin karşılığında 153 id nolu coin sattı. Emir kapandı.
TRADE - 2020-10-31 20:08:55 --> (0.08852900 1604174935) trade işleminde  : 0wkdigfrae01m7bghbfhrm7cegf3 id nolu satıcı ws5z7jl7lrkhckn8f7gh29jh7tv4 id nolu alıcıya 0.13001003 fiyatından 21.00000000 adet 9 id nolu coin karşılığında 153 id nolu coini satmak istedi ama alıcının miktarı(1.04469208) yetmedi ve emir tekrar etti.
TRADE - 2020-10-31 20:12:21 --> (0.31734500 1604175141) trade işleminde  : 0wkdigfrae01m7bghbfhrm7cegf3 id nolu alıcı 6bavdl8dik135r3iu118fe4zxti5 id nolu satıcıdan 0.00257170 fiyatından 1057.39844726 adet 9 id nolu coin karşılığında 3 id nolu coin satın aldı. Emir kapandı.
TRADE - 2020-10-31 20:30:49 --> (0.25860500 1604176249) trade işleminde  : hq89sanm241lnihbj5b6oqd5z3bh id nolu satıcı gwgvn9fj4jobujl16xk5gy1vey0k id nolu alıcıya 0.00000600 fiyatından 37257.00000000 adet 9 id nolu coin karşılığında 145 id nolu coin sattı. Emir kapandı.
TRADE - 2020-10-31 20:38:45 --> (0.55438100 1604176725) trade işleminde  : hq89sanm241lnihbj5b6oqd5z3bh id nolu satıcı cvmata43uprbtl40jwjol7sw8uv7 id nolu alıcıya 0.00000046 fiyatından 1875.00000000 adet 6 id nolu coin karşılığında 122 id nolu coin sattı. Emir kapandı.
TRADE - 2020-10-31 20:38:47 --> (0.62382800 1604176727) trade işleminde  : 82s8zxi9ss9vx1ligfk7w7ue4yu1 id nolu alıcı 6bavdl8dik135r3iu118fe4zxti5 id nolu satıcıdan 0.00257010 fiyatından 7670.04817648 adet 9 id nolu coin karşılığında 3 id nolu coin satın aldı. Emir kapandı.
TRADE - 2020-10-31 20:39:54 --> (0.44138600 1604176794) trade işleminde  : hq89sanm241lnihbj5b6oqd5z3bh id nolu alıcı pld6l7f9v763rfs700m9m0yjbmjj id nolu satıcıdan 0.00032580 fiyatından 1.16532656 adet 6 id nolu coin karşılığında 79 id nolu coin satın aldı. Alıcı almak istediği miktarı aldı. Boş emir açıldı.
