TRADE - 2020-11-03 00:54:26 --> (0.66743500 1604364866) trade işleminde  : xcycl0c2gp3l0ttynkou6l189cjx id nolu alıcı 6bavdl8dik135r3iu118fe4zxti5 id nolu satıcıdan 0.02417000 fiyatından 4122.28001659 adet 9 id nolu coin karşılığında 128 id nolu coin satın aldı. Emir kapandı.
TRADE - 2020-11-03 01:28:07 --> (0.81284900 1604366887) trade işleminde  : xcycl0c2gp3l0ttynkou6l189cjx id nolu satıcı 6bavdl8dik135r3iu118fe4zxti5 id nolu alıcıya 0.02411000 fiyatından 4122.28001659 adet 9 id nolu coin karşılığında 128 id nolu coin sattı. Emir kapandı.
TRADE - 2020-11-03 01:41:36 --> (0.26909400 1604367696) trade işleminde  : xcycl0c2gp3l0ttynkou6l189cjx id nolu alıcı 6bavdl8dik135r3iu118fe4zxti5 id nolu satıcıdan 0.23607000 fiyatından 416.67564497 adet 9 id nolu coin karşılığında 7 id nolu coin satın aldı. Emir kapandı.
TRADE - 2020-11-03 02:55:06 --> (0.77394000 1604372106) trade işleminde  : 6bavdl8dik135r3iu118fe4zxti5 id nolu satıcı 2e31hw9dnf10txebdcpv5p61gwhy id nolu alıcıya 0.23379450 fiyatından 6.37442796 adet 9 id nolu coin karşılığında 7 id nolu coin sattı. Emir kapandı.
TRADE - 2020-11-03 03:28:10 --> (0.04859600 1604374090) trade işleminde  : 2rou3jjqv0n3wk97ncudge5dnhy5 id nolu alıcı 6bavdl8dik135r3iu118fe4zxti5 id nolu satıcıdan 0.00409324 fiyatından 0.02529020 adet 9 id nolu coin karşılığında 17 id nolu coin satın aldı. Emir kapandı.
TRADE - 2020-11-03 04:12:27 --> (0.49936100 1604376747) trade işleminde  : lp7b4z1bc7389ljkc8f0vp88xehj id nolu satıcı 6bavdl8dik135r3iu118fe4zxti5 id nolu alıcıya 13377.30000000 fiyatından 0.00125767 adet 9 id nolu coin karşılığında 1 id nolu coin sattı. Emir kapandı.
TRADE - 2020-11-03 04:13:17 --> (0.30675500 1604376797) trade işleminde  : 6bavdl8dik135r3iu118fe4zxti5 id nolu satıcı lp7b4z1bc7389ljkc8f0vp88xehj id nolu alıcıya 374.85999900 fiyatından 0.02 adet 9 id nolu coin karşılığında 6 id nolu coin sattı. Emir kapandı.
TRADE - 2020-11-03 04:29:20 --> (0.75926200 1604377760) trade işleminde  : ebhx9wjf67y4iv1pjb76gbmnkmak id nolu satıcı gwgvn9fj4jobujl16xk5gy1vey0k id nolu alıcıya 0.00000395 fiyatından 1421043.826221 adet 9 id nolu coin karşılığında 145 id nolu coin sattı. Emir kapandı.
TRADE - 2020-11-03 05:28:14 --> (0.00390300 1604381294) trade işleminde  : pkyzkxixcb95fygj0n9zmgbfehaa id nolu alıcı hq89sanm241lnihbj5b6oqd5z3bh id nolu satıcıdan 0.00000199 fiyatından 53805.13522054 adet 9 id nolu coin karşılığında 121 id nolu coin satın aldı. Emir kapandı.
TRADE - 2020-11-03 07:13:25 --> (0.69538500 1604387605) trade işleminde  : icnp9ss2gj8pk4q9b38kgtk31pyv id nolu satıcı gwgvn9fj4jobujl16xk5gy1vey0k id nolu alıcıya 0.00000336 fiyatından 2078.00000000 adet 9 id nolu coin karşılığında 145 id nolu coin sattı. Emir kapandı.
TRADE - 2020-11-03 10:37:23 --> (0.68174100 1604399843) trade işleminde  : lc4v1bjj6gifwca1pvv3x8ff1zrt id nolu satıcı 0q6vv13ewy2g05gerglbot3ssicz id nolu alıcıya 0.02365000 fiyatından 0.00700000 adet 9 id nolu coin karşılığında 14 id nolu coin sattı. Emir kapandı.
TRADE - 2020-11-03 10:46:06 --> (0.69310600 1604400366) trade işleminde  : 6bavdl8dik135r3iu118fe4zxti5 id nolu satıcı icnp9ss2gj8pk4q9b38kgtk31pyv id nolu alıcıya 0.00249990 fiyatından 2.7817959 adet 9 id nolu coin karşılığında 3 id nolu coin sattı. Emir kapandı.
TRADE - 2020-11-03 11:55:50 --> (0.14126600 1604404550) trade işleminde  : de106q7go2xawwuz1rlfss0fofx9 id nolu alıcı 6bavdl8dik135r3iu118fe4zxti5 id nolu satıcıdan 0.00250660 fiyatından 0.96721502 adet 9 id nolu coin karşılığında 3 id nolu coin satın aldı. Emir kapandı.
TRADE - 2020-11-03 11:56:00 --> (0.05734200 1604404560) trade işleminde  : de106q7go2xawwuz1rlfss0fofx9 id nolu satıcı 6bavdl8dik135r3iu118fe4zxti5 id nolu alıcıya 0.00250270 fiyatından 0.99721502 adet 9 id nolu coin karşılığında 3 id nolu coin sattı. Emir kapandı.
TRADE - 2020-11-03 11:56:34 --> (0.69496400 1604404594) trade işleminde  : de106q7go2xawwuz1rlfss0fofx9 id nolu satıcı 0q6vv13ewy2g05gerglbot3ssicz id nolu alıcıya 0.02365000 fiyatından 0.00800000 adet 9 id nolu coin karşılığında 14 id nolu coin sattı. Emir kapandı.
TRADE - 2020-11-03 13:41:25 --> (0.75855500 1604410885) trade işleminde  : 6bavdl8dik135r3iu118fe4zxti5 id nolu alıcı 2rou3jjqv0n3wk97ncudge5dnhy5 id nolu satıcıdan 0.00409577 fiyatından 0.0264902 adet 9 id nolu coin karşılığında 17 id nolu coin satın aldı. Alıcı almak istediği miktarı aldı. Boş emir açıldı.
TRADE - 2020-11-03 17:51:28 --> (0.50533500 1604425888) trade işleminde  : 6bavdl8dik135r3iu118fe4zxti5 id nolu satıcı 2rou3jjqv0n3wk97ncudge5dnhy5 id nolu alıcıya 0.00391000 fiyatından 0.02553971 adet 9 id nolu coin karşılığında 17 id nolu coin sattı. Emir kapandı.
TRADE - 2020-11-03 20:53:30 --> (0.50389800 1604436810) trade işleminde  : lp6myhk4is8fai4rjeevjih366hv id nolu satıcı 6bavdl8dik135r3iu118fe4zxti5 id nolu alıcıya 53.47755940 fiyatından 0.09661348 adet 9 id nolu coin karşılığında 2 id nolu coin sattı. Emir kapandı.
TRADE - 2020-11-03 20:54:19 --> (0.97547500 1604436859) trade işleminde  : lp6myhk4is8fai4rjeevjih366hv id nolu alıcı hq89sanm241lnihbj5b6oqd5z3bh id nolu satıcıdan 0.00000495 fiyatından 231462 adet 9 id nolu coin karşılığında 145 id nolu coin satın aldı. Alıcı almak istediği miktarı aldı. Boş emir açıldı.
TRADE - 2020-11-03 20:54:32 --> (0.63819900 1604436872) trade işleminde  : lp6myhk4is8fai4rjeevjih366hv id nolu alıcı icnp9ss2gj8pk4q9b38kgtk31pyv id nolu satıcıdan 0.00000599 fiyatından 5175 adet 9 id nolu coin karşılığında 145 id nolu coin satın aldı. Alıcı almak istediği miktarı aldı. Boş emir açıldı.
TRADE - 2020-11-03 20:54:32 --> (0.98966100 1604436872) trade işleminde  : lp6myhk4is8fai4rjeevjih366hv id nolu alıcı hq89sanm241lnihbj5b6oqd5z3bh id nolu satıcıdan 0.00000599 fiyatından 104046.00000000 adet 9 id nolu coin karşılığında 145 id nolu coin almak istedi ama satıcının miktarı(98871) yetmedi ve emir tekrar etti.
TRADE - 2020-11-03 20:54:45 --> (0.56035000 1604436885) trade işleminde  : lp6myhk4is8fai4rjeevjih366hv id nolu alıcı icnp9ss2gj8pk4q9b38kgtk31pyv id nolu satıcıdan 0.00000695 fiyatından 7477 adet 9 id nolu coin karşılığında 145 id nolu coin satın aldı. Alıcı almak istediği miktarı aldı. Boş emir açıldı.
TRADE - 2020-11-03 20:54:46 --> (0.04303000 1604436886) trade işleminde  : lp6myhk4is8fai4rjeevjih366hv id nolu alıcı hq89sanm241lnihbj5b6oqd5z3bh id nolu satıcıdan 0.00000695 fiyatından 134211.17085815 adet 9 id nolu coin karşılığında 145 id nolu coin almak istedi ama satıcının miktarı(126734.17085815) yetmedi ve emir tekrar etti.
TRADE - 2020-11-03 20:54:57 --> (0.88957100 1604436897) trade işleminde  : lp6myhk4is8fai4rjeevjih366hv id nolu alıcı icnp9ss2gj8pk4q9b38kgtk31pyv id nolu satıcıdan 0.00000794 fiyatından 122775 adet 9 id nolu coin karşılığında 145 id nolu coin satın aldı. Alıcı almak istediği miktarı aldı. Boş emir açıldı.
TRADE - 2020-11-03 20:54:58 --> (0.52336100 1604436898) trade işleminde  : lp6myhk4is8fai4rjeevjih366hv id nolu alıcı icnp9ss2gj8pk4q9b38kgtk31pyv id nolu satıcıdan 0.00000794 fiyatından 150753.00000000 adet 9 id nolu coin karşılığında 145 id nolu coin almak istedi ama satıcının miktarı(27978) yetmedi ve emir tekrar etti.
TRADE - 2020-11-03 20:55:10 --> (0.46546000 1604436910) trade işleminde  : lp6myhk4is8fai4rjeevjih366hv id nolu alıcı icnp9ss2gj8pk4q9b38kgtk31pyv id nolu satıcıdan 0.00000795 fiyatından 156894.19651264 adet 9 id nolu coin karşılığında 145 id nolu coin satın aldı. Emir kapandı.
