TRADE - 2020-12-22 01:26:05 --> (0.53581300 1608589565) trade işleminde  : no2dnuhutckbktnejjdkkitdgw2n id nolu alıcı no2dnuhutckbktnejjdkkitdgw2n id nolu satıcıdan 0.00002200 fiyatından 580.86130493 adet 6 id nolu coin karşılığında 152 id nolu coin satın aldı. Alıcı almak istediği miktarı aldı. Boş emir açıldı.
TRADE - 2020-12-22 01:30:50 --> (0.46821600 1608589850) trade işleminde  : no2dnuhutckbktnejjdkkitdgw2n id nolu alıcı no2dnuhutckbktnejjdkkitdgw2n id nolu satıcıdan 0.00002000 fiyatından 335.67689621 adet 6 id nolu coin karşılığında 152 id nolu coin satın aldı. Emir kapandı.
TRADE - 2020-12-22 01:33:19 --> (0.52247600 1608589999) trade işleminde  : no2dnuhutckbktnejjdkkitdgw2n id nolu alıcı no2dnuhutckbktnejjdkkitdgw2n id nolu satıcıdan 0.00001995 fiyatından 335.84635241 adet 6 id nolu coin karşılığında 152 id nolu coin satın aldı. Emir kapandı.
TRADE - 2020-12-22 01:34:18 --> (0.73959400 1608590058) trade işleminde  : no2dnuhutckbktnejjdkkitdgw2n id nolu alıcı no2dnuhutckbktnejjdkkitdgw2n id nolu satıcıdan 0.00001995 fiyatından 502.76364564 adet 6 id nolu coin karşılığında 152 id nolu coin satın aldı. Emir kapandı.
TRADE - 2020-12-22 01:34:39 --> (0.60749800 1608590079) trade işleminde  : no2dnuhutckbktnejjdkkitdgw2n id nolu alıcı no2dnuhutckbktnejjdkkitdgw2n id nolu satıcıdan 0.00001995 fiyatından 668.34451398 adet 6 id nolu coin karşılığında 152 id nolu coin satın aldı. Emir kapandı.
TRADE - 2020-12-22 01:35:44 --> (0.07279800 1608590144) trade işleminde  : no2dnuhutckbktnejjdkkitdgw2n id nolu alıcı hzon720zk2cdr3dyllb8pr4yhpae id nolu satıcıdan 0.00002750 fiyatından 100.72954092 adet 6 id nolu coin karşılığında 152 id nolu coin satın aldı. Emir kapandı.
TRADE - 2020-12-22 01:38:24 --> (0.83086500 1608590304) trade işleminde  : no2dnuhutckbktnejjdkkitdgw2n id nolu alıcı no2dnuhutckbktnejjdkkitdgw2n id nolu satıcıdan 0.00002749 fiyatından 382.32774175 adet 6 id nolu coin karşılığında 152 id nolu coin satın aldı. Emir kapandı.
TRADE - 2020-12-22 01:38:31 --> (0.25634200 1608590311) trade işleminde  : no2dnuhutckbktnejjdkkitdgw2n id nolu alıcı no2dnuhutckbktnejjdkkitdgw2n id nolu satıcıdan 0.00002749 fiyatından 380.80151084 adet 6 id nolu coin karşılığında 152 id nolu coin satın aldı. Emir kapandı.
TRADE - 2020-12-22 01:38:42 --> (0.85984200 1608590322) trade işleminde  : no2dnuhutckbktnejjdkkitdgw2n id nolu alıcı no2dnuhutckbktnejjdkkitdgw2n id nolu satıcıdan 0.00002749 fiyatından 379.28145165 adet 6 id nolu coin karşılığında 152 id nolu coin satın aldı. Emir kapandı.
TRADE - 2020-12-22 01:40:38 --> (0.43639800 1608590438) trade işleminde  : no2dnuhutckbktnejjdkkitdgw2n id nolu alıcı no2dnuhutckbktnejjdkkitdgw2n id nolu satıcıdan 0.00002745 fiyatından 378.31768158 adet 6 id nolu coin karşılığında 152 id nolu coin satın aldı. Emir kapandı.
TRADE - 2020-12-22 01:44:30 --> (0.68573000 1608590670) trade işleminde  : no2dnuhutckbktnejjdkkitdgw2n id nolu alıcı no2dnuhutckbktnejjdkkitdgw2n id nolu satıcıdan 0.00002740 fiyatından 377.49500998 adet 6 id nolu coin karşılığında 152 id nolu coin satın aldı. Emir kapandı.
TRADE - 2020-12-22 01:47:25 --> (0.35619800 1608590845) trade işleminde  : no2dnuhutckbktnejjdkkitdgw2n id nolu alıcı no2dnuhutckbktnejjdkkitdgw2n id nolu satıcıdan 0.00002720 fiyatından 378.75278854 adet 6 id nolu coin karşılığında 152 id nolu coin satın aldı. Emir kapandı.
TRADE - 2020-12-22 01:48:54 --> (0.92205100 1608590934) trade işleminde  : no2dnuhutckbktnejjdkkitdgw2n id nolu alıcı no2dnuhutckbktnejjdkkitdgw2n id nolu satıcıdan 0.00002710 fiyatından 378.63277136 adet 6 id nolu coin karşılığında 152 id nolu coin satın aldı. Emir kapandı.
TRADE - 2020-12-22 01:49:45 --> (0.78859700 1608590985) trade işleminde  : no2dnuhutckbktnejjdkkitdgw2n id nolu alıcı no2dnuhutckbktnejjdkkitdgw2n id nolu satıcıdan 0.00002710 fiyatından 377.12140295 adet 6 id nolu coin karşılığında 152 id nolu coin satın aldı. Emir kapandı.
TRADE - 2020-12-22 01:50:18 --> (0.97591100 1608591018) trade işleminde  : no2dnuhutckbktnejjdkkitdgw2n id nolu alıcı no2dnuhutckbktnejjdkkitdgw2n id nolu satıcıdan 0.00002710 fiyatından 375.61592682 adet 6 id nolu coin karşılığında 152 id nolu coin satın aldı. Emir kapandı.
TRADE - 2020-12-22 01:54:01 --> (0.43127200 1608591241) trade işleminde  : no2dnuhutckbktnejjdkkitdgw2n id nolu alıcı no2dnuhutckbktnejjdkkitdgw2n id nolu satıcıdan 0.00002650 fiyatından 382.58690167 adet 6 id nolu coin karşılığında 152 id nolu coin satın aldı. Emir kapandı.
TRADE - 2020-12-22 01:58:05 --> (0.35664400 1608591485) trade işleminde  : no2dnuhutckbktnejjdkkitdgw2n id nolu alıcı no2dnuhutckbktnejjdkkitdgw2n id nolu satıcıdan 0.00002625 fiyatından 384.68890790 adet 6 id nolu coin karşılığında 152 id nolu coin satın aldı. Emir kapandı.
TRADE - 2020-12-22 02:03:43 --> (0.53081800 1608591823) trade işleminde  : no2dnuhutckbktnejjdkkitdgw2n id nolu alıcı no2dnuhutckbktnejjdkkitdgw2n id nolu satıcıdan 0.00002570 fiyatından 391.35309148 adet 6 id nolu coin karşılığında 152 id nolu coin satın aldı. Emir kapandı.
TRADE - 2020-12-22 02:05:47 --> (0.55418600 1608591947) trade işleminde  : no2dnuhutckbktnejjdkkitdgw2n id nolu alıcı hzon720zk2cdr3dyllb8pr4yhpae id nolu satıcıdan 0.00002390 fiyatından 391.35309148 adet 6 id nolu coin karşılığında 152 id nolu coin satın aldı. Emir kapandı.
TRADE - 2020-12-22 02:13:24 --> (0.38645100 1608592404) trade işleminde  : no2dnuhutckbktnejjdkkitdgw2n id nolu alıcı no2dnuhutckbktnejjdkkitdgw2n id nolu satıcıdan 0.00001998 fiyatından 5028.26279373 adet 6 id nolu coin karşılığında 152 id nolu coin satın aldı. Emir kapandı.
TRADE - 2020-12-22 02:14:08 --> (0.06243200 1608592448) trade işleminde  : no2dnuhutckbktnejjdkkitdgw2n id nolu alıcı no2dnuhutckbktnejjdkkitdgw2n id nolu satıcıdan 0.00001998 fiyatından 971.73720627 adet 6 id nolu coin karşılığında 152 id nolu coin satın aldı. Satıcının miktarı yetmedi ve eşleşen bir fiyat olmadığı için 4036.45262028 adet alış emri açıldı.
TRADE - 2020-12-22 02:16:03 --> (0.30668300 1608592563) trade işleminde  : no2dnuhutckbktnejjdkkitdgw2n id nolu alıcı no2dnuhutckbktnejjdkkitdgw2n id nolu satıcıdan 0.00002499 fiyatından 3000.78414599 adet 6 id nolu coin karşılığında 152 id nolu coin satın aldı. Emir kapandı.
TRADE - 2020-12-22 02:16:59 --> (0.51121200 1608592619) trade işleminde  : no2dnuhutckbktnejjdkkitdgw2n id nolu alıcı hzon720zk2cdr3dyllb8pr4yhpae id nolu satıcıdan 0.00002500 fiyatından 65.91736760 adet 6 id nolu coin karşılığında 152 id nolu coin satın aldı. Emir kapandı.
TRADE - 2020-12-22 02:31:29 --> (0.95850200 1608593489) trade işleminde  : no2dnuhutckbktnejjdkkitdgw2n id nolu alıcı no2dnuhutckbktnejjdkkitdgw2n id nolu satıcıdan 0.00002222 fiyatından 4412.18912310 adet 6 id nolu coin karşılığında 152 id nolu coin satın aldı. Emir kapandı.
TRADE - 2020-12-22 02:37:41 --> (0.97878500 1608593861) trade işleminde  : no2dnuhutckbktnejjdkkitdgw2n id nolu alıcı hzon720zk2cdr3dyllb8pr4yhpae id nolu satıcıdan 0.00002100 fiyatından 4621.27141836 adet 6 id nolu coin karşılığında 152 id nolu coin satın aldı. Emir kapandı.
TRADE - 2020-12-22 02:38:40 --> (0.88993700 1608593920) trade işleminde  : no2dnuhutckbktnejjdkkitdgw2n id nolu alıcı hzon720zk2cdr3dyllb8pr4yhpae id nolu satıcıdan 0.00002500 fiyatından 10.27141836 adet 6 id nolu coin karşılığında 152 id nolu coin satın aldı. Emir kapandı.
TRADE - 2020-12-22 02:41:50 --> (0.27671800 1608594110) trade işleminde  : hzon720zk2cdr3dyllb8pr4yhpae id nolu satıcı 6bavdl8dik135r3iu118fe4zxti5 id nolu alıcıya 614.12999900 fiyatından 0.10277635 adet 9 id nolu coin karşılığında 6 id nolu coin sattı. Emir kapandı.
TRADE - 2020-12-22 02:46:51 --> (0.45322500 1608594411) trade işleminde  : hzon720zk2cdr3dyllb8pr4yhpae id nolu alıcı 6bavdl8dik135r3iu118fe4zxti5 id nolu satıcıdan 0.00483120 fiyatından 1317.03964566 adet 9 id nolu coin karşılığında 3 id nolu coin satın aldı. Emir kapandı.
TRADE - 2020-12-22 02:56:08 --> (0.86991200 1608594968) trade işleminde  : no2dnuhutckbktnejjdkkitdgw2n id nolu alıcı no2dnuhutckbktnejjdkkitdgw2n id nolu satıcıdan 0.00002499 fiyatından 1000 adet 6 id nolu coin karşılığında 152 id nolu coin satın aldı. Alıcı almak istediği miktarı aldı. Boş emir açıldı.
TRADE - 2020-12-22 02:56:18 --> (0.04129500 1608594978) trade işleminde  : no2dnuhutckbktnejjdkkitdgw2n id nolu alıcı hzon720zk2cdr3dyllb8pr4yhpae id nolu satıcıdan 0.00002500 fiyatından 668.45716328 adet 6 id nolu coin karşılığında 152 id nolu coin satın aldı. Satıcının miktarı yetmedi ve eşleşen bir fiyat olmadığı için 331.54283672 adet alış emri açıldı.
TRADE - 2020-12-22 02:58:31 --> (0.92023100 1608595111) trade işleminde  : no2dnuhutckbktnejjdkkitdgw2n id nolu alıcı no2dnuhutckbktnejjdkkitdgw2n id nolu satıcıdan 0.00002549 fiyatından 162.61924954 adet 6 id nolu coin karşılığında 152 id nolu coin satın aldı. Emir kapandı.
TRADE - 2020-12-22 02:58:45 --> (0.18510900 1608595125) trade işleminde  : no2dnuhutckbktnejjdkkitdgw2n id nolu alıcı no2dnuhutckbktnejjdkkitdgw2n id nolu satıcıdan 0.00002549 fiyatından 162.29447735 adet 6 id nolu coin karşılığında 152 id nolu coin satın aldı. Emir kapandı.
TRADE - 2020-12-22 02:59:49 --> (0.79165800 1608595189) trade işleminde  : no2dnuhutckbktnejjdkkitdgw2n id nolu alıcı no2dnuhutckbktnejjdkkitdgw2n id nolu satıcıdan 0.00002549 fiyatından 323.94097642 adet 6 id nolu coin karşılığında 152 id nolu coin satın aldı. Emir kapandı.
TRADE - 2020-12-22 03:01:47 --> (0.30307300 1608595307) trade işleminde  : no2dnuhutckbktnejjdkkitdgw2n id nolu alıcı no2dnuhutckbktnejjdkkitdgw2n id nolu satıcıdan 0.00002549 fiyatından 322.64776058 adet 6 id nolu coin karşılığında 152 id nolu coin satın aldı. Emir kapandı.
TRADE - 2020-12-22 03:01:52 --> (0.98201500 1608595312) trade işleminde  : no2dnuhutckbktnejjdkkitdgw2n id nolu alıcı no2dnuhutckbktnejjdkkitdgw2n id nolu satıcıdan 0.00002549 fiyatından 28.49753611 adet 6 id nolu coin karşılığında 152 id nolu coin satın aldı. Satıcının miktarı yetmedi ve eşleşen bir fiyat olmadığı için 292.86209849 adet alış emri açıldı.
TRADE - 2020-12-22 03:02:22 --> (0.20155000 1608595342) trade işleminde  : no2dnuhutckbktnejjdkkitdgw2n id nolu alıcı no2dnuhutckbktnejjdkkitdgw2n id nolu satıcıdan 0.00002650 fiyatından 309.00237261 adet 6 id nolu coin karşılığında 152 id nolu coin satın aldı. Emir kapandı.
TRADE - 2020-12-22 03:02:33 --> (0.07019300 1608595353) trade işleminde  : no2dnuhutckbktnejjdkkitdgw2n id nolu alıcı no2dnuhutckbktnejjdkkitdgw2n id nolu satıcıdan 0.00002650 fiyatından 307.76899032 adet 6 id nolu coin karşılığında 152 id nolu coin satın aldı. Emir kapandı.
TRADE - 2020-12-22 03:03:43 --> (0.81691800 1608595423) trade işleminde  : no2dnuhutckbktnejjdkkitdgw2n id nolu alıcı no2dnuhutckbktnejjdkkitdgw2n id nolu satıcıdan 0.00002650 fiyatından 229.90537792 adet 6 id nolu coin karşılığında 152 id nolu coin satın aldı. Emir kapandı.
TRADE - 2020-12-22 03:05:19 --> (0.16241200 1608595519) trade işleminde  : no2dnuhutckbktnejjdkkitdgw2n id nolu alıcı no2dnuhutckbktnejjdkkitdgw2n id nolu satıcıdan 0.00002650 fiyatından 305.62271683 adet 6 id nolu coin karşılığında 152 id nolu coin satın aldı. Emir kapandı.
TRADE - 2020-12-22 03:05:32 --> (0.16394200 1608595532) trade işleminde  : no2dnuhutckbktnejjdkkitdgw2n id nolu alıcı no2dnuhutckbktnejjdkkitdgw2n id nolu satıcıdan 0.00002650 fiyatından 304.40251572 adet 6 id nolu coin karşılığında 152 id nolu coin satın aldı. Emir kapandı.
TRADE - 2020-12-22 03:06:17 --> (0.08659400 1608595577) trade işleminde  : no2dnuhutckbktnejjdkkitdgw2n id nolu alıcı no2dnuhutckbktnejjdkkitdgw2n id nolu satıcıdan 0.00002650 fiyatından 303.18721048 adet 6 id nolu coin karşılığında 152 id nolu coin satın aldı. Emir kapandı.
TRADE - 2020-12-22 03:06:42 --> (0.45060500 1608595602) trade işleminde  : no2dnuhutckbktnejjdkkitdgw2n id nolu alıcı no2dnuhutckbktnejjdkkitdgw2n id nolu satıcıdan 0.00002650 fiyatından 301.97680111 adet 6 id nolu coin karşılığında 152 id nolu coin satın aldı. Emir kapandı.
TRADE - 2020-12-22 03:07:30 --> (0.02170700 1608595650) trade işleminde  : no2dnuhutckbktnejjdkkitdgw2n id nolu alıcı no2dnuhutckbktnejjdkkitdgw2n id nolu satıcıdan 0.00002650 fiyatından 300.77128761 adet 6 id nolu coin karşılığında 152 id nolu coin satın aldı. Emir kapandı.
TRADE - 2020-12-22 03:08:05 --> (0.24925900 1608595685) trade işleminde  : no2dnuhutckbktnejjdkkitdgw2n id nolu alıcı 3p5816hym8x0z1sklpax6bm8dpcs id nolu satıcıdan 0.00002758 fiyatından 180 adet 6 id nolu coin karşılığında 152 id nolu coin satın aldı. Satıcının miktarı yetmedi ve eşleşen bir fiyat olmadığı için 107.83983881 adet alış emri açıldı.
TRADE - 2020-12-22 03:11:23 --> (0.86248000 1608595883) trade işleminde  : hzon720zk2cdr3dyllb8pr4yhpae id nolu satıcı 6bavdl8dik135r3iu118fe4zxti5 id nolu alıcıya 611.24999900 fiyatından 0.00817510 adet 9 id nolu coin karşılığında 6 id nolu coin sattı. Emir kapandı.
TRADE - 2020-12-22 05:24:16 --> (0.18464900 1608603856) trade işleminde  : hzon720zk2cdr3dyllb8pr4yhpae id nolu satıcı 6bavdl8dik135r3iu118fe4zxti5 id nolu alıcıya 610.04999900 fiyatından 0.00507922 adet 9 id nolu coin karşılığında 6 id nolu coin sattı. Emir kapandı.
TRADE - 2020-12-22 05:26:12 --> (0.24183500 1608603972) trade işleminde  : hzon720zk2cdr3dyllb8pr4yhpae id nolu alıcı 6bavdl8dik135r3iu118fe4zxti5 id nolu satıcıdan 0.00471080 fiyatından 1711.66048645 adet 9 id nolu coin karşılığında 3 id nolu coin satın aldı. Emir kapandı.
TRADE - 2020-12-22 05:46:26 --> (0.15444400 1608605186) trade işleminde  : gilf81a3z3szictsypj2b47r4fhh id nolu alıcı 6bavdl8dik135r3iu118fe4zxti5 id nolu satıcıdan 611.54000100 fiyatından 0.02000000 adet 9 id nolu coin karşılığında 6 id nolu coin satın aldı. Emir kapandı.
TRADE - 2020-12-22 07:47:11 --> (0.92857300 1608612431) trade işleminde  : 6bavdl8dik135r3iu118fe4zxti5 id nolu satıcı 8ljit6doxjt5vgipydcvz9c5m5uc id nolu alıcıya 0.48441000 fiyatından 23.76092554 adet 9 id nolu coin karşılığında 7 id nolu coin sattı. Emir kapandı.
TRADE - 2020-12-22 08:21:57 --> (0.11403900 1608614517) trade işleminde  : 691e3q6pg5faet8iwpt24kmelcjy id nolu alıcı 6bavdl8dik135r3iu118fe4zxti5 id nolu satıcıdan 22832.20000000 fiyatından 0.00072990 adet 9 id nolu coin karşılığında 1 id nolu coin satın aldı. Emir kapandı.
TRADE - 2020-12-22 08:44:32 --> (0.65166200 1608615872) trade işleminde  : hzon720zk2cdr3dyllb8pr4yhpae id nolu alıcı 6bavdl8dik135r3iu118fe4zxti5 id nolu satıcıdan 0.00460690 fiyatından 2166.32440907 adet 9 id nolu coin karşılığında 3 id nolu coin satın aldı. Emir kapandı.
TRADE - 2020-12-22 10:44:14 --> (0.93462700 1608623054) trade işleminde  : hzon720zk2cdr3dyllb8pr4yhpae id nolu alıcı 6bavdl8dik135r3iu118fe4zxti5 id nolu satıcıdan 0.00451230 fiyatından 2130.82097888 adet 9 id nolu coin karşılığında 3 id nolu coin satın aldı. Emir kapandı.
TRADE - 2020-12-22 15:23:14 --> (0.41025700 1608639794) trade işleminde  : zlgxvsiggs0c6qkc3pzi9xvusiux id nolu alıcı 065ozong9wfd5fiike0gcj82x1us id nolu satıcıdan 0.02420019 fiyatından 93.29683765 adet 9 id nolu coin karşılığında 152 id nolu coin satın aldı. Emir kapandı.
TRADE - 2020-12-22 15:23:55 --> (0.82612600 1608639835) trade işleminde  : zlgxvsiggs0c6qkc3pzi9xvusiux id nolu satıcı no2dnuhutckbktnejjdkkitdgw2n id nolu alıcıya 0.00002758 fiyatından 93.29683765 adet 6 id nolu coin karşılığında 152 id nolu coin sattı. Emir kapandı.
TRADE - 2020-12-22 15:25:32 --> (0.22142900 1608639932) trade işleminde  : zlgxvsiggs0c6qkc3pzi9xvusiux id nolu satıcı 6bavdl8dik135r3iu118fe4zxti5 id nolu alıcıya 611.36999900 fiyatından 0.00249598 adet 9 id nolu coin karşılığında 6 id nolu coin sattı. Emir kapandı.
TRADE - 2020-12-22 15:25:32 --> (0.53505700 1608639932) trade işleminde  : zlgxvsiggs0c6qkc3pzi9xvusiux id nolu satıcı 6bavdl8dik135r3iu118fe4zxti5 id nolu alıcıya 611.57999900 fiyatından 0.00256798 adet 9 id nolu coin karşılığında 6 id nolu coini satmak istedi ama alıcının miktarı(7.2E-5) yetmedi ve emir tekrar etti.
TRADE - 2020-12-22 16:09:54 --> (0.77022500 1608642594) trade işleminde  : 6bavdl8dik135r3iu118fe4zxti5 id nolu alıcı 691e3q6pg5faet8iwpt24kmelcjy id nolu satıcıdan 23164.00000000 fiyatından 0.0007299 adet 9 id nolu coin karşılığında 1 id nolu coin satın aldı. Alıcı almak istediği miktarı aldı. Boş emir açıldı.
TRADE - 2020-12-22 20:05:43 --> (0.74820700 1608656743) trade işleminde  : hh69y28s1cjkase6559774iu4tab id nolu alıcı bajrgmhkzdf942z2rqrvqrg22vcp id nolu satıcıdan 0.00000075 fiyatından 0.99800399 adet 1 id nolu coin karşılığında 161 id nolu coin satın aldı. Emir kapandı.
TRADE - 2020-12-22 20:47:56 --> (0.38417900 1608659276) trade işleminde  : hh69y28s1cjkase6559774iu4tab id nolu alıcı bajrgmhkzdf942z2rqrvqrg22vcp id nolu satıcıdan 0.00000075 fiyatından 998.00199601 adet 1 id nolu coin karşılığında 161 id nolu coin satın aldı. Satıcının miktarı yetmedi ve eşleşen bir fiyat olmadığı için 10604.26014637 adet alış emri açıldı.
TRADE - 2020-12-22 21:09:37 --> (0.58334000 1608660577) trade işleminde  : zlgxvsiggs0c6qkc3pzi9xvusiux id nolu satıcı hh69y28s1cjkase6559774iu4tab id nolu alıcıya 0.00000075 fiyatından 504.59081836 adet 1 id nolu coin karşılığında 161 id nolu coin sattı. Emir kapandı.
TRADE - 2020-12-22 21:10:36 --> (0.12701700 1608660636) trade işleminde  : zlgxvsiggs0c6qkc3pzi9xvusiux id nolu alıcı 6bavdl8dik135r3iu118fe4zxti5 id nolu satıcıdan 0.02682300 fiyatından 0.01405272 adet 1 id nolu coin karşılığında 6 id nolu coin satın aldı. Emir kapandı.
TRADE - 2020-12-22 22:53:36 --> (0.82729500 1608666816) trade işleminde  : yz0go4cdib874tx2qolfdhn426yu id nolu satıcı hh69y28s1cjkase6559774iu4tab id nolu alıcıya 0.00000076 fiyatından 9700 adet 1 id nolu coin karşılığında 161 id nolu coin sattı. Emir kapandı.
TRADE - 2020-12-22 23:55:37 --> (0.88159300 1608670537) trade işleminde  : zbhbite60ppo1iesfmd0u11cxhhv id nolu satıcı hzon720zk2cdr3dyllb8pr4yhpae id nolu alıcıya 0.00125000 fiyatından 300.00000000 adet 9 id nolu coin karşılığında 161 id nolu coin sattı. Emir kapandı.
