TRADE - 2021-01-20 01:21:34 --> (0.24260200 1611094894) trade işleminde  : 6bavdl8dik135r3iu118fe4zxti5 id nolu satıcı n7fo2uy0w8j9pxh9vkh5cii1fotr id nolu alıcıya 0.03140000 fiyatından 42.49228295 adet 9 id nolu coin karşılığında 128 id nolu coin sattı. Emir kapandı.
TRADE - 2021-01-20 04:44:18 --> (0.26848200 1611107058) trade işleminde  : hpmr8gzbq9ru4u21iixvzl4okesb id nolu alıcı mos2e7ikf2bupbanza57ecat03fq id nolu satıcıdan 0.00000001 fiyatından 17596.80638723 adet 1 id nolu coin karşılığında 121 id nolu coin satın aldı. Emir kapandı.
TRADE - 2021-01-20 05:49:24 --> (0.42431300 1611110964) trade işleminde  : 6bavdl8dik135r3iu118fe4zxti5 id nolu alıcı n7fo2uy0w8j9pxh9vkh5cii1fotr id nolu satıcıdan 0.03107000 fiyatından 42.49228295 adet 9 id nolu coin karşılığında 128 id nolu coin satın aldı. Alıcı almak istediği miktarı aldı. Boş emir açıldı.
TRADE - 2021-01-20 09:57:14 --> (0.54729400 1611125834) trade işleminde  : hyzgkezbm1tnf23odplxrlehk507 id nolu satıcı 6bavdl8dik135r3iu118fe4zxti5 id nolu alıcıya 0.03827100 fiyatından 0.06540000 adet 1 id nolu coin karşılığında 6 id nolu coin sattı. Emir kapandı.
TRADE - 2021-01-20 10:09:12 --> (0.60961900 1611126552) trade işleminde  : gwgvn9fj4jobujl16xk5gy1vey0k id nolu satıcı 7s1zlr2bibmefggg0r7dx56cbu9w id nolu alıcıya 0.00000108 fiyatından 8035991.2767058 adet 9 id nolu coin karşılığında 145 id nolu coin sattı. Alıcının miktarı yetmedi ve eşleşen bir fiyat olmadığı için 429955.18455247 adet satış emri açıldı.
TRADE - 2021-01-20 10:10:25 --> (0.38236600 1611126625) trade işleminde  : gwgvn9fj4jobujl16xk5gy1vey0k id nolu alıcı 6bavdl8dik135r3iu118fe4zxti5 id nolu satıcıdan 0.00899330 fiyatından 961.18492558 adet 9 id nolu coin karşılığında 3 id nolu coin satın aldı. Emir kapandı.
TRADE - 2021-01-20 11:37:41 --> (0.32779200 1611131861) trade işleminde  : t8fnj3e0vksdzxxgzj0r4gdabjfv id nolu alıcı 6bavdl8dik135r3iu118fe4zxti5 id nolu satıcıdan 0.00000051 fiyatından 39137.41145161 adet 6 id nolu coin karşılığında 139 id nolu coin satın aldı. Emir kapandı.
TRADE - 2021-01-20 11:38:03 --> (0.90043900 1611131883) trade işleminde  : t8fnj3e0vksdzxxgzj0r4gdabjfv id nolu satıcı 6bavdl8dik135r3iu118fe4zxti5 id nolu alıcıya 0.00000002 fiyatından 39137.41145161 adet 1 id nolu coin karşılığında 139 id nolu coin sattı. Emir kapandı.
TRADE - 2021-01-20 11:38:41 --> (0.73053200 1611131921) trade işleminde  : t8fnj3e0vksdzxxgzj0r4gdabjfv id nolu alıcı 6bavdl8dik135r3iu118fe4zxti5 id nolu satıcıdan 0.03821900 fiyatından 0.02174494 adet 1 id nolu coin karşılığında 6 id nolu coin satın aldı. Emir kapandı.
TRADE - 2021-01-20 11:39:04 --> (0.94041100 1611131944) trade işleminde  : t8fnj3e0vksdzxxgzj0r4gdabjfv id nolu alıcı 6bavdl8dik135r3iu118fe4zxti5 id nolu satıcıdan 0.00000051 fiyatından 42552.03318852 adet 6 id nolu coin karşılığında 139 id nolu coin satın aldı. Emir kapandı.
TRADE - 2021-01-20 11:39:25 --> (0.78097200 1611131965) trade işleminde  : t8fnj3e0vksdzxxgzj0r4gdabjfv id nolu satıcı 6bavdl8dik135r3iu118fe4zxti5 id nolu alıcıya 0.00000002 fiyatından 42552.03318852 adet 1 id nolu coin karşılığında 139 id nolu coin sattı. Emir kapandı.
TRADE - 2021-01-20 11:39:45 --> (0.43476200 1611131985) trade işleminde  : t8fnj3e0vksdzxxgzj0r4gdabjfv id nolu alıcı 6bavdl8dik135r3iu118fe4zxti5 id nolu satıcıdan 0.03819700 fiyatından 0.02218611 adet 1 id nolu coin karşılığında 6 id nolu coin satın aldı. Emir kapandı.
TRADE - 2021-01-20 11:40:20 --> (0.52564600 1611132020) trade işleminde  : t8fnj3e0vksdzxxgzj0r4gdabjfv id nolu alıcı 6bavdl8dik135r3iu118fe4zxti5 id nolu satıcıdan 0.00000051 fiyatından 43415.34577903 adet 6 id nolu coin karşılığında 139 id nolu coin satın aldı. Emir kapandı.
TRADE - 2021-01-20 11:40:39 --> (0.03931600 1611132039) trade işleminde  : t8fnj3e0vksdzxxgzj0r4gdabjfv id nolu satıcı 6bavdl8dik135r3iu118fe4zxti5 id nolu alıcıya 0.00000002 fiyatından 43415.34577903 adet 1 id nolu coin karşılığında 139 id nolu coin sattı. Emir kapandı.
TRADE - 2021-01-20 11:41:01 --> (0.71079200 1611132061) trade işleminde  : t8fnj3e0vksdzxxgzj0r4gdabjfv id nolu satıcı 6bavdl8dik135r3iu118fe4zxti5 id nolu alıcıya 35659.12000000 fiyatından 0.00086699 adet 9 id nolu coin karşılığında 1 id nolu coin sattı. Emir kapandı.
TRADE - 2021-01-20 11:41:23 --> (0.40442200 1611132083) trade işleminde  : t8fnj3e0vksdzxxgzj0r4gdabjfv id nolu alıcı 6bavdl8dik135r3iu118fe4zxti5 id nolu satıcıdan 1357.30000100 fiyatından 0.02262510 adet 9 id nolu coin karşılığında 6 id nolu coin satın aldı. Emir kapandı.
TRADE - 2021-01-20 11:41:44 --> (0.92518600 1611132104) trade işleminde  : t8fnj3e0vksdzxxgzj0r4gdabjfv id nolu alıcı 6bavdl8dik135r3iu118fe4zxti5 id nolu satıcıdan 0.00000051 fiyatından 44274.39239169 adet 6 id nolu coin karşılığında 139 id nolu coin satın aldı. Emir kapandı.
TRADE - 2021-01-20 11:42:03 --> (0.83643100 1611132123) trade işleminde  : t8fnj3e0vksdzxxgzj0r4gdabjfv id nolu satıcı 6bavdl8dik135r3iu118fe4zxti5 id nolu alıcıya 0.00000002 fiyatından 44274.39239169 adet 1 id nolu coin karşılığında 139 id nolu coin sattı. Emir kapandı.
TRADE - 2021-01-20 11:42:20 --> (0.70124100 1611132140) trade işleminde  : t8fnj3e0vksdzxxgzj0r4gdabjfv id nolu alıcı 6bavdl8dik135r3iu118fe4zxti5 id nolu satıcıdan 0.03816100 fiyatından 0.02311145 adet 1 id nolu coin karşılığında 6 id nolu coin satın aldı. Emir kapandı.
TRADE - 2021-01-20 11:42:37 --> (0.96173000 1611132157) trade işleminde  : t8fnj3e0vksdzxxgzj0r4gdabjfv id nolu alıcı 6bavdl8dik135r3iu118fe4zxti5 id nolu satıcıdan 0.00000051 fiyatından 45226.11639466 adet 6 id nolu coin karşılığında 139 id nolu coin satın aldı. Emir kapandı.
TRADE - 2021-01-20 11:43:20 --> (0.66460300 1611132200) trade işleminde  : t8fnj3e0vksdzxxgzj0r4gdabjfv id nolu satıcı 6bavdl8dik135r3iu118fe4zxti5 id nolu alıcıya 0.00000002 fiyatından 45226.11639466 adet 1 id nolu coin karşılığında 139 id nolu coin sattı. Emir kapandı.
TRADE - 2021-01-20 11:43:40 --> (0.48213800 1611132220) trade işleminde  : t8fnj3e0vksdzxxgzj0r4gdabjfv id nolu alıcı 6bavdl8dik135r3iu118fe4zxti5 id nolu satıcıdan 0.03816100 fiyatından 0.02360809 adet 1 id nolu coin karşılığında 6 id nolu coin satın aldı. Emir kapandı.
TRADE - 2021-01-20 11:44:03 --> (0.18285400 1611132243) trade işleminde  : t8fnj3e0vksdzxxgzj0r4gdabjfv id nolu alıcı 6bavdl8dik135r3iu118fe4zxti5 id nolu satıcıdan 0.00000051 fiyatından 46197.97659583 adet 6 id nolu coin karşılığında 139 id nolu coin satın aldı. Emir kapandı.
TRADE - 2021-01-20 11:44:43 --> (0.34173700 1611132283) trade işleminde  : t8fnj3e0vksdzxxgzj0r4gdabjfv id nolu satıcı 6bavdl8dik135r3iu118fe4zxti5 id nolu alıcıya 0.00000002 fiyatından 46197.97659583 adet 1 id nolu coin karşılığında 139 id nolu coin sattı. Emir kapandı.
TRADE - 2021-01-20 11:44:59 --> (0.97467900 1611132299) trade işleminde  : t8fnj3e0vksdzxxgzj0r4gdabjfv id nolu alıcı 6bavdl8dik135r3iu118fe4zxti5 id nolu satıcıdan 0.03816100 fiyatından 0.02411544 adet 1 id nolu coin karşılığında 6 id nolu coin satın aldı. Emir kapandı.
TRADE - 2021-01-20 11:45:18 --> (0.97485000 1611132318) trade işleminde  : t8fnj3e0vksdzxxgzj0r4gdabjfv id nolu alıcı 6bavdl8dik135r3iu118fe4zxti5 id nolu satıcıdan 0.00000051 fiyatından 47190.79488083 adet 6 id nolu coin karşılığında 139 id nolu coin satın aldı. Emir kapandı.
TRADE - 2021-01-20 11:45:37 --> (0.93618200 1611132337) trade işleminde  : t8fnj3e0vksdzxxgzj0r4gdabjfv id nolu satıcı 6bavdl8dik135r3iu118fe4zxti5 id nolu alıcıya 0.00000002 fiyatından 47190.79488083 adet 1 id nolu coin karşılığında 139 id nolu coin sattı. Emir kapandı.
TRADE - 2021-01-20 11:45:57 --> (0.51438800 1611132357) trade işleminde  : t8fnj3e0vksdzxxgzj0r4gdabjfv id nolu alıcı 6bavdl8dik135r3iu118fe4zxti5 id nolu satıcıdan 0.03816100 fiyatından 0.02463379 adet 1 id nolu coin karşılığında 6 id nolu coin satın aldı. Emir kapandı.
TRADE - 2021-01-20 11:46:16 --> (0.64744000 1611132376) trade işleminde  : t8fnj3e0vksdzxxgzj0r4gdabjfv id nolu alıcı 6bavdl8dik135r3iu118fe4zxti5 id nolu satıcıdan 0.00000051 fiyatından 48205.13874212 adet 6 id nolu coin karşılığında 139 id nolu coin satın aldı. Emir kapandı.
TRADE - 2021-01-20 11:46:38 --> (0.13859000 1611132398) trade işleminde  : t8fnj3e0vksdzxxgzj0r4gdabjfv id nolu satıcı 6bavdl8dik135r3iu118fe4zxti5 id nolu alıcıya 0.00000002 fiyatından 48205.13874212 adet 1 id nolu coin karşılığında 139 id nolu coin sattı. Emir kapandı.
TRADE - 2021-01-20 11:46:56 --> (0.75807200 1611132416) trade işleminde  : t8fnj3e0vksdzxxgzj0r4gdabjfv id nolu alıcı 6bavdl8dik135r3iu118fe4zxti5 id nolu satıcıdan 0.03816100 fiyatından 0.02516311 adet 1 id nolu coin karşılığında 6 id nolu coin satın aldı. Emir kapandı.
TRADE - 2021-01-20 11:47:27 --> (0.95300700 1611132447) trade işleminde  : t8fnj3e0vksdzxxgzj0r4gdabjfv id nolu alıcı 6bavdl8dik135r3iu118fe4zxti5 id nolu satıcıdan 0.00000051 fiyatından 49240.94947360 adet 6 id nolu coin karşılığında 139 id nolu coin satın aldı. Emir kapandı.
TRADE - 2021-01-20 11:47:44 --> (0.51380000 1611132464) trade işleminde  : t8fnj3e0vksdzxxgzj0r4gdabjfv id nolu satıcı 6bavdl8dik135r3iu118fe4zxti5 id nolu alıcıya 0.00000002 fiyatından 49240.94947360 adet 1 id nolu coin karşılığında 139 id nolu coin sattı. Emir kapandı.
TRADE - 2021-01-20 11:48:51 --> (0.58747200 1611132531) trade işleminde  : t8fnj3e0vksdzxxgzj0r4gdabjfv id nolu alıcı 6bavdl8dik135r3iu118fe4zxti5 id nolu satıcıdan 0.03817500 fiyatından 0.02569452 adet 1 id nolu coin karşılığında 6 id nolu coin satın aldı. Emir kapandı.
TRADE - 2021-01-20 11:52:45 --> (0.49985500 1611132765) trade işleminde  : t8fnj3e0vksdzxxgzj0r4gdabjfv id nolu alıcı 6bavdl8dik135r3iu118fe4zxti5 id nolu satıcıdan 0.00000051 fiyatından 50280.85006458 adet 6 id nolu coin karşılığında 139 id nolu coin satın aldı. Emir kapandı.
TRADE - 2021-01-20 11:53:08 --> (0.40065300 1611132788) trade işleminde  : t8fnj3e0vksdzxxgzj0r4gdabjfv id nolu satıcı 6bavdl8dik135r3iu118fe4zxti5 id nolu alıcıya 0.00000002 fiyatından 50280.85006458 adet 1 id nolu coin karşılığında 139 id nolu coin sattı. Emir kapandı.
TRADE - 2021-01-20 11:54:00 --> (0.73623400 1611132840) trade işleminde  : t8fnj3e0vksdzxxgzj0r4gdabjfv id nolu alıcı 6bavdl8dik135r3iu118fe4zxti5 id nolu satıcıdan 0.03810500 fiyatından 0.02628544 adet 1 id nolu coin karşılığında 6 id nolu coin satın aldı. Emir kapandı.
TRADE - 2021-01-20 11:54:22 --> (0.71390300 1611132862) trade işleminde  : t8fnj3e0vksdzxxgzj0r4gdabjfv id nolu alıcı 6bavdl8dik135r3iu118fe4zxti5 id nolu satıcıdan 0.00000051 fiyatından 51437.20402333 adet 6 id nolu coin karşılığında 139 id nolu coin satın aldı. Emir kapandı.
TRADE - 2021-01-20 11:54:43 --> (0.67546600 1611132883) trade işleminde  : t8fnj3e0vksdzxxgzj0r4gdabjfv id nolu satıcı 6bavdl8dik135r3iu118fe4zxti5 id nolu alıcıya 0.00000002 fiyatından 51437.20402333 adet 1 id nolu coin karşılığında 139 id nolu coin sattı. Emir kapandı.
TRADE - 2021-01-20 11:55:06 --> (0.67197000 1611132906) trade işleminde  : t8fnj3e0vksdzxxgzj0r4gdabjfv id nolu satıcı 6bavdl8dik135r3iu118fe4zxti5 id nolu alıcıya 35517.34000000 fiyatından 0.00102669 adet 9 id nolu coin karşılığında 1 id nolu coin sattı. Emir kapandı.
TRADE - 2021-01-20 12:39:57 --> (0.55033600 1611135597) trade işleminde  : 6bavdl8dik135r3iu118fe4zxti5 id nolu satıcı n7fo2uy0w8j9pxh9vkh5cii1fotr id nolu alıcıya 0.03021000 fiyatından 43.52746873 adet 9 id nolu coin karşılığında 128 id nolu coin sattı. Emir kapandı.
TRADE - 2021-01-20 13:06:02 --> (0.74575000 1611137162) trade işleminde  : akxm82t179lsh06ax3jtd0lc96k3 id nolu satıcı 6bavdl8dik135r3iu118fe4zxti5 id nolu alıcıya 20.06360000 fiyatından 0.62270699 adet 9 id nolu coin karşılığında 163 id nolu coin sattı. Emir kapandı.
TRADE - 2021-01-20 19:33:29 --> (0.52818900 1611160409) trade işleminde  : hyzgkezbm1tnf23odplxrlehk507 id nolu alıcı 6bavdl8dik135r3iu118fe4zxti5 id nolu satıcıdan 0.03791100 fiyatından 0.1265 adet 1 id nolu coin karşılığında 6 id nolu coin satın aldı. Satıcının miktarı yetmedi ve eşleşen bir fiyat olmadığı için 0.08429863 adet alış emri açıldı.
TRADE - 2021-01-20 19:34:00 --> (0.37077300 1611160440) trade işleminde  : 6bavdl8dik135r3iu118fe4zxti5 id nolu satıcı hyzgkezbm1tnf23odplxrlehk507 id nolu alıcıya 0.03796000 fiyatından 0.08429863 adet 1 id nolu coin karşılığında 6 id nolu coin sattı. Emir kapandı.
TRADE - 2021-01-20 22:02:12 --> (0.41527800 1611169332) trade işleminde  : 6bavdl8dik135r3iu118fe4zxti5 id nolu alıcı n7fo2uy0w8j9pxh9vkh5cii1fotr id nolu satıcıdan 0.03023000 fiyatından 43.52746873 adet 9 id nolu coin karşılığında 128 id nolu coin satın aldı. Alıcı almak istediği miktarı aldı. Boş emir açıldı.
TRADE - 2021-01-20 23:52:53 --> (0.50093800 1611175973) trade işleminde  : 6bavdl8dik135r3iu118fe4zxti5 id nolu satıcı hzkkvjc842r2z37h6mfmez0ovbz0 id nolu alıcıya 0.03019000 fiyatından 19.38582491 adet 9 id nolu coin karşılığında 128 id nolu coin sattı. Emir kapandı.
TRADE - 2021-01-20 23:56:39 --> (0.10879500 1611176199) trade işleminde  : 6bavdl8dik135r3iu118fe4zxti5 id nolu alıcı hzkkvjc842r2z37h6mfmez0ovbz0 id nolu satıcıdan 0.03018000 fiyatından 19.38582491 adet 9 id nolu coin karşılığında 128 id nolu coin satın aldı. Alıcı almak istediği miktarı aldı. Boş emir açıldı.
TRADE - 2021-01-20 23:57:19 --> (0.79578100 1611176239) trade işleminde  : hzkkvjc842r2z37h6mfmez0ovbz0 id nolu alıcı 6bavdl8dik135r3iu118fe4zxti5 id nolu satıcıdan 0.29203000 fiyatından 1.99544092 adet 9 id nolu coin karşılığında 7 id nolu coin satın aldı. Emir kapandı.
