TRADE - 2020-12-15 01:30:31 --> (0.43816500 1607985031) trade işleminde  : hzon720zk2cdr3dyllb8pr4yhpae id nolu alıcı 6bavdl8dik135r3iu118fe4zxti5 id nolu satıcıdan 0.00321110 fiyatından 7769.95415292 adet 9 id nolu coin karşılığında 3 id nolu coin satın aldı. Emir kapandı.
TRADE - 2020-12-15 02:22:22 --> (0.81702000 1607988142) trade işleminde  : hzon720zk2cdr3dyllb8pr4yhpae id nolu alıcı ebhx9wjf67y4iv1pjb76gbmnkmak id nolu satıcıdan 0.00000400 fiyatından 1000000 adet 9 id nolu coin karşılığında 145 id nolu coin satın aldı. Alıcı almak istediği miktarı aldı. Boş emir açıldı.
TRADE - 2020-12-15 02:22:23 --> (0.07351600 1607988143) trade işleminde  : hzon720zk2cdr3dyllb8pr4yhpae id nolu alıcı ebhx9wjf67y4iv1pjb76gbmnkmak id nolu satıcıdan 0.00000400 fiyatından 2456792.00000000 adet 9 id nolu coin karşılığında 145 id nolu coin almak istedi ama satıcının miktarı(1456792) yetmedi ve emir tekrar etti.
TRADE - 2020-12-15 02:25:37 --> (0.76852700 1607988337) trade işleminde  : hzon720zk2cdr3dyllb8pr4yhpae id nolu alıcı ebhx9wjf67y4iv1pjb76gbmnkmak id nolu satıcıdan 0.00000490 fiyatından 466281.51655872 adet 9 id nolu coin karşılığında 145 id nolu coin satın aldı. Alıcı almak istediği miktarı aldı. Boş emir açıldı.
TRADE - 2020-12-15 02:25:43 --> (0.93906900 1607988343) trade işleminde  : hzon720zk2cdr3dyllb8pr4yhpae id nolu alıcı fh1x9rh9o0tuev1we9c5318aq0kb id nolu satıcıdan 0.00000494 fiyatından 554975 adet 9 id nolu coin karşılığında 145 id nolu coin satın aldı. Alıcı almak istediği miktarı aldı. Boş emir açıldı.
TRADE - 2020-12-15 02:25:48 --> (0.12629100 1607988348) trade işleminde  : hzon720zk2cdr3dyllb8pr4yhpae id nolu alıcı hq89sanm241lnihbj5b6oqd5z3bh id nolu satıcıdan 0.00000498 fiyatından 83724 adet 9 id nolu coin karşılığında 145 id nolu coin satın aldı. Alıcı almak istediği miktarı aldı. Boş emir açıldı.
TRADE - 2020-12-15 02:25:53 --> (0.34222600 1607988353) trade işleminde  : hzon720zk2cdr3dyllb8pr4yhpae id nolu alıcı ebhx9wjf67y4iv1pjb76gbmnkmak id nolu satıcıdan 0.00000500 fiyatından 900000 adet 9 id nolu coin karşılığında 145 id nolu coin satın aldı. Alıcı almak istediği miktarı aldı. Boş emir açıldı.
TRADE - 2020-12-15 03:19:56 --> (0.85330600 1607991596) trade işleminde  : hzon720zk2cdr3dyllb8pr4yhpae id nolu alıcı hq89sanm241lnihbj5b6oqd5z3bh id nolu satıcıdan 0.00000599 fiyatından 81798 adet 9 id nolu coin karşılığında 145 id nolu coin satın aldı. Alıcı almak istediği miktarı aldı. Boş emir açıldı.
TRADE - 2020-12-15 07:44:39 --> (0.18224900 1608007479) trade işleminde  : gwgvn9fj4jobujl16xk5gy1vey0k id nolu satıcı 6bavdl8dik135r3iu118fe4zxti5 id nolu alıcıya 82.90326698 fiyatından 0.06584875 adet 9 id nolu coin karşılığında 2 id nolu coin sattı. Emir kapandı.
TRADE - 2020-12-15 07:44:39 --> (0.56060400 1608007479) trade işleminde  : gwgvn9fj4jobujl16xk5gy1vey0k id nolu satıcı 6bavdl8dik135r3iu118fe4zxti5 id nolu alıcıya 82.90820607 fiyatından 0.23400000 adet 9 id nolu coin karşılığında 2 id nolu coini satmak istedi ama alıcının miktarı(0.16815125) yetmedi ve emir tekrar etti.
TRADE - 2020-12-15 07:46:06 --> (0.95688700 1608007566) trade işleminde  : gwgvn9fj4jobujl16xk5gy1vey0k id nolu alıcı 8mka6bv7y37b40cvx8xd68lemcak id nolu satıcıdan 0.00000600 fiyatından 300000 adet 9 id nolu coin karşılığında 145 id nolu coin satın aldı. Alıcı almak istediği miktarı aldı. Boş emir açıldı.
TRADE - 2020-12-15 07:46:18 --> (0.63302300 1608007578) trade işleminde  : gwgvn9fj4jobujl16xk5gy1vey0k id nolu alıcı ebhx9wjf67y4iv1pjb76gbmnkmak id nolu satıcıdan 0.00000640 fiyatından 1800000 adet 9 id nolu coin karşılığında 145 id nolu coin satın aldı. Alıcı almak istediği miktarı aldı. Boş emir açıldı.
TRADE - 2020-12-15 07:46:34 --> (0.31999800 1608007594) trade işleminde  : gwgvn9fj4jobujl16xk5gy1vey0k id nolu alıcı ebhx9wjf67y4iv1pjb76gbmnkmak id nolu satıcıdan 0.00000650 fiyatından 923499.86181483 adet 9 id nolu coin karşılığında 145 id nolu coin satın aldı. Emir kapandı.
TRADE - 2020-12-15 10:27:39 --> (0.95708800 1608017259) trade işleminde  : hzon720zk2cdr3dyllb8pr4yhpae id nolu alıcı gwgvn9fj4jobujl16xk5gy1vey0k id nolu satıcıdan 0.00000625 fiyatından 400000 adet 9 id nolu coin karşılığında 145 id nolu coin satın aldı. Alıcı almak istediği miktarı aldı. Boş emir açıldı.
TRADE - 2020-12-15 10:27:45 --> (0.95651000 1608017265) trade işleminde  : hzon720zk2cdr3dyllb8pr4yhpae id nolu alıcı ebhx9wjf67y4iv1pjb76gbmnkmak id nolu satıcıdan 0.00000650 fiyatından 276500.13818517 adet 9 id nolu coin karşılığında 145 id nolu coin satın aldı. Alıcı almak istediği miktarı aldı. Boş emir açıldı.
TRADE - 2020-12-15 10:27:52 --> (0.29113500 1608017272) trade işleminde  : hzon720zk2cdr3dyllb8pr4yhpae id nolu alıcı anqjka6bpomy1v2r0w0l4jun3588 id nolu satıcıdan 0.00000699 fiyatından 808796 adet 9 id nolu coin karşılığında 145 id nolu coin satın aldı. Alıcı almak istediği miktarı aldı. Boş emir açıldı.
TRADE - 2020-12-15 10:28:01 --> (0.16827900 1608017281) trade işleminde  : hzon720zk2cdr3dyllb8pr4yhpae id nolu alıcı 8mka6bv7y37b40cvx8xd68lemcak id nolu satıcıdan 0.00000700 fiyatından 300000 adet 9 id nolu coin karşılığında 145 id nolu coin satın aldı. Alıcı almak istediği miktarı aldı. Boş emir açıldı.
TRADE - 2020-12-15 10:28:13 --> (0.32723100 1608017293) trade işleminde  : hzon720zk2cdr3dyllb8pr4yhpae id nolu alıcı 8mka6bv7y37b40cvx8xd68lemcak id nolu satıcıdan 0.00000750 fiyatından 300000 adet 9 id nolu coin karşılığında 145 id nolu coin satın aldı. Alıcı almak istediği miktarı aldı. Boş emir açıldı.
TRADE - 2020-12-15 10:28:27 --> (0.42208300 1608017307) trade işleminde  : hzon720zk2cdr3dyllb8pr4yhpae id nolu alıcı anqjka6bpomy1v2r0w0l4jun3588 id nolu satıcıdan 0.00000793 fiyatından 27746.65926659 adet 9 id nolu coin karşılığında 145 id nolu coin satın aldı. Emir kapandı.
TRADE - 2020-12-15 10:31:14 --> (0.48560000 1608017474) trade işleminde  : hzon720zk2cdr3dyllb8pr4yhpae id nolu alıcı 6bavdl8dik135r3iu118fe4zxti5 id nolu satıcıdan 583.74000100 fiyatından 0.00653917 adet 9 id nolu coin karşılığında 6 id nolu coin satın aldı. Emir kapandı.
TRADE - 2020-12-15 10:31:30 --> (0.99652000 1608017490) trade işleminde  : hzon720zk2cdr3dyllb8pr4yhpae id nolu alıcı hzon720zk2cdr3dyllb8pr4yhpae id nolu satıcıdan 0.00000002 fiyatından 326305.88822355 adet 6 id nolu coin karşılığında 145 id nolu coin satın aldı. Emir kapandı.
TRADE - 2020-12-15 10:31:35 --> (0.17537000 1608017495) trade işleminde  : hzon720zk2cdr3dyllb8pr4yhpae id nolu alıcı hzon720zk2cdr3dyllb8pr4yhpae id nolu satıcıdan 0.00000002 fiyatından 162501.74650699 adet 6 id nolu coin karşılığında 145 id nolu coin satın aldı. Emir kapandı.
TRADE - 2020-12-15 10:31:40 --> (0.27148700 1608017500) trade işleminde  : hzon720zk2cdr3dyllb8pr4yhpae id nolu alıcı hzon720zk2cdr3dyllb8pr4yhpae id nolu satıcıdan 0.00000002 fiyatından 81088.57285429 adet 6 id nolu coin karşılığında 145 id nolu coin satın aldı. Emir kapandı.
TRADE - 2020-12-15 10:31:43 --> (0.82504600 1608017503) trade işleminde  : hzon720zk2cdr3dyllb8pr4yhpae id nolu alıcı hzon720zk2cdr3dyllb8pr4yhpae id nolu satıcıdan 0.00000002 fiyatından 243023.20359281 adet 6 id nolu coin karşılığında 145 id nolu coin satın aldı. Emir kapandı.
TRADE - 2020-12-15 10:31:48 --> (0.32312100 1608017508) trade işleminde  : hzon720zk2cdr3dyllb8pr4yhpae id nolu alıcı hzon720zk2cdr3dyllb8pr4yhpae id nolu satıcıdan 0.00000002 fiyatından 161530.43912176 adet 6 id nolu coin karşılığında 145 id nolu coin satın aldı. Emir kapandı.
TRADE - 2020-12-15 10:31:52 --> (0.23713300 1608017512) trade işleminde  : hzon720zk2cdr3dyllb8pr4yhpae id nolu alıcı hzon720zk2cdr3dyllb8pr4yhpae id nolu satıcıdan 0.00000002 fiyatından 322416.16766467 adet 6 id nolu coin karşılığında 145 id nolu coin satın aldı. Emir kapandı.
TRADE - 2020-12-15 10:31:56 --> (0.05353700 1608017516) trade işleminde  : hzon720zk2cdr3dyllb8pr4yhpae id nolu alıcı hzon720zk2cdr3dyllb8pr4yhpae id nolu satıcıdan 0.00000002 fiyatından 80282.31037924 adet 6 id nolu coin karşılığında 145 id nolu coin satın aldı. Emir kapandı.
TRADE - 2020-12-15 10:31:59 --> (0.73906600 1608017519) trade işleminde  : hzon720zk2cdr3dyllb8pr4yhpae id nolu alıcı hzon720zk2cdr3dyllb8pr4yhpae id nolu satıcıdan 0.00000002 fiyatından 160404.19161677 adet 6 id nolu coin karşılığında 145 id nolu coin satın aldı. Emir kapandı.
TRADE - 2020-12-15 10:32:03 --> (0.50676000 1608017523) trade işleminde  : hzon720zk2cdr3dyllb8pr4yhpae id nolu alıcı hzon720zk2cdr3dyllb8pr4yhpae id nolu satıcıdan 0.00000002 fiyatından 240126.12275449 adet 6 id nolu coin karşılığında 145 id nolu coin satın aldı. Emir kapandı.
TRADE - 2020-12-15 10:32:07 --> (0.86913100 1608017527) trade işleminde  : hzon720zk2cdr3dyllb8pr4yhpae id nolu alıcı hzon720zk2cdr3dyllb8pr4yhpae id nolu satıcıdan 0.00000002 fiyatından 79802.39520958 adet 6 id nolu coin karşılığında 145 id nolu coin satın aldı. Emir kapandı.
TRADE - 2020-12-15 10:32:14 --> (0.89306600 1608017534) trade işleminde  : hzon720zk2cdr3dyllb8pr4yhpae id nolu alıcı hzon720zk2cdr3dyllb8pr4yhpae id nolu satıcıdan 0.00000002 fiyatından 239168.41317365 adet 6 id nolu coin karşılığında 145 id nolu coin satın aldı. Emir kapandı.
TRADE - 2020-12-15 10:32:23 --> (0.48447600 1608017543) trade işleminde  : hzon720zk2cdr3dyllb8pr4yhpae id nolu alıcı hzon720zk2cdr3dyllb8pr4yhpae id nolu satıcıdan 0.00000002 fiyatından 158968.31337325 adet 6 id nolu coin karşılığında 145 id nolu coin satın aldı. Emir kapandı.
TRADE - 2020-12-15 10:32:30 --> (0.26465900 1608017550) trade işleminde  : hzon720zk2cdr3dyllb8pr4yhpae id nolu alıcı hzon720zk2cdr3dyllb8pr4yhpae id nolu satıcıdan 0.00000002 fiyatından 317302.39520958 adet 6 id nolu coin karşılığında 145 id nolu coin satın aldı. Emir kapandı.
TRADE - 2020-12-15 10:32:37 --> (0.02773600 1608017557) trade işleminde  : hzon720zk2cdr3dyllb8pr4yhpae id nolu alıcı hzon720zk2cdr3dyllb8pr4yhpae id nolu satıcıdan 0.00000002 fiyatından 206623.34031937 adet 6 id nolu coin karşılığında 145 id nolu coin satın aldı. Alıcı almak istediği miktarı aldı. Boş emir açıldı.
TRADE - 2020-12-15 10:33:29 --> (0.22689800 1608017609) trade işleminde  : hzon720zk2cdr3dyllb8pr4yhpae id nolu satıcı 6bavdl8dik135r3iu118fe4zxti5 id nolu alıcıya 582.97999900 fiyatından 0.00631683 adet 9 id nolu coin karşılığında 6 id nolu coin sattı. Emir kapandı.
TRADE - 2020-12-15 11:00:24 --> (0.55569100 1608019224) trade işleminde  : hzon720zk2cdr3dyllb8pr4yhpae id nolu alıcı 8mka6bv7y37b40cvx8xd68lemcak id nolu satıcıdan 0.00000793 fiyatından 300000 adet 9 id nolu coin karşılığında 145 id nolu coin satın aldı. Alıcı almak istediği miktarı aldı. Boş emir açıldı.
TRADE - 2020-12-15 11:00:24 --> (0.99692900 1608019224) trade işleminde  : hzon720zk2cdr3dyllb8pr4yhpae id nolu alıcı anqjka6bpomy1v2r0w0l4jun3588 id nolu satıcıdan 0.00000793 fiyatından 755110.20792091 adet 9 id nolu coin karşılığında 145 id nolu coin almak istedi ama satıcının miktarı(455110.20792091) yetmedi ve emir tekrar etti.
TRADE - 2020-12-15 11:00:35 --> (0.75943600 1608019235) trade işleminde  : hzon720zk2cdr3dyllb8pr4yhpae id nolu alıcı 8mka6bv7y37b40cvx8xd68lemcak id nolu satıcıdan 0.00000794 fiyatından 300000 adet 9 id nolu coin karşılığında 145 id nolu coin satın aldı. Alıcı almak istediği miktarı aldı. Boş emir açıldı.
TRADE - 2020-12-15 11:00:36 --> (0.31915600 1608019236) trade işleminde  : hzon720zk2cdr3dyllb8pr4yhpae id nolu alıcı icnp9ss2gj8pk4q9b38kgtk31pyv id nolu satıcıdan 0.00000794 fiyatından 308964 adet 9 id nolu coin karşılığında 145 id nolu coin almak istedi ama satıcının miktarı(8964) yetmedi ve emir tekrar etti.
TRADE - 2020-12-15 11:00:36 --> (0.64560000 1608019236) trade işleminde  : hzon720zk2cdr3dyllb8pr4yhpae id nolu alıcı icnp9ss2gj8pk4q9b38kgtk31pyv id nolu satıcıdan 0.00000794 fiyatından 331229 adet 9 id nolu coin karşılığında 145 id nolu coin almak istedi ama satıcının miktarı(22265) yetmedi ve emir tekrar etti.
TRADE - 2020-12-15 11:00:37 --> (0.11062700 1608019237) trade işleminde  : hzon720zk2cdr3dyllb8pr4yhpae id nolu alıcı icnp9ss2gj8pk4q9b38kgtk31pyv id nolu satıcıdan 0.00000794 fiyatından 333709 adet 9 id nolu coin karşılığında 145 id nolu coin almak istedi ama satıcının miktarı(2480) yetmedi ve emir tekrar etti.
TRADE - 2020-12-15 11:00:37 --> (0.52397300 1608019237) trade işleminde  : hzon720zk2cdr3dyllb8pr4yhpae id nolu alıcı icnp9ss2gj8pk4q9b38kgtk31pyv id nolu satıcıdan 0.00000794 fiyatından 338847 adet 9 id nolu coin karşılığında 145 id nolu coin almak istedi ama satıcının miktarı(5138) yetmedi ve emir tekrar etti.
TRADE - 2020-12-15 11:00:37 --> (0.89962300 1608019237) trade işleminde  : hzon720zk2cdr3dyllb8pr4yhpae id nolu alıcı icnp9ss2gj8pk4q9b38kgtk31pyv id nolu satıcıdan 0.00000794 fiyatından 396867.00000000 adet 9 id nolu coin karşılığında 145 id nolu coin almak istedi ama satıcının miktarı(58020) yetmedi ve emir tekrar etti.
TRADE - 2020-12-15 11:00:47 --> (0.95262100 1608019247) trade işleminde  : hzon720zk2cdr3dyllb8pr4yhpae id nolu alıcı icnp9ss2gj8pk4q9b38kgtk31pyv id nolu satıcıdan 0.00000795 fiyatından 6475 adet 9 id nolu coin karşılığında 145 id nolu coin satın aldı. Alıcı almak istediği miktarı aldı. Boş emir açıldı.
TRADE - 2020-12-15 11:00:48 --> (0.26020500 1608019248) trade işleminde  : hzon720zk2cdr3dyllb8pr4yhpae id nolu alıcı icnp9ss2gj8pk4q9b38kgtk31pyv id nolu satıcıdan 0.00000795 fiyatından 8472 adet 9 id nolu coin karşılığında 145 id nolu coin almak istedi ama satıcının miktarı(1997) yetmedi ve emir tekrar etti.
TRADE - 2020-12-15 11:00:48 --> (0.58674200 1608019248) trade işleminde  : hzon720zk2cdr3dyllb8pr4yhpae id nolu alıcı icnp9ss2gj8pk4q9b38kgtk31pyv id nolu satıcıdan 0.00000795 fiyatından 171222.80348736 adet 9 id nolu coin karşılığında 145 id nolu coin almak istedi ama satıcının miktarı(162750.80348736) yetmedi ve emir tekrar etti.
TRADE - 2020-12-15 11:23:43 --> (0.59100200 1608020623) trade işleminde  : gwgvn9fj4jobujl16xk5gy1vey0k id nolu satıcı hzon720zk2cdr3dyllb8pr4yhpae id nolu alıcıya 0.00000700 fiyatından 69594.83639863 adet 9 id nolu coin karşılığında 145 id nolu coin sattı. Emir kapandı.
TRADE - 2020-12-15 11:23:50 --> (0.86805600 1608020630) trade işleminde  : gwgvn9fj4jobujl16xk5gy1vey0k id nolu satıcı hzon720zk2cdr3dyllb8pr4yhpae id nolu alıcıya 0.00000600 fiyatından 108258.63439787 adet 9 id nolu coin karşılığında 145 id nolu coin sattı. Emir kapandı.
TRADE - 2020-12-15 11:24:04 --> (0.93842200 1608020644) trade işleminde  : gwgvn9fj4jobujl16xk5gy1vey0k id nolu satıcı hzon720zk2cdr3dyllb8pr4yhpae id nolu alıcıya 0.00000550 fiyatından 132862.86880784 adet 9 id nolu coin karşılığında 145 id nolu coin sattı. Emir kapandı.
TRADE - 2020-12-15 11:24:17 --> (0.02777200 1608020657) trade işleminde  : gwgvn9fj4jobujl16xk5gy1vey0k id nolu satıcı hzon720zk2cdr3dyllb8pr4yhpae id nolu alıcıya 0.00000500 fiyatından 173213.81487026 adet 9 id nolu coin karşılığında 145 id nolu coin sattı. Emir kapandı.
TRADE - 2020-12-15 11:24:27 --> (0.83737000 1608020667) trade işleminde  : gwgvn9fj4jobujl16xk5gy1vey0k id nolu satıcı hzon720zk2cdr3dyllb8pr4yhpae id nolu alıcıya 0.00000450 fiyatından 162387.95187403 adet 9 id nolu coin karşılığında 145 id nolu coin sattı. Emir kapandı.
TRADE - 2020-12-15 11:24:40 --> (0.43380100 1608020680) trade işleminde  : gwgvn9fj4jobujl16xk5gy1vey0k id nolu satıcı hzon720zk2cdr3dyllb8pr4yhpae id nolu alıcıya 0.00000400 fiyatından 288689.69186627 adet 9 id nolu coin karşılığında 145 id nolu coin sattı. Emir kapandı.
TRADE - 2020-12-15 12:26:31 --> (0.53038200 1608024391) trade işleminde  : hzon720zk2cdr3dyllb8pr4yhpae id nolu alıcı 8mka6bv7y37b40cvx8xd68lemcak id nolu satıcıdan 0.00000850 fiyatından 9120.40859458 adet 9 id nolu coin karşılığında 145 id nolu coin satın aldı. Emir kapandı.
TRADE - 2020-12-15 14:21:14 --> (0.74376500 1608031274) trade işleminde  : 6bavdl8dik135r3iu118fe4zxti5 id nolu alıcı o3bdse9el0mi1ma3ykplkcxiwx7d id nolu satıcıdan 0.00320120 fiyatından 0.175 adet 9 id nolu coin karşılığında 3 id nolu coin satın aldı. Alıcı almak istediği miktarı aldı. Boş emir açıldı.
TRADE - 2020-12-15 14:23:24 --> (0.94738300 1608031404) trade işleminde  : o3bdse9el0mi1ma3ykplkcxiwx7d id nolu satıcı 0q6vv13ewy2g05gerglbot3ssicz id nolu alıcıya 0.02365000 fiyatından 0.03500000 adet 9 id nolu coin karşılığında 14 id nolu coin sattı. Emir kapandı.
TRADE - 2020-12-15 14:30:27 --> (0.42022300 1608031827) trade işleminde  : o3bdse9el0mi1ma3ykplkcxiwx7d id nolu satıcı 6bavdl8dik135r3iu118fe4zxti5 id nolu alıcıya 82.00878643 fiyatından 0.00963833 adet 9 id nolu coin karşılığında 2 id nolu coin sattı. Emir kapandı.
TRADE - 2020-12-15 14:37:17 --> (0.99021500 1608032237) trade işleminde  : o3bdse9el0mi1ma3ykplkcxiwx7d id nolu alıcı 6bavdl8dik135r3iu118fe4zxti5 id nolu satıcıdan 586.40000100 fiyatından 0.00066234 adet 9 id nolu coin karşılığında 6 id nolu coin satın aldı. Emir kapandı.
TRADE - 2020-12-15 15:05:06 --> (0.16353100 1608033906) trade işleminde  : 6bavdl8dik135r3iu118fe4zxti5 id nolu alıcı o3bdse9el0mi1ma3ykplkcxiwx7d id nolu satıcıdan 0.02918000 fiyatından 0.0089 adet 9 id nolu coin karşılığında 128 id nolu coin satın aldı. Alıcı almak istediği miktarı aldı. Boş emir açıldı.
TRADE - 2020-12-15 15:27:04 --> (0.91164000 1608035224) trade işleminde  : 6bavdl8dik135r3iu118fe4zxti5 id nolu alıcı o3bdse9el0mi1ma3ykplkcxiwx7d id nolu satıcıdan 0.00687556 fiyatından 0.0219 adet 9 id nolu coin karşılığında 17 id nolu coin satın aldı. Alıcı almak istediği miktarı aldı. Boş emir açıldı.
TRADE - 2020-12-15 15:43:26 --> (0.39126900 1608036206) trade işleminde  : 6bavdl8dik135r3iu118fe4zxti5 id nolu satıcı o3bdse9el0mi1ma3ykplkcxiwx7d id nolu alıcıya 0.00320880 fiyatından 622.04187984 adet 9 id nolu coin karşılığında 3 id nolu coin sattı. Emir kapandı.
TRADE - 2020-12-15 16:13:05 --> (0.48427800 1608037985) trade işleminde  : 6bavdl8dik135r3iu118fe4zxti5 id nolu alıcı o3bdse9el0mi1ma3ykplkcxiwx7d id nolu satıcıdan 0.00320750 fiyatından 622.04187984 adet 9 id nolu coin karşılığında 3 id nolu coin satın aldı. Alıcı almak istediği miktarı aldı. Boş emir açıldı.
TRADE - 2020-12-15 16:36:37 --> (0.43216100 1608039397) trade işleminde  : 6bavdl8dik135r3iu118fe4zxti5 id nolu alıcı k9byqehtm3uje80wih5l4lq5te55 id nolu satıcıdan 0.03034400 fiyatından 0.05 adet 1 id nolu coin karşılığında 6 id nolu coin satın aldı. Alıcı almak istediği miktarı aldı. Boş emir açıldı.
TRADE - 2020-12-15 16:52:54 --> (0.08611400 1608040374) trade işleminde  : 6bavdl8dik135r3iu118fe4zxti5 id nolu satıcı o3bdse9el0mi1ma3ykplkcxiwx7d id nolu alıcıya 585.78000100 fiyatından 0.0033904 adet 9 id nolu coin karşılığında 6 id nolu coin sattı. Emir kapandı.
TRADE - 2020-12-15 17:15:59 --> (0.71210700 1608041759) trade işleminde  : 6bavdl8dik135r3iu118fe4zxti5 id nolu satıcı 8mka6bv7y37b40cvx8xd68lemcak id nolu alıcıya 81.79191369 fiyatından 0.13381099 adet 9 id nolu coin karşılığında 2 id nolu coin sattı. Emir kapandı.
TRADE - 2020-12-15 18:22:31 --> (0.58135700 1608045751) trade işleminde  : ffgjg8a2qpxe7hcf66emwry6nwri id nolu satıcı 0q6vv13ewy2g05gerglbot3ssicz id nolu alıcıya 0.02365000 fiyatından 0.00500000 adet 9 id nolu coin karşılığında 14 id nolu coin sattı. Emir kapandı.
TRADE - 2020-12-15 18:30:24 --> (0.76898400 1608046224) trade işleminde  : 6bavdl8dik135r3iu118fe4zxti5 id nolu satıcı ffgjg8a2qpxe7hcf66emwry6nwri id nolu alıcıya 0.47211000 fiyatından 0.00728462 adet 9 id nolu coin karşılığında 7 id nolu coin sattı. Emir kapandı.
TRADE - 2020-12-15 19:18:14 --> (0.94690900 1608049094) trade işleminde  : hzon720zk2cdr3dyllb8pr4yhpae id nolu alıcı 6bavdl8dik135r3iu118fe4zxti5 id nolu satıcıdan 585.63000100 fiyatından 0.04427911 adet 9 id nolu coin karşılığında 6 id nolu coin satın aldı. Emir kapandı.
TRADE - 2020-12-15 19:18:38 --> (0.42501600 1608049118) trade işleminde  : hzon720zk2cdr3dyllb8pr4yhpae id nolu alıcı 6bavdl8dik135r3iu118fe4zxti5 id nolu satıcıdan 0.00000102 fiyatından 43324.24366952 adet 6 id nolu coin karşılığında 139 id nolu coin satın aldı. Emir kapandı.
TRADE - 2020-12-15 19:27:44 --> (0.17775100 1608049664) trade işleminde  : hzon720zk2cdr3dyllb8pr4yhpae id nolu satıcı 6bavdl8dik135r3iu118fe4zxti5 id nolu alıcıya 0.00000098 fiyatından 43397.21440113 adet 6 id nolu coin karşılığında 139 id nolu coin sattı. Emir kapandı.
TRADE - 2020-12-15 19:28:05 --> (0.83180900 1608049685) trade işleminde  : hzon720zk2cdr3dyllb8pr4yhpae id nolu satıcı 6bavdl8dik135r3iu118fe4zxti5 id nolu alıcıya 585.42999900 fiyatından 0.04244421 adet 9 id nolu coin karşılığında 6 id nolu coin sattı. Emir kapandı.
TRADE - 2020-12-15 20:22:01 --> (0.43837100 1608052921) trade işleminde  : fj44e71pzte52i5igwc2u137qyx7 id nolu satıcı hzon720zk2cdr3dyllb8pr4yhpae id nolu alıcıya 0.00300000 fiyatından 6187.22943446 adet 9 id nolu coin karşılığında 152 id nolu coin sattı. Emir kapandı.
TRADE - 2020-12-15 20:22:07 --> (0.38104600 1608052927) trade işleminde  : fj44e71pzte52i5igwc2u137qyx7 id nolu satıcı 065ozong9wfd5fiike0gcj82x1us id nolu alıcıya 0.00100000 fiyatından 3522.36906188 adet 9 id nolu coin karşılığında 152 id nolu coin sattı. Emir kapandı.
TRADE - 2020-12-15 20:22:19 --> (0.80643500 1608052939) trade işleminde  : fj44e71pzte52i5igwc2u137qyx7 id nolu alıcı fj44e71pzte52i5igwc2u137qyx7 id nolu satıcıdan 0.02420020 fiyatından 100.00000000 adet 9 id nolu coin karşılığında 152 id nolu coin satın aldı. Emir kapandı.
TRADE - 2020-12-15 20:23:59 --> (0.27795700 1608053039) trade işleminde  : fj44e71pzte52i5igwc2u137qyx7 id nolu satıcı 3p5816hym8x0z1sklpax6bm8dpcs id nolu alıcıya 0.00000550 fiyatından 8000 adet 6 id nolu coin karşılığında 152 id nolu coin sattı. Emir kapandı.
TRADE - 2020-12-15 20:23:59 --> (0.84517300 1608053039) trade işleminde  : fj44e71pzte52i5igwc2u137qyx7 id nolu satıcı 3p5816hym8x0z1sklpax6bm8dpcs id nolu alıcıya 0.00000650 fiyatından 9035.11703865 adet 6 id nolu coin karşılığında 152 id nolu coini satmak istedi ama alıcının miktarı(1035.11703865) yetmedi ve emir tekrar etti.
TRADE - 2020-12-15 20:24:44 --> (0.90880900 1608053084) trade işleminde  : fj44e71pzte52i5igwc2u137qyx7 id nolu alıcı 3p5816hym8x0z1sklpax6bm8dpcs id nolu satıcıdan 0.00004000 fiyatından 106.45348000 adet 6 id nolu coin karşılığında 152 id nolu coin satın aldı. Emir kapandı.
TRADE - 2020-12-15 20:25:00 --> (0.40076700 1608053100) trade işleminde  : fj44e71pzte52i5igwc2u137qyx7 id nolu alıcı 3p5816hym8x0z1sklpax6bm8dpcs id nolu satıcıdan 0.00004000 fiyatından 25.56468400 adet 6 id nolu coin karşılığında 152 id nolu coin satın aldı. Emir kapandı.
TRADE - 2020-12-15 20:34:56 --> (0.48346600 1608053696) trade işleminde  : fj44e71pzte52i5igwc2u137qyx7 id nolu satıcı 6bavdl8dik135r3iu118fe4zxti5 id nolu alıcıya 585.96999900 fiyatından 0.04464235 adet 9 id nolu coin karşılığında 6 id nolu coin sattı. Emir kapandı.
TRADE - 2020-12-15 20:40:05 --> (0.31043100 1608054005) trade işleminde  : fj44e71pzte52i5igwc2u137qyx7 id nolu alıcı 6bavdl8dik135r3iu118fe4zxti5 id nolu satıcıdan 0.47600000 fiyatından 96.57369840 adet 9 id nolu coin karşılığında 7 id nolu coin satın aldı. Emir kapandı.
TRADE - 2020-12-15 20:55:08 --> (0.78095500 1608054908) trade işleminde  : hzon720zk2cdr3dyllb8pr4yhpae id nolu satıcı fj44e71pzte52i5igwc2u137qyx7 id nolu alıcıya 0.02020000 fiyatından 102.56456 adet 9 id nolu coin karşılığında 152 id nolu coin sattı. Emir kapandı.
TRADE - 2020-12-15 23:39:35 --> (0.36658400 1608064775) trade işleminde  : ka7ou3zus16bwqh9r3mr5ntul2n9 id nolu satıcı 6bavdl8dik135r3iu118fe4zxti5 id nolu alıcıya 0.00000016 fiyatından 850.00000000 adet 1 id nolu coin karşılığında 3 id nolu coin sattı. Emir kapandı.
TRADE - 2020-12-15 23:43:08 --> (0.47508400 1608064988) trade işleminde  : ka7ou3zus16bwqh9r3mr5ntul2n9 id nolu alıcı 6bavdl8dik135r3iu118fe4zxti5 id nolu satıcıdan 0.00000004 fiyatından 3240.00000000 adet 1 id nolu coin karşılığında 139 id nolu coin satın aldı. Emir kapandı.
