TRADE - 2021-02-21 01:33:42 --> (0.39024700 1613860422) trade işleminde  : ln5jf76bbqw6cxr79jyabj5tx3ij id nolu alıcı 6bavdl8dik135r3iu118fe4zxti5 id nolu satıcıdan 0.01160000 fiyatından 0.08620689 adet 1 id nolu coin karşılığında 15 id nolu coin satın aldı. Emir kapandı.
TRADE - 2021-02-21 01:36:40 --> (0.27940500 1613860600) trade işleminde  : ln5jf76bbqw6cxr79jyabj5tx3ij id nolu alıcı 6bavdl8dik135r3iu118fe4zxti5 id nolu satıcıdan 55816.83000000 fiyatından 0.00079139 adet 9 id nolu coin karşılığında 1 id nolu coin satın aldı. Emir kapandı.
TRADE - 2021-02-21 01:38:18 --> (0.44006300 1613860698) trade işleminde  : 6bavdl8dik135r3iu118fe4zxti5 id nolu satıcı n7fo2uy0w8j9pxh9vkh5cii1fotr id nolu alıcıya 1900.12999900 fiyatından 0.00344016 adet 9 id nolu coin karşılığında 6 id nolu coin sattı. Emir kapandı.
TRADE - 2021-02-21 01:38:20 --> (0.56183700 1613860700) trade işleminde  : ln5jf76bbqw6cxr79jyabj5tx3ij id nolu alıcı 6bavdl8dik135r3iu118fe4zxti5 id nolu satıcıdan 0.00404200 fiyatından 0.19735898 adet 1 id nolu coin karşılığında 2 id nolu coin satın aldı. Emir kapandı.
TRADE - 2021-02-21 01:39:30 --> (0.25017000 1613860770) trade işleminde  : ln5jf76bbqw6cxr79jyabj5tx3ij id nolu alıcı 6bavdl8dik135r3iu118fe4zxti5 id nolu satıcıdan 0.49204000 fiyatından 15.97939191 adet 9 id nolu coin karşılığında 7 id nolu coin satın aldı. Emir kapandı.
TRADE - 2021-02-21 01:39:56 --> (0.20051000 1613860796) trade işleminde  : ln5jf76bbqw6cxr79jyabj5tx3ij id nolu satıcı 6bavdl8dik135r3iu118fe4zxti5 id nolu alıcıya 0.00000903 fiyatından 15.93339062 adet 1 id nolu coin karşılığında 7 id nolu coin sattı. Emir kapandı.
TRADE - 2021-02-21 01:40:05 --> (0.71710100 1613860805) trade işleminde  : ln5jf76bbqw6cxr79jyabj5tx3ij id nolu satıcı 6bavdl8dik135r3iu118fe4zxti5 id nolu alıcıya 55451.87000000 fiyatından 0.00014429 adet 9 id nolu coin karşılığında 1 id nolu coin sattı. Emir kapandı.
TRADE - 2021-02-21 01:40:07 --> (0.61321100 1613860807) trade işleminde  : ln5jf76bbqw6cxr79jyabj5tx3ij id nolu satıcı 6bavdl8dik135r3iu118fe4zxti5 id nolu alıcıya 0.00402000 fiyatından 0.19538539 adet 1 id nolu coin karşılığında 2 id nolu coin sattı. Emir kapandı.
TRADE - 2021-02-21 01:43:32 --> (0.70964400 1613861012) trade işleminde  : ln5jf76bbqw6cxr79jyabj5tx3ij id nolu alıcı 6bavdl8dik135r3iu118fe4zxti5 id nolu satıcıdan 0.00000889 fiyatından 87.71034870 adet 1 id nolu coin karşılığında 7 id nolu coin satın aldı. Emir kapandı.
TRADE - 2021-02-21 01:43:57 --> (0.86424100 1613861037) trade işleminde  : ln5jf76bbqw6cxr79jyabj5tx3ij id nolu satıcı 6bavdl8dik135r3iu118fe4zxti5 id nolu alıcıya 0.48765000 fiyatından 86.99257912 adet 9 id nolu coin karşılığında 7 id nolu coin sattı. Emir kapandı.
TRADE - 2021-02-21 01:47:22 --> (0.22394600 1613861242) trade işleminde  : ln5jf76bbqw6cxr79jyabj5tx3ij id nolu alıcı 6bavdl8dik135r3iu118fe4zxti5 id nolu satıcıdan 54895.36000000 fiyatından 0.00077190 adet 9 id nolu coin karşılığında 1 id nolu coin satın aldı. Emir kapandı.
TRADE - 2021-02-21 04:08:18 --> (0.90471600 1613869698) trade işleminde  : 6bavdl8dik135r3iu118fe4zxti5 id nolu alıcı n7fo2uy0w8j9pxh9vkh5cii1fotr id nolu satıcıdan 1928.82000100 fiyatından 0.00344016 adet 9 id nolu coin karşılığında 6 id nolu coin satın aldı. Alıcı almak istediği miktarı aldı. Boş emir açıldı.
TRADE - 2021-02-21 04:44:20 --> (0.87930900 1613871860) trade işleminde  : sacymq6yggut8wisbbekivmfctvn id nolu alıcı 6bavdl8dik135r3iu118fe4zxti5 id nolu satıcıdan 0.00000104 fiyatından 1103.87878090 adet 1 id nolu coin karşılığında 128 id nolu coin satın aldı. Emir kapandı.
TRADE - 2021-02-21 10:30:16 --> (0.03175500 1613892616) trade işleminde  : 6bavdl8dik135r3iu118fe4zxti5 id nolu satıcı n7fo2uy0w8j9pxh9vkh5cii1fotr id nolu alıcıya 1910.49999900 fiyatından 0.00345928 adet 9 id nolu coin karşılığında 6 id nolu coin sattı. Emir kapandı.
TRADE - 2021-02-21 16:16:42 --> (0.47686700 1613913402) trade işleminde  : 6bavdl8dik135r3iu118fe4zxti5 id nolu alıcı n7fo2uy0w8j9pxh9vkh5cii1fotr id nolu satıcıdan 1950.96000100 fiyatından 0.00345928 adet 9 id nolu coin karşılığında 6 id nolu coin satın aldı. Alıcı almak istediği miktarı aldı. Boş emir açıldı.
TRADE - 2021-02-21 17:16:23 --> (0.04499800 1613916983) trade işleminde  : 6bavdl8dik135r3iu118fe4zxti5 id nolu satıcı n7fo2uy0w8j9pxh9vkh5cii1fotr id nolu alıcıya 1945.82999900 fiyatından 0.00345455 adet 9 id nolu coin karşılığında 6 id nolu coin sattı. Emir kapandı.
TRADE - 2021-02-21 17:17:47 --> (0.62591600 1613917067) trade işleminde  : 4n7y5eppa7l3kh6p8cd60697haa8 id nolu alıcı 4n7y5eppa7l3kh6p8cd60697haa8 id nolu satıcıdan 0.00010200 fiyatından 130805.55997957 adet 9 id nolu coin karşılığında 55 id nolu coin satın aldı. Emir kapandı.
TRADE - 2021-02-21 17:18:01 --> (0.01853400 1613917081) trade işleminde  : 4n7y5eppa7l3kh6p8cd60697haa8 id nolu alıcı 4n7y5eppa7l3kh6p8cd60697haa8 id nolu satıcıdan 0.00010200 fiyatından 130440.45067255 adet 9 id nolu coin karşılığında 55 id nolu coin satın aldı. Emir kapandı.
TRADE - 2021-02-21 17:19:26 --> (0.23690400 1613917166) trade işleminde  : 4n7y5eppa7l3kh6p8cd60697haa8 id nolu alıcı 4n7y5eppa7l3kh6p8cd60697haa8 id nolu satıcıdan 0.00010200 fiyatından 130076.36050903 adet 9 id nolu coin karşılığında 55 id nolu coin satın aldı. Emir kapandı.
TRADE - 2021-02-21 17:19:36 --> (0.35561600 1613917176) trade işleminde  : 4n7y5eppa7l3kh6p8cd60697haa8 id nolu alıcı 4n7y5eppa7l3kh6p8cd60697haa8 id nolu satıcıdan 0.00010200 fiyatından 129713.28654728 adet 9 id nolu coin karşılığında 55 id nolu coin satın aldı. Emir kapandı.
TRADE - 2021-02-21 17:19:47 --> (0.20839100 1613917187) trade işleminde  : 4n7y5eppa7l3kh6p8cd60697haa8 id nolu alıcı 4n7y5eppa7l3kh6p8cd60697haa8 id nolu satıcıdan 0.00010200 fiyatından 129351.22605078 adet 9 id nolu coin karşılığında 55 id nolu coin satın aldı. Emir kapandı.
TRADE - 2021-02-21 17:19:50 --> (0.89581800 1613917190) trade işleminde  : 4n7y5eppa7l3kh6p8cd60697haa8 id nolu alıcı 4n7y5eppa7l3kh6p8cd60697haa8 id nolu satıcıdan 0.00010200 fiyatından 128990.17614620 adet 9 id nolu coin karşılığında 55 id nolu coin satın aldı. Emir kapandı.
TRADE - 2021-02-21 17:20:02 --> (0.62646000 1613917202) trade işleminde  : 4n7y5eppa7l3kh6p8cd60697haa8 id nolu alıcı 4n7y5eppa7l3kh6p8cd60697haa8 id nolu satıcıdan 0.00010200 fiyatından 128630.13402862 adet 9 id nolu coin karşılığında 55 id nolu coin satın aldı. Emir kapandı.
TRADE - 2021-02-21 17:20:15 --> (0.98441300 1613917215) trade işleminde  : 4n7y5eppa7l3kh6p8cd60697haa8 id nolu alıcı 4n7y5eppa7l3kh6p8cd60697haa8 id nolu satıcıdan 0.00010200 fiyatından 128271.09682472 adet 9 id nolu coin karşılığında 55 id nolu coin satın aldı. Emir kapandı.
TRADE - 2021-02-21 17:21:36 --> (0.65404200 1613917296) trade işleminde  : 4n7y5eppa7l3kh6p8cd60697haa8 id nolu alıcı 4n7y5eppa7l3kh6p8cd60697haa8 id nolu satıcıdan 0.00010200 fiyatından 17606.49088904 adet 9 id nolu coin karşılığında 55 id nolu coin satın aldı. Emir kapandı.
TRADE - 2021-02-21 17:21:37 --> (0.17404900 1613917297) trade işleminde  : 4n7y5eppa7l3kh6p8cd60697haa8 id nolu alıcı 4n7y5eppa7l3kh6p8cd60697haa8 id nolu satıcıdan 0.00010200 fiyatından 156470.17112833 adet 9 id nolu coin karşılığında 55 id nolu coin almak istedi ama satıcının miktarı(138863.68023929) yetmedi ve emir tekrar etti.
TRADE - 2021-02-21 17:21:46 --> (0.81539700 1613917306) trade işleminde  : 4n7y5eppa7l3kh6p8cd60697haa8 id nolu alıcı 4n7y5eppa7l3kh6p8cd60697haa8 id nolu satıcıdan 0.00010200 fiyatından 155845.53970490 adet 9 id nolu coin karşılığında 55 id nolu coin satın aldı. Emir kapandı.
TRADE - 2021-02-21 17:22:04 --> (0.03788100 1613917324) trade işleminde  : 4n7y5eppa7l3kh6p8cd60697haa8 id nolu alıcı 4n7y5eppa7l3kh6p8cd60697haa8 id nolu satıcıdan 0.00010200 fiyatından 155223.40182380 adet 9 id nolu coin karşılığında 55 id nolu coin satın aldı. Emir kapandı.
TRADE - 2021-02-21 17:22:28 --> (0.19008100 1613917348) trade işleminde  : 4n7y5eppa7l3kh6p8cd60697haa8 id nolu alıcı 4n7y5eppa7l3kh6p8cd60697haa8 id nolu satıcıdan 0.00010200 fiyatından 154603.74750499 adet 9 id nolu coin karşılığında 55 id nolu coin satın aldı. Emir kapandı.
TRADE - 2021-02-21 17:22:40 --> (0.40321500 1613917360) trade işleminde  : 4n7y5eppa7l3kh6p8cd60697haa8 id nolu alıcı 4n7y5eppa7l3kh6p8cd60697haa8 id nolu satıcıdan 0.00010200 fiyatından 153986.56686627 adet 9 id nolu coin karşılığında 55 id nolu coin satın aldı. Emir kapandı.
TRADE - 2021-02-21 17:22:48 --> (0.14348800 1613917368) trade işleminde  : 4n7y5eppa7l3kh6p8cd60697haa8 id nolu alıcı 4n7y5eppa7l3kh6p8cd60697haa8 id nolu satıcıdan 0.00010200 fiyatından 11260.53690903 adet 9 id nolu coin karşılığında 55 id nolu coin satın aldı. Emir kapandı.
TRADE - 2021-02-21 17:22:48 --> (0.81503100 1613917368) trade işleminde  : 4n7y5eppa7l3kh6p8cd60697haa8 id nolu alıcı 4n7y5eppa7l3kh6p8cd60697haa8 id nolu satıcıdan 0.00010200 fiyatından 153371.85002544 adet 9 id nolu coin karşılığında 55 id nolu coin almak istedi ama satıcının miktarı(142111.31311641) yetmedi ve emir tekrar etti.
TRADE - 2021-02-21 17:23:05 --> (0.69278600 1613917385) trade işleminde  : 4n7y5eppa7l3kh6p8cd60697haa8 id nolu alıcı 4n7y5eppa7l3kh6p8cd60697haa8 id nolu satıcıdan 0.00010200 fiyatından 117369.59711959 adet 9 id nolu coin karşılığında 55 id nolu coin satın aldı. Satıcının miktarı yetmedi ve eşleşen bir fiyat olmadığı için 35389.99007856 adet alış emri açıldı.
TRADE - 2021-02-21 17:23:53 --> (0.79930200 1613917433) trade işleminde  : 4n7y5eppa7l3kh6p8cd60697haa8 id nolu satıcı 4n7y5eppa7l3kh6p8cd60697haa8 id nolu alıcıya 0.00010200 fiyatından 116901.05582952 adet 9 id nolu coin karşılığında 55 id nolu coin sattı. Alıcının miktarı yetmedi ve eşleşen bir fiyat olmadığı için 1022850.92509 adet satış emri açıldı.
TRADE - 2021-02-21 17:23:54 --> (0.24533300 1613917434) trade işleminde  : 4n7y5eppa7l3kh6p8cd60697haa8 id nolu satıcı 4n7y5eppa7l3kh6p8cd60697haa8 id nolu alıcıya 0.00010200 fiyatından 1175141.97099804 adet 9 id nolu coin karşılığında 55 id nolu coini satmak istedi ama alıcının miktarı(35389.99007856) yetmedi ve emir tekrar etti.
TRADE - 2021-02-21 17:34:40 --> (0.69485700 1613918080) trade işleminde  : 6bavdl8dik135r3iu118fe4zxti5 id nolu alıcı n7fo2uy0w8j9pxh9vkh5cii1fotr id nolu satıcıdan 1950.99000100 fiyatından 0.00345455 adet 9 id nolu coin karşılığında 6 id nolu coin satın aldı. Alıcı almak istediği miktarı aldı. Boş emir açıldı.
TRADE - 2021-02-21 17:34:40 --> (0.74307500 1613918080) trade işleminde  : 6bavdl8dik135r3iu118fe4zxti5 id nolu alıcı n7fo2uy0w8j9pxh9vkh5cii1fotr id nolu satıcıdan 1950.99000100 fiyatından 0.00345455 adet 9 id nolu coin karşılığında 6 id nolu coin satın aldı. Alıcı almak istediği miktarı aldı. Boş emir açıldı.
TRADE - 2021-02-21 19:23:26 --> (0.89354500 1613924606) trade işleminde  : ln5jf76bbqw6cxr79jyabj5tx3ij id nolu alıcı 6bavdl8dik135r3iu118fe4zxti5 id nolu satıcıdan 0.54014000 fiyatından 176.14518458 adet 9 id nolu coin karşılığında 7 id nolu coin satın aldı. Emir kapandı.
TRADE - 2021-02-21 19:23:27 --> (0.79858200 1613924607) trade işleminde  : ln5jf76bbqw6cxr79jyabj5tx3ij id nolu alıcı 6bavdl8dik135r3iu118fe4zxti5 id nolu satıcıdan 0.53966000 fiyatından 185.14518458 adet 9 id nolu coin karşılığında 7 id nolu coin almak istedi ama satıcının miktarı(9) yetmedi ve emir tekrar etti.
TRADE - 2021-02-21 19:23:51 --> (0.72502300 1613924631) trade işleminde  : ln5jf76bbqw6cxr79jyabj5tx3ij id nolu satıcı 6bavdl8dik135r3iu118fe4zxti5 id nolu alıcıya 0.00000957 fiyatından 184.16365852 adet 1 id nolu coin karşılığında 7 id nolu coin sattı. Emir kapandı.
TRADE - 2021-02-21 19:24:08 --> (0.43768900 1613924648) trade işleminde  : ln5jf76bbqw6cxr79jyabj5tx3ij id nolu satıcı 6bavdl8dik135r3iu118fe4zxti5 id nolu alıcıya 57311.55000000 fiyatından 0.00176998 adet 9 id nolu coin karşılığında 1 id nolu coin sattı. Emir kapandı.
TRADE - 2021-02-21 19:26:58 --> (0.77402600 1613924818) trade işleminde  : 6bavdl8dik135r3iu118fe4zxti5 id nolu alıcı xmo2o62tjiwe1hgnpitswpeht1h6 id nolu satıcıdan 0.00000141 fiyatından 75000 adet 6 id nolu coin karşılığında 139 id nolu coin satın aldı. Alıcı almak istediği miktarı aldı. Boş emir açıldı.
TRADE - 2021-02-21 21:46:04 --> (0.67805200 1613933164) trade işleminde  : 6bavdl8dik135r3iu118fe4zxti5 id nolu alıcı xmo2o62tjiwe1hgnpitswpeht1h6 id nolu satıcıdan 0.00000172 fiyatından 25000 adet 6 id nolu coin karşılığında 139 id nolu coin satın aldı. Alıcı almak istediği miktarı aldı. Boş emir açıldı.
