TRADE - 2021-01-03 00:42:48 --> (0.02392300 1609623768) trade işleminde  : so2hlkfp1tcj1185r169hisl3y73 id nolu satıcı 6bavdl8dik135r3iu118fe4zxti5 id nolu alıcıya 0.00000002 fiyatından 11375814.078 adet 1 id nolu coin karşılığında 139 id nolu coin sattı. Alıcının miktarı yetmedi ve eşleşen bir fiyat olmadığı için 13793969.091 adet satış emri açıldı.
TRADE - 2021-01-03 00:43:19 --> (0.94470100 1609623799) trade işleminde  : 6bavdl8dik135r3iu118fe4zxti5 id nolu alıcı so2hlkfp1tcj1185r169hisl3y73 id nolu satıcıdan 0.00000002 fiyatından 13793969.091 adet 1 id nolu coin karşılığında 139 id nolu coin satın aldı. Alıcı almak istediği miktarı aldı. Boş emir açıldı.
TRADE - 2021-01-03 01:30:07 --> (0.23403800 1609626607) trade işleminde  : sdb4ucsk88c3qhilxhoc3p0f37ga id nolu alıcı 6bavdl8dik135r3iu118fe4zxti5 id nolu satıcıdan 0.00000035 fiyatından 6135.3925 adet 1 id nolu coin karşılığında 3 id nolu coin satın aldı. Satıcının miktarı yetmedi ve eşleşen bir fiyat olmadığı için 27745.90205375 adet alış emri açıldı.
TRADE - 2021-01-03 01:31:23 --> (0.85302100 1609626683) trade işleminde  : 6bavdl8dik135r3iu118fe4zxti5 id nolu satıcı sdb4ucsk88c3qhilxhoc3p0f37ga id nolu alıcıya 0.00000035 fiyatından 27745.90205375 adet 1 id nolu coin karşılığında 3 id nolu coin sattı. Emir kapandı.
TRADE - 2021-01-03 01:53:36 --> (0.18516900 1609628016) trade işleminde  : fj44e71pzte52i5igwc2u137qyx7 id nolu satıcı r6bn45ox4is1ge1c83kds8p08v71 id nolu alıcıya 0.00000100 fiyatından 814.67979498 adet 6 id nolu coin karşılığında 152 id nolu coin sattı. Emir kapandı.
TRADE - 2021-01-03 01:53:36 --> (0.39300000 1609628016) trade işleminde  : fj44e71pzte52i5igwc2u137qyx7 id nolu satıcı r6bn45ox4is1ge1c83kds8p08v71 id nolu alıcıya 0.00000100 fiyatından 1814.67979498 adet 6 id nolu coin karşılığında 152 id nolu coini satmak istedi ama alıcının miktarı(1000) yetmedi ve emir tekrar etti.
TRADE - 2021-01-03 01:53:36 --> (0.59943200 1609628016) trade işleminde  : fj44e71pzte52i5igwc2u137qyx7 id nolu satıcı 3p5816hym8x0z1sklpax6bm8dpcs id nolu alıcıya 0.00000100 fiyatından 9334.67979498 adet 6 id nolu coin karşılığında 152 id nolu coini satmak istedi ama alıcının miktarı(7520) yetmedi ve emir tekrar etti.
TRADE - 2021-01-03 01:53:36 --> (0.81719900 1609628016) trade işleminde  : fj44e71pzte52i5igwc2u137qyx7 id nolu satıcı 3p5816hym8x0z1sklpax6bm8dpcs id nolu alıcıya 0.00000100 fiyatından 9364.92557355 adet 6 id nolu coin karşılığında 152 id nolu coini satmak istedi ama alıcının miktarı(30.24577857) yetmedi ve emir tekrar etti.
TRADE - 2021-01-03 01:55:22 --> (0.18835800 1609628122) trade işleminde  : fj44e71pzte52i5igwc2u137qyx7 id nolu satıcı hzon720zk2cdr3dyllb8pr4yhpae id nolu alıcıya 0.00065011 fiyatından 4869.98643639 adet 9 id nolu coin karşılığında 152 id nolu coin sattı. Emir kapandı.
TRADE - 2021-01-03 01:55:53 --> (0.94032000 1609628153) trade işleminde  : fj44e71pzte52i5igwc2u137qyx7 id nolu satıcı 6bavdl8dik135r3iu118fe4zxti5 id nolu alıcıya 771.84999900 fiyatından 0.00948319 adet 9 id nolu coin karşılığında 6 id nolu coin sattı. Emir kapandı.
TRADE - 2021-01-03 01:56:33 --> (0.13575200 1609628193) trade işleminde  : fj44e71pzte52i5igwc2u137qyx7 id nolu alıcı 6bavdl8dik135r3iu118fe4zxti5 id nolu satıcıdan 0.22163000 fiyatından 47.12253884 adet 9 id nolu coin karşılığında 7 id nolu coin satın aldı. Emir kapandı.
TRADE - 2021-01-03 02:12:49 --> (0.24293400 1609629169) trade işleminde  : m0xcu7ndf5xqw4j0zz1jk70zgfs1 id nolu satıcı r6bn45ox4is1ge1c83kds8p08v71 id nolu alıcıya 0.00000100 fiyatından 7855.00747040 adet 6 id nolu coin karşılığında 152 id nolu coin sattı. Emir kapandı.
TRADE - 2021-01-03 02:13:04 --> (0.93628000 1609629184) trade işleminde  : m0xcu7ndf5xqw4j0zz1jk70zgfs1 id nolu satıcı r6bn45ox4is1ge1c83kds8p08v71 id nolu alıcıya 0.00000100 fiyatından 330.31273462 adet 6 id nolu coin karşılığında 152 id nolu coin sattı. Emir kapandı.
TRADE - 2021-01-03 02:13:12 --> (0.61741100 1609629192) trade işleminde  : m0xcu7ndf5xqw4j0zz1jk70zgfs1 id nolu satıcı no2dnuhutckbktnejjdkkitdgw2n id nolu alıcıya 0.00000099 fiyatından 5808.67741914 adet 6 id nolu coin karşılığında 152 id nolu coin sattı. Emir kapandı.
TRADE - 2021-01-03 02:14:06 --> (0.75069900 1609629246) trade işleminde  : m0xcu7ndf5xqw4j0zz1jk70zgfs1 id nolu satıcı 6bavdl8dik135r3iu118fe4zxti5 id nolu alıcıya 768.19999900 fiyatından 0.01390804 adet 9 id nolu coin karşılığında 6 id nolu coin sattı. Emir kapandı.
TRADE - 2021-01-03 02:14:36 --> (0.48881400 1609629276) trade işleminde  : m0xcu7ndf5xqw4j0zz1jk70zgfs1 id nolu alıcı 6bavdl8dik135r3iu118fe4zxti5 id nolu satıcıdan 0.21886000 fiyatından 19.76 adet 9 id nolu coin karşılığında 7 id nolu coin satın aldı. Satıcının miktarı yetmedi ve eşleşen bir fiyat olmadığı için 28.86242982 adet alış emri açıldı.
TRADE - 2021-01-03 02:14:53 --> (0.95850200 1609629293) trade işleminde  : m0xcu7ndf5xqw4j0zz1jk70zgfs1 id nolu alıcı 6bavdl8dik135r3iu118fe4zxti5 id nolu satıcıdan 0.21887000 fiyatından 28.86111110 adet 9 id nolu coin karşılığında 7 id nolu coin satın aldı. Emir kapandı.
TRADE - 2021-01-03 02:37:19 --> (0.68299600 1609630639) trade işleminde  : sdb4ucsk88c3qhilxhoc3p0f37ga id nolu satıcı 6bavdl8dik135r3iu118fe4zxti5 id nolu alıcıya 0.00000032 fiyatından 11971.994 adet 1 id nolu coin karşılığında 3 id nolu coin sattı. Alıcının miktarı yetmedi ve eşleşen bir fiyat olmadığı için 21909.30055375 adet satış emri açıldı.
TRADE - 2021-01-03 02:38:38 --> (0.15875900 1609630718) trade işleminde  : 6bavdl8dik135r3iu118fe4zxti5 id nolu alıcı sdb4ucsk88c3qhilxhoc3p0f37ga id nolu satıcıdan 0.00000032 fiyatından 21909.30055375 adet 1 id nolu coin karşılığında 3 id nolu coin satın aldı. Alıcı almak istediği miktarı aldı. Boş emir açıldı.
TRADE - 2021-01-03 09:15:26 --> (0.13972800 1609654526) trade işleminde  : 6bavdl8dik135r3iu118fe4zxti5 id nolu alıcı 6bavdl8dik135r3iu118fe4zxti5 id nolu satıcıdan 796.60000100 fiyatından 0.3577185 adet 9 id nolu coin karşılığında 6 id nolu coin satın aldı. Alıcı almak istediği miktarı aldı. Boş emir açıldı.
TRADE - 2021-01-03 09:17:56 --> (0.00193400 1609654676) trade işleminde  : 6bavdl8dik135r3iu118fe4zxti5 id nolu alıcı 6bbq54ba8sr8tcye3snud33lkn9a id nolu satıcıdan 797.14000100 fiyatından 0.00191239 adet 9 id nolu coin karşılığında 6 id nolu coin satın aldı. Alıcı almak istediği miktarı aldı. Boş emir açıldı.
TRADE - 2021-01-03 10:14:49 --> (0.04357900 1609658089) trade işleminde  : 6bavdl8dik135r3iu118fe4zxti5 id nolu alıcı 941d4vqf3hdsmqh69w2yopci3l22 id nolu satıcıdan 0.00980000 fiyatından 0.0147 adet 9 id nolu coin karşılığında 17 id nolu coin satın aldı. Alıcı almak istediği miktarı aldı. Boş emir açıldı.
TRADE - 2021-01-03 13:46:20 --> (0.70232100 1609670780) trade işleminde  : 6bbq54ba8sr8tcye3snud33lkn9a id nolu satıcı 6bavdl8dik135r3iu118fe4zxti5 id nolu alıcıya 823.50999900 fiyatından 0.00100000 adet 9 id nolu coin karşılığında 6 id nolu coin sattı. Emir kapandı.
TRADE - 2021-01-03 14:25:59 --> (0.42824100 1609673159) trade işleminde  : 3p5816hym8x0z1sklpax6bm8dpcs id nolu alıcı 3p5816hym8x0z1sklpax6bm8dpcs id nolu satıcıdan 0.00000986 fiyatından 25 adet 6 id nolu coin karşılığında 152 id nolu coin satın aldı. Alıcı almak istediği miktarı aldı. Boş emir açıldı.
TRADE - 2021-01-03 14:25:59 --> (0.64091100 1609673159) trade işleminde  : 3p5816hym8x0z1sklpax6bm8dpcs id nolu alıcı no2dnuhutckbktnejjdkkitdgw2n id nolu satıcıdan 0.00000986 fiyatından 50.24577857 adet 6 id nolu coin karşılığında 152 id nolu coin almak istedi ama satıcının miktarı(25.24577857) yetmedi ve emir tekrar etti.
TRADE - 2021-01-03 14:26:18 --> (0.55183900 1609673178) trade işleminde  : 3p5816hym8x0z1sklpax6bm8dpcs id nolu alıcı no2dnuhutckbktnejjdkkitdgw2n id nolu satıcıdan 0.00000987 fiyatından 45.24577857 adet 6 id nolu coin karşılığında 152 id nolu coin satın aldı. Emir kapandı.
TRADE - 2021-01-03 14:26:18 --> (0.79014800 1609673178) trade işleminde  : 3p5816hym8x0z1sklpax6bm8dpcs id nolu alıcı 3p5816hym8x0z1sklpax6bm8dpcs id nolu satıcıdan 0.00000986 fiyatından 70.24577857 adet 6 id nolu coin karşılığında 152 id nolu coin almak istedi ama satıcının miktarı(25) yetmedi ve emir tekrar etti.
TRADE - 2021-01-03 14:52:43 --> (0.05486500 1609674763) trade işleminde  : 3p5816hym8x0z1sklpax6bm8dpcs id nolu alıcı 3p5816hym8x0z1sklpax6bm8dpcs id nolu satıcıdan 0.00000960 fiyatından 40 adet 6 id nolu coin karşılığında 152 id nolu coin satın aldı. Alıcı almak istediği miktarı aldı. Boş emir açıldı.
TRADE - 2021-01-03 14:53:02 --> (0.35568100 1609674782) trade işleminde  : 3p5816hym8x0z1sklpax6bm8dpcs id nolu alıcı 3p5816hym8x0z1sklpax6bm8dpcs id nolu satıcıdan 0.00000965 fiyatından 92 adet 6 id nolu coin karşılığında 152 id nolu coin satın aldı. Alıcı almak istediği miktarı aldı. Boş emir açıldı.
TRADE - 2021-01-03 14:53:34 --> (0.10991800 1609674814) trade işleminde  : 3p5816hym8x0z1sklpax6bm8dpcs id nolu alıcı 3p5816hym8x0z1sklpax6bm8dpcs id nolu satıcıdan 0.00000980 fiyatından 15.00000000 adet 6 id nolu coin karşılığında 152 id nolu coin satın aldı. Emir kapandı.
TRADE - 2021-01-03 16:41:58 --> (0.57748000 1609681318) trade işleminde  : r6bn45ox4is1ge1c83kds8p08v71 id nolu alıcı 3p5816hym8x0z1sklpax6bm8dpcs id nolu satıcıdan 0.00000980 fiyatından 36 adet 6 id nolu coin karşılığında 152 id nolu coin satın aldı. Emir kapandı.
TRADE - 2021-01-03 16:41:58 --> (0.86362100 1609681318) trade işleminde  : r6bn45ox4is1ge1c83kds8p08v71 id nolu alıcı 3p5816hym8x0z1sklpax6bm8dpcs id nolu satıcıdan 0.00000950 fiyatından 100.00000000 adet 6 id nolu coin karşılığında 152 id nolu coin almak istedi ama satıcının miktarı(64) yetmedi ve emir tekrar etti.
TRADE - 2021-01-03 17:03:24 --> (0.71487300 1609682604) trade işleminde  : 3p5816hym8x0z1sklpax6bm8dpcs id nolu alıcı 3p5816hym8x0z1sklpax6bm8dpcs id nolu satıcıdan 0.00000900 fiyatından 65 adet 6 id nolu coin karşılığında 152 id nolu coin satın aldı. Alıcı almak istediği miktarı aldı. Boş emir açıldı.
TRADE - 2021-01-03 17:03:24 --> (0.92020800 1609682604) trade işleminde  : 3p5816hym8x0z1sklpax6bm8dpcs id nolu alıcı 3p5816hym8x0z1sklpax6bm8dpcs id nolu satıcıdan 0.00000900 fiyatından 110.00000000 adet 6 id nolu coin karşılığında 152 id nolu coin almak istedi ama satıcının miktarı(45) yetmedi ve emir tekrar etti.
TRADE - 2021-01-03 17:09:32 --> (0.92778700 1609682972) trade işleminde  : 3p5816hym8x0z1sklpax6bm8dpcs id nolu alıcı 3p5816hym8x0z1sklpax6bm8dpcs id nolu satıcıdan 0.00000900 fiyatından 65 adet 6 id nolu coin karşılığında 152 id nolu coin satın aldı. Alıcı almak istediği miktarı aldı. Boş emir açıldı.
TRADE - 2021-01-03 17:32:34 --> (0.56076200 1609684354) trade işleminde  : 6bavdl8dik135r3iu118fe4zxti5 id nolu alıcı 7c9db4fj1ks7kr9rcuv4lmpay0aj id nolu satıcıdan 0.02669400 fiyatından 0.04665618 adet 1 id nolu coin karşılığında 6 id nolu coin satın aldı. Alıcı almak istediği miktarı aldı. Boş emir açıldı.
TRADE - 2021-01-03 18:10:41 --> (0.98920200 1609686641) trade işleminde  : 691e3q6pg5faet8iwpt24kmelcjy id nolu alıcı 6bavdl8dik135r3iu118fe4zxti5 id nolu satıcıdan 33483.52000000 fiyatından 0.00053847 adet 9 id nolu coin karşılığında 1 id nolu coin satın aldı. Emir kapandı.
TRADE - 2021-01-03 18:54:18 --> (0.11838900 1609689258) trade işleminde  : ebhx9wjf67y4iv1pjb76gbmnkmak id nolu satıcı 6bavdl8dik135r3iu118fe4zxti5 id nolu alıcıya 0.01254440 fiyatından 1156.00000000 adet 9 id nolu coin karşılığında 3 id nolu coin sattı. Emir kapandı.
TRADE - 2021-01-03 19:00:16 --> (0.99524400 1609689616) trade işleminde  : 6bavdl8dik135r3iu118fe4zxti5 id nolu alıcı 6bbq54ba8sr8tcye3snud33lkn9a id nolu satıcıdan 920.22999900 fiyatından 0.00091239 adet 9 id nolu coin karşılığında 6 id nolu coin satın aldı. Alıcı almak istediği miktarı aldı. Boş emir açıldı.
TRADE - 2021-01-03 19:18:15 --> (0.32767100 1609690695) trade işleminde  : 3p5816hym8x0z1sklpax6bm8dpcs id nolu alıcı 3p5816hym8x0z1sklpax6bm8dpcs id nolu satıcıdan 0.00000899 fiyatından 100 adet 6 id nolu coin karşılığında 152 id nolu coin satın aldı. Alıcı almak istediği miktarı aldı. Boş emir açıldı.
TRADE - 2021-01-03 19:22:59 --> (0.68716100 1609690979) trade işleminde  : 6bavdl8dik135r3iu118fe4zxti5 id nolu alıcı 7c9db4fj1ks7kr9rcuv4lmpay0aj id nolu satıcıdan 33469.04000000 fiyatından 0.00124294 adet 9 id nolu coin karşılığında 1 id nolu coin satın aldı. Alıcı almak istediği miktarı aldı. Boş emir açıldı.
TRADE - 2021-01-03 19:38:00 --> (0.60024000 1609691880) trade işleminde  : 7c9db4fj1ks7kr9rcuv4lmpay0aj id nolu alıcı 6bavdl8dik135r3iu118fe4zxti5 id nolu satıcıdan 33328.89000000 fiyatından 0.00124188 adet 9 id nolu coin karşılığında 1 id nolu coin satın aldı. Emir kapandı.
TRADE - 2021-01-03 19:48:47 --> (0.66827500 1609692527) trade işleminde  : 3p5816hym8x0z1sklpax6bm8dpcs id nolu alıcı 3p5816hym8x0z1sklpax6bm8dpcs id nolu satıcıdan 0.00000750 fiyatından 15.00000000 adet 6 id nolu coin karşılığında 152 id nolu coin satın aldı. Emir kapandı.
TRADE - 2021-01-03 20:01:40 --> (0.95721000 1609693300) trade işleminde  : 6bavdl8dik135r3iu118fe4zxti5 id nolu satıcı 7c9db4fj1ks7kr9rcuv4lmpay0aj id nolu alıcıya 0.02872300 fiyatından 0.04315013 adet 1 id nolu coin karşılığında 6 id nolu coin sattı. Emir kapandı.
TRADE - 2021-01-03 20:49:36 --> (0.06212400 1609696176) trade işleminde  : 6bavdl8dik135r3iu118fe4zxti5 id nolu alıcı 7c9db4fj1ks7kr9rcuv4lmpay0aj id nolu satıcıdan 0.02861400 fiyatından 0.04315013 adet 1 id nolu coin karşılığında 6 id nolu coin satın aldı. Alıcı almak istediği miktarı aldı. Boş emir açıldı.
TRADE - 2021-01-03 22:18:43 --> (0.10991200 1609701523) trade işleminde  : m0xcu7ndf5xqw4j0zz1jk70zgfs1 id nolu satıcı hzon720zk2cdr3dyllb8pr4yhpae id nolu alıcıya 0.00000100 fiyatından 5839.61441971 adet 6 id nolu coin karşılığında 152 id nolu coin sattı. Emir kapandı.
TRADE - 2021-01-03 22:18:48 --> (0.72104300 1609701528) trade işleminde  : m0xcu7ndf5xqw4j0zz1jk70zgfs1 id nolu satıcı hzon720zk2cdr3dyllb8pr4yhpae id nolu alıcıya 0.00000100 fiyatından 9367.64106931 adet 6 id nolu coin karşılığında 152 id nolu coin sattı. Emir kapandı.
TRADE - 2021-01-03 22:19:27 --> (0.60864600 1609701567) trade işleminde  : m0xcu7ndf5xqw4j0zz1jk70zgfs1 id nolu satıcı 3p5816hym8x0z1sklpax6bm8dpcs id nolu alıcıya 0.00000099 fiyatından 3846.47796659 adet 6 id nolu coin karşılığında 152 id nolu coin sattı. Emir kapandı.
TRADE - 2021-01-03 22:19:27 --> (0.82258300 1609701567) trade işleminde  : m0xcu7ndf5xqw4j0zz1jk70zgfs1 id nolu satıcı no2dnuhutckbktnejjdkkitdgw2n id nolu alıcıya 0.00000099 fiyatından 8037.80054745 adet 6 id nolu coin karşılığında 152 id nolu coini satmak istedi ama alıcının miktarı(4191.32258086) yetmedi ve emir tekrar etti.
TRADE - 2021-01-03 22:20:18 --> (0.74145700 1609701618) trade işleminde  : m0xcu7ndf5xqw4j0zz1jk70zgfs1 id nolu satıcı 3p5816hym8x0z1sklpax6bm8dpcs id nolu alıcıya 0.00000099 fiyatından 6028.35041059 adet 6 id nolu coin karşılığında 152 id nolu coin sattı. Emir kapandı.
TRADE - 2021-01-03 22:21:23 --> (0.68875800 1609701683) trade işleminde  : m0xcu7ndf5xqw4j0zz1jk70zgfs1 id nolu satıcı 6bavdl8dik135r3iu118fe4zxti5 id nolu alıcıya 913.18999900 fiyatından 0.02907449 adet 9 id nolu coin karşılığında 6 id nolu coin sattı. Emir kapandı.
TRADE - 2021-01-03 22:21:37 --> (0.92216200 1609701697) trade işleminde  : m0xcu7ndf5xqw4j0zz1jk70zgfs1 id nolu alıcı 6bavdl8dik135r3iu118fe4zxti5 id nolu satıcıdan 0.22471000 fiyatından 117.09933730 adet 9 id nolu coin karşılığında 7 id nolu coin satın aldı. Emir kapandı.
TRADE - 2021-01-03 22:30:52 --> (0.18440400 1609702252) trade işleminde  : lc8ndwxvgiavbu4ukhfrj6rul5pt id nolu satıcı y6drf4zmihsc0ljibcz2rc4i9owm id nolu alıcıya 0.00000010 fiyatından 20000 adet 6 id nolu coin karşılığında 122 id nolu coin sattı. Emir kapandı.
TRADE - 2021-01-03 22:33:57 --> (0.58827300 1609702437) trade işleminde  : lc8ndwxvgiavbu4ukhfrj6rul5pt id nolu satıcı ioufa8cus3v50n6ud0g48yvlei8t id nolu alıcıya 0.00000003 fiyatından 6206.31170200 adet 6 id nolu coin karşılığında 122 id nolu coin sattı. Emir kapandı.
TRADE - 2021-01-03 22:36:44 --> (0.50917700 1609702604) trade işleminde  : bajrgmhkzdf942z2rqrvqrg22vcp id nolu satıcı 6bavdl8dik135r3iu118fe4zxti5 id nolu alıcıya 32501.96000000 fiyatından 0.00074775 adet 9 id nolu coin karşılığında 1 id nolu coin sattı. Emir kapandı.
TRADE - 2021-01-03 22:59:06 --> (0.26393900 1609703946) trade işleminde  : 6bavdl8dik135r3iu118fe4zxti5 id nolu satıcı 7c9db4fj1ks7kr9rcuv4lmpay0aj id nolu alıcıya 0.00000381 fiyatından 322.77439871 adet 1 id nolu coin karşılığında 74 id nolu coin sattı. Emir kapandı.
TRADE - 2021-01-03 23:00:51 --> (0.17071100 1609704051) trade işleminde  : 3p5816hym8x0z1sklpax6bm8dpcs id nolu alıcı 3p5816hym8x0z1sklpax6bm8dpcs id nolu satıcıdan 0.00000750 fiyatından 50 adet 6 id nolu coin karşılığında 152 id nolu coin satın aldı. Alıcı almak istediği miktarı aldı. Boş emir açıldı.
TRADE - 2021-01-03 23:25:19 --> (0.58134800 1609705519) trade işleminde  : hzon720zk2cdr3dyllb8pr4yhpae id nolu alıcı 6bavdl8dik135r3iu118fe4zxti5 id nolu satıcıdan 958.43000100 fiyatından 0.01329787 adet 9 id nolu coin karşılığında 6 id nolu coin satın aldı. Emir kapandı.
