TRADE - 2021-01-28 00:01:37 --> (0.69073400 1611781297) trade işleminde  : 3p5816hym8x0z1sklpax6bm8dpcs id nolu alıcı hzon720zk2cdr3dyllb8pr4yhpae id nolu satıcıdan 0.00000599 fiyatından 100.00000000 adet 6 id nolu coin karşılığında 152 id nolu coin satın aldı. Emir kapandı.
TRADE - 2021-01-28 00:52:01 --> (0.91435700 1611784321) trade işleminde  : 6bavdl8dik135r3iu118fe4zxti5 id nolu alıcı s70lo4hetrq9hibhe3muwow71nln id nolu satıcıdan 0.04110200 fiyatından 0.04 adet 1 id nolu coin karşılığında 6 id nolu coin satın aldı. Alıcı almak istediği miktarı aldı. Boş emir açıldı.
TRADE - 2021-01-28 07:49:11 --> (0.24327300 1611809351) trade işleminde  : 6bavdl8dik135r3iu118fe4zxti5 id nolu alıcı wfofq80hkdeydzm9b5z4tadh0xi5 id nolu satıcıdan 0.00000033 fiyatından 1353.96702495 adet 1 id nolu coin karşılığında 3 id nolu coin satın aldı. Alıcı almak istediği miktarı aldı. Boş emir açıldı.
TRADE - 2021-01-28 07:50:28 --> (0.46852000 1611809428) trade işleminde  : wfofq80hkdeydzm9b5z4tadh0xi5 id nolu satıcı 6bavdl8dik135r3iu118fe4zxti5 id nolu alıcıya 31224.42000000 fiyatından 0.00044592 adet 9 id nolu coin karşılığında 1 id nolu coin sattı. Emir kapandı.
TRADE - 2021-01-28 07:51:53 --> (0.89430500 1611809513) trade işleminde  : 6bavdl8dik135r3iu118fe4zxti5 id nolu alıcı eod99nq2e6r9913b2fhwuxkw43qb id nolu satıcıdan 0.01111111 fiyatından 5.95543723 adet 9 id nolu coin karşılığında 3 id nolu coin satın aldı. Alıcı almak istediği miktarı aldı. Boş emir açıldı.
TRADE - 2021-01-28 07:52:57 --> (0.69774800 1611809577) trade işleminde  : wfofq80hkdeydzm9b5z4tadh0xi5 id nolu alıcı 6bavdl8dik135r3iu118fe4zxti5 id nolu satıcıdan 0.01115920 fiyatından 1234.51165786 adet 9 id nolu coin karşılığında 3 id nolu coin satın aldı. Emir kapandı.
TRADE - 2021-01-28 07:53:58 --> (0.36070000 1611809638) trade işleminde  : wfofq80hkdeydzm9b5z4tadh0xi5 id nolu alıcı 6bavdl8dik135r3iu118fe4zxti5 id nolu satıcıdan 0.01150000 fiyatından 7.96507459 adet 9 id nolu coin karşılığında 3 id nolu coin satın aldı. Emir kapandı.
TRADE - 2021-01-28 07:56:25 --> (0.37177600 1611809785) trade işleminde  : 6bavdl8dik135r3iu118fe4zxti5 id nolu alıcı wfofq80hkdeydzm9b5z4tadh0xi5 id nolu satıcıdan 0.00000036 fiyatından 1242.47673245 adet 1 id nolu coin karşılığında 3 id nolu coin satın aldı. Alıcı almak istediği miktarı aldı. Boş emir açıldı.
TRADE - 2021-01-28 07:57:14 --> (0.67265200 1611809834) trade işleminde  : wfofq80hkdeydzm9b5z4tadh0xi5 id nolu alıcı 6bavdl8dik135r3iu118fe4zxti5 id nolu satıcıdan 0.01168690 fiyatından 0.02133237 adet 9 id nolu coin karşılığında 3 id nolu coin satın aldı. Emir kapandı.
TRADE - 2021-01-28 07:58:55 --> (0.30854000 1611809935) trade işleminde  : wfofq80hkdeydzm9b5z4tadh0xi5 id nolu satıcı 6bavdl8dik135r3iu118fe4zxti5 id nolu alıcıya 31264.56000000 fiyatından 0.00044640 adet 9 id nolu coin karşılığında 1 id nolu coin sattı. Emir kapandı.
TRADE - 2021-01-28 09:02:42 --> (0.45427700 1611813762) trade işleminde  : hzon720zk2cdr3dyllb8pr4yhpae id nolu satıcı 6bavdl8dik135r3iu118fe4zxti5 id nolu alıcıya 1306.03999900 fiyatından 0.00059780 adet 9 id nolu coin karşılığında 6 id nolu coin sattı. Emir kapandı.
TRADE - 2021-01-28 09:04:35 --> (0.39665100 1611813875) trade işleminde  : hzon720zk2cdr3dyllb8pr4yhpae id nolu alıcı hzon720zk2cdr3dyllb8pr4yhpae id nolu satıcıdan 0.00009999 fiyatından 5000.00000000 adet 9 id nolu coin karşılığında 141 id nolu coin satın aldı. Emir kapandı.
TRADE - 2021-01-28 09:04:37 --> (0.89685400 1611813877) trade işleminde  : hzon720zk2cdr3dyllb8pr4yhpae id nolu alıcı hzon720zk2cdr3dyllb8pr4yhpae id nolu satıcıdan 0.00009999 fiyatından 5000.00000000 adet 9 id nolu coin karşılığında 141 id nolu coin satın aldı. Emir kapandı.
TRADE - 2021-01-28 09:04:40 --> (0.14418600 1611813880) trade işleminde  : hzon720zk2cdr3dyllb8pr4yhpae id nolu alıcı hzon720zk2cdr3dyllb8pr4yhpae id nolu satıcıdan 0.00009999 fiyatından 5000.00000000 adet 9 id nolu coin karşılığında 141 id nolu coin satın aldı. Emir kapandı.
TRADE - 2021-01-28 09:04:42 --> (0.74268300 1611813882) trade işleminde  : hzon720zk2cdr3dyllb8pr4yhpae id nolu alıcı hzon720zk2cdr3dyllb8pr4yhpae id nolu satıcıdan 0.00009999 fiyatından 5000.00000000 adet 9 id nolu coin karşılığında 141 id nolu coin satın aldı. Emir kapandı.
TRADE - 2021-01-28 09:04:44 --> (0.95806100 1611813884) trade işleminde  : hzon720zk2cdr3dyllb8pr4yhpae id nolu alıcı hzon720zk2cdr3dyllb8pr4yhpae id nolu satıcıdan 0.00009999 fiyatından 5000.00000000 adet 9 id nolu coin karşılığında 141 id nolu coin satın aldı. Emir kapandı.
TRADE - 2021-01-28 09:04:46 --> (0.69421900 1611813886) trade işleminde  : hzon720zk2cdr3dyllb8pr4yhpae id nolu alıcı hzon720zk2cdr3dyllb8pr4yhpae id nolu satıcıdan 0.00009999 fiyatından 5000.00000000 adet 9 id nolu coin karşılığında 141 id nolu coin satın aldı. Emir kapandı.
TRADE - 2021-01-28 09:04:49 --> (0.12798400 1611813889) trade işleminde  : hzon720zk2cdr3dyllb8pr4yhpae id nolu alıcı hzon720zk2cdr3dyllb8pr4yhpae id nolu satıcıdan 0.00009999 fiyatından 5000.00000000 adet 9 id nolu coin karşılığında 141 id nolu coin satın aldı. Emir kapandı.
TRADE - 2021-01-28 09:04:51 --> (0.09858600 1611813891) trade işleminde  : hzon720zk2cdr3dyllb8pr4yhpae id nolu alıcı hzon720zk2cdr3dyllb8pr4yhpae id nolu satıcıdan 0.00009999 fiyatından 5000.00000000 adet 9 id nolu coin karşılığında 141 id nolu coin satın aldı. Emir kapandı.
TRADE - 2021-01-28 09:04:53 --> (0.36938800 1611813893) trade işleminde  : hzon720zk2cdr3dyllb8pr4yhpae id nolu alıcı hzon720zk2cdr3dyllb8pr4yhpae id nolu satıcıdan 0.00009999 fiyatından 5000.00000000 adet 9 id nolu coin karşılığında 141 id nolu coin satın aldı. Emir kapandı.
TRADE - 2021-01-28 09:04:55 --> (0.94817800 1611813895) trade işleminde  : hzon720zk2cdr3dyllb8pr4yhpae id nolu alıcı hzon720zk2cdr3dyllb8pr4yhpae id nolu satıcıdan 0.00009999 fiyatından 5000.00000000 adet 9 id nolu coin karşılığında 141 id nolu coin satın aldı. Emir kapandı.
TRADE - 2021-01-28 09:04:57 --> (0.74267600 1611813897) trade işleminde  : hzon720zk2cdr3dyllb8pr4yhpae id nolu alıcı hzon720zk2cdr3dyllb8pr4yhpae id nolu satıcıdan 0.00009999 fiyatından 5000.00000000 adet 9 id nolu coin karşılığında 141 id nolu coin satın aldı. Emir kapandı.
TRADE - 2021-01-28 09:05:00 --> (0.23094200 1611813900) trade işleminde  : hzon720zk2cdr3dyllb8pr4yhpae id nolu alıcı hzon720zk2cdr3dyllb8pr4yhpae id nolu satıcıdan 0.00009999 fiyatından 5000.00000000 adet 9 id nolu coin karşılığında 141 id nolu coin satın aldı. Emir kapandı.
TRADE - 2021-01-28 09:05:02 --> (0.71754000 1611813902) trade işleminde  : hzon720zk2cdr3dyllb8pr4yhpae id nolu alıcı hzon720zk2cdr3dyllb8pr4yhpae id nolu satıcıdan 0.00009999 fiyatından 5000.00000000 adet 9 id nolu coin karşılığında 141 id nolu coin satın aldı. Emir kapandı.
TRADE - 2021-01-28 09:05:05 --> (0.21670400 1611813905) trade işleminde  : hzon720zk2cdr3dyllb8pr4yhpae id nolu alıcı hzon720zk2cdr3dyllb8pr4yhpae id nolu satıcıdan 0.00009999 fiyatından 5000.00000000 adet 9 id nolu coin karşılığında 141 id nolu coin satın aldı. Emir kapandı.
TRADE - 2021-01-28 09:05:07 --> (0.57457300 1611813907) trade işleminde  : hzon720zk2cdr3dyllb8pr4yhpae id nolu alıcı hzon720zk2cdr3dyllb8pr4yhpae id nolu satıcıdan 0.00009999 fiyatından 5000.00000000 adet 9 id nolu coin karşılığında 141 id nolu coin satın aldı. Emir kapandı.
TRADE - 2021-01-28 09:05:09 --> (0.72468800 1611813909) trade işleminde  : hzon720zk2cdr3dyllb8pr4yhpae id nolu alıcı hzon720zk2cdr3dyllb8pr4yhpae id nolu satıcıdan 0.00009999 fiyatından 5000.00000000 adet 9 id nolu coin karşılığında 141 id nolu coin satın aldı. Emir kapandı.
TRADE - 2021-01-28 09:05:11 --> (0.36200700 1611813911) trade işleminde  : hzon720zk2cdr3dyllb8pr4yhpae id nolu alıcı hzon720zk2cdr3dyllb8pr4yhpae id nolu satıcıdan 0.00009999 fiyatından 5000.00000000 adet 9 id nolu coin karşılığında 141 id nolu coin satın aldı. Emir kapandı.
TRADE - 2021-01-28 09:05:16 --> (0.45824800 1611813916) trade işleminde  : hzon720zk2cdr3dyllb8pr4yhpae id nolu alıcı hzon720zk2cdr3dyllb8pr4yhpae id nolu satıcıdan 0.00009999 fiyatından 5000.00000000 adet 9 id nolu coin karşılığında 141 id nolu coin satın aldı. Emir kapandı.
TRADE - 2021-01-28 09:05:18 --> (0.02119700 1611813918) trade işleminde  : hzon720zk2cdr3dyllb8pr4yhpae id nolu alıcı hzon720zk2cdr3dyllb8pr4yhpae id nolu satıcıdan 0.00009999 fiyatından 5000.00000000 adet 9 id nolu coin karşılığında 141 id nolu coin satın aldı. Emir kapandı.
TRADE - 2021-01-28 09:05:19 --> (0.88782100 1611813919) trade işleminde  : hzon720zk2cdr3dyllb8pr4yhpae id nolu alıcı hzon720zk2cdr3dyllb8pr4yhpae id nolu satıcıdan 0.00009999 fiyatından 5000.00000000 adet 9 id nolu coin karşılığında 141 id nolu coin satın aldı. Emir kapandı.
TRADE - 2021-01-28 09:05:25 --> (0.63398700 1611813925) trade işleminde  : hzon720zk2cdr3dyllb8pr4yhpae id nolu alıcı hzon720zk2cdr3dyllb8pr4yhpae id nolu satıcıdan 0.00009999 fiyatından 5000.00000000 adet 9 id nolu coin karşılığında 141 id nolu coin satın aldı. Emir kapandı.
TRADE - 2021-01-28 09:05:29 --> (0.43267600 1611813929) trade işleminde  : hzon720zk2cdr3dyllb8pr4yhpae id nolu alıcı hzon720zk2cdr3dyllb8pr4yhpae id nolu satıcıdan 0.00009999 fiyatından 5000.00000000 adet 9 id nolu coin karşılığında 141 id nolu coin satın aldı. Emir kapandı.
TRADE - 2021-01-28 09:05:32 --> (0.08698300 1611813932) trade işleminde  : hzon720zk2cdr3dyllb8pr4yhpae id nolu alıcı hzon720zk2cdr3dyllb8pr4yhpae id nolu satıcıdan 0.00009999 fiyatından 5000.00000000 adet 9 id nolu coin karşılığında 141 id nolu coin satın aldı. Emir kapandı.
TRADE - 2021-01-28 09:05:35 --> (0.08424500 1611813935) trade işleminde  : hzon720zk2cdr3dyllb8pr4yhpae id nolu alıcı hzon720zk2cdr3dyllb8pr4yhpae id nolu satıcıdan 0.00009999 fiyatından 5000.00000000 adet 9 id nolu coin karşılığında 141 id nolu coin satın aldı. Emir kapandı.
TRADE - 2021-01-28 09:05:36 --> (0.00326500 1611813936) trade işleminde  : hzon720zk2cdr3dyllb8pr4yhpae id nolu alıcı hzon720zk2cdr3dyllb8pr4yhpae id nolu satıcıdan 0.00009999 fiyatından 5000.00000000 adet 9 id nolu coin karşılığında 141 id nolu coin satın aldı. Emir kapandı.
TRADE - 2021-01-28 10:58:53 --> (0.30001400 1611820733) trade işleminde  : q8plfntvv4qqkpwnrpu6eg1nfc39 id nolu satıcı 6bavdl8dik135r3iu118fe4zxti5 id nolu alıcıya 0.00411000 fiyatından 0.03926435 adet 1 id nolu coin karşılığında 2 id nolu coin sattı. Emir kapandı.
TRADE - 2021-01-28 14:02:06 --> (0.34692400 1611831726) trade işleminde  : hzkkvjc842r2z37h6mfmez0ovbz0 id nolu satıcı 6bavdl8dik135r3iu118fe4zxti5 id nolu alıcıya 0.01272200 fiyatından 2.52920314 adet 9 id nolu coin karşılığında 3 id nolu coin sattı. Emir kapandı.
TRADE - 2021-01-28 14:12:38 --> (0.68459400 1611832358) trade işleminde  : hzkkvjc842r2z37h6mfmez0ovbz0 id nolu alıcı 6bavdl8dik135r3iu118fe4zxti5 id nolu satıcıdan 0.02907000 fiyatından 18.12760925 adet 9 id nolu coin karşılığında 128 id nolu coin satın aldı. Emir kapandı.
TRADE - 2021-01-28 14:17:31 --> (0.93702400 1611832651) trade işleminde  : hzkkvjc842r2z37h6mfmez0ovbz0 id nolu satıcı 6bavdl8dik135r3iu118fe4zxti5 id nolu alıcıya 0.02906000 fiyatından 18.12760925 adet 9 id nolu coin karşılığında 128 id nolu coin sattı. Emir kapandı.
TRADE - 2021-01-28 14:18:30 --> (0.40905300 1611832710) trade işleminde  : hzkkvjc842r2z37h6mfmez0ovbz0 id nolu alıcı 6bavdl8dik135r3iu118fe4zxti5 id nolu satıcıdan 0.01306780 fiyatından 40.15101082 adet 9 id nolu coin karşılığında 3 id nolu coin satın aldı. Emir kapandı.
TRADE - 2021-01-28 14:20:06 --> (0.19981300 1611832806) trade işleminde  : hzkkvjc842r2z37h6mfmez0ovbz0 id nolu satıcı 6bavdl8dik135r3iu118fe4zxti5 id nolu alıcıya 0.01295220 fiyatından 47.73862024 adet 9 id nolu coin karşılığında 3 id nolu coin sattı. Emir kapandı.
TRADE - 2021-01-28 14:32:24 --> (0.59809800 1611833544) trade işleminde  : hzkkvjc842r2z37h6mfmez0ovbz0 id nolu alıcı 6bavdl8dik135r3iu118fe4zxti5 id nolu satıcıdan 0.01174274 fiyatından 52.44532506 adet 9 id nolu coin karşılığında 17 id nolu coin satın aldı. Emir kapandı.
TRADE - 2021-01-28 15:01:06 --> (0.94700600 1611835266) trade işleminde  : hzkkvjc842r2z37h6mfmez0ovbz0 id nolu satıcı 6bavdl8dik135r3iu118fe4zxti5 id nolu alıcıya 0.01146992 fiyatından 52.44532506 adet 9 id nolu coin karşılığında 17 id nolu coin sattı. Emir kapandı.
TRADE - 2021-01-28 15:01:39 --> (0.52295000 1611835299) trade işleminde  : keqg1jjm1kyegty1azwnslehqhfi id nolu alıcı hzon720zk2cdr3dyllb8pr4yhpae id nolu satıcıdan 0.00009999 fiyatından 5.74957695 adet 9 id nolu coin karşılığında 141 id nolu coin satın aldı. Emir kapandı.
TRADE - 2021-01-28 15:32:34 --> (0.47641900 1611837154) trade işleminde  : q8plfntvv4qqkpwnrpu6eg1nfc39 id nolu alıcı 6bavdl8dik135r3iu118fe4zxti5 id nolu satıcıdan 0.00000040 fiyatından 401.82135729 adet 1 id nolu coin karşılığında 3 id nolu coin satın aldı. Emir kapandı.
TRADE - 2021-01-28 15:39:58 --> (0.75380800 1611837598) trade işleminde  : 6bavdl8dik135r3iu118fe4zxti5 id nolu satıcı hzkkvjc842r2z37h6mfmez0ovbz0 id nolu alıcıya 0.01237220 fiyatından 48.42649774 adet 9 id nolu coin karşılığında 3 id nolu coin sattı. Emir kapandı.
TRADE - 2021-01-28 18:03:28 --> (0.16580600 1611846208) trade işleminde  : 6bavdl8dik135r3iu118fe4zxti5 id nolu alıcı b4avkrtilc0armzz759nuw21lfo8 id nolu satıcıdan 0.00000059 fiyatından 250 adet 1 id nolu coin karşılığında 3 id nolu coin satın aldı. Alıcı almak istediği miktarı aldı. Boş emir açıldı.
TRADE - 2021-01-28 18:07:12 --> (0.04551900 1611846432) trade işleminde  : 6bavdl8dik135r3iu118fe4zxti5 id nolu alıcı b4avkrtilc0armzz759nuw21lfo8 id nolu satıcıdan 0.01999999 fiyatından 100 adet 9 id nolu coin karşılığında 3 id nolu coin satın aldı. Alıcı almak istediği miktarı aldı. Boş emir açıldı.
TRADE - 2021-01-28 18:52:26 --> (0.12906300 1611849146) trade işleminde  : 6bavdl8dik135r3iu118fe4zxti5 id nolu alıcı vekfx9rca49p4yocobp4zqljm63j id nolu satıcıdan 0.00000039 fiyatından 16073.15923708 adet 1 id nolu coin karşılığında 17 id nolu coin satın aldı. Alıcı almak istediği miktarı aldı. Boş emir açıldı.
TRADE - 2021-01-28 19:14:09 --> (0.01224200 1611850449) trade işleminde  : wqeiddmzqbr93ldtgh1711dacr88 id nolu alıcı 6bavdl8dik135r3iu118fe4zxti5 id nolu satıcıdan 0.00000053 fiyatından 3721.70752834 adet 1 id nolu coin karşılığında 3 id nolu coin satın aldı. Emir kapandı.
