TRADE - 2020-11-14 00:41:10 --> (0.44705300 1605314470) trade işleminde  : gl1s7binuyj3t4yhq7kkieql6k60 id nolu satıcı cvmata43uprbtl40jwjol7sw8uv7 id nolu alıcıya 0.00000046 fiyatından 420.00000000 adet 6 id nolu coin karşılığında 122 id nolu coin sattı. Emir kapandı.
TRADE - 2020-11-14 02:40:50 --> (0.18132800 1605321650) trade işleminde  : fj44e71pzte52i5igwc2u137qyx7 id nolu satıcı fj44e71pzte52i5igwc2u137qyx7 id nolu alıcıya 0.00055559 fiyatından 102.86388651 adet 9 id nolu coin karşılığında 152 id nolu coin sattı. Emir kapandı.
TRADE - 2020-11-14 02:41:01 --> (0.72256800 1605321661) trade işleminde  : fj44e71pzte52i5igwc2u137qyx7 id nolu satıcı fj44e71pzte52i5igwc2u137qyx7 id nolu alıcıya 0.00055559 fiyatından 26.54810000 adet 9 id nolu coin karşılığında 152 id nolu coin sattı. Emir kapandı.
TRADE - 2020-11-14 02:41:16 --> (0.87136200 1605321676) trade işleminde  : fj44e71pzte52i5igwc2u137qyx7 id nolu alıcı fj44e71pzte52i5igwc2u137qyx7 id nolu satıcıdan 0.00677480 fiyatından 172.98604472 adet 9 id nolu coin karşılığında 152 id nolu coin satın aldı. Emir kapandı.
TRADE - 2020-11-14 02:41:44 --> (0.44446000 1605321704) trade işleminde  : fj44e71pzte52i5igwc2u137qyx7 id nolu alıcı fj44e71pzte52i5igwc2u137qyx7 id nolu satıcıdan 0.00677480 fiyatından 22.64687400 adet 9 id nolu coin karşılığında 152 id nolu coin satın aldı. Emir kapandı.
TRADE - 2020-11-14 02:42:18 --> (0.59032800 1605321738) trade işleminde  : fj44e71pzte52i5igwc2u137qyx7 id nolu satıcı fj44e71pzte52i5igwc2u137qyx7 id nolu alıcıya 0.00055559 fiyatından 73.45190000 adet 9 id nolu coin karşılığında 152 id nolu coin sattı. Emir kapandı.
TRADE - 2020-11-14 02:42:28 --> (0.82487600 1605321748) trade işleminde  : fj44e71pzte52i5igwc2u137qyx7 id nolu satıcı fj44e71pzte52i5igwc2u137qyx7 id nolu alıcıya 0.00055559 fiyatından 26.34574000 adet 9 id nolu coin karşılığında 152 id nolu coin sattı. Emir kapandı.
TRADE - 2020-11-14 02:42:57 --> (0.25211100 1605321777) trade işleminde  : fj44e71pzte52i5igwc2u137qyx7 id nolu alıcı fj44e71pzte52i5igwc2u137qyx7 id nolu satıcıdan 0.00667280 fiyatından 77.50111365 adet 9 id nolu coin karşılığında 152 id nolu coin satın aldı. Emir kapandı.
TRADE - 2020-11-14 02:43:02 --> (0.65871100 1605321782) trade işleminde  : fj44e71pzte52i5igwc2u137qyx7 id nolu alıcı fj44e71pzte52i5igwc2u137qyx7 id nolu satıcıdan 0.00667280 fiyatından 24.36756470 adet 9 id nolu coin karşılığında 152 id nolu coin satın aldı. Emir kapandı.
TRADE - 2020-11-14 02:46:36 --> (0.76413800 1605321996) trade işleminde  : fj44e71pzte52i5igwc2u137qyx7 id nolu alıcı fj44e71pzte52i5igwc2u137qyx7 id nolu satıcıdan 0.00667280 fiyatından 156.98522479 adet 9 id nolu coin karşılığında 152 id nolu coin satın aldı. Emir kapandı.
TRADE - 2020-11-14 02:46:47 --> (0.34638000 1605322007) trade işleminde  : fj44e71pzte52i5igwc2u137qyx7 id nolu alıcı fj44e71pzte52i5igwc2u137qyx7 id nolu satıcıdan 0.00667280 fiyatından 21.65435100 adet 9 id nolu coin karşılığında 152 id nolu coin satın aldı. Emir kapandı.
TRADE - 2020-11-14 02:47:06 --> (0.43185800 1605322026) trade işleminde  : fj44e71pzte52i5igwc2u137qyx7 id nolu satıcı fj44e71pzte52i5igwc2u137qyx7 id nolu alıcıya 0.00062305 fiyatından 26.91800000 adet 9 id nolu coin karşılığında 152 id nolu coin sattı. Emir kapandı.
TRADE - 2020-11-14 02:47:47 --> (0.39557000 1605322067) trade işleminde  : fj44e71pzte52i5igwc2u137qyx7 id nolu alıcı fj44e71pzte52i5igwc2u137qyx7 id nolu satıcıdan 0.00652280 fiyatından 161.05314284 adet 9 id nolu coin karşılığında 152 id nolu coin satın aldı. Emir kapandı.
TRADE - 2020-11-14 02:47:59 --> (0.51485100 1605322079) trade işleminde  : fj44e71pzte52i5igwc2u137qyx7 id nolu alıcı fj44e71pzte52i5igwc2u137qyx7 id nolu satıcıdan 0.00652280 fiyatından 60.89241153 adet 9 id nolu coin karşılığında 152 id nolu coin satın aldı. Emir kapandı.
TRADE - 2020-11-14 02:48:29 --> (0.62518200 1605322109) trade işleminde  : fj44e71pzte52i5igwc2u137qyx7 id nolu alıcı fj44e71pzte52i5igwc2u137qyx7 id nolu satıcıdan 0.00652280 fiyatından 16.83164051 adet 9 id nolu coin karşılığında 152 id nolu coin satın aldı. Emir kapandı.
TRADE - 2020-11-14 02:48:43 --> (0.15000200 1605322123) trade işleminde  : fj44e71pzte52i5igwc2u137qyx7 id nolu alıcı fj44e71pzte52i5igwc2u137qyx7 id nolu satıcıdan 0.00652280 fiyatından 321.62968553 adet 9 id nolu coin karşılığında 152 id nolu coin satın aldı. Emir kapandı.
TRADE - 2020-11-14 02:49:51 --> (0.55026400 1605322191) trade işleminde  : fj44e71pzte52i5igwc2u137qyx7 id nolu alıcı fj44e71pzte52i5igwc2u137qyx7 id nolu satıcıdan 0.00652280 fiyatından 35.26940000 adet 9 id nolu coin karşılığında 152 id nolu coin satın aldı. Emir kapandı.
TRADE - 2020-11-14 02:50:04 --> (0.88674100 1605322204) trade işleminde  : fj44e71pzte52i5igwc2u137qyx7 id nolu satıcı fj44e71pzte52i5igwc2u137qyx7 id nolu alıcıya 0.00062305 fiyatından 26.65464000 adet 9 id nolu coin karşılığında 152 id nolu coin sattı. Emir kapandı.
TRADE - 2020-11-14 02:50:32 --> (0.94839100 1605322232) trade işleminde  : fj44e71pzte52i5igwc2u137qyx7 id nolu alıcı fj44e71pzte52i5igwc2u137qyx7 id nolu satıcıdan 0.00652280 fiyatından 132.15400000 adet 9 id nolu coin karşılığında 152 id nolu coin satın aldı. Emir kapandı.
TRADE - 2020-11-14 02:50:52 --> (0.75198100 1605322252) trade işleminde  : fj44e71pzte52i5igwc2u137qyx7 id nolu alıcı fj44e71pzte52i5igwc2u137qyx7 id nolu satıcıdan 0.00652280 fiyatından 160.96072940 adet 9 id nolu coin karşılığında 152 id nolu coin satın aldı. Emir kapandı.
TRADE - 2020-11-14 02:51:05 --> (0.53095100 1605322265) trade işleminde  : fj44e71pzte52i5igwc2u137qyx7 id nolu alıcı fj44e71pzte52i5igwc2u137qyx7 id nolu satıcıdan 0.00652280 fiyatından 18.56454000 adet 9 id nolu coin karşılığında 152 id nolu coin satın aldı. Emir kapandı.
TRADE - 2020-11-14 02:51:12 --> (0.21326300 1605322272) trade işleminde  : fj44e71pzte52i5igwc2u137qyx7 id nolu alıcı fj44e71pzte52i5igwc2u137qyx7 id nolu satıcıdan 0.00652280 fiyatından 34.19465000 adet 9 id nolu coin karşılığında 152 id nolu coin satın aldı. Emir kapandı.
TRADE - 2020-11-14 02:51:47 --> (0.75927600 1605322307) trade işleminde  : fj44e71pzte52i5igwc2u137qyx7 id nolu satıcı fj44e71pzte52i5igwc2u137qyx7 id nolu alıcıya 0.00064628 fiyatından 34.19465 adet 9 id nolu coin karşılığında 152 id nolu coin sattı. Emir kapandı.
TRADE - 2020-11-14 02:52:10 --> (0.14443500 1605322330) trade işleminde  : fj44e71pzte52i5igwc2u137qyx7 id nolu satıcı fj44e71pzte52i5igwc2u137qyx7 id nolu alıcıya 0.00064628 fiyatından 4.19000000 adet 9 id nolu coin karşılığında 152 id nolu coin sattı. Emir kapandı.
TRADE - 2020-11-14 02:52:14 --> (0.86653100 1605322334) trade işleminde  : fj44e71pzte52i5igwc2u137qyx7 id nolu satıcı fj44e71pzte52i5igwc2u137qyx7 id nolu alıcıya 0.00064628 fiyatından 30.00465 adet 9 id nolu coin karşılığında 152 id nolu coin sattı. Emir kapandı.
TRADE - 2020-11-14 02:52:27 --> (0.58085900 1605322347) trade işleminde  : fj44e71pzte52i5igwc2u137qyx7 id nolu alıcı fj44e71pzte52i5igwc2u137qyx7 id nolu satıcıdan 0.00652280 fiyatından 35.78677800 adet 9 id nolu coin karşılığında 152 id nolu coin satın aldı. Emir kapandı.
TRADE - 2020-11-14 02:52:42 --> (0.51784800 1605322362) trade işleminde  : fj44e71pzte52i5igwc2u137qyx7 id nolu alıcı fj44e71pzte52i5igwc2u137qyx7 id nolu satıcıdan 0.00652280 fiyatından 25.78570000 adet 9 id nolu coin karşılığında 152 id nolu coin satın aldı. Emir kapandı.
TRADE - 2020-11-14 02:53:23 --> (0.51970100 1605322403) trade işleminde  : fj44e71pzte52i5igwc2u137qyx7 id nolu alıcı fj44e71pzte52i5igwc2u137qyx7 id nolu satıcıdan 0.00652280 fiyatından 422.04493298 adet 9 id nolu coin karşılığında 152 id nolu coin satın aldı. Alıcı almak istediği miktarı aldı. Boş emir açıldı.
TRADE - 2020-11-14 02:53:34 --> (0.32296800 1605322414) trade işleminde  : fj44e71pzte52i5igwc2u137qyx7 id nolu alıcı fj44e71pzte52i5igwc2u137qyx7 id nolu satıcıdan 0.00667280 fiyatından 156.65552998 adet 9 id nolu coin karşılığında 152 id nolu coin satın aldı. Emir kapandı.
TRADE - 2020-11-14 09:54:14 --> (0.11600200 1605347654) trade işleminde  : fj44e71pzte52i5igwc2u137qyx7 id nolu alıcı fj44e71pzte52i5igwc2u137qyx7 id nolu satıcıdan 0.00667280 fiyatından 16.49918729 adet 9 id nolu coin karşılığında 152 id nolu coin satın aldı. Emir kapandı.
TRADE - 2020-11-14 09:54:26 --> (0.73983200 1605347666) trade işleminde  : fj44e71pzte52i5igwc2u137qyx7 id nolu satıcı hzon720zk2cdr3dyllb8pr4yhpae id nolu alıcıya 0.00062306 fiyatından 168.45629011 adet 9 id nolu coin karşılığında 152 id nolu coin sattı. Emir kapandı.
TRADE - 2020-11-14 09:54:41 --> (0.08338700 1605347681) trade işleminde  : fj44e71pzte52i5igwc2u137qyx7 id nolu satıcı hzon720zk2cdr3dyllb8pr4yhpae id nolu alıcıya 0.00062306 fiyatından 8.45629011 adet 9 id nolu coin karşılığında 152 id nolu coin sattı. Emir kapandı.
TRADE - 2020-11-14 09:54:51 --> (0.53540800 1605347691) trade işleminde  : fj44e71pzte52i5igwc2u137qyx7 id nolu satıcı hzon720zk2cdr3dyllb8pr4yhpae id nolu alıcıya 0.00062306 fiyatından 24.22814506 adet 9 id nolu coin karşılığında 152 id nolu coin sattı. Emir kapandı.
TRADE - 2020-11-14 09:55:05 --> (0.07271800 1605347705) trade işleminde  : fj44e71pzte52i5igwc2u137qyx7 id nolu satıcı hzon720zk2cdr3dyllb8pr4yhpae id nolu alıcıya 0.00062306 fiyatından 124.22814506 adet 9 id nolu coin karşılığında 152 id nolu coin sattı. Emir kapandı.
TRADE - 2020-11-14 09:55:56 --> (0.47452700 1605347756) trade işleminde  : fj44e71pzte52i5igwc2u137qyx7 id nolu satıcı fj44e71pzte52i5igwc2u137qyx7 id nolu alıcıya 0.00062422 fiyatından 187.11407253 adet 9 id nolu coin karşılığında 152 id nolu coin sattı. Emir kapandı.
TRADE - 2020-11-14 09:56:01 --> (0.93273100 1605347761) trade işleminde  : fj44e71pzte52i5igwc2u137qyx7 id nolu alıcı fj44e71pzte52i5igwc2u137qyx7 id nolu satıcıdan 0.00667280 fiyatından 142.29482454 adet 9 id nolu coin karşılığında 152 id nolu coin satın aldı. Emir kapandı.
TRADE - 2020-11-14 09:56:11 --> (0.64773100 1605347771) trade işleminde  : fj44e71pzte52i5igwc2u137qyx7 id nolu alıcı fj44e71pzte52i5igwc2u137qyx7 id nolu satıcıdan 0.00667280 fiyatından 42.29482454 adet 9 id nolu coin karşılığında 152 id nolu coin satın aldı. Emir kapandı.
TRADE - 2020-11-14 09:57:08 --> (0.94718700 1605347828) trade işleminde  : fj44e71pzte52i5igwc2u137qyx7 id nolu satıcı fj44e71pzte52i5igwc2u137qyx7 id nolu alıcıya 0.00064431 fiyatından 33.26148480 adet 9 id nolu coin karşılığında 152 id nolu coin sattı. Emir kapandı.
TRADE - 2020-11-14 09:59:42 --> (0.79549200 1605347982) trade işleminde  : fj44e71pzte52i5igwc2u137qyx7 id nolu alıcı fj44e71pzte52i5igwc2u137qyx7 id nolu satıcıdan 0.00667280 fiyatından 42.29482454 adet 9 id nolu coin karşılığında 152 id nolu coin satın aldı. Emir kapandı.
TRADE - 2020-11-14 10:00:32 --> (0.50466100 1605348032) trade işleminde  : fj44e71pzte52i5igwc2u137qyx7 id nolu satıcı fj44e71pzte52i5igwc2u137qyx7 id nolu alıcıya 0.00667100 fiyatından 13.83519093 adet 9 id nolu coin karşılığında 152 id nolu coin sattı. Emir kapandı.
TRADE - 2020-11-14 10:01:32 --> (0.79550200 1605348092) trade işleminde  : fj44e71pzte52i5igwc2u137qyx7 id nolu satıcı fj44e71pzte52i5igwc2u137qyx7 id nolu alıcıya 0.00666220 fiyatından 12.29482454 adet 9 id nolu coin karşılığında 152 id nolu coin sattı. Emir kapandı.
TRADE - 2020-11-14 10:06:11 --> (0.81690800 1605348371) trade işleminde  : fj44e71pzte52i5igwc2u137qyx7 id nolu alıcı fj44e71pzte52i5igwc2u137qyx7 id nolu satıcıdan 0.00667280 fiyatından 126.17328465 adet 9 id nolu coin karşılığında 152 id nolu coin satın aldı. Emir kapandı.
TRADE - 2020-11-14 10:06:22 --> (0.20056300 1605348382) trade işleminde  : fj44e71pzte52i5igwc2u137qyx7 id nolu alıcı fj44e71pzte52i5igwc2u137qyx7 id nolu satıcıdan 0.00667280 fiyatından 51.56540000 adet 9 id nolu coin karşılığında 152 id nolu coin satın aldı. Emir kapandı.
TRADE - 2020-11-14 11:20:17 --> (0.72016500 1605352817) trade işleminde  : fj44e71pzte52i5igwc2u137qyx7 id nolu alıcı fj44e71pzte52i5igwc2u137qyx7 id nolu satıcıdan 0.00667280 fiyatından 48.43460000 adet 9 id nolu coin karşılığında 152 id nolu coin satın aldı. Emir kapandı.
TRADE - 2020-11-14 11:20:25 --> (0.77936400 1605352825) trade işleminde  : fj44e71pzte52i5igwc2u137qyx7 id nolu alıcı fj44e71pzte52i5igwc2u137qyx7 id nolu satıcıdan 0.00667280 fiyatından 26.48530680 adet 9 id nolu coin karşılığında 152 id nolu coin satın aldı. Emir kapandı.
TRADE - 2020-11-14 11:20:33 --> (0.72413900 1605352833) trade işleminde  : fj44e71pzte52i5igwc2u137qyx7 id nolu alıcı fj44e71pzte52i5igwc2u137qyx7 id nolu satıcıdan 0.00667280 fiyatından 126.45887415 adet 9 id nolu coin karşılığında 152 id nolu coin satın aldı. Emir kapandı.
TRADE - 2020-11-14 11:20:44 --> (0.55202200 1605352844) trade işleminde  : fj44e71pzte52i5igwc2u137qyx7 id nolu alıcı fj44e71pzte52i5igwc2u137qyx7 id nolu satıcıdan 0.00667280 fiyatından 65.33266803 adet 9 id nolu coin karşılığında 152 id nolu coin satın aldı. Emir kapandı.
TRADE - 2020-11-14 11:21:00 --> (0.51725900 1605352860) trade işleminde  : fj44e71pzte52i5igwc2u137qyx7 id nolu satıcı fj44e71pzte52i5igwc2u137qyx7 id nolu alıcıya 0.00666220 fiyatından 30 adet 9 id nolu coin karşılığında 152 id nolu coin sattı. Alıcının miktarı yetmedi ve eşleşen bir fiyat olmadığı için 24.94772434 adet satış emri açıldı.
TRADE - 2020-11-14 11:21:08 --> (0.21951600 1605352868) trade işleminde  : fj44e71pzte52i5igwc2u137qyx7 id nolu alıcı fj44e71pzte52i5igwc2u137qyx7 id nolu satıcıdan 0.00666220 fiyatından 24.94772434 adet 9 id nolu coin karşılığında 152 id nolu coin satın aldı. Alıcı almak istediği miktarı aldı. Boş emir açıldı.
TRADE - 2020-11-14 11:21:15 --> (0.39356600 1605352875) trade işleminde  : fj44e71pzte52i5igwc2u137qyx7 id nolu alıcı fj44e71pzte52i5igwc2u137qyx7 id nolu satıcıdan 0.00667280 fiyatından 33.70080103 adet 9 id nolu coin karşılığında 152 id nolu coin satın aldı. Emir kapandı.
TRADE - 2020-11-14 11:21:22 --> (0.50104100 1605352882) trade işleminde  : fj44e71pzte52i5igwc2u137qyx7 id nolu alıcı fj44e71pzte52i5igwc2u137qyx7 id nolu satıcıdan 0.00667280 fiyatından 31.66716767 adet 9 id nolu coin karşılığında 152 id nolu coin satın aldı. Emir kapandı.
TRADE - 2020-11-14 11:37:40 --> (0.40699400 1605353860) trade işleminde  : fj44e71pzte52i5igwc2u137qyx7 id nolu alıcı fj44e71pzte52i5igwc2u137qyx7 id nolu satıcıdan 0.00667260 fiyatından 54.94772434 adet 9 id nolu coin karşılığında 152 id nolu coin satın aldı. Alıcı almak istediği miktarı aldı. Boş emir açıldı.
TRADE - 2020-11-14 11:37:49 --> (0.39821800 1605353869) trade işleminde  : fj44e71pzte52i5igwc2u137qyx7 id nolu alıcı fj44e71pzte52i5igwc2u137qyx7 id nolu satıcıdan 0.00667280 fiyatından 16.35518232 adet 9 id nolu coin karşılığında 152 id nolu coin satın aldı. Emir kapandı.
TRADE - 2020-11-14 11:37:54 --> (0.99354300 1605353874) trade işleminde  : fj44e71pzte52i5igwc2u137qyx7 id nolu alıcı fj44e71pzte52i5igwc2u137qyx7 id nolu satıcıdan 0.00667280 fiyatından 33.56440518 adet 9 id nolu coin karşılığında 152 id nolu coin satın aldı. Emir kapandı.
TRADE - 2020-11-14 11:38:04 --> (0.52549200 1605353884) trade işleminde  : fj44e71pzte52i5igwc2u137qyx7 id nolu satıcı fj44e71pzte52i5igwc2u137qyx7 id nolu alıcıya 0.00666120 fiyatından 4.29482454 adet 9 id nolu coin karşılığında 152 id nolu coin sattı. Emir kapandı.
TRADE - 2020-11-14 11:38:13 --> (0.22716000 1605353893) trade işleminde  : fj44e71pzte52i5igwc2u137qyx7 id nolu satıcı fj44e71pzte52i5igwc2u137qyx7 id nolu alıcıya 0.00666120 fiyatından 14.29482454 adet 9 id nolu coin karşılığında 152 id nolu coin sattı. Emir kapandı.
TRADE - 2020-11-14 11:38:28 --> (0.86990500 1605353908) trade işleminde  : fj44e71pzte52i5igwc2u137qyx7 id nolu alıcı fj44e71pzte52i5igwc2u137qyx7 id nolu satıcıdan 0.00667280 fiyatından 66.43559482 adet 9 id nolu coin karşılığında 152 id nolu coin satın aldı. Emir kapandı.
TRADE - 2020-11-14 11:40:51 --> (0.75125400 1605354051) trade işleminde  : pdcwse6x5hbp0rfelt894wkw8dke id nolu satıcı fj44e71pzte52i5igwc2u137qyx7 id nolu alıcıya 0.00485909 fiyatından 24.18515 adet 9 id nolu coin karşılığında 152 id nolu coin sattı. Alıcının miktarı yetmedi ve eşleşen bir fiyat olmadığı için 5548.71387504 adet satış emri açıldı.
TRADE - 2020-11-14 11:40:52 --> (0.30328500 1605354052) trade işleminde  : pdcwse6x5hbp0rfelt894wkw8dke id nolu satıcı fj44e71pzte52i5igwc2u137qyx7 id nolu alıcıya 0.00541004 fiyatından 5589.56448504 adet 9 id nolu coin karşılığında 152 id nolu coini satmak istedi ama alıcının miktarı(16.66546) yetmedi ve emir tekrar etti.
TRADE - 2020-11-14 11:40:52 --> (0.71037100 1605354052) trade işleminde  : pdcwse6x5hbp0rfelt894wkw8dke id nolu satıcı fj44e71pzte52i5igwc2u137qyx7 id nolu alıcıya 0.00541274 fiyatından 5616.12916954 adet 9 id nolu coin karşılığında 152 id nolu coini satmak istedi ama alıcının miktarı(26.5646845) yetmedi ve emir tekrar etti.
TRADE - 2020-11-14 11:40:53 --> (0.09497100 1605354053) trade işleminde  : pdcwse6x5hbp0rfelt894wkw8dke id nolu satıcı fj44e71pzte52i5igwc2u137qyx7 id nolu alıcıya 0.00642120 fiyatından 5650.29482454 adet 9 id nolu coin karşılığında 152 id nolu coini satmak istedi ama alıcının miktarı(34.165655) yetmedi ve emir tekrar etti.
TRADE - 2020-11-14 11:40:53 --> (0.63158000 1605354053) trade işleminde  : pdcwse6x5hbp0rfelt894wkw8dke id nolu satıcı fj44e71pzte52i5igwc2u137qyx7 id nolu alıcıya 0.00666120 fiyatından 5674.00000000 adet 9 id nolu coin karşılığında 152 id nolu coini satmak istedi ama alıcının miktarı(23.70517546) yetmedi ve emir tekrar etti.
TRADE - 2020-11-14 11:57:14 --> (0.03236900 1605355034) trade işleminde  : fj44e71pzte52i5igwc2u137qyx7 id nolu alıcı pdcwse6x5hbp0rfelt894wkw8dke id nolu satıcıdan 0.00665280 fiyatından 138.32588344 adet 9 id nolu coin karşılığında 152 id nolu coin satın aldı. Emir kapandı.
TRADE - 2020-11-14 12:02:09 --> (0.84476200 1605355329) trade işleminde  : fj44e71pzte52i5igwc2u137qyx7 id nolu alıcı pdcwse6x5hbp0rfelt894wkw8dke id nolu satıcıdan 0.00665280 fiyatından 10.38799160 adet 9 id nolu coin karşılığında 152 id nolu coin satın aldı. Emir kapandı.
TRADE - 2020-11-14 12:02:15 --> (0.77654700 1605355335) trade işleminde  : fj44e71pzte52i5igwc2u137qyx7 id nolu alıcı pdcwse6x5hbp0rfelt894wkw8dke id nolu satıcıdan 0.00665280 fiyatından 10.38799160 adet 9 id nolu coin karşılığında 152 id nolu coin satın aldı. Emir kapandı.
TRADE - 2020-11-14 12:17:00 --> (0.99722900 1605356220) trade işleminde  : fj44e71pzte52i5igwc2u137qyx7 id nolu satıcı fj44e71pzte52i5igwc2u137qyx7 id nolu alıcıya 0.00665080 fiyatından 5.79090976 adet 9 id nolu coin karşılığında 152 id nolu coin sattı. Emir kapandı.
TRADE - 2020-11-14 12:17:16 --> (0.88816000 1605356236) trade işleminde  : fj44e71pzte52i5igwc2u137qyx7 id nolu alıcı pdcwse6x5hbp0rfelt894wkw8dke id nolu satıcıdan 0.00665280 fiyatından 12.34787602 adet 9 id nolu coin karşılığında 152 id nolu coin satın aldı. Emir kapandı.
TRADE - 2020-11-14 12:55:00 --> (0.40300300 1605358500) trade işleminde  : fj44e71pzte52i5igwc2u137qyx7 id nolu satıcı fj44e71pzte52i5igwc2u137qyx7 id nolu alıcıya 0.00655521 fiyatından 11.35400255 adet 9 id nolu coin karşılığında 152 id nolu coin sattı. Emir kapandı.
TRADE - 2020-11-14 12:55:19 --> (0.87052600 1605358519) trade işleminde  : fj44e71pzte52i5igwc2u137qyx7 id nolu alıcı pdcwse6x5hbp0rfelt894wkw8dke id nolu satıcıdan 0.00665280 fiyatından 7.26025380 adet 9 id nolu coin karşılığında 152 id nolu coin satın aldı. Emir kapandı.
TRADE - 2020-11-14 13:24:42 --> (0.67480500 1605360282) trade işleminde  : hzon720zk2cdr3dyllb8pr4yhpae id nolu satıcı fj44e71pzte52i5igwc2u137qyx7 id nolu alıcıya 0.00655521 fiyatından 20.000971 adet 9 id nolu coin karşılığında 152 id nolu coin sattı. Emir kapandı.
TRADE - 2020-11-14 13:24:46 --> (0.37100100 1605360286) trade işleminde  : hzon720zk2cdr3dyllb8pr4yhpae id nolu satıcı fj44e71pzte52i5igwc2u137qyx7 id nolu alıcıya 0.00655280 fiyatından 105.50493903 adet 9 id nolu coin karşılığında 152 id nolu coin sattı. Emir kapandı.
TRADE - 2020-11-14 13:24:51 --> (0.19808700 1605360291) trade işleminde  : hzon720zk2cdr3dyllb8pr4yhpae id nolu satıcı fj44e71pzte52i5igwc2u137qyx7 id nolu alıcıya 0.00645280 fiyatından 41.35497355 adet 9 id nolu coin karşılığında 152 id nolu coin sattı. Emir kapandı.
TRADE - 2020-11-14 17:41:50 --> (0.21087800 1605364910) trade işleminde  : fj44e71pzte52i5igwc2u137qyx7 id nolu alıcı pdcwse6x5hbp0rfelt894wkw8dke id nolu satıcıdan 0.00665280 fiyatından 11.33119013 adet 9 id nolu coin karşılığında 152 id nolu coin satın aldı. Emir kapandı.
TRADE - 2020-11-14 18:41:40 --> (0.49930600 1605368500) trade işleminde  : pdcwse6x5hbp0rfelt894wkw8dke id nolu satıcı fj44e71pzte52i5igwc2u137qyx7 id nolu alıcıya 0.00267502 fiyatından 100.34787602 adet 9 id nolu coin karşılığında 152 id nolu coin sattı. Alıcının miktarı yetmedi ve eşleşen bir fiyat olmadığı için 5034.6088321 adet satış emri açıldı.
TRADE - 2020-11-14 18:41:41 --> (0.00617800 1605368501) trade işleminde  : pdcwse6x5hbp0rfelt894wkw8dke id nolu satıcı fj44e71pzte52i5igwc2u137qyx7 id nolu alıcıya 0.00287701 fiyatından 5160.43245812 adet 9 id nolu coin karşılığında 152 id nolu coini satmak istedi ama alıcının miktarı(25.47575) yetmedi ve emir tekrar etti.
TRADE - 2020-11-14 18:41:41 --> (0.40670700 1605368501) trade işleminde  : pdcwse6x5hbp0rfelt894wkw8dke id nolu satıcı fj44e71pzte52i5igwc2u137qyx7 id nolu alıcıya 0.00382201 fiyatından 5198.55447283 adet 9 id nolu coin karşılığında 152 id nolu coini satmak istedi ama alıcının miktarı(38.12201471) yetmedi ve emir tekrar etti.
TRADE - 2020-11-14 18:41:41 --> (0.52617200 1605368501) trade işleminde  : gl1s7binuyj3t4yhq7kkieql6k60 id nolu satıcı cvmata43uprbtl40jwjol7sw8uv7 id nolu alıcıya 0.00000046 fiyatından 303.00000000 adet 6 id nolu coin karşılığında 122 id nolu coin sattı. Emir kapandı.
TRADE - 2020-11-14 18:41:41 --> (0.79236600 1605368501) trade işleminde  : pdcwse6x5hbp0rfelt894wkw8dke id nolu satıcı fj44e71pzte52i5igwc2u137qyx7 id nolu alıcıya 0.00385522 fiyatından 5233.81139383 adet 9 id nolu coin karşılığında 152 id nolu coini satmak istedi ama alıcının miktarı(35.256921) yetmedi ve emir tekrar etti.
TRADE - 2020-11-14 18:41:42 --> (0.11032300 1605368502) trade işleminde  : pdcwse6x5hbp0rfelt894wkw8dke id nolu satıcı fj44e71pzte52i5igwc2u137qyx7 id nolu alıcıya 0.00455521 fiyatından 5261.71428365 adet 9 id nolu coin karşılığında 152 id nolu coini satmak istedi ama alıcının miktarı(27.90288982) yetmedi ve emir tekrar etti.
TRADE - 2020-11-14 18:41:42 --> (0.49188400 1605368502) trade işleminde  : pdcwse6x5hbp0rfelt894wkw8dke id nolu satıcı fj44e71pzte52i5igwc2u137qyx7 id nolu alıcıya 0.00457532 fiyatından 5291.00540482 adet 9 id nolu coin karşılığında 152 id nolu coini satmak istedi ama alıcının miktarı(29.29112117) yetmedi ve emir tekrar etti.
TRADE - 2020-11-14 18:41:43 --> (0.12524800 1605368503) trade işleminde  : pdcwse6x5hbp0rfelt894wkw8dke id nolu satıcı fj44e71pzte52i5igwc2u137qyx7 id nolu alıcıya 0.00477285 fiyatından 5312.06455986 adet 9 id nolu coin karşılığında 152 id nolu coini satmak istedi ama alıcının miktarı(21.05915504) yetmedi ve emir tekrar etti.
TRADE - 2020-11-14 18:41:43 --> (0.70046600 1605368503) trade işleminde  : pdcwse6x5hbp0rfelt894wkw8dke id nolu satıcı fj44e71pzte52i5igwc2u137qyx7 id nolu alıcıya 0.00485221 fiyatından 5347.02065643 adet 9 id nolu coin karşılığında 152 id nolu coini satmak istedi ama alıcının miktarı(34.95609657) yetmedi ve emir tekrar etti.
TRADE - 2020-11-14 18:41:44 --> (0.25858400 1605368504) trade işleminde  : pdcwse6x5hbp0rfelt894wkw8dke id nolu satıcı fj44e71pzte52i5igwc2u137qyx7 id nolu alıcıya 0.00485221 fiyatından 5358.67268845 adet 9 id nolu coin karşılığında 152 id nolu coini satmak istedi ama alıcının miktarı(11.65203202) yetmedi ve emir tekrar etti.
TRADE - 2020-11-14 21:11:07 --> (0.50175300 1605377467) trade işleminde  : q1mz40xvzkr71ce422irhu7qwstz id nolu satıcı gwgvn9fj4jobujl16xk5gy1vey0k id nolu alıcıya 0.00000193 fiyatından 30956.00000000 adet 9 id nolu coin karşılığında 145 id nolu coin sattı. Emir kapandı.
TRADE - 2020-11-14 23:59:25 --> (0.16517400 1605387565) trade işleminde  : fj44e71pzte52i5igwc2u137qyx7 id nolu alıcı pdcwse6x5hbp0rfelt894wkw8dke id nolu satıcıdan 0.00665280 fiyatından 12.46535000 adet 9 id nolu coin karşılığında 152 id nolu coin satın aldı. Emir kapandı.
