TRADE - 2021-01-16 04:33:01 --> (0.88214100 1610760781) trade işleminde  : zlgxvsiggs0c6qkc3pzi9xvusiux id nolu satıcı 6bavdl8dik135r3iu118fe4zxti5 id nolu alıcıya 0.00811345 fiyatından 40.18032725 adet 9 id nolu coin karşılığında 161 id nolu coin sattı. Alıcının miktarı yetmedi ve eşleşen bir fiyat olmadığı için 129.81967271 adet satış emri açıldı.
TRADE - 2021-01-16 04:34:36 --> (0.33911400 1610760876) trade işleminde  : zlgxvsiggs0c6qkc3pzi9xvusiux id nolu satıcı 6bavdl8dik135r3iu118fe4zxti5 id nolu alıcıya 0.00802445 fiyatından 27.78964196 adet 9 id nolu coin karşılığında 161 id nolu coin sattı. Emir kapandı.
TRADE - 2021-01-16 04:34:36 --> (0.65085400 1610760876) trade işleminde  : zlgxvsiggs0c6qkc3pzi9xvusiux id nolu satıcı 6bavdl8dik135r3iu118fe4zxti5 id nolu alıcıya 0.00802545 fiyatından 89.34372071 adet 9 id nolu coin karşılığında 161 id nolu coini satmak istedi ama alıcının miktarı(61.55407875) yetmedi ve emir tekrar etti.
TRADE - 2021-01-16 04:34:36 --> (0.95120300 1610760876) trade işleminde  : zlgxvsiggs0c6qkc3pzi9xvusiux id nolu satıcı 6bavdl8dik135r3iu118fe4zxti5 id nolu alıcıya 0.00805345 fiyatından 129.81967271 adet 9 id nolu coin karşılığında 161 id nolu coini satmak istedi ama alıcının miktarı(40.475952) yetmedi ve emir tekrar etti.
TRADE - 2021-01-16 05:19:41 --> (0.90730500 1610763581) trade işleminde  : zlgxvsiggs0c6qkc3pzi9xvusiux id nolu alıcı 6bavdl8dik135r3iu118fe4zxti5 id nolu satıcıdan 0.00924140 fiyatından 3806.09562422 adet 9 id nolu coin karşılığında 3 id nolu coin satın aldı. Emir kapandı.
TRADE - 2021-01-16 05:20:04 --> (0.02345800 1610763604) trade işleminde  : zlgxvsiggs0c6qkc3pzi9xvusiux id nolu alıcı 6bavdl8dik135r3iu118fe4zxti5 id nolu satıcıdan 0.00924140 fiyatından 11.25140428 adet 9 id nolu coin karşılığında 3 id nolu coin satın aldı. Emir kapandı.
TRADE - 2021-01-16 12:54:36 --> (0.83773300 1610790876) trade işleminde  : 6bavdl8dik135r3iu118fe4zxti5 id nolu alıcı dsrh626xxrv1xglvn4kmp8soyf6x id nolu satıcıdan 0.28431000 fiyatından 0.14467339 adet 9 id nolu coin karşılığında 7 id nolu coin satın aldı. Alıcı almak istediği miktarı aldı. Boş emir açıldı.
TRADE - 2021-01-16 14:04:09 --> (0.29257900 1610795049) trade işleminde  : 6bavdl8dik135r3iu118fe4zxti5 id nolu satıcı dsrh626xxrv1xglvn4kmp8soyf6x id nolu alıcıya 0.28638000 fiyatından 0.04107296 adet 9 id nolu coin karşılığında 7 id nolu coin sattı. Emir kapandı.
TRADE - 2021-01-16 14:20:01 --> (0.13111500 1610796001) trade işleminde  : 6bavdl8dik135r3iu118fe4zxti5 id nolu satıcı dsrh626xxrv1xglvn4kmp8soyf6x id nolu alıcıya 0.28608000 fiyatından 0.10216898 adet 9 id nolu coin karşılığında 7 id nolu coin sattı. Emir kapandı.
TRADE - 2021-01-16 17:41:15 --> (0.78735100 1610808075) trade işleminde  : 6bavdl8dik135r3iu118fe4zxti5 id nolu alıcı zlgxvsiggs0c6qkc3pzi9xvusiux id nolu satıcıdan 0.00910549 fiyatından 330.00000003 adet 9 id nolu coin karşılığında 161 id nolu coin satın aldı. Alıcı almak istediği miktarı aldı. Boş emir açıldı.
TRADE - 2021-01-16 17:49:39 --> (0.08483400 1610808579) trade işleminde  : 7pstvgxoq52gkq5zn7zu8cajtul7 id nolu alıcı 6bavdl8dik135r3iu118fe4zxti5 id nolu satıcıdan 0.00000774 fiyatından 217.72346779 adet 1 id nolu coin karşılığında 7 id nolu coin satın aldı. Emir kapandı.
TRADE - 2021-01-16 19:28:14 --> (0.66832700 1610814494) trade işleminde  : 6bavdl8dik135r3iu118fe4zxti5 id nolu alıcı q8plfntvv4qqkpwnrpu6eg1nfc39 id nolu satıcıdan 0.00000033 fiyatından 527.47795716 adet 1 id nolu coin karşılığında 17 id nolu coin satın aldı. Alıcı almak istediği miktarı aldı. Boş emir açıldı.
TRADE - 2021-01-16 20:41:53 --> (0.89243900 1610818913) trade işleminde  : zlgxvsiggs0c6qkc3pzi9xvusiux id nolu alıcı hzon720zk2cdr3dyllb8pr4yhpae id nolu satıcıdan 0.00025000 fiyatından 10000.00000000 adet 9 id nolu coin karşılığında 141 id nolu coin satın aldı. Emir kapandı.
TRADE - 2021-01-16 21:47:33 --> (0.23021400 1610822853) trade işleminde  : 6bavdl8dik135r3iu118fe4zxti5 id nolu satıcı hzkkvjc842r2z37h6mfmez0ovbz0 id nolu alıcıya 497.38692751 fiyatından 0.00137434 adet 9 id nolu coin karşılığında 15 id nolu coin sattı. Emir kapandı.
TRADE - 2021-01-16 22:12:14 --> (0.01954900 1610824334) trade işleminde  : hzkkvjc842r2z37h6mfmez0ovbz0 id nolu satıcı 6bavdl8dik135r3iu118fe4zxti5 id nolu alıcıya 495.17325080 fiyatından 0.00137434 adet 9 id nolu coin karşılığında 15 id nolu coin sattı. Emir kapandı.
TRADE - 2021-01-16 22:13:14 --> (0.75053500 1610824394) trade işleminde  : hzkkvjc842r2z37h6mfmez0ovbz0 id nolu alıcı 6bavdl8dik135r3iu118fe4zxti5 id nolu satıcıdan 0.28126000 fiyatından 2.40993896 adet 9 id nolu coin karşılığında 7 id nolu coin satın aldı. Emir kapandı.
TRADE - 2021-01-16 22:17:39 --> (0.02773500 1610824659) trade işleminde  : 6bavdl8dik135r3iu118fe4zxti5 id nolu alıcı hzkkvjc842r2z37h6mfmez0ovbz0 id nolu satıcıdan 0.28137000 fiyatından 2.40993896 adet 9 id nolu coin karşılığında 7 id nolu coin satın aldı. Alıcı almak istediği miktarı aldı. Boş emir açıldı.
TRADE - 2021-01-16 22:20:51 --> (0.71922600 1610824851) trade işleminde  : hzkkvjc842r2z37h6mfmez0ovbz0 id nolu alıcı 6bavdl8dik135r3iu118fe4zxti5 id nolu satıcıdan 0.03060000 fiyatından 22.07116356 adet 9 id nolu coin karşılığında 128 id nolu coin satın aldı. Emir kapandı.
TRADE - 2021-01-16 22:31:35 --> (0.17997000 1610825495) trade işleminde  : hzkkvjc842r2z37h6mfmez0ovbz0 id nolu satıcı 6bavdl8dik135r3iu118fe4zxti5 id nolu alıcıya 0.03051000 fiyatından 22.07126356 adet 9 id nolu coin karşılığında 128 id nolu coin sattı. Emir kapandı.
TRADE - 2021-01-16 22:38:38 --> (0.58316700 1610825918) trade işleminde  : 6bavdl8dik135r3iu118fe4zxti5 id nolu satıcı hzkkvjc842r2z37h6mfmez0ovbz0 id nolu alıcıya 0.00957645 fiyatından 70.03702185 adet 9 id nolu coin karşılığında 161 id nolu coin sattı. Emir kapandı.
