TRADE - 2021-02-14 04:06:47 --> (0.60424300 1613264807) trade işleminde  : wmue9qp6fie4n3qwust18t1tv1t5 id nolu alıcı 6bavdl8dik135r3iu118fe4zxti5 id nolu satıcıdan 0.00000138 fiyatından 5414.50193139 adet 1 id nolu coin karşılığında 3 id nolu coin satın aldı. Emir kapandı.
TRADE - 2021-02-14 05:22:26 --> (0.56961800 1613269346) trade işleminde  : 6bavdl8dik135r3iu118fe4zxti5 id nolu alıcı 6bbq54ba8sr8tcye3snud33lkn9a id nolu satıcıdan 705.42008046 fiyatından 0.00056518 adet 9 id nolu coin karşılığında 15 id nolu coin satın aldı. Alıcı almak istediği miktarı aldı. Boş emir açıldı.
TRADE - 2021-02-14 05:25:52 --> (0.33722600 1613269552) trade işleminde  : 6bavdl8dik135r3iu118fe4zxti5 id nolu alıcı wmue9qp6fie4n3qwust18t1tv1t5 id nolu satıcıdan 0.00000139 fiyatından 5414.50193139 adet 1 id nolu coin karşılığında 3 id nolu coin satın aldı. Alıcı almak istediği miktarı aldı. Boş emir açıldı.
TRADE - 2021-02-14 07:23:29 --> (0.72904000 1613276609) trade işleminde  : 6bavdl8dik135r3iu118fe4zxti5 id nolu satıcı wmue9qp6fie4n3qwust18t1tv1t5 id nolu alıcıya 0.00000136 fiyatından 5551.66138312 adet 1 id nolu coin karşılığında 3 id nolu coin sattı. Emir kapandı.
TRADE - 2021-02-14 10:05:52 --> (0.30063300 1613286352) trade işleminde  : 6bavdl8dik135r3iu118fe4zxti5 id nolu alıcı ttepufyk8a5ructqfvrw23t4mhso id nolu satıcıdan 48729.00000000 fiyatından 0.0003 adet 9 id nolu coin karşılığında 1 id nolu coin satın aldı. Alıcı almak istediği miktarı aldı. Boş emir açıldı.
TRADE - 2021-02-14 10:12:07 --> (0.81708000 1613286727) trade işleminde  : ttepufyk8a5ructqfvrw23t4mhso id nolu alıcı 5msio5ujjib79ac8luy7hxpqg37l id nolu satıcıdan 0.00004672 fiyatından 94425.169 adet 9 id nolu coin karşılığında 78 id nolu coin satın aldı. Emir kapandı.
TRADE - 2021-02-14 10:12:08 --> (0.52342700 1613286728) trade işleminde  : ttepufyk8a5ructqfvrw23t4mhso id nolu alıcı t8avvcmnmgj5pyqcyomrro5nefmx id nolu satıcıdan 0.00004671 fiyatından 100000.00000000 adet 9 id nolu coin karşılığında 78 id nolu coin almak istedi ama satıcının miktarı(5574.831) yetmedi ve emir tekrar etti.
TRADE - 2021-02-14 10:33:34 --> (0.61534700 1613288014) trade işleminde  : 6bavdl8dik135r3iu118fe4zxti5 id nolu satıcı ttepufyk8a5ructqfvrw23t4mhso id nolu alıcıya 0.05791000 fiyatından 100 adet 9 id nolu coin karşılığında 128 id nolu coin sattı. Emir kapandı.
TRADE - 2021-02-14 10:53:13 --> (0.44409400 1613289193) trade işleminde  : 6bavdl8dik135r3iu118fe4zxti5 id nolu satıcı ttepufyk8a5ructqfvrw23t4mhso id nolu alıcıya 0.02725399 fiyatından 150 adet 9 id nolu coin karşılığında 17 id nolu coin sattı. Emir kapandı.
TRADE - 2021-02-14 11:24:01 --> (0.25967000 1613291041) trade işleminde  : 3p5816hym8x0z1sklpax6bm8dpcs id nolu satıcı no2dnuhutckbktnejjdkkitdgw2n id nolu alıcıya 0.00000250 fiyatından 100.81060472 adet 6 id nolu coin karşılığında 152 id nolu coin sattı. Emir kapandı.
TRADE - 2021-02-14 11:24:58 --> (0.19733100 1613291098) trade işleminde  : 3p5816hym8x0z1sklpax6bm8dpcs id nolu satıcı no2dnuhutckbktnejjdkkitdgw2n id nolu alıcıya 0.00000028 fiyatından 1500.00000000 adet 6 id nolu coin karşılığında 152 id nolu coin sattı. Emir kapandı.
TRADE - 2021-02-14 11:25:23 --> (0.50207200 1613291123) trade işleminde  : 3p5816hym8x0z1sklpax6bm8dpcs id nolu satıcı no2dnuhutckbktnejjdkkitdgw2n id nolu alıcıya 0.00000028 fiyatından 1500.00000000 adet 6 id nolu coin karşılığında 152 id nolu coin sattı. Emir kapandı.
TRADE - 2021-02-14 11:25:53 --> (0.95031500 1613291153) trade işleminde  : 3p5816hym8x0z1sklpax6bm8dpcs id nolu satıcı no2dnuhutckbktnejjdkkitdgw2n id nolu alıcıya 0.00000028 fiyatından 3000 adet 6 id nolu coin karşılığında 152 id nolu coin sattı. Emir kapandı.
TRADE - 2021-02-14 11:26:36 --> (0.74582800 1613291196) trade işleminde  : 3p5816hym8x0z1sklpax6bm8dpcs id nolu satıcı 3p5816hym8x0z1sklpax6bm8dpcs id nolu alıcıya 0.00000015 fiyatından 2586 adet 6 id nolu coin karşılığında 152 id nolu coin sattı. Emir kapandı.
TRADE - 2021-02-14 11:27:01 --> (0.74186500 1613291221) trade işleminde  : 3p5816hym8x0z1sklpax6bm8dpcs id nolu satıcı 3p5816hym8x0z1sklpax6bm8dpcs id nolu alıcıya 0.00000010 fiyatından 1500 adet 6 id nolu coin karşılığında 152 id nolu coin sattı. Emir kapandı.
TRADE - 2021-02-14 11:28:15 --> (0.88114200 1613291295) trade işleminde  : hzon720zk2cdr3dyllb8pr4yhpae id nolu satıcı fj44e71pzte52i5igwc2u137qyx7 id nolu alıcıya 0.00629979 fiyatından 16.9626484 adet 9 id nolu coin karşılığında 152 id nolu coin sattı. Emir kapandı.
TRADE - 2021-02-14 11:28:29 --> (0.56293500 1613291309) trade işleminde  : hzon720zk2cdr3dyllb8pr4yhpae id nolu satıcı fj44e71pzte52i5igwc2u137qyx7 id nolu alıcıya 0.00499979 fiyatından 28.72630331 adet 9 id nolu coin karşılığında 152 id nolu coin sattı. Emir kapandı.
TRADE - 2021-02-14 11:30:32 --> (0.63432700 1613291432) trade işleminde  : 3p5816hym8x0z1sklpax6bm8dpcs id nolu alıcı hzon720zk2cdr3dyllb8pr4yhpae id nolu satıcıdan 0.00000430 fiyatından 150.12860041 adet 6 id nolu coin karşılığında 152 id nolu coin satın aldı. Emir kapandı.
TRADE - 2021-02-14 13:35:41 --> (0.78569900 1613298941) trade işleminde  : 6bavdl8dik135r3iu118fe4zxti5 id nolu alıcı hzon720zk2cdr3dyllb8pr4yhpae id nolu satıcıdan 1840.66000100 fiyatından 0.00064426 adet 9 id nolu coin karşılığında 6 id nolu coin satın aldı. Alıcı almak istediği miktarı aldı. Boş emir açıldı.
TRADE - 2021-02-14 15:34:50 --> (0.65678300 1613306090) trade işleminde  : 42rml3t9qa9fxbbx07dgbwc5juwj id nolu satıcı 6bavdl8dik135r3iu118fe4zxti5 id nolu alıcıya 49287.90000000 fiyatından 0.00244816 adet 9 id nolu coin karşılığında 1 id nolu coin sattı. Emir kapandı.
TRADE - 2021-02-14 15:38:56 --> (0.50121300 1613306336) trade işleminde  : 6bavdl8dik135r3iu118fe4zxti5 id nolu alıcı q8plfntvv4qqkpwnrpu6eg1nfc39 id nolu satıcıdan 0.06237750 fiyatından 302.16480616 adet 9 id nolu coin karşılığında 3 id nolu coin satın aldı. Alıcı almak istediği miktarı aldı. Boş emir açıldı.
TRADE - 2021-02-14 15:40:39 --> (0.05944300 1613306439) trade işleminde  : 6bbq54ba8sr8tcye3snud33lkn9a id nolu satıcı 6bavdl8dik135r3iu118fe4zxti5 id nolu alıcıya 706.00000000 fiyatından 0.00056519 adet 9 id nolu coin karşılığında 15 id nolu coin sattı. Emir kapandı.
TRADE - 2021-02-14 16:35:46 --> (0.01222700 1613309746) trade işleminde  : l00ayvfir68xdpxfnizwkoenp6w2 id nolu satıcı w0m66yk7acapt8ikv7oh9jmpifsz id nolu alıcıya 0.00000022 fiyatından 110000.00000000 adet 1 id nolu coin karşılığında 161 id nolu coin sattı. Emir kapandı.
TRADE - 2021-02-14 16:36:59 --> (0.60849400 1613309819) trade işleminde  : l00ayvfir68xdpxfnizwkoenp6w2 id nolu satıcı w0m66yk7acapt8ikv7oh9jmpifsz id nolu alıcıya 0.00000022 fiyatından 23600.00000000 adet 1 id nolu coin karşılığında 161 id nolu coin sattı. Emir kapandı.
TRADE - 2021-02-14 21:39:14 --> (0.05110800 1613327954) trade işleminde  : ln5jf76bbqw6cxr79jyabj5tx3ij id nolu satıcı 6bavdl8dik135r3iu118fe4zxti5 id nolu alıcıya 0.00439700 fiyatından 0.15000000 adet 1 id nolu coin karşılığında 2 id nolu coin sattı. Emir kapandı.
TRADE - 2021-02-14 21:41:39 --> (0.96983400 1613328099) trade işleminde  : 6bavdl8dik135r3iu118fe4zxti5 id nolu satıcı hkf62k1jtihyeyvih5e42hz0scn5 id nolu alıcıya 0.00000120 fiyatından 5000 adet 1 id nolu coin karşılığında 3 id nolu coin sattı. Emir kapandı.
TRADE - 2021-02-14 22:11:14 --> (0.89740700 1613329874) trade işleminde  : zutf3hlmmhldwzlv7vdc8339s7ej id nolu alıcı 6bavdl8dik135r3iu118fe4zxti5 id nolu satıcıdan 48850.98000000 fiyatından 0.00105188 adet 9 id nolu coin karşılığında 1 id nolu coin satın aldı. Emir kapandı.
TRADE - 2021-02-14 22:11:15 --> (0.72916600 1613329875) trade işleminde  : zutf3hlmmhldwzlv7vdc8339s7ej id nolu alıcı 6bavdl8dik135r3iu118fe4zxti5 id nolu satıcıdan 48845.63000000 fiyatından 0.00109688 adet 9 id nolu coin karşılığında 1 id nolu coin almak istedi ama satıcının miktarı(4.5E-5) yetmedi ve emir tekrar etti.
TRADE - 2021-02-14 22:59:42 --> (0.62272600 1613332782) trade işleminde  : zutf3hlmmhldwzlv7vdc8339s7ej id nolu alıcı 6bavdl8dik135r3iu118fe4zxti5 id nolu satıcıdan 0.00000123 fiyatından 889.99237298 adet 1 id nolu coin karşılığında 3 id nolu coin satın aldı. Emir kapandı.
TRADE - 2021-02-14 23:07:49 --> (0.23837800 1613333269) trade işleminde  : zutf3hlmmhldwzlv7vdc8339s7ej id nolu satıcı 6bavdl8dik135r3iu118fe4zxti5 id nolu alıcıya 0.00000122 fiyatından 889.99237298 adet 1 id nolu coin karşılığında 3 id nolu coin sattı. Emir kapandı.
TRADE - 2021-02-14 23:08:21 --> (0.94192000 1613333301) trade işleminde  : zutf3hlmmhldwzlv7vdc8339s7ej id nolu alıcı 6bavdl8dik135r3iu118fe4zxti5 id nolu satıcıdan 0.00001229 fiyatından 87.99488086 adet 1 id nolu coin karşılığında 7 id nolu coin satın aldı. Emir kapandı.
