TRADE - 2020-11-19 00:02:14 --> (0.79895700 1605733334) trade işleminde  : oj3s99srjax3l5idvmczytb3jgll id nolu alıcı anqjka6bpomy1v2r0w0l4jun3588 id nolu satıcıdan 0.00000298 fiyatından 383189.11341043 adet 9 id nolu coin karşılığında 121 id nolu coin satın aldı. Satıcının miktarı yetmedi ve eşleşen bir fiyat olmadığı için 3275773.6824743 adet alış emri açıldı.
TRADE - 2020-11-19 00:05:10 --> (0.99905300 1605733510) trade işleminde  : oj3s99srjax3l5idvmczytb3jgll id nolu alıcı 6bavdl8dik135r3iu118fe4zxti5 id nolu satıcıdan 472.09000100 fiyatından 0.02066909 adet 9 id nolu coin karşılığında 6 id nolu coin satın aldı. Emir kapandı.
TRADE - 2020-11-19 00:07:09 --> (0.28931700 1605733629) trade işleminde  : oj3s99srjax3l5idvmczytb3jgll id nolu alıcı 5oug6wjw21ln5fg4ku0udtdau833 id nolu satıcıdan 0.00000001 fiyatından 2062783.43313373 adet 6 id nolu coin karşılığında 121 id nolu coin satın aldı. Emir kapandı.
TRADE - 2020-11-19 06:38:58 --> (0.93704100 1605757138) trade işleminde  : gwgvn9fj4jobujl16xk5gy1vey0k id nolu alıcı hq89sanm241lnihbj5b6oqd5z3bh id nolu satıcıdan 0.00000300 fiyatından 804752 adet 9 id nolu coin karşılığında 145 id nolu coin satın aldı. Alıcı almak istediği miktarı aldı. Boş emir açıldı.
TRADE - 2020-11-19 08:51:43 --> (0.10686800 1605765103) trade işleminde  : hzon720zk2cdr3dyllb8pr4yhpae id nolu alıcı ebhx9wjf67y4iv1pjb76gbmnkmak id nolu satıcıdan 0.00000300 fiyatından 45000 adet 9 id nolu coin karşılığında 145 id nolu coin satın aldı. Alıcı almak istediği miktarı aldı. Boş emir açıldı.
TRADE - 2020-11-19 08:53:20 --> (0.74467400 1605765200) trade işleminde  : hzon720zk2cdr3dyllb8pr4yhpae id nolu alıcı gwgvn9fj4jobujl16xk5gy1vey0k id nolu satıcıdan 0.00000332 fiyatından 145893 adet 9 id nolu coin karşılığında 145 id nolu coin satın aldı. Alıcı almak istediği miktarı aldı. Boş emir açıldı.
TRADE - 2020-11-19 08:53:28 --> (0.05493500 1605765208) trade işleminde  : hzon720zk2cdr3dyllb8pr4yhpae id nolu alıcı ebhx9wjf67y4iv1pjb76gbmnkmak id nolu satıcıdan 0.00000350 fiyatından 226824 adet 9 id nolu coin karşılığında 145 id nolu coin satın aldı. Alıcı almak istediği miktarı aldı. Boş emir açıldı.
TRADE - 2020-11-19 08:55:43 --> (0.23762400 1605765343) trade işleminde  : hzon720zk2cdr3dyllb8pr4yhpae id nolu alıcı gwgvn9fj4jobujl16xk5gy1vey0k id nolu satıcıdan 0.00000398 fiyatından 804752 adet 9 id nolu coin karşılığında 145 id nolu coin satın aldı. Alıcı almak istediği miktarı aldı. Boş emir açıldı.
TRADE - 2020-11-19 08:55:43 --> (0.54316300 1605765343) trade işleminde  : hzon720zk2cdr3dyllb8pr4yhpae id nolu alıcı gwgvn9fj4jobujl16xk5gy1vey0k id nolu satıcıdan 0.00000398 fiyatından 831123.85658296 adet 9 id nolu coin karşılığında 145 id nolu coin almak istedi ama satıcının miktarı(26371.85658296) yetmedi ve emir tekrar etti.
TRADE - 2020-11-19 10:45:19 --> (0.92161300 1605771919) trade işleminde  : jfghf63o7th336grfsf91wm6rfsb id nolu alıcı anqjka6bpomy1v2r0w0l4jun3588 id nolu satıcıdan 0.00000389 fiyatından 8097.81208791 adet 9 id nolu coin karşılığında 121 id nolu coin satın aldı. Emir kapandı.
TRADE - 2020-11-19 11:43:40 --> (0.29812400 1605775420) trade işleminde  : la8fvax7tiwkjazsiaoi6c8hb7cj id nolu alıcı 5mjwi0pkfixdrih7p7uadjr1634g id nolu satıcıdan 0.20000000 fiyatından 0.00049900 adet 9 id nolu coin karşılığında 153 id nolu coin satın aldı. Emir kapandı.
TRADE - 2020-11-19 13:25:52 --> (0.10339500 1605781552) trade işleminde  : 6bavdl8dik135r3iu118fe4zxti5 id nolu alıcı sl3ts16q7a9mp6jl8jtaq6qfoj2k id nolu satıcıdan 0.28630000 fiyatından 20.482703 adet 9 id nolu coin karşılığında 7 id nolu coin satın aldı. Alıcı almak istediği miktarı aldı. Boş emir açıldı.
TRADE - 2020-11-19 13:36:09 --> (0.04921700 1605782169) trade işleminde  : fj44e71pzte52i5igwc2u137qyx7 id nolu satıcı fj44e71pzte52i5igwc2u137qyx7 id nolu alıcıya 0.00475219 fiyatından 4.76396743 adet 9 id nolu coin karşılığında 152 id nolu coin sattı. Emir kapandı.
TRADE - 2020-11-19 13:36:10 --> (0.81549100 1605782170) trade işleminde  : sl3ts16q7a9mp6jl8jtaq6qfoj2k id nolu alıcı 6bavdl8dik135r3iu118fe4zxti5 id nolu satıcıdan 0.00287600 fiyatından 2031.04551328 adet 9 id nolu coin karşılığında 3 id nolu coin satın aldı. Emir kapandı.
TRADE - 2020-11-19 13:36:24 --> (0.69080800 1605782184) trade işleminde  : fj44e71pzte52i5igwc2u137qyx7 id nolu alıcı pdcwse6x5hbp0rfelt894wkw8dke id nolu satıcıdan 0.00667270 fiyatından 1.48478500 adet 9 id nolu coin karşılığında 152 id nolu coin satın aldı. Emir kapandı.
TRADE - 2020-11-19 16:17:40 --> (0.51566200 1605791860) trade işleminde  : fj44e71pzte52i5igwc2u137qyx7 id nolu alıcı pdcwse6x5hbp0rfelt894wkw8dke id nolu satıcıdan 0.00667270 fiyatından 1.36597936 adet 9 id nolu coin karşılığında 152 id nolu coin satın aldı. Emir kapandı.
TRADE - 2020-11-19 19:32:16 --> (0.77311700 1605803536) trade işleminde  : hq89sanm241lnihbj5b6oqd5z3bh id nolu satıcı hzon720zk2cdr3dyllb8pr4yhpae id nolu alıcıya 0.00000303 fiyatından 140710.00000000 adet 9 id nolu coin karşılığında 145 id nolu coin sattı. Emir kapandı.
TRADE - 2020-11-19 20:44:05 --> (0.78874100 1605807845) trade işleminde  : hq89sanm241lnihbj5b6oqd5z3bh id nolu satıcı hzon720zk2cdr3dyllb8pr4yhpae id nolu alıcıya 0.00000303 fiyatından 166290.07904982 adet 9 id nolu coin karşılığında 145 id nolu coin sattı. Alıcının miktarı yetmedi ve eşleşen bir fiyat olmadığı için 391047.04595018 adet satış emri açıldı.
TRADE - 2020-11-19 20:52:08 --> (0.14863300 1605808328) trade işleminde  : hq89sanm241lnihbj5b6oqd5z3bh id nolu satıcı gwgvn9fj4jobujl16xk5gy1vey0k id nolu alıcıya 0.00000300 fiyatından 391047.04595018 adet 9 id nolu coin karşılığında 145 id nolu coin sattı. Emir kapandı.
TRADE - 2020-11-19 20:54:54 --> (0.41114000 1605808494) trade işleminde  : ebhx9wjf67y4iv1pjb76gbmnkmak id nolu alıcı 6bavdl8dik135r3iu118fe4zxti5 id nolu satıcıdan 17944.80000000 fiyatından 0.00185000 adet 9 id nolu coin karşılığında 1 id nolu coin satın aldı. Emir kapandı.
TRADE - 2020-11-19 20:56:01 --> (0.55644800 1605808561) trade işleminde  : ebhx9wjf67y4iv1pjb76gbmnkmak id nolu satıcı 6bavdl8dik135r3iu118fe4zxti5 id nolu alıcıya 0.02644700 fiyatından 0.00747148 adet 1 id nolu coin karşılığında 6 id nolu coin sattı. Emir kapandı.
TRADE - 2020-11-19 21:07:19 --> (0.13967100 1605809239) trade işleminde  : 6bavdl8dik135r3iu118fe4zxti5 id nolu satıcı 2e31hw9dnf10txebdcpv5p61gwhy id nolu alıcıya 0.02593000 fiyatından 73.68367199 adet 9 id nolu coin karşılığında 128 id nolu coin sattı. Emir kapandı.
