TRADE - 2020-10-26 10:42:42 --> (0.22562000 1603708962) trade işleminde  : no2dnuhutckbktnejjdkkitdgw2n id nolu alıcı hzon720zk2cdr3dyllb8pr4yhpae id nolu satıcıdan 0.00010000 fiyatından 121.08216169 adet 6 id nolu coin karşılığında 152 id nolu coin satın aldı. Alıcı almak istediği miktarı aldı. Boş emir açıldı.
TRADE - 2020-10-26 10:46:34 --> (0.98006300 1603709194) trade işleminde  : no2dnuhutckbktnejjdkkitdgw2n id nolu alıcı fj44e71pzte52i5igwc2u137qyx7 id nolu satıcıdan 0.00018700 fiyatından 1.36572265 adet 6 id nolu coin karşılığında 152 id nolu coin satın aldı. Emir kapandı.
TRADE - 2020-10-26 10:48:10 --> (0.50461500 1603709290) trade işleminde  : no2dnuhutckbktnejjdkkitdgw2n id nolu satıcı y6drf4zmihsc0ljibcz2rc4i9owm id nolu alıcıya 0.00010000 fiyatından 1996.00798403 adet 9 id nolu coin karşılığında 152 id nolu coin sattı. Emir kapandı.
TRADE - 2020-10-26 10:48:31 --> (0.30532500 1603709311) trade işleminde  : no2dnuhutckbktnejjdkkitdgw2n id nolu alıcı fj44e71pzte52i5igwc2u137qyx7 id nolu satıcıdan 0.02952101 fiyatından 1.20003964 adet 9 id nolu coin karşılığında 152 id nolu coin satın aldı. Emir kapandı.
TRADE - 2020-10-26 10:49:21 --> (0.42715200 1603709361) trade işleminde  : no2dnuhutckbktnejjdkkitdgw2n id nolu alıcı fj44e71pzte52i5igwc2u137qyx7 id nolu satıcıdan 0.02952101 fiyatından 1.20003964 adet 9 id nolu coin karşılığında 152 id nolu coin satın aldı. Emir kapandı.
TRADE - 2020-10-26 12:37:25 --> (0.06663700 1603715845) trade işleminde  : hzon720zk2cdr3dyllb8pr4yhpae id nolu satıcı 6bavdl8dik135r3iu118fe4zxti5 id nolu alıcıya 405.01999900 fiyatından 0.01208400 adet 9 id nolu coin karşılığında 6 id nolu coin sattı. Emir kapandı.
TRADE - 2020-10-26 12:38:24 --> (0.43351400 1603715904) trade işleminde  : hzon720zk2cdr3dyllb8pr4yhpae id nolu alıcı fj44e71pzte52i5igwc2u137qyx7 id nolu satıcıdan 0.02952101 fiyatından 50.00000000 adet 9 id nolu coin karşılığında 152 id nolu coin satın aldı. Emir kapandı.
TRADE - 2020-10-26 12:38:45 --> (0.99662200 1603715925) trade işleminde  : hzon720zk2cdr3dyllb8pr4yhpae id nolu satıcı no2dnuhutckbktnejjdkkitdgw2n id nolu alıcıya 0.00018681 fiyatından 5.36572265 adet 6 id nolu coin karşılığında 152 id nolu coin sattı. Alıcının miktarı yetmedi ve eşleşen bir fiyat olmadığı için 2.8056641 adet satış emri açıldı.
TRADE - 2020-10-26 12:38:46 --> (0.48047500 1603715926) trade işleminde  : hzon720zk2cdr3dyllb8pr4yhpae id nolu satıcı no2dnuhutckbktnejjdkkitdgw2n id nolu alıcıya 0.00018682 fiyatından 13.5371094 adet 6 id nolu coin karşılığında 152 id nolu coini satmak istedi ama alıcının miktarı(5.36572265) yetmedi ve emir tekrar etti.
TRADE - 2020-10-26 12:38:46 --> (0.89397800 1603715926) trade işleminde  : hzon720zk2cdr3dyllb8pr4yhpae id nolu satıcı no2dnuhutckbktnejjdkkitdgw2n id nolu alıcıya 0.00018683 fiyatından 18.90283205 adet 6 id nolu coin karşılığında 152 id nolu coini satmak istedi ama alıcının miktarı(5.36572265) yetmedi ve emir tekrar etti.
TRADE - 2020-10-26 12:38:47 --> (0.20260000 1603715927) trade işleminde  : hzon720zk2cdr3dyllb8pr4yhpae id nolu satıcı no2dnuhutckbktnejjdkkitdgw2n id nolu alıcıya 0.00018684 fiyatından 29.2685547 adet 6 id nolu coin karşılığında 152 id nolu coini satmak istedi ama alıcının miktarı(10.36572265) yetmedi ve emir tekrar etti.
TRADE - 2020-10-26 12:38:47 --> (0.44354700 1603715927) trade işleminde  : hzon720zk2cdr3dyllb8pr4yhpae id nolu satıcı no2dnuhutckbktnejjdkkitdgw2n id nolu alıcıya 0.00018685 fiyatından 39.63427735 adet 6 id nolu coin karşılığında 152 id nolu coini satmak istedi ama alıcının miktarı(10.36572265) yetmedi ve emir tekrar etti.
TRADE - 2020-10-26 12:38:47 --> (0.68153200 1603715927) trade işleminde  : hzon720zk2cdr3dyllb8pr4yhpae id nolu satıcı no2dnuhutckbktnejjdkkitdgw2n id nolu alıcıya 0.00018690 fiyatından 50.00000000 adet 6 id nolu coin karşılığında 152 id nolu coini satmak istedi ama alıcının miktarı(10.36572265) yetmedi ve emir tekrar etti.
TRADE - 2020-10-26 12:39:41 --> (0.78422900 1603715981) trade işleminde  : hzon720zk2cdr3dyllb8pr4yhpae id nolu satıcı 6bavdl8dik135r3iu118fe4zxti5 id nolu alıcıya 405.02999900 fiyatından 0.00880056 adet 9 id nolu coin karşılığında 6 id nolu coin sattı. Emir kapandı.
TRADE - 2020-10-26 15:00:31 --> (0.02381200 1603724431) trade işleminde  : hzon720zk2cdr3dyllb8pr4yhpae id nolu alıcı 6bavdl8dik135r3iu118fe4zxti5 id nolu satıcıdan 0.00277290 fiyatından 2163.79963215 adet 9 id nolu coin karşılığında 3 id nolu coin satın aldı. Emir kapandı.
TRADE - 2020-10-26 16:56:29 --> (0.43845400 1603731389) trade işleminde  : wys17ydiv7jwwuidw6ftuk0k6749 id nolu alıcı hq89sanm241lnihbj5b6oqd5z3bh id nolu satıcıdan 0.00000229 fiyatından 1404716.425427 adet 9 id nolu coin karşılığında 121 id nolu coin satın aldı. Satıcının miktarı yetmedi ve eşleşen bir fiyat olmadığı için 506503.15724174 adet alış emri açıldı.
TRADE - 2020-10-26 16:57:55 --> (0.29073200 1603731475) trade işleminde  : wys17ydiv7jwwuidw6ftuk0k6749 id nolu alıcı hq89sanm241lnihbj5b6oqd5z3bh id nolu satıcıdan 0.00000239 fiyatından 485310.55879872 adet 9 id nolu coin karşılığında 121 id nolu coin satın aldı. Emir kapandı.
TRADE - 2020-10-26 18:35:16 --> (0.34251100 1603737316) trade işleminde  : jfghf63o7th336grfsf91wm6rfsb id nolu satıcı 6bavdl8dik135r3iu118fe4zxti5 id nolu alıcıya 0.00439176 fiyatından 0.03730000 adet 9 id nolu coin karşılığında 17 id nolu coin sattı. Emir kapandı.
TRADE - 2020-10-26 20:38:06 --> (0.10407100 1603744686) trade işleminde  : yo9w1db572kpihm3sr28ejfhivi5 id nolu alıcı 06rzpyp4e7maos118k7pfdt5snpx id nolu satıcıdan 0.00000611 fiyatından 71.94756079 adet 1 id nolu coin karşılığında 38 id nolu coin satın aldı. Alıcı almak istediği miktarı aldı. Boş emir açıldı.
TRADE - 2020-10-26 21:13:14 --> (0.11404200 1603746794) trade işleminde  : 8mka6bv7y37b40cvx8xd68lemcak id nolu satıcı e1sbfbakkcjx6fc3izz1xdmcb721 id nolu alıcıya 0.00000001 fiyatından 59480.27145708 adet 6 id nolu coin karşılığında 145 id nolu coin sattı. Emir kapandı.
TRADE - 2020-10-26 21:13:14 --> (0.37950200 1603746794) trade işleminde  : 8mka6bv7y37b40cvx8xd68lemcak id nolu satıcı n2kvlad97q85w7dknch95gbki5bm id nolu alıcıya 0.00000001 fiyatından 121214.00000000 adet 6 id nolu coin karşılığında 145 id nolu coini satmak istedi ama alıcının miktarı(61733.72854292) yetmedi ve emir tekrar etti.
TRADE - 2020-10-26 21:16:14 --> (0.12282800 1603746974) trade işleminde  : 8mka6bv7y37b40cvx8xd68lemcak id nolu satıcı 6bavdl8dik135r3iu118fe4zxti5 id nolu alıcıya 392.95999900 fiyatından 0.00120971 adet 9 id nolu coin karşılığında 6 id nolu coin sattı. Emir kapandı.
TRADE - 2020-10-26 23:36:50 --> (0.41285700 1603755410) trade işleminde  : de106q7go2xawwuz1rlfss0fofx9 id nolu alıcı 6bavdl8dik135r3iu118fe4zxti5 id nolu satıcıdan 0.00453718 fiyatından 0.14969631 adet 9 id nolu coin karşılığında 17 id nolu coin satın aldı. Emir kapandı.
TRADE - 2020-10-26 23:37:04 --> (0.20027300 1603755424) trade işleminde  : de106q7go2xawwuz1rlfss0fofx9 id nolu satıcı 6bavdl8dik135r3iu118fe4zxti5 id nolu alıcıya 0.00440080 fiyatından 0.14999631 adet 9 id nolu coin karşılığında 17 id nolu coin sattı. Emir kapandı.
