TRADE - 2020-12-13 09:39:46 --> (0.44308600 1607841586) trade işleminde  : 5e84yodfgg3d7fbeh8o79cmju8h1 id nolu satıcı 6bavdl8dik135r3iu118fe4zxti5 id nolu alıcıya 0.00316050 fiyatından 1.00000000 adet 9 id nolu coin karşılığında 3 id nolu coin sattı. Emir kapandı.
TRADE - 2020-12-13 10:41:21 --> (0.81622600 1607845281) trade işleminde  : 5e84yodfgg3d7fbeh8o79cmju8h1 id nolu satıcı 6bavdl8dik135r3iu118fe4zxti5 id nolu alıcıya 0.00000016 fiyatından 1000.00000000 adet 1 id nolu coin karşılığında 3 id nolu coin sattı. Emir kapandı.
TRADE - 2020-12-13 10:42:01 --> (0.89863900 1607845321) trade işleminde  : 5e84yodfgg3d7fbeh8o79cmju8h1 id nolu alıcı e1l7jok6yte098l2fv417q2nzksv id nolu satıcıdan 0.00001340 fiyatından 2.966942 adet 1 id nolu coin karşılığında 79 id nolu coin satın aldı. Satıcının miktarı yetmedi ve eşleşen bir fiyat olmadığı için 8.033058 adet alış emri açıldı.
TRADE - 2020-12-13 10:43:03 --> (0.72065400 1607845383) trade işleminde  : 5e84yodfgg3d7fbeh8o79cmju8h1 id nolu satıcı t8fnj3e0vksdzxxgzj0r4gdabjfv id nolu alıcıya 0.00083500 fiyatından 2.96694200 adet 6 id nolu coin karşılığında 79 id nolu coin sattı. Emir kapandı.
TRADE - 2020-12-13 10:43:54 --> (0.23022700 1607845434) trade işleminde  : 5e84yodfgg3d7fbeh8o79cmju8h1 id nolu satıcı 6bavdl8dik135r3iu118fe4zxti5 id nolu alıcıya 576.63999900 fiyatından 0.00247244 adet 9 id nolu coin karşılığında 6 id nolu coin sattı. Emir kapandı.
TRADE - 2020-12-13 10:45:29 --> (0.73093900 1607845529) trade işleminde  : 5e84yodfgg3d7fbeh8o79cmju8h1 id nolu alıcı 6bavdl8dik135r3iu118fe4zxti5 id nolu satıcıdan 0.00318090 fiyatından 447.40000000 adet 9 id nolu coin karşılığında 3 id nolu coin satın aldı. Emir kapandı.
TRADE - 2020-12-13 10:46:46 --> (0.23636000 1607845606) trade işleminde  : 5e84yodfgg3d7fbeh8o79cmju8h1 id nolu alıcı 6bavdl8dik135r3iu118fe4zxti5 id nolu satıcıdan 0.00000017 fiyatından 703.50000000 adet 1 id nolu coin karşılığında 3 id nolu coin satın aldı. Emir kapandı.
TRADE - 2020-12-13 15:08:38 --> (0.10728500 1607861318) trade işleminde  : mx3pcbf2n3pnejkupnnxer2hxsf6 id nolu satıcı 0q6vv13ewy2g05gerglbot3ssicz id nolu alıcıya 0.02365000 fiyatından 0.17400000 adet 9 id nolu coin karşılığında 14 id nolu coin sattı. Emir kapandı.
TRADE - 2020-12-13 15:10:52 --> (0.41970300 1607861452) trade işleminde  : mx3pcbf2n3pnejkupnnxer2hxsf6 id nolu satıcı 6bavdl8dik135r3iu118fe4zxti5 id nolu alıcıya 0.02918000 fiyatından 0.00990000 adet 9 id nolu coin karşılığında 128 id nolu coin sattı. Emir kapandı.
TRADE - 2020-12-13 16:02:36 --> (0.44107800 1607864556) trade işleminde  : i39wfsjxultrzyt5hk9mx5t86d4c id nolu alıcı i39wfsjxultrzyt5hk9mx5t86d4c id nolu satıcıdan 0.00000001 fiyatından 19920.15968064 adet 1 id nolu coin karşılığında 121 id nolu coin satın aldı. Emir kapandı.
TRADE - 2020-12-13 16:03:22 --> (0.27534000 1607864602) trade işleminde  : i39wfsjxultrzyt5hk9mx5t86d4c id nolu alıcı i39wfsjxultrzyt5hk9mx5t86d4c id nolu satıcıdan 0.00000001 fiyatından 496.00798403 adet 1 id nolu coin karşılığında 121 id nolu coin satın aldı. Emir kapandı.
TRADE - 2020-12-13 16:03:51 --> (0.89814500 1607864631) trade işleminde  : i39wfsjxultrzyt5hk9mx5t86d4c id nolu alıcı i39wfsjxultrzyt5hk9mx5t86d4c id nolu satıcıdan 0.00000001 fiyatından 495.95808383 adet 1 id nolu coin karşılığında 121 id nolu coin satın aldı. Emir kapandı.
TRADE - 2020-12-13 16:04:05 --> (0.30155900 1607864645) trade işleminde  : i39wfsjxultrzyt5hk9mx5t86d4c id nolu alıcı i39wfsjxultrzyt5hk9mx5t86d4c id nolu satıcıdan 0.00000001 fiyatından 495.90818363 adet 1 id nolu coin karşılığında 121 id nolu coin satın aldı. Emir kapandı.
TRADE - 2020-12-13 16:25:15 --> (0.70195500 1607865915) trade işleminde  : jfghf63o7th336grfsf91wm6rfsb id nolu alıcı h6f3c16e0d89qayvu6f07mr2ltyc id nolu satıcıdan 0.00000360 fiyatından 1459.91627855 adet 9 id nolu coin karşılığında 121 id nolu coin satın aldı. Emir kapandı.
TRADE - 2020-12-13 16:47:01 --> (0.93508600 1607867221) trade işleminde  : mx3pcbf2n3pnejkupnnxer2hxsf6 id nolu alıcı 5msio5ujjib79ac8luy7hxpqg37l id nolu satıcıdan 0.00004680 fiyatından 483.58006210 adet 9 id nolu coin karşılığında 78 id nolu coin satın aldı. Emir kapandı.
TRADE - 2020-12-13 19:24:23 --> (0.98592600 1607876663) trade işleminde  : no2dnuhutckbktnejjdkkitdgw2n id nolu alıcı r6bn45ox4is1ge1c83kds8p08v71 id nolu satıcıdan 0.00003479 fiyatından 40.68680690 adet 6 id nolu coin karşılığında 152 id nolu coin satın aldı. Emir kapandı.
TRADE - 2020-12-13 19:26:18 --> (0.37752500 1607876778) trade işleminde  : no2dnuhutckbktnejjdkkitdgw2n id nolu alıcı r6bn45ox4is1ge1c83kds8p08v71 id nolu satıcıdan 0.00003479 fiyatından 20.34333173 adet 6 id nolu coin karşılığında 152 id nolu coin satın aldı. Emir kapandı.
TRADE - 2020-12-13 19:27:16 --> (0.37504600 1607876836) trade işleminde  : no2dnuhutckbktnejjdkkitdgw2n id nolu alıcı r6bn45ox4is1ge1c83kds8p08v71 id nolu satıcıdan 0.00003479 fiyatından 15.25749880 adet 6 id nolu coin karşılığında 152 id nolu coin satın aldı. Emir kapandı.
TRADE - 2020-12-13 19:53:32 --> (0.06138900 1607878412) trade işleminde  : 3p5816hym8x0z1sklpax6bm8dpcs id nolu alıcı r6bn45ox4is1ge1c83kds8p08v71 id nolu satıcıdan 0.00003479 fiyatından 10 adet 6 id nolu coin karşılığında 152 id nolu coin satın aldı. Emir kapandı.
TRADE - 2020-12-13 19:53:32 --> (0.42392900 1607878412) trade işleminde  : 3p5816hym8x0z1sklpax6bm8dpcs id nolu alıcı r6bn45ox4is1ge1c83kds8p08v71 id nolu satıcıdan 0.00003479 fiyatından 20 adet 6 id nolu coin karşılığında 152 id nolu coin almak istedi ama satıcının miktarı(10) yetmedi ve emir tekrar etti.
TRADE - 2020-12-13 19:53:32 --> (0.72680500 1607878412) trade işleminde  : 3p5816hym8x0z1sklpax6bm8dpcs id nolu alıcı r6bn45ox4is1ge1c83kds8p08v71 id nolu satıcıdan 0.00003479 fiyatından 30 adet 6 id nolu coin karşılığında 152 id nolu coin almak istedi ama satıcının miktarı(10) yetmedi ve emir tekrar etti.
TRADE - 2020-12-13 19:53:33 --> (0.04693400 1607878413) trade işleminde  : 3p5816hym8x0z1sklpax6bm8dpcs id nolu alıcı r6bn45ox4is1ge1c83kds8p08v71 id nolu satıcıdan 0.00003479 fiyatından 40.05845877 adet 6 id nolu coin karşılığında 152 id nolu coin almak istedi ama satıcının miktarı(10.05845877) yetmedi ve emir tekrar etti.
TRADE - 2020-12-13 19:53:33 --> (0.29891500 1607878413) trade işleminde  : 3p5816hym8x0z1sklpax6bm8dpcs id nolu alıcı r6bn45ox4is1ge1c83kds8p08v71 id nolu satıcıdan 0.00003479 fiyatından 100.45697426 adet 6 id nolu coin karşılığında 152 id nolu coin almak istedi ama satıcının miktarı(60.39851549) yetmedi ve emir tekrar etti.
TRADE - 2020-12-13 19:58:58 --> (0.99626900 1607878738) trade işleminde  : 3p5816hym8x0z1sklpax6bm8dpcs id nolu alıcı r6bn45ox4is1ge1c83kds8p08v71 id nolu satıcıdan 0.00004449 fiyatından 16.25538831 adet 6 id nolu coin karşılığında 152 id nolu coin satın aldı. Alıcı almak istediği miktarı aldı. Boş emir açıldı.
TRADE - 2020-12-13 20:04:45 --> (0.31745700 1607879085) trade işleminde  : no2dnuhutckbktnejjdkkitdgw2n id nolu alıcı r6bn45ox4is1ge1c83kds8p08v71 id nolu satıcıdan 0.00004479 fiyatından 3.95034891 adet 6 id nolu coin karşılığında 152 id nolu coin satın aldı. Emir kapandı.
TRADE - 2020-12-13 20:12:54 --> (0.52652700 1607879574) trade işleminde  : 3p5816hym8x0z1sklpax6bm8dpcs id nolu alıcı r6bn45ox4is1ge1c83kds8p08v71 id nolu satıcıdan 0.00004479 fiyatından 8.6789909 adet 6 id nolu coin karşılığında 152 id nolu coin satın aldı. Emir kapandı.
TRADE - 2020-12-13 20:12:54 --> (0.85844400 1607879574) trade işleminde  : 3p5816hym8x0z1sklpax6bm8dpcs id nolu alıcı r6bn45ox4is1ge1c83kds8p08v71 id nolu satıcıdan 0.00004479 fiyatından 25.00000000 adet 6 id nolu coin karşılığında 152 id nolu coin almak istedi ama satıcının miktarı(16.3210091) yetmedi ve emir tekrar etti.
TRADE - 2020-12-13 20:13:39 --> (0.38078000 1607879619) trade işleminde  : 3p5816hym8x0z1sklpax6bm8dpcs id nolu alıcı r6bn45ox4is1ge1c83kds8p08v71 id nolu satıcıdan 0.00004479 fiyatından 160.42888327 adet 6 id nolu coin karşılığında 152 id nolu coin satın aldı. Alıcı almak istediği miktarı aldı. Boş emir açıldı.
TRADE - 2020-12-13 20:14:46 --> (0.96182900 1607879686) trade işleminde  : 3p5816hym8x0z1sklpax6bm8dpcs id nolu alıcı no2dnuhutckbktnejjdkkitdgw2n id nolu satıcıdan 0.00004478 fiyatından 30 adet 6 id nolu coin karşılığında 152 id nolu coin satın aldı. Alıcı almak istediği miktarı aldı. Boş emir açıldı.
TRADE - 2020-12-13 20:15:25 --> (0.73967400 1607879725) trade işleminde  : no2dnuhutckbktnejjdkkitdgw2n id nolu alıcı r6bn45ox4is1ge1c83kds8p08v71 id nolu satıcıdan 0.00004479 fiyatından 25 adet 6 id nolu coin karşılığında 152 id nolu coin satın aldı. Alıcı almak istediği miktarı aldı. Boş emir açıldı.
TRADE - 2020-12-13 20:25:31 --> (0.25907200 1607880331) trade işleminde  : 3p5816hym8x0z1sklpax6bm8dpcs id nolu alıcı 3p5816hym8x0z1sklpax6bm8dpcs id nolu satıcıdan 0.00004491 fiyatından 4.00000000 adet 6 id nolu coin karşılığında 152 id nolu coin satın aldı. Emir kapandı.
TRADE - 2020-12-13 20:25:39 --> (0.64265600 1607880339) trade işleminde  : 3p5816hym8x0z1sklpax6bm8dpcs id nolu alıcı 3p5816hym8x0z1sklpax6bm8dpcs id nolu satıcıdan 0.00004491 fiyatından 4.00000000 adet 6 id nolu coin karşılığında 152 id nolu coin satın aldı. Emir kapandı.
TRADE - 2020-12-13 20:25:45 --> (0.58592300 1607880345) trade işleminde  : 3p5816hym8x0z1sklpax6bm8dpcs id nolu alıcı 3p5816hym8x0z1sklpax6bm8dpcs id nolu satıcıdan 0.00004491 fiyatından 4.00000000 adet 6 id nolu coin karşılığında 152 id nolu coin satın aldı. Emir kapandı.
TRADE - 2020-12-13 21:25:23 --> (0.81137500 1607883923) trade işleminde  : hzon720zk2cdr3dyllb8pr4yhpae id nolu satıcı gwgvn9fj4jobujl16xk5gy1vey0k id nolu alıcıya 0.00000203 fiyatından 164137.93607613 adet 9 id nolu coin karşılığında 145 id nolu coin sattı. Emir kapandı.
TRADE - 2020-12-13 21:25:52 --> (0.28566600 1607883952) trade işleminde  : hzon720zk2cdr3dyllb8pr4yhpae id nolu alıcı fj44e71pzte52i5igwc2u137qyx7 id nolu satıcıdan 0.00667270 fiyatından 49.73546994 adet 9 id nolu coin karşılığında 152 id nolu coin satın aldı. Emir kapandı.
TRADE - 2020-12-13 21:26:12 --> (0.90612400 1607883972) trade işleminde  : hzon720zk2cdr3dyllb8pr4yhpae id nolu satıcı 3p5816hym8x0z1sklpax6bm8dpcs id nolu alıcıya 0.00004489 fiyatından 49.73546994 adet 6 id nolu coin karşılığında 152 id nolu coin sattı. Emir kapandı.
TRADE - 2020-12-13 21:26:27 --> (0.25112300 1607883987) trade işleminde  : hzon720zk2cdr3dyllb8pr4yhpae id nolu satıcı 6bavdl8dik135r3iu118fe4zxti5 id nolu alıcıya 592.21999900 fiyatından 0.00222816 adet 9 id nolu coin karşılığında 6 id nolu coin sattı. Emir kapandı.
TRADE - 2020-12-13 21:26:43 --> (0.81672400 1607884003) trade işleminde  : hzon720zk2cdr3dyllb8pr4yhpae id nolu alıcı fj44e71pzte52i5igwc2u137qyx7 id nolu satıcıdan 0.00667270 fiyatından 196.96572656 adet 9 id nolu coin karşılığında 152 id nolu coin satın aldı. Emir kapandı.
TRADE - 2020-12-13 21:27:11 --> (0.20256100 1607884031) trade işleminde  : hzon720zk2cdr3dyllb8pr4yhpae id nolu satıcı 3p5816hym8x0z1sklpax6bm8dpcs id nolu alıcıya 0.00004469 fiyatından 146.7011965 adet 6 id nolu coin karşılığında 152 id nolu coin sattı. Emir kapandı.
TRADE - 2020-12-13 21:27:11 --> (0.61786300 1607884031) trade işleminde  : hzon720zk2cdr3dyllb8pr4yhpae id nolu satıcı 3p5816hym8x0z1sklpax6bm8dpcs id nolu alıcıya 0.00004489 fiyatından 196.96572656 adet 6 id nolu coin karşılığında 152 id nolu coini satmak istedi ama alıcının miktarı(50.26453006) yetmedi ve emir tekrar etti.
TRADE - 2020-12-13 21:27:54 --> (0.18891700 1607884074) trade işleminde  : hzon720zk2cdr3dyllb8pr4yhpae id nolu satıcı 6bavdl8dik135r3iu118fe4zxti5 id nolu alıcıya 592.35999900 fiyatından 0.00879482 adet 9 id nolu coin karşılığında 6 id nolu coin sattı. Emir kapandı.
TRADE - 2020-12-13 21:28:17 --> (0.94303400 1607884097) trade işleminde  : hzon720zk2cdr3dyllb8pr4yhpae id nolu alıcı fj44e71pzte52i5igwc2u137qyx7 id nolu satıcıdan 0.00667270 fiyatından 77.63159819 adet 9 id nolu coin karşılığında 152 id nolu coin satın aldı. Emir kapandı.
TRADE - 2020-12-13 21:28:32 --> (0.01864200 1607884112) trade işleminde  : hzon720zk2cdr3dyllb8pr4yhpae id nolu satıcı 3p5816hym8x0z1sklpax6bm8dpcs id nolu alıcıya 0.00004469 fiyatından 75.0016582 adet 6 id nolu coin karşılığında 152 id nolu coin sattı. Alıcının miktarı yetmedi ve eşleşen bir fiyat olmadığı için 2.62993999 adet satış emri açıldı.
TRADE - 2020-12-13 21:28:53 --> (0.21689900 1607884133) trade işleminde  : hzon720zk2cdr3dyllb8pr4yhpae id nolu satıcı 6bavdl8dik135r3iu118fe4zxti5 id nolu alıcıya 592.35999900 fiyatından 0.00334512 adet 9 id nolu coin karşılığında 6 id nolu coin sattı. Emir kapandı.
TRADE - 2020-12-13 21:29:34 --> (0.94819000 1607884174) trade işleminde  : hzon720zk2cdr3dyllb8pr4yhpae id nolu alıcı ebhx9wjf67y4iv1pjb76gbmnkmak id nolu satıcıdan 0.00000300 fiyatından 710000 adet 9 id nolu coin karşılığında 145 id nolu coin satın aldı. Alıcı almak istediği miktarı aldı. Boş emir açıldı.
TRADE - 2020-12-13 21:29:35 --> (0.28105400 1607884175) trade işleminde  : hzon720zk2cdr3dyllb8pr4yhpae id nolu alıcı ebhx9wjf67y4iv1pjb76gbmnkmak id nolu satıcıdan 0.00000300 fiyatından 810000.00000000 adet 9 id nolu coin karşılığında 145 id nolu coin almak istedi ama satıcının miktarı(100000) yetmedi ve emir tekrar etti.
