TRADE - 2021-01-31 04:56:37 --> (0.71363500 1612058197) trade işleminde  : 74djfhy7k2m2lsvbojrk5jx4c9rw id nolu satıcı 6bavdl8dik135r3iu118fe4zxti5 id nolu alıcıya 133.90008623 fiyatından 0.1125 adet 9 id nolu coin karşılığında 2 id nolu coin sattı. Alıcının miktarı yetmedi ve eşleşen bir fiyat olmadığı için 0.1865 adet satış emri açıldı.
TRADE - 2021-01-31 04:56:50 --> (0.33374400 1612058210) trade işleminde  : 6bavdl8dik135r3iu118fe4zxti5 id nolu alıcı 74djfhy7k2m2lsvbojrk5jx4c9rw id nolu satıcıdan 133.90008623 fiyatından 0.1865 adet 9 id nolu coin karşılığında 2 id nolu coin satın aldı. Alıcı almak istediği miktarı aldı. Boş emir açıldı.
TRADE - 2021-01-31 05:09:35 --> (0.84010500 1612058975) trade işleminde  : 74djfhy7k2m2lsvbojrk5jx4c9rw id nolu alıcı 6bavdl8dik135r3iu118fe4zxti5 id nolu satıcıdan 0.03028820 fiyatından 659.87000000 adet 9 id nolu coin karşılığında 3 id nolu coin satın aldı. Emir kapandı.
TRADE - 2021-01-31 05:14:42 --> (0.02046600 1612059282) trade işleminde  : 74djfhy7k2m2lsvbojrk5jx4c9rw id nolu alıcı 6bavdl8dik135r3iu118fe4zxti5 id nolu satıcıdan 0.03058370 fiyatından 792.00000000 adet 9 id nolu coin karşılığında 3 id nolu coin satın aldı. Emir kapandı.
TRADE - 2021-01-31 05:26:50 --> (0.86098500 1612060010) trade işleminde  : 74djfhy7k2m2lsvbojrk5jx4c9rw id nolu satıcı 6bavdl8dik135r3iu118fe4zxti5 id nolu alıcıya 0.03006080 fiyatından 1088.00000000 adet 9 id nolu coin karşılığında 3 id nolu coin sattı. Emir kapandı.
TRADE - 2021-01-31 05:34:04 --> (0.46893400 1612060444) trade işleminde  : 74djfhy7k2m2lsvbojrk5jx4c9rw id nolu alıcı 6bavdl8dik135r3iu118fe4zxti5 id nolu satıcıdan 0.02898140 fiyatından 1052.00000000 adet 9 id nolu coin karşılığında 3 id nolu coin satın aldı. Emir kapandı.
TRADE - 2021-01-31 05:42:22 --> (0.23865500 1612060942) trade işleminde  : 74djfhy7k2m2lsvbojrk5jx4c9rw id nolu satıcı 6bavdl8dik135r3iu118fe4zxti5 id nolu alıcıya 0.02901330 fiyatından 1274.00000000 adet 9 id nolu coin karşılığında 3 id nolu coin sattı. Emir kapandı.
TRADE - 2021-01-31 05:44:55 --> (0.98683300 1612061095) trade işleminde  : 74djfhy7k2m2lsvbojrk5jx4c9rw id nolu alıcı 6bavdl8dik135r3iu118fe4zxti5 id nolu satıcıdan 0.02893030 fiyatından 681.00000000 adet 9 id nolu coin karşılığında 3 id nolu coin satın aldı. Emir kapandı.
TRADE - 2021-01-31 05:51:43 --> (0.26528400 1612061503) trade işleminde  : 74djfhy7k2m2lsvbojrk5jx4c9rw id nolu alıcı 6bavdl8dik135r3iu118fe4zxti5 id nolu satıcıdan 0.02915780 fiyatından 496.00000000 adet 9 id nolu coin karşılığında 3 id nolu coin satın aldı. Emir kapandı.
TRADE - 2021-01-31 05:55:09 --> (0.11197200 1612061709) trade işleminde  : 74djfhy7k2m2lsvbojrk5jx4c9rw id nolu satıcı 6bavdl8dik135r3iu118fe4zxti5 id nolu alıcıya 0.02925700 fiyatından 1186.00000000 adet 9 id nolu coin karşılığında 3 id nolu coin sattı. Emir kapandı.
TRADE - 2021-01-31 06:04:00 --> (0.80809000 1612062240) trade işleminde  : 74djfhy7k2m2lsvbojrk5jx4c9rw id nolu alıcı 6bavdl8dik135r3iu118fe4zxti5 id nolu satıcıdan 0.02896960 fiyatından 1473.00000000 adet 9 id nolu coin karşılığında 3 id nolu coin satın aldı. Emir kapandı.
TRADE - 2021-01-31 06:07:01 --> (0.54231200 1612062421) trade işleminde  : 74djfhy7k2m2lsvbojrk5jx4c9rw id nolu satıcı 6bavdl8dik135r3iu118fe4zxti5 id nolu alıcıya 0.02898790 fiyatından 1445.00000000 adet 9 id nolu coin karşılığında 3 id nolu coin sattı. Emir kapandı.
TRADE - 2021-01-31 06:14:23 --> (0.06175100 1612062863) trade işleminde  : 74djfhy7k2m2lsvbojrk5jx4c9rw id nolu alıcı 6bavdl8dik135r3iu118fe4zxti5 id nolu satıcıdan 0.02786570 fiyatından 1500.00000000 adet 9 id nolu coin karşılığında 3 id nolu coin satın aldı. Emir kapandı.
TRADE - 2021-01-31 06:16:20 --> (0.36970300 1612062980) trade işleminde  : 74djfhy7k2m2lsvbojrk5jx4c9rw id nolu satıcı 6bavdl8dik135r3iu118fe4zxti5 id nolu alıcıya 0.02782930 fiyatından 1494.00000000 adet 9 id nolu coin karşılığında 3 id nolu coin sattı. Emir kapandı.
TRADE - 2021-01-31 06:17:07 --> (0.91325900 1612063027) trade işleminde  : 74djfhy7k2m2lsvbojrk5jx4c9rw id nolu alıcı 6bavdl8dik135r3iu118fe4zxti5 id nolu satıcıdan 0.02770790 fiyatından 1496.00000000 adet 9 id nolu coin karşılığında 3 id nolu coin satın aldı. Emir kapandı.
TRADE - 2021-01-31 06:21:54 --> (0.07498600 1612063314) trade işleminde  : 74djfhy7k2m2lsvbojrk5jx4c9rw id nolu satıcı 6bavdl8dik135r3iu118fe4zxti5 id nolu alıcıya 0.02839420 fiyatından 1496.00000000 adet 9 id nolu coin karşılığında 3 id nolu coin sattı. Emir kapandı.
TRADE - 2021-01-31 06:27:22 --> (0.59272200 1612063642) trade işleminde  : 74djfhy7k2m2lsvbojrk5jx4c9rw id nolu alıcı 6bavdl8dik135r3iu118fe4zxti5 id nolu satıcıdan 0.02706540 fiyatından 1560.00000000 adet 9 id nolu coin karşılığında 3 id nolu coin satın aldı. Emir kapandı.
TRADE - 2021-01-31 06:34:03 --> (0.20446300 1612064043) trade işleminde  : 74djfhy7k2m2lsvbojrk5jx4c9rw id nolu satıcı 6bavdl8dik135r3iu118fe4zxti5 id nolu alıcıya 0.02760660 fiyatından 0.87000000 adet 9 id nolu coin karşılığında 3 id nolu coin sattı. Emir kapandı.
TRADE - 2021-01-31 06:36:06 --> (0.25222900 1612064166) trade işleminde  : 74djfhy7k2m2lsvbojrk5jx4c9rw id nolu satıcı 6bavdl8dik135r3iu118fe4zxti5 id nolu alıcıya 132.82507160 fiyatından 0.39900000 adet 9 id nolu coin karşılığında 2 id nolu coin sattı. Emir kapandı.
TRADE - 2021-01-31 06:36:31 --> (0.60711500 1612064191) trade işleminde  : 74djfhy7k2m2lsvbojrk5jx4c9rw id nolu satıcı 6bavdl8dik135r3iu118fe4zxti5 id nolu alıcıya 0.02797900 fiyatından 1553.00000000 adet 9 id nolu coin karşılığında 3 id nolu coin sattı. Emir kapandı.
TRADE - 2021-01-31 06:41:21 --> (0.35356200 1612064481) trade işleminde  : 74djfhy7k2m2lsvbojrk5jx4c9rw id nolu alıcı 6bavdl8dik135r3iu118fe4zxti5 id nolu satıcıdan 0.02745050 fiyatından 2702.00000000 adet 9 id nolu coin karşılığında 3 id nolu coin satın aldı. Emir kapandı.
TRADE - 2021-01-31 06:52:09 --> (0.78103400 1612065129) trade işleminde  : 74djfhy7k2m2lsvbojrk5jx4c9rw id nolu satıcı 6bavdl8dik135r3iu118fe4zxti5 id nolu alıcıya 0.02849920 fiyatından 2731.00000000 adet 9 id nolu coin karşılığında 3 id nolu coin sattı. Emir kapandı.
TRADE - 2021-01-31 06:55:15 --> (0.21743000 1612065315) trade işleminde  : 74djfhy7k2m2lsvbojrk5jx4c9rw id nolu alıcı 6bavdl8dik135r3iu118fe4zxti5 id nolu satıcıdan 0.02806850 fiyatından 2879.00000000 adet 9 id nolu coin karşılığında 3 id nolu coin satın aldı. Emir kapandı.
TRADE - 2021-01-31 06:56:19 --> (0.32199100 1612065379) trade işleminde  : 74djfhy7k2m2lsvbojrk5jx4c9rw id nolu satıcı 6bavdl8dik135r3iu118fe4zxti5 id nolu alıcıya 0.02793630 fiyatından 2871.00000000 adet 9 id nolu coin karşılığında 3 id nolu coin sattı. Emir kapandı.
TRADE - 2021-01-31 07:10:52 --> (0.43327900 1612066252) trade işleminde  : 74djfhy7k2m2lsvbojrk5jx4c9rw id nolu alıcı 6bavdl8dik135r3iu118fe4zxti5 id nolu satıcıdan 0.02784060 fiyatından 2240.00000000 adet 9 id nolu coin karşılığında 3 id nolu coin satın aldı. Emir kapandı.
TRADE - 2021-01-31 07:13:18 --> (0.44733800 1612066398) trade işleminde  : 74djfhy7k2m2lsvbojrk5jx4c9rw id nolu alıcı 6bavdl8dik135r3iu118fe4zxti5 id nolu satıcıdan 0.02786920 fiyatından 723.00000000 adet 9 id nolu coin karşılığında 3 id nolu coin satın aldı. Emir kapandı.
TRADE - 2021-01-31 07:16:33 --> (0.52332900 1612066593) trade işleminde  : 74djfhy7k2m2lsvbojrk5jx4c9rw id nolu satıcı 6bavdl8dik135r3iu118fe4zxti5 id nolu alıcıya 0.02843240 fiyatından 2959.00000000 adet 9 id nolu coin karşılığında 3 id nolu coin sattı. Emir kapandı.
TRADE - 2021-01-31 07:25:12 --> (0.78552500 1612067112) trade işleminde  : 74djfhy7k2m2lsvbojrk5jx4c9rw id nolu alıcı 6bavdl8dik135r3iu118fe4zxti5 id nolu satıcıdan 0.02760580 fiyatından 2860.00000000 adet 9 id nolu coin karşılığında 3 id nolu coin satın aldı. Emir kapandı.
TRADE - 2021-01-31 07:32:24 --> (0.93106600 1612067544) trade işleminde  : 74djfhy7k2m2lsvbojrk5jx4c9rw id nolu satıcı 6bavdl8dik135r3iu118fe4zxti5 id nolu alıcıya 0.02786200 fiyatından 2865.00000000 adet 9 id nolu coin karşılığında 3 id nolu coin sattı. Emir kapandı.
TRADE - 2021-01-31 07:43:16 --> (0.12224300 1612068196) trade işleminde  : 74djfhy7k2m2lsvbojrk5jx4c9rw id nolu alıcı 6bavdl8dik135r3iu118fe4zxti5 id nolu satıcıdan 0.02701930 fiyatından 498.00000000 adet 9 id nolu coin karşılığında 3 id nolu coin satın aldı. Emir kapandı.
TRADE - 2021-01-31 07:44:22 --> (0.03950300 1612068262) trade işleminde  : 74djfhy7k2m2lsvbojrk5jx4c9rw id nolu alıcı 6bavdl8dik135r3iu118fe4zxti5 id nolu satıcıdan 0.02725810 fiyatından 2387.00000000 adet 9 id nolu coin karşılığında 3 id nolu coin satın aldı. Emir kapandı.
TRADE - 2021-01-31 07:48:02 --> (0.65500800 1612068482) trade işleminde  : 74djfhy7k2m2lsvbojrk5jx4c9rw id nolu satıcı 6bavdl8dik135r3iu118fe4zxti5 id nolu alıcıya 0.02724580 fiyatından 2884.00000000 adet 9 id nolu coin karşılığında 3 id nolu coin sattı. Emir kapandı.
TRADE - 2021-01-31 07:49:17 --> (0.06213400 1612068557) trade işleminde  : 74djfhy7k2m2lsvbojrk5jx4c9rw id nolu alıcı 6bavdl8dik135r3iu118fe4zxti5 id nolu satıcıdan 0.02725810 fiyatından 2862.00000000 adet 9 id nolu coin karşılığında 3 id nolu coin satın aldı. Emir kapandı.
TRADE - 2021-01-31 07:51:41 --> (0.14217700 1612068701) trade işleminde  : 74djfhy7k2m2lsvbojrk5jx4c9rw id nolu satıcı 6bavdl8dik135r3iu118fe4zxti5 id nolu alıcıya 0.02719100 fiyatından 2863.00000000 adet 9 id nolu coin karşılığında 3 id nolu coin sattı. Emir kapandı.
TRADE - 2021-01-31 07:56:44 --> (0.15788100 1612069004) trade işleminde  : 74djfhy7k2m2lsvbojrk5jx4c9rw id nolu alıcı 6bavdl8dik135r3iu118fe4zxti5 id nolu satıcıdan 0.02730000 fiyatından 2856.00000000 adet 9 id nolu coin karşılığında 3 id nolu coin satın aldı. Emir kapandı.
TRADE - 2021-01-31 07:58:09 --> (0.15761300 1612069089) trade işleminde  : 74djfhy7k2m2lsvbojrk5jx4c9rw id nolu satıcı 6bavdl8dik135r3iu118fe4zxti5 id nolu alıcıya 0.02749230 fiyatından 2856.00000000 adet 9 id nolu coin karşılığında 3 id nolu coin sattı. Emir kapandı.
TRADE - 2021-01-31 08:09:52 --> (0.53029900 1612069792) trade işleminde  : 74djfhy7k2m2lsvbojrk5jx4c9rw id nolu alıcı 6bavdl8dik135r3iu118fe4zxti5 id nolu satıcıdan 0.02741610 fiyatından 2851.00000000 adet 9 id nolu coin karşılığında 3 id nolu coin satın aldı. Emir kapandı.
TRADE - 2021-01-31 08:14:32 --> (0.52401700 1612070072) trade işleminde  : 74djfhy7k2m2lsvbojrk5jx4c9rw id nolu satıcı 6bavdl8dik135r3iu118fe4zxti5 id nolu alıcıya 0.02761500 fiyatından 2851.00000000 adet 9 id nolu coin karşılığında 3 id nolu coin sattı. Emir kapandı.
TRADE - 2021-01-31 08:24:27 --> (0.04951500 1612070667) trade işleminde  : 74djfhy7k2m2lsvbojrk5jx4c9rw id nolu alıcı 6bavdl8dik135r3iu118fe4zxti5 id nolu satıcıdan 0.02727910 fiyatından 2850.00000000 adet 9 id nolu coin karşılığında 3 id nolu coin satın aldı. Emir kapandı.
TRADE - 2021-01-31 08:29:07 --> (0.31985100 1612070947) trade işleminde  : 74djfhy7k2m2lsvbojrk5jx4c9rw id nolu satıcı 6bavdl8dik135r3iu118fe4zxti5 id nolu alıcıya 0.02735470 fiyatından 2850.00000000 adet 9 id nolu coin karşılığında 3 id nolu coin sattı. Emir kapandı.
TRADE - 2021-01-31 08:50:51 --> (0.61276200 1612072251) trade işleminde  : 74djfhy7k2m2lsvbojrk5jx4c9rw id nolu alıcı 6bavdl8dik135r3iu118fe4zxti5 id nolu satıcıdan 0.02723810 fiyatından 2855.00000000 adet 9 id nolu coin karşılığında 3 id nolu coin satın aldı. Emir kapandı.
TRADE - 2021-01-31 09:00:57 --> (0.52907400 1612072857) trade işleminde  : 74djfhy7k2m2lsvbojrk5jx4c9rw id nolu satıcı 6bavdl8dik135r3iu118fe4zxti5 id nolu alıcıya 0.02869920 fiyatından 2855.00000000 adet 9 id nolu coin karşılığında 3 id nolu coin sattı. Emir kapandı.
TRADE - 2021-01-31 09:08:11 --> (0.64231900 1612073291) trade işleminde  : 74djfhy7k2m2lsvbojrk5jx4c9rw id nolu alıcı 6bavdl8dik135r3iu118fe4zxti5 id nolu satıcıdan 0.02811330 fiyatından 2851.00000000 adet 9 id nolu coin karşılığında 3 id nolu coin satın aldı. Emir kapandı.
TRADE - 2021-01-31 09:16:55 --> (0.45725700 1612073815) trade işleminde  : 74djfhy7k2m2lsvbojrk5jx4c9rw id nolu satıcı 6bavdl8dik135r3iu118fe4zxti5 id nolu alıcıya 0.02830070 fiyatından 2851.00000000 adet 9 id nolu coin karşılığında 3 id nolu coin sattı. Emir kapandı.
TRADE - 2021-01-31 09:20:48 --> (0.35314000 1612074048) trade işleminde  : 74djfhy7k2m2lsvbojrk5jx4c9rw id nolu alıcı 6bavdl8dik135r3iu118fe4zxti5 id nolu satıcıdan 0.02829400 fiyatından 2843.00000000 adet 9 id nolu coin karşılığında 3 id nolu coin satın aldı. Emir kapandı.
TRADE - 2021-01-31 09:41:42 --> (0.43555400 1612075302) trade işleminde  : 74djfhy7k2m2lsvbojrk5jx4c9rw id nolu satıcı 6bavdl8dik135r3iu118fe4zxti5 id nolu alıcıya 0.02951270 fiyatından 2844.00000000 adet 9 id nolu coin karşılığında 3 id nolu coin sattı. Emir kapandı.
TRADE - 2021-01-31 09:49:36 --> (0.77156100 1612075776) trade işleminde  : 74djfhy7k2m2lsvbojrk5jx4c9rw id nolu satıcı 6bavdl8dik135r3iu118fe4zxti5 id nolu alıcıya 130.96936742 fiyatından 0.54956612 adet 9 id nolu coin karşılığında 2 id nolu coin sattı. Alıcının miktarı yetmedi ve eşleşen bir fiyat olmadığı için 2.49237789 adet satış emri açıldı.
TRADE - 2021-01-31 09:50:23 --> (0.18324900 1612075823) trade işleminde  : 74djfhy7k2m2lsvbojrk5jx4c9rw id nolu satıcı 6bavdl8dik135r3iu118fe4zxti5 id nolu alıcıya 130.83233074 fiyatından 2.49237789 adet 9 id nolu coin karşılığında 2 id nolu coin sattı. Emir kapandı.
TRADE - 2021-01-31 09:58:50 --> (0.85826900 1612076330) trade işleminde  : 74djfhy7k2m2lsvbojrk5jx4c9rw id nolu alıcı 6bavdl8dik135r3iu118fe4zxti5 id nolu satıcıdan 0.02942870 fiyatından 16442.00000000 adet 9 id nolu coin karşılığında 3 id nolu coin satın aldı. Emir kapandı.
TRADE - 2021-01-31 09:58:58 --> (0.40680600 1612076338) trade işleminde  : 74djfhy7k2m2lsvbojrk5jx4c9rw id nolu alıcı 6bavdl8dik135r3iu118fe4zxti5 id nolu satıcıdan 0.02942870 fiyatından 790.00000000 adet 9 id nolu coin karşılığında 3 id nolu coin satın aldı. Emir kapandı.
TRADE - 2021-01-31 10:01:40 --> (0.72564500 1612076500) trade işleminde  : 74djfhy7k2m2lsvbojrk5jx4c9rw id nolu satıcı 6bavdl8dik135r3iu118fe4zxti5 id nolu alıcıya 0.02942400 fiyatından 2735.00000000 adet 9 id nolu coin karşılığında 3 id nolu coin sattı. Emir kapandı.
TRADE - 2021-01-31 10:05:10 --> (0.61471300 1612076710) trade işleminde  : 74djfhy7k2m2lsvbojrk5jx4c9rw id nolu satıcı 6bavdl8dik135r3iu118fe4zxti5 id nolu alıcıya 0.02910720 fiyatından 4921.00000000 adet 9 id nolu coin karşılığında 3 id nolu coin sattı. Emir kapandı.
TRADE - 2021-01-31 10:06:15 --> (0.67438300 1612076775) trade işleminde  : 74djfhy7k2m2lsvbojrk5jx4c9rw id nolu alıcı 6bavdl8dik135r3iu118fe4zxti5 id nolu satıcıdan 0.02891170 fiyatından 7375.00000000 adet 9 id nolu coin karşılığında 3 id nolu coin satın aldı. Emir kapandı.
TRADE - 2021-01-31 10:26:17 --> (0.54718700 1612077977) trade işleminde  : 74djfhy7k2m2lsvbojrk5jx4c9rw id nolu satıcı 6bavdl8dik135r3iu118fe4zxti5 id nolu alıcıya 0.02937760 fiyatından 16245.00000000 adet 9 id nolu coin karşılığında 3 id nolu coin sattı. Emir kapandı.
TRADE - 2021-01-31 10:26:26 --> (0.10496300 1612077986) trade işleminde  : 74djfhy7k2m2lsvbojrk5jx4c9rw id nolu satıcı 6bavdl8dik135r3iu118fe4zxti5 id nolu alıcıya 0.02937760 fiyatından 813.00000000 adet 9 id nolu coin karşılığında 3 id nolu coin sattı. Emir kapandı.
TRADE - 2021-01-31 10:29:48 --> (0.60927800 1612078188) trade işleminde  : t8p0m02dlckywshljthydiw0jv8b id nolu satıcı 6bavdl8dik135r3iu118fe4zxti5 id nolu alıcıya 0.45152000 fiyatından 0.00029678 adet 9 id nolu coin karşılığında 7 id nolu coin sattı. Emir kapandı.
TRADE - 2021-01-31 10:32:07 --> (0.36134200 1612078327) trade işleminde  : t8p0m02dlckywshljthydiw0jv8b id nolu alıcı 6bavdl8dik135r3iu118fe4zxti5 id nolu satıcıdan 0.01589964 fiyatından 0.00841418 adet 9 id nolu coin karşılığında 17 id nolu coin satın aldı. Emir kapandı.
TRADE - 2021-01-31 10:51:57 --> (0.11261400 1612079517) trade işleminde  : 74djfhy7k2m2lsvbojrk5jx4c9rw id nolu alıcı 6bavdl8dik135r3iu118fe4zxti5 id nolu satıcıdan 0.02809970 fiyatından 2184.00000000 adet 9 id nolu coin karşılığında 3 id nolu coin satın aldı. Emir kapandı.
TRADE - 2021-01-31 10:54:27 --> (0.98448200 1612079667) trade işleminde  : 74djfhy7k2m2lsvbojrk5jx4c9rw id nolu alıcı 6bavdl8dik135r3iu118fe4zxti5 id nolu satıcıdan 0.02805300 fiyatından 15220.00000000 adet 9 id nolu coin karşılığında 3 id nolu coin satın aldı. Emir kapandı.
TRADE - 2021-01-31 10:54:35 --> (0.02359400 1612079675) trade işleminde  : 74djfhy7k2m2lsvbojrk5jx4c9rw id nolu alıcı 6bavdl8dik135r3iu118fe4zxti5 id nolu satıcıdan 0.02805300 fiyatından 732.00000000 adet 9 id nolu coin karşılığında 3 id nolu coin satın aldı. Emir kapandı.
TRADE - 2021-01-31 11:01:14 --> (0.84855200 1612080074) trade işleminde  : 74djfhy7k2m2lsvbojrk5jx4c9rw id nolu satıcı 6bavdl8dik135r3iu118fe4zxti5 id nolu alıcıya 0.02810870 fiyatından 17270.00000000 adet 9 id nolu coin karşılığında 3 id nolu coin sattı. Emir kapandı.
TRADE - 2021-01-31 11:01:21 --> (0.12765800 1612080081) trade işleminde  : 74djfhy7k2m2lsvbojrk5jx4c9rw id nolu satıcı 6bavdl8dik135r3iu118fe4zxti5 id nolu alıcıya 0.02810870 fiyatından 863.00000000 adet 9 id nolu coin karşılığında 3 id nolu coin sattı. Emir kapandı.
TRADE - 2021-01-31 11:19:32 --> (0.74702500 1612081172) trade işleminde  : 74djfhy7k2m2lsvbojrk5jx4c9rw id nolu alıcı 6bavdl8dik135r3iu118fe4zxti5 id nolu satıcıdan 0.02830940 fiyatından 9910.00000000 adet 9 id nolu coin karşılığında 3 id nolu coin satın aldı. Emir kapandı.
TRADE - 2021-01-31 11:19:44 --> (0.03999500 1612081184) trade işleminde  : 74djfhy7k2m2lsvbojrk5jx4c9rw id nolu alıcı 6bavdl8dik135r3iu118fe4zxti5 id nolu satıcıdan 0.02830940 fiyatından 496.00000000 adet 9 id nolu coin karşılığında 3 id nolu coin satın aldı. Emir kapandı.
TRADE - 2021-01-31 11:21:42 --> (0.10254700 1612081302) trade işleminde  : 74djfhy7k2m2lsvbojrk5jx4c9rw id nolu satıcı 6bavdl8dik135r3iu118fe4zxti5 id nolu alıcıya 0.02847420 fiyatından 9929.00000000 adet 9 id nolu coin karşılığında 3 id nolu coin sattı. Emir kapandı.
TRADE - 2021-01-31 11:28:18 --> (0.64805800 1612081698) trade işleminde  : 74djfhy7k2m2lsvbojrk5jx4c9rw id nolu alıcı 6bavdl8dik135r3iu118fe4zxti5 id nolu satıcıdan 0.02833990 fiyatından 539.00000000 adet 9 id nolu coin karşılığında 3 id nolu coin satın aldı. Emir kapandı.
TRADE - 2021-01-31 11:30:37 --> (0.08896100 1612081837) trade işleminde  : 74djfhy7k2m2lsvbojrk5jx4c9rw id nolu satıcı 6bavdl8dik135r3iu118fe4zxti5 id nolu alıcıya 0.02838000 fiyatından 1008.00000000 adet 9 id nolu coin karşılığında 3 id nolu coin sattı. Emir kapandı.
TRADE - 2021-01-31 11:44:09 --> (0.95519600 1612082649) trade işleminde  : 74djfhy7k2m2lsvbojrk5jx4c9rw id nolu alıcı 6bavdl8dik135r3iu118fe4zxti5 id nolu satıcıdan 0.02781200 fiyatından 9773.00000000 adet 9 id nolu coin karşılığında 3 id nolu coin satın aldı. Emir kapandı.
TRADE - 2021-01-31 11:44:15 --> (0.78016200 1612082655) trade işleminde  : 74djfhy7k2m2lsvbojrk5jx4c9rw id nolu alıcı 6bavdl8dik135r3iu118fe4zxti5 id nolu satıcıdan 0.02781200 fiyatından 489.00000000 adet 9 id nolu coin karşılığında 3 id nolu coin satın aldı. Emir kapandı.
TRADE - 2021-01-31 11:46:32 --> (0.70278400 1612082792) trade işleminde  : 74djfhy7k2m2lsvbojrk5jx4c9rw id nolu alıcı 6bavdl8dik135r3iu118fe4zxti5 id nolu satıcıdan 0.02782670 fiyatından 7646.00000000 adet 9 id nolu coin karşılığında 3 id nolu coin satın aldı. Emir kapandı.
TRADE - 2021-01-31 11:55:10 --> (0.55485500 1612083310) trade işleminde  : 74djfhy7k2m2lsvbojrk5jx4c9rw id nolu satıcı 6bavdl8dik135r3iu118fe4zxti5 id nolu alıcıya 0.02777640 fiyatından 830.00000000 adet 9 id nolu coin karşılığında 3 id nolu coin sattı. Emir kapandı.
TRADE - 2021-01-31 11:57:27 --> (0.94474600 1612083447) trade işleminde  : 74djfhy7k2m2lsvbojrk5jx4c9rw id nolu alıcı 6bavdl8dik135r3iu118fe4zxti5 id nolu satıcıdan 0.02789340 fiyatından 1150.00000000 adet 9 id nolu coin karşılığında 3 id nolu coin satın aldı. Emir kapandı.
TRADE - 2021-01-31 12:03:42 --> (0.34467700 1612083822) trade işleminde  : 74djfhy7k2m2lsvbojrk5jx4c9rw id nolu satıcı 6bavdl8dik135r3iu118fe4zxti5 id nolu alıcıya 0.02798300 fiyatından 3564.00000000 adet 9 id nolu coin karşılığında 3 id nolu coin sattı. Emir kapandı.
TRADE - 2021-01-31 12:18:12 --> (0.64145200 1612084692) trade işleminde  : 74djfhy7k2m2lsvbojrk5jx4c9rw id nolu alıcı 6bavdl8dik135r3iu118fe4zxti5 id nolu satıcıdan 0.02766480 fiyatından 3474.00000000 adet 9 id nolu coin karşılığında 3 id nolu coin satın aldı. Emir kapandı.
TRADE - 2021-01-31 12:36:43 --> (0.38070800 1612085803) trade işleminde  : wfofq80hkdeydzm9b5z4tadh0xi5 id nolu satıcı 6bavdl8dik135r3iu118fe4zxti5 id nolu alıcıya 0.00001376 fiyatından 52.30141326 adet 1 id nolu coin karşılığında 7 id nolu coin sattı. Emir kapandı.
TRADE - 2021-01-31 12:38:59 --> (0.97529500 1612085939) trade işleminde  : 74djfhy7k2m2lsvbojrk5jx4c9rw id nolu satıcı 6bavdl8dik135r3iu118fe4zxti5 id nolu alıcıya 0.02847830 fiyatından 1781.00000000 adet 9 id nolu coin karşılığında 3 id nolu coin sattı. Emir kapandı.
TRADE - 2021-01-31 12:41:37 --> (0.83541900 1612086097) trade işleminde  : 74djfhy7k2m2lsvbojrk5jx4c9rw id nolu satıcı 6bavdl8dik135r3iu118fe4zxti5 id nolu alıcıya 0.02843040 fiyatından 13051.00000000 adet 9 id nolu coin karşılığında 3 id nolu coin sattı. Emir kapandı.
TRADE - 2021-01-31 13:00:15 --> (0.78362900 1612087215) trade işleminde  : 74djfhy7k2m2lsvbojrk5jx4c9rw id nolu satıcı 6bavdl8dik135r3iu118fe4zxti5 id nolu alıcıya 0.02791300 fiyatından 3191.00000000 adet 9 id nolu coin karşılığında 3 id nolu coin sattı. Emir kapandı.
TRADE - 2021-01-31 13:02:38 --> (0.56902900 1612087358) trade işleminde  : 74djfhy7k2m2lsvbojrk5jx4c9rw id nolu alıcı 6bavdl8dik135r3iu118fe4zxti5 id nolu satıcıdan 0.02791170 fiyatından 16396.00000000 adet 9 id nolu coin karşılığında 3 id nolu coin satın aldı. Emir kapandı.
TRADE - 2021-01-31 13:03:31 --> (0.36718700 1612087411) trade işleminde  : 74djfhy7k2m2lsvbojrk5jx4c9rw id nolu satıcı 6bavdl8dik135r3iu118fe4zxti5 id nolu alıcıya 0.02805430 fiyatından 450.00000000 adet 9 id nolu coin karşılığında 3 id nolu coin sattı. Emir kapandı.
TRADE - 2021-01-31 13:11:27 --> (0.80974700 1612087887) trade işleminde  : 74djfhy7k2m2lsvbojrk5jx4c9rw id nolu alıcı 6bavdl8dik135r3iu118fe4zxti5 id nolu satıcıdan 0.02786660 fiyatından 936.00000000 adet 9 id nolu coin karşılığında 3 id nolu coin satın aldı. Emir kapandı.
TRADE - 2021-01-31 13:15:23 --> (0.24781900 1612088123) trade işleminde  : 74djfhy7k2m2lsvbojrk5jx4c9rw id nolu satıcı 6bavdl8dik135r3iu118fe4zxti5 id nolu alıcıya 0.02801480 fiyatından 13775.00000000 adet 9 id nolu coin karşılığında 3 id nolu coin sattı. Emir kapandı.
TRADE - 2021-01-31 13:15:28 --> (0.66310400 1612088128) trade işleminde  : 74djfhy7k2m2lsvbojrk5jx4c9rw id nolu satıcı 6bavdl8dik135r3iu118fe4zxti5 id nolu alıcıya 0.02801480 fiyatından 689.00000000 adet 9 id nolu coin karşılığında 3 id nolu coin sattı. Emir kapandı.
TRADE - 2021-01-31 13:16:12 --> (0.12446500 1612088172) trade işleminde  : 74djfhy7k2m2lsvbojrk5jx4c9rw id nolu alıcı 6bavdl8dik135r3iu118fe4zxti5 id nolu satıcıdan 0.02773710 fiyatından 15309.00000000 adet 9 id nolu coin karşılığında 3 id nolu coin satın aldı. Emir kapandı.
TRADE - 2021-01-31 13:16:19 --> (0.07405200 1612088179) trade işleminde  : 74djfhy7k2m2lsvbojrk5jx4c9rw id nolu alıcı 6bavdl8dik135r3iu118fe4zxti5 id nolu satıcıdan 0.02773710 fiyatından 737.00000000 adet 9 id nolu coin karşılığında 3 id nolu coin satın aldı. Emir kapandı.
TRADE - 2021-01-31 14:02:22 --> (0.04788700 1612090942) trade işleminde  : 6bavdl8dik135r3iu118fe4zxti5 id nolu alıcı 74djfhy7k2m2lsvbojrk5jx4c9rw id nolu satıcıdan 0.02882480 fiyatından 6364 adet 9 id nolu coin karşılığında 3 id nolu coin satın aldı. Alıcı almak istediği miktarı aldı. Boş emir açıldı.
TRADE - 2021-01-31 14:05:44 --> (0.02935400 1612091144) trade işleminde  : 74djfhy7k2m2lsvbojrk5jx4c9rw id nolu alıcı 6bavdl8dik135r3iu118fe4zxti5 id nolu satıcıdan 0.02875430 fiyatından 1554.14711964 adet 9 id nolu coin karşılığında 3 id nolu coin satın aldı. Emir kapandı.
TRADE - 2021-01-31 14:05:44 --> (0.74701500 1612091144) trade işleminde  : 74djfhy7k2m2lsvbojrk5jx4c9rw id nolu alıcı 6bavdl8dik135r3iu118fe4zxti5 id nolu satıcıdan 0.02858140 fiyatından 6385.98711964 adet 9 id nolu coin karşılığında 3 id nolu coin almak istedi ama satıcının miktarı(4831.84) yetmedi ve emir tekrar etti.
TRADE - 2021-01-31 14:13:08 --> (0.79477500 1612091588) trade işleminde  : 6bavdl8dik135r3iu118fe4zxti5 id nolu alıcı 74djfhy7k2m2lsvbojrk5jx4c9rw id nolu satıcıdan 0.02858140 fiyatından 0.98711964 adet 9 id nolu coin karşılığında 3 id nolu coin satın aldı. Alıcı almak istediği miktarı aldı. Boş emir açıldı.
TRADE - 2021-01-31 14:36:08 --> (0.17711700 1612092968) trade işleminde  : 74djfhy7k2m2lsvbojrk5jx4c9rw id nolu satıcı 6bavdl8dik135r3iu118fe4zxti5 id nolu alıcıya 0.02847800 fiyatından 17721.00000000 adet 9 id nolu coin karşılığında 3 id nolu coin sattı. Emir kapandı.
TRADE - 2021-01-31 14:41:29 --> (0.03480300 1612093289) trade işleminde  : 74djfhy7k2m2lsvbojrk5jx4c9rw id nolu alıcı 6bavdl8dik135r3iu118fe4zxti5 id nolu satıcıdan 0.02825640 fiyatından 1929.00000000 adet 9 id nolu coin karşılığında 3 id nolu coin satın aldı. Emir kapandı.
TRADE - 2021-01-31 14:49:49 --> (0.28515900 1612093789) trade işleminde  : 74djfhy7k2m2lsvbojrk5jx4c9rw id nolu satıcı 6bavdl8dik135r3iu118fe4zxti5 id nolu alıcıya 0.02835950 fiyatından 2718.00000000 adet 9 id nolu coin karşılığında 3 id nolu coin sattı. Emir kapandı.
TRADE - 2021-01-31 15:21:22 --> (0.63143300 1612095682) trade işleminde  : 74djfhy7k2m2lsvbojrk5jx4c9rw id nolu alıcı 6bavdl8dik135r3iu118fe4zxti5 id nolu satıcıdan 0.02790810 fiyatından 17937.00000000 adet 9 id nolu coin karşılığında 3 id nolu coin satın aldı. Emir kapandı.
TRADE - 2021-01-31 15:21:33 --> (0.03619500 1612095693) trade işleminde  : 74djfhy7k2m2lsvbojrk5jx4c9rw id nolu alıcı 6bavdl8dik135r3iu118fe4zxti5 id nolu satıcıdan 0.02790810 fiyatından 863.00000000 adet 9 id nolu coin karşılığında 3 id nolu coin satın aldı. Emir kapandı.
TRADE - 2021-01-31 15:34:52 --> (0.00816600 1612096492) trade işleminde  : 74djfhy7k2m2lsvbojrk5jx4c9rw id nolu satıcı 6bavdl8dik135r3iu118fe4zxti5 id nolu alıcıya 0.02916930 fiyatından 17416.00000000 adet 9 id nolu coin karşılığında 3 id nolu coin sattı. Emir kapandı.
TRADE - 2021-01-31 15:35:07 --> (0.53082900 1612096507) trade işleminde  : 74djfhy7k2m2lsvbojrk5jx4c9rw id nolu alıcı 6bavdl8dik135r3iu118fe4zxti5 id nolu satıcıdan 0.02919970 fiyatından 16534.00000000 adet 9 id nolu coin karşılığında 3 id nolu coin satın aldı. Emir kapandı.
TRADE - 2021-01-31 15:35:18 --> (0.46391700 1612096518) trade işleminde  : 74djfhy7k2m2lsvbojrk5jx4c9rw id nolu alıcı 6bavdl8dik135r3iu118fe4zxti5 id nolu satıcıdan 0.02919970 fiyatından 796.00000000 adet 9 id nolu coin karşılığında 3 id nolu coin satın aldı. Emir kapandı.
TRADE - 2021-01-31 15:44:15 --> (0.46251900 1612097055) trade işleminde  : 74djfhy7k2m2lsvbojrk5jx4c9rw id nolu satıcı 6bavdl8dik135r3iu118fe4zxti5 id nolu alıcıya 0.03142420 fiyatından 16212.00000000 adet 9 id nolu coin karşılığında 3 id nolu coin sattı. Emir kapandı.
TRADE - 2021-01-31 15:44:32 --> (0.00314700 1612097072) trade işleminde  : 74djfhy7k2m2lsvbojrk5jx4c9rw id nolu satıcı 6bavdl8dik135r3iu118fe4zxti5 id nolu alıcıya 0.03142420 fiyatından 945.00000000 adet 9 id nolu coin karşılığında 3 id nolu coin sattı. Emir kapandı.
TRADE - 2021-01-31 15:44:47 --> (0.08265100 1612097087) trade işleminde  : 74djfhy7k2m2lsvbojrk5jx4c9rw id nolu alıcı 6bavdl8dik135r3iu118fe4zxti5 id nolu satıcıdan 0.03145220 fiyatından 16287.00000000 adet 9 id nolu coin karşılığında 3 id nolu coin satın aldı. Emir kapandı.
TRADE - 2021-01-31 15:45:01 --> (0.16339900 1612097101) trade işleminde  : 74djfhy7k2m2lsvbojrk5jx4c9rw id nolu alıcı 6bavdl8dik135r3iu118fe4zxti5 id nolu satıcıdan 0.03145220 fiyatından 784.00000000 adet 9 id nolu coin karşılığında 3 id nolu coin satın aldı. Emir kapandı.
TRADE - 2021-01-31 15:46:44 --> (0.71365300 1612097204) trade işleminde  : 74djfhy7k2m2lsvbojrk5jx4c9rw id nolu satıcı 6bavdl8dik135r3iu118fe4zxti5 id nolu alıcıya 0.03232460 fiyatından 15878.00000000 adet 9 id nolu coin karşılığında 3 id nolu coin sattı. Emir kapandı.
TRADE - 2021-01-31 15:46:53 --> (0.51395600 1612097213) trade işleminde  : 74djfhy7k2m2lsvbojrk5jx4c9rw id nolu satıcı 6bavdl8dik135r3iu118fe4zxti5 id nolu alıcıya 0.03232460 fiyatından 1009.00000000 adet 9 id nolu coin karşılığında 3 id nolu coin sattı. Emir kapandı.
TRADE - 2021-01-31 16:01:32 --> (0.61482300 1612098092) trade işleminde  : 74djfhy7k2m2lsvbojrk5jx4c9rw id nolu alıcı 6bavdl8dik135r3iu118fe4zxti5 id nolu satıcıdan 0.02998320 fiyatından 17300.00000000 adet 9 id nolu coin karşılığında 3 id nolu coin satın aldı. Emir kapandı.
TRADE - 2021-01-31 16:01:38 --> (0.68279600 1612098098) trade işleminde  : 74djfhy7k2m2lsvbojrk5jx4c9rw id nolu alıcı 6bavdl8dik135r3iu118fe4zxti5 id nolu satıcıdan 0.02998320 fiyatından 832.00000000 adet 9 id nolu coin karşılığında 3 id nolu coin satın aldı. Emir kapandı.
TRADE - 2021-01-31 16:02:13 --> (0.60764800 1612098133) trade işleminde  : 74djfhy7k2m2lsvbojrk5jx4c9rw id nolu satıcı 6bavdl8dik135r3iu118fe4zxti5 id nolu alıcıya 0.02995410 fiyatından 17409.00000000 adet 9 id nolu coin karşılığında 3 id nolu coin sattı. Emir kapandı.
TRADE - 2021-01-31 16:02:19 --> (0.77550700 1612098139) trade işleminde  : 74djfhy7k2m2lsvbojrk5jx4c9rw id nolu satıcı 6bavdl8dik135r3iu118fe4zxti5 id nolu alıcıya 0.02995410 fiyatından 1003.00000000 adet 9 id nolu coin karşılığında 3 id nolu coin sattı. Emir kapandı.
TRADE - 2021-01-31 16:04:15 --> (0.31603500 1612098255) trade işleminde  : 74djfhy7k2m2lsvbojrk5jx4c9rw id nolu alıcı 6bavdl8dik135r3iu118fe4zxti5 id nolu satıcıdan 0.02980000 fiyatından 1630.00000000 adet 9 id nolu coin karşılığında 3 id nolu coin satın aldı. Emir kapandı.
TRADE - 2021-01-31 16:05:21 --> (0.28755300 1612098321) trade işleminde  : 74djfhy7k2m2lsvbojrk5jx4c9rw id nolu satıcı 6bavdl8dik135r3iu118fe4zxti5 id nolu alıcıya 0.02975800 fiyatından 1614.00000000 adet 9 id nolu coin karşılığında 3 id nolu coin sattı. Emir kapandı.
TRADE - 2021-01-31 16:06:31 --> (0.84872000 1612098391) trade işleminde  : 74djfhy7k2m2lsvbojrk5jx4c9rw id nolu alıcı 6bavdl8dik135r3iu118fe4zxti5 id nolu satıcıdan 0.02963440 fiyatından 17662.00000000 adet 9 id nolu coin karşılığında 3 id nolu coin satın aldı. Emir kapandı.
TRADE - 2021-01-31 16:06:41 --> (0.64068400 1612098401) trade işleminde  : 74djfhy7k2m2lsvbojrk5jx4c9rw id nolu alıcı 6bavdl8dik135r3iu118fe4zxti5 id nolu satıcıdan 0.02963440 fiyatından 849.00000000 adet 9 id nolu coin karşılığında 3 id nolu coin satın aldı. Emir kapandı.
TRADE - 2021-01-31 16:08:44 --> (0.48896600 1612098524) trade işleminde  : 74djfhy7k2m2lsvbojrk5jx4c9rw id nolu satıcı 6bavdl8dik135r3iu118fe4zxti5 id nolu alıcıya 0.03006930 fiyatından 17480.00000000 adet 9 id nolu coin karşılığında 3 id nolu coin sattı. Emir kapandı.
TRADE - 2021-01-31 16:08:52 --> (0.69005500 1612098532) trade işleminde  : 74djfhy7k2m2lsvbojrk5jx4c9rw id nolu satıcı 6bavdl8dik135r3iu118fe4zxti5 id nolu alıcıya 0.03006930 fiyatından 2519.00000000 adet 9 id nolu coin karşılığında 3 id nolu coin sattı. Emir kapandı.
TRADE - 2021-01-31 16:29:07 --> (0.84193500 1612099747) trade işleminde  : 6bavdl8dik135r3iu118fe4zxti5 id nolu alıcı 74djfhy7k2m2lsvbojrk5jx4c9rw id nolu satıcıdan 0.03002950 fiyatından 1 adet 9 id nolu coin karşılığında 3 id nolu coin satın aldı. Alıcı almak istediği miktarı aldı. Boş emir açıldı.
TRADE - 2021-01-31 16:43:12 --> (0.75244700 1612100592) trade işleminde  : 74djfhy7k2m2lsvbojrk5jx4c9rw id nolu satıcı 6bavdl8dik135r3iu118fe4zxti5 id nolu alıcıya 0.02931530 fiyatından 125.00000000 adet 9 id nolu coin karşılığında 3 id nolu coin sattı. Emir kapandı.
TRADE - 2021-01-31 16:46:44 --> (0.25689600 1612100804) trade işleminde  : 74djfhy7k2m2lsvbojrk5jx4c9rw id nolu alıcı 6bavdl8dik135r3iu118fe4zxti5 id nolu satıcıdan 0.02927000 fiyatından 11500 adet 9 id nolu coin karşılığında 3 id nolu coin satın aldı. Alıcı almak istediği miktarı aldı. Boş emir açıldı.
TRADE - 2021-01-31 16:47:20 --> (0.99720600 1612100840) trade işleminde  : 74djfhy7k2m2lsvbojrk5jx4c9rw id nolu satıcı 6bavdl8dik135r3iu118fe4zxti5 id nolu alıcıya 0.02940000 fiyatından 10931.00000000 adet 9 id nolu coin karşılığında 3 id nolu coin sattı. Emir kapandı.
TRADE - 2021-01-31 16:50:27 --> (0.22755100 1612101027) trade işleminde  : 74djfhy7k2m2lsvbojrk5jx4c9rw id nolu satıcı 6bavdl8dik135r3iu118fe4zxti5 id nolu alıcıya 0.02944960 fiyatından 547.00000000 adet 9 id nolu coin karşılığında 3 id nolu coin sattı. Emir kapandı.
TRADE - 2021-01-31 16:51:18 --> (0.13964000 1612101078) trade işleminde  : 74djfhy7k2m2lsvbojrk5jx4c9rw id nolu alıcı 6bavdl8dik135r3iu118fe4zxti5 id nolu satıcıdan 0.02925680 fiyatından 15688.00000000 adet 9 id nolu coin karşılığında 3 id nolu coin satın aldı. Emir kapandı.
TRADE - 2021-01-31 16:54:51 --> (0.04393900 1612101291) trade işleminde  : 74djfhy7k2m2lsvbojrk5jx4c9rw id nolu satıcı 6bavdl8dik135r3iu118fe4zxti5 id nolu alıcıya 0.02943110 fiyatından 880.00000000 adet 9 id nolu coin karşılığında 3 id nolu coin sattı. Emir kapandı.
TRADE - 2021-01-31 16:57:14 --> (0.18096000 1612101434) trade işleminde  : 74djfhy7k2m2lsvbojrk5jx4c9rw id nolu satıcı 6bavdl8dik135r3iu118fe4zxti5 id nolu alıcıya 0.02915600 fiyatından 13717.00000000 adet 9 id nolu coin karşılığında 3 id nolu coin sattı. Emir kapandı.
TRADE - 2021-01-31 16:58:41 --> (0.62366400 1612101521) trade işleminde  : 74djfhy7k2m2lsvbojrk5jx4c9rw id nolu satıcı 6bavdl8dik135r3iu118fe4zxti5 id nolu alıcıya 0.02895170 fiyatından 1064.00000000 adet 9 id nolu coin karşılığında 3 id nolu coin sattı. Emir kapandı.
TRADE - 2021-01-31 16:58:46 --> (0.41745700 1612101526) trade işleminde  : 74djfhy7k2m2lsvbojrk5jx4c9rw id nolu satıcı 6bavdl8dik135r3iu118fe4zxti5 id nolu alıcıya 0.02895170 fiyatından 53.00000000 adet 9 id nolu coin karşılığında 3 id nolu coin sattı. Emir kapandı.
TRADE - 2021-01-31 17:01:58 --> (0.08155900 1612101718) trade işleminde  : 74djfhy7k2m2lsvbojrk5jx4c9rw id nolu alıcı 6bavdl8dik135r3iu118fe4zxti5 id nolu satıcıdan 0.02879170 fiyatından 13820.00000000 adet 9 id nolu coin karşılığında 3 id nolu coin satın aldı. Emir kapandı.
TRADE - 2021-01-31 17:03:12 --> (0.18807700 1612101792) trade işleminde  : 74djfhy7k2m2lsvbojrk5jx4c9rw id nolu alıcı 6bavdl8dik135r3iu118fe4zxti5 id nolu satıcıdan 0.02902890 fiyatından 6653.00000000 adet 9 id nolu coin karşılığında 3 id nolu coin satın aldı. Emir kapandı.
TRADE - 2021-01-31 17:03:17 --> (0.54154600 1612101797) trade işleminde  : 74djfhy7k2m2lsvbojrk5jx4c9rw id nolu alıcı 6bavdl8dik135r3iu118fe4zxti5 id nolu satıcıdan 0.02902890 fiyatından 320.00000000 adet 9 id nolu coin karşılığında 3 id nolu coin satın aldı. Emir kapandı.
TRADE - 2021-01-31 17:08:21 --> (0.23829700 1612102101) trade işleminde  : 74djfhy7k2m2lsvbojrk5jx4c9rw id nolu alıcı 6bavdl8dik135r3iu118fe4zxti5 id nolu satıcıdan 0.02906660 fiyatından 16.00000000 adet 9 id nolu coin karşılığında 3 id nolu coin satın aldı. Emir kapandı.
TRADE - 2021-01-31 17:09:29 --> (0.13272000 1612102169) trade işleminde  : 74djfhy7k2m2lsvbojrk5jx4c9rw id nolu satıcı 6bavdl8dik135r3iu118fe4zxti5 id nolu alıcıya 0.02930330 fiyatından 19771.00000000 adet 9 id nolu coin karşılığında 3 id nolu coin sattı. Emir kapandı.
TRADE - 2021-01-31 17:09:36 --> (0.31854100 1612102176) trade işleminde  : 74djfhy7k2m2lsvbojrk5jx4c9rw id nolu satıcı 6bavdl8dik135r3iu118fe4zxti5 id nolu alıcıya 0.02930330 fiyatından 988.00000000 adet 9 id nolu coin karşılığında 3 id nolu coin sattı. Emir kapandı.
TRADE - 2021-01-31 17:09:42 --> (0.18236200 1612102182) trade işleminde  : 74djfhy7k2m2lsvbojrk5jx4c9rw id nolu satıcı 6bavdl8dik135r3iu118fe4zxti5 id nolu alıcıya 0.02930330 fiyatından 50.00000000 adet 9 id nolu coin karşılığında 3 id nolu coin sattı. Emir kapandı.
TRADE - 2021-01-31 17:13:32 --> (0.22553200 1612102412) trade işleminde  : 1dgaj4wi8qmnfkpl28lym4ukhsv1 id nolu satıcı 6bavdl8dik135r3iu118fe4zxti5 id nolu alıcıya 0.00000903 fiyatından 221 adet 1 id nolu coin karşılığında 74 id nolu coin sattı. Alıcının miktarı yetmedi ve eşleşen bir fiyat olmadığı için 14580.35889054 adet satış emri açıldı.
TRADE - 2021-01-31 17:15:31 --> (0.28951100 1612102531) trade işleminde  : 74djfhy7k2m2lsvbojrk5jx4c9rw id nolu alıcı 6bavdl8dik135r3iu118fe4zxti5 id nolu satıcıdan 0.02865440 fiyatından 3481.00000000 adet 9 id nolu coin karşılığında 3 id nolu coin satın aldı. Emir kapandı.
TRADE - 2021-01-31 17:19:33 --> (0.55504100 1612102773) trade işleminde  : 74djfhy7k2m2lsvbojrk5jx4c9rw id nolu alıcı 6bavdl8dik135r3iu118fe4zxti5 id nolu satıcıdan 0.02894010 fiyatından 16696.00000000 adet 9 id nolu coin karşılığında 3 id nolu coin satın aldı. Emir kapandı.
TRADE - 2021-01-31 17:21:14 --> (0.37749100 1612102874) trade işleminde  : 74djfhy7k2m2lsvbojrk5jx4c9rw id nolu alıcı 6bavdl8dik135r3iu118fe4zxti5 id nolu satıcıdan 0.02890620 fiyatından 804.00000000 adet 9 id nolu coin karşılığında 3 id nolu coin satın aldı. Emir kapandı.
TRADE - 2021-01-31 17:21:19 --> (0.47310000 1612102879) trade işleminde  : 74djfhy7k2m2lsvbojrk5jx4c9rw id nolu alıcı 6bavdl8dik135r3iu118fe4zxti5 id nolu satıcıdan 0.02890620 fiyatından 39.00000000 adet 9 id nolu coin karşılığında 3 id nolu coin satın aldı. Emir kapandı.
TRADE - 2021-01-31 17:21:27 --> (0.19091800 1612102887) trade işleminde  : 74djfhy7k2m2lsvbojrk5jx4c9rw id nolu alıcı 6bavdl8dik135r3iu118fe4zxti5 id nolu satıcıdan 0.02890620 fiyatından 2.00000000 adet 9 id nolu coin karşılığında 3 id nolu coin satın aldı. Emir kapandı.
TRADE - 2021-01-31 17:25:00 --> (0.81879100 1612103100) trade işleminde  : 74djfhy7k2m2lsvbojrk5jx4c9rw id nolu satıcı 6bavdl8dik135r3iu118fe4zxti5 id nolu alıcıya 0.02907400 fiyatından 19973.00000000 adet 9 id nolu coin karşılığında 3 id nolu coin sattı. Emir kapandı.
TRADE - 2021-01-31 17:25:06 --> (0.25032000 1612103106) trade işleminde  : 74djfhy7k2m2lsvbojrk5jx4c9rw id nolu satıcı 6bavdl8dik135r3iu118fe4zxti5 id nolu alıcıya 0.02907400 fiyatından 999.00000000 adet 9 id nolu coin karşılığında 3 id nolu coin sattı. Emir kapandı.
TRADE - 2021-01-31 17:25:13 --> (0.28595200 1612103113) trade işleminde  : 74djfhy7k2m2lsvbojrk5jx4c9rw id nolu satıcı 6bavdl8dik135r3iu118fe4zxti5 id nolu alıcıya 0.02907400 fiyatından 50.00000000 adet 9 id nolu coin karşılığında 3 id nolu coin sattı. Emir kapandı.
TRADE - 2021-01-31 17:25:22 --> (0.41700700 1612103122) trade işleminde  : 74djfhy7k2m2lsvbojrk5jx4c9rw id nolu satıcı 6bavdl8dik135r3iu118fe4zxti5 id nolu alıcıya 0.02907400 fiyatından 2.00000000 adet 9 id nolu coin karşılığında 3 id nolu coin sattı. Emir kapandı.
TRADE - 2021-01-31 17:26:41 --> (0.68412500 1612103201) trade işleminde  : 74djfhy7k2m2lsvbojrk5jx4c9rw id nolu satıcı 6bavdl8dik135r3iu118fe4zxti5 id nolu alıcıya 0.02907400 fiyatından 0.95000000 adet 9 id nolu coin karşılığında 3 id nolu coin sattı. Emir kapandı.
TRADE - 2021-01-31 17:35:26 --> (0.20595400 1612103726) trade işleminde  : 6bavdl8dik135r3iu118fe4zxti5 id nolu alıcı 1dgaj4wi8qmnfkpl28lym4ukhsv1 id nolu satıcıdan 0.00000903 fiyatından 14580.35889054 adet 1 id nolu coin karşılığında 74 id nolu coin satın aldı. Alıcı almak istediği miktarı aldı. Boş emir açıldı.
TRADE - 2021-01-31 17:35:47 --> (0.90304300 1612103747) trade işleminde  : 6bavdl8dik135r3iu118fe4zxti5 id nolu alıcı 74djfhy7k2m2lsvbojrk5jx4c9rw id nolu satıcıdan 0.02907400 fiyatından 0.05 adet 9 id nolu coin karşılığında 3 id nolu coin satın aldı. Alıcı almak istediği miktarı aldı. Boş emir açıldı.
TRADE - 2021-01-31 18:51:00 --> (0.16178700 1612108260) trade işleminde  : 6bavdl8dik135r3iu118fe4zxti5 id nolu satıcı z2qlazy9u277w4e99fc25cx1olco id nolu alıcıya 0.00000043 fiyatından 2937.77561157 adet 1 id nolu coin karşılığında 17 id nolu coin sattı. Emir kapandı.
TRADE - 2021-01-31 18:57:20 --> (0.69752400 1612108640) trade işleminde  : 74djfhy7k2m2lsvbojrk5jx4c9rw id nolu alıcı 6bavdl8dik135r3iu118fe4zxti5 id nolu satıcıdan 0.02835000 fiyatından 20438.02000000 adet 9 id nolu coin karşılığında 3 id nolu coin satın aldı. Emir kapandı.
TRADE - 2021-01-31 18:57:25 --> (0.66332900 1612108645) trade işleminde  : 74djfhy7k2m2lsvbojrk5jx4c9rw id nolu alıcı 6bavdl8dik135r3iu118fe4zxti5 id nolu satıcıdan 0.02835000 fiyatından 982.56000000 adet 9 id nolu coin karşılığında 3 id nolu coin satın aldı. Emir kapandı.
TRADE - 2021-01-31 19:01:15 --> (0.78693200 1612108875) trade işleminde  : 74djfhy7k2m2lsvbojrk5jx4c9rw id nolu satıcı 6bavdl8dik135r3iu118fe4zxti5 id nolu alıcıya 0.02850010 fiyatından 20349.55000000 adet 9 id nolu coin karşılığında 3 id nolu coin sattı. Emir kapandı.
TRADE - 2021-01-31 19:01:21 --> (0.12748500 1612108881) trade işleminde  : 74djfhy7k2m2lsvbojrk5jx4c9rw id nolu satıcı 6bavdl8dik135r3iu118fe4zxti5 id nolu alıcıya 0.02850010 fiyatından 1017.48000000 adet 9 id nolu coin karşılığında 3 id nolu coin sattı. Emir kapandı.
TRADE - 2021-01-31 19:05:27 --> (0.88294600 1612109127) trade işleminde  : 74djfhy7k2m2lsvbojrk5jx4c9rw id nolu alıcı 6bavdl8dik135r3iu118fe4zxti5 id nolu satıcıdan 0.02842970 fiyatından 4600 adet 9 id nolu coin karşılığında 3 id nolu coin satın aldı. Alıcı almak istediği miktarı aldı. Boş emir açıldı.
TRADE - 2021-01-31 19:05:46 --> (0.99831900 1612109146) trade işleminde  : 74djfhy7k2m2lsvbojrk5jx4c9rw id nolu alıcı 6bavdl8dik135r3iu118fe4zxti5 id nolu satıcıdan 0.02859980 fiyatından 6636.34 adet 9 id nolu coin karşılığında 3 id nolu coin satın aldı. Emir kapandı.
TRADE - 2021-01-31 19:05:48 --> (0.14016300 1612109148) trade işleminde  : 74djfhy7k2m2lsvbojrk5jx4c9rw id nolu alıcı 6bavdl8dik135r3iu118fe4zxti5 id nolu satıcıdan 0.02858810 fiyatından 15878.66000000 adet 9 id nolu coin karşılığında 3 id nolu coin almak istedi ama satıcının miktarı(9242.32) yetmedi ve emir tekrar etti.
TRADE - 2021-01-31 19:05:53 --> (0.58696500 1612109153) trade işleminde  : 74djfhy7k2m2lsvbojrk5jx4c9rw id nolu alıcı 6bavdl8dik135r3iu118fe4zxti5 id nolu satıcıdan 0.02859980 fiyatından 763.56000000 adet 9 id nolu coin karşılığında 3 id nolu coin satın aldı. Emir kapandı.
TRADE - 2021-01-31 19:09:52 --> (0.52147500 1612109392) trade işleminde  : 74djfhy7k2m2lsvbojrk5jx4c9rw id nolu satıcı 6bavdl8dik135r3iu118fe4zxti5 id nolu alıcıya 0.02922650 fiyatından 20230.98000000 adet 9 id nolu coin karşılığında 3 id nolu coin sattı. Emir kapandı.
TRADE - 2021-01-31 19:09:57 --> (0.46322700 1612109397) trade işleminde  : 74djfhy7k2m2lsvbojrk5jx4c9rw id nolu satıcı 6bavdl8dik135r3iu118fe4zxti5 id nolu alıcıya 0.02922650 fiyatından 1011.55000000 adet 9 id nolu coin karşılığında 3 id nolu coin sattı. Emir kapandı.
TRADE - 2021-01-31 19:14:09 --> (0.85830800 1612109649) trade işleminde  : 74djfhy7k2m2lsvbojrk5jx4c9rw id nolu alıcı 6bavdl8dik135r3iu118fe4zxti5 id nolu satıcıdan 0.02886100 fiyatından 17597.3 adet 9 id nolu coin karşılığında 3 id nolu coin satın aldı. Alıcı almak istediği miktarı aldı. Boş emir açıldı.
TRADE - 2021-01-31 19:14:36 --> (0.13468100 1612109676) trade işleminde  : 74djfhy7k2m2lsvbojrk5jx4c9rw id nolu alıcı 6bavdl8dik135r3iu118fe4zxti5 id nolu satıcıdan 0.02898550 fiyatından 287.04 adet 9 id nolu coin karşılığında 3 id nolu coin satın aldı. Alıcı almak istediği miktarı aldı. Boş emir açıldı.
TRADE - 2021-01-31 19:15:47 --> (0.31441100 1612109747) trade işleminde  : 74djfhy7k2m2lsvbojrk5jx4c9rw id nolu satıcı 6bavdl8dik135r3iu118fe4zxti5 id nolu alıcıya 0.02907810 fiyatından 14732.88 adet 9 id nolu coin karşılığında 3 id nolu coin sattı. Emir kapandı.
TRADE - 2021-01-31 19:15:47 --> (0.91117800 1612109747) trade işleminde  : 74djfhy7k2m2lsvbojrk5jx4c9rw id nolu satıcı 6bavdl8dik135r3iu118fe4zxti5 id nolu alıcıya 0.02910800 fiyatından 17040.70000000 adet 9 id nolu coin karşılığında 3 id nolu coini satmak istedi ama alıcının miktarı(2307.82) yetmedi ve emir tekrar etti.
TRADE - 2021-01-31 19:15:52 --> (0.13721900 1612109752) trade işleminde  : 74djfhy7k2m2lsvbojrk5jx4c9rw id nolu satıcı 6bavdl8dik135r3iu118fe4zxti5 id nolu alıcıya 0.02907810 fiyatından 852.04000000 adet 9 id nolu coin karşılığında 3 id nolu coin sattı. Emir kapandı.
TRADE - 2021-01-31 19:17:11 --> (0.14698600 1612109831) trade işleminde  : 74djfhy7k2m2lsvbojrk5jx4c9rw id nolu alıcı 6bavdl8dik135r3iu118fe4zxti5 id nolu satıcıdan 0.02899070 fiyatından 187.68 adet 9 id nolu coin karşılığında 3 id nolu coin satın aldı. Alıcı almak istediği miktarı aldı. Boş emir açıldı.
TRADE - 2021-01-31 19:17:38 --> (0.36068300 1612109858) trade işleminde  : 74djfhy7k2m2lsvbojrk5jx4c9rw id nolu alıcı 6bavdl8dik135r3iu118fe4zxti5 id nolu satıcıdan 0.02900300 fiyatından 838.12 adet 9 id nolu coin karşılığında 3 id nolu coin satın aldı. Alıcı almak istediği miktarı aldı. Boş emir açıldı.
TRADE - 2021-01-31 19:18:15 --> (0.07980600 1612109895) trade işleminde  : 74djfhy7k2m2lsvbojrk5jx4c9rw id nolu alıcı 6bavdl8dik135r3iu118fe4zxti5 id nolu satıcıdan 0.02908160 fiyatından 1186.8 adet 9 id nolu coin karşılığında 3 id nolu coin satın aldı. Alıcı almak istediği miktarı aldı. Boş emir açıldı.
TRADE - 2021-01-31 19:18:22 --> (0.26698200 1612109902) trade işleminde  : 74djfhy7k2m2lsvbojrk5jx4c9rw id nolu alıcı 6bavdl8dik135r3iu118fe4zxti5 id nolu satıcıdan 0.02912840 fiyatından 2454.38 adet 9 id nolu coin karşılığında 3 id nolu coin satın aldı. Emir kapandı.
TRADE - 2021-01-31 19:18:23 --> (0.13945400 1612109903) trade işleminde  : 74djfhy7k2m2lsvbojrk5jx4c9rw id nolu alıcı 6bavdl8dik135r3iu118fe4zxti5 id nolu satıcıdan 0.02911250 fiyatından 18161.08000000 adet 9 id nolu coin karşılığında 3 id nolu coin almak istedi ama satıcının miktarı(15706.7) yetmedi ve emir tekrar etti.
TRADE - 2021-01-31 19:18:32 --> (0.06338500 1612109912) trade işleminde  : 74djfhy7k2m2lsvbojrk5jx4c9rw id nolu alıcı 6bavdl8dik135r3iu118fe4zxti5 id nolu satıcıdan 0.02912840 fiyatından 872.97000000 adet 9 id nolu coin karşılığında 3 id nolu coin satın aldı. Emir kapandı.
TRADE - 2021-01-31 19:24:17 --> (0.13012900 1612110257) trade işleminde  : 74djfhy7k2m2lsvbojrk5jx4c9rw id nolu satıcı 6bavdl8dik135r3iu118fe4zxti5 id nolu alıcıya 0.03005450 fiyatından 229.54 adet 9 id nolu coin karşılığında 3 id nolu coin sattı. Emir kapandı.
TRADE - 2021-01-31 19:25:39 --> (0.02365800 1612110339) trade işleminde  : 74djfhy7k2m2lsvbojrk5jx4c9rw id nolu satıcı 6bavdl8dik135r3iu118fe4zxti5 id nolu alıcıya 0.02951360 fiyatından 231.38 adet 9 id nolu coin karşılığında 3 id nolu coin sattı. Emir kapandı.
TRADE - 2021-01-31 19:25:39 --> (0.92661600 1612110339) trade işleminde  : 74djfhy7k2m2lsvbojrk5jx4c9rw id nolu satıcı 6bavdl8dik135r3iu118fe4zxti5 id nolu alıcıya 0.02953670 fiyatından 465.06000000 adet 9 id nolu coin karşılığında 3 id nolu coini satmak istedi ama alıcının miktarı(233.68) yetmedi ve emir tekrar etti.
TRADE - 2021-01-31 19:27:50 --> (0.38074100 1612110470) trade işleminde  : 74djfhy7k2m2lsvbojrk5jx4c9rw id nolu alıcı 6bavdl8dik135r3iu118fe4zxti5 id nolu satıcıdan 0.02962460 fiyatından 772.11000000 adet 9 id nolu coin karşılığında 3 id nolu coin satın aldı. Emir kapandı.
TRADE - 2021-01-31 19:29:19 --> (0.50333600 1612110559) trade işleminde  : 74djfhy7k2m2lsvbojrk5jx4c9rw id nolu satıcı 6bavdl8dik135r3iu118fe4zxti5 id nolu alıcıya 0.02996480 fiyatından 20300.55000000 adet 9 id nolu coin karşılığında 3 id nolu coin sattı. Emir kapandı.
TRADE - 2021-01-31 19:30:39 --> (0.32518400 1612110639) trade işleminde  : 74djfhy7k2m2lsvbojrk5jx4c9rw id nolu alıcı 6bavdl8dik135r3iu118fe4zxti5 id nolu satıcıdan 0.02991560 fiyatından 7824.14 adet 9 id nolu coin karşılığında 3 id nolu coin satın aldı. Alıcı almak istediği miktarı aldı. Boş emir açıldı.
TRADE - 2021-01-31 19:30:54 --> (0.75524800 1612110654) trade işleminde  : 74djfhy7k2m2lsvbojrk5jx4c9rw id nolu alıcı 6bavdl8dik135r3iu118fe4zxti5 id nolu satıcıdan 0.02998670 fiyatından 11839.45000000 adet 9 id nolu coin karşılığında 3 id nolu coin satın aldı. Emir kapandı.
TRADE - 2021-01-31 19:31:00 --> (0.76775600 1612110660) trade işleminde  : 74djfhy7k2m2lsvbojrk5jx4c9rw id nolu alıcı 6bavdl8dik135r3iu118fe4zxti5 id nolu satıcıdan 0.02998670 fiyatından 569.47000000 adet 9 id nolu coin karşılığında 3 id nolu coin satın aldı. Emir kapandı.
TRADE - 2021-01-31 19:33:36 --> (0.79944700 1612110816) trade işleminde  : 74djfhy7k2m2lsvbojrk5jx4c9rw id nolu satıcı 6bavdl8dik135r3iu118fe4zxti5 id nolu alıcıya 0.03024140 fiyatından 20236.43000000 adet 9 id nolu coin karşılığında 3 id nolu coin sattı. Emir kapandı.
TRADE - 2021-01-31 19:33:41 --> (0.82815900 1612110821) trade işleminde  : 74djfhy7k2m2lsvbojrk5jx4c9rw id nolu satıcı 6bavdl8dik135r3iu118fe4zxti5 id nolu alıcıya 0.03024140 fiyatından 112.59 adet 9 id nolu coin karşılığında 3 id nolu coin sattı. Emir kapandı.
TRADE - 2021-01-31 19:33:52 --> (0.35169800 1612110832) trade işleminde  : 74djfhy7k2m2lsvbojrk5jx4c9rw id nolu satıcı 6bavdl8dik135r3iu118fe4zxti5 id nolu alıcıya 0.02997660 fiyatından 904.87000000 adet 9 id nolu coin karşılığında 3 id nolu coin sattı. Emir kapandı.
TRADE - 2021-01-31 19:37:18 --> (0.79146300 1612111038) trade işleminde  : 6bavdl8dik135r3iu118fe4zxti5 id nolu satıcı 74djfhy7k2m2lsvbojrk5jx4c9rw id nolu alıcıya 0.03025020 fiyatından 20164.26 adet 9 id nolu coin karşılığında 3 id nolu coin sattı. Emir kapandı.
TRADE - 2021-01-31 19:38:33 --> (0.48313600 1612111113) trade işleminde  : 74djfhy7k2m2lsvbojrk5jx4c9rw id nolu alıcı 6bavdl8dik135r3iu118fe4zxti5 id nolu satıcıdan 0.03026170 fiyatından 969.48000000 adet 9 id nolu coin karşılığında 3 id nolu coin satın aldı. Emir kapandı.
TRADE - 2021-01-31 19:39:02 --> (0.46325600 1612111142) trade işleminde  : 74djfhy7k2m2lsvbojrk5jx4c9rw id nolu satıcı 6bavdl8dik135r3iu118fe4zxti5 id nolu alıcıya 0.03055650 fiyatından 20122.29000000 adet 9 id nolu coin karşılığında 3 id nolu coin sattı. Emir kapandı.
TRADE - 2021-01-31 19:40:11 --> (0.48703600 1612111211) trade işleminde  : 74djfhy7k2m2lsvbojrk5jx4c9rw id nolu satıcı 6bavdl8dik135r3iu118fe4zxti5 id nolu alıcıya 0.03057470 fiyatından 1006.12000000 adet 9 id nolu coin karşılığında 3 id nolu coin sattı. Emir kapandı.
TRADE - 2021-01-31 19:40:54 --> (0.21719500 1612111254) trade işleminde  : 74djfhy7k2m2lsvbojrk5jx4c9rw id nolu alıcı 6bavdl8dik135r3iu118fe4zxti5 id nolu satıcıdan 0.03058460 fiyatından 11875.36 adet 9 id nolu coin karşılığında 3 id nolu coin satın aldı. Alıcı almak istediği miktarı aldı. Boş emir açıldı.
TRADE - 2021-01-31 19:40:59 --> (0.38766300 1612111259) trade işleminde  : 74djfhy7k2m2lsvbojrk5jx4c9rw id nolu alıcı 6bavdl8dik135r3iu118fe4zxti5 id nolu satıcıdan 0.03064690 fiyatından 8724.24000000 adet 9 id nolu coin karşılığında 3 id nolu coin satın aldı. Emir kapandı.
TRADE - 2021-01-31 19:41:04 --> (0.88085800 1612111264) trade işleminde  : 74djfhy7k2m2lsvbojrk5jx4c9rw id nolu alıcı 6bavdl8dik135r3iu118fe4zxti5 id nolu satıcıdan 0.03064690 fiyatından 419.64000000 adet 9 id nolu coin karşılığında 3 id nolu coin satın aldı. Emir kapandı.
TRADE - 2021-01-31 19:42:15 --> (0.91609000 1612111335) trade işleminde  : 74djfhy7k2m2lsvbojrk5jx4c9rw id nolu satıcı 6bavdl8dik135r3iu118fe4zxti5 id nolu alıcıya 0.03105490 fiyatından 12839.98 adet 9 id nolu coin karşılığında 3 id nolu coin sattı. Emir kapandı.
TRADE - 2021-01-31 19:42:33 --> (0.87927300 1612111353) trade işleminde  : 74djfhy7k2m2lsvbojrk5jx4c9rw id nolu satıcı 6bavdl8dik135r3iu118fe4zxti5 id nolu alıcıya 0.03101250 fiyatından 7820.60000000 adet 9 id nolu coin karşılığında 3 id nolu coin sattı. Emir kapandı.
TRADE - 2021-01-31 19:42:38 --> (0.07199800 1612111358) trade işleminde  : 74djfhy7k2m2lsvbojrk5jx4c9rw id nolu satıcı 6bavdl8dik135r3iu118fe4zxti5 id nolu alıcıya 0.03101250 fiyatından 391.03000000 adet 9 id nolu coin karşılığında 3 id nolu coin sattı. Emir kapandı.
TRADE - 2021-01-31 19:44:44 --> (0.57609800 1612111484) trade işleminde  : 74djfhy7k2m2lsvbojrk5jx4c9rw id nolu alıcı 6bavdl8dik135r3iu118fe4zxti5 id nolu satıcıdan 0.46000000 fiyatından 11.12168155 adet 9 id nolu coin karşılığında 7 id nolu coin satın aldı. Emir kapandı.
TRADE - 2021-01-31 19:44:45 --> (0.13305900 1612111485) trade işleminde  : 74djfhy7k2m2lsvbojrk5jx4c9rw id nolu alıcı 6bavdl8dik135r3iu118fe4zxti5 id nolu satıcıdan 0.45926000 fiyatından 21.56168155 adet 9 id nolu coin karşılığında 7 id nolu coin almak istedi ama satıcının miktarı(10.44) yetmedi ve emir tekrar etti.
TRADE - 2021-01-31 19:48:18 --> (0.68030000 1612111698) trade işleminde  : 74djfhy7k2m2lsvbojrk5jx4c9rw id nolu alıcı 6bavdl8dik135r3iu118fe4zxti5 id nolu satıcıdan 0.03003520 fiyatından 20295.12000000 adet 9 id nolu coin karşılığında 3 id nolu coin satın aldı. Emir kapandı.
TRADE - 2021-01-31 19:48:27 --> (0.34875200 1612111707) trade işleminde  : 74djfhy7k2m2lsvbojrk5jx4c9rw id nolu alıcı 6bavdl8dik135r3iu118fe4zxti5 id nolu satıcıdan 0.03003520 fiyatından 976.20000000 adet 9 id nolu coin karşılığında 3 id nolu coin satın aldı. Emir kapandı.
TRADE - 2021-01-31 19:54:52 --> (0.10197500 1612112092) trade işleminde  : 74djfhy7k2m2lsvbojrk5jx4c9rw id nolu satıcı 6bavdl8dik135r3iu118fe4zxti5 id nolu alıcıya 0.02999120 fiyatından 15789.5 adet 9 id nolu coin karşılığında 3 id nolu coin sattı. Emir kapandı.
TRADE - 2021-01-31 19:54:56 --> (0.05701200 1612112096) trade işleminde  : 74djfhy7k2m2lsvbojrk5jx4c9rw id nolu satıcı 6bavdl8dik135r3iu118fe4zxti5 id nolu alıcıya 0.02998510 fiyatından 3097.18 adet 9 id nolu coin karşılığında 3 id nolu coin sattı. Emir kapandı.
TRADE - 2021-01-31 19:56:33 --> (0.12908500 1612112193) trade işleminde  : 74djfhy7k2m2lsvbojrk5jx4c9rw id nolu satıcı 6bavdl8dik135r3iu118fe4zxti5 id nolu alıcıya 0.02970270 fiyatından 2284.96000000 adet 9 id nolu coin karşılığında 3 id nolu coin sattı. Emir kapandı.
TRADE - 2021-01-31 19:56:39 --> (0.55704700 1612112199) trade işleminde  : 74djfhy7k2m2lsvbojrk5jx4c9rw id nolu satıcı 6bavdl8dik135r3iu118fe4zxti5 id nolu alıcıya 0.02970270 fiyatından 114.25000000 adet 9 id nolu coin karşılığında 3 id nolu coin sattı. Emir kapandı.
TRADE - 2021-01-31 19:57:28 --> (0.18815100 1612112248) trade işleminde  : 74djfhy7k2m2lsvbojrk5jx4c9rw id nolu alıcı 6bavdl8dik135r3iu118fe4zxti5 id nolu satıcıdan 0.02941230 fiyatından 20656.09000000 adet 9 id nolu coin karşılığında 3 id nolu coin satın aldı. Emir kapandı.
TRADE - 2021-01-31 19:57:58 --> (0.00237100 1612112278) trade işleminde  : 6bavdl8dik135r3iu118fe4zxti5 id nolu alıcı 74djfhy7k2m2lsvbojrk5jx4c9rw id nolu satıcıdan 0.45574000 fiyatından 1.56168155 adet 9 id nolu coin karşılığında 7 id nolu coin satın aldı. Alıcı almak istediği miktarı aldı. Boş emir açıldı.
TRADE - 2021-01-31 19:59:19 --> (0.03047900 1612112359) trade işleminde  : 74djfhy7k2m2lsvbojrk5jx4c9rw id nolu satıcı 6bavdl8dik135r3iu118fe4zxti5 id nolu alıcıya 0.02986980 fiyatından 201.48 adet 9 id nolu coin karşılığında 3 id nolu coin sattı. Emir kapandı.
TRADE - 2021-01-31 20:00:27 --> (0.40433400 1612112427) trade işleminde  : 74djfhy7k2m2lsvbojrk5jx4c9rw id nolu alıcı 6bavdl8dik135r3iu118fe4zxti5 id nolu satıcıdan 0.02962720 fiyatından 1102.62 adet 9 id nolu coin karşılığında 3 id nolu coin satın aldı. Alıcı almak istediği miktarı aldı. Boş emir açıldı.
TRADE - 2021-01-31 20:00:33 --> (0.63075800 1612112433) trade işleminde  : 74djfhy7k2m2lsvbojrk5jx4c9rw id nolu alıcı 6bavdl8dik135r3iu118fe4zxti5 id nolu satıcıdan 0.02963640 fiyatından 151.92000000 adet 9 id nolu coin karşılığında 3 id nolu coin satın aldı. Emir kapandı.
TRADE - 2021-01-31 20:04:38 --> (0.18523600 1612112678) trade işleminde  : 74djfhy7k2m2lsvbojrk5jx4c9rw id nolu satıcı 6bavdl8dik135r3iu118fe4zxti5 id nolu alıcıya 0.03005970 fiyatından 20629.40000000 adet 9 id nolu coin karşılığında 3 id nolu coin sattı. Emir kapandı.
TRADE - 2021-01-31 20:04:43 --> (0.32780500 1612112683) trade işleminde  : 74djfhy7k2m2lsvbojrk5jx4c9rw id nolu satıcı 6bavdl8dik135r3iu118fe4zxti5 id nolu alıcıya 0.03005970 fiyatından 1031.47000000 adet 9 id nolu coin karşılığında 3 id nolu coin sattı. Emir kapandı.
TRADE - 2021-01-31 20:05:53 --> (0.78980900 1612112753) trade işleminde  : 74djfhy7k2m2lsvbojrk5jx4c9rw id nolu alıcı 6bavdl8dik135r3iu118fe4zxti5 id nolu satıcıdan 0.03007520 fiyatından 19017.15 adet 9 id nolu coin karşılığında 3 id nolu coin satın aldı. Emir kapandı.
TRADE - 2021-01-31 20:05:54 --> (0.35303500 1612112754) trade işleminde  : 74djfhy7k2m2lsvbojrk5jx4c9rw id nolu alıcı 6bavdl8dik135r3iu118fe4zxti5 id nolu satıcıdan 0.03007050 fiyatından 20533.31000000 adet 9 id nolu coin karşılığında 3 id nolu coin almak istedi ama satıcının miktarı(1516.16) yetmedi ve emir tekrar etti.
TRADE - 2021-01-31 20:05:59 --> (0.94300100 1612112759) trade işleminde  : 74djfhy7k2m2lsvbojrk5jx4c9rw id nolu alıcı 6bavdl8dik135r3iu118fe4zxti5 id nolu satıcıdan 0.03007520 fiyatından 984.59000000 adet 9 id nolu coin karşılığında 3 id nolu coin satın aldı. Emir kapandı.
TRADE - 2021-01-31 20:08:43 --> (0.08843200 1612112923) trade işleminde  : 74djfhy7k2m2lsvbojrk5jx4c9rw id nolu satıcı 6bavdl8dik135r3iu118fe4zxti5 id nolu alıcıya 0.03050540 fiyatından 241.04 adet 9 id nolu coin karşılığında 3 id nolu coin sattı. Emir kapandı.
TRADE - 2021-01-31 20:11:11 --> (0.23911200 1612113071) trade işleminde  : 74djfhy7k2m2lsvbojrk5jx4c9rw id nolu alıcı 6bavdl8dik135r3iu118fe4zxti5 id nolu satıcıdan 0.03041440 fiyatından 276.02000000 adet 9 id nolu coin karşılığında 3 id nolu coin satın aldı. Emir kapandı.
TRADE - 2021-01-31 20:12:19 --> (0.08936700 1612113139) trade işleminde  : 74djfhy7k2m2lsvbojrk5jx4c9rw id nolu satıcı 6bavdl8dik135r3iu118fe4zxti5 id nolu alıcıya 0.03058430 fiyatından 15379.64 adet 9 id nolu coin karşılığında 3 id nolu coin sattı. Emir kapandı.
TRADE - 2021-01-31 20:14:14 --> (0.91433800 1612113254) trade işleminde  : 74djfhy7k2m2lsvbojrk5jx4c9rw id nolu satıcı 6bavdl8dik135r3iu118fe4zxti5 id nolu alıcıya 0.03020330 fiyatından 5916.15000000 adet 9 id nolu coin karşılığında 3 id nolu coin sattı. Emir kapandı.
TRADE - 2021-01-31 20:15:19 --> (0.92650000 1612113319) trade işleminde  : 74djfhy7k2m2lsvbojrk5jx4c9rw id nolu alıcı 6bavdl8dik135r3iu118fe4zxti5 id nolu satıcıdan 0.03023980 fiyatından 3826.74 adet 9 id nolu coin karşılığında 3 id nolu coin satın aldı. Alıcı almak istediği miktarı aldı. Boş emir açıldı.
TRADE - 2021-01-31 20:16:57 --> (0.52544000 1612113417) trade işleminde  : 74djfhy7k2m2lsvbojrk5jx4c9rw id nolu alıcı 6bavdl8dik135r3iu118fe4zxti5 id nolu satıcıdan 0.03049750 fiyatından 16577.92000000 adet 9 id nolu coin karşılığında 3 id nolu coin satın aldı. Emir kapandı.
TRADE - 2021-01-31 20:17:03 --> (0.28167900 1612113423) trade işleminde  : 74djfhy7k2m2lsvbojrk5jx4c9rw id nolu alıcı 6bavdl8dik135r3iu118fe4zxti5 id nolu satıcıdan 0.03049750 fiyatından 796.26000000 adet 9 id nolu coin karşılığında 3 id nolu coin satın aldı. Emir kapandı.
TRADE - 2021-01-31 20:20:05 --> (0.95634700 1612113605) trade işleminde  : 74djfhy7k2m2lsvbojrk5jx4c9rw id nolu satıcı 6bavdl8dik135r3iu118fe4zxti5 id nolu alıcıya 0.03052530 fiyatından 20436.68000000 adet 9 id nolu coin karşılığında 3 id nolu coin sattı. Emir kapandı.
TRADE - 2021-01-31 20:20:11 --> (0.56197300 1612113611) trade işleminde  : 74djfhy7k2m2lsvbojrk5jx4c9rw id nolu satıcı 6bavdl8dik135r3iu118fe4zxti5 id nolu alıcıya 0.03052530 fiyatından 1021.84000000 adet 9 id nolu coin karşılığında 3 id nolu coin sattı. Emir kapandı.
TRADE - 2021-01-31 20:21:04 --> (0.74747500 1612113664) trade işleminde  : 74djfhy7k2m2lsvbojrk5jx4c9rw id nolu alıcı 6bavdl8dik135r3iu118fe4zxti5 id nolu satıcıdan 0.03053920 fiyatından 1597.12 adet 9 id nolu coin karşılığında 3 id nolu coin satın aldı. Alıcı almak istediği miktarı aldı. Boş emir açıldı.
TRADE - 2021-01-31 20:23:05 --> (0.11468200 1612113785) trade işleminde  : 74djfhy7k2m2lsvbojrk5jx4c9rw id nolu alıcı 6bavdl8dik135r3iu118fe4zxti5 id nolu satıcıdan 0.03063770 fiyatından 432.86 adet 9 id nolu coin karşılığında 3 id nolu coin satın aldı. Alıcı almak istediği miktarı aldı. Boş emir açıldı.
TRADE - 2021-01-31 20:23:14 --> (0.94134100 1612113794) trade işleminde  : 74djfhy7k2m2lsvbojrk5jx4c9rw id nolu alıcı 6bavdl8dik135r3iu118fe4zxti5 id nolu satıcıdan 0.03068000 fiyatından 5088.98 adet 9 id nolu coin karşılığında 3 id nolu coin satın aldı. Satıcının miktarı yetmedi ve eşleşen bir fiyat olmadığı için 9.0949470177293E-13 adet alış emri açıldı.
TRADE - 2021-01-31 20:23:15 --> (0.53410500 1612113795) trade işleminde  : 74djfhy7k2m2lsvbojrk5jx4c9rw id nolu alıcı 6bavdl8dik135r3iu118fe4zxti5 id nolu satıcıdan 0.03067960 fiyatından 5248.60000000 adet 9 id nolu coin karşılığında 3 id nolu coin almak istedi ama satıcının miktarı(159.62) yetmedi ve emir tekrar etti.
TRADE - 2021-01-31 20:23:55 --> (0.71699100 1612113835) trade işleminde  : 74djfhy7k2m2lsvbojrk5jx4c9rw id nolu alıcı 6bavdl8dik135r3iu118fe4zxti5 id nolu satıcıdan 0.03083760 fiyatından 13267.53000000 adet 9 id nolu coin karşılığında 3 id nolu coin satın aldı. Emir kapandı.
TRADE - 2021-01-31 20:25:26 --> (0.39730900 1612113926) trade işleminde  : 74djfhy7k2m2lsvbojrk5jx4c9rw id nolu satıcı 6bavdl8dik135r3iu118fe4zxti5 id nolu alıcıya 0.03146580 fiyatından 19569.90000000 adet 9 id nolu coin karşılığında 3 id nolu coin sattı. Emir kapandı.
TRADE - 2021-01-31 20:25:31 --> (0.24451100 1612113931) trade işleminde  : 74djfhy7k2m2lsvbojrk5jx4c9rw id nolu satıcı 6bavdl8dik135r3iu118fe4zxti5 id nolu alıcıya 0.03146580 fiyatından 978.49000000 adet 9 id nolu coin karşılığında 3 id nolu coin sattı. Emir kapandı.
TRADE - 2021-01-31 20:28:03 --> (0.29026400 1612114083) trade işleminde  : 74djfhy7k2m2lsvbojrk5jx4c9rw id nolu alıcı 6bavdl8dik135r3iu118fe4zxti5 id nolu satıcıdan 0.03081560 fiyatından 19314.48 adet 9 id nolu coin karşılığında 3 id nolu coin satın aldı. Alıcı almak istediği miktarı aldı. Boş emir açıldı.
TRADE - 2021-01-31 20:28:17 --> (0.55942600 1612114097) trade işleminde  : 74djfhy7k2m2lsvbojrk5jx4c9rw id nolu alıcı 6bavdl8dik135r3iu118fe4zxti5 id nolu satıcıdan 0.03098560 fiyatından 2163.86000000 adet 9 id nolu coin karşılığında 3 id nolu coin satın aldı. Emir kapandı.
TRADE - 2021-01-31 20:28:23 --> (0.88693100 1612114103) trade işleminde  : 74djfhy7k2m2lsvbojrk5jx4c9rw id nolu alıcı 6bavdl8dik135r3iu118fe4zxti5 id nolu satıcıdan 0.03098560 fiyatından 104.08000000 adet 9 id nolu coin karşılığında 3 id nolu coin satın aldı. Emir kapandı.
TRADE - 2021-01-31 20:30:13 --> (0.80217500 1612114213) trade işleminde  : 74djfhy7k2m2lsvbojrk5jx4c9rw id nolu satıcı 6bavdl8dik135r3iu118fe4zxti5 id nolu alıcıya 0.03086860 fiyatından 1178.52 adet 9 id nolu coin karşılığında 3 id nolu coin sattı. Emir kapandı.
TRADE - 2021-01-31 20:30:39 --> (0.23156500 1612114239) trade işleminde  : 74djfhy7k2m2lsvbojrk5jx4c9rw id nolu alıcı 6bavdl8dik135r3iu118fe4zxti5 id nolu satıcıdan 0.03082420 fiyatından 1124.00000000 adet 9 id nolu coin karşılığında 3 id nolu coin satın aldı. Emir kapandı.
TRADE - 2021-01-31 20:35:14 --> (0.01644800 1612114514) trade işleminde  : 74djfhy7k2m2lsvbojrk5jx4c9rw id nolu satıcı 6bavdl8dik135r3iu118fe4zxti5 id nolu alıcıya 0.03200000 fiyatından 20500.43000000 adet 9 id nolu coin karşılığında 3 id nolu coin sattı. Emir kapandı.
TRADE - 2021-01-31 20:35:21 --> (0.75300100 1612114521) trade işleminde  : 74djfhy7k2m2lsvbojrk5jx4c9rw id nolu satıcı 6bavdl8dik135r3iu118fe4zxti5 id nolu alıcıya 0.03200000 fiyatından 1025.02000000 adet 9 id nolu coin karşılığında 3 id nolu coin sattı. Emir kapandı.
TRADE - 2021-01-31 20:37:21 --> (0.20198000 1612114641) trade işleminde  : 74djfhy7k2m2lsvbojrk5jx4c9rw id nolu alıcı 6bavdl8dik135r3iu118fe4zxti5 id nolu satıcıdan 0.03157550 fiyatından 7651.64 adet 9 id nolu coin karşılığında 3 id nolu coin satın aldı. Alıcı almak istediği miktarı aldı. Boş emir açıldı.
TRADE - 2021-01-31 20:37:27 --> (0.88044900 1612114647) trade işleminde  : 74djfhy7k2m2lsvbojrk5jx4c9rw id nolu alıcı 6bavdl8dik135r3iu118fe4zxti5 id nolu satıcıdan 0.03164770 fiyatından 11721.72 adet 9 id nolu coin karşılığında 3 id nolu coin satın aldı. Alıcı almak istediği miktarı aldı. Boş emir açıldı.
TRADE - 2021-01-31 20:38:29 --> (0.10579700 1612114709) trade işleminde  : 74djfhy7k2m2lsvbojrk5jx4c9rw id nolu satıcı 6bavdl8dik135r3iu118fe4zxti5 id nolu alıcıya 0.03192970 fiyatından 2822.1 adet 9 id nolu coin karşılığında 3 id nolu coin sattı. Emir kapandı.
TRADE - 2021-01-31 20:39:04 --> (0.82240500 1612114744) trade işleminde  : 74djfhy7k2m2lsvbojrk5jx4c9rw id nolu satıcı 6bavdl8dik135r3iu118fe4zxti5 id nolu alıcıya 0.03179680 fiyatından 1229.29 adet 9 id nolu coin karşılığında 3 id nolu coin sattı. Emir kapandı.
TRADE - 2021-01-31 20:39:05 --> (0.51253400 1612114745) trade işleminde  : 74djfhy7k2m2lsvbojrk5jx4c9rw id nolu satıcı 6bavdl8dik135r3iu118fe4zxti5 id nolu alıcıya 0.03180490 fiyatından 15629.13 adet 9 id nolu coin karşılığında 3 id nolu coini satmak istedi ama alıcının miktarı(14399.84) yetmedi ve emir tekrar etti.
TRADE - 2021-01-31 20:39:06 --> (0.15462800 1612114746) trade işleminde  : 74djfhy7k2m2lsvbojrk5jx4c9rw id nolu satıcı 6bavdl8dik135r3iu118fe4zxti5 id nolu alıcıya 0.03181890 fiyatından 15774.95000000 adet 9 id nolu coin karşılığında 3 id nolu coini satmak istedi ama alıcının miktarı(145.82) yetmedi ve emir tekrar etti.
TRADE - 2021-01-31 20:39:11 --> (0.63559000 1612114751) trade işleminde  : 74djfhy7k2m2lsvbojrk5jx4c9rw id nolu satıcı 6bavdl8dik135r3iu118fe4zxti5 id nolu alıcıya 0.03179680 fiyatından 788.75000000 adet 9 id nolu coin karşılığında 3 id nolu coin sattı. Emir kapandı.
TRADE - 2021-01-31 20:42:33 --> (0.43074500 1612114953) trade işleminde  : 74djfhy7k2m2lsvbojrk5jx4c9rw id nolu alıcı 6bavdl8dik135r3iu118fe4zxti5 id nolu satıcıdan 0.03133230 fiyatından 14632.6 adet 9 id nolu coin karşılığında 3 id nolu coin satın aldı. Alıcı almak istediği miktarı aldı. Boş emir açıldı.
TRADE - 2021-01-31 22:56:00 --> (0.12583100 1612122960) trade işleminde  : 6bavdl8dik135r3iu118fe4zxti5 id nolu alıcı ltfttklk4w2wy6q9pt0oha2xzqpr id nolu satıcıdan 0.00001427 fiyatından 50 adet 1 id nolu coin karşılığında 7 id nolu coin satın aldı. Alıcı almak istediği miktarı aldı. Boş emir açıldı.
TRADE - 2021-01-31 23:14:35 --> (0.95006500 1612124075) trade işleminde  : 6bavdl8dik135r3iu118fe4zxti5 id nolu alıcı z2qlazy9u277w4e99fc25cx1olco id nolu satıcıdan 0.00000050 fiyatından 2937.77561157 adet 1 id nolu coin karşılığında 17 id nolu coin satın aldı. Alıcı almak istediği miktarı aldı. Boş emir açıldı.
