TRADE - 2020-12-25 00:20:16 --> (0.12165100 1608844816) trade işleminde  : qmm7eakbsrct9z3o9jzwp4lw3zqz id nolu alıcı hzon720zk2cdr3dyllb8pr4yhpae id nolu satıcıdan 0.00000115 fiyatından 1185.80926659 adet 1 id nolu coin karşılığında 161 id nolu coin satın aldı. Alıcı almak istediği miktarı aldı. Boş emir açıldı.
TRADE - 2020-12-25 00:33:44 --> (0.27969900 1608845624) trade işleminde  : 270bkifjjllri9jwellc2kthl2yj id nolu satıcı 6bavdl8dik135r3iu118fe4zxti5 id nolu alıcıya 107.97372522 fiyatından 0.32275714 adet 9 id nolu coin karşılığında 2 id nolu coin sattı. Emir kapandı.
TRADE - 2020-12-25 00:50:00 --> (0.58835100 1608846600) trade işleminde  : hzon720zk2cdr3dyllb8pr4yhpae id nolu satıcı 6bavdl8dik135r3iu118fe4zxti5 id nolu alıcıya 23445.43000000 fiyatından 0.00136899 adet 9 id nolu coin karşılığında 1 id nolu coin sattı. Emir kapandı.
TRADE - 2020-12-25 01:28:40 --> (0.76691600 1608848920) trade işleminde  : hzon720zk2cdr3dyllb8pr4yhpae id nolu alıcı 6bavdl8dik135r3iu118fe4zxti5 id nolu satıcıdan 0.00449850 fiyatından 1509.75312019 adet 9 id nolu coin karşılığında 3 id nolu coin satın aldı. Emir kapandı.
TRADE - 2020-12-25 02:49:56 --> (0.08538800 1608853796) trade işleminde  : 6bavdl8dik135r3iu118fe4zxti5 id nolu alıcı 57ntxnymjpbqmfuazyaadgqaysts id nolu satıcıdan 612.52000100 fiyatından 0.01 adet 9 id nolu coin karşılığında 6 id nolu coin satın aldı. Alıcı almak istediği miktarı aldı. Boş emir açıldı.
TRADE - 2020-12-25 02:59:04 --> (0.17300900 1608854344) trade işleminde  : 57ntxnymjpbqmfuazyaadgqaysts id nolu alıcı h6f3c16e0d89qayvu6f07mr2ltyc id nolu satıcıdan 0.00000360 fiyatından 998540.08228145 adet 9 id nolu coin karşılığında 121 id nolu coin satın aldı. Satıcının miktarı yetmedi ve eşleşen bir fiyat olmadığı için 110353.24218074 adet alış emri açıldı.
TRADE - 2020-12-25 04:41:39 --> (0.75490600 1608860499) trade işleminde  : fj44e71pzte52i5igwc2u137qyx7 id nolu satıcı hzon720zk2cdr3dyllb8pr4yhpae id nolu alıcıya 0.00500000 fiyatından 1926.86018491 adet 9 id nolu coin karşılığında 152 id nolu coin sattı. Emir kapandı.
TRADE - 2020-12-25 04:42:45 --> (0.41454600 1608860565) trade işleminde  : fj44e71pzte52i5igwc2u137qyx7 id nolu satıcı 6bavdl8dik135r3iu118fe4zxti5 id nolu alıcıya 611.99999900 fiyatından 0.00682572 adet 9 id nolu coin karşılığında 6 id nolu coin sattı. Emir kapandı.
TRADE - 2020-12-25 04:43:42 --> (0.23628500 1608860622) trade işleminde  : fj44e71pzte52i5igwc2u137qyx7 id nolu alıcı 6bavdl8dik135r3iu118fe4zxti5 id nolu satıcıdan 612.13000100 fiyatından 0.02372847 adet 9 id nolu coin karşılığında 6 id nolu coin satın aldı. Emir kapandı.
TRADE - 2020-12-25 04:45:15 --> (0.56375300 1608860715) trade işleminde  : fj44e71pzte52i5igwc2u137qyx7 id nolu satıcı 6bavdl8dik135r3iu118fe4zxti5 id nolu alıcıya 611.99999900 fiyatından 0.02372847 adet 9 id nolu coin karşılığında 6 id nolu coin sattı. Emir kapandı.
TRADE - 2020-12-25 04:45:36 --> (0.13652300 1608860736) trade işleminde  : fj44e71pzte52i5igwc2u137qyx7 id nolu alıcı 6bavdl8dik135r3iu118fe4zxti5 id nolu satıcıdan 0.34794000 fiyatından 41.56996933 adet 9 id nolu coin karşılığında 7 id nolu coin satın aldı. Emir kapandı.
TRADE - 2020-12-25 04:48:04 --> (0.58505000 1608860884) trade işleminde  : hzon720zk2cdr3dyllb8pr4yhpae id nolu satıcı no2dnuhutckbktnejjdkkitdgw2n id nolu alıcıya 0.00003560 fiyatından 104.51320048 adet 6 id nolu coin karşılığında 152 id nolu coin sattı. Emir kapandı.
TRADE - 2020-12-25 04:48:09 --> (0.56472600 1608860889) trade işleminde  : hzon720zk2cdr3dyllb8pr4yhpae id nolu satıcı no2dnuhutckbktnejjdkkitdgw2n id nolu alıcıya 0.00003559 fiyatından 144.51320048 adet 6 id nolu coin karşılığında 152 id nolu coin sattı. Emir kapandı.
TRADE - 2020-12-25 04:48:13 --> (0.39568000 1608860893) trade işleminde  : hzon720zk2cdr3dyllb8pr4yhpae id nolu satıcı no2dnuhutckbktnejjdkkitdgw2n id nolu alıcıya 0.00003549 fiyatından 504.51320048 adet 6 id nolu coin karşılığında 152 id nolu coin sattı. Emir kapandı.
TRADE - 2020-12-25 04:48:59 --> (0.52741900 1608860939) trade işleminde  : hzon720zk2cdr3dyllb8pr4yhpae id nolu satıcı no2dnuhutckbktnejjdkkitdgw2n id nolu alıcıya 0.00002999 fiyatından 197.54300116 adet 6 id nolu coin karşılığında 152 id nolu coin sattı. Emir kapandı.
TRADE - 2020-12-25 04:49:15 --> (0.47642500 1608860955) trade işleminde  : hzon720zk2cdr3dyllb8pr4yhpae id nolu satıcı 6bavdl8dik135r3iu118fe4zxti5 id nolu alıcıya 611.80999900 fiyatından 0.03262800 adet 9 id nolu coin karşılığında 6 id nolu coin sattı. Emir kapandı.
TRADE - 2020-12-25 05:47:05 --> (0.74632900 1608864425) trade işleminde  : fj44e71pzte52i5igwc2u137qyx7 id nolu satıcı hzon720zk2cdr3dyllb8pr4yhpae id nolu alıcıya 0.00500005 fiyatından 2145.14513869 adet 9 id nolu coin karşılığında 152 id nolu coin sattı. Emir kapandı.
TRADE - 2020-12-25 05:47:30 --> (0.65919500 1608864450) trade işleminde  : fj44e71pzte52i5igwc2u137qyx7 id nolu alıcı 6bavdl8dik135r3iu118fe4zxti5 id nolu satıcıdan 0.34928000 fiyatından 30.58582011 adet 9 id nolu coin karşılığında 7 id nolu coin satın aldı. Emir kapandı.
TRADE - 2020-12-25 07:36:39 --> (0.35995500 1608870999) trade işleminde  : ezipojqyku8sn3jwmqlzym7mfmky id nolu satıcı hzon720zk2cdr3dyllb8pr4yhpae id nolu alıcıya 0.00251350 fiyatından 1237.50000000 adet 9 id nolu coin karşılığında 161 id nolu coin sattı. Emir kapandı.
TRADE - 2020-12-25 11:41:49 --> (0.66465800 1608885709) trade işleminde  : hzon720zk2cdr3dyllb8pr4yhpae id nolu alıcı 6bavdl8dik135r3iu118fe4zxti5 id nolu satıcıdan 0.00446690 fiyatından 1137.59888046 adet 9 id nolu coin karşılığında 3 id nolu coin satın aldı. Emir kapandı.
TRADE - 2020-12-25 13:45:56 --> (0.86191700 1608893156) trade işleminde  : hzon720zk2cdr3dyllb8pr4yhpae id nolu alıcı 6bavdl8dik135r3iu118fe4zxti5 id nolu satıcıdan 0.00447250 fiyatından 1521.55781004 adet 9 id nolu coin karşılığında 3 id nolu coin satın aldı. Emir kapandı.
TRADE - 2020-12-25 15:31:03 --> (0.03684600 1608899463) trade işleminde  : b92oi6t21a9086m907ussmcquyi4 id nolu alıcı hzon720zk2cdr3dyllb8pr4yhpae id nolu satıcıdan 0.00000110 fiyatından 1237.5 adet 1 id nolu coin karşılığında 161 id nolu coin satın aldı. Satıcının miktarı yetmedi ve eşleşen bir fiyat olmadığı için 609.79671093 adet alış emri açıldı.
TRADE - 2020-12-25 15:38:19 --> (0.37123300 1608899899) trade işleminde  : hzon720zk2cdr3dyllb8pr4yhpae id nolu satıcı 6bavdl8dik135r3iu118fe4zxti5 id nolu alıcıya 24534.32000000 fiyatından 0.00135853 adet 9 id nolu coin karşılığında 1 id nolu coin sattı. Emir kapandı.
TRADE - 2020-12-25 15:40:52 --> (0.12147000 1608900052) trade işleminde  : hzon720zk2cdr3dyllb8pr4yhpae id nolu alıcı 6bavdl8dik135r3iu118fe4zxti5 id nolu satıcıdan 0.00458610 fiyatından 5845.16858871 adet 9 id nolu coin karşılığında 3 id nolu coin satın aldı. Emir kapandı.
TRADE - 2020-12-25 16:09:45 --> (0.34955200 1608901785) trade işleminde  : hzon720zk2cdr3dyllb8pr4yhpae id nolu alıcı 6bavdl8dik135r3iu118fe4zxti5 id nolu satıcıdan 0.00453780 fiyatından 1173.61389434 adet 9 id nolu coin karşılığında 3 id nolu coin satın aldı. Emir kapandı.
TRADE - 2020-12-25 16:26:34 --> (0.97850000 1608902794) trade işleminde  : zlgxvsiggs0c6qkc3pzi9xvusiux id nolu satıcı b92oi6t21a9086m907ussmcquyi4 id nolu alıcıya 0.00000115 fiyatından 609.79671093 adet 1 id nolu coin karşılığında 161 id nolu coin sattı. Alıcının miktarı yetmedi ve eşleşen bir fiyat olmadığı için 390.20328907 adet satış emri açıldı.
TRADE - 2020-12-25 16:46:22 --> (0.31577800 1608903982) trade işleminde  : zlgxvsiggs0c6qkc3pzi9xvusiux id nolu satıcı 6bavdl8dik135r3iu118fe4zxti5 id nolu alıcıya 24465.32000000 fiyatından 0.00034993 adet 9 id nolu coin karşılığında 1 id nolu coin sattı. Emir kapandı.
TRADE - 2020-12-25 19:18:50 --> (0.27442600 1608913130) trade işleminde  : eikndufwraopyfp4z0ddyg5lva4b id nolu alıcı 6bavdl8dik135r3iu118fe4zxti5 id nolu satıcıdan 24174.19000000 fiyatından 0.05101369 adet 9 id nolu coin karşılığında 1 id nolu coin satın aldı. Emir kapandı.
TRADE - 2020-12-25 23:17:17 --> (0.02527100 1608927437) trade işleminde  : e6p0df6f2ouh2ev4bx9q1y37yy8e id nolu satıcı hzon720zk2cdr3dyllb8pr4yhpae id nolu alıcıya 0.00000315 fiyatından 275724.55089821 adet 9 id nolu coin karşılığında 145 id nolu coin sattı. Emir kapandı.
TRADE - 2020-12-25 23:22:45 --> (0.83792600 1608927765) trade işleminde  : 6bavdl8dik135r3iu118fe4zxti5 id nolu satıcı e6p0df6f2ouh2ev4bx9q1y37yy8e id nolu alıcıya 0.32848000 fiyatından 2.63353976 adet 9 id nolu coin karşılığında 7 id nolu coin sattı. Emir kapandı.
