TRADE - 2020-11-18 02:08:21 --> (0.86451500 1605654501) trade işleminde  : fj44e71pzte52i5igwc2u137qyx7 id nolu alıcı pdcwse6x5hbp0rfelt894wkw8dke id nolu satıcıdan 0.00667270 fiyatından 10.22454000 adet 9 id nolu coin karşılığında 152 id nolu coin satın aldı. Emir kapandı.
TRADE - 2020-11-18 02:08:47 --> (0.94142200 1605654527) trade işleminde  : fj44e71pzte52i5igwc2u137qyx7 id nolu alıcı pdcwse6x5hbp0rfelt894wkw8dke id nolu satıcıdan 0.00667270 fiyatından 24.15645400 adet 9 id nolu coin karşılığında 152 id nolu coin satın aldı. Emir kapandı.
TRADE - 2020-11-18 02:12:20 --> (0.37255500 1605654740) trade işleminde  : fj44e71pzte52i5igwc2u137qyx7 id nolu alıcı pdcwse6x5hbp0rfelt894wkw8dke id nolu satıcıdan 0.00667270 fiyatından 21.54540000 adet 9 id nolu coin karşılığında 152 id nolu coin satın aldı. Emir kapandı.
TRADE - 2020-11-18 02:12:58 --> (0.42399700 1605654778) trade işleminde  : fj44e71pzte52i5igwc2u137qyx7 id nolu alıcı fj44e71pzte52i5igwc2u137qyx7 id nolu satıcıdan 0.00665134 fiyatından 134.54584580 adet 9 id nolu coin karşılığında 152 id nolu coin satın aldı. Emir kapandı.
TRADE - 2020-11-18 02:13:21 --> (0.32347200 1605654801) trade işleminde  : fj44e71pzte52i5igwc2u137qyx7 id nolu alıcı fj44e71pzte52i5igwc2u137qyx7 id nolu satıcıdan 0.00665134 fiyatından 25.45545000 adet 9 id nolu coin karşılığında 152 id nolu coin satın aldı. Emir kapandı.
TRADE - 2020-11-18 02:14:01 --> (0.38340100 1605654841) trade işleminde  : fj44e71pzte52i5igwc2u137qyx7 id nolu alıcı fj44e71pzte52i5igwc2u137qyx7 id nolu satıcıdan 0.00665134 fiyatından 35.45500000 adet 9 id nolu coin karşılığında 152 id nolu coin satın aldı. Emir kapandı.
TRADE - 2020-11-18 02:14:19 --> (0.63948300 1605654859) trade işleminde  : fj44e71pzte52i5igwc2u137qyx7 id nolu satıcı fj44e71pzte52i5igwc2u137qyx7 id nolu alıcıya 0.00523457 fiyatından 5.45540000 adet 9 id nolu coin karşılığında 152 id nolu coin sattı. Emir kapandı.
TRADE - 2020-11-18 02:14:29 --> (0.36514200 1605654869) trade işleminde  : fj44e71pzte52i5igwc2u137qyx7 id nolu alıcı fj44e71pzte52i5igwc2u137qyx7 id nolu satıcıdan 0.00665134 fiyatından 96.72769974 adet 9 id nolu coin karşılığında 152 id nolu coin satın aldı. Emir kapandı.
TRADE - 2020-11-18 02:14:42 --> (0.18512200 1605654882) trade işleminde  : fj44e71pzte52i5igwc2u137qyx7 id nolu alıcı fj44e71pzte52i5igwc2u137qyx7 id nolu satıcıdan 0.00665134 fiyatından 24.45840000 adet 9 id nolu coin karşılığında 152 id nolu coin satın aldı. Emir kapandı.
TRADE - 2020-11-18 02:16:02 --> (0.08844600 1605654962) trade işleminde  : fj44e71pzte52i5igwc2u137qyx7 id nolu alıcı fj44e71pzte52i5igwc2u137qyx7 id nolu satıcıdan 0.00665134 fiyatından 240.54554000 adet 9 id nolu coin karşılığında 152 id nolu coin satın aldı. Emir kapandı.
TRADE - 2020-11-18 02:16:21 --> (0.22280400 1605654981) trade işleminde  : fj44e71pzte52i5igwc2u137qyx7 id nolu alıcı fj44e71pzte52i5igwc2u137qyx7 id nolu satıcıdan 0.00665350 fiyatından 96.23801281 adet 9 id nolu coin karşılığında 152 id nolu coin satın aldı. Emir kapandı.
TRADE - 2020-11-18 02:17:00 --> (0.54268600 1605655020) trade işleminde  : fj44e71pzte52i5igwc2u137qyx7 id nolu satıcı fj44e71pzte52i5igwc2u137qyx7 id nolu alıcıya 0.00600524 fiyatından 2.54540000 adet 9 id nolu coin karşılığında 152 id nolu coin sattı. Emir kapandı.
TRADE - 2020-11-18 02:17:12 --> (0.62287200 1605655032) trade işleminde  : fj44e71pzte52i5igwc2u137qyx7 id nolu alıcı fj44e71pzte52i5igwc2u137qyx7 id nolu satıcıdan 0.00665350 fiyatından 90.79362204 adet 9 id nolu coin karşılığında 152 id nolu coin satın aldı. Emir kapandı.
TRADE - 2020-11-18 02:17:39 --> (0.53486000 1605655059) trade işleminde  : fj44e71pzte52i5igwc2u137qyx7 id nolu alıcı fj44e71pzte52i5igwc2u137qyx7 id nolu satıcıdan 0.00665350 fiyatından 75.33796233 adet 9 id nolu coin karşılığında 152 id nolu coin satın aldı. Emir kapandı.
TRADE - 2020-11-18 02:19:35 --> (0.96359500 1605655175) trade işleminde  : fj44e71pzte52i5igwc2u137qyx7 id nolu alıcı fj44e71pzte52i5igwc2u137qyx7 id nolu satıcıdan 0.00665350 fiyatından 25.65460000 adet 9 id nolu coin karşılığında 152 id nolu coin satın aldı. Emir kapandı.
TRADE - 2020-11-18 03:03:08 --> (0.06906200 1605657788) trade işleminde  : fj44e71pzte52i5igwc2u137qyx7 id nolu alıcı fj44e71pzte52i5igwc2u137qyx7 id nolu satıcıdan 0.00665350 fiyatından 366.76889814 adet 9 id nolu coin karşılığında 152 id nolu coin satın aldı. Emir kapandı.
TRADE - 2020-11-18 03:03:27 --> (0.16095300 1605657807) trade işleminde  : fj44e71pzte52i5igwc2u137qyx7 id nolu alıcı fj44e71pzte52i5igwc2u137qyx7 id nolu satıcıdan 0.00665350 fiyatından 66.40286122 adet 9 id nolu coin karşılığında 152 id nolu coin satın aldı. Emir kapandı.
TRADE - 2020-11-18 03:03:35 --> (0.65593000 1605657815) trade işleminde  : fj44e71pzte52i5igwc2u137qyx7 id nolu alıcı fj44e71pzte52i5igwc2u137qyx7 id nolu satıcıdan 0.00665350 fiyatından 261.17364064 adet 9 id nolu coin karşılığında 152 id nolu coin satın aldı. Alıcı almak istediği miktarı aldı. Boş emir açıldı.
TRADE - 2020-11-18 03:03:45 --> (0.57106700 1605657825) trade işleminde  : fj44e71pzte52i5igwc2u137qyx7 id nolu alıcı pdcwse6x5hbp0rfelt894wkw8dke id nolu satıcıdan 0.00667270 fiyatından 65.02259280 adet 9 id nolu coin karşılığında 152 id nolu coin satın aldı. Emir kapandı.
TRADE - 2020-11-18 04:15:11 --> (0.08808700 1605662111) trade işleminde  : fj44e71pzte52i5igwc2u137qyx7 id nolu alıcı 6bavdl8dik135r3iu118fe4zxti5 id nolu satıcıdan 484.83000100 fiyatından 0.00960014 adet 9 id nolu coin karşılığında 6 id nolu coin satın aldı. Emir kapandı.
TRADE - 2020-11-18 04:15:35 --> (0.55999900 1605662135) trade işleminde  : fj44e71pzte52i5igwc2u137qyx7 id nolu alıcı hzon720zk2cdr3dyllb8pr4yhpae id nolu satıcıdan 0.00004490 fiyatından 7.67881937 adet 6 id nolu coin karşılığında 152 id nolu coin satın aldı. Emir kapandı.
TRADE - 2020-11-18 04:34:54 --> (0.89112500 1605663294) trade işleminde  : fj44e71pzte52i5igwc2u137qyx7 id nolu alıcı fj44e71pzte52i5igwc2u137qyx7 id nolu satıcıdan 0.00004450 fiyatından 7.67881937 adet 6 id nolu coin karşılığında 152 id nolu coin satın aldı. Alıcı almak istediği miktarı aldı. Boş emir açıldı.
TRADE - 2020-11-18 04:35:15 --> (0.16807000 1605663315) trade işleminde  : fj44e71pzte52i5igwc2u137qyx7 id nolu alıcı fj44e71pzte52i5igwc2u137qyx7 id nolu satıcıdan 0.00004465 fiyatından 7.67881937 adet 6 id nolu coin karşılığında 152 id nolu coin satın aldı. Alıcı almak istediği miktarı aldı. Boş emir açıldı.
TRADE - 2020-11-18 04:36:01 --> (0.19277900 1605663361) trade işleminde  : fj44e71pzte52i5igwc2u137qyx7 id nolu alıcı pdcwse6x5hbp0rfelt894wkw8dke id nolu satıcıdan 0.00667270 fiyatından 24.38341579 adet 9 id nolu coin karşılığında 152 id nolu coin satın aldı. Emir kapandı.
TRADE - 2020-11-18 04:50:28 --> (0.20517600 1605664228) trade işleminde  : fh1x9rh9o0tuev1we9c5318aq0kb id nolu satıcı gwgvn9fj4jobujl16xk5gy1vey0k id nolu alıcıya 0.00000193 fiyatından 83957.00000000 adet 9 id nolu coin karşılığında 145 id nolu coin sattı. Emir kapandı.
TRADE - 2020-11-18 07:15:45 --> (0.29141900 1605672945) trade işleminde  : hzon720zk2cdr3dyllb8pr4yhpae id nolu satıcı fj44e71pzte52i5igwc2u137qyx7 id nolu alıcıya 0.00002985 fiyatından 8.9953709 adet 6 id nolu coin karşılığında 152 id nolu coin sattı. Emir kapandı.
TRADE - 2020-11-18 07:15:45 --> (0.60182500 1605672945) trade işleminde  : hzon720zk2cdr3dyllb8pr4yhpae id nolu satıcı fj44e71pzte52i5igwc2u137qyx7 id nolu alıcıya 0.00003015 fiyatından 35.17809666 adet 6 id nolu coin karşılığında 152 id nolu coini satmak istedi ama alıcının miktarı(26.18272576) yetmedi ve emir tekrar etti.
TRADE - 2020-11-18 07:15:45 --> (0.89210600 1605672945) trade işleminde  : hzon720zk2cdr3dyllb8pr4yhpae id nolu satıcı fj44e71pzte52i5igwc2u137qyx7 id nolu alıcıya 0.00003285 fiyatından 49.5021882 adet 6 id nolu coin karşılığında 152 id nolu coini satmak istedi ama alıcının miktarı(14.32409154) yetmedi ve emir tekrar etti.
TRADE - 2020-11-18 07:15:46 --> (0.20720200 1605672946) trade işleminde  : hzon720zk2cdr3dyllb8pr4yhpae id nolu satıcı fj44e71pzte52i5igwc2u137qyx7 id nolu alıcıya 0.00003789 fiyatından 57.1927585 adet 6 id nolu coin karşılığında 152 id nolu coini satmak istedi ama alıcının miktarı(7.6905703) yetmedi ve emir tekrar etti.
TRADE - 2020-11-18 07:15:46 --> (0.73815100 1605672946) trade işleminde  : hzon720zk2cdr3dyllb8pr4yhpae id nolu satıcı fj44e71pzte52i5igwc2u137qyx7 id nolu alıcıya 0.00004005 fiyatından 63.2983376 adet 6 id nolu coin karşılığında 152 id nolu coini satmak istedi ama alıcının miktarı(6.1055791) yetmedi ve emir tekrar etti.
TRADE - 2020-11-18 07:15:47 --> (0.50114300 1605672947) trade işleminde  : hzon720zk2cdr3dyllb8pr4yhpae id nolu satıcı fj44e71pzte52i5igwc2u137qyx7 id nolu alıcıya 0.00004300 fiyatından 66.3069715 adet 6 id nolu coin karşılığında 152 id nolu coini satmak istedi ama alıcının miktarı(3.0086339) yetmedi ve emir tekrar etti.
TRADE - 2020-11-18 07:15:48 --> (0.07032600 1605672948) trade işleminde  : hzon720zk2cdr3dyllb8pr4yhpae id nolu satıcı fj44e71pzte52i5igwc2u137qyx7 id nolu alıcıya 0.00004305 fiyatından 70.23639488 adet 6 id nolu coin karşılığında 152 id nolu coini satmak istedi ama alıcının miktarı(3.92942338) yetmedi ve emir tekrar etti.
TRADE - 2020-11-18 07:16:03 --> (0.61794800 1605672963) trade işleminde  : hzon720zk2cdr3dyllb8pr4yhpae id nolu satıcı fj44e71pzte52i5igwc2u137qyx7 id nolu alıcıya 0.00002985 fiyatından 10.24102398 adet 6 id nolu coin karşılığında 152 id nolu coin sattı. Emir kapandı.
TRADE - 2020-11-18 08:02:22 --> (0.47724300 1605675742) trade işleminde  : dh38yc9ylwpzn2d69bzuzvv1c8jx id nolu satıcı 6bavdl8dik135r3iu118fe4zxti5 id nolu alıcıya 492.46999900 fiyatından 0.00189210 adet 9 id nolu coin karşılığında 6 id nolu coin sattı. Emir kapandı.
TRADE - 2020-11-18 12:41:01 --> (0.18918700 1605692461) trade işleminde  : pdcwse6x5hbp0rfelt894wkw8dke id nolu satıcı fj44e71pzte52i5igwc2u137qyx7 id nolu alıcıya 0.00402121 fiyatından 15.2452 adet 9 id nolu coin karşılığında 152 id nolu coin sattı. Alıcının miktarı yetmedi ve eşleşen bir fiyat olmadığı için 4391.43360134 adet satış emri açıldı.
TRADE - 2020-11-18 12:41:01 --> (0.53814700 1605692461) trade işleminde  : pdcwse6x5hbp0rfelt894wkw8dke id nolu satıcı fj44e71pzte52i5igwc2u137qyx7 id nolu alıcıya 0.00452154 fiyatından 4430.83525534 adet 9 id nolu coin karşılığında 152 id nolu coini satmak istedi ama alıcının miktarı(24.156454) yetmedi ve emir tekrar etti.
TRADE - 2020-11-18 12:41:01 --> (0.90334500 1605692461) trade işleminde  : pdcwse6x5hbp0rfelt894wkw8dke id nolu satıcı fj44e71pzte52i5igwc2u137qyx7 id nolu alıcıya 0.00455554 fiyatından 4554.99170934 adet 9 id nolu coin karşılığında 152 id nolu coini satmak istedi ama alıcının miktarı(124.156454) yetmedi ve emir tekrar etti.
TRADE - 2020-11-18 12:41:02 --> (0.34689200 1605692462) trade işleminde  : pdcwse6x5hbp0rfelt894wkw8dke id nolu satıcı fj44e71pzte52i5igwc2u137qyx7 id nolu alıcıya 0.00467582 fiyatından 4579.14816334 adet 9 id nolu coin karşılığında 152 id nolu coini satmak istedi ama alıcının miktarı(24.156454) yetmedi ve emir tekrar etti.
TRADE - 2020-11-18 12:41:02 --> (0.76846500 1605692462) trade işleminde  : pdcwse6x5hbp0rfelt894wkw8dke id nolu satıcı fj44e71pzte52i5igwc2u137qyx7 id nolu alıcıya 0.00468219 fiyatından 4771.88232707 adet 9 id nolu coin karşılığında 152 id nolu coini satmak istedi ama alıcının miktarı(192.73416373) yetmedi ve emir tekrar etti.
TRADE - 2020-11-18 12:41:03 --> (0.19286900 1605692463) trade işleminde  : pdcwse6x5hbp0rfelt894wkw8dke id nolu satıcı fj44e71pzte52i5igwc2u137qyx7 id nolu alıcıya 0.00489219 fiyatından 4787.12752707 adet 9 id nolu coin karşılığında 152 id nolu coini satmak istedi ama alıcının miktarı(15.2452) yetmedi ve emir tekrar etti.
TRADE - 2020-11-18 12:41:03 --> (0.70323400 1605692463) trade işleminde  : pdcwse6x5hbp0rfelt894wkw8dke id nolu satıcı fj44e71pzte52i5igwc2u137qyx7 id nolu alıcıya 0.00509219 fiyatından 4808.67292707 adet 9 id nolu coin karşılığında 152 id nolu coini satmak istedi ama alıcının miktarı(21.5454) yetmedi ve emir tekrar etti.
TRADE - 2020-11-18 12:41:04 --> (0.29533300 1605692464) trade işleminde  : pdcwse6x5hbp0rfelt894wkw8dke id nolu satıcı fj44e71pzte52i5igwc2u137qyx7 id nolu alıcıya 0.00523457 fiyatından 4828.67297707 adet 9 id nolu coin karşılığında 152 id nolu coini satmak istedi ama alıcının miktarı(20.00005) yetmedi ve emir tekrar etti.
TRADE - 2020-11-18 12:41:04 --> (0.90694700 1605692464) trade işleminde  : pdcwse6x5hbp0rfelt894wkw8dke id nolu satıcı fj44e71pzte52i5igwc2u137qyx7 id nolu alıcıya 0.00600524 fiyatından 4852.36558988 adet 9 id nolu coin karşılığında 152 id nolu coini satmak istedi ama alıcının miktarı(23.69261281) yetmedi ve emir tekrar etti.
TRADE - 2020-11-18 13:26:02 --> (0.12719800 1605695162) trade işleminde  : fj44e71pzte52i5igwc2u137qyx7 id nolu alıcı pdcwse6x5hbp0rfelt894wkw8dke id nolu satıcıdan 0.00667270 fiyatından 24.87584500 adet 9 id nolu coin karşılığında 152 id nolu coin satın aldı. Emir kapandı.
TRADE - 2020-11-18 13:26:30 --> (0.63500500 1605695190) trade işleminde  : fj44e71pzte52i5igwc2u137qyx7 id nolu alıcı fj44e71pzte52i5igwc2u137qyx7 id nolu satıcıdan 0.00667220 fiyatından 39.95852559 adet 9 id nolu coin karşılığında 152 id nolu coin satın aldı. Emir kapandı.
TRADE - 2020-11-18 13:26:42 --> (0.03270500 1605695202) trade işleminde  : fj44e71pzte52i5igwc2u137qyx7 id nolu alıcı fj44e71pzte52i5igwc2u137qyx7 id nolu satıcıdan 0.00667220 fiyatından 24.58756000 adet 9 id nolu coin karşılığında 152 id nolu coin satın aldı. Emir kapandı.
TRADE - 2020-11-18 13:27:27 --> (0.39407900 1605695247) trade işleminde  : hzon720zk2cdr3dyllb8pr4yhpae id nolu satıcı fj44e71pzte52i5igwc2u137qyx7 id nolu alıcıya 0.00509219 fiyatından 94.87299411 adet 9 id nolu coin karşılığında 152 id nolu coin sattı. Alıcının miktarı yetmedi ve eşleşen bir fiyat olmadığı için 49.44939544 adet satış emri açıldı.
TRADE - 2020-11-18 13:27:27 --> (0.83344500 1605695247) trade işleminde  : hzon720zk2cdr3dyllb8pr4yhpae id nolu satıcı fj44e71pzte52i5igwc2u137qyx7 id nolu alıcıya 0.00549219 fiyatından 169.19823455 adet 9 id nolu coin karşılığında 152 id nolu coini satmak istedi ama alıcının miktarı(24.875845) yetmedi ve emir tekrar etti.
TRADE - 2020-11-18 13:27:28 --> (0.29942500 1605695248) trade işleminde  : hzon720zk2cdr3dyllb8pr4yhpae id nolu satıcı fj44e71pzte52i5igwc2u137qyx7 id nolu alıcıya 0.00600524 fiyatından 256.19033065 adet 9 id nolu coin karşılığında 152 id nolu coini satmak istedi ama alıcının miktarı(86.9920961) yetmedi ve emir tekrar etti.
TRADE - 2020-11-18 13:27:28 --> (0.66341000 1605695248) trade işleminde  : hzon720zk2cdr3dyllb8pr4yhpae id nolu satıcı fj44e71pzte52i5igwc2u137qyx7 id nolu alıcıya 0.00620524 fiyatından 281.64278265 adet 9 id nolu coin karşılığında 152 id nolu coini satmak istedi ama alıcının miktarı(25.452452) yetmedi ve emir tekrar etti.
TRADE - 2020-11-18 13:27:29 --> (0.30958600 1605695249) trade işleminde  : hzon720zk2cdr3dyllb8pr4yhpae id nolu satıcı fj44e71pzte52i5igwc2u137qyx7 id nolu alıcıya 0.00625524 fiyatından 296.19032265 adet 9 id nolu coin karşılığında 152 id nolu coini satmak istedi ama alıcının miktarı(14.54754) yetmedi ve emir tekrar etti.
TRADE - 2020-11-18 13:27:33 --> (0.66887500 1605695253) trade işleminde  : fj44e71pzte52i5igwc2u137qyx7 id nolu alıcı hzon720zk2cdr3dyllb8pr4yhpae id nolu satıcıdan 0.00509219 fiyatından 35.47845000 adet 9 id nolu coin karşılığında 152 id nolu coin satın aldı. Emir kapandı.
TRADE - 2020-11-18 13:27:40 --> (0.67332200 1605695260) trade işleminde  : fj44e71pzte52i5igwc2u137qyx7 id nolu alıcı fj44e71pzte52i5igwc2u137qyx7 id nolu satıcıdan 0.00667220 fiyatından 35.47845000 adet 9 id nolu coin karşılığında 152 id nolu coin satın aldı. Emir kapandı.
TRADE - 2020-11-18 13:27:51 --> (0.10536200 1605695271) trade işleminde  : fj44e71pzte52i5igwc2u137qyx7 id nolu alıcı fj44e71pzte52i5igwc2u137qyx7 id nolu satıcıdan 0.00667220 fiyatından 39.14920819 adet 9 id nolu coin karşılığında 152 id nolu coin satın aldı. Emir kapandı.
TRADE - 2020-11-18 13:27:57 --> (0.38968900 1605695277) trade işleminde  : fj44e71pzte52i5igwc2u137qyx7 id nolu alıcı fj44e71pzte52i5igwc2u137qyx7 id nolu satıcıdan 0.00667220 fiyatından 160 adet 9 id nolu coin karşılığında 152 id nolu coin satın aldı. Alıcı almak istediği miktarı aldı. Boş emir açıldı.
TRADE - 2020-11-18 13:28:07 --> (0.29186100 1605695287) trade işleminde  : fj44e71pzte52i5igwc2u137qyx7 id nolu alıcı pdcwse6x5hbp0rfelt894wkw8dke id nolu satıcıdan 0.00667270 fiyatından 16.55775634 adet 9 id nolu coin karşılığında 152 id nolu coin satın aldı. Emir kapandı.
TRADE - 2020-11-18 13:28:24 --> (0.63345000 1605695304) trade işleminde  : fj44e71pzte52i5igwc2u137qyx7 id nolu alıcı hzon720zk2cdr3dyllb8pr4yhpae id nolu satıcıdan 0.00667200 fiyatından 10.16126808 adet 9 id nolu coin karşılığında 152 id nolu coin satın aldı. Emir kapandı.
TRADE - 2020-11-18 13:28:35 --> (0.98782200 1605695315) trade işleminde  : fj44e71pzte52i5igwc2u137qyx7 id nolu alıcı hzon720zk2cdr3dyllb8pr4yhpae id nolu satıcıdan 0.00667200 fiyatından 8.80352791 adet 9 id nolu coin karşılığında 152 id nolu coin satın aldı. Emir kapandı.
TRADE - 2020-11-18 13:31:56 --> (0.23729600 1605695516) trade işleminde  : hzon720zk2cdr3dyllb8pr4yhpae id nolu satıcı fj44e71pzte52i5igwc2u137qyx7 id nolu alıcıya 0.00002985 fiyatından 1 adet 6 id nolu coin karşılığında 152 id nolu coin sattı. Alıcının miktarı yetmedi ve eşleşen bir fiyat olmadığı için 1776.14193585 adet satış emri açıldı.
TRADE - 2020-11-18 13:37:04 --> (0.70470200 1605695824) trade işleminde  : hzon720zk2cdr3dyllb8pr4yhpae id nolu satıcı fj44e71pzte52i5igwc2u137qyx7 id nolu alıcıya 0.00625200 fiyatından 14.47584 adet 9 id nolu coin karşılığında 152 id nolu coin sattı. Emir kapandı.
TRADE - 2020-11-18 14:10:42 --> (0.80385600 1605697842) trade işleminde  : fj44e71pzte52i5igwc2u137qyx7 id nolu alıcı hzon720zk2cdr3dyllb8pr4yhpae id nolu satıcıdan 0.00004480 fiyatından 5.48684600 adet 6 id nolu coin karşılığında 152 id nolu coin satın aldı. Emir kapandı.
TRADE - 2020-11-18 14:14:33 --> (0.19907100 1605698073) trade işleminde  : hzon720zk2cdr3dyllb8pr4yhpae id nolu satıcı fj44e71pzte52i5igwc2u137qyx7 id nolu alıcıya 0.00003421 fiyatından 10.068054 adet 6 id nolu coin karşılığında 152 id nolu coin sattı. Emir kapandı.
TRADE - 2020-11-18 14:14:33 --> (0.54775400 1605698073) trade işleminde  : hzon720zk2cdr3dyllb8pr4yhpae id nolu satıcı fj44e71pzte52i5igwc2u137qyx7 id nolu alıcıya 0.00003528 fiyatından 25.5549 adet 6 id nolu coin karşılığında 152 id nolu coini satmak istedi ama alıcının miktarı(15.486846) yetmedi ve emir tekrar etti.
TRADE - 2020-11-18 14:14:33 --> (0.96937800 1605698073) trade işleminde  : hzon720zk2cdr3dyllb8pr4yhpae id nolu satıcı fj44e71pzte52i5igwc2u137qyx7 id nolu alıcıya 0.00004105 fiyatından 36.1005 adet 6 id nolu coin karşılığında 152 id nolu coini satmak istedi ama alıcının miktarı(10.5456) yetmedi ve emir tekrar etti.
TRADE - 2020-11-18 14:14:34 --> (0.36123100 1605698074) trade işleminde  : hzon720zk2cdr3dyllb8pr4yhpae id nolu satıcı fj44e71pzte52i5igwc2u137qyx7 id nolu alıcıya 0.00004305 fiyatından 48.45450000 adet 6 id nolu coin karşılığında 152 id nolu coini satmak istedi ama alıcının miktarı(12.354) yetmedi ve emir tekrar etti.
TRADE - 2020-11-18 14:14:40 --> (0.83917800 1605698080) trade işleminde  : hzon720zk2cdr3dyllb8pr4yhpae id nolu satıcı fj44e71pzte52i5igwc2u137qyx7 id nolu alıcıya 0.00003421 fiyatından 8.386446 adet 6 id nolu coin karşılığında 152 id nolu coin sattı. Emir kapandı.
TRADE - 2020-11-18 15:33:00 --> (0.31266800 1605702780) trade işleminde  : u37e2twt6kflpt4985yb0efus0fs id nolu satıcı gwgvn9fj4jobujl16xk5gy1vey0k id nolu alıcıya 0.00000193 fiyatından 61936.00000000 adet 9 id nolu coin karşılığında 145 id nolu coin sattı. Emir kapandı.
TRADE - 2020-11-18 15:39:47 --> (0.96593100 1605703187) trade işleminde  : fj44e71pzte52i5igwc2u137qyx7 id nolu alıcı hzon720zk2cdr3dyllb8pr4yhpae id nolu satıcıdan 0.00004480 fiyatından 2.53477594 adet 6 id nolu coin karşılığında 152 id nolu coin satın aldı. Emir kapandı.
TRADE - 2020-11-18 15:39:56 --> (0.64456400 1605703196) trade işleminde  : fj44e71pzte52i5igwc2u137qyx7 id nolu alıcı hzon720zk2cdr3dyllb8pr4yhpae id nolu satıcıdan 0.00004480 fiyatından 5.56465400 adet 6 id nolu coin karşılığında 152 id nolu coin satın aldı. Emir kapandı.
TRADE - 2020-11-18 15:42:08 --> (0.35627800 1605703328) trade işleminde  : fj44e71pzte52i5igwc2u137qyx7 id nolu alıcı pdcwse6x5hbp0rfelt894wkw8dke id nolu satıcıdan 0.00667270 fiyatından 25.45450000 adet 9 id nolu coin karşılığında 152 id nolu coin satın aldı. Emir kapandı.
TRADE - 2020-11-18 15:42:18 --> (0.53240200 1605703338) trade işleminde  : fj44e71pzte52i5igwc2u137qyx7 id nolu alıcı pdcwse6x5hbp0rfelt894wkw8dke id nolu satıcıdan 0.00667270 fiyatından 17.47545600 adet 9 id nolu coin karşılığında 152 id nolu coin satın aldı. Emir kapandı.
TRADE - 2020-11-18 15:53:35 --> (0.93254000 1605704015) trade işleminde  : hzon720zk2cdr3dyllb8pr4yhpae id nolu satıcı fj44e71pzte52i5igwc2u137qyx7 id nolu alıcıya 0.00003735 fiyatından 8.4545 adet 6 id nolu coin karşılığında 152 id nolu coin sattı. Emir kapandı.
TRADE - 2020-11-18 15:53:38 --> (0.67480200 1605704018) trade işleminde  : hzon720zk2cdr3dyllb8pr4yhpae id nolu satıcı fj44e71pzte52i5igwc2u137qyx7 id nolu alıcıya 0.00003421 fiyatından 18.4545 adet 6 id nolu coin karşılığında 152 id nolu coin sattı. Emir kapandı.
TRADE - 2020-11-18 16:01:18 --> (0.19837000 1605704478) trade işleminde  : r6bn45ox4is1ge1c83kds8p08v71 id nolu satıcı 6bavdl8dik135r3iu118fe4zxti5 id nolu alıcıya 0.29186000 fiyatından 40.32258100 adet 9 id nolu coin karşılığında 7 id nolu coin sattı. Emir kapandı.
TRADE - 2020-11-18 16:04:54 --> (0.76149200 1605704694) trade işleminde  : r6bn45ox4is1ge1c83kds8p08v71 id nolu alıcı 6bavdl8dik135r3iu118fe4zxti5 id nolu satıcıdan 477.54000100 fiyatından 0.02454573 adet 9 id nolu coin karşılığında 6 id nolu coin satın aldı. Emir kapandı.
TRADE - 2020-11-18 16:47:13 --> (0.85336000 1605707233) trade işleminde  : pdcwse6x5hbp0rfelt894wkw8dke id nolu satıcı fj44e71pzte52i5igwc2u137qyx7 id nolu alıcıya 0.00475219 fiyatından 15.47475 adet 9 id nolu coin karşılığında 152 id nolu coin sattı. Alıcının miktarı yetmedi ve eşleşen bir fiyat olmadığı için 4254.462322 adet satış emri açıldı.
TRADE - 2020-11-18 16:47:14 --> (0.37122800 1605707234) trade işleminde  : pdcwse6x5hbp0rfelt894wkw8dke id nolu satıcı fj44e71pzte52i5igwc2u137qyx7 id nolu alıcıya 0.00505219 fiyatından 4294.524632 adet 9 id nolu coin karşılığında 152 id nolu coini satmak istedi ama alıcının miktarı(24.58756) yetmedi ve emir tekrar etti.
TRADE - 2020-11-18 16:47:14 --> (0.82961900 1605707234) trade işleminde  : pdcwse6x5hbp0rfelt894wkw8dke id nolu satıcı fj44e71pzte52i5igwc2u137qyx7 id nolu alıcıya 0.00535823 fiyatından 4307.07004400 adet 9 id nolu coin karşılığında 152 id nolu coini satmak istedi ama alıcının miktarı(12.545412) yetmedi ve emir tekrar etti.
TRADE - 2020-11-18 17:09:11 --> (0.35770900 1605708551) trade işleminde  : fj44e71pzte52i5igwc2u137qyx7 id nolu alıcı pdcwse6x5hbp0rfelt894wkw8dke id nolu satıcıdan 0.00667270 fiyatından 12.54500000 adet 9 id nolu coin karşılığında 152 id nolu coin satın aldı. Emir kapandı.
TRADE - 2020-11-18 17:09:33 --> (0.13294300 1605708573) trade işleminde  : fj44e71pzte52i5igwc2u137qyx7 id nolu alıcı pdcwse6x5hbp0rfelt894wkw8dke id nolu satıcıdan 0.00667270 fiyatından 16.35435000 adet 9 id nolu coin karşılığında 152 id nolu coin satın aldı. Emir kapandı.
TRADE - 2020-11-18 17:24:33 --> (0.05458800 1605709473) trade işleminde  : fj44e71pzte52i5igwc2u137qyx7 id nolu alıcı hzon720zk2cdr3dyllb8pr4yhpae id nolu satıcıdan 0.00004480 fiyatından 3.25872500 adet 6 id nolu coin karşılığında 152 id nolu coin satın aldı. Emir kapandı.
TRADE - 2020-11-18 17:24:45 --> (0.61745500 1605709485) trade işleminde  : fj44e71pzte52i5igwc2u137qyx7 id nolu alıcı hzon720zk2cdr3dyllb8pr4yhpae id nolu satıcıdan 0.00004480 fiyatından 13.25872500 adet 6 id nolu coin karşılığında 152 id nolu coin satın aldı. Emir kapandı.
TRADE - 2020-11-18 17:50:52 --> (0.23551100 1605711052) trade işleminde  : fj44e71pzte52i5igwc2u137qyx7 id nolu alıcı pdcwse6x5hbp0rfelt894wkw8dke id nolu satıcıdan 0.00667270 fiyatından 12.70391314 adet 9 id nolu coin karşılığında 152 id nolu coin satın aldı. Emir kapandı.
TRADE - 2020-11-18 18:09:53 --> (0.44565800 1605712193) trade işleminde  : r6bn45ox4is1ge1c83kds8p08v71 id nolu alıcı r6bn45ox4is1ge1c83kds8p08v71 id nolu satıcıdan 0.00004381 fiyatından 15.73105898 adet 6 id nolu coin karşılığında 152 id nolu coin satın aldı. Emir kapandı.
TRADE - 2020-11-18 18:09:53 --> (0.96371300 1605712193) trade işleminde  : r6bn45ox4is1ge1c83kds8p08v71 id nolu alıcı r6bn45ox4is1ge1c83kds8p08v71 id nolu satıcıdan 0.00004380 fiyatından 40.73105898 adet 6 id nolu coin karşılığında 152 id nolu coin almak istedi ama satıcının miktarı(25) yetmedi ve emir tekrar etti.
TRADE - 2020-11-18 18:18:39 --> (0.31461200 1605712719) trade işleminde  : r6bn45ox4is1ge1c83kds8p08v71 id nolu satıcı no2dnuhutckbktnejjdkkitdgw2n id nolu alıcıya 0.00004375 fiyatından 5 adet 6 id nolu coin karşılığında 152 id nolu coin sattı. Alıcının miktarı yetmedi ve eşleşen bir fiyat olmadığı için 15.43276474 adet satış emri açıldı.
TRADE - 2020-11-18 18:18:39 --> (0.95368400 1605712719) trade işleminde  : no2dnuhutckbktnejjdkkitdgw2n id nolu alıcı r6bn45ox4is1ge1c83kds8p08v71 id nolu satıcıdan 0.00004381 fiyatından 9.26894102 adet 6 id nolu coin karşılığında 152 id nolu coin satın aldı. Alıcı almak istediği miktarı aldı. Boş emir açıldı.
TRADE - 2020-11-18 18:21:08 --> (0.86386800 1605712868) trade işleminde  : no2dnuhutckbktnejjdkkitdgw2n id nolu alıcı r6bn45ox4is1ge1c83kds8p08v71 id nolu satıcıdan 0.00004284 fiyatından 15.43276474 adet 6 id nolu coin karşılığında 152 id nolu coin satın aldı. Alıcı almak istediği miktarı aldı. Boş emir açıldı.
TRADE - 2020-11-18 18:25:40 --> (0.63335700 1605713140) trade işleminde  : no2dnuhutckbktnejjdkkitdgw2n id nolu satıcı fj44e71pzte52i5igwc2u137qyx7 id nolu alıcıya 0.00003421 fiyatından 5.4544999999998 adet 6 id nolu coin karşılığında 152 id nolu coin sattı. Alıcının miktarı yetmedi ve eşleşen bir fiyat olmadığı için 2749.24262576 adet satış emri açıldı.
TRADE - 2020-11-18 19:07:45 --> (0.68757900 1605715665) trade işleminde  : r6bn45ox4is1ge1c83kds8p08v71 id nolu satıcı fj44e71pzte52i5igwc2u137qyx7 id nolu alıcıya 0.00003212 fiyatından 1.606775 adet 6 id nolu coin karşılığında 152 id nolu coin sattı. Emir kapandı.
TRADE - 2020-11-18 19:07:46 --> (0.09694700 1605715666) trade işleminde  : r6bn45ox4is1ge1c83kds8p08v71 id nolu satıcı fj44e71pzte52i5igwc2u137qyx7 id nolu alıcıya 0.00003212 fiyatından 4.86550000 adet 6 id nolu coin karşılığında 152 id nolu coini satmak istedi ama alıcının miktarı(3.258725) yetmedi ve emir tekrar etti.
TRADE - 2020-11-18 19:29:53 --> (0.54012700 1605716993) trade işleminde  : hzon720zk2cdr3dyllb8pr4yhpae id nolu satıcı r6bn45ox4is1ge1c83kds8p08v71 id nolu alıcıya 0.00003212 fiyatından 10.99760589 adet 6 id nolu coin karşılığında 152 id nolu coin sattı. Emir kapandı.
TRADE - 2020-11-18 19:29:54 --> (0.36852400 1605716994) trade işleminde  : hzon720zk2cdr3dyllb8pr4yhpae id nolu satıcı fj44e71pzte52i5igwc2u137qyx7 id nolu alıcıya 0.00003212 fiyatından 17.12971178 adet 6 id nolu coin karşılığında 152 id nolu coini satmak istedi ama alıcının miktarı(6.13210589) yetmedi ve emir tekrar etti.
TRADE - 2020-11-18 19:30:02 --> (0.88643300 1605717002) trade işleminde  : hzon720zk2cdr3dyllb8pr4yhpae id nolu satıcı fj44e71pzte52i5igwc2u137qyx7 id nolu alıcıya 0.00002895 fiyatından 5.516 adet 6 id nolu coin karşılığında 152 id nolu coin sattı. Emir kapandı.
TRADE - 2020-11-18 19:30:08 --> (0.38975000 1605717008) trade işleminde  : hzon720zk2cdr3dyllb8pr4yhpae id nolu satıcı fj44e71pzte52i5igwc2u137qyx7 id nolu alıcıya 0.00002672 fiyatından 8.51641 adet 6 id nolu coin karşılığında 152 id nolu coin sattı. Emir kapandı.
TRADE - 2020-11-18 19:44:48 --> (0.70421100 1605717888) trade işleminde  : pdcwse6x5hbp0rfelt894wkw8dke id nolu satıcı fj44e71pzte52i5igwc2u137qyx7 id nolu alıcıya 0.00232210 fiyatından 18.45345 adet 9 id nolu coin karşılığında 152 id nolu coin sattı. Alıcının miktarı yetmedi ve eşleşen bir fiyat olmadığı için 3818.50286106 adet satış emri açıldı.
TRADE - 2020-11-18 19:44:49 --> (0.21096300 1605717889) trade işleminde  : pdcwse6x5hbp0rfelt894wkw8dke id nolu satıcı fj44e71pzte52i5igwc2u137qyx7 id nolu alıcıya 0.00242530 fiyatından 3858.50385606 adet 9 id nolu coin karşılığında 152 id nolu coini satmak istedi ama alıcının miktarı(21.547545) yetmedi ve emir tekrar etti.
TRADE - 2020-11-18 19:44:49 --> (0.81721600 1605717889) trade işleminde  : pdcwse6x5hbp0rfelt894wkw8dke id nolu satıcı fj44e71pzte52i5igwc2u137qyx7 id nolu alıcıya 0.00308000 fiyatından 3875.97931206 adet 9 id nolu coin karşılığında 152 id nolu coini satmak istedi ama alıcının miktarı(17.475456) yetmedi ve emir tekrar etti.
TRADE - 2020-11-18 19:44:50 --> (0.33529600 1605717890) trade işleminde  : pdcwse6x5hbp0rfelt894wkw8dke id nolu satıcı fj44e71pzte52i5igwc2u137qyx7 id nolu alıcıya 0.00311208 fiyatından 3897.52685706 adet 9 id nolu coin karşılığında 152 id nolu coini satmak istedi ama alıcının miktarı(21.547545) yetmedi ve emir tekrar etti.
TRADE - 2020-11-18 19:44:50 --> (0.98582500 1605717890) trade işleminde  : pdcwse6x5hbp0rfelt894wkw8dke id nolu satıcı fj44e71pzte52i5igwc2u137qyx7 id nolu alıcıya 0.00321252 fiyatından 4108.6244392 adet 9 id nolu coin karşılığında 152 id nolu coini satmak istedi ama alıcının miktarı(211.09758214) yetmedi ve emir tekrar etti.
TRADE - 2020-11-18 19:44:51 --> (0.56705400 1605717891) trade işleminde  : pdcwse6x5hbp0rfelt894wkw8dke id nolu satıcı fj44e71pzte52i5igwc2u137qyx7 id nolu alıcıya 0.00475219 fiyatından 4179.97630114 adet 9 id nolu coin karşılığında 152 id nolu coini satmak istedi ama alıcının miktarı(71.35186194) yetmedi ve emir tekrar etti.
TRADE - 2020-11-18 19:44:51 --> (0.90444700 1605717891) trade işleminde  : pdcwse6x5hbp0rfelt894wkw8dke id nolu satıcı fj44e71pzte52i5igwc2u137qyx7 id nolu alıcıya 0.00475219 fiyatından 4192.52130114 adet 9 id nolu coin karşılığında 152 id nolu coini satmak istedi ama alıcının miktarı(12.545) yetmedi ve emir tekrar etti.
TRADE - 2020-11-18 19:44:52 --> (0.21542300 1605717892) trade işleminde  : pdcwse6x5hbp0rfelt894wkw8dke id nolu satıcı fj44e71pzte52i5igwc2u137qyx7 id nolu alıcıya 0.00625212 fiyatından 4212.85905886 adet 9 id nolu coin karşılığında 152 id nolu coini satmak istedi ama alıcının miktarı(20.33775772) yetmedi ve emir tekrar etti.
TRADE - 2020-11-18 19:46:43 --> (0.84620600 1605718003) trade işleminde  : hzon720zk2cdr3dyllb8pr4yhpae id nolu satıcı fj44e71pzte52i5igwc2u137qyx7 id nolu alıcıya 0.00001189 fiyatından 20.90604325 adet 6 id nolu coin karşılığında 152 id nolu coin sattı. Emir kapandı.
TRADE - 2020-11-18 19:46:51 --> (0.77448400 1605718011) trade işleminde  : hzon720zk2cdr3dyllb8pr4yhpae id nolu satıcı no2dnuhutckbktnejjdkkitdgw2n id nolu alıcıya 0.00001000 fiyatından 1839.008896 adet 6 id nolu coin karşılığında 152 id nolu coin sattı. Emir kapandı.
TRADE - 2020-11-18 19:47:23 --> (0.04090800 1605718043) trade işleminde  : hzon720zk2cdr3dyllb8pr4yhpae id nolu satıcı 6bavdl8dik135r3iu118fe4zxti5 id nolu alıcıya 472.86999900 fiyatından 0.01860139 adet 9 id nolu coin karşılığında 6 id nolu coin sattı. Emir kapandı.
TRADE - 2020-11-18 19:52:16 --> (0.17042300 1605718336) trade işleminde  : r6bn45ox4is1ge1c83kds8p08v71 id nolu alıcı hzon720zk2cdr3dyllb8pr4yhpae id nolu satıcıdan 0.00004300 fiyatından 10.27375212 adet 6 id nolu coin karşılığında 152 id nolu coin satın aldı. Emir kapandı.
TRADE - 2020-11-18 19:55:45 --> (0.35548800 1605718545) trade işleminde  : no2dnuhutckbktnejjdkkitdgw2n id nolu alıcı hzon720zk2cdr3dyllb8pr4yhpae id nolu satıcıdan 0.00004300 fiyatından 20.06791069 adet 6 id nolu coin karşılığında 152 id nolu coin satın aldı. Emir kapandı.
TRADE - 2020-11-18 19:56:17 --> (0.31894300 1605718577) trade işleminde  : no2dnuhutckbktnejjdkkitdgw2n id nolu alıcı hzon720zk2cdr3dyllb8pr4yhpae id nolu satıcıdan 0.00004300 fiyatından 17.06791069 adet 6 id nolu coin karşılığında 152 id nolu coin satın aldı. Emir kapandı.
TRADE - 2020-11-18 19:57:38 --> (0.37457100 1605718658) trade işleminde  : no2dnuhutckbktnejjdkkitdgw2n id nolu alıcı no2dnuhutckbktnejjdkkitdgw2n id nolu satıcıdan 0.00004300 fiyatından 2.69712576 adet 6 id nolu coin karşılığında 152 id nolu coin satın aldı. Alıcı almak istediği miktarı aldı. Boş emir açıldı.
TRADE - 2020-11-18 19:57:38 --> (0.97862900 1605718658) trade işleminde  : no2dnuhutckbktnejjdkkitdgw2n id nolu alıcı hzon720zk2cdr3dyllb8pr4yhpae id nolu satıcıdan 0.00004300 fiyatından 3.21938723 adet 6 id nolu coin karşılığında 152 id nolu coin almak istedi ama satıcının miktarı(0.52226147) yetmedi ve emir tekrar etti.
TRADE - 2020-11-18 19:58:56 --> (0.17435200 1605718736) trade işleminde  : no2dnuhutckbktnejjdkkitdgw2n id nolu alıcı r6bn45ox4is1ge1c83kds8p08v71 id nolu satıcıdan 0.00004384 fiyatından 25 adet 6 id nolu coin karşılığında 152 id nolu coin satın aldı. Alıcı almak istediği miktarı aldı. Boş emir açıldı.
TRADE - 2020-11-18 20:00:24 --> (0.26406800 1605718824) trade işleminde  : r6bn45ox4is1ge1c83kds8p08v71 id nolu alıcı no2dnuhutckbktnejjdkkitdgw2n id nolu satıcıdan 0.00004479 fiyatından 25.29527594 adet 6 id nolu coin karşılığında 152 id nolu coin satın aldı. Emir kapandı.
TRADE - 2020-11-18 20:03:29 --> (0.92147000 1605719009) trade işleminde  : r6bn45ox4is1ge1c83kds8p08v71 id nolu alıcı no2dnuhutckbktnejjdkkitdgw2n id nolu satıcıdan 0.00004479 fiyatından 25.29527594 adet 6 id nolu coin karşılığında 152 id nolu coin satın aldı. Emir kapandı.
TRADE - 2020-11-18 20:05:28 --> (0.82292900 1605719128) trade işleminde  : hzon720zk2cdr3dyllb8pr4yhpae id nolu satıcı 6bavdl8dik135r3iu118fe4zxti5 id nolu alıcıya 472.22999900 fiyatından 0.00161605 adet 9 id nolu coin karşılığında 6 id nolu coin sattı. Emir kapandı.
TRADE - 2020-11-18 21:02:44 --> (0.26161000 1605722564) trade işleminde  : r6bn45ox4is1ge1c83kds8p08v71 id nolu alıcı r6bn45ox4is1ge1c83kds8p08v71 id nolu satıcıdan 0.00004449 fiyatından 8.74461169 adet 6 id nolu coin karşılığında 152 id nolu coin satın aldı. Emir kapandı.
TRADE - 2020-11-18 21:46:27 --> (0.23457600 1605725187) trade işleminde  : fj44e71pzte52i5igwc2u137qyx7 id nolu alıcı pdcwse6x5hbp0rfelt894wkw8dke id nolu satıcıdan 0.00667270 fiyatından 4.76396743 adet 9 id nolu coin karşılığında 152 id nolu coin satın aldı. Emir kapandı.
TRADE - 2020-11-18 22:22:17 --> (0.44558800 1605727337) trade işleminde  : 6bbq54ba8sr8tcye3snud33lkn9a id nolu satıcı 6bavdl8dik135r3iu118fe4zxti5 id nolu alıcıya 0.00289510 fiyatından 55.73980286 adet 9 id nolu coin karşılığında 3 id nolu coin sattı. Emir kapandı.
TRADE - 2020-11-18 23:37:10 --> (0.33562100 1605731830) trade işleminde  : ex2rzqnjdb69s6zl292mp51eipae id nolu alıcı 5oug6wjw21ln5fg4ku0udtdau833 id nolu satıcıdan 0.00000001 fiyatından 2952702.2177791 adet 6 id nolu coin karşılığında 121 id nolu coin satın aldı. Emir kapandı.
TRADE - 2020-11-18 23:37:10 --> (0.61610500 1605731830) trade işleminde  : ex2rzqnjdb69s6zl292mp51eipae id nolu alıcı 5oug6wjw21ln5fg4ku0udtdau833 id nolu satıcıdan 0.00000001 fiyatından 3572770.45908184 adet 6 id nolu coin karşılığında 121 id nolu coin almak istedi ama satıcının miktarı(620068.24130277) yetmedi ve emir tekrar etti.
TRADE - 2020-11-18 23:40:37 --> (0.52767800 1605732037) trade işleminde  : fj44e71pzte52i5igwc2u137qyx7 id nolu alıcı pdcwse6x5hbp0rfelt894wkw8dke id nolu satıcıdan 0.00667270 fiyatından 2.47500000 adet 9 id nolu coin karşılığında 152 id nolu coin satın aldı. Emir kapandı.
TRADE - 2020-11-18 23:59:42 --> (0.70850900 1605733182) trade işleminde  : oj3s99srjax3l5idvmczytb3jgll id nolu satıcı 6bavdl8dik135r3iu118fe4zxti5 id nolu alıcıya 0.28876000 fiyatından 37.91180000 adet 9 id nolu coin karşılığında 7 id nolu coin sattı. Emir kapandı.
