TRADE - 2021-01-07 02:28:29 --> (0.11987000 1609975709) trade işleminde  : dsrh626xxrv1xglvn4kmp8soyf6x id nolu satıcı 6bavdl8dik135r3iu118fe4zxti5 id nolu alıcıya 0.01042000 fiyatından 0.54500000 adet 9 id nolu coin karşılığında 3 id nolu coin sattı. Emir kapandı.
TRADE - 2021-01-07 02:38:33 --> (0.21448500 1609976313) trade işleminde  : 6bavdl8dik135r3iu118fe4zxti5 id nolu alıcı dsrh626xxrv1xglvn4kmp8soyf6x id nolu satıcıdan 0.01251250 fiyatından 0.0251 adet 9 id nolu coin karşılığında 17 id nolu coin satın aldı. Alıcı almak istediği miktarı aldı. Boş emir açıldı.
TRADE - 2021-01-07 02:45:49 --> (0.88247900 1609976749) trade işleminde  : 8ljit6doxjt5vgipydcvz9c5m5uc id nolu satıcı 6bavdl8dik135r3iu118fe4zxti5 id nolu alıcıya 0.00000683 fiyatından 50.00000000 adet 1 id nolu coin karşılığında 7 id nolu coin sattı. Emir kapandı.
TRADE - 2021-01-07 04:31:41 --> (0.92345200 1609983101) trade işleminde  : 8ljit6doxjt5vgipydcvz9c5m5uc id nolu alıcı 6bavdl8dik135r3iu118fe4zxti5 id nolu satıcıdan 0.00463600 fiyatından 0.17893278 adet 1 id nolu coin karşılığında 2 id nolu coin satın aldı. Emir kapandı.
TRADE - 2021-01-07 05:22:23 --> (0.49224000 1609986143) trade işleminde  : 66vot9px4qqncvw7v080nmd3lym5 id nolu alıcı 6bavdl8dik135r3iu118fe4zxti5 id nolu satıcıdan 0.00000028 fiyatından 3569.11177645 adet 1 id nolu coin karşılığında 3 id nolu coin satın aldı. Emir kapandı.
TRADE - 2021-01-07 05:32:33 --> (0.49815700 1609986753) trade işleminde  : 66vot9px4qqncvw7v080nmd3lym5 id nolu alıcı 6bavdl8dik135r3iu118fe4zxti5 id nolu satıcıdan 0.00000698 fiyatından 393.70971524 adet 1 id nolu coin karşılığında 7 id nolu coin satın aldı. Emir kapandı.
TRADE - 2021-01-07 06:44:43 --> (0.48449500 1609991083) trade işleminde  : 6bavdl8dik135r3iu118fe4zxti5 id nolu alıcı 6bbq54ba8sr8tcye3snud33lkn9a id nolu satıcıdan 1220.22999900 fiyatından 0.00091239 adet 9 id nolu coin karşılığında 6 id nolu coin satın aldı. Alıcı almak istediği miktarı aldı. Boş emir açıldı.
TRADE - 2021-01-07 07:19:17 --> (0.24524100 1609993157) trade işleminde  : xqnslk4krhrizav6w0z3yzsxogx9 id nolu alıcı 6bavdl8dik135r3iu118fe4zxti5 id nolu satıcıdan 37212.86000000 fiyatından 0.02663106 adet 9 id nolu coin karşılığında 1 id nolu coin satın aldı. Emir kapandı.
TRADE - 2021-01-07 07:28:54 --> (0.64520500 1609993734) trade işleminde  : 6bavdl8dik135r3iu118fe4zxti5 id nolu alıcı 6bbq54ba8sr8tcye3snud33lkn9a id nolu satıcıdan 0.29510000 fiyatından 4.09221077 adet 9 id nolu coin karşılığında 7 id nolu coin satın aldı. Alıcı almak istediği miktarı aldı. Boş emir açıldı.
TRADE - 2021-01-07 08:22:45 --> (0.46753200 1609996965) trade işleminde  : 6bavdl8dik135r3iu118fe4zxti5 id nolu satıcı bqmr1f9y6kv99zoegrcrd475gauq id nolu alıcıya 0.00000027 fiyatından 34416.01981223 adet 1 id nolu coin karşılığında 3 id nolu coin sattı. Emir kapandı.
TRADE - 2021-01-07 12:11:56 --> (0.52922600 1610010716) trade işleminde  : aucbqtsou8stysgjlp40b1766646 id nolu satıcı 6bavdl8dik135r3iu118fe4zxti5 id nolu alıcıya 445.44548720 fiyatından 0.00323413 adet 9 id nolu coin karşılığında 15 id nolu coin sattı. Emir kapandı.
TRADE - 2021-01-07 12:54:42 --> (0.76446900 1610013282) trade işleminde  : 6bavdl8dik135r3iu118fe4zxti5 id nolu alıcı aucbqtsou8stysgjlp40b1766646 id nolu satıcıdan 0.03139000 fiyatından 0.0039 adet 9 id nolu coin karşılığında 128 id nolu coin satın aldı. Alıcı almak istediği miktarı aldı. Boş emir açıldı.
TRADE - 2021-01-07 15:12:00 --> (0.30769700 1610021520) trade işleminde  : dw8poqk90qxohgj7lgc2qwlyqb8p id nolu satıcı 6bavdl8dik135r3iu118fe4zxti5 id nolu alıcıya 1210.29999900 fiyatından 0.01865262 adet 9 id nolu coin karşılığında 6 id nolu coin sattı. Emir kapandı.
TRADE - 2021-01-07 15:33:19 --> (0.14125300 1610022799) trade işleminde  : 6bavdl8dik135r3iu118fe4zxti5 id nolu satıcı dw8poqk90qxohgj7lgc2qwlyqb8p id nolu alıcıya 0.03242000 fiyatından 693.55783929 adet 9 id nolu coin karşılığında 128 id nolu coin sattı. Emir kapandı.
TRADE - 2021-01-07 16:08:45 --> (0.21115300 1610024925) trade işleminde  : 94sqjx8qc58gr250q5wvqap6em4d id nolu satıcı 6bavdl8dik135r3iu118fe4zxti5 id nolu alıcıya 1223.99999900 fiyatından 0.01669664 adet 9 id nolu coin karşılığında 6 id nolu coin sattı. Emir kapandı.
TRADE - 2021-01-07 16:17:14 --> (0.55698100 1610025434) trade işleminde  : 94sqjx8qc58gr250q5wvqap6em4d id nolu alıcı 6bavdl8dik135r3iu118fe4zxti5 id nolu satıcıdan 0.01018050 fiyatından 2135.90597205 adet 9 id nolu coin karşılığında 3 id nolu coin satın aldı. Emir kapandı.
TRADE - 2021-01-07 16:31:26 --> (0.80417200 1610026286) trade işleminde  : 94sqjx8qc58gr250q5wvqap6em4d id nolu satıcı h6f3c16e0d89qayvu6f07mr2ltyc id nolu alıcıya 0.00000101 fiyatından 1091525.90813458 adet 9 id nolu coin karşılığında 121 id nolu coin sattı. Emir kapandı.
TRADE - 2021-01-07 16:32:28 --> (0.07646200 1610026348) trade işleminde  : 94sqjx8qc58gr250q5wvqap6em4d id nolu alıcı 6bavdl8dik135r3iu118fe4zxti5 id nolu satıcıdan 0.01015900 fiyatından 229.96603211 adet 9 id nolu coin karşılığında 3 id nolu coin satın aldı. Emir kapandı.
TRADE - 2021-01-07 17:37:26 --> (0.78063800 1610030246) trade işleminde  : 6bavdl8dik135r3iu118fe4zxti5 id nolu satıcı dsrh626xxrv1xglvn4kmp8soyf6x id nolu alıcıya 0.01007980 fiyatından 0.03483828 adet 9 id nolu coin karşılığında 3 id nolu coin sattı. Emir kapandı.
TRADE - 2021-01-07 17:58:23 --> (0.99941900 1610031503) trade işleminde  : 6bavdl8dik135r3iu118fe4zxti5 id nolu alıcı aucbqtsou8stysgjlp40b1766646 id nolu satıcıdan 0.01007990 fiyatından 0.02 adet 9 id nolu coin karşılığında 3 id nolu coin satın aldı. Alıcı almak istediği miktarı aldı. Boş emir açıldı.
TRADE - 2021-01-07 20:44:24 --> (0.81782600 1610041464) trade işleminde  : 6bavdl8dik135r3iu118fe4zxti5 id nolu alıcı aucbqtsou8stysgjlp40b1766646 id nolu satıcıdan 476.12398344 fiyatından 0.00323413 adet 9 id nolu coin karşılığında 15 id nolu coin satın aldı. Alıcı almak istediği miktarı aldı. Boş emir açıldı.
TRADE - 2021-01-07 21:26:49 --> (0.14491200 1610044009) trade işleminde  : ffgjg8a2qpxe7hcf66emwry6nwri id nolu satıcı 6bavdl8dik135r3iu118fe4zxti5 id nolu alıcıya 0.00987430 fiyatından 0.02500000 adet 9 id nolu coin karşılığında 3 id nolu coin sattı. Emir kapandı.
