TRADE - 2020-11-02 02:46:08 --> (0.74040500 1604285168) trade işleminde  : 2rou3jjqv0n3wk97ncudge5dnhy5 id nolu alıcı 065ozong9wfd5fiike0gcj82x1us id nolu satıcıdan 0.27999999 fiyatından 0.00035643 adet 9 id nolu coin karşılığında 153 id nolu coin satın aldı. Emir kapandı.
TRADE - 2020-11-02 03:05:34 --> (0.99358200 1604286334) trade işleminde  : gwgvn9fj4jobujl16xk5gy1vey0k id nolu satıcı 6bavdl8dik135r3iu118fe4zxti5 id nolu alıcıya 55.73842870 fiyatından 0.16980000 adet 9 id nolu coin karşılığında 2 id nolu coin sattı. Emir kapandı.
TRADE - 2020-11-02 04:24:10 --> (0.24426600 1604291050) trade işleminde  : ebhx9wjf67y4iv1pjb76gbmnkmak id nolu satıcı gwgvn9fj4jobujl16xk5gy1vey0k id nolu alıcıya 0.00000395 fiyatından 555260.00000000 adet 9 id nolu coin karşılığında 145 id nolu coin sattı. Emir kapandı.
TRADE - 2020-11-02 07:00:44 --> (0.94660600 1604300444) trade işleminde  : thhpcvvf50s2gm6p5pt4rtl644mt id nolu alıcı 6bavdl8dik135r3iu118fe4zxti5 id nolu satıcıdan 0.00256950 fiyatından 583.20616211 adet 9 id nolu coin karşılığında 3 id nolu coin satın aldı. Emir kapandı.
TRADE - 2020-11-02 07:22:18 --> (0.70143300 1604301738) trade işleminde  : 74jekxgz6t56s3nmm0u7z6wqcjxx id nolu alıcı i39wfsjxultrzyt5hk9mx5t86d4c id nolu satıcıdan 0.00000001 fiyatından 99800.39920160 adet 1 id nolu coin karşılığında 121 id nolu coin satın aldı. Emir kapandı.
TRADE - 2020-11-02 08:31:49 --> (0.87669700 1604305909) trade işleminde  : 2rou3jjqv0n3wk97ncudge5dnhy5 id nolu alıcı fj44e71pzte52i5igwc2u137qyx7 id nolu satıcıdan 0.02699890 fiyatından 0.00369631 adet 9 id nolu coin karşılığında 152 id nolu coin satın aldı. Emir kapandı.
TRADE - 2020-11-02 08:48:08 --> (0.40443800 1604306888) trade işleminde  : fh1x9rh9o0tuev1we9c5318aq0kb id nolu satıcı gwgvn9fj4jobujl16xk5gy1vey0k id nolu alıcıya 0.00000395 fiyatından 341660.00000000 adet 9 id nolu coin karşılığında 145 id nolu coin sattı. Emir kapandı.
TRADE - 2020-11-02 08:57:56 --> (0.34643300 1604307476) trade işleminde  : 6bavdl8dik135r3iu118fe4zxti5 id nolu alıcı 6bavdl8dik135r3iu118fe4zxti5 id nolu satıcıdan 13481.76000000 fiyatından 2.3E-5 adet 9 id nolu coin karşılığında 1 id nolu coin satın aldı. Alıcı almak istediği miktarı aldı. Boş emir açıldı.
TRADE - 2020-11-02 08:59:13 --> (0.04900700 1604307553) trade işleminde  : 6bavdl8dik135r3iu118fe4zxti5 id nolu satıcı dh38yc9ylwpzn2d69bzuzvv1c8jx id nolu alıcıya 384.80000000 fiyatından 0.00200392 adet 9 id nolu coin karşılığında 6 id nolu coin sattı. Emir kapandı.
TRADE - 2020-11-02 09:47:49 --> (0.94035400 1604310469) trade işleminde  : i39wfsjxultrzyt5hk9mx5t86d4c id nolu alıcı 6bavdl8dik135r3iu118fe4zxti5 id nolu satıcıdan 0.02860000 fiyatından 0.04726805 adet 1 id nolu coin karşılığında 6 id nolu coin satın aldı. Emir kapandı.
TRADE - 2020-11-02 10:13:44 --> (0.54791500 1604312024) trade işleminde  : x8wtbnn99jsk3bxajo7alrkofcgx id nolu satıcı 6bavdl8dik135r3iu118fe4zxti5 id nolu alıcıya 0.00000184 fiyatından 400.00000000 adet 1 id nolu coin karşılığında 128 id nolu coin sattı. Emir kapandı.
TRADE - 2020-11-02 10:52:25 --> (0.24955900 1604314345) trade işleminde  : x8wtbnn99jsk3bxajo7alrkofcgx id nolu alıcı i39wfsjxultrzyt5hk9mx5t86d4c id nolu satıcıdan 0.00000001 fiyatından 73306.38722555 adet 1 id nolu coin karşılığında 121 id nolu coin satın aldı. Emir kapandı.
TRADE - 2020-11-02 12:02:01 --> (0.89236400 1604318521) trade işleminde  : 6bavdl8dik135r3iu118fe4zxti5 id nolu satıcı i39wfsjxultrzyt5hk9mx5t86d4c id nolu alıcıya 0.02863200 fiyatından 0.02550083 adet 1 id nolu coin karşılığında 6 id nolu coin sattı. Emir kapandı.
TRADE - 2020-11-02 12:27:48 --> (0.55485300 1604320068) trade işleminde  : 6bavdl8dik135r3iu118fe4zxti5 id nolu alıcı 4p8ycbx0ih5acsufghenxq33afw4 id nolu satıcıdan 13408.73000000 fiyatından 0.00341349 adet 9 id nolu coin karşılığında 1 id nolu coin satın aldı. Alıcı almak istediği miktarı aldı. Boş emir açıldı.
TRADE - 2020-11-02 12:32:11 --> (0.49382500 1604320331) trade işleminde  : 4p8ycbx0ih5acsufghenxq33afw4 id nolu alıcı 5mjwi0pkfixdrih7p7uadjr1634g id nolu satıcıdan 0.28000000 fiyatından 150.18486696 adet 9 id nolu coin karşılığında 153 id nolu coin satın aldı. Emir kapandı.
TRADE - 2020-11-02 12:32:12 --> (0.05540700 1604320332) trade işleminde  : 4p8ycbx0ih5acsufghenxq33afw4 id nolu alıcı 2rou3jjqv0n3wk97ncudge5dnhy5 id nolu satıcıdan 0.27999999 fiyatından 150.18523839 adet 9 id nolu coin karşılığında 153 id nolu coin almak istedi ama satıcının miktarı(0.00037143) yetmedi ve emir tekrar etti.
TRADE - 2020-11-02 12:32:12 --> (0.50976300 1604320332) trade işleminde  : 4p8ycbx0ih5acsufghenxq33afw4 id nolu alıcı 065ozong9wfd5fiike0gcj82x1us id nolu satıcıdan 0.27999999 fiyatından 162.81412304 adet 9 id nolu coin karşılığında 153 id nolu coin almak istedi ama satıcının miktarı(12.62888465) yetmedi ve emir tekrar etti.
TRADE - 2020-11-02 14:17:56 --> (0.69673900 1604326676) trade işleminde  : fh1x9rh9o0tuev1we9c5318aq0kb id nolu satıcı gwgvn9fj4jobujl16xk5gy1vey0k id nolu alıcıya 0.00000395 fiyatından 59100.00000000 adet 9 id nolu coin karşılığında 145 id nolu coin sattı. Emir kapandı.
TRADE - 2020-11-02 14:18:41 --> (0.14418600 1604326721) trade işleminde  : fh1x9rh9o0tuev1we9c5318aq0kb id nolu alıcı 6bavdl8dik135r3iu118fe4zxti5 id nolu satıcıdan 0.00252590 fiyatından 633.39546411 adet 9 id nolu coin karşılığında 3 id nolu coin satın aldı. Emir kapandı.
TRADE - 2020-11-02 15:48:52 --> (0.61511800 1604332132) trade işleminde  : i9sf7t8v4kgvsvskp2glfofl545k id nolu satıcı cvmata43uprbtl40jwjol7sw8uv7 id nolu alıcıya 0.00000046 fiyatından 859.00000000 adet 6 id nolu coin karşılığında 122 id nolu coin sattı. Emir kapandı.
TRADE - 2020-11-02 16:16:52 --> (0.63109800 1604333812) trade işleminde  : q1mz40xvzkr71ce422irhu7qwstz id nolu satıcı gwgvn9fj4jobujl16xk5gy1vey0k id nolu alıcıya 0.00000395 fiyatından 9418.00000000 adet 9 id nolu coin karşılığında 145 id nolu coin sattı. Emir kapandı.
TRADE - 2020-11-02 17:26:55 --> (0.24553400 1604338015) trade işleminde  : 6bavdl8dik135r3iu118fe4zxti5 id nolu alıcı pkyzkxixcb95fygj0n9zmgbfehaa id nolu satıcıdan 53.97211463 fiyatından 0.0049945 adet 9 id nolu coin karşılığında 2 id nolu coin satın aldı. Alıcı almak istediği miktarı aldı. Boş emir açıldı.
TRADE - 2020-11-02 22:06:36 --> (0.63674600 1604354796) trade işleminde  : gl1s7binuyj3t4yhq7kkieql6k60 id nolu satıcı cvmata43uprbtl40jwjol7sw8uv7 id nolu alıcıya 0.00000046 fiyatından 8548.49010893 adet 6 id nolu coin karşılığında 122 id nolu coin sattı. Emir kapandı.
TRADE - 2020-11-02 22:09:35 --> (0.51409000 1604354975) trade işleminde  : gl1s7binuyj3t4yhq7kkieql6k60 id nolu satıcı 6bavdl8dik135r3iu118fe4zxti5 id nolu alıcıya 0.02828100 fiyatından 0.00448565 adet 1 id nolu coin karşılığında 6 id nolu coin sattı. Emir kapandı.
TRADE - 2020-11-02 22:19:56 --> (0.24203600 1604355596) trade işleminde  : gl1s7binuyj3t4yhq7kkieql6k60 id nolu alıcı 6bavdl8dik135r3iu118fe4zxti5 id nolu satıcıdan 0.02830400 fiyatından 0.00446394 adet 1 id nolu coin karşılığında 6 id nolu coin satın aldı. Emir kapandı.
TRADE - 2020-11-02 22:56:19 --> (0.82830900 1604357779) trade işleminde  : gl1s7binuyj3t4yhq7kkieql6k60 id nolu alıcı 6bavdl8dik135r3iu118fe4zxti5 id nolu satıcıdan 383.03000100 fiyatından 0.00263278 adet 9 id nolu coin karşılığında 6 id nolu coin satın aldı. Emir kapandı.
