TRADE - 2020-10-23 09:49:54 --> (0.07028400 1603446594) trade işleminde  : zbhbite60ppo1iesfmd0u11cxhhv id nolu alıcı 6bavdl8dik135r3iu118fe4zxti5 id nolu satıcıdan 1.987E-5 fiyatından 100.00000000 adet 1 id nolu coin karşılığında 7 id nolu coin satın aldı. Alıcı almak istediği miktarı aldı. Boş emir açıldı.
TRADE - 2020-10-23 10:01:46 --> (0.45123900 1603447306) trade işleminde  : zbhbite60ppo1iesfmd0u11cxhhv id nolu alıcı 6bavdl8dik135r3iu118fe4zxti5 id nolu satıcıdan 1.993E-5 fiyatından 99.30114683 adet 1 id nolu coin karşılığında 7 id nolu coin satın aldı. Emir kapandı.
TRADE - 2020-10-23 10:12:41 --> (0.04408900 1603447961) trade işleminde  : zbhbite60ppo1iesfmd0u11cxhhv id nolu satıcı 6bavdl8dik135r3iu118fe4zxti5 id nolu alıcıya 0.00001987 fiyatından 99.30114683 adet 1 id nolu coin karşılığında 7 id nolu coin sattı. Emir kapandı.
TRADE - 2020-10-23 10:12:50 --> (0.75545200 1603447970) trade işleminde  : zbhbite60ppo1iesfmd0u11cxhhv id nolu alıcı 6bavdl8dik135r3iu118fe4zxti5 id nolu satıcıdan 0.00001990 fiyatından 98.75575482 adet 1 id nolu coin karşılığında 7 id nolu coin satın aldı. Emir kapandı.
TRADE - 2020-10-23 13:45:28 --> (0.08737000 1603460728) trade işleminde  : wys17ydiv7jwwuidw6ftuk0k6749 id nolu satıcı 6bavdl8dik135r3iu118fe4zxti5 id nolu alıcıya 0.00426500 fiyatından 0.21680198 adet 1 id nolu coin karşılığında 2 id nolu coin sattı. Emir kapandı.
TRADE - 2020-10-23 14:11:49 --> (0.10811600 1603462309) trade işleminde  : wys17ydiv7jwwuidw6ftuk0k6749 id nolu satıcı 6bavdl8dik135r3iu118fe4zxti5 id nolu alıcıya 12917.24000000 fiyatından 0.00092281 adet 9 id nolu coin karşılığında 1 id nolu coin sattı. Emir kapandı.
TRADE - 2020-10-23 14:12:51 --> (0.88397500 1603462371) trade işleminde  : wys17ydiv7jwwuidw6ftuk0k6749 id nolu alıcı hq89sanm241lnihbj5b6oqd5z3bh id nolu satıcıdan 0.00000199 fiyatından 1569430.7042461 adet 9 id nolu coin karşılığında 121 id nolu coin satın aldı. Satıcının miktarı yetmedi ve eşleşen bir fiyat olmadığı için 4396686.272855 adet alış emri açıldı.
TRADE - 2020-10-23 15:33:48 --> (0.89427000 1603467228) trade işleminde  : oc3nu3rk8qkp1iio9o96p8hmzyqw id nolu satıcı wys17ydiv7jwwuidw6ftuk0k6749 id nolu alıcıya 0.00000199 fiyatından 495580.29228000 adet 9 id nolu coin karşılığında 121 id nolu coin sattı. Emir kapandı.
TRADE - 2020-10-23 15:35:11 --> (0.01127600 1603467311) trade işleminde  : oc3nu3rk8qkp1iio9o96p8hmzyqw id nolu alıcı 6bavdl8dik135r3iu118fe4zxti5 id nolu satıcıdan 0.00266950 fiyatından 368.03918292 adet 9 id nolu coin karşılığında 3 id nolu coin satın aldı. Emir kapandı.
TRADE - 2020-10-23 15:49:27 --> (0.33801700 1603468167) trade işleminde  : 8mka6bv7y37b40cvx8xd68lemcak id nolu satıcı 168j2lp6u49m99oo87alngybphfz id nolu alıcıya 0.00000600 fiyatından 123459.09447771 adet 9 id nolu coin karşılığında 145 id nolu coin sattı. Emir kapandı.
TRADE - 2020-10-23 15:54:20 --> (0.89272200 1603468460) trade işleminde  : oc3nu3rk8qkp1iio9o96p8hmzyqw id nolu satıcı 6bavdl8dik135r3iu118fe4zxti5 id nolu alıcıya 0.00265870 fiyatından 368.00000000 adet 9 id nolu coin karşılığında 3 id nolu coin sattı. Emir kapandı.
TRADE - 2020-10-23 15:54:56 --> (0.15819300 1603468496) trade işleminde  : oc3nu3rk8qkp1iio9o96p8hmzyqw id nolu alıcı hq89sanm241lnihbj5b6oqd5z3bh id nolu satıcıdan 0.00000229 fiyatından 425544.02112805 adet 9 id nolu coin karşılığında 121 id nolu coin satın aldı. Emir kapandı.
TRADE - 2020-10-23 15:55:30 --> (0.65258100 1603468530) trade işleminde  : oc3nu3rk8qkp1iio9o96p8hmzyqw id nolu satıcı wys17ydiv7jwwuidw6ftuk0k6749 id nolu alıcıya 0.00000199 fiyatından 125544.00000000 adet 9 id nolu coin karşılığında 121 id nolu coin sattı. Emir kapandı.
TRADE - 2020-10-23 15:55:56 --> (0.07531800 1603468556) trade işleminde  : oc3nu3rk8qkp1iio9o96p8hmzyqw id nolu alıcı hq89sanm241lnihbj5b6oqd5z3bh id nolu satıcıdan 0.00000229 fiyatından 49966.91155841 adet 9 id nolu coin karşılığında 121 id nolu coin satın aldı. Emir kapandı.
TRADE - 2020-10-23 15:56:05 --> (0.87354400 1603468565) trade işleminde  : oc3nu3rk8qkp1iio9o96p8hmzyqw id nolu alıcı hq89sanm241lnihbj5b6oqd5z3bh id nolu satıcıdan 0.00000229 fiyatından 47734.63909337 adet 9 id nolu coin karşılığında 121 id nolu coin satın aldı. Alıcı almak istediği miktarı aldı. Boş emir açıldı.
TRADE - 2020-10-23 17:36:49 --> (0.38049300 1603474609) trade işleminde  : hq89sanm241lnihbj5b6oqd5z3bh id nolu alıcı 6bavdl8dik135r3iu118fe4zxti5 id nolu satıcıdan 0.25220000 fiyatından 106.99330166 adet 9 id nolu coin karşılığında 7 id nolu coin satın aldı. Emir kapandı.
TRADE - 2020-10-23 17:37:02 --> (0.80670800 1603474622) trade işleminde  : hq89sanm241lnihbj5b6oqd5z3bh id nolu alıcı 6bavdl8dik135r3iu118fe4zxti5 id nolu satıcıdan 0.00001970 fiyatından 18.39721572 adet 1 id nolu coin karşılığında 7 id nolu coin satın aldı. Emir kapandı.
TRADE - 2020-10-23 19:18:34 --> (0.02206100 1603480714) trade işleminde  : lp6myhk4is8fai4rjeevjih366hv id nolu satıcı 6bavdl8dik135r3iu118fe4zxti5 id nolu alıcıya 407.40999900 fiyatından 0.00211771 adet 9 id nolu coin karşılığında 6 id nolu coin sattı. Emir kapandı.
TRADE - 2020-10-23 19:24:07 --> (0.25012700 1603481047) trade işleminde  : lp6myhk4is8fai4rjeevjih366hv id nolu alıcı anqjka6bpomy1v2r0w0l4jun3588 id nolu satıcıdan 0.00000898 fiyatından 95693.98841515 adet 9 id nolu coin karşılığında 145 id nolu coin satın aldı. Emir kapandı.
TRADE - 2020-10-23 19:30:32 --> (0.76558800 1603481432) trade işleminde  : lp6myhk4is8fai4rjeevjih366hv id nolu satıcı y6drf4zmihsc0ljibcz2rc4i9owm id nolu alıcıya 0.00012000 fiyatından 1663.33998669 adet 9 id nolu coin karşılığında 122 id nolu coin sattı. Alıcının miktarı yetmedi ve eşleşen bir fiyat olmadığı için 1292.58526591 adet satış emri açıldı.
TRADE - 2020-10-23 19:30:55 --> (0.74019200 1603481455) trade işleminde  : lp6myhk4is8fai4rjeevjih366hv id nolu alıcı anqjka6bpomy1v2r0w0l4jun3588 id nolu satıcıdan 0.00000898 fiyatından 22138.52917772 adet 9 id nolu coin karşılığında 145 id nolu coin satın aldı. Emir kapandı.
TRADE - 2020-10-23 19:32:10 --> (0.37559700 1603481530) trade işleminde  : lp6myhk4is8fai4rjeevjih366hv id nolu satıcı c882hkjioqwbnh1kph2hwnzutelz id nolu alıcıya 0.00010006 fiyatından 1000 adet 9 id nolu coin karşılığında 122 id nolu coin sattı. Alıcının miktarı yetmedi ve eşleşen bir fiyat olmadığı için 292.58526591 adet satış emri açıldı.
TRADE - 2020-10-23 19:32:51 --> (0.82066400 1603481571) trade işleminde  : lp6myhk4is8fai4rjeevjih366hv id nolu alıcı anqjka6bpomy1v2r0w0l4jun3588 id nolu satıcıdan 0.00000898 fiyatından 11098.05778199 adet 9 id nolu coin karşılığında 145 id nolu coin satın aldı. Emir kapandı.
TRADE - 2020-10-23 20:35:01 --> (0.97430600 1603485301) trade işleminde  : anqjka6bpomy1v2r0w0l4jun3588 id nolu alıcı lp6myhk4is8fai4rjeevjih366hv id nolu satıcıdan 0.00010006 fiyatından 292.58526591 adet 9 id nolu coin karşılığında 122 id nolu coin satın aldı. Emir kapandı.
