TRADE - 2020-11-11 04:42:42 --> (0.76456100 1605069762) trade işleminde  : de106q7go2xawwuz1rlfss0fofx9 id nolu alıcı 6bavdl8dik135r3iu118fe4zxti5 id nolu satıcıdan 0.00281760 fiyatından 0.81848654 adet 9 id nolu coin karşılığında 3 id nolu coin satın aldı. Emir kapandı.
TRADE - 2020-11-11 04:42:57 --> (0.41325200 1605069777) trade işleminde  : de106q7go2xawwuz1rlfss0fofx9 id nolu satıcı 6bavdl8dik135r3iu118fe4zxti5 id nolu alıcıya 0.00279970 fiyatından 0.83348654 adet 9 id nolu coin karşılığında 3 id nolu coin sattı. Emir kapandı.
TRADE - 2020-11-11 04:43:11 --> (0.61728700 1605069791) trade işleminde  : de106q7go2xawwuz1rlfss0fofx9 id nolu alıcı 6bavdl8dik135r3iu118fe4zxti5 id nolu satıcıdan 0.00468997 fiyatından 0.49460724 adet 9 id nolu coin karşılığında 17 id nolu coin satın aldı. Emir kapandı.
TRADE - 2020-11-11 04:43:19 --> (0.31729600 1605069799) trade işleminde  : de106q7go2xawwuz1rlfss0fofx9 id nolu satıcı 6bavdl8dik135r3iu118fe4zxti5 id nolu alıcıya 0.00460752 fiyatından 0.49490724 adet 9 id nolu coin karşılığında 17 id nolu coin sattı. Emir kapandı.
TRADE - 2020-11-11 04:43:47 --> (0.55804100 1605069827) trade işleminde  : de106q7go2xawwuz1rlfss0fofx9 id nolu satıcı 0q6vv13ewy2g05gerglbot3ssicz id nolu alıcıya 0.02365000 fiyatından 0.00700000 adet 9 id nolu coin karşılığında 14 id nolu coin sattı. Emir kapandı.
TRADE - 2020-11-11 06:10:18 --> (0.22871100 1605075018) trade işleminde  : de106q7go2xawwuz1rlfss0fofx9 id nolu alıcı 6bavdl8dik135r3iu118fe4zxti5 id nolu satıcıdan 0.00281020 fiyatından 0.30023441 adet 9 id nolu coin karşılığında 3 id nolu coin satın aldı. Emir kapandı.
TRADE - 2020-11-11 06:10:34 --> (0.70216100 1605075034) trade işleminde  : de106q7go2xawwuz1rlfss0fofx9 id nolu satıcı 6bavdl8dik135r3iu118fe4zxti5 id nolu alıcıya 0.00279730 fiyatından 0.31023441 adet 9 id nolu coin karşılığında 3 id nolu coin sattı. Emir kapandı.
TRADE - 2020-11-11 06:10:50 --> (0.34475500 1605075050) trade işleminde  : de106q7go2xawwuz1rlfss0fofx9 id nolu alıcı 6bavdl8dik135r3iu118fe4zxti5 id nolu satıcıdan 0.00468189 fiyatından 0.18361616 adet 9 id nolu coin karşılığında 17 id nolu coin satın aldı. Emir kapandı.
TRADE - 2020-11-11 06:10:56 --> (0.61453100 1605075056) trade işleminde  : de106q7go2xawwuz1rlfss0fofx9 id nolu satıcı 6bavdl8dik135r3iu118fe4zxti5 id nolu alıcıya 0.00460752 fiyatından 0.18381616 adet 9 id nolu coin karşılığında 17 id nolu coin sattı. Emir kapandı.
TRADE - 2020-11-11 08:12:39 --> (0.62721200 1605082359) trade işleminde  : de106q7go2xawwuz1rlfss0fofx9 id nolu alıcı 6bavdl8dik135r3iu118fe4zxti5 id nolu satıcıdan 0.00281490 fiyatından 0.93606350 adet 9 id nolu coin karşılığında 3 id nolu coin satın aldı. Emir kapandı.
TRADE - 2020-11-11 08:12:46 --> (0.63292500 1605082366) trade işleminde  : de106q7go2xawwuz1rlfss0fofx9 id nolu satıcı 6bavdl8dik135r3iu118fe4zxti5 id nolu alıcıya 0.00279730 fiyatından 0.94106350 adet 9 id nolu coin karşılığında 3 id nolu coin sattı. Emir kapandı.
TRADE - 2020-11-11 11:20:15 --> (0.39213700 1605093615) trade işleminde  : gl1s7binuyj3t4yhq7kkieql6k60 id nolu satıcı cvmata43uprbtl40jwjol7sw8uv7 id nolu alıcıya 0.00000046 fiyatından 1121.00000000 adet 6 id nolu coin karşılığında 122 id nolu coin sattı. Emir kapandı.
TRADE - 2020-11-11 12:35:53 --> (0.83427900 1605098153) trade işleminde  : g583xwnlbef4undsfmqoxry7rhns id nolu alıcı i39wfsjxultrzyt5hk9mx5t86d4c id nolu satıcıdan 0.00000001 fiyatından 18230.53892216 adet 1 id nolu coin karşılığında 121 id nolu coin satın aldı. Emir kapandı.
TRADE - 2020-11-11 16:33:40 --> (0.25884300 1605112420) trade işleminde  : 6bavdl8dik135r3iu118fe4zxti5 id nolu satıcı e4bzieqt39m7rwty4xtw61mudie5 id nolu alıcıya 0.02521000 fiyatından 1213.68239325 adet 9 id nolu coin karşılığında 128 id nolu coin sattı. Emir kapandı.
TRADE - 2020-11-11 20:50:32 --> (0.79991400 1605127832) trade işleminde  : i39wfsjxultrzyt5hk9mx5t86d4c id nolu alıcı i39wfsjxultrzyt5hk9mx5t86d4c id nolu satıcıdan 0.00000001 fiyatından 9980.03992016 adet 1 id nolu coin karşılığında 121 id nolu coin satın aldı. Emir kapandı.
TRADE - 2020-11-11 20:51:20 --> (0.99776700 1605127880) trade işleminde  : gl1s7binuyj3t4yhq7kkieql6k60 id nolu satıcı cvmata43uprbtl40jwjol7sw8uv7 id nolu alıcıya 0.00000046 fiyatından 293.00000000 adet 6 id nolu coin karşılığında 122 id nolu coin sattı. Emir kapandı.
TRADE - 2020-11-11 22:26:23 --> (0.13056400 1605133583) trade işleminde  : no2dnuhutckbktnejjdkkitdgw2n id nolu alıcı no2dnuhutckbktnejjdkkitdgw2n id nolu satıcıdan 0.00015419 fiyatından 2.74739295 adet 6 id nolu coin karşılığında 152 id nolu coin satın aldı. Emir kapandı.
TRADE - 2020-11-11 22:26:42 --> (0.97709800 1605133602) trade işleminde  : no2dnuhutckbktnejjdkkitdgw2n id nolu alıcı no2dnuhutckbktnejjdkkitdgw2n id nolu satıcıdan 0.00015419 fiyatından 0.74739295 adet 6 id nolu coin karşılığında 152 id nolu coin satın aldı. Emir kapandı.
TRADE - 2020-11-11 22:31:07 --> (0.32189000 1605133867) trade işleminde  : no2dnuhutckbktnejjdkkitdgw2n id nolu alıcı no2dnuhutckbktnejjdkkitdgw2n id nolu satıcıdan 0.00015419 fiyatından 30.00000000 adet 6 id nolu coin karşılığında 152 id nolu coin satın aldı. Emir kapandı.
TRADE - 2020-11-11 23:44:45 --> (0.07105800 1605138285) trade işleminde  : e4bzieqt39m7rwty4xtw61mudie5 id nolu satıcı 6bavdl8dik135r3iu118fe4zxti5 id nolu alıcıya 0.02492000 fiyatından 1213.68239325 adet 9 id nolu coin karşılığında 128 id nolu coin sattı. Emir kapandı.
TRADE - 2020-11-11 23:59:57 --> (0.41703800 1605139197) trade işleminde  : e4bzieqt39m7rwty4xtw61mudie5 id nolu alıcı 6bavdl8dik135r3iu118fe4zxti5 id nolu satıcıdan 0.25576000 fiyatından 107 adet 9 id nolu coin karşılığında 7 id nolu coin satın aldı. Satıcının miktarı yetmedi ve eşleşen bir fiyat olmadığı için 10.78318289 adet alış emri açıldı.
