TRADE - 2021-02-16 01:01:22 --> (0.47394400 1613426482) trade işleminde  : 804fj7963bguzb60d1n9l1tywnex id nolu alıcı 6bavdl8dik135r3iu118fe4zxti5 id nolu satıcıdan 1792.67000100 fiyatından 0.04435521 adet 9 id nolu coin karşılığında 6 id nolu coin satın aldı. Emir kapandı.
TRADE - 2021-02-16 02:36:26 --> (0.10345800 1613432186) trade işleminde  : 6bavdl8dik135r3iu118fe4zxti5 id nolu alıcı xd4xioo2e23702rdysdctzz5p1th id nolu satıcıdan 1793.46999900 fiyatından 0.05487581 adet 9 id nolu coin karşılığında 6 id nolu coin satın aldı. Alıcı almak istediği miktarı aldı. Boş emir açıldı.
TRADE - 2021-02-16 02:40:49 --> (0.28544000 1613432449) trade işleminde  : xd4xioo2e23702rdysdctzz5p1th id nolu alıcı 6bavdl8dik135r3iu118fe4zxti5 id nolu satıcıdan 0.01145449 fiyatından 1.4641837500003 adet 9 id nolu coin karşılığında 161 id nolu coin satın aldı. Satıcının miktarı yetmedi ve eşleşen bir fiyat olmadığı için 8547.40946115 adet alış emri açıldı.
TRADE - 2021-02-16 02:53:33 --> (0.58829400 1613433213) trade işleminde  : xd4xioo2e23702rdysdctzz5p1th id nolu alıcı 6bavdl8dik135r3iu118fe4zxti5 id nolu satıcıdan 47964.40000000 fiyatından 0.00204336 adet 9 id nolu coin karşılığında 1 id nolu coin satın aldı. Emir kapandı.
TRADE - 2021-02-16 03:16:59 --> (0.66042600 1613434619) trade işleminde  : s70lo4hetrq9hibhe3muwow71nln id nolu satıcı 6bavdl8dik135r3iu118fe4zxti5 id nolu alıcıya 47721.17000000 fiyatından 0.00113105 adet 9 id nolu coin karşılığında 1 id nolu coin sattı. Emir kapandı.
TRADE - 2021-02-16 03:18:30 --> (0.48283500 1613434710) trade işleminde  : xd4xioo2e23702rdysdctzz5p1th id nolu alıcı 6bavdl8dik135r3iu118fe4zxti5 id nolu satıcıdan 0.00000027 fiyatından 2058.291356 adet 1 id nolu coin karşılığında 161 id nolu coin satın aldı. Satıcının miktarı yetmedi ve eşleşen bir fiyat olmadığı için 5494.60285558 adet alış emri açıldı.
TRADE - 2021-02-16 03:19:37 --> (0.33377100 1613434777) trade işleminde  : 6bavdl8dik135r3iu118fe4zxti5 id nolu satıcı xd4xioo2e23702rdysdctzz5p1th id nolu alıcıya 0.00000027 fiyatından 5494.60285558 adet 1 id nolu coin karşılığında 161 id nolu coin sattı. Emir kapandı.
TRADE - 2021-02-16 04:07:33 --> (0.33270400 1613437653) trade işleminde  : xd4xioo2e23702rdysdctzz5p1th id nolu satıcı 6bavdl8dik135r3iu118fe4zxti5 id nolu alıcıya 0.01110445 fiyatından 407.586913 adet 9 id nolu coin karşılığında 161 id nolu coin sattı. Alıcının miktarı yetmedi ve eşleşen bir fiyat olmadığı için 7146.77148233 adet satış emri açıldı.
TRADE - 2021-02-16 04:08:27 --> (0.01932600 1613437707) trade işleminde  : 6bavdl8dik135r3iu118fe4zxti5 id nolu alıcı xd4xioo2e23702rdysdctzz5p1th id nolu satıcıdan 0.01110445 fiyatından 7146.77148233 adet 9 id nolu coin karşılığında 161 id nolu coin satın aldı. Alıcı almak istediği miktarı aldı. Boş emir açıldı.
TRADE - 2021-02-16 04:13:26 --> (0.47413800 1613438006) trade işleminde  : 6bavdl8dik135r3iu118fe4zxti5 id nolu satıcı xd4xioo2e23702rdysdctzz5p1th id nolu alıcıya 1778.31999900 fiyatından 0.0028118 adet 9 id nolu coin karşılığında 6 id nolu coin sattı. Emir kapandı.
TRADE - 2021-02-16 04:24:24 --> (0.96338200 1613438664) trade işleminde  : xd4xioo2e23702rdysdctzz5p1th id nolu alıcı 6bavdl8dik135r3iu118fe4zxti5 id nolu satıcıdan 1793.66000100 fiyatından 0.04379412 adet 9 id nolu coin karşılığında 6 id nolu coin satın aldı. Emir kapandı.
TRADE - 2021-02-16 04:36:41 --> (0.88628200 1613439401) trade işleminde  : mym49y92lrb2zhn1w0p5tiyoi7rm id nolu satıcı 6bavdl8dik135r3iu118fe4zxti5 id nolu alıcıya 0.56155000 fiyatından 40.75000000 adet 9 id nolu coin karşılığında 7 id nolu coin sattı. Emir kapandı.
TRADE - 2021-02-16 04:39:15 --> (0.88097800 1613439555) trade işleminde  : mym49y92lrb2zhn1w0p5tiyoi7rm id nolu alıcı 6bavdl8dik135r3iu118fe4zxti5 id nolu satıcıdan 0.02394376 fiyatından 22.83739618 adet 9 id nolu coin karşılığında 17 id nolu coin satın aldı. Emir kapandı.
TRADE - 2021-02-16 07:24:11 --> (0.29658300 1613449451) trade işleminde  : mym49y92lrb2zhn1w0p5tiyoi7rm id nolu alıcı 6bavdl8dik135r3iu118fe4zxti5 id nolu satıcıdan 0.02394376 fiyatından 907.95916005 adet 9 id nolu coin karşılığında 17 id nolu coin satın aldı. Emir kapandı.
TRADE - 2021-02-16 07:58:32 --> (0.48258100 1613451512) trade işleminde  : mym49y92lrb2zhn1w0p5tiyoi7rm id nolu satıcı 6bavdl8dik135r3iu118fe4zxti5 id nolu alıcıya 0.57411000 fiyatından 21.13882800 adet 9 id nolu coin karşılığında 7 id nolu coin sattı. Emir kapandı.
TRADE - 2021-02-16 08:00:16 --> (0.96344300 1613451616) trade işleminde  : mym49y92lrb2zhn1w0p5tiyoi7rm id nolu alıcı 6bavdl8dik135r3iu118fe4zxti5 id nolu satıcıdan 0.02394376 fiyatından 525.92444097 adet 9 id nolu coin karşılığında 17 id nolu coin satın aldı. Emir kapandı.
TRADE - 2021-02-16 12:06:42 --> (0.06938900 1613466402) trade işleminde  : rltfxuwdcdx8iemrky36z7cv4yrc id nolu satıcı 6bavdl8dik135r3iu118fe4zxti5 id nolu alıcıya 216.51035553 fiyatından 0.20931921 adet 9 id nolu coin karşılığında 2 id nolu coin sattı. Emir kapandı.
TRADE - 2021-02-16 12:54:46 --> (0.55322300 1613469286) trade işleminde  : rltfxuwdcdx8iemrky36z7cv4yrc id nolu alıcı 6bavdl8dik135r3iu118fe4zxti5 id nolu satıcıdan 0.55966000 fiyatından 80.63534415 adet 9 id nolu coin karşılığında 7 id nolu coin satın aldı. Emir kapandı.
TRADE - 2021-02-16 14:10:51 --> (0.93792800 1613473851) trade işleminde  : 42rml3t9qa9fxbbx07dgbwc5juwj id nolu satıcı 6bavdl8dik135r3iu118fe4zxti5 id nolu alıcıya 48814.25000000 fiyatından 0.00018991 adet 9 id nolu coin karşılığında 1 id nolu coin sattı. Emir kapandı.
TRADE - 2021-02-16 15:08:03 --> (0.64647700 1613477283) trade işleminde  : 6bavdl8dik135r3iu118fe4zxti5 id nolu alıcı o3bdse9el0mi1ma3ykplkcxiwx7d id nolu satıcıdan 212.98665781 fiyatından 0.0028226 adet 9 id nolu coin karşılığında 2 id nolu coin satın aldı. Alıcı almak istediği miktarı aldı. Boş emir açıldı.
TRADE - 2021-02-16 15:39:51 --> (0.59363600 1613479191) trade işleminde  : 6bavdl8dik135r3iu118fe4zxti5 id nolu satıcı o3bdse9el0mi1ma3ykplkcxiwx7d id nolu alıcıya 720.09478547 fiyatından 0.00088536 adet 9 id nolu coin karşılığında 15 id nolu coin sattı. Emir kapandı.
TRADE - 2021-02-16 19:47:13 --> (0.40525200 1613494033) trade işleminde  : 7cm0c4s7hi4itndf657hc6lviyyk id nolu alıcı 3ukldvjraqagsunawjd16i6z6qbg id nolu satıcıdan 0.00004330 fiyatından 2535.34501436 adet 6 id nolu coin karşılığında 161 id nolu coin satın aldı. Emir kapandı.
TRADE - 2021-02-16 21:38:01 --> (0.76740300 1613500681) trade işleminde  : 804fj7963bguzb60d1n9l1tywnex id nolu alıcı hq89sanm241lnihbj5b6oqd5z3bh id nolu satıcıdan 0.00001188 fiyatından 7541.53813585 adet 9 id nolu coin karşılığında 54 id nolu coin satın aldı. Emir kapandı.
TRADE - 2021-02-16 23:41:00 --> (0.91596800 1613508060) trade işleminde  : akxm82t179lsh06ax3jtd0lc96k3 id nolu satıcı 6bavdl8dik135r3iu118fe4zxti5 id nolu alıcıya 0.05184300 fiyatından 1427.06949695 adet 9 id nolu coin karşılığında 3 id nolu coin sattı. Emir kapandı.
