TRADE - 2021-02-07 01:48:30 --> (0.35181600 1612651710) trade işleminde  : 6bavdl8dik135r3iu118fe4zxti5 id nolu alıcı mos2e7ikf2bupbanza57ecat03fq id nolu satıcıdan 0.00000140 fiyatından 116 adet 1 id nolu coin karşılığında 3 id nolu coin satın aldı. Alıcı almak istediği miktarı aldı. Boş emir açıldı.
TRADE - 2021-02-07 02:05:37 --> (0.47067500 1612652737) trade işleminde  : 6bavdl8dik135r3iu118fe4zxti5 id nolu alıcı mos2e7ikf2bupbanza57ecat03fq id nolu satıcıdan 0.00000145 fiyatından 3104 adet 1 id nolu coin karşılığında 3 id nolu coin satın aldı. Alıcı almak istediği miktarı aldı. Boş emir açıldı.
TRADE - 2021-02-07 05:43:12 --> (0.37086000 1612665792) trade işleminde  : hkf62k1jtihyeyvih5e42hz0scn5 id nolu satıcı 6bavdl8dik135r3iu118fe4zxti5 id nolu alıcıya 0.00000148 fiyatından 5345.07944894 adet 1 id nolu coin karşılığında 3 id nolu coin sattı. Emir kapandı.
TRADE - 2021-02-07 05:43:15 --> (0.31125900 1612665795) trade işleminde  : yz0go4cdib874tx2qolfdhn426yu id nolu satıcı sb72g7r7x09cogbd3d4qqrmfzxwm id nolu alıcıya 0.00000016 fiyatından 902.63223553 adet 1 id nolu coin karşılığında 161 id nolu coin sattı. Alıcının miktarı yetmedi ve eşleşen bir fiyat olmadığı için 97.36776447 adet satış emri açıldı.
TRADE - 2021-02-07 07:06:32 --> (0.03975200 1612670792) trade işleminde  : hkf62k1jtihyeyvih5e42hz0scn5 id nolu satıcı 6bavdl8dik135r3iu118fe4zxti5 id nolu alıcıya 0.00000146 fiyatından 5345.07944895 adet 1 id nolu coin karşılığında 3 id nolu coin sattı. Emir kapandı.
TRADE - 2021-02-07 07:18:42 --> (0.07610800 1612671522) trade işleminde  : mos2e7ikf2bupbanza57ecat03fq id nolu alıcı 6bavdl8dik135r3iu118fe4zxti5 id nolu satıcıdan 0.00000147 fiyatından 3160.00000000 adet 1 id nolu coin karşılığında 3 id nolu coin satın aldı. Emir kapandı.
TRADE - 2021-02-07 07:23:41 --> (0.39541000 1612671821) trade işleminde  : 6bavdl8dik135r3iu118fe4zxti5 id nolu satıcı 2qomuqp0xl8l7506858jo4kwewsq id nolu alıcıya 38587.96000000 fiyatından 0.00023013 adet 9 id nolu coin karşılığında 1 id nolu coin sattı. Emir kapandı.
TRADE - 2021-02-07 07:27:44 --> (0.57332900 1612672064) trade işleminde  : 6bavdl8dik135r3iu118fe4zxti5 id nolu satıcı 2qomuqp0xl8l7506858jo4kwewsq id nolu alıcıya 38470.59000000 fiyatından 0.00017312 adet 9 id nolu coin karşılığında 1 id nolu coin sattı. Emir kapandı.
TRADE - 2021-02-07 07:30:13 --> (0.64208400 1612672213) trade işleminde  : 6bavdl8dik135r3iu118fe4zxti5 id nolu satıcı 2qomuqp0xl8l7506858jo4kwewsq id nolu alıcıya 38454.19000000 fiyatından 0.0001299 adet 9 id nolu coin karşılığında 1 id nolu coin sattı. Emir kapandı.
TRADE - 2021-02-07 07:32:21 --> (0.19788300 1612672341) trade işleminde  : 6bavdl8dik135r3iu118fe4zxti5 id nolu satıcı 2qomuqp0xl8l7506858jo4kwewsq id nolu alıcıya 38424.45000000 fiyatından 0.00039 adet 9 id nolu coin karşılığında 1 id nolu coin sattı. Emir kapandı.
TRADE - 2021-02-07 09:24:51 --> (0.43395100 1612679091) trade işleminde  : 4n7y5eppa7l3kh6p8cd60697haa8 id nolu alıcı 4n7y5eppa7l3kh6p8cd60697haa8 id nolu satıcıdan 0.00014599 fiyatından 150658.10358735 adet 9 id nolu coin karşılığında 55 id nolu coin satın aldı. Emir kapandı.
TRADE - 2021-02-07 09:24:55 --> (0.51956600 1612679095) trade işleminde  : 4n7y5eppa7l3kh6p8cd60697haa8 id nolu alıcı 4n7y5eppa7l3kh6p8cd60697haa8 id nolu satıcıdan 0.00014599 fiyatından 150056.71519974 adet 9 id nolu coin karşılığında 55 id nolu coin satın aldı. Emir kapandı.
TRADE - 2021-02-07 09:25:00 --> (0.45190200 1612679100) trade işleminde  : 4n7y5eppa7l3kh6p8cd60697haa8 id nolu alıcı 4n7y5eppa7l3kh6p8cd60697haa8 id nolu satıcıdan 0.00014599 fiyatından 149457.72742187 adet 9 id nolu coin karşılığında 55 id nolu coin satın aldı. Emir kapandı.
TRADE - 2021-02-07 09:25:04 --> (0.94364400 1612679104) trade işleminde  : 4n7y5eppa7l3kh6p8cd60697haa8 id nolu alıcı 4n7y5eppa7l3kh6p8cd60697haa8 id nolu satıcıdan 0.00014599 fiyatından 148861.13068384 adet 9 id nolu coin karşılığında 55 id nolu coin satın aldı. Emir kapandı.
TRADE - 2021-02-07 09:25:08 --> (0.49764600 1612679108) trade işleminde  : 4n7y5eppa7l3kh6p8cd60697haa8 id nolu alıcı 4n7y5eppa7l3kh6p8cd60697haa8 id nolu satıcıdan 0.00014599 fiyatından 148266.91541574 adet 9 id nolu coin karşılığında 55 id nolu coin satın aldı. Emir kapandı.
TRADE - 2021-02-07 09:25:13 --> (0.31061700 1612679113) trade işleminde  : 4n7y5eppa7l3kh6p8cd60697haa8 id nolu alıcı 4n7y5eppa7l3kh6p8cd60697haa8 id nolu satıcıdan 0.00014599 fiyatından 147675.07204769 adet 9 id nolu coin karşılığında 55 id nolu coin satın aldı. Emir kapandı.
TRADE - 2021-02-07 09:25:18 --> (0.16359200 1612679118) trade işleminde  : 4n7y5eppa7l3kh6p8cd60697haa8 id nolu alıcı 4n7y5eppa7l3kh6p8cd60697haa8 id nolu satıcıdan 0.00014599 fiyatından 147085.59114647 adet 9 id nolu coin karşılığında 55 id nolu coin satın aldı. Emir kapandı.
TRADE - 2021-02-07 09:25:27 --> (0.57344100 1612679127) trade işleminde  : 4n7y5eppa7l3kh6p8cd60697haa8 id nolu alıcı 4n7y5eppa7l3kh6p8cd60697haa8 id nolu satıcıdan 0.00014599 fiyatından 13417.74785194 adet 9 id nolu coin karşılığında 55 id nolu coin satın aldı. Emir kapandı.
TRADE - 2021-02-07 09:25:28 --> (0.64272800 1612679128) trade işleminde  : 4n7y5eppa7l3kh6p8cd60697haa8 id nolu alıcı 4n7y5eppa7l3kh6p8cd60697haa8 id nolu satıcıdan 0.00014599 fiyatından 146498.46334728 adet 9 id nolu coin karşılığında 55 id nolu coin almak istedi ama satıcının miktarı(133080.71549534) yetmedi ve emir tekrar etti.
TRADE - 2021-02-07 09:25:32 --> (0.74428400 1612679132) trade işleminde  : 4n7y5eppa7l3kh6p8cd60697haa8 id nolu alıcı 4n7y5eppa7l3kh6p8cd60697haa8 id nolu satıcıdan 0.00014599 fiyatından 145913.67921691 adet 9 id nolu coin karşılığında 55 id nolu coin satın aldı. Emir kapandı.
TRADE - 2021-02-07 09:25:39 --> (0.73579300 1612679139) trade işleminde  : 4n7y5eppa7l3kh6p8cd60697haa8 id nolu alıcı 4n7y5eppa7l3kh6p8cd60697haa8 id nolu satıcıdan 0.00014599 fiyatından 145331.22939053 adet 9 id nolu coin karşılığında 55 id nolu coin satın aldı. Emir kapandı.
TRADE - 2021-02-07 09:25:43 --> (0.69965400 1612679143) trade işleminde  : 4n7y5eppa7l3kh6p8cd60697haa8 id nolu alıcı 4n7y5eppa7l3kh6p8cd60697haa8 id nolu satıcıdan 0.00014599 fiyatından 144751.10457168 adet 9 id nolu coin karşılığında 55 id nolu coin satın aldı. Emir kapandı.
TRADE - 2021-02-07 09:25:47 --> (0.04980800 1612679147) trade işleminde  : 4n7y5eppa7l3kh6p8cd60697haa8 id nolu alıcı 4n7y5eppa7l3kh6p8cd60697haa8 id nolu satıcıdan 0.00014599 fiyatından 144173.29546387 adet 9 id nolu coin karşılığında 55 id nolu coin satın aldı. Emir kapandı.
TRADE - 2021-02-07 09:25:50 --> (0.71267200 1612679150) trade işleminde  : 4n7y5eppa7l3kh6p8cd60697haa8 id nolu alıcı 4n7y5eppa7l3kh6p8cd60697haa8 id nolu satıcıdan 0.00014599 fiyatından 143597.79283898 adet 9 id nolu coin karşılığında 55 id nolu coin satın aldı. Emir kapandı.
TRADE - 2021-02-07 09:25:56 --> (0.68947800 1612679156) trade işleminde  : 4n7y5eppa7l3kh6p8cd60697haa8 id nolu alıcı 4n7y5eppa7l3kh6p8cd60697haa8 id nolu satıcıdan 0.00014599 fiyatından 143024.58740054 adet 9 id nolu coin karşılığında 55 id nolu coin satın aldı. Emir kapandı.
TRADE - 2021-02-07 09:26:08 --> (0.64467000 1612679168) trade işleminde  : 4n7y5eppa7l3kh6p8cd60697haa8 id nolu alıcı 4n7y5eppa7l3kh6p8cd60697haa8 id nolu satıcıdan 0.00014599 fiyatından 142453.67012550 adet 9 id nolu coin karşılığında 55 id nolu coin satın aldı. Emir kapandı.
TRADE - 2021-02-07 09:26:15 --> (0.25021900 1612679175) trade işleminde  : 4n7y5eppa7l3kh6p8cd60697haa8 id nolu alıcı 4n7y5eppa7l3kh6p8cd60697haa8 id nolu satıcıdan 0.00014599 fiyatından 122486.88314299 adet 9 id nolu coin karşılığında 55 id nolu coin satın aldı. Emir kapandı.
TRADE - 2021-02-07 09:26:15 --> (0.79579400 1612679175) trade işleminde  : 4n7y5eppa7l3kh6p8cd60697haa8 id nolu alıcı 4n7y5eppa7l3kh6p8cd60697haa8 id nolu satıcıdan 0.00014599 fiyatından 141885.03178574 adet 9 id nolu coin karşılığında 55 id nolu coin almak istedi ama satıcının miktarı(19398.14864275) yetmedi ve emir tekrar etti.
TRADE - 2021-02-07 09:26:19 --> (0.94305200 1612679179) trade işleminde  : 4n7y5eppa7l3kh6p8cd60697haa8 id nolu alıcı 4n7y5eppa7l3kh6p8cd60697haa8 id nolu satıcıdan 0.00014599 fiyatından 141318.66328986 adet 9 id nolu coin karşılığında 55 id nolu coin satın aldı. Emir kapandı.
TRADE - 2021-02-07 09:26:23 --> (0.93619500 1612679183) trade işleminde  : 4n7y5eppa7l3kh6p8cd60697haa8 id nolu alıcı 4n7y5eppa7l3kh6p8cd60697haa8 id nolu satıcıdan 0.00014599 fiyatından 140754.55554644 adet 9 id nolu coin karşılığında 55 id nolu coin satın aldı. Emir kapandı.
TRADE - 2021-02-07 09:26:27 --> (0.56590300 1612679187) trade işleminde  : 4n7y5eppa7l3kh6p8cd60697haa8 id nolu alıcı 4n7y5eppa7l3kh6p8cd60697haa8 id nolu satıcıdan 0.00014599 fiyatından 140192.69960080 adet 9 id nolu coin karşılığında 55 id nolu coin satın aldı. Emir kapandı.
TRADE - 2021-02-07 09:26:37 --> (0.70342200 1612679197) trade işleminde  : 4n7y5eppa7l3kh6p8cd60697haa8 id nolu alıcı 4n7y5eppa7l3kh6p8cd60697haa8 id nolu satıcıdan 0.00014599 fiyatından 139633.08642988 adet 9 id nolu coin karşılığında 55 id nolu coin satın aldı. Emir kapandı.
TRADE - 2021-02-07 10:12:25 --> (0.20580800 1612681945) trade işleminde  : 098cwh9vwn0titl4xpe25er5r1u4 id nolu satıcı 6bavdl8dik135r3iu118fe4zxti5 id nolu alıcıya 0.00000090 fiyatından 314.77742190 adet 1 id nolu coin karşılığında 128 id nolu coin sattı. Emir kapandı.
TRADE - 2021-02-07 10:23:04 --> (0.78824600 1612682584) trade işleminde  : de106q7go2xawwuz1rlfss0fofx9 id nolu satıcı 6bavdl8dik135r3iu118fe4zxti5 id nolu alıcıya 0.01606858 fiyatından 0.20661170 adet 9 id nolu coin karşılığında 17 id nolu coin sattı. Emir kapandı.
TRADE - 2021-02-07 14:26:34 --> (0.39996600 1612697194) trade işleminde  : no2dnuhutckbktnejjdkkitdgw2n id nolu alıcı zlgxvsiggs0c6qkc3pzi9xvusiux id nolu satıcıdan 0.00989900 fiyatından 318.48506845 adet 9 id nolu coin karşılığında 152 id nolu coin satın aldı. Emir kapandı.
TRADE - 2021-02-07 14:29:52 --> (0.54139100 1612697392) trade işleminde  : no2dnuhutckbktnejjdkkitdgw2n id nolu alıcı no2dnuhutckbktnejjdkkitdgw2n id nolu satıcıdan 0.00000498 fiyatından 4000 adet 6 id nolu coin karşılığında 152 id nolu coin satın aldı. Alıcı almak istediği miktarı aldı. Boş emir açıldı.
TRADE - 2021-02-07 15:18:08 --> (0.89925000 1612700288) trade işleminde  : 6bavdl8dik135r3iu118fe4zxti5 id nolu alıcı mos2e7ikf2bupbanza57ecat03fq id nolu satıcıdan 0.00000155 fiyatından 3160 adet 1 id nolu coin karşılığında 3 id nolu coin satın aldı. Alıcı almak istediği miktarı aldı. Boş emir açıldı.
TRADE - 2021-02-07 15:19:55 --> (0.92114400 1612700395) trade işleminde  : yz0go4cdib874tx2qolfdhn426yu id nolu alıcı zbhbite60ppo1iesfmd0u11cxhhv id nolu satıcıdan 0.00000019 fiyatından 757.06481773 adet 1 id nolu coin karşılığında 161 id nolu coin satın aldı. Emir kapandı.
TRADE - 2021-02-07 15:51:58 --> (0.86946300 1612702318) trade işleminde  : 6bavdl8dik135r3iu118fe4zxti5 id nolu alıcı q8plfntvv4qqkpwnrpu6eg1nfc39 id nolu satıcıdan 0.06001610 fiyatından 341.36099662 adet 9 id nolu coin karşılığında 3 id nolu coin satın aldı. Alıcı almak istediği miktarı aldı. Boş emir açıldı.
TRADE - 2021-02-07 16:37:40 --> (0.55709600 1612705060) trade işleminde  : mos2e7ikf2bupbanza57ecat03fq id nolu alıcı 6bavdl8dik135r3iu118fe4zxti5 id nolu satıcıdan 0.00000160 fiyatından 3046.00000000 adet 1 id nolu coin karşılığında 3 id nolu coin satın aldı. Emir kapandı.
TRADE - 2021-02-07 18:04:02 --> (0.16529100 1612710242) trade işleminde  : 6bavdl8dik135r3iu118fe4zxti5 id nolu alıcı mos2e7ikf2bupbanza57ecat03fq id nolu satıcıdan 0.00000165 fiyatından 3046 adet 1 id nolu coin karşılığında 3 id nolu coin satın aldı. Alıcı almak istediği miktarı aldı. Boş emir açıldı.
TRADE - 2021-02-07 18:22:26 --> (0.67284700 1612711346) trade işleminde  : 6bavdl8dik135r3iu118fe4zxti5 id nolu satıcı de106q7go2xawwuz1rlfss0fofx9 id nolu alıcıya 0.01606858 fiyatından 0.10434194 adet 9 id nolu coin karşılığında 17 id nolu coin sattı. Emir kapandı.
TRADE - 2021-02-07 19:01:28 --> (0.52163300 1612713688) trade işleminde  : 6bavdl8dik135r3iu118fe4zxti5 id nolu alıcı i6ewwoij1k11piqjg59fp0q77r35 id nolu satıcıdan 0.00000170 fiyatından 589.41412236 adet 1 id nolu coin karşılığında 3 id nolu coin satın aldı. Alıcı almak istediği miktarı aldı. Boş emir açıldı.
TRADE - 2021-02-07 19:33:28 --> (0.31068800 1612715608) trade işleminde  : zlgxvsiggs0c6qkc3pzi9xvusiux id nolu alıcı 6bavdl8dik135r3iu118fe4zxti5 id nolu satıcıdan 1527.58000100 fiyatından 0.00207883 adet 9 id nolu coin karşılığında 6 id nolu coin satın aldı. Emir kapandı.
TRADE - 2021-02-07 19:45:29 --> (0.17257100 1612716329) trade işleminde  : 6bavdl8dik135r3iu118fe4zxti5 id nolu satıcı q8plfntvv4qqkpwnrpu6eg1nfc39 id nolu alıcıya 0.06753060 fiyatından 302.16480616 adet 9 id nolu coin karşılığında 3 id nolu coin sattı. Emir kapandı.
TRADE - 2021-02-07 20:08:52 --> (0.79638300 1612717732) trade işleminde  : 6bavdl8dik135r3iu118fe4zxti5 id nolu alıcı hcdgsepc2r8isgirx6zthbl3vi92 id nolu satıcıdan 38110.86000000 fiyatından 0.00015351 adet 9 id nolu coin karşılığında 1 id nolu coin satın aldı. Alıcı almak istediği miktarı aldı. Boş emir açıldı.
TRADE - 2021-02-07 21:15:13 --> (0.24486100 1612721713) trade işleminde  : 6bavdl8dik135r3iu118fe4zxti5 id nolu alıcı i6ewwoij1k11piqjg59fp0q77r35 id nolu satıcıdan 0.00000199 fiyatından 161.89095979 adet 1 id nolu coin karşılığında 3 id nolu coin satın aldı. Alıcı almak istediği miktarı aldı. Boş emir açıldı.
TRADE - 2021-02-07 23:02:43 --> (0.50007300 1612728163) trade işleminde  : tevvosng8il7w9jvbkvhpd5pgyi6 id nolu satıcı 6bavdl8dik135r3iu118fe4zxti5 id nolu alıcıya 0.00000185 fiyatından 133.00000000 adet 1 id nolu coin karşılığında 3 id nolu coin sattı. Emir kapandı.
TRADE - 2021-02-07 23:49:52 --> (0.08744100 1612730992) trade işleminde  : 6bavdl8dik135r3iu118fe4zxti5 id nolu satıcı hcdgsepc2r8isgirx6zthbl3vi92 id nolu alıcıya 0.00000050 fiyatından 11976.04790419 adet 6 id nolu coin karşılığında 139 id nolu coin sattı. Emir kapandı.
TRADE - 2021-02-07 23:54:16 --> (0.81808600 1612731256) trade işleminde  : 6bavdl8dik135r3iu118fe4zxti5 id nolu satıcı tevvosng8il7w9jvbkvhpd5pgyi6 id nolu alıcıya 0.00001097 fiyatından 52.75137965 adet 1 id nolu coin karşılığında 7 id nolu coin sattı. Emir kapandı.
