TRADE - 2021-02-06 08:06:09 --> (0.12967800 1612587969) trade işleminde  : 33fmwffc94kmstf292pfaz6qbqai id nolu alıcı 6bavdl8dik135r3iu118fe4zxti5 id nolu satıcıdan 0.04977590 fiyatından 564.66528483 adet 9 id nolu coin karşılığında 3 id nolu coin satın aldı. Emir kapandı.
TRADE - 2021-02-06 08:06:31 --> (0.91840600 1612587991) trade işleminde  : 33fmwffc94kmstf292pfaz6qbqai id nolu alıcı 6bavdl8dik135r3iu118fe4zxti5 id nolu satıcıdan 0.04977590 fiyatından 1.55187968 adet 9 id nolu coin karşılığında 3 id nolu coin satın aldı. Emir kapandı.
TRADE - 2021-02-06 08:16:58 --> (0.50955800 1612588618) trade işleminde  : 33fmwffc94kmstf292pfaz6qbqai id nolu satıcı 6bavdl8dik135r3iu118fe4zxti5 id nolu alıcıya 0.05016410 fiyatından 566.21716451 adet 9 id nolu coin karşılığında 3 id nolu coin sattı. Emir kapandı.
TRADE - 2021-02-06 13:31:49 --> (0.13896200 1612607509) trade işleminde  : 6bavdl8dik135r3iu118fe4zxti5 id nolu alıcı mos2e7ikf2bupbanza57ecat03fq id nolu satıcıdan 0.00000126 fiyatından 1649 adet 1 id nolu coin karşılığında 3 id nolu coin satın aldı. Alıcı almak istediği miktarı aldı. Boş emir açıldı.
TRADE - 2021-02-06 13:31:49 --> (0.75853800 1612607509) trade işleminde  : 6bavdl8dik135r3iu118fe4zxti5 id nolu alıcı mos2e7ikf2bupbanza57ecat03fq id nolu satıcıdan 0.00000126 fiyatından 1649 adet 1 id nolu coin karşılığında 3 id nolu coin satın aldı. Alıcı almak istediği miktarı aldı. Boş emir açıldı.
TRADE - 2021-02-06 13:39:28 --> (0.46575200 1612607968) trade işleminde  : q8plfntvv4qqkpwnrpu6eg1nfc39 id nolu satıcı 6bavdl8dik135r3iu118fe4zxti5 id nolu alıcıya 0.43432000 fiyatından 39.50634500 adet 9 id nolu coin karşılığında 7 id nolu coin sattı. Emir kapandı.
TRADE - 2021-02-06 13:40:20 --> (0.85283200 1612608020) trade işleminde  : q8plfntvv4qqkpwnrpu6eg1nfc39 id nolu alıcı 6bavdl8dik135r3iu118fe4zxti5 id nolu satıcıdan 0.05006400 fiyatından 341.23767118 adet 9 id nolu coin karşılığında 3 id nolu coin satın aldı. Emir kapandı.
TRADE - 2021-02-06 13:41:12 --> (0.11596900 1612608072) trade işleminde  : 6bavdl8dik135r3iu118fe4zxti5 id nolu satıcı q8plfntvv4qqkpwnrpu6eg1nfc39 id nolu alıcıya 0.05008210 fiyatından 0.12332544 adet 9 id nolu coin karşılığında 3 id nolu coin sattı. Emir kapandı.
TRADE - 2021-02-06 13:42:26 --> (0.42731000 1612608146) trade işleminde  : mos2e7ikf2bupbanza57ecat03fq id nolu alıcı 6bavdl8dik135r3iu118fe4zxti5 id nolu satıcıdan 0.00000126 fiyatından 3285.00000000 adet 1 id nolu coin karşılığında 3 id nolu coin satın aldı. Emir kapandı.
TRADE - 2021-02-06 14:09:32 --> (0.70984100 1612609772) trade işleminde  : 6bavdl8dik135r3iu118fe4zxti5 id nolu satıcı 098cwh9vwn0titl4xpe25er5r1u4 id nolu alıcıya 0.00000086 fiyatından 314.7774219 adet 1 id nolu coin karşılığında 128 id nolu coin sattı. Emir kapandı.
TRADE - 2021-02-06 14:19:21 --> (0.15590400 1612610361) trade işleminde  : zbhbite60ppo1iesfmd0u11cxhhv id nolu satıcı rc1d4yo7dlnuyho2y88i22m268xa id nolu alıcıya 0.00000019 fiyatından 2132.83958399 adet 1 id nolu coin karşılığında 161 id nolu coin sattı. Emir kapandı.
TRADE - 2021-02-06 18:09:13 --> (0.35158100 1612624153) trade işleminde  : fj44e71pzte52i5igwc2u137qyx7 id nolu satıcı no2dnuhutckbktnejjdkkitdgw2n id nolu alıcıya 0.00499979 fiyatından 57.68287825 adet 9 id nolu coin karşılığında 152 id nolu coin sattı. Emir kapandı.
TRADE - 2021-02-06 18:09:39 --> (0.72318500 1612624179) trade işleminde  : fj44e71pzte52i5igwc2u137qyx7 id nolu alıcı fj44e71pzte52i5igwc2u137qyx7 id nolu satıcıdan 0.00629979 fiyatından 5.69961415 adet 9 id nolu coin karşılığında 152 id nolu coin satın aldı. Emir kapandı.
TRADE - 2021-02-06 18:09:51 --> (0.88619800 1612624191) trade işleminde  : fj44e71pzte52i5igwc2u137qyx7 id nolu alıcı fj44e71pzte52i5igwc2u137qyx7 id nolu satıcıdan 0.00629979 fiyatından 17.08177840 adet 9 id nolu coin karşılığında 152 id nolu coin satın aldı. Emir kapandı.
TRADE - 2021-02-06 18:10:05 --> (0.07720800 1612624205) trade işleminde  : fj44e71pzte52i5igwc2u137qyx7 id nolu alıcı fj44e71pzte52i5igwc2u137qyx7 id nolu satıcıdan 0.00629979 fiyatından 22.70751325 adet 9 id nolu coin karşılığında 152 id nolu coin satın aldı. Emir kapandı.
TRADE - 2021-02-06 18:11:11 --> (0.62913500 1612624271) trade işleminde  : fj44e71pzte52i5igwc2u137qyx7 id nolu alıcı zlgxvsiggs0c6qkc3pzi9xvusiux id nolu satıcıdan 0.00989900 fiyatından 3.59838057 adet 9 id nolu coin karşılığında 152 id nolu coin satın aldı. Emir kapandı.
TRADE - 2021-02-06 18:42:00 --> (0.73537000 1612626120) trade işleminde  : t3g2d0atcbqy2qxgonluub2p9sxo id nolu alıcı 6bavdl8dik135r3iu118fe4zxti5 id nolu satıcıdan 0.05075220 fiyatından 126.87097342 adet 9 id nolu coin karşılığında 3 id nolu coin satın aldı. Emir kapandı.
TRADE - 2021-02-06 20:47:18 --> (0.55848800 1612633638) trade işleminde  : 6bbq54ba8sr8tcye3snud33lkn9a id nolu satıcı 6bavdl8dik135r3iu118fe4zxti5 id nolu alıcıya 0.03483000 fiyatından 50.34581908 adet 9 id nolu coin karşılığında 128 id nolu coin sattı. Emir kapandı.
TRADE - 2021-02-06 21:13:52 --> (0.21780600 1612635232) trade işleminde  : 6bavdl8dik135r3iu118fe4zxti5 id nolu alıcı mos2e7ikf2bupbanza57ecat03fq id nolu satıcıdan 0.00000130 fiyatından 3285 adet 1 id nolu coin karşılığında 3 id nolu coin satın aldı. Alıcı almak istediği miktarı aldı. Boş emir açıldı.
TRADE - 2021-02-06 22:39:25 --> (0.30975700 1612640365) trade işleminde  : mos2e7ikf2bupbanza57ecat03fq id nolu alıcı 6bavdl8dik135r3iu118fe4zxti5 id nolu satıcıdan 0.00000132 fiyatından 3104.00000000 adet 1 id nolu coin karşılığında 3 id nolu coin satın aldı. Emir kapandı.
TRADE - 2021-02-06 22:46:59 --> (0.01905000 1612640819) trade işleminde  : mos2e7ikf2bupbanza57ecat03fq id nolu alıcı 6bavdl8dik135r3iu118fe4zxti5 id nolu satıcıdan 0.00000134 fiyatından 116.00000000 adet 1 id nolu coin karşılığında 3 id nolu coin satın aldı. Emir kapandı.
