TRADE - 2021-01-04 02:04:26 --> (0.48823000 1609715066) trade işleminde  : bb30xtl0ipbomvu2hcme6t98yz1c id nolu satıcı 6bavdl8dik135r3iu118fe4zxti5 id nolu alıcıya 0.02956000 fiyatından 404.63511900 adet 9 id nolu coin karşılığında 128 id nolu coin sattı. Emir kapandı.
TRADE - 2021-01-04 04:10:03 --> (0.27000900 1609722603) trade işleminde  : m0xcu7ndf5xqw4j0zz1jk70zgfs1 id nolu satıcı hzon720zk2cdr3dyllb8pr4yhpae id nolu alıcıya 0.00000100 fiyatından 6280.93751638 adet 6 id nolu coin karşılığında 152 id nolu coin sattı. Emir kapandı.
TRADE - 2021-01-04 04:10:11 --> (0.21935400 1609722611) trade işleminde  : m0xcu7ndf5xqw4j0zz1jk70zgfs1 id nolu satıcı hzon720zk2cdr3dyllb8pr4yhpae id nolu alıcıya 0.00000100 fiyatından 6990.38982893 adet 6 id nolu coin karşılığında 152 id nolu coin sattı. Emir kapandı.
TRADE - 2021-01-04 04:10:21 --> (0.62443000 1609722621) trade işleminde  : m0xcu7ndf5xqw4j0zz1jk70zgfs1 id nolu satıcı 3p5816hym8x0z1sklpax6bm8dpcs id nolu alıcıya 0.00000099 fiyatından 11725.25109737 adet 6 id nolu coin karşılığında 152 id nolu coin sattı. Emir kapandı.
TRADE - 2021-01-04 04:10:21 --> (0.86600600 1609722621) trade işleminde  : m0xcu7ndf5xqw4j0zz1jk70zgfs1 id nolu satıcı 3p5816hym8x0z1sklpax6bm8dpcs id nolu alıcıya 0.00000099 fiyatından 11852.42272019 adet 6 id nolu coin karşılığında 152 id nolu coini satmak istedi ama alıcının miktarı(127.17162282) yetmedi ve emir tekrar etti.
TRADE - 2021-01-04 04:10:59 --> (0.02591000 1609722659) trade işleminde  : m0xcu7ndf5xqw4j0zz1jk70zgfs1 id nolu satıcı 6bavdl8dik135r3iu118fe4zxti5 id nolu alıcıya 977.87999900 fiyatından 0.02495522 adet 9 id nolu coin karşılığında 6 id nolu coin sattı. Emir kapandı.
TRADE - 2021-01-04 04:11:38 --> (0.42356400 1609722698) trade işleminde  : m0xcu7ndf5xqw4j0zz1jk70zgfs1 id nolu alıcı 6bavdl8dik135r3iu118fe4zxti5 id nolu satıcıdan 0.22764000 fiyatından 107.34907645 adet 9 id nolu coin karşılığında 7 id nolu coin satın aldı. Emir kapandı.
TRADE - 2021-01-04 04:34:29 --> (0.69894800 1609724069) trade işleminde  : zlgxvsiggs0c6qkc3pzi9xvusiux id nolu alıcı 6bavdl8dik135r3iu118fe4zxti5 id nolu satıcıdan 963.22000100 fiyatından 0.00418603 adet 9 id nolu coin karşılığında 6 id nolu coin satın aldı. Emir kapandı.
TRADE - 2021-01-04 04:39:06 --> (0.88604800 1609724346) trade işleminde  : zlgxvsiggs0c6qkc3pzi9xvusiux id nolu satıcı h6f3c16e0d89qayvu6f07mr2ltyc id nolu alıcıya 0.00000101 fiyatından 512000.49337464 adet 9 id nolu coin karşılığında 121 id nolu coin sattı. Emir kapandı.
TRADE - 2021-01-04 04:39:07 --> (0.16735300 1609724347) trade işleminde  : zlgxvsiggs0c6qkc3pzi9xvusiux id nolu satıcı b9rg9bonvwn0kejc828gjpowdlzh id nolu alıcıya 0.00000103 fiyatından 1581871.6904054 adet 9 id nolu coin karşılığında 121 id nolu coini satmak istedi ama alıcının miktarı(1069871.1970308) yetmedi ve emir tekrar etti.
TRADE - 2021-01-04 04:39:07 --> (0.39236000 1609724347) trade işleminde  : zlgxvsiggs0c6qkc3pzi9xvusiux id nolu satıcı 270bkifjjllri9jwellc2kthl2yj id nolu alıcıya 0.00000104 fiyatından 2541490.91349768 adet 9 id nolu coin karşılığında 121 id nolu coini satmak istedi ama alıcının miktarı(959619.22309228) yetmedi ve emir tekrar etti.
TRADE - 2021-01-04 04:40:15 --> (0.38262800 1609724415) trade işleminde  : zlgxvsiggs0c6qkc3pzi9xvusiux id nolu alıcı 6bavdl8dik135r3iu118fe4zxti5 id nolu satıcıdan 967.12000100 fiyatından 0.00269526 adet 9 id nolu coin karşılığında 6 id nolu coin satın aldı. Emir kapandı.
TRADE - 2021-01-04 04:44:13 --> (0.01889000 1609724653) trade işleminde  : 6bavdl8dik135r3iu118fe4zxti5 id nolu alıcı 9rbvwfitqqlza984naxx63xpuacn id nolu satıcıdan 0.00000398 fiyatından 499.6 adet 1 id nolu coin karşılığında 74 id nolu coin satın aldı. Alıcı almak istediği miktarı aldı. Boş emir açıldı.
TRADE - 2021-01-04 05:26:56 --> (0.78807900 1609727216) trade işleminde  : 9rbvwfitqqlza984naxx63xpuacn id nolu alıcı 6bavdl8dik135r3iu118fe4zxti5 id nolu satıcıdan 0.00481000 fiyatından 0.41097096 adet 1 id nolu coin karşılığında 2 id nolu coin satın aldı. Emir kapandı.
TRADE - 2021-01-04 15:51:00 --> (0.20691000 1609764660) trade işleminde  : bb30xtl0ipbomvu2hcme6t98yz1c id nolu alıcı 6bavdl8dik135r3iu118fe4zxti5 id nolu satıcıdan 0.03005000 fiyatından 396.44810512 adet 9 id nolu coin karşılığında 128 id nolu coin satın aldı. Emir kapandı.
TRADE - 2021-01-04 17:14:57 --> (0.28115800 1609769697) trade işleminde  : 3p5816hym8x0z1sklpax6bm8dpcs id nolu alıcı 3p5816hym8x0z1sklpax6bm8dpcs id nolu satıcıdan 0.00700000 fiyatından 8.00000000 adet 9 id nolu coin karşılığında 152 id nolu coin satın aldı. Emir kapandı.
TRADE - 2021-01-04 19:27:15 --> (0.50617300 1609777635) trade işleminde  : de106q7go2xawwuz1rlfss0fofx9 id nolu alıcı 6bavdl8dik135r3iu118fe4zxti5 id nolu satıcıdan 0.00969390 fiyatından 0.34244327 adet 9 id nolu coin karşılığında 3 id nolu coin satın aldı. Emir kapandı.
TRADE - 2021-01-04 19:27:24 --> (0.86680000 1609777644) trade işleminde  : de106q7go2xawwuz1rlfss0fofx9 id nolu satıcı 6bavdl8dik135r3iu118fe4zxti5 id nolu alıcıya 0.00967890 fiyatından 0.35244327 adet 9 id nolu coin karşılığında 3 id nolu coin sattı. Emir kapandı.
TRADE - 2021-01-04 19:27:48 --> (0.92011900 1609777668) trade işleminde  : de106q7go2xawwuz1rlfss0fofx9 id nolu alıcı 6bavdl8dik135r3iu118fe4zxti5 id nolu satıcıdan 0.23054000 fiyatından 0.01953753 adet 9 id nolu coin karşılığında 7 id nolu coin satın aldı. Emir kapandı.
TRADE - 2021-01-04 19:28:54 --> (0.20319800 1609777734) trade işleminde  : de106q7go2xawwuz1rlfss0fofx9 id nolu satıcı 6bavdl8dik135r3iu118fe4zxti5 id nolu alıcıya 0.23096000 fiyatından 0.01953953 adet 9 id nolu coin karşılığında 7 id nolu coin sattı. Emir kapandı.
TRADE - 2021-01-04 19:30:51 --> (0.33370200 1609777851) trade işleminde  : de106q7go2xawwuz1rlfss0fofx9 id nolu alıcı 6bavdl8dik135r3iu118fe4zxti5 id nolu satıcıdan 0.02937000 fiyatından 0.11478116 adet 9 id nolu coin karşılığında 128 id nolu coin satın aldı. Emir kapandı.
TRADE - 2021-01-04 19:31:46 --> (0.90885000 1609777906) trade işleminde  : 3p5816hym8x0z1sklpax6bm8dpcs id nolu alıcı 3p5816hym8x0z1sklpax6bm8dpcs id nolu satıcıdan 0.00000680 fiyatından 100 adet 6 id nolu coin karşılığında 152 id nolu coin satın aldı. Alıcı almak istediği miktarı aldı. Boş emir açıldı.
TRADE - 2021-01-04 19:32:04 --> (0.81602100 1609777924) trade işleminde  : 3p5816hym8x0z1sklpax6bm8dpcs id nolu alıcı 3p5816hym8x0z1sklpax6bm8dpcs id nolu satıcıdan 0.00000690 fiyatından 91 adet 6 id nolu coin karşılığında 152 id nolu coin satın aldı. Alıcı almak istediği miktarı aldı. Boş emir açıldı.
TRADE - 2021-01-04 19:32:21 --> (0.33933500 1609777941) trade işleminde  : 3p5816hym8x0z1sklpax6bm8dpcs id nolu alıcı 3p5816hym8x0z1sklpax6bm8dpcs id nolu satıcıdan 0.00000700 fiyatından 69 adet 6 id nolu coin karşılığında 152 id nolu coin satın aldı. Alıcı almak istediği miktarı aldı. Boş emir açıldı.
TRADE - 2021-01-04 19:33:29 --> (0.41427300 1609778009) trade işleminde  : 3p5816hym8x0z1sklpax6bm8dpcs id nolu alıcı 3p5816hym8x0z1sklpax6bm8dpcs id nolu satıcıdan 0.00000720 fiyatından 98 adet 6 id nolu coin karşılığında 152 id nolu coin satın aldı. Alıcı almak istediği miktarı aldı. Boş emir açıldı.
TRADE - 2021-01-04 19:44:26 --> (0.76582000 1609778666) trade işleminde  : 6bavdl8dik135r3iu118fe4zxti5 id nolu alıcı 6bavdl8dik135r3iu118fe4zxti5 id nolu satıcıdan 0.02931000 fiyatından 12316.935 adet 9 id nolu coin karşılığında 128 id nolu coin satın aldı. Alıcı almak istediği miktarı aldı. Boş emir açıldı.
TRADE - 2021-01-04 19:44:57 --> (0.39602900 1609778697) trade işleminde  : de106q7go2xawwuz1rlfss0fofx9 id nolu satıcı 6bavdl8dik135r3iu118fe4zxti5 id nolu alıcıya 0.02930000 fiyatından 0.11508116 adet 9 id nolu coin karşılığında 128 id nolu coin sattı. Emir kapandı.
