TRADE - 2020-11-04 07:46:42 --> (0.43325100 1604476002) trade işleminde  : 6bavdl8dik135r3iu118fe4zxti5 id nolu satıcı icnp9ss2gj8pk4q9b38kgtk31pyv id nolu alıcıya 0.00250730 fiyatından 1003.93341264 adet 9 id nolu coin karşılığında 3 id nolu coin sattı. Emir kapandı.
TRADE - 2020-11-04 10:02:23 --> (0.04092100 1604484143) trade işleminde  : i39wfsjxultrzyt5hk9mx5t86d4c id nolu satıcı 6bavdl8dik135r3iu118fe4zxti5 id nolu alıcıya 0.02786700 fiyatından 0.00395523 adet 1 id nolu coin karşılığında 6 id nolu coin sattı. Emir kapandı.
TRADE - 2020-11-04 10:03:14 --> (0.37395500 1604484194) trade işleminde  : i39wfsjxultrzyt5hk9mx5t86d4c id nolu alıcı i39wfsjxultrzyt5hk9mx5t86d4c id nolu satıcıdan 0.00000001 fiyatından 577.79178485 adet 1 id nolu coin karşılığında 121 id nolu coin satın aldı. Emir kapandı.
TRADE - 2020-11-04 10:04:11 --> (0.79539400 1604484251) trade işleminde  : i39wfsjxultrzyt5hk9mx5t86d4c id nolu alıcı i39wfsjxultrzyt5hk9mx5t86d4c id nolu satıcıdan 0.00000001 fiyatından 10976.04790419 adet 1 id nolu coin karşılığında 121 id nolu coin satın aldı. Emir kapandı.
TRADE - 2020-11-04 14:24:32 --> (0.31551900 1604499872) trade işleminde  : a1rpvodd6y1w3lgpeeru9foj7ufu id nolu satıcı 6bavdl8dik135r3iu118fe4zxti5 id nolu alıcıya 0.00000112 fiyatından 244.78000000 adet 6 id nolu coin karşılığında 139 id nolu coin sattı. Emir kapandı.
TRADE - 2020-11-04 15:47:14 --> (0.38510800 1604504834) trade işleminde  : ebhx9wjf67y4iv1pjb76gbmnkmak id nolu satıcı gwgvn9fj4jobujl16xk5gy1vey0k id nolu alıcıya 0.00000344 fiyatından 382370.32910922 adet 9 id nolu coin karşılığında 145 id nolu coin sattı. Emir kapandı.
TRADE - 2020-11-04 15:47:34 --> (0.23828600 1604504854) trade işleminde  : ebhx9wjf67y4iv1pjb76gbmnkmak id nolu satıcı pueyuln96jwbouymlk2vtmxks9g5 id nolu alıcıya 0.00000342 fiyatından 1028449.00000000 adet 9 id nolu coin karşılığında 145 id nolu coin sattı. Emir kapandı.
TRADE - 2020-11-04 15:48:04 --> (0.93740800 1604504884) trade işleminde  : ebhx9wjf67y4iv1pjb76gbmnkmak id nolu satıcı pueyuln96jwbouymlk2vtmxks9g5 id nolu alıcıya 0.00000342 fiyatından 629253.81075276 adet 9 id nolu coin karşılığında 145 id nolu coin sattı. Emir kapandı.
TRADE - 2020-11-04 16:20:38 --> (0.04155400 1604506838) trade işleminde  : gl1s7binuyj3t4yhq7kkieql6k60 id nolu satıcı 6bavdl8dik135r3iu118fe4zxti5 id nolu alıcıya 0.02827300 fiyatından 0.00709672 adet 1 id nolu coin karşılığında 6 id nolu coin sattı. Emir kapandı.
TRADE - 2020-11-04 16:22:29 --> (0.11032900 1604506949) trade işleminde  : 6bavdl8dik135r3iu118fe4zxti5 id nolu alıcı a1rpvodd6y1w3lgpeeru9foj7ufu id nolu satıcıdan 0.00378742 fiyatından 98.118 adet 9 id nolu coin karşılığında 17 id nolu coin satın aldı. Alıcı almak istediği miktarı aldı. Boş emir açıldı.
TRADE - 2020-11-04 16:26:15 --> (0.39415900 1604507175) trade işleminde  : gl1s7binuyj3t4yhq7kkieql6k60 id nolu alıcı vbwd8y186ks739mtunzjgur0yij3 id nolu satıcıdan 0.00001155 fiyatından 17.30219215 adet 1 id nolu coin karşılığında 79 id nolu coin satın aldı. Emir kapandı.
TRADE - 2020-11-04 16:52:39 --> (0.24358300 1604508759) trade işleminde  : gl1s7binuyj3t4yhq7kkieql6k60 id nolu satıcı cvmata43uprbtl40jwjol7sw8uv7 id nolu alıcıya 0.00000046 fiyatından 1032.00000000 adet 6 id nolu coin karşılığında 122 id nolu coin sattı. Emir kapandı.
TRADE - 2020-11-04 17:39:22 --> (0.93676600 1604511562) trade işleminde  : dh38yc9ylwpzn2d69bzuzvv1c8jx id nolu satıcı 6bavdl8dik135r3iu118fe4zxti5 id nolu alıcıya 404.56999900 fiyatından 0.00200392 adet 9 id nolu coin karşılığında 6 id nolu coin sattı. Emir kapandı.
TRADE - 2020-11-04 17:42:30 --> (0.29041700 1604511750) trade işleminde  : hq89sanm241lnihbj5b6oqd5z3bh id nolu satıcı cvmata43uprbtl40jwjol7sw8uv7 id nolu alıcıya 0.00000046 fiyatından 39683.89304566 adet 6 id nolu coin karşılığında 122 id nolu coin sattı. Emir kapandı.
TRADE - 2020-11-04 18:10:39 --> (0.65073400 1604513439) trade işleminde  : hq89sanm241lnihbj5b6oqd5z3bh id nolu satıcı 6bavdl8dik135r3iu118fe4zxti5 id nolu alıcıya 401.59999900 fiyatından 0.01821808 adet 9 id nolu coin karşılığında 6 id nolu coin sattı. Emir kapandı.
TRADE - 2020-11-04 20:03:45 --> (0.82637500 1604520225) trade işleminde  : i9sf7t8v4kgvsvskp2glfofl545k id nolu alıcı 5oug6wjw21ln5fg4ku0udtdau833 id nolu satıcıdan 0.00000001 fiyatından 29517.21556886 adet 6 id nolu coin karşılığında 121 id nolu coin satın aldı. Emir kapandı.
TRADE - 2020-11-04 20:36:52 --> (0.20827600 1604522212) trade işleminde  : gl1s7binuyj3t4yhq7kkieql6k60 id nolu satıcı cvmata43uprbtl40jwjol7sw8uv7 id nolu alıcıya 0.00000046 fiyatından 514.00000000 adet 6 id nolu coin karşılığında 122 id nolu coin sattı. Emir kapandı.
TRADE - 2020-11-04 20:38:48 --> (0.63643000 1604522328) trade işleminde  : gl1s7binuyj3t4yhq7kkieql6k60 id nolu alıcı hq89sanm241lnihbj5b6oqd5z3bh id nolu satıcıdan 0.00041600 fiyatından 0.85135018 adet 6 id nolu coin karşılığında 79 id nolu coin satın aldı. Emir kapandı.
TRADE - 2020-11-04 23:18:56 --> (0.90009100 1604531936) trade işleminde  : 74jekxgz6t56s3nmm0u7z6wqcjxx id nolu alıcı xm2qgr2qaisz7kjfeeb8mgrydaub id nolu satıcıdan 0.00000250 fiyatından 1.49700599 adet 1 id nolu coin karşılığında 155 id nolu coin satın aldı. Emir kapandı.
TRADE - 2020-11-04 23:20:33 --> (0.21633100 1604532033) trade işleminde  : 74jekxgz6t56s3nmm0u7z6wqcjxx id nolu alıcı anqjka6bpomy1v2r0w0l4jun3588 id nolu satıcıdan 0.00000009 fiyatından 2736.61248931 adet 1 id nolu coin karşılığında 122 id nolu coin satın aldı. Emir kapandı.
