TRADE - 2021-01-12 06:20:30 --> (0.03020300 1610421630) trade işleminde  : o3bdse9el0mi1ma3ykplkcxiwx7d id nolu satıcı 6bavdl8dik135r3iu118fe4zxti5 id nolu alıcıya 1072.80999900 fiyatından 0.00405815 adet 9 id nolu coin karşılığında 6 id nolu coin sattı. Emir kapandı.
TRADE - 2021-01-12 06:21:31 --> (0.98230500 1610421691) trade işleminde  : o3bdse9el0mi1ma3ykplkcxiwx7d id nolu satıcı 6bavdl8dik135r3iu118fe4zxti5 id nolu alıcıya 0.00834500 fiyatından 0.40000000 adet 9 id nolu coin karşılığında 3 id nolu coin sattı. Emir kapandı.
TRADE - 2021-01-12 06:25:44 --> (0.00189800 1610421944) trade işleminde  : o3bdse9el0mi1ma3ykplkcxiwx7d id nolu satıcı 6bavdl8dik135r3iu118fe4zxti5 id nolu alıcıya 0.02916000 fiyatından 0.00380000 adet 9 id nolu coin karşılığında 128 id nolu coin sattı. Emir kapandı.
TRADE - 2021-01-12 07:19:56 --> (0.05577400 1610425196) trade işleminde  : hzon720zk2cdr3dyllb8pr4yhpae id nolu satıcı 6bavdl8dik135r3iu118fe4zxti5 id nolu alıcıya 1084.52999900 fiyatından 0.00707743 adet 9 id nolu coin karşılığında 6 id nolu coin sattı. Emir kapandı.
TRADE - 2021-01-12 07:21:24 --> (0.65150700 1610425284) trade işleminde  : hzon720zk2cdr3dyllb8pr4yhpae id nolu alıcı 6bavdl8dik135r3iu118fe4zxti5 id nolu satıcıdan 0.00852710 fiyatından 1283.13182246 adet 9 id nolu coin karşılığında 3 id nolu coin satın aldı. Emir kapandı.
TRADE - 2021-01-12 07:24:07 --> (0.65840500 1610425447) trade işleminde  : o3bdse9el0mi1ma3ykplkcxiwx7d id nolu alıcı 6bavdl8dik135r3iu118fe4zxti5 id nolu satıcıdan 488.23930219 fiyatından 0.00890810 adet 9 id nolu coin karşılığında 15 id nolu coin satın aldı. Emir kapandı.
TRADE - 2021-01-12 07:35:39 --> (0.64314400 1610426139) trade işleminde  : hzon720zk2cdr3dyllb8pr4yhpae id nolu satıcı 6bavdl8dik135r3iu118fe4zxti5 id nolu alıcıya 0.00856000 fiyatından 1283.18264425 adet 9 id nolu coin karşılığında 3 id nolu coin sattı. Emir kapandı.
TRADE - 2021-01-12 07:36:40 --> (0.10127500 1610426200) trade işleminde  : hzon720zk2cdr3dyllb8pr4yhpae id nolu alıcı 6bavdl8dik135r3iu118fe4zxti5 id nolu satıcıdan 0.02925000 fiyatından 374.02375932 adet 9 id nolu coin karşılığında 128 id nolu coin satın aldı. Emir kapandı.
TRADE - 2021-01-12 07:39:39 --> (0.93240100 1610426379) trade işleminde  : hzon720zk2cdr3dyllb8pr4yhpae id nolu satıcı 6bavdl8dik135r3iu118fe4zxti5 id nolu alıcıya 0.02922000 fiyatından 374.02675932 adet 9 id nolu coin karşılığında 128 id nolu coin sattı. Emir kapandı.
TRADE - 2021-01-12 07:50:20 --> (0.52403000 1610427020) trade işleminde  : hzon720zk2cdr3dyllb8pr4yhpae id nolu alıcı kl8a9ie26gyi3gttzmrbj7dm1dso id nolu satıcıdan 0.00002500 fiyatından 50000 adet 9 id nolu coin karşılığında 141 id nolu coin satın aldı. Alıcı almak istediği miktarı aldı. Boş emir açıldı.
TRADE - 2021-01-12 07:50:21 --> (0.09661800 1610427021) trade işleminde  : hzon720zk2cdr3dyllb8pr4yhpae id nolu alıcı s254pfry6fmhaaf6lpf2unnax3eb id nolu satıcıdan 0.00002500 fiyatından 175360.11058523 adet 9 id nolu coin karşılığında 141 id nolu coin almak istedi ama satıcının miktarı(125360.11058523) yetmedi ve emir tekrar etti.
TRADE - 2021-01-12 07:50:30 --> (0.06327700 1610427030) trade işleminde  : hzon720zk2cdr3dyllb8pr4yhpae id nolu alıcı xqcosnks94ze1zh0i0ihaklwxj94 id nolu satıcıdan 0.00002850 fiyatından 99283 adet 9 id nolu coin karşılığında 141 id nolu coin satın aldı. Alıcı almak istediği miktarı aldı. Boş emir açıldı.
TRADE - 2021-01-12 07:57:50 --> (0.12259900 1610427470) trade işleminde  : hzon720zk2cdr3dyllb8pr4yhpae id nolu alıcı hzon720zk2cdr3dyllb8pr4yhpae id nolu satıcıdan 0.00012567 fiyatından 2660.77764631 adet 9 id nolu coin karşılığında 141 id nolu coin satın aldı. Emir kapandı.
TRADE - 2021-01-12 07:58:07 --> (0.12157600 1610427487) trade işleminde  : hzon720zk2cdr3dyllb8pr4yhpae id nolu alıcı hzon720zk2cdr3dyllb8pr4yhpae id nolu satıcıdan 0.00012567 fiyatından 1000.00000000 adet 9 id nolu coin karşılığında 141 id nolu coin satın aldı. Emir kapandı.
TRADE - 2021-01-12 07:58:09 --> (0.40962000 1610427489) trade işleminde  : hzon720zk2cdr3dyllb8pr4yhpae id nolu alıcı hzon720zk2cdr3dyllb8pr4yhpae id nolu satıcıdan 0.00012567 fiyatından 1000.00000000 adet 9 id nolu coin karşılığında 141 id nolu coin satın aldı. Emir kapandı.
TRADE - 2021-01-12 07:58:13 --> (0.68872400 1610427493) trade işleminde  : hzon720zk2cdr3dyllb8pr4yhpae id nolu alıcı hzon720zk2cdr3dyllb8pr4yhpae id nolu satıcıdan 0.00012567 fiyatından 1000.00000000 adet 9 id nolu coin karşılığında 141 id nolu coin satın aldı. Emir kapandı.
TRADE - 2021-01-12 07:58:14 --> (0.47253900 1610427494) trade işleminde  : hzon720zk2cdr3dyllb8pr4yhpae id nolu alıcı hzon720zk2cdr3dyllb8pr4yhpae id nolu satıcıdan 0.00012567 fiyatından 1000.00000000 adet 9 id nolu coin karşılığında 141 id nolu coin satın aldı. Emir kapandı.
TRADE - 2021-01-12 07:58:17 --> (0.86689100 1610427497) trade işleminde  : hzon720zk2cdr3dyllb8pr4yhpae id nolu alıcı hzon720zk2cdr3dyllb8pr4yhpae id nolu satıcıdan 0.00012567 fiyatından 1000.00000000 adet 9 id nolu coin karşılığında 141 id nolu coin satın aldı. Emir kapandı.
TRADE - 2021-01-12 07:58:20 --> (0.72904200 1610427500) trade işleminde  : hzon720zk2cdr3dyllb8pr4yhpae id nolu alıcı hzon720zk2cdr3dyllb8pr4yhpae id nolu satıcıdan 0.00012567 fiyatından 1000 adet 9 id nolu coin karşılığında 141 id nolu coin satın aldı. Alıcı almak istediği miktarı aldı. Boş emir açıldı.
TRADE - 2021-01-12 07:58:39 --> (0.78417000 1610427519) trade işleminde  : hzon720zk2cdr3dyllb8pr4yhpae id nolu alıcı hzon720zk2cdr3dyllb8pr4yhpae id nolu satıcıdan 0.00013596 fiyatından 2668.58979600 adet 9 id nolu coin karşılığında 141 id nolu coin satın aldı. Emir kapandı.
TRADE - 2021-01-12 07:58:50 --> (0.32852600 1610427530) trade işleminde  : hzon720zk2cdr3dyllb8pr4yhpae id nolu alıcı hzon720zk2cdr3dyllb8pr4yhpae id nolu satıcıdan 0.00013596 fiyatından 1467.58979600 adet 9 id nolu coin karşılığında 141 id nolu coin satın aldı. Emir kapandı.
TRADE - 2021-01-12 07:59:09 --> (0.27949200 1610427549) trade işleminde  : hzon720zk2cdr3dyllb8pr4yhpae id nolu alıcı hzon720zk2cdr3dyllb8pr4yhpae id nolu satıcıdan 0.00013596 fiyatından 1283.58979600 adet 9 id nolu coin karşılığında 141 id nolu coin satın aldı. Emir kapandı.
TRADE - 2021-01-12 07:59:17 --> (0.14134700 1610427557) trade işleminde  : hzon720zk2cdr3dyllb8pr4yhpae id nolu alıcı hzon720zk2cdr3dyllb8pr4yhpae id nolu satıcıdan 0.00013596 fiyatından 1075.81384673 adet 9 id nolu coin karşılığında 141 id nolu coin satın aldı. Alıcı almak istediği miktarı aldı. Boş emir açıldı.
TRADE - 2021-01-12 08:00:05 --> (0.35462800 1610427605) trade işleminde  : hzon720zk2cdr3dyllb8pr4yhpae id nolu alıcı hzon720zk2cdr3dyllb8pr4yhpae id nolu satıcıdan 0.00014974 fiyatından 871.68742605 adet 9 id nolu coin karşılığında 141 id nolu coin satın aldı. Emir kapandı.
TRADE - 2021-01-12 08:00:22 --> (0.87418700 1610427622) trade işleminde  : hzon720zk2cdr3dyllb8pr4yhpae id nolu alıcı hzon720zk2cdr3dyllb8pr4yhpae id nolu satıcıdan 0.00014974 fiyatından 1000.00000000 adet 9 id nolu coin karşılığında 141 id nolu coin satın aldı. Emir kapandı.
TRADE - 2021-01-12 08:00:24 --> (0.92482600 1610427624) trade işleminde  : hzon720zk2cdr3dyllb8pr4yhpae id nolu alıcı hzon720zk2cdr3dyllb8pr4yhpae id nolu satıcıdan 0.00014974 fiyatından 1000.00000000 adet 9 id nolu coin karşılığında 141 id nolu coin satın aldı. Emir kapandı.
TRADE - 2021-01-12 08:00:26 --> (0.85355800 1610427626) trade işleminde  : hzon720zk2cdr3dyllb8pr4yhpae id nolu alıcı hzon720zk2cdr3dyllb8pr4yhpae id nolu satıcıdan 0.00014974 fiyatından 1000.00000000 adet 9 id nolu coin karşılığında 141 id nolu coin satın aldı. Emir kapandı.
TRADE - 2021-01-12 08:00:28 --> (0.42208100 1610427628) trade işleminde  : hzon720zk2cdr3dyllb8pr4yhpae id nolu alıcı hzon720zk2cdr3dyllb8pr4yhpae id nolu satıcıdan 0.00014974 fiyatından 1000 adet 9 id nolu coin karşılığında 141 id nolu coin satın aldı. Alıcı almak istediği miktarı aldı. Boş emir açıldı.
TRADE - 2021-01-12 08:00:53 --> (0.53123400 1610427653) trade işleminde  : hzon720zk2cdr3dyllb8pr4yhpae id nolu alıcı hzon720zk2cdr3dyllb8pr4yhpae id nolu satıcıdan 0.00015000 fiyatından 1653.76556953 adet 9 id nolu coin karşılığında 141 id nolu coin satın aldı. Emir kapandı.
TRADE - 2021-01-12 08:00:55 --> (0.14536900 1610427655) trade işleminde  : hzon720zk2cdr3dyllb8pr4yhpae id nolu alıcı hzon720zk2cdr3dyllb8pr4yhpae id nolu satıcıdan 0.00015000 fiyatından 1653.76556953 adet 9 id nolu coin karşılığında 141 id nolu coin satın aldı. Emir kapandı.
TRADE - 2021-01-12 08:00:57 --> (0.18637900 1610427657) trade işleminde  : hzon720zk2cdr3dyllb8pr4yhpae id nolu alıcı hzon720zk2cdr3dyllb8pr4yhpae id nolu satıcıdan 0.00015000 fiyatından 1653.76556953 adet 9 id nolu coin karşılığında 141 id nolu coin satın aldı. Emir kapandı.
TRADE - 2021-01-12 08:00:59 --> (0.34317300 1610427659) trade işleminde  : hzon720zk2cdr3dyllb8pr4yhpae id nolu alıcı hzon720zk2cdr3dyllb8pr4yhpae id nolu satıcıdan 0.00015000 fiyatından 1653.76556953 adet 9 id nolu coin karşılığında 141 id nolu coin satın aldı. Emir kapandı.
TRADE - 2021-01-12 08:01:01 --> (0.48347600 1610427661) trade işleminde  : hzon720zk2cdr3dyllb8pr4yhpae id nolu alıcı hzon720zk2cdr3dyllb8pr4yhpae id nolu satıcıdan 0.00015000 fiyatından 1653.76556953 adet 9 id nolu coin karşılığında 141 id nolu coin satın aldı. Emir kapandı.
TRADE - 2021-01-12 08:01:03 --> (0.90580300 1610427663) trade işleminde  : hzon720zk2cdr3dyllb8pr4yhpae id nolu alıcı hzon720zk2cdr3dyllb8pr4yhpae id nolu satıcıdan 0.00015000 fiyatından 1653.76556953 adet 9 id nolu coin karşılığında 141 id nolu coin satın aldı. Emir kapandı.
TRADE - 2021-01-12 08:01:07 --> (0.67424300 1610427667) trade işleminde  : hzon720zk2cdr3dyllb8pr4yhpae id nolu alıcı hzon720zk2cdr3dyllb8pr4yhpae id nolu satıcıdan 0.00015000 fiyatından 1653.76556953 adet 9 id nolu coin karşılığında 141 id nolu coin satın aldı. Emir kapandı.
TRADE - 2021-01-12 08:01:12 --> (0.51188200 1610427672) trade işleminde  : hzon720zk2cdr3dyllb8pr4yhpae id nolu alıcı hzon720zk2cdr3dyllb8pr4yhpae id nolu satıcıdan 0.00015000 fiyatından 2077.40658282 adet 9 id nolu coin karşılığında 141 id nolu coin satın aldı. Alıcı almak istediği miktarı aldı. Boş emir açıldı.
TRADE - 2021-01-12 08:02:36 --> (0.14627800 1610427756) trade işleminde  : hzon720zk2cdr3dyllb8pr4yhpae id nolu alıcı hzon720zk2cdr3dyllb8pr4yhpae id nolu satıcıdan 0.00017835 fiyatından 297.61266645 adet 9 id nolu coin karşılığında 141 id nolu coin satın aldı. Emir kapandı.
TRADE - 2021-01-12 08:02:37 --> (0.87720100 1610427757) trade işleminde  : hzon720zk2cdr3dyllb8pr4yhpae id nolu alıcı hzon720zk2cdr3dyllb8pr4yhpae id nolu satıcıdan 0.00017835 fiyatından 297.61266645 adet 9 id nolu coin karşılığında 141 id nolu coin satın aldı. Emir kapandı.
TRADE - 2021-01-12 08:02:39 --> (0.52191100 1610427759) trade işleminde  : hzon720zk2cdr3dyllb8pr4yhpae id nolu alıcı hzon720zk2cdr3dyllb8pr4yhpae id nolu satıcıdan 0.00017835 fiyatından 297.61266645 adet 9 id nolu coin karşılığında 141 id nolu coin satın aldı. Emir kapandı.
TRADE - 2021-01-12 08:02:41 --> (0.26399600 1610427761) trade işleminde  : hzon720zk2cdr3dyllb8pr4yhpae id nolu alıcı hzon720zk2cdr3dyllb8pr4yhpae id nolu satıcıdan 0.00017835 fiyatından 297.61266645 adet 9 id nolu coin karşılığında 141 id nolu coin satın aldı. Emir kapandı.
TRADE - 2021-01-12 08:02:42 --> (0.96419200 1610427762) trade işleminde  : hzon720zk2cdr3dyllb8pr4yhpae id nolu alıcı hzon720zk2cdr3dyllb8pr4yhpae id nolu satıcıdan 0.00017835 fiyatından 297.61266645 adet 9 id nolu coin karşılığında 141 id nolu coin satın aldı. Emir kapandı.
TRADE - 2021-01-12 08:02:44 --> (0.63658500 1610427764) trade işleminde  : hzon720zk2cdr3dyllb8pr4yhpae id nolu alıcı hzon720zk2cdr3dyllb8pr4yhpae id nolu satıcıdan 0.00017835 fiyatından 297.61266645 adet 9 id nolu coin karşılığında 141 id nolu coin satın aldı. Emir kapandı.
TRADE - 2021-01-12 08:02:46 --> (0.27936200 1610427766) trade işleminde  : hzon720zk2cdr3dyllb8pr4yhpae id nolu alıcı hzon720zk2cdr3dyllb8pr4yhpae id nolu satıcıdan 0.00017835 fiyatından 297.61266645 adet 9 id nolu coin karşılığında 141 id nolu coin satın aldı. Emir kapandı.
TRADE - 2021-01-12 08:02:51 --> (0.12948000 1610427771) trade işleminde  : hzon720zk2cdr3dyllb8pr4yhpae id nolu alıcı hzon720zk2cdr3dyllb8pr4yhpae id nolu satıcıdan 0.00017835 fiyatından 591.06701092 adet 9 id nolu coin karşılığında 141 id nolu coin satın aldı. Emir kapandı.
TRADE - 2021-01-12 08:02:53 --> (0.27905200 1610427773) trade işleminde  : hzon720zk2cdr3dyllb8pr4yhpae id nolu alıcı hzon720zk2cdr3dyllb8pr4yhpae id nolu satıcıdan 0.00017835 fiyatından 591.06701092 adet 9 id nolu coin karşılığında 141 id nolu coin satın aldı. Emir kapandı.
TRADE - 2021-01-12 08:02:54 --> (0.78235700 1610427774) trade işleminde  : hzon720zk2cdr3dyllb8pr4yhpae id nolu alıcı hzon720zk2cdr3dyllb8pr4yhpae id nolu satıcıdan 0.00017835 fiyatından 591.06701092 adet 9 id nolu coin karşılığında 141 id nolu coin satın aldı. Emir kapandı.
TRADE - 2021-01-12 08:02:56 --> (0.36210300 1610427776) trade işleminde  : hzon720zk2cdr3dyllb8pr4yhpae id nolu alıcı hzon720zk2cdr3dyllb8pr4yhpae id nolu satıcıdan 0.00017835 fiyatından 591.06701092 adet 9 id nolu coin karşılığında 141 id nolu coin satın aldı. Emir kapandı.
TRADE - 2021-01-12 08:03:11 --> (0.56254000 1610427791) trade işleminde  : hzon720zk2cdr3dyllb8pr4yhpae id nolu alıcı hzon720zk2cdr3dyllb8pr4yhpae id nolu satıcıdan 0.00017835 fiyatından 792.76746832 adet 9 id nolu coin karşılığında 141 id nolu coin satın aldı. Emir kapandı.
TRADE - 2021-01-12 08:03:16 --> (0.66806000 1610427796) trade işleminde  : hzon720zk2cdr3dyllb8pr4yhpae id nolu alıcı hzon720zk2cdr3dyllb8pr4yhpae id nolu satıcıdan 0.00017835 fiyatından 292.38275621 adet 9 id nolu coin karşılığında 141 id nolu coin satın aldı. Emir kapandı.
TRADE - 2021-01-12 08:03:23 --> (0.11082700 1610427803) trade işleminde  : hzon720zk2cdr3dyllb8pr4yhpae id nolu alıcı hzon720zk2cdr3dyllb8pr4yhpae id nolu satıcıdan 0.00017835 fiyatından 292.09095126 adet 9 id nolu coin karşılığında 141 id nolu coin satın aldı. Emir kapandı.
TRADE - 2021-01-12 08:03:39 --> (0.56091700 1610427819) trade işleminde  : hzon720zk2cdr3dyllb8pr4yhpae id nolu alıcı hzon720zk2cdr3dyllb8pr4yhpae id nolu satıcıdan 0.00017835 fiyatından 415.52629253 adet 9 id nolu coin karşılığında 141 id nolu coin satın aldı. Emir kapandı.
TRADE - 2021-01-12 08:03:49 --> (0.18990500 1610427829) trade işleminde  : hzon720zk2cdr3dyllb8pr4yhpae id nolu alıcı hzon720zk2cdr3dyllb8pr4yhpae id nolu satıcıdan 0.00017835 fiyatından 400.00000000 adet 9 id nolu coin karşılığında 141 id nolu coin satın aldı. Emir kapandı.
TRADE - 2021-01-12 08:03:50 --> (0.67528800 1610427830) trade işleminde  : hzon720zk2cdr3dyllb8pr4yhpae id nolu alıcı hzon720zk2cdr3dyllb8pr4yhpae id nolu satıcıdan 0.00017835 fiyatından 400.00000000 adet 9 id nolu coin karşılığında 141 id nolu coin satın aldı. Emir kapandı.
TRADE - 2021-01-12 08:03:52 --> (0.38855800 1610427832) trade işleminde  : hzon720zk2cdr3dyllb8pr4yhpae id nolu alıcı hzon720zk2cdr3dyllb8pr4yhpae id nolu satıcıdan 0.00017835 fiyatından 400.00000000 adet 9 id nolu coin karşılığında 141 id nolu coin satın aldı. Emir kapandı.
TRADE - 2021-01-12 08:04:12 --> (0.14016800 1610427852) trade işleminde  : hzon720zk2cdr3dyllb8pr4yhpae id nolu alıcı hzon720zk2cdr3dyllb8pr4yhpae id nolu satıcıdan 0.00017835 fiyatından 578.77757150 adet 9 id nolu coin karşılığında 141 id nolu coin satın aldı. Emir kapandı.
TRADE - 2021-01-12 08:04:19 --> (0.41630300 1610427859) trade işleminde  : hzon720zk2cdr3dyllb8pr4yhpae id nolu alıcı hzon720zk2cdr3dyllb8pr4yhpae id nolu satıcıdan 0.00017835 fiyatından 695.60457157 adet 9 id nolu coin karşılığında 141 id nolu coin satın aldı. Emir kapandı.
TRADE - 2021-01-12 08:04:25 --> (0.35977800 1610427865) trade işleminde  : hzon720zk2cdr3dyllb8pr4yhpae id nolu alıcı hzon720zk2cdr3dyllb8pr4yhpae id nolu satıcıdan 0.00017835 fiyatından 260.18234965 adet 9 id nolu coin karşılığında 141 id nolu coin satın aldı. Emir kapandı.
TRADE - 2021-01-12 08:04:31 --> (0.34611500 1610427871) trade işleminde  : hzon720zk2cdr3dyllb8pr4yhpae id nolu alıcı hzon720zk2cdr3dyllb8pr4yhpae id nolu satıcıdan 0.00017835 fiyatından 594.13942876 adet 9 id nolu coin karşılığında 141 id nolu coin satın aldı. Emir kapandı.
TRADE - 2021-01-12 08:04:35 --> (0.80610900 1610427875) trade işleminde  : hzon720zk2cdr3dyllb8pr4yhpae id nolu alıcı hzon720zk2cdr3dyllb8pr4yhpae id nolu satıcıdan 0.00017835 fiyatından 671.29607852 adet 9 id nolu coin karşılığında 141 id nolu coin satın aldı. Alıcı almak istediği miktarı aldı. Boş emir açıldı.
TRADE - 2021-01-12 08:06:14 --> (0.01549300 1610427974) trade işleminde  : hzon720zk2cdr3dyllb8pr4yhpae id nolu alıcı hzon720zk2cdr3dyllb8pr4yhpae id nolu satıcıdan 0.00020000 fiyatından 680.24313286 adet 9 id nolu coin karşılığında 141 id nolu coin satın aldı. Emir kapandı.
TRADE - 2021-01-12 08:06:35 --> (0.32761300 1610427995) trade işleminde  : hzon720zk2cdr3dyllb8pr4yhpae id nolu alıcı hzon720zk2cdr3dyllb8pr4yhpae id nolu satıcıdan 0.00020000 fiyatından 1594.13942876 adet 9 id nolu coin karşılığında 141 id nolu coin satın aldı. Emir kapandı.
TRADE - 2021-01-12 08:06:50 --> (0.18350500 1610428010) trade işleminde  : hzon720zk2cdr3dyllb8pr4yhpae id nolu alıcı hzon720zk2cdr3dyllb8pr4yhpae id nolu satıcıdan 0.00020000 fiyatından 945.13676224 adet 9 id nolu coin karşılığında 141 id nolu coin satın aldı. Emir kapandı.
TRADE - 2021-01-12 08:06:56 --> (0.43751800 1610428016) trade işleminde  : hzon720zk2cdr3dyllb8pr4yhpae id nolu alıcı hzon720zk2cdr3dyllb8pr4yhpae id nolu satıcıdan 0.00020000 fiyatından 1578.77757150 adet 9 id nolu coin karşılığında 141 id nolu coin satın aldı. Emir kapandı.
TRADE - 2021-01-12 08:07:01 --> (0.06501100 1610428021) trade işleminde  : hzon720zk2cdr3dyllb8pr4yhpae id nolu alıcı hzon720zk2cdr3dyllb8pr4yhpae id nolu satıcıdan 0.00020000 fiyatından 1434.08317863 adet 9 id nolu coin karşılığında 141 id nolu coin satın aldı. Emir kapandı.
TRADE - 2021-01-12 08:07:06 --> (0.60616800 1610428026) trade işleminde  : hzon720zk2cdr3dyllb8pr4yhpae id nolu alıcı hzon720zk2cdr3dyllb8pr4yhpae id nolu satıcıdan 0.00020000 fiyatından 1434.08317863 adet 9 id nolu coin karşılığında 141 id nolu coin satın aldı. Emir kapandı.
TRADE - 2021-01-12 08:07:20 --> (0.31290100 1610428040) trade işleminde  : hzon720zk2cdr3dyllb8pr4yhpae id nolu alıcı hzon720zk2cdr3dyllb8pr4yhpae id nolu satıcıdan 0.00020000 fiyatından 2320.75318114 adet 9 id nolu coin karşılığında 141 id nolu coin satın aldı. Emir kapandı.
TRADE - 2021-01-12 08:07:23 --> (0.57890700 1610428043) trade işleminde  : hzon720zk2cdr3dyllb8pr4yhpae id nolu alıcı hzon720zk2cdr3dyllb8pr4yhpae id nolu satıcıdan 0.00020000 fiyatından 4636.87410180 adet 9 id nolu coin karşılığında 141 id nolu coin satın aldı. Emir kapandı.
TRADE - 2021-01-12 08:07:28 --> (0.07715900 1610428048) trade işleminde  : hzon720zk2cdr3dyllb8pr4yhpae id nolu alıcı hzon720zk2cdr3dyllb8pr4yhpae id nolu satıcıdan 0.00020000 fiyatından 3056.1525973 adet 9 id nolu coin karşılığında 141 id nolu coin satın aldı. Alıcı almak istediği miktarı aldı. Boş emir açıldı.
TRADE - 2021-01-12 08:07:49 --> (0.96884500 1610428069) trade işleminde  : hzon720zk2cdr3dyllb8pr4yhpae id nolu alıcı hzon720zk2cdr3dyllb8pr4yhpae id nolu satıcıdan 0.00024865 fiyatından 1858.64418358 adet 9 id nolu coin karşılığında 141 id nolu coin satın aldı. Emir kapandı.
TRADE - 2021-01-12 08:07:59 --> (0.73530600 1610428079) trade işleminde  : hzon720zk2cdr3dyllb8pr4yhpae id nolu alıcı hzon720zk2cdr3dyllb8pr4yhpae id nolu satıcıdan 0.00024865 fiyatından 1856.78924676 adet 9 id nolu coin karşılığında 141 id nolu coin satın aldı. Emir kapandı.
TRADE - 2021-01-12 08:08:04 --> (0.76911100 1610428084) trade işleminde  : hzon720zk2cdr3dyllb8pr4yhpae id nolu alıcı hzon720zk2cdr3dyllb8pr4yhpae id nolu satıcıdan 0.00024865 fiyatından 1854.93615624 adet 9 id nolu coin karşılığında 141 id nolu coin satın aldı. Emir kapandı.
TRADE - 2021-01-12 08:08:19 --> (0.51041600 1610428099) trade işleminde  : hzon720zk2cdr3dyllb8pr4yhpae id nolu alıcı hzon720zk2cdr3dyllb8pr4yhpae id nolu satıcıdan 0.00024865 fiyatından 1853.08493209 adet 9 id nolu coin karşılığında 141 id nolu coin satın aldı. Emir kapandı.
TRADE - 2021-01-12 08:08:25 --> (0.93225600 1610428105) trade işleminde  : hzon720zk2cdr3dyllb8pr4yhpae id nolu alıcı hzon720zk2cdr3dyllb8pr4yhpae id nolu satıcıdan 0.00024865 fiyatından 5836.72783098 adet 9 id nolu coin karşılığında 141 id nolu coin satın aldı. Alıcı almak istediği miktarı aldı. Boş emir açıldı.
TRADE - 2021-01-12 08:08:31 --> (0.01786800 1610428111) trade işleminde  : hzon720zk2cdr3dyllb8pr4yhpae id nolu alıcı hzon720zk2cdr3dyllb8pr4yhpae id nolu satıcıdan 0.00025000 fiyatından 3670.89049900 adet 9 id nolu coin karşılığında 141 id nolu coin satın aldı. Emir kapandı.
TRADE - 2021-01-12 08:08:36 --> (0.18336600 1610428116) trade işleminde  : hzon720zk2cdr3dyllb8pr4yhpae id nolu alıcı hzon720zk2cdr3dyllb8pr4yhpae id nolu satıcıdan 0.00025000 fiyatından 1831.78168663 adet 9 id nolu coin karşılığında 141 id nolu coin satın aldı. Emir kapandı.
TRADE - 2021-01-12 08:08:40 --> (0.70595600 1610428120) trade işleminde  : hzon720zk2cdr3dyllb8pr4yhpae id nolu alıcı hzon720zk2cdr3dyllb8pr4yhpae id nolu satıcıdan 0.00025000 fiyatından 4442.46457661 adet 9 id nolu coin karşılığında 141 id nolu coin satın aldı. Alıcı almak istediği miktarı aldı. Boş emir açıldı.
TRADE - 2021-01-12 08:15:52 --> (0.64188500 1610428552) trade işleminde  : hzon720zk2cdr3dyllb8pr4yhpae id nolu alıcı hzon720zk2cdr3dyllb8pr4yhpae id nolu satıcıdan 0.00027964 fiyatından 1297.20951638 adet 9 id nolu coin karşılığında 141 id nolu coin satın aldı. Emir kapandı.
TRADE - 2021-01-12 08:15:59 --> (0.76481000 1610428559) trade işleminde  : hzon720zk2cdr3dyllb8pr4yhpae id nolu alıcı hzon720zk2cdr3dyllb8pr4yhpae id nolu satıcıdan 0.00027964 fiyatından 2591.82980413 adet 9 id nolu coin karşılığında 141 id nolu coin satın aldı. Emir kapandı.
TRADE - 2021-01-12 08:16:14 --> (0.35059100 1610428574) trade işleminde  : hzon720zk2cdr3dyllb8pr4yhpae id nolu alıcı hzon720zk2cdr3dyllb8pr4yhpae id nolu satıcıdan 0.00027964 fiyatından 1993.32825195 adet 9 id nolu coin karşılığında 141 id nolu coin satın aldı. Emir kapandı.
TRADE - 2021-01-12 08:16:19 --> (0.61148900 1610428579) trade işleminde  : hzon720zk2cdr3dyllb8pr4yhpae id nolu alıcı hzon720zk2cdr3dyllb8pr4yhpae id nolu satıcıdan 0.00027964 fiyatından 1576.48499922 adet 9 id nolu coin karşılığında 141 id nolu coin satın aldı. Alıcı almak istediği miktarı aldı. Boş emir açıldı.
TRADE - 2021-01-12 08:18:11 --> (0.55514700 1610428691) trade işleminde  : hzon720zk2cdr3dyllb8pr4yhpae id nolu alıcı hzon720zk2cdr3dyllb8pr4yhpae id nolu satıcıdan 0.00029350 fiyatından 307.21468477 adet 9 id nolu coin karşılığında 141 id nolu coin satın aldı. Emir kapandı.
TRADE - 2021-01-12 08:18:14 --> (0.20497700 1610428694) trade işleminde  : hzon720zk2cdr3dyllb8pr4yhpae id nolu alıcı hzon720zk2cdr3dyllb8pr4yhpae id nolu satıcıdan 0.00029350 fiyatından 1227.63233329 adet 9 id nolu coin karşılığında 141 id nolu coin satın aldı. Emir kapandı.
TRADE - 2021-01-12 08:18:17 --> (0.32101600 1610428697) trade işleminde  : hzon720zk2cdr3dyllb8pr4yhpae id nolu alıcı hzon720zk2cdr3dyllb8pr4yhpae id nolu satıcıdan 0.00029350 fiyatından 917.04870498 adet 9 id nolu coin karşılığında 141 id nolu coin satın aldı. Emir kapandı.
TRADE - 2021-01-12 08:18:43 --> (0.81292800 1610428723) trade işleminde  : hzon720zk2cdr3dyllb8pr4yhpae id nolu alıcı hzon720zk2cdr3dyllb8pr4yhpae id nolu satıcıdan 0.00029350 fiyatından 3679.23525181 adet 9 id nolu coin karşılığında 141 id nolu coin satın aldı. Emir kapandı.
TRADE - 2021-01-12 08:18:49 --> (0.02808700 1610428729) trade işleminde  : hzon720zk2cdr3dyllb8pr4yhpae id nolu alıcı hzon720zk2cdr3dyllb8pr4yhpae id nolu satıcıdan 0.00029350 fiyatından 1327.72159683 adet 9 id nolu coin karşılığında 141 id nolu coin satın aldı. Alıcı almak istediği miktarı aldı. Boş emir açıldı.
TRADE - 2021-01-12 08:18:55 --> (0.31319400 1610428735) trade işleminde  : hzon720zk2cdr3dyllb8pr4yhpae id nolu alıcı hzon720zk2cdr3dyllb8pr4yhpae id nolu satıcıdan 0.00029356 fiyatından 1221.16515198 adet 9 id nolu coin karşılığında 141 id nolu coin satın aldı. Emir kapandı.
TRADE - 2021-01-12 08:19:00 --> (0.63625100 1610428740) trade işleminde  : hzon720zk2cdr3dyllb8pr4yhpae id nolu alıcı hzon720zk2cdr3dyllb8pr4yhpae id nolu satıcıdan 0.00029356 fiyatından 4879.78570043 adet 9 id nolu coin karşılığında 141 id nolu coin satın aldı. Emir kapandı.
TRADE - 2021-01-12 08:19:03 --> (0.52328400 1610428743) trade işleminde  : hzon720zk2cdr3dyllb8pr4yhpae id nolu alıcı hzon720zk2cdr3dyllb8pr4yhpae id nolu satıcıdan 0.00029356 fiyatından 2430.15275825 adet 9 id nolu coin karşılığında 141 id nolu coin satın aldı. Emir kapandı.
TRADE - 2021-01-12 08:19:14 --> (0.28006300 1610428754) trade işleminde  : hzon720zk2cdr3dyllb8pr4yhpae id nolu alıcı hzon720zk2cdr3dyllb8pr4yhpae id nolu satıcıdan 0.00029356 fiyatından 1212.65107916 adet 9 id nolu coin karşılığında 141 id nolu coin satın aldı. Emir kapandı.
TRADE - 2021-01-12 08:19:18 --> (0.95149800 1610428758) trade işleminde  : hzon720zk2cdr3dyllb8pr4yhpae id nolu alıcı hzon720zk2cdr3dyllb8pr4yhpae id nolu satıcıdan 0.00029356 fiyatından 3634.32255431 adet 9 id nolu coin karşılığında 141 id nolu coin satın aldı. Emir kapandı.
TRADE - 2021-01-12 08:19:22 --> (0.44007000 1610428762) trade işleminde  : hzon720zk2cdr3dyllb8pr4yhpae id nolu alıcı hzon720zk2cdr3dyllb8pr4yhpae id nolu satıcıdan 0.00029356 fiyatından 2216.06218463 adet 9 id nolu coin karşılığında 141 id nolu coin satın aldı. Alıcı almak istediği miktarı aldı. Boş emir açıldı.
TRADE - 2021-01-12 08:19:40 --> (0.19960600 1610428780) trade işleminde  : hzon720zk2cdr3dyllb8pr4yhpae id nolu alıcı hzon720zk2cdr3dyllb8pr4yhpae id nolu satıcıdan 0.00030000 fiyatından 2359.44377911 adet 9 id nolu coin karşılığında 141 id nolu coin satın aldı. Emir kapandı.
TRADE - 2021-01-12 08:19:43 --> (0.44192100 1610428783) trade işleminde  : hzon720zk2cdr3dyllb8pr4yhpae id nolu alıcı hzon720zk2cdr3dyllb8pr4yhpae id nolu satıcıdan 0.00030000 fiyatından 4709.46862941 adet 9 id nolu coin karşılığında 141 id nolu coin satın aldı. Emir kapandı.
TRADE - 2021-01-12 08:20:38 --> (0.42385500 1610428838) trade işleminde  : hzon720zk2cdr3dyllb8pr4yhpae id nolu alıcı hzon720zk2cdr3dyllb8pr4yhpae id nolu satıcıdan 0.00030000 fiyatından 4626.69216305 adet 9 id nolu coin karşılığında 141 id nolu coin satın aldı. Alıcı almak istediği miktarı aldı. Boş emir açıldı.
TRADE - 2021-01-12 08:21:11 --> (0.72877100 1610428871) trade işleminde  : hzon720zk2cdr3dyllb8pr4yhpae id nolu alıcı hzon720zk2cdr3dyllb8pr4yhpae id nolu satıcıdan 0.00035000 fiyatından 1001.18540063 adet 9 id nolu coin karşılığında 141 id nolu coin satın aldı. Emir kapandı.
TRADE - 2021-01-12 08:21:16 --> (0.90628200 1610428876) trade işleminde  : hzon720zk2cdr3dyllb8pr4yhpae id nolu alıcı hzon720zk2cdr3dyllb8pr4yhpae id nolu satıcıdan 0.00035000 fiyatından 2000.37242658 adet 9 id nolu coin karşılığında 141 id nolu coin satın aldı. Emir kapandı.
TRADE - 2021-01-12 08:21:21 --> (0.36613500 1610428881) trade işleminde  : hzon720zk2cdr3dyllb8pr4yhpae id nolu alıcı hzon720zk2cdr3dyllb8pr4yhpae id nolu satıcıdan 0.00035000 fiyatından 2994.56950385 adet 9 id nolu coin karşılığında 141 id nolu coin satın aldı. Emir kapandı.
TRADE - 2021-01-12 08:21:25 --> (0.68815800 1610428885) trade işleminde  : hzon720zk2cdr3dyllb8pr4yhpae id nolu alıcı hzon720zk2cdr3dyllb8pr4yhpae id nolu satıcıdan 0.00035000 fiyatından 2775.57609762 adet 9 id nolu coin karşılığında 141 id nolu coin satın aldı. Alıcı almak istediği miktarı aldı. Boş emir açıldı.
TRADE - 2021-01-12 08:22:19 --> (0.92941400 1610428939) trade işleminde  : hzon720zk2cdr3dyllb8pr4yhpae id nolu alıcı hzon720zk2cdr3dyllb8pr4yhpae id nolu satıcıdan 0.00040000 fiyatından 3473.50920659 adet 9 id nolu coin karşılığında 141 id nolu coin satın aldı. Emir kapandı.
TRADE - 2021-01-12 08:22:22 --> (0.63691500 1610428942) trade işleminde  : hzon720zk2cdr3dyllb8pr4yhpae id nolu alıcı hzon720zk2cdr3dyllb8pr4yhpae id nolu satıcıdan 0.00040000 fiyatından 1729.82145709 adet 9 id nolu coin karşılığında 141 id nolu coin satın aldı. Emir kapandı.
TRADE - 2021-01-12 08:22:25 --> (0.04383000 1610428945) trade işleminde  : hzon720zk2cdr3dyllb8pr4yhpae id nolu alıcı hzon720zk2cdr3dyllb8pr4yhpae id nolu satıcıdan 0.00040000 fiyatından 2589.55308757 adet 9 id nolu coin karşılığında 141 id nolu coin satın aldı. Emir kapandı.
TRADE - 2021-01-12 08:22:27 --> (0.55752600 1610428947) trade işleminde  : hzon720zk2cdr3dyllb8pr4yhpae id nolu alıcı hzon720zk2cdr3dyllb8pr4yhpae id nolu satıcıdan 0.00040000 fiyatından 860.59997505 adet 9 id nolu coin karşılığında 141 id nolu coin satın aldı. Emir kapandı.
TRADE - 2021-01-12 08:22:34 --> (0.03537400 1610428954) trade işleminde  : hzon720zk2cdr3dyllb8pr4yhpae id nolu alıcı hzon720zk2cdr3dyllb8pr4yhpae id nolu satıcıdan 0.00040000 fiyatından 2579.22327844 adet 9 id nolu coin karşılığında 141 id nolu coin satın aldı. Emir kapandı.
TRADE - 2021-01-12 08:22:36 --> (0.57091400 1610428956) trade işleminde  : hzon720zk2cdr3dyllb8pr4yhpae id nolu alıcı hzon720zk2cdr3dyllb8pr4yhpae id nolu satıcıdan 0.00040000 fiyatından 3428.66806387 adet 9 id nolu coin karşılığında 141 id nolu coin satın aldı. Emir kapandı.
TRADE - 2021-01-12 08:22:40 --> (0.51356900 1610428960) trade işleminde  : hzon720zk2cdr3dyllb8pr4yhpae id nolu alıcı hzon720zk2cdr3dyllb8pr4yhpae id nolu satıcıdan 0.00040000 fiyatından 1917.40250289 adet 9 id nolu coin karşılığında 141 id nolu coin satın aldı. Alıcı almak istediği miktarı aldı. Boş emir açıldı.
TRADE - 2021-01-12 08:22:44 --> (0.70650500 1610428964) trade işleminde  : hzon720zk2cdr3dyllb8pr4yhpae id nolu alıcı hzon720zk2cdr3dyllb8pr4yhpae id nolu satıcıdan 0.00042160 fiyatından 2300.19456037 adet 9 id nolu coin karşılığında 141 id nolu coin satın aldı. Alıcı almak istediği miktarı aldı. Boş emir açıldı.
TRADE - 2021-01-12 08:23:31 --> (0.91511200 1610429011) trade işleminde  : hzon720zk2cdr3dyllb8pr4yhpae id nolu alıcı hzon720zk2cdr3dyllb8pr4yhpae id nolu satıcıdan 0.00043456 fiyatından 3127.43759535 adet 9 id nolu coin karşılığında 141 id nolu coin satın aldı. Emir kapandı.
TRADE - 2021-01-12 08:23:34 --> (0.20984500 1610429014) trade işleminde  : hzon720zk2cdr3dyllb8pr4yhpae id nolu alıcı hzon720zk2cdr3dyllb8pr4yhpae id nolu satıcıdan 0.00043456 fiyatından 2336.21460595 adet 9 id nolu coin karşılığında 141 id nolu coin satın aldı. Emir kapandı.
TRADE - 2021-01-12 08:23:36 --> (0.28901500 1610429016) trade işleminde  : hzon720zk2cdr3dyllb8pr4yhpae id nolu alıcı hzon720zk2cdr3dyllb8pr4yhpae id nolu satıcıdan 0.00043456 fiyatından 1552.81330289 adet 9 id nolu coin karşılığında 141 id nolu coin satın aldı. Emir kapandı.
TRADE - 2021-01-12 08:23:39 --> (0.37678900 1610429019) trade işleminde  : hzon720zk2cdr3dyllb8pr4yhpae id nolu alıcı hzon720zk2cdr3dyllb8pr4yhpae id nolu satıcıdan 0.00043456 fiyatından 3099.42775531 adet 9 id nolu coin karşılığında 141 id nolu coin satın aldı. Emir kapandı.
TRADE - 2021-01-12 08:23:43 --> (0.90310200 1610429023) trade işleminde  : hzon720zk2cdr3dyllb8pr4yhpae id nolu alıcı hzon720zk2cdr3dyllb8pr4yhpae id nolu satıcıdan 0.00043456 fiyatından 2318.18991913 adet 9 id nolu coin karşılığında 141 id nolu coin satın aldı. Alıcı almak istediği miktarı aldı. Boş emir açıldı.
TRADE - 2021-01-12 08:23:48 --> (0.04983200 1610429028) trade işleminde  : hzon720zk2cdr3dyllb8pr4yhpae id nolu alıcı hzon720zk2cdr3dyllb8pr4yhpae id nolu satıcıdan 0.00045000 fiyatından 2972.19778221 adet 9 id nolu coin karşılığında 141 id nolu coin satın aldı. Emir kapandı.
TRADE - 2021-01-12 08:23:50 --> (0.28092100 1610429030) trade işleminde  : hzon720zk2cdr3dyllb8pr4yhpae id nolu alıcı hzon720zk2cdr3dyllb8pr4yhpae id nolu satıcıdan 0.00045000 fiyatından 1480.16635618 adet 9 id nolu coin karşılığında 141 id nolu coin satın aldı. Emir kapandı.
TRADE - 2021-01-12 08:23:52 --> (0.59640400 1610429032) trade işleminde  : hzon720zk2cdr3dyllb8pr4yhpae id nolu alıcı hzon720zk2cdr3dyllb8pr4yhpae id nolu satıcıdan 0.00045000 fiyatından 738.60596585 adet 9 id nolu coin karşılığında 141 id nolu coin satın aldı. Emir kapandı.
TRADE - 2021-01-12 08:24:03 --> (0.41226400 1610429043) trade işleminde  : hzon720zk2cdr3dyllb8pr4yhpae id nolu alıcı hzon720zk2cdr3dyllb8pr4yhpae id nolu satıcıdan 0.00045000 fiyatından 1475.73766911 adet 9 id nolu coin karşılığında 141 id nolu coin satın aldı. Emir kapandı.
TRADE - 2021-01-12 08:24:13 --> (0.27189000 1610429053) trade işleminde  : hzon720zk2cdr3dyllb8pr4yhpae id nolu alıcı hzon720zk2cdr3dyllb8pr4yhpae id nolu satıcıdan 0.00045000 fiyatından 2658.85461062 adet 9 id nolu coin karşılığında 141 id nolu coin satın aldı. Alıcı almak istediği miktarı aldı. Boş emir açıldı.
TRADE - 2021-01-12 08:24:24 --> (0.71459200 1610429064) trade işleminde  : hzon720zk2cdr3dyllb8pr4yhpae id nolu alıcı hzon720zk2cdr3dyllb8pr4yhpae id nolu satıcıdan 0.00050000 fiyatından 660.36824850 adet 9 id nolu coin karşılığında 141 id nolu coin satın aldı. Emir kapandı.
TRADE - 2021-01-12 08:24:29 --> (0.45873000 1610429069) trade işleminde  : hzon720zk2cdr3dyllb8pr4yhpae id nolu alıcı hzon720zk2cdr3dyllb8pr4yhpae id nolu satıcıdan 0.00050000 fiyatından 1979.12760479 adet 9 id nolu coin karşılığında 141 id nolu coin satın aldı. Emir kapandı.
TRADE - 2021-01-12 08:26:40 --> (0.33251800 1610429200) trade işleminde  : hzon720zk2cdr3dyllb8pr4yhpae id nolu alıcı hzon720zk2cdr3dyllb8pr4yhpae id nolu satıcıdan 0.00049999 fiyatından 378.30048018 adet 9 id nolu coin karşılığında 141 id nolu coin satın aldı. Emir kapandı.
TRADE - 2021-01-12 08:44:24 --> (0.51045900 1610430264) trade işleminde  : hzon720zk2cdr3dyllb8pr4yhpae id nolu alıcı hzon720zk2cdr3dyllb8pr4yhpae id nolu satıcıdan 0.00050000 fiyatından 1314.71296407 adet 9 id nolu coin karşılığında 141 id nolu coin satın aldı. Emir kapandı.
TRADE - 2021-01-12 08:44:30 --> (0.11012900 1610430270) trade işleminde  : hzon720zk2cdr3dyllb8pr4yhpae id nolu alıcı hzon720zk2cdr3dyllb8pr4yhpae id nolu satıcıdan 0.00050000 fiyatından 1968.13318862 adet 9 id nolu coin karşılığında 141 id nolu coin satın aldı. Emir kapandı.
TRADE - 2021-01-12 08:44:33 --> (0.59269300 1610430273) trade işleminde  : hzon720zk2cdr3dyllb8pr4yhpae id nolu alıcı hzon720zk2cdr3dyllb8pr4yhpae id nolu satıcıdan 0.00050000 fiyatından 2616.32075848 adet 9 id nolu coin karşılığında 141 id nolu coin satın aldı. Emir kapandı.
TRADE - 2021-01-12 08:44:37 --> (0.48160000 1610430277) trade işleminde  : hzon720zk2cdr3dyllb8pr4yhpae id nolu alıcı hzon720zk2cdr3dyllb8pr4yhpae id nolu satıcıdan 0.00050000 fiyatından 1302.93818363 adet 9 id nolu coin karşılığında 141 id nolu coin satın aldı. Emir kapandı.
TRADE - 2021-01-12 08:45:58 --> (0.49926500 1610430358) trade işleminde  : hzon720zk2cdr3dyllb8pr4yhpae id nolu alıcı hzon720zk2cdr3dyllb8pr4yhpae id nolu satıcıdan 0.00055000 fiyatından 1182.12500454 adet 9 id nolu coin karşılığında 141 id nolu coin satın aldı. Emir kapandı.
TRADE - 2021-01-12 08:46:04 --> (0.19744100 1610430364) trade işleminde  : hzon720zk2cdr3dyllb8pr4yhpae id nolu alıcı hzon720zk2cdr3dyllb8pr4yhpae id nolu satıcıdan 0.00055000 fiyatından 1765.42891107 adet 9 id nolu coin karşılığında 141 id nolu coin satın aldı. Alıcı almak istediği miktarı aldı. Boş emir açıldı.
TRADE - 2021-01-12 08:46:11 --> (0.52180900 1610430371) trade işleminde  : hzon720zk2cdr3dyllb8pr4yhpae id nolu alıcı hzon720zk2cdr3dyllb8pr4yhpae id nolu satıcıdan 0.00060000 fiyatından 2156.44304724 adet 9 id nolu coin karşılığında 141 id nolu coin satın aldı. Emir kapandı.
TRADE - 2021-01-12 08:46:15 --> (0.53216900 1610430375) trade işleminde  : hzon720zk2cdr3dyllb8pr4yhpae id nolu alıcı hzon720zk2cdr3dyllb8pr4yhpae id nolu satıcıdan 0.00060000 fiyatından 1054.22238947 adet 9 id nolu coin karşılığında 141 id nolu coin satın aldı. Alıcı almak istediği miktarı aldı. Boş emir açıldı.
TRADE - 2021-01-12 08:46:36 --> (0.76618700 1610430396) trade işleminde  : hzon720zk2cdr3dyllb8pr4yhpae id nolu alıcı hzon720zk2cdr3dyllb8pr4yhpae id nolu satıcıdan 0.00063679 fiyatından 2019.77986269 adet 9 id nolu coin karşılığında 141 id nolu coin satın aldı. Emir kapandı.
TRADE - 2021-01-12 08:46:39 --> (0.77782600 1610430399) trade işleminde  : hzon720zk2cdr3dyllb8pr4yhpae id nolu alıcı hzon720zk2cdr3dyllb8pr4yhpae id nolu satıcıdan 0.00063679 fiyatından 1005.85843655 adet 9 id nolu coin karşılığında 141 id nolu coin satın aldı. Emir kapandı.
TRADE - 2021-01-12 08:46:47 --> (0.03283500 1610430407) trade işleminde  : hzon720zk2cdr3dyllb8pr4yhpae id nolu alıcı hzon720zk2cdr3dyllb8pr4yhpae id nolu satıcıdan 0.00063679 fiyatından 1382.3607783 adet 9 id nolu coin karşılığında 141 id nolu coin satın aldı. Alıcı almak istediği miktarı aldı. Boş emir açıldı.
TRADE - 2021-01-12 08:46:56 --> (0.92486500 1610430416) trade işleminde  : hzon720zk2cdr3dyllb8pr4yhpae id nolu alıcı hzon720zk2cdr3dyllb8pr4yhpae id nolu satıcıdan 0.00070000 fiyatından 910.69296407 adet 9 id nolu coin karşılığında 141 id nolu coin satın aldı. Emir kapandı.
TRADE - 2021-01-12 08:46:59 --> (0.56321200 1610430419) trade işleminde  : hzon720zk2cdr3dyllb8pr4yhpae id nolu alıcı hzon720zk2cdr3dyllb8pr4yhpae id nolu satıcıdan 0.00070000 fiyatından 454.43760693 adet 9 id nolu coin karşılığında 141 id nolu coin satın aldı. Emir kapandı.
TRADE - 2021-01-12 08:47:01 --> (0.99962900 1610430421) trade işleminde  : hzon720zk2cdr3dyllb8pr4yhpae id nolu alıcı hzon720zk2cdr3dyllb8pr4yhpae id nolu satıcıdan 0.00070000 fiyatından 1361.95222412 adet 9 id nolu coin karşılığında 141 id nolu coin satın aldı. Emir kapandı.
TRADE - 2021-01-12 08:47:04 --> (0.73442400 1610430424) trade işleminde  : hzon720zk2cdr3dyllb8pr4yhpae id nolu alıcı hzon720zk2cdr3dyllb8pr4yhpae id nolu satıcıdan 0.00070000 fiyatından 1810.49935843 adet 9 id nolu coin karşılığında 141 id nolu coin satın aldı. Emir kapandı.
TRADE - 2021-01-12 08:47:06 --> (0.67465000 1610430426) trade işleminde  : hzon720zk2cdr3dyllb8pr4yhpae id nolu alıcı hzon720zk2cdr3dyllb8pr4yhpae id nolu satıcıdan 0.00070000 fiyatından 901.63590676 adet 9 id nolu coin karşılığında 141 id nolu coin satın aldı. Emir kapandı.
TRADE - 2021-01-12 08:47:13 --> (0.59237100 1610430433) trade işleminde  : hzon720zk2cdr3dyllb8pr4yhpae id nolu alıcı hzon720zk2cdr3dyllb8pr4yhpae id nolu satıcıdan 0.00070000 fiyatından 1349.75434132 adet 9 id nolu coin karşılığında 141 id nolu coin satın aldı. Emir kapandı.
TRADE - 2021-01-12 08:47:17 --> (0.83075900 1610430437) trade işleminde  : hzon720zk2cdr3dyllb8pr4yhpae id nolu alıcı hzon720zk2cdr3dyllb8pr4yhpae id nolu satıcıdan 0.00070000 fiyatından 1794.28420302 adet 9 id nolu coin karşılığında 141 id nolu coin satın aldı. Emir kapandı.
TRADE - 2021-01-12 08:47:22 --> (0.62646000 1610430442) trade işleminde  : hzon720zk2cdr3dyllb8pr4yhpae id nolu alıcı hzon720zk2cdr3dyllb8pr4yhpae id nolu satıcıdan 0.00070000 fiyatından 893.56069290 adet 9 id nolu coin karşılığında 141 id nolu coin satın aldı. Emir kapandı.
TRADE - 2021-01-12 08:47:26 --> (0.91788900 1610430446) trade işleminde  : hzon720zk2cdr3dyllb8pr4yhpae id nolu alıcı hzon720zk2cdr3dyllb8pr4yhpae id nolu satıcıdan 0.00070000 fiyatından 445.88856929 adet 9 id nolu coin karşılığında 141 id nolu coin satın aldı. Emir kapandı.
TRADE - 2021-01-12 08:47:30 --> (0.93377900 1610430450) trade işleminde  : hzon720zk2cdr3dyllb8pr4yhpae id nolu alıcı hzon720zk2cdr3dyllb8pr4yhpae id nolu satıcıdan 0.00070000 fiyatından 1383.29344131 adet 9 id nolu coin karşılığında 141 id nolu coin satın aldı. Alıcı almak istediği miktarı aldı. Boş emir açıldı.
TRADE - 2021-01-12 08:48:17 --> (0.62622800 1610430497) trade işleminde  : hzon720zk2cdr3dyllb8pr4yhpae id nolu alıcı hzon720zk2cdr3dyllb8pr4yhpae id nolu satıcıdan 0.00074834 fiyatından 1246.13461827 adet 9 id nolu coin karşılığında 141 id nolu coin satın aldı. Emir kapandı.
TRADE - 2021-01-12 08:48:21 --> (0.84157600 1610430501) trade işleminde  : hzon720zk2cdr3dyllb8pr4yhpae id nolu alıcı hzon720zk2cdr3dyllb8pr4yhpae id nolu satıcıdan 0.00074834 fiyatından 828.26912388 adet 9 id nolu coin karşılığında 141 id nolu coin satın aldı. Emir kapandı.
TRADE - 2021-01-12 08:48:25 --> (0.27269300 1610430505) trade işleminde  : hzon720zk2cdr3dyllb8pr4yhpae id nolu alıcı hzon720zk2cdr3dyllb8pr4yhpae id nolu satıcıdan 0.00074834 fiyatından 1000.34107606 adet 9 id nolu coin karşılığında 141 id nolu coin satın aldı. Alıcı almak istediği miktarı aldı. Boş emir açıldı.
TRADE - 2021-01-12 08:48:29 --> (0.68406600 1610430509) trade işleminde  : hzon720zk2cdr3dyllb8pr4yhpae id nolu alıcı hzon720zk2cdr3dyllb8pr4yhpae id nolu satıcıdan 0.00075000 fiyatından 1645.58809049 adet 9 id nolu coin karşılığında 141 id nolu coin satın aldı. Emir kapandı.
TRADE - 2021-01-12 08:48:34 --> (0.43048200 1610430514) trade işleminde  : hzon720zk2cdr3dyllb8pr4yhpae id nolu alıcı hzon720zk2cdr3dyllb8pr4yhpae id nolu satıcıdan 0.00075000 fiyatından 1229.26416168 adet 9 id nolu coin karşılığında 141 id nolu coin satın aldı. Emir kapandı.
TRADE - 2021-01-12 08:48:44 --> (0.10875100 1610430524) trade işleminde  : hzon720zk2cdr3dyllb8pr4yhpae id nolu alıcı hzon720zk2cdr3dyllb8pr4yhpae id nolu satıcıdan 0.00075000 fiyatından 1431.20636148 adet 9 id nolu coin karşılığında 141 id nolu coin satın aldı. Alıcı almak istediği miktarı aldı. Boş emir açıldı.
TRADE - 2021-01-12 08:49:54 --> (0.07967100 1610430594) trade işleminde  : hzon720zk2cdr3dyllb8pr4yhpae id nolu alıcı hzon720zk2cdr3dyllb8pr4yhpae id nolu satıcıdan 0.00078345 fiyatından 1558.87252873 adet 9 id nolu coin karşılığında 141 id nolu coin satın aldı. Emir kapandı.
TRADE - 2021-01-12 08:49:56 --> (0.56304300 1610430596) trade işleminde  : hzon720zk2cdr3dyllb8pr4yhpae id nolu alıcı hzon720zk2cdr3dyllb8pr4yhpae id nolu satıcıdan 0.00078345 fiyatından 1164.48711805 adet 9 id nolu coin karşılığında 141 id nolu coin satın aldı. Emir kapandı.
TRADE - 2021-01-12 08:49:59 --> (0.31614400 1610430599) trade işleminde  : hzon720zk2cdr3dyllb8pr4yhpae id nolu alıcı hzon720zk2cdr3dyllb8pr4yhpae id nolu satıcıdan 0.00078345 fiyatından 774.00041961 adet 9 id nolu coin karşılığında 141 id nolu coin satın aldı. Emir kapandı.
TRADE - 2021-01-12 08:50:03 --> (0.25023600 1610430603) trade işleminde  : hzon720zk2cdr3dyllb8pr4yhpae id nolu alıcı hzon720zk2cdr3dyllb8pr4yhpae id nolu satıcıdan 0.00078345 fiyatından 1158.68326529 adet 9 id nolu coin karşılığında 141 id nolu coin satın aldı. Emir kapandı.
TRADE - 2021-01-12 08:50:06 --> (0.64801800 1610430606) trade işleminde  : hzon720zk2cdr3dyllb8pr4yhpae id nolu alıcı hzon720zk2cdr3dyllb8pr4yhpae id nolu satıcıdan 0.00078345 fiyatından 293.24366153 adet 9 id nolu coin karşılığında 141 id nolu coin satın aldı. Alıcı almak istediği miktarı aldı. Boş emir açıldı.
TRADE - 2021-01-12 08:50:16 --> (0.25378000 1610430616) trade işleminde  : hzon720zk2cdr3dyllb8pr4yhpae id nolu alıcı hzon720zk2cdr3dyllb8pr4yhpae id nolu satıcıdan 0.00080000 fiyatından 753.63723179 adet 9 id nolu coin karşılığında 141 id nolu coin satın aldı. Emir kapandı.
TRADE - 2021-01-12 08:50:18 --> (0.88589100 1610430618) trade işleminde  : hzon720zk2cdr3dyllb8pr4yhpae id nolu alıcı hzon720zk2cdr3dyllb8pr4yhpae id nolu satıcıdan 0.00080000 fiyatından 1504.26593064 adet 9 id nolu coin karşılığında 141 id nolu coin satın aldı. Emir kapandı.
TRADE - 2021-01-12 08:50:21 --> (0.97054300 1610430621) trade işleminde  : hzon720zk2cdr3dyllb8pr4yhpae id nolu alıcı hzon720zk2cdr3dyllb8pr4yhpae id nolu satıcıdan 0.00080000 fiyatından 1123.69565868 adet 9 id nolu coin karşılığında 141 id nolu coin satın aldı. Emir kapandı.
TRADE - 2021-01-12 08:50:27 --> (0.08880100 1610430627) trade işleminde  : hzon720zk2cdr3dyllb8pr4yhpae id nolu alıcı hzon720zk2cdr3dyllb8pr4yhpae id nolu satıcıdan 0.00080000 fiyatından 1493.77506238 adet 9 id nolu coin karşılığında 141 id nolu coin satın aldı. Emir kapandı.
TRADE - 2021-01-12 08:50:30 --> (0.74266400 1610430630) trade işleminde  : hzon720zk2cdr3dyllb8pr4yhpae id nolu alıcı hzon720zk2cdr3dyllb8pr4yhpae id nolu satıcıdan 0.00080000 fiyatından 1115.85891654 adet 9 id nolu coin karşılığında 141 id nolu coin satın aldı. Emir kapandı.
TRADE - 2021-01-12 08:50:34 --> (0.19080600 1610430634) trade işleminde  : hzon720zk2cdr3dyllb8pr4yhpae id nolu alıcı hzon720zk2cdr3dyllb8pr4yhpae id nolu satıcıdan 0.00080000 fiyatından 720.73244488 adet 9 id nolu coin karşılığında 141 id nolu coin satın aldı. Alıcı almak istediği miktarı aldı. Boş emir açıldı.
TRADE - 2021-01-12 08:50:51 --> (0.54621600 1610430651) trade işleminde  : hzon720zk2cdr3dyllb8pr4yhpae id nolu alıcı hzon720zk2cdr3dyllb8pr4yhpae id nolu satıcıdan 0.00083754 fiyatından 707.06123989 adet 9 id nolu coin karşılığında 141 id nolu coin satın aldı. Emir kapandı.
TRADE - 2021-01-12 08:50:55 --> (0.24180000 1610430655) trade işleminde  : hzon720zk2cdr3dyllb8pr4yhpae id nolu alıcı hzon720zk2cdr3dyllb8pr4yhpae id nolu satıcıdan 0.00083754 fiyatından 1058.47491742 adet 9 id nolu coin karşılığında 141 id nolu coin satın aldı. Emir kapandı.
TRADE - 2021-01-12 08:50:57 --> (0.81104400 1610430657) trade işleminde  : hzon720zk2cdr3dyllb8pr4yhpae id nolu alıcı hzon720zk2cdr3dyllb8pr4yhpae id nolu satıcıdan 0.00083754 fiyatından 1407.07444151 adet 9 id nolu coin karşılığında 141 id nolu coin satın aldı. Emir kapandı.
TRADE - 2021-01-12 08:51:02 --> (0.14741500 1610430662) trade işleminde  : hzon720zk2cdr3dyllb8pr4yhpae id nolu alıcı hzon720zk2cdr3dyllb8pr4yhpae id nolu satıcıdan 0.00083754 fiyatından 961.14868883 adet 9 id nolu coin karşılığında 141 id nolu coin satın aldı. Alıcı almak istediği miktarı aldı. Boş emir açıldı.
TRADE - 2021-01-12 08:51:06 --> (0.92564500 1610430666) trade işleminde  : hzon720zk2cdr3dyllb8pr4yhpae id nolu alıcı hzon720zk2cdr3dyllb8pr4yhpae id nolu satıcıdan 0.00100000 fiyatından 292.64076098 adet 9 id nolu coin karşılığında 141 id nolu coin satın aldı. Emir kapandı.
TRADE - 2021-01-12 08:51:10 --> (0.62556600 1610430670) trade işleminde  : hzon720zk2cdr3dyllb8pr4yhpae id nolu alıcı hzon720zk2cdr3dyllb8pr4yhpae id nolu satıcıdan 0.00100000 fiyatından 877.04611527 adet 9 id nolu coin karşılığında 141 id nolu coin satın aldı. Emir kapandı.
TRADE - 2021-01-12 08:51:13 --> (0.85219300 1610430673) trade işleminde  : hzon720zk2cdr3dyllb8pr4yhpae id nolu alıcı hzon720zk2cdr3dyllb8pr4yhpae id nolu satıcıdan 0.00100000 fiyatından 582.94681637 adet 9 id nolu coin karşılığında 141 id nolu coin satın aldı. Emir kapandı.
TRADE - 2021-01-12 08:53:28 --> (0.97683300 1610430808) trade işleminde  : hzon720zk2cdr3dyllb8pr4yhpae id nolu alıcı hzon720zk2cdr3dyllb8pr4yhpae id nolu satıcıdan 0.00120000 fiyatından 727.22906063 adet 9 id nolu coin karşılığında 141 id nolu coin satın aldı. Emir kapandı.
TRADE - 2021-01-12 08:53:33 --> (0.96082700 1610430813) trade işleminde  : hzon720zk2cdr3dyllb8pr4yhpae id nolu alıcı hzon720zk2cdr3dyllb8pr4yhpae id nolu satıcıdan 0.00120000 fiyatından 966.73563706 adet 9 id nolu coin karşılığında 141 id nolu coin satın aldı. Emir kapandı.
TRADE - 2021-01-12 09:02:48 --> (0.83218400 1610431368) trade işleminde  : 6bavdl8dik135r3iu118fe4zxti5 id nolu alıcı o3bdse9el0mi1ma3ykplkcxiwx7d id nolu satıcıdan 0.01253923 fiyatından 0.008 adet 9 id nolu coin karşılığında 17 id nolu coin satın aldı. Alıcı almak istediği miktarı aldı. Boş emir açıldı.
TRADE - 2021-01-12 09:05:18 --> (0.02786200 1610431518) trade işleminde  : hzon720zk2cdr3dyllb8pr4yhpae id nolu alıcı hzon720zk2cdr3dyllb8pr4yhpae id nolu satıcıdan 0.00120000 fiyatından 481.43820692 adet 9 id nolu coin karşılığında 141 id nolu coin satın aldı. Emir kapandı.
TRADE - 2021-01-12 11:51:25 --> (0.49364300 1610441485) trade işleminde  : hzon720zk2cdr3dyllb8pr4yhpae id nolu satıcı hzon720zk2cdr3dyllb8pr4yhpae id nolu alıcıya 0.00015002 fiyatından 7686.61117972 adet 9 id nolu coin karşılığında 141 id nolu coin sattı. Alıcının miktarı yetmedi ve eşleşen bir fiyat olmadığı için 42313.38882028 adet satış emri açıldı.
TRADE - 2021-01-12 11:52:09 --> (0.28233400 1610441529) trade işleminde  : hzon720zk2cdr3dyllb8pr4yhpae id nolu alıcı hzon720zk2cdr3dyllb8pr4yhpae id nolu satıcıdan 0.00100000 fiyatından 1148.54203593 adet 9 id nolu coin karşılığında 141 id nolu coin satın aldı. Emir kapandı.
TRADE - 2021-01-12 11:52:13 --> (0.37294000 1610441533) trade işleminde  : hzon720zk2cdr3dyllb8pr4yhpae id nolu alıcı hzon720zk2cdr3dyllb8pr4yhpae id nolu satıcıdan 0.00100000 fiyatından 1143.95703593 adet 9 id nolu coin karşılığında 141 id nolu coin satın aldı. Emir kapandı.
TRADE - 2021-01-12 11:52:16 --> (0.05740300 1610441536) trade işleminde  : hzon720zk2cdr3dyllb8pr4yhpae id nolu alıcı hzon720zk2cdr3dyllb8pr4yhpae id nolu satıcıdan 0.00100000 fiyatından 1139.39033932 adet 9 id nolu coin karşılığında 141 id nolu coin satın aldı. Emir kapandı.
TRADE - 2021-01-12 11:52:18 --> (0.56332700 1610441538) trade işleminde  : hzon720zk2cdr3dyllb8pr4yhpae id nolu alıcı hzon720zk2cdr3dyllb8pr4yhpae id nolu satıcıdan 0.00100000 fiyatından 1134.84187625 adet 9 id nolu coin karşılığında 141 id nolu coin satın aldı. Emir kapandı.
TRADE - 2021-01-12 11:52:21 --> (0.22098500 1610441541) trade işleminde  : hzon720zk2cdr3dyllb8pr4yhpae id nolu alıcı hzon720zk2cdr3dyllb8pr4yhpae id nolu satıcıdan 0.00100000 fiyatından 1130.31156687 adet 9 id nolu coin karşılığında 141 id nolu coin satın aldı. Emir kapandı.
TRADE - 2021-01-12 11:52:25 --> (0.49907100 1610441545) trade işleminde  : hzon720zk2cdr3dyllb8pr4yhpae id nolu alıcı hzon720zk2cdr3dyllb8pr4yhpae id nolu satıcıdan 0.00100000 fiyatından 844.34950599 adet 9 id nolu coin karşılığında 141 id nolu coin satın aldı. Emir kapandı.
TRADE - 2021-01-12 11:52:34 --> (0.97437900 1610441554) trade işleminde  : hzon720zk2cdr3dyllb8pr4yhpae id nolu alıcı hzon720zk2cdr3dyllb8pr4yhpae id nolu satıcıdan 0.00100000 fiyatından 561.21434132 adet 9 id nolu coin karşılığında 141 id nolu coin satın aldı. Emir kapandı.
TRADE - 2021-01-12 11:52:40 --> (0.06826400 1610441560) trade işleminde  : hzon720zk2cdr3dyllb8pr4yhpae id nolu alıcı hzon720zk2cdr3dyllb8pr4yhpae id nolu satıcıdan 0.00100000 fiyatından 583.52786389 adet 9 id nolu coin karşılığında 141 id nolu coin satın aldı. Alıcı almak istediği miktarı aldı. Boş emir açıldı.
TRADE - 2021-01-12 11:52:46 --> (0.40050800 1610441566) trade işleminde  : hzon720zk2cdr3dyllb8pr4yhpae id nolu alıcı hzon720zk2cdr3dyllb8pr4yhpae id nolu satıcıdan 0.00120000 fiyatından 232.88726089 adet 9 id nolu coin karşılığında 141 id nolu coin satın aldı. Emir kapandı.
TRADE - 2021-01-12 14:12:49 --> (0.38358700 1610449969) trade işleminde  : ezipojqyku8sn3jwmqlzym7mfmky id nolu alıcı 6bavdl8dik135r3iu118fe4zxti5 id nolu satıcıdan 0.00719349 fiyatından 129.84347716 adet 9 id nolu coin karşılığında 161 id nolu coin satın aldı. Emir kapandı.
TRADE - 2021-01-12 16:02:51 --> (0.57048900 1610456571) trade işleminde  : ezipojqyku8sn3jwmqlzym7mfmky id nolu alıcı 6bavdl8dik135r3iu118fe4zxti5 id nolu satıcıdan 0.00720549 fiyatından 2.00000000 adet 9 id nolu coin karşılığında 161 id nolu coin satın aldı. Emir kapandı.
TRADE - 2021-01-12 16:08:35 --> (0.71234800 1610456915) trade işleminde  : ezipojqyku8sn3jwmqlzym7mfmky id nolu alıcı 6bavdl8dik135r3iu118fe4zxti5 id nolu satıcıdan 0.00720549 fiyatından 355.93626925 adet 9 id nolu coin karşılığında 161 id nolu coin satın aldı. Satıcının miktarı yetmedi ve eşleşen bir fiyat olmadığı için 30.94543837 adet alış emri açıldı.
TRADE - 2021-01-12 16:10:45 --> (0.98146400 1610457045) trade işleminde  : 6bavdl8dik135r3iu118fe4zxti5 id nolu satıcı ezipojqyku8sn3jwmqlzym7mfmky id nolu alıcıya 0.00720549 fiyatından 30.94543837 adet 9 id nolu coin karşılığında 161 id nolu coin sattı. Emir kapandı.
TRADE - 2021-01-12 17:10:28 --> (0.40676700 1610460628) trade işleminde  : d6clnng7ucwg3odg53disnoobier id nolu alıcı 6bavdl8dik135r3iu118fe4zxti5 id nolu satıcıdan 0.00000084 fiyatından 4523.31052181 adet 1 id nolu coin karşılığında 128 id nolu coin satın aldı. Emir kapandı.
TRADE - 2021-01-12 17:40:16 --> (0.75979100 1610462416) trade işleminde  : d6clnng7ucwg3odg53disnoobier id nolu satıcı 6bavdl8dik135r3iu118fe4zxti5 id nolu alıcıya 0.00000085 fiyatından 4523.31052181 adet 1 id nolu coin karşılığında 128 id nolu coin sattı. Emir kapandı.
TRADE - 2021-01-12 17:44:36 --> (0.93536900 1610462676) trade işleminde  : d6clnng7ucwg3odg53disnoobier id nolu alıcı 6bavdl8dik135r3iu118fe4zxti5 id nolu satıcıdan 0.00000848 fiyatından 451.58739126 adet 1 id nolu coin karşılığında 7 id nolu coin satın aldı. Emir kapandı.
TRADE - 2021-01-12 17:51:15 --> (0.74924500 1610463075) trade işleminde  : 6bavdl8dik135r3iu118fe4zxti5 id nolu alıcı d6clnng7ucwg3odg53disnoobier id nolu satıcıdan 0.00000849 fiyatından 451.58739126 adet 1 id nolu coin karşılığında 7 id nolu coin satın aldı. Alıcı almak istediği miktarı aldı. Boş emir açıldı.
TRADE - 2021-01-12 18:41:17 --> (0.07539900 1610466077) trade işleminde  : d6clnng7ucwg3odg53disnoobier id nolu alıcı 6bavdl8dik135r3iu118fe4zxti5 id nolu satıcıdan 0.00000845 fiyatından 451.91392363 adet 1 id nolu coin karşılığında 7 id nolu coin satın aldı. Emir kapandı.
TRADE - 2021-01-12 18:45:47 --> (0.10125200 1610466347) trade işleminde  : r6bn45ox4is1ge1c83kds8p08v71 id nolu alıcı 3p5816hym8x0z1sklpax6bm8dpcs id nolu satıcıdan 0.00000499 fiyatından 20.00000000 adet 6 id nolu coin karşılığında 152 id nolu coin satın aldı. Emir kapandı.
TRADE - 2021-01-12 18:46:15 --> (0.04689600 1610466375) trade işleminde  : r6bn45ox4is1ge1c83kds8p08v71 id nolu alıcı 3p5816hym8x0z1sklpax6bm8dpcs id nolu satıcıdan 0.00000499 fiyatından 20 adet 6 id nolu coin karşılığında 152 id nolu coin satın aldı. Satıcının miktarı yetmedi ve eşleşen bir fiyat olmadığı için 20 adet alış emri açıldı.
TRADE - 2021-01-12 18:50:14 --> (0.00872400 1610466614) trade işleminde  : d6clnng7ucwg3odg53disnoobier id nolu satıcı 6bavdl8dik135r3iu118fe4zxti5 id nolu alıcıya 0.00000842 fiyatından 451.91392363 adet 1 id nolu coin karşılığında 7 id nolu coin sattı. Emir kapandı.
TRADE - 2021-01-12 20:30:40 --> (0.14217800 1610472640) trade işleminde  : 3p5816hym8x0z1sklpax6bm8dpcs id nolu satıcı r6bn45ox4is1ge1c83kds8p08v71 id nolu alıcıya 0.00000499 fiyatından 20 adet 6 id nolu coin karşılığında 152 id nolu coin sattı. Alıcının miktarı yetmedi ve eşleşen bir fiyat olmadığı için 6.63562802 adet satış emri açıldı.
TRADE - 2021-01-12 21:14:09 --> (0.19720800 1610475249) trade işleminde  : 6bavdl8dik135r3iu118fe4zxti5 id nolu alıcı aucbqtsou8stysgjlp40b1766646 id nolu satıcıdan 0.00838590 fiyatından 0.025 adet 9 id nolu coin karşılığında 3 id nolu coin satın aldı. Alıcı almak istediği miktarı aldı. Boş emir açıldı.
TRADE - 2021-01-12 21:32:00 --> (0.31175500 1610476320) trade işleminde  : 6bavdl8dik135r3iu118fe4zxti5 id nolu satıcı aucbqtsou8stysgjlp40b1766646 id nolu alıcıya 0.02923000 fiyatından 0.02080717 adet 9 id nolu coin karşılığında 128 id nolu coin sattı. Emir kapandı.
