TRADE - 2020-11-10 01:07:43 --> (0.63017500 1604970463) trade işleminde  : 6bavdl8dik135r3iu118fe4zxti5 id nolu alıcı jlzei3hivlcf0qlv3c6db976mz74 id nolu satıcıdan 0.02481000 fiyatından 200 adet 9 id nolu coin karşılığında 128 id nolu coin satın aldı. Alıcı almak istediği miktarı aldı. Boş emir açıldı.
TRADE - 2020-11-10 01:25:51 --> (0.64334400 1604971551) trade işleminde  : l5i0rrsy8c61w6g2wn7462431sbm id nolu alıcı i39wfsjxultrzyt5hk9mx5t86d4c id nolu satıcıdan 0.00000001 fiyatından 2211727.54491018 adet 1 id nolu coin karşılığında 121 id nolu coin satın aldı. Emir kapandı.
TRADE - 2020-11-10 06:31:54 --> (0.26774700 1604989914) trade işleminde  : jlzei3hivlcf0qlv3c6db976mz74 id nolu alıcı zlgxvsiggs0c6qkc3pzi9xvusiux id nolu satıcıdan 0.00000199 fiyatından 815960.81910254 adet 9 id nolu coin karşılığında 121 id nolu coin satın aldı. Satıcının miktarı yetmedi ve eşleşen bir fiyat olmadığı için 1625151.6279551 adet alış emri açıldı.
TRADE - 2020-11-10 06:31:54 --> (0.67505200 1604989914) trade işleminde  : jlzei3hivlcf0qlv3c6db976mz74 id nolu alıcı hq89sanm241lnihbj5b6oqd5z3bh id nolu satıcıdan 0.00000199 fiyatından 2483513.37525953 adet 9 id nolu coin karşılığında 121 id nolu coin almak istedi ama satıcının miktarı(42400.92820188) yetmedi ve emir tekrar etti.
TRADE - 2020-11-10 06:41:45 --> (0.97399500 1604990505) trade işleminde  : 02nk29jwvqof0m6jg7k3cwahs3ti id nolu satıcı 6bavdl8dik135r3iu118fe4zxti5 id nolu alıcıya 0.00378500 fiyatından 0.44 adet 1 id nolu coin karşılığında 2 id nolu coin sattı. Alıcının miktarı yetmedi ve eşleşen bir fiyat olmadığı için 0.0013714 adet satış emri açıldı.
TRADE - 2020-11-10 06:46:47 --> (0.36139800 1604990807) trade işleminde  : 6bavdl8dik135r3iu118fe4zxti5 id nolu alıcı 02nk29jwvqof0m6jg7k3cwahs3ti id nolu satıcıdan 0.00378500 fiyatından 0.0013714 adet 1 id nolu coin karşılığında 2 id nolu coin satın aldı. Alıcı almak istediği miktarı aldı. Boş emir açıldı.
TRADE - 2020-11-10 07:31:58 --> (0.05636700 1604993518) trade işleminde  : 02nk29jwvqof0m6jg7k3cwahs3ti id nolu alıcı 6bavdl8dik135r3iu118fe4zxti5 id nolu satıcıdan 0.00382000 fiyatından 0.43558172 adet 1 id nolu coin karşılığında 2 id nolu coin satın aldı. Emir kapandı.
TRADE - 2020-11-10 07:55:57 --> (0.30198400 1604994957) trade işleminde  : 02nk29jwvqof0m6jg7k3cwahs3ti id nolu satıcı 6bavdl8dik135r3iu118fe4zxti5 id nolu alıcıya 58.48134753 fiyatından 0.43558172 adet 9 id nolu coin karşılığında 2 id nolu coin sattı. Emir kapandı.
TRADE - 2020-11-10 07:56:10 --> (0.32836900 1604994970) trade işleminde  : 02nk29jwvqof0m6jg7k3cwahs3ti id nolu alıcı 6bavdl8dik135r3iu118fe4zxti5 id nolu satıcıdan 0.00268220 fiyatından 5395.29300522 adet 9 id nolu coin karşılığında 3 id nolu coin satın aldı. Emir kapandı.
TRADE - 2020-11-10 07:56:10 --> (0.86677700 1604994970) trade işleminde  : 02nk29jwvqof0m6jg7k3cwahs3ti id nolu alıcı 6bavdl8dik135r3iu118fe4zxti5 id nolu satıcıdan 0.00268060 fiyatından 9459.29300522 adet 9 id nolu coin karşılığında 3 id nolu coin almak istedi ama satıcının miktarı(4064) yetmedi ve emir tekrar etti.
TRADE - 2020-11-10 13:09:06 --> (0.10796700 1605013746) trade işleminde  : 6bavdl8dik135r3iu118fe4zxti5 id nolu satıcı keqg1jjm1kyegty1azwnslehqhfi id nolu alıcıya 0.02490000 fiyatından 0.0080161 adet 9 id nolu coin karşılığında 128 id nolu coin sattı. Emir kapandı.
TRADE - 2020-11-10 16:21:57 --> (0.80856300 1605025317) trade işleminde  : a1rpvodd6y1w3lgpeeru9foj7ufu id nolu satıcı 94sqjx8qc58gr250q5wvqap6em4d id nolu alıcıya 0.00000592 fiyatından 34.91569310 adet 9 id nolu coin karşılığında 122 id nolu coin sattı. Emir kapandı.
TRADE - 2020-11-10 16:23:12 --> (0.83601600 1605025392) trade işleminde  : a1rpvodd6y1w3lgpeeru9foj7ufu id nolu satıcı 0q6vv13ewy2g05gerglbot3ssicz id nolu alıcıya 0.02365000 fiyatından 0.20100000 adet 9 id nolu coin karşılığında 14 id nolu coin sattı. Emir kapandı.
TRADE - 2020-11-10 17:20:59 --> (0.91117500 1605028859) trade işleminde  : hq89sanm241lnihbj5b6oqd5z3bh id nolu satıcı jlzei3hivlcf0qlv3c6db976mz74 id nolu alıcıya 0.00000199 fiyatından 995242.96550812 adet 9 id nolu coin karşılığında 121 id nolu coin sattı. Emir kapandı.
TRADE - 2020-11-10 19:08:37 --> (0.34419800 1605035317) trade işleminde  : g583xwnlbef4undsfmqoxry7rhns id nolu alıcı i39wfsjxultrzyt5hk9mx5t86d4c id nolu satıcıdan 0.00000001 fiyatından 38542.91417166 adet 1 id nolu coin karşılığında 121 id nolu coin satın aldı. Emir kapandı.
TRADE - 2020-11-10 20:39:31 --> (0.68434400 1605040771) trade işleminde  : i39wfsjxultrzyt5hk9mx5t86d4c id nolu alıcı i39wfsjxultrzyt5hk9mx5t86d4c id nolu satıcıdan 0.00000001 fiyatından 554.44666223 adet 1 id nolu coin karşılığında 121 id nolu coin satın aldı. Emir kapandı.
TRADE - 2020-11-10 21:48:27 --> (0.76809100 1605044907) trade işleminde  : de106q7go2xawwuz1rlfss0fofx9 id nolu alıcı 6bavdl8dik135r3iu118fe4zxti5 id nolu satıcıdan 0.02490000 fiyatından 0.08544778 adet 9 id nolu coin karşılığında 128 id nolu coin satın aldı. Emir kapandı.
TRADE - 2020-11-10 21:48:38 --> (0.77650900 1605044918) trade işleminde  : de106q7go2xawwuz1rlfss0fofx9 id nolu satıcı 6bavdl8dik135r3iu118fe4zxti5 id nolu alıcıya 0.02483000 fiyatından 0.08554778 adet 9 id nolu coin karşılığında 128 id nolu coin sattı. Emir kapandı.
TRADE - 2020-11-10 21:50:30 --> (0.05896200 1605045030) trade işleminde  : de106q7go2xawwuz1rlfss0fofx9 id nolu alıcı 6bavdl8dik135r3iu118fe4zxti5 id nolu satıcıdan 0.00281990 fiyatından 0.75132458 adet 9 id nolu coin karşılığında 3 id nolu coin satın aldı. Emir kapandı.
TRADE - 2020-11-10 21:50:44 --> (0.93684400 1605045044) trade işleminde  : de106q7go2xawwuz1rlfss0fofx9 id nolu satıcı 6bavdl8dik135r3iu118fe4zxti5 id nolu alıcıya 0.00281360 fiyatından 0.76132458 adet 9 id nolu coin karşılığında 3 id nolu coin sattı. Emir kapandı.
TRADE - 2020-11-10 21:51:15 --> (0.77207200 1605045075) trade işleminde  : de106q7go2xawwuz1rlfss0fofx9 id nolu alıcı 6bavdl8dik135r3iu118fe4zxti5 id nolu satıcıdan 0.00469999 fiyatından 0.60419927 adet 9 id nolu coin karşılığında 17 id nolu coin satın aldı. Emir kapandı.
TRADE - 2020-11-10 21:51:25 --> (0.54124500 1605045085) trade işleminde  : de106q7go2xawwuz1rlfss0fofx9 id nolu satıcı 6bavdl8dik135r3iu118fe4zxti5 id nolu alıcıya 0.00461131 fiyatından 0.60429927 adet 9 id nolu coin karşılığında 17 id nolu coin sattı. Emir kapandı.
