TRADE - 2020-11-13 00:47:32 --> (0.03351500 1605228452) trade işleminde  : fj44e71pzte52i5igwc2u137qyx7 id nolu alıcı fj44e71pzte52i5igwc2u137qyx7 id nolu satıcıdan 0.00719508 fiyatından 239.59710654 adet 9 id nolu coin karşılığında 152 id nolu coin satın aldı. Emir kapandı.
TRADE - 2020-11-13 00:47:50 --> (0.28421000 1605228470) trade işleminde  : fj44e71pzte52i5igwc2u137qyx7 id nolu alıcı fj44e71pzte52i5igwc2u137qyx7 id nolu satıcıdan 0.00719508 fiyatından 39.35798772 adet 9 id nolu coin karşılığında 152 id nolu coin satın aldı. Emir kapandı.
TRADE - 2020-11-13 00:48:01 --> (0.26263400 1605228481) trade işleminde  : fj44e71pzte52i5igwc2u137qyx7 id nolu alıcı fj44e71pzte52i5igwc2u137qyx7 id nolu satıcıdan 0.00719508 fiyatından 124.54500000 adet 9 id nolu coin karşılığında 152 id nolu coin satın aldı. Emir kapandı.
TRADE - 2020-11-13 00:48:14 --> (0.52789600 1605228494) trade işleminde  : fj44e71pzte52i5igwc2u137qyx7 id nolu alıcı fj44e71pzte52i5igwc2u137qyx7 id nolu satıcıdan 0.00719508 fiyatından 478.38882379 adet 9 id nolu coin karşılığında 152 id nolu coin satın aldı. Emir kapandı.
TRADE - 2020-11-13 00:48:26 --> (0.23433800 1605228506) trade işleminde  : fj44e71pzte52i5igwc2u137qyx7 id nolu alıcı fj44e71pzte52i5igwc2u137qyx7 id nolu satıcıdan 0.00719508 fiyatından 25.45445000 adet 9 id nolu coin karşılığında 152 id nolu coin satın aldı. Emir kapandı.
TRADE - 2020-11-13 00:48:31 --> (0.57937500 1605228511) trade işleminde  : fj44e71pzte52i5igwc2u137qyx7 id nolu alıcı fj44e71pzte52i5igwc2u137qyx7 id nolu satıcıdan 0.00719508 fiyatından 34.54758485 adet 9 id nolu coin karşılığında 152 id nolu coin satın aldı. Emir kapandı.
TRADE - 2020-11-13 00:56:16 --> (0.56329700 1605228976) trade işleminde  : fj44e71pzte52i5igwc2u137qyx7 id nolu alıcı fj44e71pzte52i5igwc2u137qyx7 id nolu satıcıdan 0.00719508 fiyatından 238.65709571 adet 9 id nolu coin karşılığında 152 id nolu coin satın aldı. Emir kapandı.
TRADE - 2020-11-13 00:56:59 --> (0.18905800 1605229019) trade işleminde  : fj44e71pzte52i5igwc2u137qyx7 id nolu satıcı fj44e71pzte52i5igwc2u137qyx7 id nolu alıcıya 0.00710811 fiyatından 14.00000000 adet 9 id nolu coin karşılığında 152 id nolu coin sattı. Emir kapandı.
TRADE - 2020-11-13 00:57:21 --> (0.46711500 1605229041) trade işleminde  : fj44e71pzte52i5igwc2u137qyx7 id nolu satıcı fj44e71pzte52i5igwc2u137qyx7 id nolu alıcıya 0.00710811 fiyatından 35.57575000 adet 9 id nolu coin karşılığında 152 id nolu coin sattı. Emir kapandı.
TRADE - 2020-11-13 00:57:42 --> (0.65638400 1605229062) trade işleminde  : fj44e71pzte52i5igwc2u137qyx7 id nolu satıcı fj44e71pzte52i5igwc2u137qyx7 id nolu alıcıya 0.00710811 fiyatından 25.13701215 adet 9 id nolu coin karşılığında 152 id nolu coin sattı. Emir kapandı.
TRADE - 2020-11-13 00:57:48 --> (0.65976900 1605229068) trade işleminde  : fj44e71pzte52i5igwc2u137qyx7 id nolu alıcı fj44e71pzte52i5igwc2u137qyx7 id nolu satıcıdan 0.00719508 fiyatından 197.19294289 adet 9 id nolu coin karşılığında 152 id nolu coin satın aldı. Emir kapandı.
TRADE - 2020-11-13 00:59:43 --> (0.71195700 1605229183) trade işleminde  : fj44e71pzte52i5igwc2u137qyx7 id nolu alıcı fj44e71pzte52i5igwc2u137qyx7 id nolu satıcıdan 0.00719508 fiyatından 43.03975141 adet 9 id nolu coin karşılığında 152 id nolu coin satın aldı. Emir kapandı.
TRADE - 2020-11-13 01:38:41 --> (0.56413100 1605231521) trade işleminde  : gwgvn9fj4jobujl16xk5gy1vey0k id nolu satıcı 6bavdl8dik135r3iu118fe4zxti5 id nolu alıcıya 60.91509390 fiyatından 0.10300000 adet 9 id nolu coin karşılığında 2 id nolu coin sattı. Emir kapandı.
TRADE - 2020-11-13 01:59:19 --> (0.84581000 1605232759) trade işleminde  : gl1s7binuyj3t4yhq7kkieql6k60 id nolu satıcı cvmata43uprbtl40jwjol7sw8uv7 id nolu alıcıya 0.00000046 fiyatından 470.00000000 adet 6 id nolu coin karşılığında 122 id nolu coin sattı. Emir kapandı.
TRADE - 2020-11-13 05:50:26 --> (0.64070000 1605246626) trade işleminde  : hzon720zk2cdr3dyllb8pr4yhpae id nolu satıcı fj44e71pzte52i5igwc2u137qyx7 id nolu alıcıya 0.00710811 fiyatından 166.62328445 adet 9 id nolu coin karşılığında 152 id nolu coin sattı. Emir kapandı.
TRADE - 2020-11-13 05:50:49 --> (0.97821600 1605246649) trade işleminde  : hzon720zk2cdr3dyllb8pr4yhpae id nolu satıcı fj44e71pzte52i5igwc2u137qyx7 id nolu alıcıya 0.00710810 fiyatından 80.78670812 adet 9 id nolu coin karşılığında 152 id nolu coin sattı. Emir kapandı.
TRADE - 2020-11-13 05:50:54 --> (0.45002500 1605246654) trade işleminde  : hzon720zk2cdr3dyllb8pr4yhpae id nolu satıcı fj44e71pzte52i5igwc2u137qyx7 id nolu alıcıya 0.00710710 fiyatından 20.62669725 adet 9 id nolu coin karşılığında 152 id nolu coin sattı. Emir kapandı.
TRADE - 2020-11-13 07:49:16 --> (0.92298200 1605253756) trade işleminde  : hzon720zk2cdr3dyllb8pr4yhpae id nolu alıcı 6bavdl8dik135r3iu118fe4zxti5 id nolu satıcıdan 459.88000100 fiyatından 0.00062852 adet 9 id nolu coin karşılığında 6 id nolu coin satın aldı. Emir kapandı.
TRADE - 2020-11-13 07:49:28 --> (0.79893600 1605253768) trade işleminde  : hzon720zk2cdr3dyllb8pr4yhpae id nolu alıcı hzon720zk2cdr3dyllb8pr4yhpae id nolu satıcıdan 0.00004999 fiyatından 12.54781895 adet 6 id nolu coin karşılığında 152 id nolu coin satın aldı. Emir kapandı.
TRADE - 2020-11-13 07:49:36 --> (0.03795200 1605253776) trade işleminde  : hzon720zk2cdr3dyllb8pr4yhpae id nolu alıcı hzon720zk2cdr3dyllb8pr4yhpae id nolu satıcıdan 0.00004999 fiyatından 3.12442728 adet 6 id nolu coin karşılığında 152 id nolu coin satın aldı. Emir kapandı.
TRADE - 2020-11-13 07:49:39 --> (0.23812400 1605253779) trade işleminde  : hzon720zk2cdr3dyllb8pr4yhpae id nolu alıcı hzon720zk2cdr3dyllb8pr4yhpae id nolu satıcıdan 0.00004999 fiyatından 6.24266570 adet 6 id nolu coin karşılığında 152 id nolu coin satın aldı. Emir kapandı.
TRADE - 2020-11-13 07:49:44 --> (0.19325400 1605253784) trade işleminde  : hzon720zk2cdr3dyllb8pr4yhpae id nolu alıcı hzon720zk2cdr3dyllb8pr4yhpae id nolu satıcıdan 0.00004999 fiyatından 3.11509408 adet 6 id nolu coin karşılığında 152 id nolu coin satın aldı. Emir kapandı.
TRADE - 2020-11-13 07:49:47 --> (0.20694800 1605253787) trade işleminde  : hzon720zk2cdr3dyllb8pr4yhpae id nolu alıcı hzon720zk2cdr3dyllb8pr4yhpae id nolu satıcıdan 0.00004999 fiyatından 9.33584921 adet 6 id nolu coin karşılığında 152 id nolu coin satın aldı. Emir kapandı.
TRADE - 2020-11-13 07:49:49 --> (0.94607700 1605253789) trade işleminde  : hzon720zk2cdr3dyllb8pr4yhpae id nolu alıcı hzon720zk2cdr3dyllb8pr4yhpae id nolu satıcıdan 0.00004999 fiyatından 12.41066577 adet 6 id nolu coin karşılığında 152 id nolu coin satın aldı. Emir kapandı.
TRADE - 2020-11-13 09:50:00 --> (0.41729800 1605261000) trade işleminde  : pdcwse6x5hbp0rfelt894wkw8dke id nolu satıcı fj44e71pzte52i5igwc2u137qyx7 id nolu alıcıya 0.00615710 fiyatından 24.88736589 adet 9 id nolu coin karşılığında 152 id nolu coin sattı. Emir kapandı.
TRADE - 2020-11-13 09:50:06 --> (0.12217400 1605261006) trade işleminde  : pdcwse6x5hbp0rfelt894wkw8dke id nolu satıcı fj44e71pzte52i5igwc2u137qyx7 id nolu alıcıya 0.00612510 fiyatından 34.88736589 adet 9 id nolu coin karşılığında 152 id nolu coin sattı. Emir kapandı.
TRADE - 2020-11-13 11:18:06 --> (0.14644200 1605266286) trade işleminde  : fj44e71pzte52i5igwc2u137qyx7 id nolu alıcı fj44e71pzte52i5igwc2u137qyx7 id nolu satıcıdan 0.00689500 fiyatından 191.74385891 adet 9 id nolu coin karşılığında 152 id nolu coin satın aldı. Emir kapandı.
TRADE - 2020-11-13 11:18:18 --> (0.33696000 1605266298) trade işleminde  : fj44e71pzte52i5igwc2u137qyx7 id nolu alıcı fj44e71pzte52i5igwc2u137qyx7 id nolu satıcıdan 0.00689500 fiyatından 35.57854000 adet 9 id nolu coin karşılığında 152 id nolu coin satın aldı. Emir kapandı.
TRADE - 2020-11-13 11:19:00 --> (0.53160200 1605266340) trade işleminde  : fj44e71pzte52i5igwc2u137qyx7 id nolu alıcı fj44e71pzte52i5igwc2u137qyx7 id nolu satıcıdan 0.00689500 fiyatından 191.51699067 adet 9 id nolu coin karşılığında 152 id nolu coin satın aldı. Emir kapandı.
TRADE - 2020-11-13 11:19:42 --> (0.47229400 1605266382) trade işleminde  : fj44e71pzte52i5igwc2u137qyx7 id nolu alıcı fj44e71pzte52i5igwc2u137qyx7 id nolu satıcıdan 0.00689500 fiyatından 34.54885480 adet 9 id nolu coin karşılığında 152 id nolu coin satın aldı. Emir kapandı.
TRADE - 2020-11-13 12:39:25 --> (0.87625200 1605271165) trade işleminde  : 6bavdl8dik135r3iu118fe4zxti5 id nolu alıcı 6bavdl8dik135r3iu118fe4zxti5 id nolu satıcıdan 64.57929994 fiyatından 1.17426667 adet 9 id nolu coin karşılığında 2 id nolu coin satın aldı. Alıcı almak istediği miktarı aldı. Boş emir açıldı.
TRADE - 2020-11-13 12:40:14 --> (0.59877400 1605271214) trade işleminde  : 6bavdl8dik135r3iu118fe4zxti5 id nolu alıcı i6ewwoij1k11piqjg59fp0q77r35 id nolu satıcıdan 64.64000000 fiyatından 0.00469019 adet 9 id nolu coin karşılığında 2 id nolu coin satın aldı. Alıcı almak istediği miktarı aldı. Boş emir açıldı.
TRADE - 2020-11-13 14:43:25 --> (0.85764000 1605278605) trade işleminde  : no2dnuhutckbktnejjdkkitdgw2n id nolu alıcı pdcwse6x5hbp0rfelt894wkw8dke id nolu satıcıdan 0.00679500 fiyatından 10.50037630 adet 9 id nolu coin karşılığında 152 id nolu coin satın aldı. Emir kapandı.
