TRADE - 2020-12-27 04:25:22 --> (0.65404500 1609032322) trade işleminde  : x4ycl5bwrjzanidfuekzq76hqbbx id nolu alıcı 6bavdl8dik135r3iu118fe4zxti5 id nolu satıcıdan 0.02385600 fiyatından 0.04827659 adet 1 id nolu coin karşılığında 6 id nolu coin satın aldı. Emir kapandı.
TRADE - 2020-12-27 05:55:20 --> (0.19770500 1609037720) trade işleminde  : 1eygjz6uvryjlrmksw42d8drvyyk id nolu satıcı 6bavdl8dik135r3iu118fe4zxti5 id nolu alıcıya 0.00000487 fiyatından 1699.60000000 adet 1 id nolu coin karşılığında 74 id nolu coin sattı. Emir kapandı.
TRADE - 2020-12-27 12:25:27 --> (0.75494100 1609061127) trade işleminde  : i39wfsjxultrzyt5hk9mx5t86d4c id nolu alıcı i39wfsjxultrzyt5hk9mx5t86d4c id nolu satıcıdan 0.00000001 fiyatından 13907.18562874 adet 1 id nolu coin karşılığında 121 id nolu coin satın aldı. Emir kapandı.
TRADE - 2020-12-27 12:25:51 --> (0.38583100 1609061151) trade işleminde  : i39wfsjxultrzyt5hk9mx5t86d4c id nolu alıcı i39wfsjxultrzyt5hk9mx5t86d4c id nolu satıcıdan 0.00000001 fiyatından 18487.02594810 adet 1 id nolu coin karşılığında 121 id nolu coin satın aldı. Emir kapandı.
TRADE - 2020-12-27 13:00:19 --> (0.97302900 1609063219) trade işleminde  : 57ntxnymjpbqmfuazyaadgqaysts id nolu alıcı fh04485cvrp016cb237bblzr3yc7 id nolu satıcıdan 0.00000330 fiyatından 251403.3485814 adet 9 id nolu coin karşılığında 121 id nolu coin satın aldı. Satıcının miktarı yetmedi ve eşleşen bir fiyat olmadığı için 504660.28173373 adet alış emri açıldı.
TRADE - 2020-12-27 13:09:01 --> (0.21498100 1609063741) trade işleminde  : hzon720zk2cdr3dyllb8pr4yhpae id nolu alıcı ebhx9wjf67y4iv1pjb76gbmnkmak id nolu satıcıdan 0.00000430 fiyatından 100000 adet 9 id nolu coin karşılığında 145 id nolu coin satın aldı. Alıcı almak istediği miktarı aldı. Boş emir açıldı.
TRADE - 2020-12-27 13:09:09 --> (0.65994500 1609063749) trade işleminde  : hzon720zk2cdr3dyllb8pr4yhpae id nolu alıcı ebhx9wjf67y4iv1pjb76gbmnkmak id nolu satıcıdan 0.00000450 fiyatından 200000 adet 9 id nolu coin karşılığında 145 id nolu coin satın aldı. Alıcı almak istediği miktarı aldı. Boş emir açıldı.
TRADE - 2020-12-27 13:09:14 --> (0.70027200 1609063754) trade işleminde  : hzon720zk2cdr3dyllb8pr4yhpae id nolu alıcı ebhx9wjf67y4iv1pjb76gbmnkmak id nolu satıcıdan 0.00000490 fiyatından 300000 adet 9 id nolu coin karşılığında 145 id nolu coin satın aldı. Alıcı almak istediği miktarı aldı. Boş emir açıldı.
TRADE - 2020-12-27 13:09:27 --> (0.88339100 1609063767) trade işleminde  : hzon720zk2cdr3dyllb8pr4yhpae id nolu alıcı 8mka6bv7y37b40cvx8xd68lemcak id nolu satıcıdan 0.00000500 fiyatından 20978.76700185 adet 9 id nolu coin karşılığında 145 id nolu coin satın aldı. Alıcı almak istediği miktarı aldı. Boş emir açıldı.
TRADE - 2020-12-27 14:01:21 --> (0.67491100 1609066881) trade işleminde  : 691e3q6pg5faet8iwpt24kmelcjy id nolu alıcı 6bavdl8dik135r3iu118fe4zxti5 id nolu satıcıdan 27809.05000000 fiyatından 0.00060587 adet 9 id nolu coin karşılığında 1 id nolu coin satın aldı. Emir kapandı.
TRADE - 2020-12-27 15:04:22 --> (0.98127800 1609070662) trade işleminde  : m0xcu7ndf5xqw4j0zz1jk70zgfs1 id nolu satıcı 270bkifjjllri9jwellc2kthl2yj id nolu alıcıya 0.00600007 fiyatından 166.33205813 adet 9 id nolu coin karşılığında 152 id nolu coin sattı. Alıcının miktarı yetmedi ve eşleşen bir fiyat olmadığı için 4464.714878 adet satış emri açıldı.
TRADE - 2020-12-27 15:04:26 --> (0.87863200 1609070666) trade işleminde  : m0xcu7ndf5xqw4j0zz1jk70zgfs1 id nolu satıcı 270bkifjjllri9jwellc2kthl2yj id nolu alıcıya 0.00600000 fiyatından 249.500998 adet 9 id nolu coin karşılığında 152 id nolu coin sattı. Alıcının miktarı yetmedi ve eşleşen bir fiyat olmadığı için 4381.54593813 adet satış emri açıldı.
TRADE - 2020-12-27 15:05:14 --> (0.10188700 1609070714) trade işleminde  : m0xcu7ndf5xqw4j0zz1jk70zgfs1 id nolu alıcı 065ozong9wfd5fiike0gcj82x1us id nolu satıcıdan 0.02420019 fiyatından 12.45785000 adet 9 id nolu coin karşılığında 152 id nolu coin satın aldı. Emir kapandı.
TRADE - 2020-12-27 15:05:23 --> (0.03961600 1609070723) trade işleminde  : m0xcu7ndf5xqw4j0zz1jk70zgfs1 id nolu alıcı 065ozong9wfd5fiike0gcj82x1us id nolu satıcıdan 0.02420019 fiyatından 5.57580000 adet 9 id nolu coin karşılığında 152 id nolu coin satın aldı. Emir kapandı.
TRADE - 2020-12-27 15:05:31 --> (0.13845800 1609070731) trade işleminde  : m0xcu7ndf5xqw4j0zz1jk70zgfs1 id nolu satıcı 270bkifjjllri9jwellc2kthl2yj id nolu alıcıya 0.00500072 fiyatından 399.14412005 adet 9 id nolu coin karşılığında 152 id nolu coin sattı. Emir kapandı.
TRADE - 2020-12-27 15:05:35 --> (0.58652700 1609070735) trade işleminde  : m0xcu7ndf5xqw4j0zz1jk70zgfs1 id nolu satıcı hzon720zk2cdr3dyllb8pr4yhpae id nolu alıcıya 0.00300000 fiyatından 2856.08183965 adet 9 id nolu coin karşılığında 152 id nolu coin sattı. Emir kapandı.
TRADE - 2020-12-27 15:05:42 --> (0.83043400 1609070742) trade işleminde  : m0xcu7ndf5xqw4j0zz1jk70zgfs1 id nolu alıcı 065ozong9wfd5fiike0gcj82x1us id nolu satıcıdan 0.02420019 fiyatından 5.57580000 adet 9 id nolu coin karşılığında 152 id nolu coin satın aldı. Emir kapandı.
TRADE - 2020-12-27 15:05:54 --> (0.48300700 1609070754) trade işleminde  : m0xcu7ndf5xqw4j0zz1jk70zgfs1 id nolu alıcı 065ozong9wfd5fiike0gcj82x1us id nolu satıcıdan 0.02420019 fiyatından 11.65600000 adet 9 id nolu coin karşılığında 152 id nolu coin satın aldı. Emir kapandı.
TRADE - 2020-12-27 15:09:01 --> (0.37596800 1609070941) trade işleminde  : m0xcu7ndf5xqw4j0zz1jk70zgfs1 id nolu alıcı 6bavdl8dik135r3iu118fe4zxti5 id nolu satıcıdan 27464.06000000 fiyatından 0.00044235 adet 9 id nolu coin karşılığında 1 id nolu coin satın aldı. Emir kapandı.
TRADE - 2020-12-27 15:09:26 --> (0.17937700 1609070966) trade işleminde  : m0xcu7ndf5xqw4j0zz1jk70zgfs1 id nolu satıcı 6bavdl8dik135r3iu118fe4zxti5 id nolu alıcıya 27144.11000000 fiyatından 0.00052108 adet 9 id nolu coin karşılığında 1 id nolu coin sattı. Emir kapandı.
TRADE - 2020-12-27 15:10:55 --> (0.34045900 1609071055) trade işleminde  : 6bavdl8dik135r3iu118fe4zxti5 id nolu satıcı m0xcu7ndf5xqw4j0zz1jk70zgfs1 id nolu alıcıya 0.27154000 fiyatından 51.89998691 adet 9 id nolu coin karşılığında 7 id nolu coin sattı. Emir kapandı.
TRADE - 2020-12-27 16:42:07 --> (0.89404300 1609076527) trade işleminde  : 6bavdl8dik135r3iu118fe4zxti5 id nolu alıcı ipreldrcv2fd1m8dh1sldwvb7nsr id nolu satıcıdan 638.85999900 fiyatından 0.06268087 adet 9 id nolu coin karşılığında 6 id nolu coin satın aldı. Alıcı almak istediği miktarı aldı. Boş emir açıldı.
TRADE - 2020-12-27 16:43:51 --> (0.23920800 1609076631) trade işleminde  : i39wfsjxultrzyt5hk9mx5t86d4c id nolu alıcı i39wfsjxultrzyt5hk9mx5t86d4c id nolu satıcıdan 0.00000001 fiyatından 10206.58682635 adet 1 id nolu coin karşılığında 121 id nolu coin satın aldı. Emir kapandı.
TRADE - 2020-12-27 17:34:45 --> (0.06065200 1609079685) trade işleminde  : 57ntxnymjpbqmfuazyaadgqaysts id nolu satıcı 6bavdl8dik135r3iu118fe4zxti5 id nolu alıcıya 678.56999900 fiyatından 0.00027828 adet 9 id nolu coin karşılığında 6 id nolu coin sattı. Emir kapandı.
TRADE - 2020-12-27 17:46:05 --> (0.70234400 1609080365) trade işleminde  : 6bavdl8dik135r3iu118fe4zxti5 id nolu alıcı 6bbq54ba8sr8tcye3snud33lkn9a id nolu satıcıdan 687.14000100 fiyatından 0.00191239 adet 9 id nolu coin karşılığında 6 id nolu coin satın aldı. Alıcı almak istediği miktarı aldı. Boş emir açıldı.
TRADE - 2020-12-27 19:19:30 --> (0.44845900 1609085970) trade işleminde  : i39wfsjxultrzyt5hk9mx5t86d4c id nolu alıcı i39wfsjxultrzyt5hk9mx5t86d4c id nolu satıcıdan 0.00000001 fiyatından 18372.25548902 adet 1 id nolu coin karşılığında 121 id nolu coin satın aldı. Emir kapandı.
TRADE - 2020-12-27 19:34:13 --> (0.27916500 1609086853) trade işleminde  : am5ij6rjll7foi6s4xd49o8du1g8 id nolu satıcı hzon720zk2cdr3dyllb8pr4yhpae id nolu alıcıya 0.00000350 fiyatından 8000.00000000 adet 9 id nolu coin karşılığında 145 id nolu coin sattı. Emir kapandı.
TRADE - 2020-12-27 21:01:41 --> (0.53780700 1609092101) trade işleminde  : hzon720zk2cdr3dyllb8pr4yhpae id nolu satıcı no2dnuhutckbktnejjdkkitdgw2n id nolu alıcıya 0.00002758 fiyatından 14.54300116 adet 6 id nolu coin karşılığında 152 id nolu coin sattı. Alıcının miktarı yetmedi ve eşleşen bir fiyat olmadığı için 5942.27563704 adet satış emri açıldı.
TRADE - 2020-12-27 21:01:41 --> (0.73847100 1609092101) trade işleminde  : hzon720zk2cdr3dyllb8pr4yhpae id nolu satıcı no2dnuhutckbktnejjdkkitdgw2n id nolu alıcıya 0.00002999 fiyatından 5977.00456065 adet 6 id nolu coin karşılığında 152 id nolu coini satmak istedi ama alıcının miktarı(20.18592245) yetmedi ve emir tekrar etti.
TRADE - 2020-12-27 21:02:20 --> (0.56062400 1609092140) trade işleminde  : hzon720zk2cdr3dyllb8pr4yhpae id nolu satıcı 6bavdl8dik135r3iu118fe4zxti5 id nolu alıcıya 689.09999900 fiyatından 0.00100446 adet 9 id nolu coin karşılığında 6 id nolu coin sattı. Emir kapandı.
TRADE - 2020-12-27 21:36:46 --> (0.49586900 1609094206) trade işleminde  : i39wfsjxultrzyt5hk9mx5t86d4c id nolu alıcı i39wfsjxultrzyt5hk9mx5t86d4c id nolu satıcıdan 0.00000001 fiyatından 13724.55089820 adet 1 id nolu coin karşılığında 121 id nolu coin satın aldı. Emir kapandı.
TRADE - 2020-12-27 22:11:25 --> (0.72111100 1609096285) trade işleminde  : i39wfsjxultrzyt5hk9mx5t86d4c id nolu alıcı i39wfsjxultrzyt5hk9mx5t86d4c id nolu satıcıdan 0.00000001 fiyatından 14081.83632735 adet 1 id nolu coin karşılığında 121 id nolu coin satın aldı. Emir kapandı.
TRADE - 2020-12-27 23:44:28 --> (0.43033100 1609101868) trade işleminde  : de106q7go2xawwuz1rlfss0fofx9 id nolu alıcı 6bavdl8dik135r3iu118fe4zxti5 id nolu satıcıdan 0.28865000 fiyatından 0.00989720 adet 9 id nolu coin karşılığında 7 id nolu coin satın aldı. Emir kapandı.
TRADE - 2020-12-27 23:45:20 --> (0.06525600 1609101920) trade işleminde  : 6bavdl8dik135r3iu118fe4zxti5 id nolu alıcı de106q7go2xawwuz1rlfss0fofx9 id nolu satıcıdan 0.28865000 fiyatından 0.0098992 adet 9 id nolu coin karşılığında 7 id nolu coin satın aldı. Alıcı almak istediği miktarı aldı. Boş emir açıldı.
TRADE - 2020-12-27 23:47:51 --> (0.49995600 1609102071) trade işleminde  : 6bavdl8dik135r3iu118fe4zxti5 id nolu satıcı de106q7go2xawwuz1rlfss0fofx9 id nolu alıcıya 0.02901000 fiyatından 0.09810403 adet 9 id nolu coin karşılığında 128 id nolu coin sattı. Emir kapandı.
