TRADE - 2021-02-22 00:28:57 --> (0.02425400 1613942937) trade işleminde  : 6bavdl8dik135r3iu118fe4zxti5 id nolu alıcı t8avvcmnmgj5pyqcyomrro5nefmx id nolu satıcıdan 0.05778060 fiyatından 4.57273475 adet 9 id nolu coin karşılığında 3 id nolu coin satın aldı. Alıcı almak istediği miktarı aldı. Boş emir açıldı.
TRADE - 2021-02-22 01:41:41 --> (0.21807500 1613947301) trade işleminde  : d6clnng7ucwg3odg53disnoobier id nolu alıcı 6bavdl8dik135r3iu118fe4zxti5 id nolu satıcıdan 0.53208000 fiyatından 266.25978023 adet 9 id nolu coin karşılığında 7 id nolu coin satın aldı. Emir kapandı.
TRADE - 2021-02-22 03:54:14 --> (0.85982100 1613955254) trade işleminde  : 6bavdl8dik135r3iu118fe4zxti5 id nolu satıcı n7fo2uy0w8j9pxh9vkh5cii1fotr id nolu alıcıya 1900.49000100 fiyatından 0.00706438 adet 9 id nolu coin karşılığında 6 id nolu coin sattı. Emir kapandı.
TRADE - 2021-02-22 07:03:06 --> (0.69119700 1613966586) trade işleminde  : ln5jf76bbqw6cxr79jyabj5tx3ij id nolu alıcı 6bavdl8dik135r3iu118fe4zxti5 id nolu satıcıdan 0.00057897 fiyatından 1.31572447 adet 1 id nolu coin karşılığında 163 id nolu coin satın aldı. Emir kapandı.
TRADE - 2021-02-22 08:35:20 --> (0.18425900 1613972120) trade işleminde  : 6bavdl8dik135r3iu118fe4zxti5 id nolu alıcı ln5jf76bbqw6cxr79jyabj5tx3ij id nolu satıcıdan 32.53149999 fiyatından 1.33067737 adet 9 id nolu coin karşılığında 163 id nolu coin satın aldı. Alıcı almak istediği miktarı aldı. Boş emir açıldı.
TRADE - 2021-02-22 08:35:43 --> (0.03080200 1613972143) trade işleminde  : ln5jf76bbqw6cxr79jyabj5tx3ij id nolu alıcı 6bavdl8dik135r3iu118fe4zxti5 id nolu satıcıdan 56311.87000000 fiyatından 0.00078380 adet 9 id nolu coin karşılığında 1 id nolu coin satın aldı. Emir kapandı.
TRADE - 2021-02-22 08:40:23 --> (0.42730700 1613972423) trade işleminde  : ln5jf76bbqw6cxr79jyabj5tx3ij id nolu alıcı 6bavdl8dik135r3iu118fe4zxti5 id nolu satıcıdan 0.00001003 fiyatından 77.74127617 adet 1 id nolu coin karşılığında 7 id nolu coin satın aldı. Emir kapandı.
TRADE - 2021-02-22 08:40:41 --> (0.24763700 1613972441) trade işleminde  : ln5jf76bbqw6cxr79jyabj5tx3ij id nolu satıcı 6bavdl8dik135r3iu118fe4zxti5 id nolu alıcıya 0.57415000 fiyatından 78.80549999 adet 9 id nolu coin karşılığında 7 id nolu coin sattı. Emir kapandı.
TRADE - 2021-02-22 08:40:53 --> (0.94295600 1613972453) trade işleminde  : ln5jf76bbqw6cxr79jyabj5tx3ij id nolu alıcı 6bavdl8dik135r3iu118fe4zxti5 id nolu satıcıdan 56194.21000000 fiyatından 0.00078973 adet 9 id nolu coin karşılığında 1 id nolu coin satın aldı. Emir kapandı.
TRADE - 2021-02-22 08:46:43 --> (0.63452500 1613972803) trade işleminde  : ln5jf76bbqw6cxr79jyabj5tx3ij id nolu alıcı 6bavdl8dik135r3iu118fe4zxti5 id nolu satıcıdan 0.00001051 fiyatından 75.04614652 adet 1 id nolu coin karşılığında 7 id nolu coin satın aldı. Emir kapandı.
TRADE - 2021-02-22 08:47:01 --> (0.32203900 1613972821) trade işleminde  : ln5jf76bbqw6cxr79jyabj5tx3ij id nolu satıcı 6bavdl8dik135r3iu118fe4zxti5 id nolu alıcıya 0.59576000 fiyatından 75.08374006 adet 9 id nolu coin karşılığında 7 id nolu coin sattı. Emir kapandı.
TRADE - 2021-02-22 08:47:18 --> (0.42358700 1613972838) trade işleminde  : ln5jf76bbqw6cxr79jyabj5tx3ij id nolu alıcı 6bavdl8dik135r3iu118fe4zxti5 id nolu satıcıdan 56004.38000000 fiyatından 0.00079800 adet 9 id nolu coin karşılığında 1 id nolu coin satın aldı. Emir kapandı.
TRADE - 2021-02-22 08:47:20 --> (0.93330400 1613972840) trade işleminde  : ln5jf76bbqw6cxr79jyabj5tx3ij id nolu alıcı 6bavdl8dik135r3iu118fe4zxti5 id nolu satıcıdan 56004.38000000 fiyatından 0.00080765 adet 9 id nolu coin karşılığında 1 id nolu coin satın aldı. Emir kapandı.
TRADE - 2021-02-22 08:47:46 --> (0.65386000 1613972866) trade işleminde  : ln5jf76bbqw6cxr79jyabj5tx3ij id nolu alıcı 6bavdl8dik135r3iu118fe4zxti5 id nolu satıcıdan 0.00001051 fiyatından 95.14747859 adet 1 id nolu coin karşılığında 7 id nolu coin satın aldı. Emir kapandı.
TRADE - 2021-02-22 08:48:06 --> (0.11376500 1613972886) trade işleminde  : ln5jf76bbqw6cxr79jyabj5tx3ij id nolu satıcı 6bavdl8dik135r3iu118fe4zxti5 id nolu alıcıya 0.60529000 fiyatından 94.94684120 adet 9 id nolu coin karşılığında 7 id nolu coin sattı. Emir kapandı.
TRADE - 2021-02-22 08:51:29 --> (0.26983000 1613973089) trade işleminde  : ln5jf76bbqw6cxr79jyabj5tx3ij id nolu alıcı 6bavdl8dik135r3iu118fe4zxti5 id nolu satıcıdan 0.00001070 fiyatından 56.48971962 adet 1 id nolu coin karşılığında 7 id nolu coin satın aldı. Emir kapandı.
TRADE - 2021-02-22 08:51:52 --> (0.67480700 1613973112) trade işleminde  : ln5jf76bbqw6cxr79jyabj5tx3ij id nolu satıcı 6bavdl8dik135r3iu118fe4zxti5 id nolu alıcıya 0.61223000 fiyatından 56.87429084 adet 9 id nolu coin karşılığında 7 id nolu coin sattı. Emir kapandı.
TRADE - 2021-02-22 08:52:45 --> (0.64213700 1613973165) trade işleminde  : ln5jf76bbqw6cxr79jyabj5tx3ij id nolu alıcı 6bavdl8dik135r3iu118fe4zxti5 id nolu satıcıdan 55967.93000000 fiyatından 0.000115 adet 9 id nolu coin karşılığında 1 id nolu coin satın aldı. Satıcının miktarı yetmedi ve eşleşen bir fiyat olmadığı için 0.0007286 adet alış emri açıldı.
TRADE - 2021-02-22 08:52:57 --> (0.04467000 1613973177) trade işleminde  : 6bavdl8dik135r3iu118fe4zxti5 id nolu satıcı ln5jf76bbqw6cxr79jyabj5tx3ij id nolu alıcıya 55967.93000001 fiyatından 0.0007286 adet 9 id nolu coin karşılığında 1 id nolu coin sattı. Emir kapandı.
TRADE - 2021-02-22 09:00:24 --> (0.01111300 1613973624) trade işleminde  : ln5jf76bbqw6cxr79jyabj5tx3ij id nolu alıcı 6bavdl8dik135r3iu118fe4zxti5 id nolu satıcıdan 0.64501000 fiyatından 155.03635602 adet 9 id nolu coin karşılığında 7 id nolu coin satın aldı. Emir kapandı.
TRADE - 2021-02-22 09:16:23 --> (0.87177500 1613974583) trade işleminde  : 6bavdl8dik135r3iu118fe4zxti5 id nolu satıcı t8avvcmnmgj5pyqcyomrro5nefmx id nolu alıcıya 0.05677180 fiyatından 4.63541069 adet 9 id nolu coin karşılığında 3 id nolu coin sattı. Emir kapandı.
TRADE - 2021-02-22 09:27:42 --> (0.45179600 1613975262) trade işleminde  : vhm5ru65fd2mgmh0zt9mbms77j1j id nolu satıcı 6bavdl8dik135r3iu118fe4zxti5 id nolu alıcıya 0.00000043 fiyatından 53984.97374100 adet 1 id nolu coin karşılığında 17 id nolu coin sattı. Emir kapandı.
TRADE - 2021-02-22 10:42:44 --> (0.83897400 1613979764) trade işleminde  : vhm5ru65fd2mgmh0zt9mbms77j1j id nolu alıcı 6bavdl8dik135r3iu118fe4zxti5 id nolu satıcıdan 0.00001051 fiyatından 2199.89231812 adet 1 id nolu coin karşılığında 7 id nolu coin satın aldı. Emir kapandı.
TRADE - 2021-02-22 10:50:36 --> (0.62195500 1613980236) trade işleminde  : t8avvcmnmgj5pyqcyomrro5nefmx id nolu satıcı 6bavdl8dik135r3iu118fe4zxti5 id nolu alıcıya 0.05774310 fiyatından 4.63541069 adet 9 id nolu coin karşılığında 3 id nolu coin sattı. Emir kapandı.
TRADE - 2021-02-22 11:05:01 --> (0.12796800 1613981101) trade işleminde  : 6bavdl8dik135r3iu118fe4zxti5 id nolu satıcı 332hlb8m2mwubrzabzjzxg8x93yp id nolu alıcıya 0.03338100 fiyatından 0.05371451 adet 1 id nolu coin karşılığında 6 id nolu coin sattı. Emir kapandı.
TRADE - 2021-02-22 11:06:45 --> (0.21303900 1613981205) trade işleminde  : 332hlb8m2mwubrzabzjzxg8x93yp id nolu alıcı 6bavdl8dik135r3iu118fe4zxti5 id nolu satıcıdan 0.00000177 fiyatından 2480.69254463 adet 6 id nolu coin karşılığında 139 id nolu coin satın aldı. Emir kapandı.
TRADE - 2021-02-22 11:06:46 --> (0.20431700 1613981206) trade işleminde  : 332hlb8m2mwubrzabzjzxg8x93yp id nolu alıcı 6bavdl8dik135r3iu118fe4zxti5 id nolu satıcıdan 0.00000176 fiyatından 52726.55254463 adet 6 id nolu coin karşılığında 139 id nolu coin almak istedi ama satıcının miktarı(50245.86) yetmedi ve emir tekrar etti.
TRADE - 2021-02-22 11:15:45 --> (0.20405200 1613981745) trade işleminde  : 6bavdl8dik135r3iu118fe4zxti5 id nolu satıcı t8avvcmnmgj5pyqcyomrro5nefmx id nolu alıcıya 0.05779060 fiyatından 4.61311132 adet 9 id nolu coin karşılığında 3 id nolu coin sattı. Emir kapandı.
TRADE - 2021-02-22 11:19:27 --> (0.73590500 1613981967) trade işleminde  : t8avvcmnmgj5pyqcyomrro5nefmx id nolu satıcı 6bavdl8dik135r3iu118fe4zxti5 id nolu alıcıya 0.05795180 fiyatından 4.61311132 adet 9 id nolu coin karşılığında 3 id nolu coin sattı. Emir kapandı.
TRADE - 2021-02-22 11:24:36 --> (0.58109400 1613982276) trade işleminde  : 332hlb8m2mwubrzabzjzxg8x93yp id nolu alıcı 6bavdl8dik135r3iu118fe4zxti5 id nolu satıcıdan 0.00000176 fiyatından 285.48584649 adet 6 id nolu coin karşılığında 139 id nolu coin satın aldı. Emir kapandı.
TRADE - 2021-02-22 12:09:11 --> (0.46379000 1613984951) trade işleminde  : ln5jf76bbqw6cxr79jyabj5tx3ij id nolu satıcı 6bavdl8dik135r3iu118fe4zxti5 id nolu alıcıya 0.57572000 fiyatından 1.55610844 adet 9 id nolu coin karşılığında 7 id nolu coin sattı. Emir kapandı.
TRADE - 2021-02-22 12:09:57 --> (0.56733300 1613984997) trade işleminde  : ln5jf76bbqw6cxr79jyabj5tx3ij id nolu satıcı 6bavdl8dik135r3iu118fe4zxti5 id nolu alıcıya 677.53000000 fiyatından 0.08620689 adet 9 id nolu coin karşılığında 15 id nolu coin sattı. Emir kapandı.
TRADE - 2021-02-22 12:12:15 --> (0.62682800 1613985135) trade işleminde  : ln5jf76bbqw6cxr79jyabj5tx3ij id nolu satıcı 6bavdl8dik135r3iu118fe4zxti5 id nolu alıcıya 0.05715000 fiyatından 17.16914217 adet 9 id nolu coin karşılığında 128 id nolu coin sattı. Emir kapandı.
TRADE - 2021-02-22 12:14:48 --> (0.38406400 1613985288) trade işleminde  : ln5jf76bbqw6cxr79jyabj5tx3ij id nolu satıcı 6bavdl8dik135r3iu118fe4zxti5 id nolu alıcıya 0.57977000 fiyatından 152.51418801 adet 9 id nolu coin karşılığında 7 id nolu coin sattı. Emir kapandı.
TRADE - 2021-02-22 12:53:43 --> (0.28498600 1613987623) trade işleminde  : 6bavdl8dik135r3iu118fe4zxti5 id nolu satıcı t8avvcmnmgj5pyqcyomrro5nefmx id nolu alıcıya 0.05757290 fiyatından 4.63055485 adet 9 id nolu coin karşılığında 3 id nolu coin sattı. Emir kapandı.
TRADE - 2021-02-22 12:54:41 --> (0.66359500 1613987681) trade işleminde  : 6bavdl8dik135r3iu118fe4zxti5 id nolu satıcı t8avvcmnmgj5pyqcyomrro5nefmx id nolu alıcıya 0.05757290 fiyatından 4.62493444 adet 9 id nolu coin karşılığında 3 id nolu coin sattı. Emir kapandı.
TRADE - 2021-02-22 12:55:19 --> (0.72882500 1613987719) trade işleminde  : ln5jf76bbqw6cxr79jyabj5tx3ij id nolu alıcı 6bavdl8dik135r3iu118fe4zxti5 id nolu satıcıdan 0.55472000 fiyatından 180.27112777 adet 9 id nolu coin karşılığında 7 id nolu coin satın aldı. Emir kapandı.
TRADE - 2021-02-22 12:55:29 --> (0.46119200 1613987729) trade işleminde  : ln5jf76bbqw6cxr79jyabj5tx3ij id nolu satıcı 6bavdl8dik135r3iu118fe4zxti5 id nolu alıcıya 0.00001027 fiyatından 179.99355837 adet 1 id nolu coin karşılığında 7 id nolu coin sattı. Emir kapandı.
TRADE - 2021-02-22 12:55:39 --> (0.52373700 1613987739) trade işleminde  : ln5jf76bbqw6cxr79jyabj5tx3ij id nolu satıcı 6bavdl8dik135r3iu118fe4zxti5 id nolu alıcıya 54710.21000000 fiyatından 0.00185138 adet 9 id nolu coin karşılığında 1 id nolu coin sattı. Emir kapandı.
TRADE - 2021-02-22 13:11:51 --> (0.43117700 1613988711) trade işleminde  : ln5jf76bbqw6cxr79jyabj5tx3ij id nolu satıcı 6bavdl8dik135r3iu118fe4zxti5 id nolu alıcıya 0.52869000 fiyatından 1.81811676 adet 9 id nolu coin karşılığında 7 id nolu coin sattı. Emir kapandı.
TRADE - 2021-02-22 13:12:22 --> (0.24348600 1613988742) trade işleminde  : ln5jf76bbqw6cxr79jyabj5tx3ij id nolu satıcı 6bavdl8dik135r3iu118fe4zxti5 id nolu alıcıya 0.05495550 fiyatından 17.44935761 adet 9 id nolu coin karşılığında 3 id nolu coin sattı. Emir kapandı.
TRADE - 2021-02-22 13:12:24 --> (0.56669900 1613988744) trade işleminde  : ln5jf76bbqw6cxr79jyabj5tx3ij id nolu satıcı 6bavdl8dik135r3iu118fe4zxti5 id nolu alıcıya 54146.11000000 fiyatından 0.00100000 adet 9 id nolu coin karşılığında 1 id nolu coin sattı. Emir kapandı.
TRADE - 2021-02-22 13:12:35 --> (0.45650900 1613988755) trade işleminde  : ln5jf76bbqw6cxr79jyabj5tx3ij id nolu satıcı 6bavdl8dik135r3iu118fe4zxti5 id nolu alıcıya 31.03450000 fiyatından 0.01344119 adet 9 id nolu coin karşılığında 163 id nolu coin sattı. Emir kapandı.
TRADE - 2021-02-22 13:12:37 --> (0.95099300 1613988757) trade işleminde  : ln5jf76bbqw6cxr79jyabj5tx3ij id nolu alıcı 6bavdl8dik135r3iu118fe4zxti5 id nolu satıcıdan 1777.66000100 fiyatından 0.03045920 adet 9 id nolu coin karşılığında 6 id nolu coin satın aldı. Emir kapandı.
TRADE - 2021-02-22 13:12:47 --> (0.98270400 1613988767) trade işleminde  : ln5jf76bbqw6cxr79jyabj5tx3ij id nolu satıcı 6bavdl8dik135r3iu118fe4zxti5 id nolu alıcıya 0.03313600 fiyatından 0.03045920 adet 1 id nolu coin karşılığında 6 id nolu coin sattı. Emir kapandı.
TRADE - 2021-02-22 14:14:03 --> (0.32974100 1613992443) trade işleminde  : ln5jf76bbqw6cxr79jyabj5tx3ij id nolu alıcı 6bavdl8dik135r3iu118fe4zxti5 id nolu satıcıdan 55017.73000000 fiyatından 0.00075958 adet 9 id nolu coin karşılığında 1 id nolu coin satın aldı. Emir kapandı.
TRADE - 2021-02-22 15:07:31 --> (0.64825900 1613995651) trade işleminde  : ln5jf76bbqw6cxr79jyabj5tx3ij id nolu alıcı 6bavdl8dik135r3iu118fe4zxti5 id nolu satıcıdan 0.00001042 fiyatından 95.96928982 adet 1 id nolu coin karşılığında 7 id nolu coin satın aldı. Emir kapandı.
TRADE - 2021-02-22 15:08:01 --> (0.66468600 1613995681) trade işleminde  : ln5jf76bbqw6cxr79jyabj5tx3ij id nolu satıcı 6bavdl8dik135r3iu118fe4zxti5 id nolu alıcıya 0.57054000 fiyatından 59.52959692 adet 9 id nolu coin karşılığında 7 id nolu coin sattı. Emir kapandı.
TRADE - 2021-02-22 15:08:02 --> (0.44626600 1613995682) trade işleminde  : ln5jf76bbqw6cxr79jyabj5tx3ij id nolu satıcı 6bavdl8dik135r3iu118fe4zxti5 id nolu alıcıya 0.57065000 fiyatından 95.00959692 adet 9 id nolu coin karşılığında 7 id nolu coini satmak istedi ama alıcının miktarı(35.48) yetmedi ve emir tekrar etti.
TRADE - 2021-02-22 15:08:19 --> (0.25578800 1613995699) trade işleminde  : ln5jf76bbqw6cxr79jyabj5tx3ij id nolu alıcı 6bavdl8dik135r3iu118fe4zxti5 id nolu satıcıdan 53826.33000000 fiyatından 0.00101560 adet 9 id nolu coin karşılığında 1 id nolu coin satın aldı. Emir kapandı.
TRADE - 2021-02-22 15:08:47 --> (0.03381500 1613995727) trade işleminde  : ln5jf76bbqw6cxr79jyabj5tx3ij id nolu alıcı 6bavdl8dik135r3iu118fe4zxti5 id nolu satıcıdan 0.00001047 fiyatından 95.51098376 adet 1 id nolu coin karşılığında 7 id nolu coin satın aldı. Emir kapandı.
TRADE - 2021-02-22 15:08:57 --> (0.00846400 1613995737) trade işleminde  : ln5jf76bbqw6cxr79jyabj5tx3ij id nolu satıcı 6bavdl8dik135r3iu118fe4zxti5 id nolu alıcıya 0.57054000 fiyatından 95.50596989 adet 9 id nolu coin karşılığında 7 id nolu coin sattı. Emir kapandı.
TRADE - 2021-02-22 15:19:33 --> (0.60510600 1613996373) trade işleminde  : ln5jf76bbqw6cxr79jyabj5tx3ij id nolu alıcı 6bavdl8dik135r3iu118fe4zxti5 id nolu satıcıdan 0.00378900 fiyatından 0.26392187 adet 1 id nolu coin karşılığında 2 id nolu coin satın aldı. Emir kapandı.
TRADE - 2021-02-22 15:23:28 --> (0.37906700 1613996608) trade işleminde  : ln5jf76bbqw6cxr79jyabj5tx3ij id nolu alıcı 6bavdl8dik135r3iu118fe4zxti5 id nolu satıcıdan 202.01000000 fiyatından 0.49502499 adet 9 id nolu coin karşılığında 2 id nolu coin satın aldı. Emir kapandı.
TRADE - 2021-02-22 15:23:39 --> (0.83826800 1613996619) trade işleminde  : ln5jf76bbqw6cxr79jyabj5tx3ij id nolu satıcı 6bavdl8dik135r3iu118fe4zxti5 id nolu alıcıya 0.00383400 fiyatından 0.73331124 adet 1 id nolu coin karşılığında 2 id nolu coin sattı. Emir kapandı.
TRADE - 2021-02-22 15:23:40 --> (0.87904100 1613996620) trade işleminde  : ln5jf76bbqw6cxr79jyabj5tx3ij id nolu satıcı 6bavdl8dik135r3iu118fe4zxti5 id nolu alıcıya 0.00384200 fiyatından 0.75331124 adet 1 id nolu coin karşılığında 2 id nolu coini satmak istedi ama alıcının miktarı(0.02) yetmedi ve emir tekrar etti.
TRADE - 2021-02-22 15:24:04 --> (0.44620200 1613996644) trade işleminde  : ln5jf76bbqw6cxr79jyabj5tx3ij id nolu satıcı 6bavdl8dik135r3iu118fe4zxti5 id nolu alıcıya 53220.80000000 fiyatından 0.00189792 adet 9 id nolu coin karşılığında 1 id nolu coin sattı. Emir kapandı.
TRADE - 2021-02-22 15:46:34 --> (0.47879400 1613997994) trade işleminde  : ln5jf76bbqw6cxr79jyabj5tx3ij id nolu alıcı 6bavdl8dik135r3iu118fe4zxti5 id nolu satıcıdan 0.00001059 fiyatından 94.42870632 adet 1 id nolu coin karşılığında 7 id nolu coin satın aldı. Emir kapandı.
TRADE - 2021-02-22 15:46:44 --> (0.73987600 1613998004) trade işleminde  : ln5jf76bbqw6cxr79jyabj5tx3ij id nolu satıcı 6bavdl8dik135r3iu118fe4zxti5 id nolu alıcıya 0.57212000 fiyatından 94.43947895 adet 9 id nolu coin karşılığında 7 id nolu coin sattı. Emir kapandı.
TRADE - 2021-02-22 17:09:20 --> (0.39342600 1614002960) trade işleminde  : ln5jf76bbqw6cxr79jyabj5tx3ij id nolu alıcı 6bavdl8dik135r3iu118fe4zxti5 id nolu satıcıdan 0.00386900 fiyatından 0.25846472 adet 1 id nolu coin karşılığında 2 id nolu coin satın aldı. Emir kapandı.
TRADE - 2021-02-22 17:09:37 --> (0.50225300 1614002977) trade işleminde  : ln5jf76bbqw6cxr79jyabj5tx3ij id nolu satıcı 6bavdl8dik135r3iu118fe4zxti5 id nolu alıcıya 202.62000000 fiyatından 0.26341319 adet 9 id nolu coin karşılığında 2 id nolu coin sattı. Emir kapandı.
TRADE - 2021-02-22 17:09:55 --> (0.59360800 1614002995) trade işleminde  : ln5jf76bbqw6cxr79jyabj5tx3ij id nolu alıcı 6bavdl8dik135r3iu118fe4zxti5 id nolu satıcıdan 51897.43000000 fiyatından 0.00100910 adet 9 id nolu coin karşılığında 1 id nolu coin satın aldı. Emir kapandı.
TRADE - 2021-02-22 17:10:50 --> (0.27812600 1614003050) trade işleminde  : ln5jf76bbqw6cxr79jyabj5tx3ij id nolu alıcı 6bavdl8dik135r3iu118fe4zxti5 id nolu satıcıdan 0.00001057 fiyatından 94.60737937 adet 1 id nolu coin karşılığında 7 id nolu coin satın aldı. Emir kapandı.
TRADE - 2021-02-22 17:11:02 --> (0.35086200 1614003062) trade işleminde  : ln5jf76bbqw6cxr79jyabj5tx3ij id nolu satıcı 6bavdl8dik135r3iu118fe4zxti5 id nolu alıcıya 0.55027000 fiyatından 61.32570037 adet 9 id nolu coin karşılığında 7 id nolu coin sattı. Emir kapandı.
TRADE - 2021-02-22 17:11:03 --> (0.14937000 1614003063) trade işleminde  : ln5jf76bbqw6cxr79jyabj5tx3ij id nolu satıcı 6bavdl8dik135r3iu118fe4zxti5 id nolu alıcıya 0.55036000 fiyatından 94.60570037 adet 9 id nolu coin karşılığında 7 id nolu coini satmak istedi ama alıcının miktarı(33.28) yetmedi ve emir tekrar etti.
TRADE - 2021-02-22 17:11:12 --> (0.58278100 1614003072) trade işleminde  : ln5jf76bbqw6cxr79jyabj5tx3ij id nolu alıcı 6bavdl8dik135r3iu118fe4zxti5 id nolu satıcıdan 51561.18000000 fiyatından 0.00100966 adet 9 id nolu coin karşılığında 1 id nolu coin satın aldı. Emir kapandı.
TRADE - 2021-02-22 17:15:31 --> (0.12995000 1614003331) trade işleminde  : ln5jf76bbqw6cxr79jyabj5tx3ij id nolu alıcı 6bavdl8dik135r3iu118fe4zxti5 id nolu satıcıdan 581.37000000 fiyatından 0.00077025 adet 9 id nolu coin karşılığında 15 id nolu coin satın aldı. Emir kapandı.
TRADE - 2021-02-22 17:15:31 --> (0.99409900 1614003331) trade işleminde  : ln5jf76bbqw6cxr79jyabj5tx3ij id nolu alıcı 6bavdl8dik135r3iu118fe4zxti5 id nolu satıcıdan 567.35000000 fiyatından 0.00737775 adet 9 id nolu coin karşılığında 15 id nolu coin almak istedi ama satıcının miktarı(0.0066075) yetmedi ve emir tekrar etti.
TRADE - 2021-02-22 17:15:33 --> (0.35315300 1614003333) trade işleminde  : ln5jf76bbqw6cxr79jyabj5tx3ij id nolu alıcı 6bavdl8dik135r3iu118fe4zxti5 id nolu satıcıdan 560.80000000 fiyatından 0.01787775 adet 9 id nolu coin karşılığında 15 id nolu coin almak istedi ama satıcının miktarı(0.0105) yetmedi ve emir tekrar etti.
TRADE - 2021-02-22 17:15:34 --> (0.92779300 1614003334) trade işleminde  : ln5jf76bbqw6cxr79jyabj5tx3ij id nolu alıcı 6bavdl8dik135r3iu118fe4zxti5 id nolu satıcıdan 560.34000000 fiyatından 0.04679775 adet 9 id nolu coin karşılığında 15 id nolu coin almak istedi ama satıcının miktarı(0.02892) yetmedi ve emir tekrar etti.
TRADE - 2021-02-22 17:18:14 --> (0.82196800 1614003494) trade işleminde  : 6bavdl8dik135r3iu118fe4zxti5 id nolu satıcı ln5jf76bbqw6cxr79jyabj5tx3ij id nolu alıcıya 26.41470001 fiyatından 3.7857708 adet 9 id nolu coin karşılığında 163 id nolu coin sattı. Emir kapandı.
TRADE - 2021-02-22 17:19:18 --> (0.20875800 1614003558) trade işleminde  : ln5jf76bbqw6cxr79jyabj5tx3ij id nolu alıcı 6bavdl8dik135r3iu118fe4zxti5 id nolu satıcıdan 180.62000000 fiyatından 0.50917672 adet 9 id nolu coin karşılığında 2 id nolu coin satın aldı. Emir kapandı.
TRADE - 2021-02-22 17:19:41 --> (0.46211000 1614003581) trade işleminde  : ln5jf76bbqw6cxr79jyabj5tx3ij id nolu satıcı 6bavdl8dik135r3iu118fe4zxti5 id nolu alıcıya 0.00384700 fiyatından 0.50671908 adet 1 id nolu coin karşılığında 2 id nolu coin sattı. Emir kapandı.
TRADE - 2021-02-22 17:20:15 --> (0.19023500 1614003615) trade işleminde  : ln5jf76bbqw6cxr79jyabj5tx3ij id nolu satıcı 6bavdl8dik135r3iu118fe4zxti5 id nolu alıcıya 49826.03000000 fiyatından 0.00195880 adet 9 id nolu coin karşılığında 1 id nolu coin sattı. Emir kapandı.
TRADE - 2021-02-22 17:21:26 --> (0.69722400 1614003686) trade işleminde  : ln5jf76bbqw6cxr79jyabj5tx3ij id nolu satıcı 6bavdl8dik135r3iu118fe4zxti5 id nolu alıcıya 25.71450000 fiyatından 3.74791309 adet 9 id nolu coin karşılığında 163 id nolu coin sattı. Emir kapandı.
TRADE - 2021-02-22 17:22:32 --> (0.01652400 1614003752) trade işleminde  : ln5jf76bbqw6cxr79jyabj5tx3ij id nolu alıcı 6bavdl8dik135r3iu118fe4zxti5 id nolu satıcıdan 546.24000000 fiyatından 0.17787968 adet 9 id nolu coin karşılığında 15 id nolu coin satın aldı. Emir kapandı.
TRADE - 2021-02-22 17:22:53 --> (0.36276600 1614003773) trade işleminde  : ln5jf76bbqw6cxr79jyabj5tx3ij id nolu alıcı 6bavdl8dik135r3iu118fe4zxti5 id nolu satıcıdan 546.24000000 fiyatından 0.17528467 adet 9 id nolu coin karşılığında 15 id nolu coin satın aldı. Emir kapandı.
TRADE - 2021-02-22 18:16:30 --> (0.92528600 1614006990) trade işleminde  : ln5jf76bbqw6cxr79jyabj5tx3ij id nolu alıcı 6bavdl8dik135r3iu118fe4zxti5 id nolu satıcıdan 0.00379800 fiyatından 0.26329647 adet 1 id nolu coin karşılığında 2 id nolu coin satın aldı. Emir kapandı.
TRADE - 2021-02-22 18:18:44 --> (0.51355700 1614007124) trade işleminde  : 6bavdl8dik135r3iu118fe4zxti5 id nolu alıcı ln5jf76bbqw6cxr79jyabj5tx3ij id nolu satıcıdan 0.00378199 fiyatından 0.2657307 adet 1 id nolu coin karşılığında 2 id nolu coin satın aldı. Alıcı almak istediği miktarı aldı. Boş emir açıldı.
TRADE - 2021-02-22 20:51:20 --> (0.51892200 1614016280) trade işleminde  : ln5jf76bbqw6cxr79jyabj5tx3ij id nolu alıcı 6bavdl8dik135r3iu118fe4zxti5 id nolu satıcıdan 0.00001093 fiyatından 91.49130832 adet 1 id nolu coin karşılığında 7 id nolu coin satın aldı. Emir kapandı.
TRADE - 2021-02-22 20:51:36 --> (0.08128600 1614016296) trade işleminde  : ln5jf76bbqw6cxr79jyabj5tx3ij id nolu satıcı 6bavdl8dik135r3iu118fe4zxti5 id nolu alıcıya 0.58600000 fiyatından 91.52245224 adet 9 id nolu coin karşılığında 7 id nolu coin sattı. Emir kapandı.
TRADE - 2021-02-22 22:08:24 --> (0.91494900 1614020904) trade işleminde  : ln5jf76bbqw6cxr79jyabj5tx3ij id nolu alıcı 6bavdl8dik135r3iu118fe4zxti5 id nolu satıcıdan 0.60277000 fiyatından 89.08041209 adet 9 id nolu coin karşılığında 7 id nolu coin satın aldı. Emir kapandı.
TRADE - 2021-02-22 22:54:36 --> (0.47649600 1614023676) trade işleminde  : q21wyshdau3ni3smgfbp59l5lucr id nolu alıcı 6bavdl8dik135r3iu118fe4zxti5 id nolu satıcıdan 53495.23000000 fiyatından 0.00234132 adet 9 id nolu coin karşılığında 1 id nolu coin satın aldı. Emir kapandı.
TRADE - 2021-02-22 22:55:35 --> (0.72200200 1614023735) trade işleminde  : q21wyshdau3ni3smgfbp59l5lucr id nolu alıcı 6bavdl8dik135r3iu118fe4zxti5 id nolu satıcıdan 0.00000041 fiyatından 5699.13830875 adet 1 id nolu coin karşılığında 17 id nolu coin satın aldı. Emir kapandı.
TRADE - 2021-02-22 23:29:43 --> (0.65815800 1614025783) trade işleminde  : uh3tom2bkjrlqwwql6300xh00b1k id nolu satıcı 6bavdl8dik135r3iu118fe4zxti5 id nolu alıcıya 0.00000040 fiyatından 9647.21400000 adet 1 id nolu coin karşılığında 17 id nolu coin sattı. Emir kapandı.
TRADE - 2021-02-22 23:58:17 --> (0.66045100 1614027497) trade işleminde  : v8drbfd4ez80d8qd9pxewq5ft1nx id nolu alıcı 6bavdl8dik135r3iu118fe4zxti5 id nolu satıcıdan 53900.92000000 fiyatından 0.00944292 adet 9 id nolu coin karşılığında 1 id nolu coin satın aldı. Emir kapandı.
TRADE - 2021-02-22 23:59:02 --> (0.26398400 1614027542) trade işleminde  : v8drbfd4ez80d8qd9pxewq5ft1nx id nolu alıcı 6bavdl8dik135r3iu118fe4zxti5 id nolu satıcıdan 0.00000042 fiyatından 22438.26632449 adet 1 id nolu coin karşılığında 17 id nolu coin satın aldı. Emir kapandı.
