TRADE - 2021-02-15 00:04:30 --> (0.00803400 1613336670) trade işleminde  : 6bavdl8dik135r3iu118fe4zxti5 id nolu satıcı q8plfntvv4qqkpwnrpu6eg1nfc39 id nolu alıcıya 0.05571000 fiyatından 336.97796706 adet 9 id nolu coin karşılığında 128 id nolu coin sattı. Emir kapandı.
TRADE - 2021-02-15 01:03:25 --> (0.81253600 1613340205) trade işleminde  : 6bavdl8dik135r3iu118fe4zxti5 id nolu alıcı 3ukldvjraqagsunawjd16i6z6qbg id nolu satıcıdan 0.00000027 fiyatından 5000 adet 1 id nolu coin karşılığında 161 id nolu coin satın aldı. Alıcı almak istediği miktarı aldı. Boş emir açıldı.
TRADE - 2021-02-15 01:06:45 --> (0.56808100 1613340405) trade işleminde  : 6bavdl8dik135r3iu118fe4zxti5 id nolu alıcı 02vzqgj847y8q9y5dopr0tu2m392 id nolu satıcıdan 0.00000027 fiyatından 3473.25 adet 1 id nolu coin karşılığında 161 id nolu coin satın aldı. Alıcı almak istediği miktarı aldı. Boş emir açıldı.
TRADE - 2021-02-15 05:19:42 --> (0.88442600 1613355582) trade işleminde  : 6bavdl8dik135r3iu118fe4zxti5 id nolu satıcı 804fj7963bguzb60d1n9l1tywnex id nolu alıcıya 1709.03000100 fiyatından 0.04387559 adet 9 id nolu coin karşılığında 6 id nolu coin sattı. Emir kapandı.
TRADE - 2021-02-15 05:19:59 --> (0.34877700 1613355599) trade işleminde  : 6bavdl8dik135r3iu118fe4zxti5 id nolu satıcı n7fo2uy0w8j9pxh9vkh5cii1fotr id nolu alıcıya 197.24828235 fiyatından 0.01586856 adet 9 id nolu coin karşılığında 2 id nolu coin sattı. Emir kapandı.
TRADE - 2021-02-15 05:22:25 --> (0.88493300 1613355745) trade işleminde  : 6bavdl8dik135r3iu118fe4zxti5 id nolu satıcı n7fo2uy0w8j9pxh9vkh5cii1fotr id nolu alıcıya 192.00000000 fiyatından 0.0168356 adet 9 id nolu coin karşılığında 2 id nolu coin sattı. Emir kapandı.
TRADE - 2021-02-15 05:22:44 --> (0.89230300 1613355764) trade işleminde  : 6bavdl8dik135r3iu118fe4zxti5 id nolu satıcı 6bbq54ba8sr8tcye3snud33lkn9a id nolu alıcıya 0.05000000 fiyatından 124.92571403 adet 9 id nolu coin karşılığında 3 id nolu coin sattı. Emir kapandı.
TRADE - 2021-02-15 05:29:34 --> (0.79497200 1613356174) trade işleminde  : 6bavdl8dik135r3iu118fe4zxti5 id nolu alıcı hkf62k1jtihyeyvih5e42hz0scn5 id nolu satıcıdan 0.00000111 fiyatından 5000 adet 1 id nolu coin karşılığında 3 id nolu coin satın aldı. Alıcı almak istediği miktarı aldı. Boş emir açıldı.
TRADE - 2021-02-15 09:24:26 --> (0.10193500 1613370266) trade işleminde  : 6bavdl8dik135r3iu118fe4zxti5 id nolu alıcı n7fo2uy0w8j9pxh9vkh5cii1fotr id nolu satıcıdan 200.03839392 fiyatından 0.03270416 adet 9 id nolu coin karşılığında 2 id nolu coin satın aldı. Alıcı almak istediği miktarı aldı. Boş emir açıldı.
TRADE - 2021-02-15 10:13:03 --> (0.80358500 1613373183) trade işleminde  : rc1d4yo7dlnuyho2y88i22m268xa id nolu alıcı 6bavdl8dik135r3iu118fe4zxti5 id nolu satıcıdan 0.03697800 fiyatından 0.04586748 adet 1 id nolu coin karşılığında 6 id nolu coin satın aldı. Emir kapandı.
TRADE - 2021-02-15 10:14:01 --> (0.89889500 1613373241) trade işleminde  : rc1d4yo7dlnuyho2y88i22m268xa id nolu alıcı 3ukldvjraqagsunawjd16i6z6qbg id nolu satıcıdan 0.00004330 fiyatından 1057.18078854 adet 6 id nolu coin karşılığında 161 id nolu coin satın aldı. Emir kapandı.
TRADE - 2021-02-15 11:21:17 --> (0.49278300 1613377277) trade işleminde  : 6bavdl8dik135r3iu118fe4zxti5 id nolu alıcı 02vzqgj847y8q9y5dopr0tu2m392 id nolu satıcıdan 0.00000029 fiyatından 1736.625 adet 1 id nolu coin karşılığında 161 id nolu coin satın aldı. Alıcı almak istediği miktarı aldı. Boş emir açıldı.
TRADE - 2021-02-15 11:58:58 --> (0.69312400 1613379538) trade işleminde  : zbhbite60ppo1iesfmd0u11cxhhv id nolu alıcı 02vzqgj847y8q9y5dopr0tu2m392 id nolu satıcıdan 0.00000031 fiyatından 1736.625 adet 1 id nolu coin karşılığında 161 id nolu coin satın aldı. Alıcı almak istediği miktarı aldı. Boş emir açıldı.
TRADE - 2021-02-15 11:59:07 --> (0.87410500 1613379547) trade işleminde  : zbhbite60ppo1iesfmd0u11cxhhv id nolu alıcı 02vzqgj847y8q9y5dopr0tu2m392 id nolu satıcıdan 0.00000032 fiyatından 2500 adet 1 id nolu coin karşılığında 161 id nolu coin satın aldı. Alıcı almak istediği miktarı aldı. Boş emir açıldı.
TRADE - 2021-02-15 12:30:10 --> (0.86533000 1613381410) trade işleminde  : 14k2d5amhe118szawe6hyvnzf1n9 id nolu satıcı 6bavdl8dik135r3iu118fe4zxti5 id nolu alıcıya 0.00000799 fiyatından 20.00000000 adet 1 id nolu coin karşılığında 74 id nolu coin sattı. Emir kapandı.
TRADE - 2021-02-15 12:33:05 --> (0.38337100 1613381585) trade işleminde  : 14k2d5amhe118szawe6hyvnzf1n9 id nolu alıcı 6bavdl8dik135r3iu118fe4zxti5 id nolu satıcıdan 0.00067469 fiyatından 0.23557172 adet 1 id nolu coin karşılığında 163 id nolu coin satın aldı. Emir kapandı.
TRADE - 2021-02-15 12:37:06 --> (0.40342200 1613381826) trade işleminde  : 14k2d5amhe118szawe6hyvnzf1n9 id nolu satıcı 6bavdl8dik135r3iu118fe4zxti5 id nolu alıcıya 0.00067540 fiyatından 0.23557172 adet 1 id nolu coin karşılığında 163 id nolu coin sattı. Emir kapandı.
TRADE - 2021-02-15 12:39:21 --> (0.36975300 1613381961) trade işleminde  : 14k2d5amhe118szawe6hyvnzf1n9 id nolu alıcı 6bavdl8dik135r3iu118fe4zxti5 id nolu satıcıdan 0.00426000 fiyatından 0.03724305 adet 1 id nolu coin karşılığında 2 id nolu coin satın aldı. Emir kapandı.
TRADE - 2021-02-15 12:41:08 --> (0.96513300 1613382068) trade işleminde  : 14k2d5amhe118szawe6hyvnzf1n9 id nolu satıcı 6bavdl8dik135r3iu118fe4zxti5 id nolu alıcıya 0.00426500 fiyatından 0.03724305 adet 1 id nolu coin karşılığında 2 id nolu coin sattı. Emir kapandı.
TRADE - 2021-02-15 12:42:18 --> (0.93531200 1613382138) trade işleminde  : 14k2d5amhe118szawe6hyvnzf1n9 id nolu alıcı 6bavdl8dik135r3iu118fe4zxti5 id nolu satıcıdan 0.00000813 fiyatından 19.46414674 adet 1 id nolu coin karşılığında 74 id nolu coin satın aldı. Emir kapandı.
TRADE - 2021-02-15 13:54:00 --> (0.36347400 1613386440) trade işleminde  : gx7qzkjjwwsge3efsncnlq5nbvc3 id nolu alıcı 02vzqgj847y8q9y5dopr0tu2m392 id nolu satıcıdan 0.00000033 fiyatından 4446.5 adet 1 id nolu coin karşılığında 161 id nolu coin satın aldı. Alıcı almak istediği miktarı aldı. Boş emir açıldı.
TRADE - 2021-02-15 13:54:42 --> (0.80105800 1613386482) trade işleminde  : gx7qzkjjwwsge3efsncnlq5nbvc3 id nolu alıcı 6bavdl8dik135r3iu118fe4zxti5 id nolu satıcıdan 0.00000034 fiyatından 2666.554247 adet 1 id nolu coin karşılığında 161 id nolu coin satın aldı. Alıcı almak istediği miktarı aldı. Boş emir açıldı.
TRADE - 2021-02-15 13:55:43 --> (0.87951800 1613386543) trade işleminde  : gx7qzkjjwwsge3efsncnlq5nbvc3 id nolu alıcı 6bavdl8dik135r3iu118fe4zxti5 id nolu satıcıdan 0.00000035 fiyatından 3162.600134 adet 1 id nolu coin karşılığında 161 id nolu coin satın aldı. Alıcı almak istediği miktarı aldı. Boş emir açıldı.
TRADE - 2021-02-15 13:57:10 --> (0.09895500 1613386630) trade işleminde  : gx7qzkjjwwsge3efsncnlq5nbvc3 id nolu alıcı 6bavdl8dik135r3iu118fe4zxti5 id nolu satıcıdan 0.00000037 fiyatından 3915.65 adet 1 id nolu coin karşılığında 161 id nolu coin satın aldı. Emir kapandı.
TRADE - 2021-02-15 13:57:10 --> (0.93344800 1613386630) trade işleminde  : gx7qzkjjwwsge3efsncnlq5nbvc3 id nolu alıcı 6bavdl8dik135r3iu118fe4zxti5 id nolu satıcıdan 0.00000036 fiyatından 3916.65000000 adet 1 id nolu coin karşılığında 161 id nolu coin almak istedi ama satıcının miktarı(1) yetmedi ve emir tekrar etti.
TRADE - 2021-02-15 13:57:53 --> (0.80491300 1613386673) trade işleminde  : gx7qzkjjwwsge3efsncnlq5nbvc3 id nolu alıcı 6bavdl8dik135r3iu118fe4zxti5 id nolu satıcıdan 0.00000038 fiyatından 1330 adet 1 id nolu coin karşılığında 161 id nolu coin satın aldı. Emir kapandı.
TRADE - 2021-02-15 13:57:54 --> (0.38716300 1613386674) trade işleminde  : gx7qzkjjwwsge3efsncnlq5nbvc3 id nolu alıcı 6bavdl8dik135r3iu118fe4zxti5 id nolu satıcıdan 0.00000037 fiyatından 1331.00000000 adet 1 id nolu coin karşılığında 161 id nolu coin almak istedi ama satıcının miktarı(1) yetmedi ve emir tekrar etti.
TRADE - 2021-02-15 13:58:25 --> (0.45768000 1613386705) trade işleminde  : gx7qzkjjwwsge3efsncnlq5nbvc3 id nolu alıcı 6bavdl8dik135r3iu118fe4zxti5 id nolu satıcıdan 0.00000039 fiyatından 334.119588 adet 1 id nolu coin karşılığında 161 id nolu coin satın aldı. Emir kapandı.
TRADE - 2021-02-15 13:58:26 --> (0.33520500 1613386706) trade işleminde  : gx7qzkjjwwsge3efsncnlq5nbvc3 id nolu alıcı 6bavdl8dik135r3iu118fe4zxti5 id nolu satıcıdan 0.00000038 fiyatından 335.11958800 adet 1 id nolu coin karşılığında 161 id nolu coin almak istedi ama satıcının miktarı(1) yetmedi ve emir tekrar etti.
TRADE - 2021-02-15 14:00:10 --> (0.88667900 1613386810) trade işleminde  : gx7qzkjjwwsge3efsncnlq5nbvc3 id nolu alıcı 6bavdl8dik135r3iu118fe4zxti5 id nolu satıcıdan 0.00000042 fiyatından 1117.275674 adet 1 id nolu coin karşılığında 161 id nolu coin satın aldı. Emir kapandı.
TRADE - 2021-02-15 14:00:11 --> (0.53936300 1613386811) trade işleminde  : gx7qzkjjwwsge3efsncnlq5nbvc3 id nolu alıcı 6bavdl8dik135r3iu118fe4zxti5 id nolu satıcıdan 0.00000041 fiyatından 1118.275674 adet 1 id nolu coin karşılığında 161 id nolu coin almak istedi ama satıcının miktarı(1) yetmedi ve emir tekrar etti.
TRADE - 2021-02-15 14:00:12 --> (0.52610500 1613386812) trade işleminde  : gx7qzkjjwwsge3efsncnlq5nbvc3 id nolu alıcı 6bavdl8dik135r3iu118fe4zxti5 id nolu satıcıdan 0.00000039 fiyatından 1119.275674 adet 1 id nolu coin karşılığında 161 id nolu coin almak istedi ama satıcının miktarı(1) yetmedi ve emir tekrar etti.
TRADE - 2021-02-15 14:00:13 --> (0.35928500 1613386813) trade işleminde  : gx7qzkjjwwsge3efsncnlq5nbvc3 id nolu alıcı 6bavdl8dik135r3iu118fe4zxti5 id nolu satıcıdan 0.00000036 fiyatından 1129.79695200 adet 1 id nolu coin karşılığında 161 id nolu coin almak istedi ama satıcının miktarı(10.521278) yetmedi ve emir tekrar etti.
TRADE - 2021-02-15 14:02:07 --> (0.67446800 1613386927) trade işleminde  : gx7qzkjjwwsge3efsncnlq5nbvc3 id nolu alıcı 6bavdl8dik135r3iu118fe4zxti5 id nolu satıcıdan 0.00000034 fiyatından 2511.244247 adet 1 id nolu coin karşılığında 161 id nolu coin satın aldı. Alıcı almak istediği miktarı aldı. Boş emir açıldı.
TRADE - 2021-02-15 14:04:27 --> (0.21276500 1613387067) trade işleminde  : gx7qzkjjwwsge3efsncnlq5nbvc3 id nolu alıcı 6bavdl8dik135r3iu118fe4zxti5 id nolu satıcıdan 0.00000034 fiyatından 2511.244247 adet 1 id nolu coin karşılığında 161 id nolu coin satın aldı. Alıcı almak istediği miktarı aldı. Boş emir açıldı.
TRADE - 2021-02-15 14:13:32 --> (0.44282900 1613387612) trade işleminde  : gx7qzkjjwwsge3efsncnlq5nbvc3 id nolu alıcı 6bavdl8dik135r3iu118fe4zxti5 id nolu satıcıdan 0.00000033 fiyatından 397.145253 adet 1 id nolu coin karşılığında 161 id nolu coin satın aldı. Alıcı almak istediği miktarı aldı. Boş emir açıldı.
TRADE - 2021-02-15 14:14:14 --> (0.85748100 1613387654) trade işleminde  : gx7qzkjjwwsge3efsncnlq5nbvc3 id nolu alıcı sb72g7r7x09cogbd3d4qqrmfzxwm id nolu satıcıdan 0.00000032 fiyatından 451.31611777 adet 1 id nolu coin karşılığında 161 id nolu coin satın aldı. Alıcı almak istediği miktarı aldı. Boş emir açıldı.
TRADE - 2021-02-15 14:14:29 --> (0.38863300 1613387669) trade işleminde  : gx7qzkjjwwsge3efsncnlq5nbvc3 id nolu alıcı 6bavdl8dik135r3iu118fe4zxti5 id nolu satıcıdan 0.00000033 fiyatından 397.145253 adet 1 id nolu coin karşılığında 161 id nolu coin satın aldı. Alıcı almak istediği miktarı aldı. Boş emir açıldı.
TRADE - 2021-02-15 14:16:47 --> (0.53837200 1613387807) trade işleminde  : gx7qzkjjwwsge3efsncnlq5nbvc3 id nolu alıcı 6bavdl8dik135r3iu118fe4zxti5 id nolu satıcıdan 0.00000034 fiyatından 2017.988325 adet 1 id nolu coin karşılığında 161 id nolu coin satın aldı. Alıcı almak istediği miktarı aldı. Boş emir açıldı.
TRADE - 2021-02-15 14:24:41 --> (0.74977300 1613388281) trade işleminde  : gx7qzkjjwwsge3efsncnlq5nbvc3 id nolu alıcı 6bavdl8dik135r3iu118fe4zxti5 id nolu satıcıdan 0.00000034 fiyatından 2017.988325 adet 1 id nolu coin karşılığında 161 id nolu coin satın aldı. Alıcı almak istediği miktarı aldı. Boş emir açıldı.
TRADE - 2021-02-15 14:31:09 --> (0.51488400 1613388669) trade işleminde  : gx7qzkjjwwsge3efsncnlq5nbvc3 id nolu alıcı 6bavdl8dik135r3iu118fe4zxti5 id nolu satıcıdan 0.00000034 fiyatından 2015.988325 adet 1 id nolu coin karşılığında 161 id nolu coin satın aldı. Satıcının miktarı yetmedi ve eşleşen bir fiyat olmadığı için 2 adet alış emri açıldı.
TRADE - 2021-02-15 14:31:21 --> (0.64095400 1613388681) trade işleminde  : 6bavdl8dik135r3iu118fe4zxti5 id nolu satıcı gx7qzkjjwwsge3efsncnlq5nbvc3 id nolu alıcıya 0.00000034 fiyatından 2 adet 1 id nolu coin karşılığında 161 id nolu coin sattı. Emir kapandı.
TRADE - 2021-02-15 14:32:22 --> (0.15509200 1613388742) trade işleminde  : gx7qzkjjwwsge3efsncnlq5nbvc3 id nolu alıcı 6bavdl8dik135r3iu118fe4zxti5 id nolu satıcıdan 0.00000034 fiyatından 2015.988325 adet 1 id nolu coin karşılığında 161 id nolu coin satın aldı. Alıcı almak istediği miktarı aldı. Boş emir açıldı.
TRADE - 2021-02-15 14:35:58 --> (0.19190000 1613388958) trade işleminde  : gx7qzkjjwwsge3efsncnlq5nbvc3 id nolu alıcı 6bavdl8dik135r3iu118fe4zxti5 id nolu satıcıdan 0.00000034 fiyatından 2015.988325 adet 1 id nolu coin karşılığında 161 id nolu coin satın aldı. Alıcı almak istediği miktarı aldı. Boş emir açıldı.
TRADE - 2021-02-15 15:11:12 --> (0.85023900 1613391072) trade işleminde  : gx7qzkjjwwsge3efsncnlq5nbvc3 id nolu alıcı 6bavdl8dik135r3iu118fe4zxti5 id nolu satıcıdan 0.00000033 fiyatından 1714.037023 adet 1 id nolu coin karşılığında 161 id nolu coin satın aldı. Alıcı almak istediği miktarı aldı. Boş emir açıldı.
TRADE - 2021-02-15 15:11:31 --> (0.20795800 1613391091) trade işleminde  : gx7qzkjjwwsge3efsncnlq5nbvc3 id nolu alıcı 6bavdl8dik135r3iu118fe4zxti5 id nolu satıcıdan 0.00000034 fiyatından 2015.988325 adet 1 id nolu coin karşılığında 161 id nolu coin satın aldı. Alıcı almak istediği miktarı aldı. Boş emir açıldı.
TRADE - 2021-02-15 15:12:04 --> (0.24717800 1613391124) trade işleminde  : gx7qzkjjwwsge3efsncnlq5nbvc3 id nolu alıcı 6bavdl8dik135r3iu118fe4zxti5 id nolu satıcıdan 0.00000033 fiyatından 1714.037023 adet 1 id nolu coin karşılığında 161 id nolu coin satın aldı. Alıcı almak istediği miktarı aldı. Boş emir açıldı.
TRADE - 2021-02-15 15:21:05 --> (0.98271300 1613391665) trade işleminde  : gx7qzkjjwwsge3efsncnlq5nbvc3 id nolu alıcı 6bavdl8dik135r3iu118fe4zxti5 id nolu satıcıdan 0.00000033 fiyatından 1714.037023 adet 1 id nolu coin karşılığında 161 id nolu coin satın aldı. Alıcı almak istediği miktarı aldı. Boş emir açıldı.
TRADE - 2021-02-15 15:24:07 --> (0.47673000 1613391847) trade işleminde  : gx7qzkjjwwsge3efsncnlq5nbvc3 id nolu alıcı 6bavdl8dik135r3iu118fe4zxti5 id nolu satıcıdan 0.00000033 fiyatından 1714.037023 adet 1 id nolu coin karşılığında 161 id nolu coin satın aldı. Alıcı almak istediği miktarı aldı. Boş emir açıldı.
TRADE - 2021-02-15 15:29:50 --> (0.07532700 1613392190) trade işleminde  : gx7qzkjjwwsge3efsncnlq5nbvc3 id nolu alıcı 6bavdl8dik135r3iu118fe4zxti5 id nolu satıcıdan 0.00000033 fiyatından 1663.487023 adet 1 id nolu coin karşılığında 161 id nolu coin satın aldı. Alıcı almak istediği miktarı aldı. Boş emir açıldı.
TRADE - 2021-02-15 15:35:49 --> (0.77929300 1613392549) trade işleminde  : 6bavdl8dik135r3iu118fe4zxti5 id nolu satıcı sb72g7r7x09cogbd3d4qqrmfzxwm id nolu alıcıya 0.00000032 fiyatından 449.50723553 adet 1 id nolu coin karşılığında 161 id nolu coin sattı. Emir kapandı.
TRADE - 2021-02-15 15:41:34 --> (0.44414900 1613392894) trade işleminde  : gx7qzkjjwwsge3efsncnlq5nbvc3 id nolu alıcı 6bavdl8dik135r3iu118fe4zxti5 id nolu satıcıdan 0.00000033 fiyatından 2833.504053 adet 1 id nolu coin karşılığında 161 id nolu coin satın aldı. Alıcı almak istediği miktarı aldı. Boş emir açıldı.
TRADE - 2021-02-15 15:45:47 --> (0.79845200 1613393147) trade işleminde  : gx7qzkjjwwsge3efsncnlq5nbvc3 id nolu alıcı 6bavdl8dik135r3iu118fe4zxti5 id nolu satıcıdan 0.00000033 fiyatından 2836.469016 adet 1 id nolu coin karşılığında 161 id nolu coin satın aldı. Alıcı almak istediği miktarı aldı. Boş emir açıldı.
TRADE - 2021-02-15 16:36:57 --> (0.56158000 1613396217) trade işleminde  : gx7qzkjjwwsge3efsncnlq5nbvc3 id nolu alıcı 6bavdl8dik135r3iu118fe4zxti5 id nolu satıcıdan 0.00000032 fiyatından 7599.5 adet 1 id nolu coin karşılığında 161 id nolu coin satın aldı. Alıcı almak istediği miktarı aldı. Boş emir açıldı.
TRADE - 2021-02-15 16:37:39 --> (0.59766800 1613396259) trade işleminde  : gx7qzkjjwwsge3efsncnlq5nbvc3 id nolu alıcı 6bavdl8dik135r3iu118fe4zxti5 id nolu satıcıdan 0.00000032 fiyatından 7599.5 adet 1 id nolu coin karşılığında 161 id nolu coin satın aldı. Alıcı almak istediği miktarı aldı. Boş emir açıldı.
TRADE - 2021-02-15 16:38:12 --> (0.40810800 1613396292) trade işleminde  : gx7qzkjjwwsge3efsncnlq5nbvc3 id nolu alıcı 6bavdl8dik135r3iu118fe4zxti5 id nolu satıcıdan 0.00000032 fiyatından 7599.5 adet 1 id nolu coin karşılığında 161 id nolu coin satın aldı. Alıcı almak istediği miktarı aldı. Boş emir açıldı.
TRADE - 2021-02-15 16:40:27 --> (0.39621800 1613396427) trade işleminde  : 6bavdl8dik135r3iu118fe4zxti5 id nolu satıcı gx7qzkjjwwsge3efsncnlq5nbvc3 id nolu alıcıya 0.00000032 fiyatından 10482.44136727 adet 1 id nolu coin karşılığında 161 id nolu coin sattı. Emir kapandı.
TRADE - 2021-02-15 17:14:18 --> (0.70472100 1613398458) trade işleminde  : 6bavdl8dik135r3iu118fe4zxti5 id nolu satıcı t8avvcmnmgj5pyqcyomrro5nefmx id nolu alıcıya 0.06258860 fiyatından 4.14868266 adet 9 id nolu coin karşılığında 3 id nolu coin sattı. Emir kapandı.
TRADE - 2021-02-15 19:26:14 --> (0.93341500 1613406374) trade işleminde  : ln5jf76bbqw6cxr79jyabj5tx3ij id nolu alıcı 6bavdl8dik135r3iu118fe4zxti5 id nolu satıcıdan 0.00000123 fiyatından 88.68292682 adet 1 id nolu coin karşılığında 3 id nolu coin satın aldı. Emir kapandı.
TRADE - 2021-02-15 19:26:37 --> (0.75642600 1613406397) trade işleminde  : ln5jf76bbqw6cxr79jyabj5tx3ij id nolu satıcı 6bavdl8dik135r3iu118fe4zxti5 id nolu alıcıya 0.06015000 fiyatından 88.68292682 adet 9 id nolu coin karşılığında 3 id nolu coin sattı. Emir kapandı.
TRADE - 2021-02-15 19:53:24 --> (0.51179000 1613408004) trade işleminde  : 6bavdl8dik135r3iu118fe4zxti5 id nolu alıcı adlcbqav96pqw0tin25sbgqtuwu3 id nolu satıcıdan 0.00000124 fiyatından 1687.96 adet 1 id nolu coin karşılığında 3 id nolu coin satın aldı. Alıcı almak istediği miktarı aldı. Boş emir açıldı.
TRADE - 2021-02-15 19:54:40 --> (0.11612300 1613408080) trade işleminde  : l00ayvfir68xdpxfnizwkoenp6w2 id nolu alıcı ijyigxygk6nupii8xx2j7dxs1yos id nolu satıcıdan 0.00000025 fiyatından 117098.68263473 adet 1 id nolu coin karşılığında 161 id nolu coin satın aldı. Emir kapandı.
TRADE - 2021-02-15 19:55:25 --> (0.10025000 1613408125) trade işleminde  : ijyigxygk6nupii8xx2j7dxs1yos id nolu satıcı 6bavdl8dik135r3iu118fe4zxti5 id nolu alıcıya 0.00000024 fiyatından 2263.718324 adet 1 id nolu coin karşılığında 161 id nolu coin sattı. Alıcının miktarı yetmedi ve eşleşen bir fiyat olmadığı için 193907.41687201 adet satış emri açıldı.
TRADE - 2021-02-15 19:56:52 --> (0.83292800 1613408212) trade işleminde  : ijyigxygk6nupii8xx2j7dxs1yos id nolu satıcı 6bavdl8dik135r3iu118fe4zxti5 id nolu alıcıya 0.00000023 fiyatından 336.2225 adet 1 id nolu coin karşılığında 161 id nolu coin sattı. Alıcının miktarı yetmedi ve eşleşen bir fiyat olmadığı için 193571.19437201 adet satış emri açıldı.
TRADE - 2021-02-15 19:57:54 --> (0.62269100 1613408274) trade işleminde  : nyxh2zrmh7n0ozg30ztwjvvxetju id nolu alıcı ijyigxygk6nupii8xx2j7dxs1yos id nolu satıcıdan 0.00000023 fiyatından 1037.50831670 adet 1 id nolu coin karşılığında 161 id nolu coin satın aldı. Emir kapandı.
TRADE - 2021-02-15 19:58:43 --> (0.07219800 1613408323) trade işleminde  : ijyigxygk6nupii8xx2j7dxs1yos id nolu satıcı w0m66yk7acapt8ikv7oh9jmpifsz id nolu alıcıya 0.00000022 fiyatından 13.182725460007 adet 1 id nolu coin karşılığında 161 id nolu coin sattı. Alıcının miktarı yetmedi ve eşleşen bir fiyat olmadığı için 192520.50332985 adet satış emri açıldı.
TRADE - 2021-02-15 20:00:06 --> (0.09649400 1613408406) trade işleminde  : ijyigxygk6nupii8xx2j7dxs1yos id nolu satıcı 6bavdl8dik135r3iu118fe4zxti5 id nolu alıcıya 0.00000021 fiyatından 901.802727 adet 1 id nolu coin karşılığında 161 id nolu coin sattı. Alıcının miktarı yetmedi ve eşleşen bir fiyat olmadığı için 191618.70060285 adet satış emri açıldı.
TRADE - 2021-02-15 20:01:56 --> (0.43000000 1613408516) trade işleminde  : ijyigxygk6nupii8xx2j7dxs1yos id nolu satıcı ad55fcsc15busvoenb783w25e6cg id nolu alıcıya 0.00000020 fiyatından 10106.38722555 adet 1 id nolu coin karşılığında 161 id nolu coin sattı. Alıcının miktarı yetmedi ve eşleşen bir fiyat olmadığı için 174556.15948508 adet satış emri açıldı.
TRADE - 2021-02-15 20:01:57 --> (0.56088900 1613408517) trade işleminde  : ijyigxygk6nupii8xx2j7dxs1yos id nolu satıcı 3ukldvjraqagsunawjd16i6z6qbg id nolu alıcıya 0.00000020 fiyatından 191385.60060285 adet 1 id nolu coin karşılığında 161 id nolu coini satmak istedi ama alıcının miktarı(6723.05389222) yetmedi ve emir tekrar etti.
TRADE - 2021-02-15 20:01:58 --> (0.44953900 1613408518) trade işleminde  : ijyigxygk6nupii8xx2j7dxs1yos id nolu satıcı 6bavdl8dik135r3iu118fe4zxti5 id nolu alıcıya 0.00000020 fiyatından 191618.70060285 adet 1 id nolu coin karşılığında 161 id nolu coini satmak istedi ama alıcının miktarı(233.1) yetmedi ve emir tekrar etti.
TRADE - 2021-02-15 20:02:11 --> (0.59632200 1613408531) trade işleminde  : 6bavdl8dik135r3iu118fe4zxti5 id nolu alıcı ijyigxygk6nupii8xx2j7dxs1yos id nolu satıcıdan 0.00000020 fiyatından 174556.15948508 adet 1 id nolu coin karşılığında 161 id nolu coin satın aldı. Alıcı almak istediği miktarı aldı. Boş emir açıldı.
TRADE - 2021-02-15 20:03:39 --> (0.11027200 1613408619) trade işleminde  : 804fj7963bguzb60d1n9l1tywnex id nolu satıcı 6bavdl8dik135r3iu118fe4zxti5 id nolu alıcıya 1821.57999900 fiyatından 0.04387559 adet 9 id nolu coin karşılığında 6 id nolu coin sattı. Emir kapandı.
TRADE - 2021-02-15 20:04:04 --> (0.52648700 1613408644) trade işleminde  : 6bavdl8dik135r3iu118fe4zxti5 id nolu alıcı sb72g7r7x09cogbd3d4qqrmfzxwm id nolu satıcıdan 0.00000023 fiyatından 450.41167664 adet 1 id nolu coin karşılığında 161 id nolu coin satın aldı. Alıcı almak istediği miktarı aldı. Boş emir açıldı.
TRADE - 2021-02-15 20:15:20 --> (0.68939100 1613409320) trade işleminde  : 6bavdl8dik135r3iu118fe4zxti5 id nolu alıcı sb72g7r7x09cogbd3d4qqrmfzxwm id nolu satıcıdan 0.00000025 fiyatından 450.41167665 adet 1 id nolu coin karşılığında 161 id nolu coin satın aldı. Alıcı almak istediği miktarı aldı. Boş emir açıldı.
TRADE - 2021-02-15 20:19:19 --> (0.83483500 1613409559) trade işleminde  : 4n7y5eppa7l3kh6p8cd60697haa8 id nolu alıcı 4n7y5eppa7l3kh6p8cd60697haa8 id nolu satıcıdan 0.00014588 fiyatından 139190.10990905 adet 9 id nolu coin karşılığında 55 id nolu coin satın aldı. Emir kapandı.
TRADE - 2021-02-15 20:19:23 --> (0.99135800 1613409563) trade işleminde  : 4n7y5eppa7l3kh6p8cd60697haa8 id nolu alıcı 4n7y5eppa7l3kh6p8cd60697haa8 id nolu satıcıdan 0.00014588 fiyatından 138634.46078777 adet 9 id nolu coin karşılığında 55 id nolu coin satın aldı. Emir kapandı.
TRADE - 2021-02-15 20:19:28 --> (0.75663500 1613409568) trade işleminde  : 4n7y5eppa7l3kh6p8cd60697haa8 id nolu alıcı 4n7y5eppa7l3kh6p8cd60697haa8 id nolu satıcıdan 0.00014588 fiyatından 138081.02981041 adet 9 id nolu coin karşılığında 55 id nolu coin satın aldı. Emir kapandı.
TRADE - 2021-02-15 20:19:33 --> (0.73792800 1613409573) trade işleminde  : 4n7y5eppa7l3kh6p8cd60697haa8 id nolu alıcı 4n7y5eppa7l3kh6p8cd60697haa8 id nolu satıcıdan 0.00014588 fiyatından 137529.80815173 adet 9 id nolu coin karşılığında 55 id nolu coin satın aldı. Emir kapandı.
TRADE - 2021-02-15 20:19:37 --> (0.26147100 1613409577) trade işleminde  : 4n7y5eppa7l3kh6p8cd60697haa8 id nolu alıcı 4n7y5eppa7l3kh6p8cd60697haa8 id nolu satıcıdan 0.00014588 fiyatından 136980.78698649 adet 9 id nolu coin karşılığında 55 id nolu coin satın aldı. Emir kapandı.
TRADE - 2021-02-15 20:19:44 --> (0.39151200 1613409584) trade işleminde  : 4n7y5eppa7l3kh6p8cd60697haa8 id nolu alıcı 4n7y5eppa7l3kh6p8cd60697haa8 id nolu satıcıdan 0.00014588 fiyatından 136433.95748946 adet 9 id nolu coin karşılığında 55 id nolu coin satın aldı. Emir kapandı.
TRADE - 2021-02-15 20:19:59 --> (0.72941600 1613409599) trade işleminde  : 4n7y5eppa7l3kh6p8cd60697haa8 id nolu alıcı 4n7y5eppa7l3kh6p8cd60697haa8 id nolu satıcıdan 0.00014588 fiyatından 135889.31097224 adet 9 id nolu coin karşılığında 55 id nolu coin satın aldı. Emir kapandı.
TRADE - 2021-02-15 20:20:08 --> (0.11949100 1613409608) trade işleminde  : 4n7y5eppa7l3kh6p8cd60697haa8 id nolu alıcı 4n7y5eppa7l3kh6p8cd60697haa8 id nolu satıcıdan 0.00014588 fiyatından 135346.83867800 adet 9 id nolu coin karşılığında 55 id nolu coin satın aldı. Emir kapandı.
TRADE - 2021-02-15 20:20:14 --> (0.68828300 1613409614) trade işleminde  : 4n7y5eppa7l3kh6p8cd60697haa8 id nolu alıcı 4n7y5eppa7l3kh6p8cd60697haa8 id nolu satıcıdan 0.00014588 fiyatından 57750.86370545 adet 9 id nolu coin karşılığında 55 id nolu coin satın aldı. Emir kapandı.
TRADE - 2021-02-15 20:20:15 --> (0.70253200 1613409615) trade işleminde  : 4n7y5eppa7l3kh6p8cd60697haa8 id nolu alıcı 4n7y5eppa7l3kh6p8cd60697haa8 id nolu satıcıdan 0.00014588 fiyatından 134806.53191834 adet 9 id nolu coin karşılığında 55 id nolu coin almak istedi ama satıcının miktarı(77055.66821289) yetmedi ve emir tekrar etti.
TRADE - 2021-02-15 20:20:19 --> (0.60485800 1613409619) trade işleminde  : 4n7y5eppa7l3kh6p8cd60697haa8 id nolu alıcı 4n7y5eppa7l3kh6p8cd60697haa8 id nolu satıcıdan 0.00014588 fiyatından 134268.38214167 adet 9 id nolu coin karşılığında 55 id nolu coin satın aldı. Emir kapandı.
TRADE - 2021-02-15 20:20:26 --> (0.43605700 1613409626) trade işleminde  : 4n7y5eppa7l3kh6p8cd60697haa8 id nolu alıcı 4n7y5eppa7l3kh6p8cd60697haa8 id nolu satıcıdan 0.00014588 fiyatından 133732.38059116 adet 9 id nolu coin karşılığında 55 id nolu coin satın aldı. Emir kapandı.
TRADE - 2021-02-15 20:22:46 --> (0.91127900 1613409766) trade işleminde  : 4n7y5eppa7l3kh6p8cd60697haa8 id nolu alıcı 4n7y5eppa7l3kh6p8cd60697haa8 id nolu satıcıdan 0.00014588 fiyatından 133198.51878366 adet 9 id nolu coin karşılığında 55 id nolu coin satın aldı. Emir kapandı.
TRADE - 2021-02-15 20:22:59 --> (0.62317400 1613409779) trade işleminde  : 4n7y5eppa7l3kh6p8cd60697haa8 id nolu alıcı 4n7y5eppa7l3kh6p8cd60697haa8 id nolu satıcıdan 0.00014588 fiyatından 132666.78816756 adet 9 id nolu coin karşılığında 55 id nolu coin satın aldı. Emir kapandı.
TRADE - 2021-02-15 20:23:05 --> (0.26039200 1613409785) trade işleminde  : 4n7y5eppa7l3kh6p8cd60697haa8 id nolu alıcı 4n7y5eppa7l3kh6p8cd60697haa8 id nolu satıcıdan 0.00014588 fiyatından 132137.18025972 adet 9 id nolu coin karşılığında 55 id nolu coin satın aldı. Emir kapandı.
TRADE - 2021-02-15 20:23:11 --> (0.26401500 1613409791) trade işleminde  : 4n7y5eppa7l3kh6p8cd60697haa8 id nolu alıcı 4n7y5eppa7l3kh6p8cd60697haa8 id nolu satıcıdan 0.00014588 fiyatından 28513.64702284 adet 9 id nolu coin karşılığında 55 id nolu coin satın aldı. Emir kapandı.
TRADE - 2021-02-15 20:23:11 --> (0.93878100 1613409791) trade işleminde  : 4n7y5eppa7l3kh6p8cd60697haa8 id nolu alıcı 4n7y5eppa7l3kh6p8cd60697haa8 id nolu satıcıdan 0.00014588 fiyatından 131609.68650853 adet 9 id nolu coin karşılığında 55 id nolu coin almak istedi ama satıcının miktarı(103096.03948569) yetmedi ve emir tekrar etti.
TRADE - 2021-02-15 20:23:19 --> (0.99028300 1613409799) trade işleminde  : 4n7y5eppa7l3kh6p8cd60697haa8 id nolu alıcı 4n7y5eppa7l3kh6p8cd60697haa8 id nolu satıcıdan 0.00014588 fiyatından 23708.63461826 adet 9 id nolu coin karşılığında 55 id nolu coin satın aldı. Emir kapandı.
TRADE - 2021-02-15 20:23:20 --> (0.99978400 1613409800) trade işleminde  : 4n7y5eppa7l3kh6p8cd60697haa8 id nolu alıcı 4n7y5eppa7l3kh6p8cd60697haa8 id nolu satıcıdan 0.00014588 fiyatından 131084.29856766 adet 9 id nolu coin karşılığında 55 id nolu coin almak istedi ama satıcının miktarı(107375.6639494) yetmedi ve emir tekrar etti.
TRADE - 2021-02-15 20:23:27 --> (0.72856200 1613409807) trade işleminde  : 4n7y5eppa7l3kh6p8cd60697haa8 id nolu alıcı 4n7y5eppa7l3kh6p8cd60697haa8 id nolu satıcıdan 0.00014588 fiyatından 130561.00795393 adet 9 id nolu coin karşılığında 55 id nolu coin satın aldı. Emir kapandı.
TRADE - 2021-02-15 20:39:21 --> (0.96465900 1613410761) trade işleminde  : ln5jf76bbqw6cxr79jyabj5tx3ij id nolu satıcı 6bavdl8dik135r3iu118fe4zxti5 id nolu alıcıya 217.92988368 fiyatından 0.01000000 adet 9 id nolu coin karşılığında 2 id nolu coin sattı. Emir kapandı.
TRADE - 2021-02-15 22:46:34 --> (0.77622100 1613418394) trade işleminde  : dxa8463qqn2bjuf0sjsl4yzc3oxq id nolu satıcı 6bavdl8dik135r3iu118fe4zxti5 id nolu alıcıya 0.00000122 fiyatından 101.86051810 adet 1 id nolu coin karşılığında 3 id nolu coin sattı. Emir kapandı.
TRADE - 2021-02-15 22:47:24 --> (0.78783800 1613418444) trade işleminde  : dxa8463qqn2bjuf0sjsl4yzc3oxq id nolu alıcı 42rml3t9qa9fxbbx07dgbwc5juwj id nolu satıcıdan 0.00000033 fiyatından 576.63460957 adet 1 id nolu coin karşılığında 72 id nolu coin satın aldı. Emir kapandı.
TRADE - 2021-02-15 23:12:06 --> (0.30829400 1613419926) trade işleminde  : 21xv8wlt1vpvdx1rrsq4yxjekgvr id nolu satıcı 6bavdl8dik135r3iu118fe4zxti5 id nolu alıcıya 0.06004460 fiyatından 10.67045961 adet 9 id nolu coin karşılığında 3 id nolu coin sattı. Emir kapandı.
TRADE - 2021-02-15 23:12:07 --> (0.56569200 1613419927) trade işleminde  : 21xv8wlt1vpvdx1rrsq4yxjekgvr id nolu satıcı 6bavdl8dik135r3iu118fe4zxti5 id nolu alıcıya 0.06004890 fiyatından 283.45045961 adet 9 id nolu coin karşılığında 3 id nolu coini satmak istedi ama alıcının miktarı(272.78) yetmedi ve emir tekrar etti.
TRADE - 2021-02-15 23:15:28 --> (0.04667900 1613420128) trade işleminde  : 21xv8wlt1vpvdx1rrsq4yxjekgvr id nolu alıcı 6bavdl8dik135r3iu118fe4zxti5 id nolu satıcıdan 48618.49000000 fiyatından 0.00034810 adet 9 id nolu coin karşılığında 1 id nolu coin satın aldı. Emir kapandı.
TRADE - 2021-02-15 23:16:51 --> (0.42346300 1613420211) trade işleminde  : 21xv8wlt1vpvdx1rrsq4yxjekgvr id nolu alıcı n04fs3sepxlmcgs7sso537jwzgj6 id nolu satıcıdan 0.00001266 fiyatından 8.13595292 adet 1 id nolu coin karşılığında 38 id nolu coin satın aldı. Emir kapandı.
TRADE - 2021-02-15 23:20:54 --> (0.29407600 1613420454) trade işleminde  : 21xv8wlt1vpvdx1rrsq4yxjekgvr id nolu alıcı n04fs3sepxlmcgs7sso537jwzgj6 id nolu satıcıdan 0.00001266 fiyatından 1.86360934 adet 1 id nolu coin karşılığında 38 id nolu coin satın aldı. Alıcı almak istediği miktarı aldı. Boş emir açıldı.
TRADE - 2021-02-15 23:21:14 --> (0.01180400 1613420474) trade işleminde  : 21xv8wlt1vpvdx1rrsq4yxjekgvr id nolu alıcı 2pycbkzxz1u9679me74vkmr08mlp id nolu satıcıdan 0.00004270 fiyatından 5.17115652 adet 1 id nolu coin karşılığında 38 id nolu coin satın aldı. Emir kapandı.
