TRADE - 2021-02-10 02:30:54 --> (0.82355900 1612913454) trade işleminde  : 6bavdl8dik135r3iu118fe4zxti5 id nolu alıcı pnru6teo4oji1yx59aknugmumbl7 id nolu satıcıdan 0.03802200 fiyatından 0.0251496 adet 1 id nolu coin karşılığında 6 id nolu coin satın aldı. Alıcı almak istediği miktarı aldı. Boş emir açıldı.
TRADE - 2021-02-10 02:46:42 --> (0.47383800 1612914402) trade işleminde  : pnru6teo4oji1yx59aknugmumbl7 id nolu alıcı 6bavdl8dik135r3iu118fe4zxti5 id nolu satıcıdan 0.00000150 fiyatından 0.99800399 adet 1 id nolu coin karşılığında 3 id nolu coin satın aldı. Emir kapandı.
TRADE - 2021-02-10 06:45:37 --> (0.68681700 1612928737) trade işleminde  : 06gk59a2p5nq8svgazi2ab6r4iym id nolu satıcı 6bavdl8dik135r3iu118fe4zxti5 id nolu alıcıya 0.00000725 fiyatından 419.0996832 adet 1 id nolu coin karşılığında 74 id nolu coin sattı. Emir kapandı.
TRADE - 2021-02-10 06:45:38 --> (0.58685600 1612928738) trade işleminde  : 06gk59a2p5nq8svgazi2ab6r4iym id nolu satıcı 6bavdl8dik135r3iu118fe4zxti5 id nolu alıcıya 0.00000729 fiyatından 433.5996832 adet 1 id nolu coin karşılığında 74 id nolu coini satmak istedi ama alıcının miktarı(14.5) yetmedi ve emir tekrar etti.
TRADE - 2021-02-10 06:45:39 --> (0.38750700 1612928739) trade işleminde  : 06gk59a2p5nq8svgazi2ab6r4iym id nolu satıcı 6bavdl8dik135r3iu118fe4zxti5 id nolu alıcıya 0.00000732 fiyatından 474.59968320 adet 1 id nolu coin karşılığında 74 id nolu coini satmak istedi ama alıcının miktarı(41) yetmedi ve emir tekrar etti.
TRADE - 2021-02-10 06:56:10 --> (0.01817100 1612929370) trade işleminde  : 06gk59a2p5nq8svgazi2ab6r4iym id nolu alıcı 6bavdl8dik135r3iu118fe4zxti5 id nolu satıcıdan 0.01130700 fiyatından 0.30334679 adet 1 id nolu coin karşılığında 15 id nolu coin satın aldı. Emir kapandı.
TRADE - 2021-02-10 06:59:22 --> (0.86829900 1612929562) trade işleminde  : 804fj7963bguzb60d1n9l1tywnex id nolu satıcı 6bavdl8dik135r3iu118fe4zxti5 id nolu alıcıya 1805.53999900 fiyatından 0.04028123 adet 9 id nolu coin karşılığında 6 id nolu coin sattı. Emir kapandı.
TRADE - 2021-02-10 08:19:12 --> (0.68751200 1612934352) trade işleminde  : 804fj7963bguzb60d1n9l1tywnex id nolu alıcı 6bavdl8dik135r3iu118fe4zxti5 id nolu satıcıdan 1789.97000100 fiyatından 0.04046263 adet 9 id nolu coin karşılığında 6 id nolu coin satın aldı. Emir kapandı.
TRADE - 2021-02-10 09:10:36 --> (0.40145100 1612937436) trade işleminde  : hbsnetspbldwdts3g04dwi6w07n3 id nolu satıcı 6bavdl8dik135r3iu118fe4zxti5 id nolu alıcıya 0.02085457 fiyatından 915.34073900 adet 9 id nolu coin karşılığında 17 id nolu coin sattı. Emir kapandı.
TRADE - 2021-02-10 11:00:57 --> (0.87569400 1612944057) trade işleminde  : 6bavdl8dik135r3iu118fe4zxti5 id nolu alıcı 804fj7963bguzb60d1n9l1tywnex id nolu satıcıdan 1813.90000100 fiyatından 0.04046263 adet 9 id nolu coin karşılığında 6 id nolu coin satın aldı. Alıcı almak istediği miktarı aldı. Boş emir açıldı.
TRADE - 2021-02-10 11:06:14 --> (0.88079700 1612944374) trade işleminde  : hbsnetspbldwdts3g04dwi6w07n3 id nolu alıcı 6bavdl8dik135r3iu118fe4zxti5 id nolu satıcıdan 0.52090000 fiyatından 36.50035203 adet 9 id nolu coin karşılığında 7 id nolu coin satın aldı. Emir kapandı.
TRADE - 2021-02-10 11:11:18 --> (0.55595600 1612944678) trade işleminde  : hbsnetspbldwdts3g04dwi6w07n3 id nolu satıcı 6bavdl8dik135r3iu118fe4zxti5 id nolu alıcıya 0.00001119 fiyatından 36.50037403 adet 1 id nolu coin karşılığında 7 id nolu coin sattı. Emir kapandı.
TRADE - 2021-02-10 15:00:58 --> (0.34496100 1612958458) trade işleminde  : 6bavdl8dik135r3iu118fe4zxti5 id nolu alıcı hbsnetspbldwdts3g04dwi6w07n3 id nolu satıcıdan 0.00000045 fiyatından 20188.76526 adet 1 id nolu coin karşılığında 17 id nolu coin satın aldı. Alıcı almak istediği miktarı aldı. Boş emir açıldı.
TRADE - 2021-02-10 15:51:41 --> (0.35380600 1612961501) trade işleminde  : 6bavdl8dik135r3iu118fe4zxti5 id nolu satıcı 691e3q6pg5faet8iwpt24kmelcjy id nolu alıcıya 1741.83999900 fiyatından 0.01303258 adet 9 id nolu coin karşılığında 6 id nolu coin sattı. Emir kapandı.
TRADE - 2021-02-10 17:49:36 --> (0.49851600 1612968576) trade işleminde  : 6bavdl8dik135r3iu118fe4zxti5 id nolu satıcı hbsnetspbldwdts3g04dwi6w07n3 id nolu alıcıya 0.00000042 fiyatından 22519.24721985 adet 1 id nolu coin karşılığında 17 id nolu coin sattı. Emir kapandı.
TRADE - 2021-02-10 18:15:38 --> (0.04754200 1612970138) trade işleminde  : 804fj7963bguzb60d1n9l1tywnex id nolu alıcı 6bavdl8dik135r3iu118fe4zxti5 id nolu satıcıdan 1721.66000100 fiyatından 0.04246734 adet 9 id nolu coin karşılığında 6 id nolu coin satın aldı. Emir kapandı.
TRADE - 2021-02-10 22:03:32 --> (0.16424000 1612983812) trade işleminde  : 8xam8fysrmr2juzxbt4mjis2wnbf id nolu satıcı anqjka6bpomy1v2r0w0l4jun3588 id nolu alıcıya 0.00000710 fiyatından 159.58198603 adet 9 id nolu coin karşılığında 122 id nolu coin sattı. Emir kapandı.
TRADE - 2021-02-10 22:04:20 --> (0.88982200 1612983860) trade işleminde  : 6bavdl8dik135r3iu118fe4zxti5 id nolu alıcı n7fo2uy0w8j9pxh9vkh5cii1fotr id nolu satıcıdan 180.84552515 fiyatından 0.0011384 adet 9 id nolu coin karşılığında 2 id nolu coin satın aldı. Alıcı almak istediği miktarı aldı. Boş emir açıldı.
TRADE - 2021-02-10 22:04:21 --> (0.16226200 1612983861) trade işleminde  : 6bavdl8dik135r3iu118fe4zxti5 id nolu alıcı n7fo2uy0w8j9pxh9vkh5cii1fotr id nolu satıcıdan 180.84552515 fiyatından 0.0011384 adet 9 id nolu coin karşılığında 2 id nolu coin satın aldı. Alıcı almak istediği miktarı aldı. Boş emir açıldı.
TRADE - 2021-02-10 22:13:39 --> (0.10317600 1612984419) trade işleminde  : 8xam8fysrmr2juzxbt4mjis2wnbf id nolu alıcı 6bavdl8dik135r3iu118fe4zxti5 id nolu satıcıdan 0.00566749 fiyatından 0.19912042 adet 9 id nolu coin karşılığında 161 id nolu coin satın aldı. Emir kapandı.
TRADE - 2021-02-10 23:40:48 --> (0.33844800 1612989648) trade işleminde  : 6bavdl8dik135r3iu118fe4zxti5 id nolu satıcı n7fo2uy0w8j9pxh9vkh5cii1fotr id nolu alıcıya 175.60000000 fiyatından 0.00233545 adet 9 id nolu coin karşılığında 2 id nolu coin sattı. Emir kapandı.
