TRADE - 2020-12-17 00:24:58 --> (0.45398800 1608153898) trade işleminde  : 94sqjx8qc58gr250q5wvqap6em4d id nolu satıcı cvmata43uprbtl40jwjol7sw8uv7 id nolu alıcıya 0.00000046 fiyatından 352.04475472 adet 6 id nolu coin karşılığında 122 id nolu coin sattı. Emir kapandı.
TRADE - 2020-12-17 01:53:23 --> (0.47773700 1608159203) trade işleminde  : 6bavdl8dik135r3iu118fe4zxti5 id nolu alıcı mx3pcbf2n3pnejkupnnxer2hxsf6 id nolu satıcıdan 0.00713580 fiyatından 0.018 adet 9 id nolu coin karşılığında 17 id nolu coin satın aldı. Alıcı almak istediği miktarı aldı. Boş emir açıldı.
TRADE - 2020-12-17 04:25:55 --> (0.17345900 1608168355) trade işleminde  : rcafnolunzp4kwrd71u9i6ntvmc6 id nolu alıcı 6bavdl8dik135r3iu118fe4zxti5 id nolu satıcıdan 21669.09000000 fiyatından 0.00167653 adet 9 id nolu coin karşılığında 1 id nolu coin satın aldı. Emir kapandı.
TRADE - 2020-12-17 04:27:27 --> (0.17304100 1608168447) trade işleminde  : 6bavdl8dik135r3iu118fe4zxti5 id nolu satıcı rcafnolunzp4kwrd71u9i6ntvmc6 id nolu alıcıya 0.56987000 fiyatından 15.9623301 adet 9 id nolu coin karşılığında 7 id nolu coin sattı. Emir kapandı.
TRADE - 2020-12-17 05:02:24 --> (0.18007800 1608170544) trade işleminde  : 6bavdl8dik135r3iu118fe4zxti5 id nolu satıcı 3sqxp8kreze5tn85jztd4vpqer0l id nolu alıcıya 0.00002622 fiyatından 75.27127286 adet 1 id nolu coin karşılığında 7 id nolu coin sattı. Emir kapandı.
TRADE - 2020-12-17 06:39:00 --> (0.75857100 1608176340) trade işleminde  : s6dgj9t6zllb7d9gd2n2krhiu0oa id nolu satıcı cvmata43uprbtl40jwjol7sw8uv7 id nolu alıcıya 0.00000046 fiyatından 60999.28000000 adet 6 id nolu coin karşılığında 122 id nolu coin sattı. Emir kapandı.
TRADE - 2020-12-17 08:39:25 --> (0.83922000 1608183565) trade işleminde  : 94sqjx8qc58gr250q5wvqap6em4d id nolu satıcı cvmata43uprbtl40jwjol7sw8uv7 id nolu alıcıya 0.00000046 fiyatından 36015.76510100 adet 6 id nolu coin karşılığında 122 id nolu coin sattı. Emir kapandı.
TRADE - 2020-12-17 09:07:55 --> (0.00801100 1608185275) trade işleminde  : s6dgj9t6zllb7d9gd2n2krhiu0oa id nolu satıcı cvmata43uprbtl40jwjol7sw8uv7 id nolu alıcıya 0.00000046 fiyatından 4790.12635825 adet 6 id nolu coin karşılığında 122 id nolu coin sattı. Alıcının miktarı yetmedi ve eşleşen bir fiyat olmadığı için 35209.87364175 adet satış emri açıldı.
TRADE - 2020-12-17 09:10:14 --> (0.06377200 1608185414) trade işleminde  : s6dgj9t6zllb7d9gd2n2krhiu0oa id nolu satıcı hncofljn8j3z4gix0c0ivhncz9ze id nolu alıcıya 0.00000001 fiyatından 10978.04391218 adet 1 id nolu coin karşılığında 122 id nolu coin sattı. Emir kapandı.
TRADE - 2020-12-17 09:14:05 --> (0.07801100 1608185645) trade işleminde  : s6dgj9t6zllb7d9gd2n2krhiu0oa id nolu satıcı 6bavdl8dik135r3iu118fe4zxti5 id nolu alıcıya 0.02916400 fiyatından 0.03020260 adet 1 id nolu coin karşılığında 6 id nolu coin sattı. Emir kapandı.
TRADE - 2020-12-17 09:56:21 --> (0.26272100 1608188181) trade işleminde  : i39wfsjxultrzyt5hk9mx5t86d4c id nolu alıcı i39wfsjxultrzyt5hk9mx5t86d4c id nolu satıcıdan 0.00000001 fiyatından 14577.84431138 adet 1 id nolu coin karşılığında 121 id nolu coin satın aldı. Emir kapandı.
TRADE - 2020-12-17 13:14:52 --> (0.57103500 1608200092) trade işleminde  : 6bavdl8dik135r3iu118fe4zxti5 id nolu alıcı 6bbq54ba8sr8tcye3snud33lkn9a id nolu satıcıdan 657.14000100 fiyatından 0.00191239 adet 9 id nolu coin karşılığında 6 id nolu coin satın aldı. Alıcı almak istediği miktarı aldı. Boş emir açıldı.
TRADE - 2020-12-17 15:14:49 --> (0.52994700 1608207289) trade işleminde  : yz0go4cdib874tx2qolfdhn426yu id nolu alıcı 6bavdl8dik135r3iu118fe4zxti5 id nolu satıcıdan 22647.02000000 fiyatından 0.02243050 adet 9 id nolu coin karşılığında 1 id nolu coin satın aldı. Emir kapandı.
TRADE - 2020-12-17 15:15:17 --> (0.14245300 1608207317) trade işleminde  : yz0go4cdib874tx2qolfdhn426yu id nolu alıcı 6bavdl8dik135r3iu118fe4zxti5 id nolu satıcıdan 660.93000100 fiyatından 0.23582792 adet 9 id nolu coin karşılığında 6 id nolu coin satın aldı. Emir kapandı.
TRADE - 2020-12-17 15:15:17 --> (0.58524800 1608207317) trade işleminde  : yz0go4cdib874tx2qolfdhn426yu id nolu alıcı 6bavdl8dik135r3iu118fe4zxti5 id nolu satıcıdan 660.69000100 fiyatından 0.37976492 adet 9 id nolu coin karşılığında 6 id nolu coin almak istedi ama satıcının miktarı(0.143937) yetmedi ve emir tekrar etti.
TRADE - 2020-12-17 15:49:20 --> (0.38888000 1608209360) trade işleminde  : zlgxvsiggs0c6qkc3pzi9xvusiux id nolu satıcı 6bavdl8dik135r3iu118fe4zxti5 id nolu alıcıya 660.78999900 fiyatından 0.00346914 adet 9 id nolu coin karşılığında 6 id nolu coin sattı. Emir kapandı.
TRADE - 2020-12-17 16:57:16 --> (0.24097500 1608213436) trade işleminde  : ffgjg8a2qpxe7hcf66emwry6nwri id nolu alıcı 6bavdl8dik135r3iu118fe4zxti5 id nolu satıcıdan 0.03171000 fiyatından 0.13208016 adet 9 id nolu coin karşılığında 128 id nolu coin satın aldı. Emir kapandı.
TRADE - 2020-12-17 17:14:54 --> (0.41232900 1608214494) trade işleminde  : ka7ou3zus16bwqh9r3mr5ntul2n9 id nolu satıcı 6bavdl8dik135r3iu118fe4zxti5 id nolu alıcıya 0.00000093 fiyatından 3240.00000000 adet 6 id nolu coin karşılığında 139 id nolu coin sattı. Emir kapandı.
TRADE - 2020-12-17 17:25:59 --> (0.13867300 1608215159) trade işleminde  : ka7ou3zus16bwqh9r3mr5ntul2n9 id nolu satıcı 6bavdl8dik135r3iu118fe4zxti5 id nolu alıcıya 663.63999900 fiyatından 0.00300717 adet 9 id nolu coin karşılığında 6 id nolu coin sattı. Emir kapandı.
TRADE - 2020-12-17 17:28:33 --> (0.12270200 1608215313) trade işleminde  : ka7ou3zus16bwqh9r3mr5ntul2n9 id nolu alıcı 6bavdl8dik135r3iu118fe4zxti5 id nolu satıcıdan 0.00365630 fiyatından 509.66961973 adet 9 id nolu coin karşılığında 3 id nolu coin satın aldı. Emir kapandı.
TRADE - 2020-12-17 17:28:46 --> (0.47922600 1608215326) trade işleminde  : ka7ou3zus16bwqh9r3mr5ntul2n9 id nolu alıcı 6bavdl8dik135r3iu118fe4zxti5 id nolu satıcıdan 0.00365630 fiyatından 31.84781719 adet 9 id nolu coin karşılığında 3 id nolu coin satın aldı. Emir kapandı.
TRADE - 2020-12-17 18:20:47 --> (0.34844100 1608218447) trade işleminde  : 6bavdl8dik135r3iu118fe4zxti5 id nolu alıcı 941d4vqf3hdsmqh69w2yopci3l22 id nolu satıcıdan 0.00400000 fiyatından 0.13 adet 9 id nolu coin karşılığında 3 id nolu coin satın aldı. Alıcı almak istediği miktarı aldı. Boş emir açıldı.
TRADE - 2020-12-17 18:34:41 --> (0.06065800 1608219281) trade işleminde  : s6dgj9t6zllb7d9gd2n2krhiu0oa id nolu alıcı 6bavdl8dik135r3iu118fe4zxti5 id nolu satıcıdan 0.00000018 fiyatından 5481.42603682 adet 1 id nolu coin karşılığında 3 id nolu coin satın aldı. Emir kapandı.
TRADE - 2020-12-17 19:18:29 --> (0.97254900 1608221909) trade işleminde  : hzon720zk2cdr3dyllb8pr4yhpae id nolu satıcı gwgvn9fj4jobujl16xk5gy1vey0k id nolu alıcıya 0.00000309 fiyatından 1635542.79681177 adet 9 id nolu coin karşılığında 145 id nolu coin sattı. Emir kapandı.
TRADE - 2020-12-17 19:21:40 --> (0.63862400 1608222100) trade işleminde  : hzon720zk2cdr3dyllb8pr4yhpae id nolu alıcı 6bavdl8dik135r3iu118fe4zxti5 id nolu satıcıdan 0.00386830 fiyatından 975.94271685 adet 9 id nolu coin karşılığında 3 id nolu coin satın aldı. Emir kapandı.
TRADE - 2020-12-17 19:22:25 --> (0.08431900 1608222145) trade işleminde  : i39wfsjxultrzyt5hk9mx5t86d4c id nolu alıcı i39wfsjxultrzyt5hk9mx5t86d4c id nolu satıcıdan 0.00000001 fiyatından 19379.24151697 adet 1 id nolu coin karşılığında 121 id nolu coin satın aldı. Emir kapandı.
TRADE - 2020-12-17 19:57:19 --> (0.09652600 1608224239) trade işleminde  : i39wfsjxultrzyt5hk9mx5t86d4c id nolu alıcı i39wfsjxultrzyt5hk9mx5t86d4c id nolu satıcıdan 0.00000001 fiyatından 19301.39720559 adet 1 id nolu coin karşılığında 121 id nolu coin satın aldı. Emir kapandı.
TRADE - 2020-12-17 20:00:59 --> (0.02662300 1608224459) trade işleminde  : i39wfsjxultrzyt5hk9mx5t86d4c id nolu alıcı i39wfsjxultrzyt5hk9mx5t86d4c id nolu satıcıdan 0.00000001 fiyatından 19224.55089820 adet 1 id nolu coin karşılığında 121 id nolu coin satın aldı. Emir kapandı.
TRADE - 2020-12-17 22:14:10 --> (0.15991600 1608232450) trade işleminde  : i39wfsjxultrzyt5hk9mx5t86d4c id nolu alıcı i39wfsjxultrzyt5hk9mx5t86d4c id nolu satıcıdan 0.00000001 fiyatından 19147.70459082 adet 1 id nolu coin karşılığında 121 id nolu coin satın aldı. Emir kapandı.
TRADE - 2020-12-17 22:56:50 --> (0.50520600 1608235010) trade işleminde  : 8mka6bv7y37b40cvx8xd68lemcak id nolu satıcı gwgvn9fj4jobujl16xk5gy1vey0k id nolu alıcıya 0.00000309 fiyatından 92320.14863379 adet 9 id nolu coin karşılığında 145 id nolu coin sattı. Emir kapandı.
TRADE - 2020-12-17 22:59:13 --> (0.96416400 1608235153) trade işleminde  : 8mka6bv7y37b40cvx8xd68lemcak id nolu alıcı 6bavdl8dik135r3iu118fe4zxti5 id nolu satıcıdan 102.26587250 fiyatından 0.00277835 adet 9 id nolu coin karşılığında 2 id nolu coin satın aldı. Emir kapandı.
TRADE - 2020-12-17 23:34:58 --> (0.89553900 1608237298) trade işleminde  : t8p0m02dlckywshljthydiw0jv8b id nolu alıcı 6bavdl8dik135r3iu118fe4zxti5 id nolu satıcıdan 0.03100000 fiyatından 0.00481000 adet 9 id nolu coin karşılığında 128 id nolu coin satın aldı. Emir kapandı.
