TRADE - 2021-01-02 00:04:31 --> (0.52379000 1609535071) trade işleminde  : a1rpvodd6y1w3lgpeeru9foj7ufu id nolu alıcı 6bavdl8dik135r3iu118fe4zxti5 id nolu satıcıdan 0.02679000 fiyatından 39.84052425 adet 9 id nolu coin karşılığında 128 id nolu coin satın aldı. Emir kapandı.
TRADE - 2021-01-02 01:35:44 --> (0.82368700 1609540544) trade işleminde  : 6bavdl8dik135r3iu118fe4zxti5 id nolu alıcı a1rpvodd6y1w3lgpeeru9foj7ufu id nolu satıcıdan 0.00731002 fiyatından 0.15062789 adet 9 id nolu coin karşılığında 17 id nolu coin satın aldı. Alıcı almak istediği miktarı aldı. Boş emir açıldı.
TRADE - 2021-01-02 01:55:39 --> (0.41450700 1609541739) trade işleminde  : yym4koikjabsn9gog275icqdm39m id nolu satıcı 6bavdl8dik135r3iu118fe4zxti5 id nolu alıcıya 0.00546660 fiyatından 369.00000000 adet 9 id nolu coin karşılığında 3 id nolu coin sattı. Emir kapandı.
TRADE - 2021-01-02 02:15:06 --> (0.57059800 1609542906) trade işleminde  : yym4koikjabsn9gog275icqdm39m id nolu alıcı 6bavdl8dik135r3iu118fe4zxti5 id nolu satıcıdan 0.02691000 fiyatından 74.66082514 adet 9 id nolu coin karşılığında 128 id nolu coin satın aldı. Emir kapandı.
TRADE - 2021-01-02 04:22:20 --> (0.28389000 1609550540) trade işleminde  : 36490vrkmzbr48ic72e1zfqyxpvh id nolu satıcı 6bavdl8dik135r3iu118fe4zxti5 id nolu alıcıya 0.00000019 fiyatından 2592.49962464 adet 1 id nolu coin karşılığında 3 id nolu coin sattı. Emir kapandı.
TRADE - 2021-01-02 04:22:39 --> (0.99885100 1609550559) trade işleminde  : 36490vrkmzbr48ic72e1zfqyxpvh id nolu alıcı rmhcg7u6oylp93ac98kxao6j9rh3 id nolu satıcıdan 0.00000289 fiyatından 156.9766282 adet 1 id nolu coin karşılığında 38 id nolu coin satın aldı. Emir kapandı.
TRADE - 2021-01-02 04:22:40 --> (0.25872200 1609550560) trade işleminde  : 36490vrkmzbr48ic72e1zfqyxpvh id nolu alıcı 7b5zev6di3lrxnwd7de4zeb9cdxo id nolu satıcıdan 0.00000289 fiyatından 169.76082437 adet 1 id nolu coin karşılığında 38 id nolu coin almak istedi ama satıcının miktarı(12.78419617) yetmedi ve emir tekrar etti.
TRADE - 2021-01-02 05:46:49 --> (0.55828500 1609555609) trade işleminde  : 6bavdl8dik135r3iu118fe4zxti5 id nolu alıcı b4avkrtilc0armzz759nuw21lfo8 id nolu satıcıdan 0.00599999 fiyatından 100 adet 9 id nolu coin karşılığında 3 id nolu coin satın aldı. Alıcı almak istediği miktarı aldı. Boş emir açıldı.
TRADE - 2021-01-02 07:35:53 --> (0.43662400 1609562153) trade işleminde  : npi3swnpri1cxim43bgwfgrdxjnx id nolu alıcı rmhcg7u6oylp93ac98kxao6j9rh3 id nolu satıcıdan 0.00000289 fiyatından 46.72708056 adet 1 id nolu coin karşılığında 38 id nolu coin satın aldı. Alıcı almak istediği miktarı aldı. Boş emir açıldı.
TRADE - 2021-01-02 10:49:28 --> (0.49793400 1609573768) trade işleminde  : 4n7y5eppa7l3kh6p8cd60697haa8 id nolu alıcı 4n7y5eppa7l3kh6p8cd60697haa8 id nolu satıcıdan 0.00018798 fiyatından 132167.91902948 adet 9 id nolu coin karşılığında 55 id nolu coin satın aldı. Emir kapandı.
TRADE - 2021-01-02 10:49:33 --> (0.16550100 1609573773) trade işleminde  : 4n7y5eppa7l3kh6p8cd60697haa8 id nolu alıcı 4n7y5eppa7l3kh6p8cd60697haa8 id nolu satıcıdan 0.00018798 fiyatından 131640.30259515 adet 9 id nolu coin karşılığında 55 id nolu coin satın aldı. Emir kapandı.
TRADE - 2021-01-02 10:49:35 --> (0.79025900 1609573775) trade işleminde  : 4n7y5eppa7l3kh6p8cd60697haa8 id nolu alıcı 4n7y5eppa7l3kh6p8cd60697haa8 id nolu satıcıdan 0.00018798 fiyatından 131114.79238565 adet 9 id nolu coin karşılığında 55 id nolu coin satın aldı. Emir kapandı.
TRADE - 2021-01-02 10:49:38 --> (0.86359200 1609573778) trade işleminde  : 4n7y5eppa7l3kh6p8cd60697haa8 id nolu alıcı 4n7y5eppa7l3kh6p8cd60697haa8 id nolu satıcıdan 0.00018798 fiyatından 130591.38006570 adet 9 id nolu coin karşılığında 55 id nolu coin satın aldı. Emir kapandı.
TRADE - 2021-01-02 10:49:42 --> (0.02342800 1609573782) trade işleminde  : 4n7y5eppa7l3kh6p8cd60697haa8 id nolu alıcı 4n7y5eppa7l3kh6p8cd60697haa8 id nolu satıcıdan 0.00018798 fiyatından 130070.05719384 adet 9 id nolu coin karşılığında 55 id nolu coin satın aldı. Emir kapandı.
TRADE - 2021-01-02 10:49:44 --> (0.61062500 1609573784) trade işleminde  : 4n7y5eppa7l3kh6p8cd60697haa8 id nolu alıcı 4n7y5eppa7l3kh6p8cd60697haa8 id nolu satıcıdan 0.00018798 fiyatından 129550.81543478 adet 9 id nolu coin karşılığında 55 id nolu coin satın aldı. Emir kapandı.
TRADE - 2021-01-02 10:49:47 --> (0.31070400 1609573787) trade işleminde  : 4n7y5eppa7l3kh6p8cd60697haa8 id nolu alıcı 4n7y5eppa7l3kh6p8cd60697haa8 id nolu satıcıdan 0.00018798 fiyatından 129033.64650633 adet 9 id nolu coin karşılığında 55 id nolu coin satın aldı. Emir kapandı.
TRADE - 2021-01-02 10:49:50 --> (0.11217900 1609573790) trade işleminde  : 4n7y5eppa7l3kh6p8cd60697haa8 id nolu alıcı 4n7y5eppa7l3kh6p8cd60697haa8 id nolu satıcıdan 0.00018798 fiyatından 128518.54212630 adet 9 id nolu coin karşılığında 55 id nolu coin satın aldı. Emir kapandı.
TRADE - 2021-01-02 10:49:54 --> (0.21817000 1609573794) trade işleminde  : 4n7y5eppa7l3kh6p8cd60697haa8 id nolu alıcı 4n7y5eppa7l3kh6p8cd60697haa8 id nolu satıcıdan 0.00018798 fiyatından 57312.54466277 adet 9 id nolu coin karşılığında 55 id nolu coin satın aldı. Satıcının miktarı yetmedi ve eşleşen bir fiyat olmadığı için 70692.94940283 adet alış emri açıldı.
TRADE - 2021-01-02 10:51:05 --> (0.18361700 1609573865) trade işleminde  : 4n7y5eppa7l3kh6p8cd60697haa8 id nolu alıcı 4n7y5eppa7l3kh6p8cd60697haa8 id nolu satıcıdan 0.00018798 fiyatından 127776.70146461 adet 9 id nolu coin karşılığında 55 id nolu coin satın aldı. Emir kapandı.
TRADE - 2021-01-02 10:51:09 --> (0.78557000 1609573869) trade işleminde  : 4n7y5eppa7l3kh6p8cd60697haa8 id nolu alıcı 4n7y5eppa7l3kh6p8cd60697haa8 id nolu satıcıdan 0.00018798 fiyatından 127266.61481803 adet 9 id nolu coin karşılığında 55 id nolu coin satın aldı. Emir kapandı.
TRADE - 2021-01-02 10:51:12 --> (0.50127200 1609573872) trade işleminde  : 4n7y5eppa7l3kh6p8cd60697haa8 id nolu alıcı 4n7y5eppa7l3kh6p8cd60697haa8 id nolu satıcıdan 0.00018798 fiyatından 126758.56447548 adet 9 id nolu coin karşılığında 55 id nolu coin satın aldı. Emir kapandı.
TRADE - 2021-01-02 12:12:04 --> (0.21711100 1609578724) trade işleminde  : zlgxvsiggs0c6qkc3pzi9xvusiux id nolu satıcı fj44e71pzte52i5igwc2u137qyx7 id nolu alıcıya 0.00000900 fiyatından 155.177203 adet 6 id nolu coin karşılığında 152 id nolu coin sattı. Alıcının miktarı yetmedi ve eşleşen bir fiyat olmadığı için 1845.79405923 adet satış emri açıldı.
TRADE - 2021-01-02 12:15:16 --> (0.97469500 1609578916) trade işleminde  : zlgxvsiggs0c6qkc3pzi9xvusiux id nolu satıcı 6bavdl8dik135r3iu118fe4zxti5 id nolu alıcıya 732.91999900 fiyatından 0.00366774 adet 9 id nolu coin karşılığında 6 id nolu coin sattı. Emir kapandı.
TRADE - 2021-01-02 14:04:09 --> (0.98079000 1609585449) trade işleminde  : 6bavdl8dik135r3iu118fe4zxti5 id nolu alıcı sdb4ucsk88c3qhilxhoc3p0f37ga id nolu satıcıdan 0.00000024 fiyatından 44060.11785952 adet 1 id nolu coin karşılığında 3 id nolu coin satın aldı. Alıcı almak istediği miktarı aldı. Boş emir açıldı.
TRADE - 2021-01-02 15:21:21 --> (0.23172400 1609590081) trade işleminde  : 6bavdl8dik135r3iu118fe4zxti5 id nolu alıcı 691e3q6pg5faet8iwpt24kmelcjy id nolu satıcıdan 30000.00000000 fiyatından 0.00060587 adet 9 id nolu coin karşılığında 1 id nolu coin satın aldı. Alıcı almak istediği miktarı aldı. Boş emir açıldı.
TRADE - 2021-01-02 15:24:24 --> (0.85742200 1609590264) trade işleminde  : i39wfsjxultrzyt5hk9mx5t86d4c id nolu alıcı zlgxvsiggs0c6qkc3pzi9xvusiux id nolu satıcıdan 0.00000350 fiyatından 42340.74137439 adet 9 id nolu coin karşılığında 121 id nolu coin satın aldı. Emir kapandı.
TRADE - 2021-01-02 15:25:26 --> (0.01836300 1609590326) trade işleminde  : 6bavdl8dik135r3iu118fe4zxti5 id nolu satıcı sdb4ucsk88c3qhilxhoc3p0f37ga id nolu alıcıya 0.00000023 fiyatından 45792.24160375 adet 1 id nolu coin karşılığında 3 id nolu coin sattı. Emir kapandı.
TRADE - 2021-01-02 16:13:49 --> (0.40873500 1609593229) trade işleminde  : 6bavdl8dik135r3iu118fe4zxti5 id nolu alıcı 6bavdl8dik135r3iu118fe4zxti5 id nolu satıcıdan 755.25000100 fiyatından 0.031698 adet 9 id nolu coin karşılığında 6 id nolu coin satın aldı. Alıcı almak istediği miktarı aldı. Boş emir açıldı.
TRADE - 2021-01-02 16:14:36 --> (0.49483200 1609593276) trade işleminde  : 6bavdl8dik135r3iu118fe4zxti5 id nolu alıcı 6bbq54ba8sr8tcye3snud33lkn9a id nolu satıcıdan 757.14000100 fiyatından 0.00191239 adet 9 id nolu coin karşılığında 6 id nolu coin satın aldı. Alıcı almak istediği miktarı aldı. Boş emir açıldı.
TRADE - 2021-01-02 17:15:52 --> (0.65825100 1609596952) trade işleminde  : 3p5816hym8x0z1sklpax6bm8dpcs id nolu alıcı 3p5816hym8x0z1sklpax6bm8dpcs id nolu satıcıdan 0.00000890 fiyatından 165 adet 6 id nolu coin karşılığında 152 id nolu coin satın aldı. Alıcı almak istediği miktarı aldı. Boş emir açıldı.
TRADE - 2021-01-02 17:23:20 --> (0.63989100 1609597400) trade işleminde  : 3p5816hym8x0z1sklpax6bm8dpcs id nolu satıcı fj44e71pzte52i5igwc2u137qyx7 id nolu alıcıya 0.00000150 fiyatından 79.55572057 adet 6 id nolu coin karşılığında 152 id nolu coin sattı. Emir kapandı.
TRADE - 2021-01-02 17:23:20 --> (0.82406300 1609597400) trade işleminde  : 3p5816hym8x0z1sklpax6bm8dpcs id nolu satıcı fj44e71pzte52i5igwc2u137qyx7 id nolu alıcıya 0.00000300 fiyatından 150.24577857 adet 6 id nolu coin karşılığında 152 id nolu coini satmak istedi ama alıcının miktarı(70.690058) yetmedi ve emir tekrar etti.
TRADE - 2021-01-02 17:51:29 --> (0.97726900 1609599089) trade işleminde  : no2dnuhutckbktnejjdkkitdgw2n id nolu alıcı 3p5816hym8x0z1sklpax6bm8dpcs id nolu satıcıdan 0.00739996 fiyatından 23.08769 adet 9 id nolu coin karşılığında 152 id nolu coin satın aldı. Alıcı almak istediği miktarı aldı. Boş emir açıldı.
TRADE - 2021-01-02 17:51:53 --> (0.75659800 1609599113) trade işleminde  : no2dnuhutckbktnejjdkkitdgw2n id nolu alıcı no2dnuhutckbktnejjdkkitdgw2n id nolu satıcıdan 0.00749989 fiyatından 19.00000321 adet 9 id nolu coin karşılığında 152 id nolu coin satın aldı. Alıcı almak istediği miktarı aldı. Boş emir açıldı.
TRADE - 2021-01-02 17:51:54 --> (0.07942700 1609599114) trade işleminde  : no2dnuhutckbktnejjdkkitdgw2n id nolu alıcı no2dnuhutckbktnejjdkkitdgw2n id nolu satıcıdan 0.00749989 fiyatından 48.00000444 adet 9 id nolu coin karşılığında 152 id nolu coin almak istedi ama satıcının miktarı(29.00000123) yetmedi ve emir tekrar etti.
TRADE - 2021-01-02 18:16:47 --> (0.66320500 1609600607) trade işleminde  : 6bavdl8dik135r3iu118fe4zxti5 id nolu alıcı sdb4ucsk88c3qhilxhoc3p0f37ga id nolu satıcıdan 0.00000026 fiyatından 45792.24160375 adet 1 id nolu coin karşılığında 3 id nolu coin satın aldı. Alıcı almak istediği miktarı aldı. Boş emir açıldı.
TRADE - 2021-01-02 19:23:46 --> (0.12597800 1609604626) trade işleminde  : no2dnuhutckbktnejjdkkitdgw2n id nolu alıcı 3p5816hym8x0z1sklpax6bm8dpcs id nolu satıcıdan 0.00000987 fiyatından 100.00000000 adet 6 id nolu coin karşılığında 152 id nolu coin satın aldı. Emir kapandı.
TRADE - 2021-01-02 19:24:29 --> (0.59915000 1609604669) trade işleminde  : no2dnuhutckbktnejjdkkitdgw2n id nolu alıcı r6bn45ox4is1ge1c83kds8p08v71 id nolu satıcıdan 0.00000999 fiyatından 100 adet 6 id nolu coin karşılığında 152 id nolu coin satın aldı. Satıcının miktarı yetmedi ve eşleşen bir fiyat olmadığı için 156.36665608 adet alış emri açıldı.
TRADE - 2021-01-02 19:24:29 --> (0.82825100 1609604669) trade işleminde  : no2dnuhutckbktnejjdkkitdgw2n id nolu alıcı 3p5816hym8x0z1sklpax6bm8dpcs id nolu satıcıdan 0.00000987 fiyatından 261.36665608 adet 6 id nolu coin karşılığında 152 id nolu coin almak istedi ama satıcının miktarı(5) yetmedi ve emir tekrar etti.
TRADE - 2021-01-02 19:34:25 --> (0.50017400 1609605265) trade işleminde  : zlgxvsiggs0c6qkc3pzi9xvusiux id nolu satıcı no2dnuhutckbktnejjdkkitdgw2n id nolu alıcıya 0.00000999 fiyatından 156.36665608 adet 6 id nolu coin karşılığında 152 id nolu coin sattı. Alıcının miktarı yetmedi ve eşleşen bir fiyat olmadığı için 12527.49181978 adet satış emri açıldı.
TRADE - 2021-01-02 19:44:01 --> (0.52245600 1609605841) trade işleminde  : 8n1cwv6a2siwpam9f8nzqrx8paq7 id nolu satıcı ws5z7jl7lrkhckn8f7gh29jh7tv4 id nolu alıcıya 0.10000000 fiyatından 16.95495979 adet 9 id nolu coin karşılığında 153 id nolu coin sattı. Alıcının miktarı yetmedi ve eşleşen bir fiyat olmadığı için 98.07311057 adet satış emri açıldı.
TRADE - 2021-01-02 19:44:01 --> (0.75758400 1609605841) trade işleminde  : 8n1cwv6a2siwpam9f8nzqrx8paq7 id nolu satıcı 270bkifjjllri9jwellc2kthl2yj id nolu alıcıya 0.10000001 fiyatından 129.99812874 adet 9 id nolu coin karşılığında 153 id nolu coini satmak istedi ama alıcının miktarı(14.97005838) yetmedi ve emir tekrar etti.
TRADE - 2021-01-02 19:44:02 --> (0.03858600 1609605842) trade işleminde  : 8n1cwv6a2siwpam9f8nzqrx8paq7 id nolu satıcı keqg1jjm1kyegty1azwnslehqhfi id nolu alıcıya 0.16000000 fiyatından 130.00000000 adet 9 id nolu coin karşılığında 153 id nolu coini satmak istedi ama alıcının miktarı(0.00187126) yetmedi ve emir tekrar etti.
TRADE - 2021-01-02 20:02:09 --> (0.33371400 1609606929) trade işleminde  : 6bavdl8dik135r3iu118fe4zxti5 id nolu alıcı ffgjg8a2qpxe7hcf66emwry6nwri id nolu satıcıdan 0.00889010 fiyatından 0.025 adet 9 id nolu coin karşılığında 3 id nolu coin satın aldı. Alıcı almak istediği miktarı aldı. Boş emir açıldı.
TRADE - 2021-01-02 20:18:53 --> (0.06145000 1609607933) trade işleminde  : zlgxvsiggs0c6qkc3pzi9xvusiux id nolu satıcı 6bavdl8dik135r3iu118fe4zxti5 id nolu alıcıya 777.34999900 fiyatından 0.00155898 adet 9 id nolu coin karşılığında 6 id nolu coin sattı. Emir kapandı.
TRADE - 2021-01-02 20:57:01 --> (0.14950900 1609610221) trade işleminde  : 6bavdl8dik135r3iu118fe4zxti5 id nolu alıcı b4avkrtilc0armzz759nuw21lfo8 id nolu satıcıdan 0.00999999 fiyatından 100 adet 9 id nolu coin karşılığında 3 id nolu coin satın aldı. Alıcı almak istediği miktarı aldı. Boş emir açıldı.
TRADE - 2021-01-02 21:05:38 --> (0.42471800 1609610738) trade işleminde  : yz0go4cdib874tx2qolfdhn426yu id nolu satıcı 6bavdl8dik135r3iu118fe4zxti5 id nolu alıcıya 0.02379100 fiyatından 0.37976492 adet 1 id nolu coin karşılığında 6 id nolu coin sattı. Emir kapandı.
TRADE - 2021-01-02 21:06:29 --> (0.55358600 1609610789) trade işleminde  : yz0go4cdib874tx2qolfdhn426yu id nolu alıcı 6bavdl8dik135r3iu118fe4zxti5 id nolu satıcıdan 32495.98000000 fiyatından 0.00772503 adet 9 id nolu coin karşılığında 1 id nolu coin satın aldı. Emir kapandı.
TRADE - 2021-01-02 21:26:34 --> (0.95100400 1609611994) trade işleminde  : 6bavdl8dik135r3iu118fe4zxti5 id nolu alıcı wmue9qp6fie4n3qwust18t1tv1t5 id nolu satıcıdan 0.00000032 fiyatından 20354.71913316 adet 1 id nolu coin karşılığında 3 id nolu coin satın aldı. Alıcı almak istediği miktarı aldı. Boş emir açıldı.
TRADE - 2021-01-02 22:38:41 --> (0.57834300 1609616321) trade işleminde  : ebhx9wjf67y4iv1pjb76gbmnkmak id nolu satıcı gwgvn9fj4jobujl16xk5gy1vey0k id nolu alıcıya 0.00000231 fiyatından 4304292.8083228 adet 9 id nolu coin karşılığında 145 id nolu coin sattı. Emir kapandı.
TRADE - 2021-01-02 22:39:02 --> (0.96124800 1609616342) trade işleminde  : ebhx9wjf67y4iv1pjb76gbmnkmak id nolu satıcı b9rg9bonvwn0kejc828gjpowdlzh id nolu alıcıya 0.00000209 fiyatından 265707.00000000 adet 9 id nolu coin karşılığında 145 id nolu coin sattı. Emir kapandı.
TRADE - 2021-01-02 22:40:11 --> (0.99987100 1609616411) trade işleminde  : ebhx9wjf67y4iv1pjb76gbmnkmak id nolu alıcı 6bavdl8dik135r3iu118fe4zxti5 id nolu satıcıdan 0.01208650 fiyatından 1156.00512044 adet 9 id nolu coin karşılığında 3 id nolu coin satın aldı. Emir kapandı.
TRADE - 2021-01-02 22:55:45 --> (0.48491400 1609617345) trade işleminde  : 6bavdl8dik135r3iu118fe4zxti5 id nolu alıcı 7b5zev6di3lrxnwd7de4zeb9cdxo id nolu satıcıdan 33149.92000000 fiyatından 0.02835647 adet 9 id nolu coin karşılığında 1 id nolu coin satın aldı. Alıcı almak istediği miktarı aldı. Boş emir açıldı.
TRADE - 2021-01-02 22:59:24 --> (0.76622600 1609617564) trade işleminde  : am5ij6rjll7foi6s4xd49o8du1g8 id nolu alıcı ebhx9wjf67y4iv1pjb76gbmnkmak id nolu satıcıdan 0.00000450 fiyatından 6219.56087824 adet 9 id nolu coin karşılığında 145 id nolu coin satın aldı. Emir kapandı.
TRADE - 2021-01-02 23:18:39 --> (0.57817200 1609618719) trade işleminde  : 6bavdl8dik135r3iu118fe4zxti5 id nolu satıcı 7b5zev6di3lrxnwd7de4zeb9cdxo id nolu alıcıya 777.50999900 fiyatından 0.0256718 adet 9 id nolu coin karşılığında 6 id nolu coin sattı. Emir kapandı.
TRADE - 2021-01-02 23:42:17 --> (0.14331800 1609620137) trade işleminde  : 6bavdl8dik135r3iu118fe4zxti5 id nolu alıcı am5ij6rjll7foi6s4xd49o8du1g8 id nolu satıcıdan 0.01029030 fiyatından 9.2 adet 9 id nolu coin karşılığında 3 id nolu coin satın aldı. Alıcı almak istediği miktarı aldı. Boş emir açıldı.
TRADE - 2021-01-02 23:52:46 --> (0.56127600 1609620766) trade işleminde  : am5ij6rjll7foi6s4xd49o8du1g8 id nolu alıcı ebhx9wjf67y4iv1pjb76gbmnkmak id nolu satıcıdan 0.00000450 fiyatından 20953.96318474 adet 9 id nolu coin karşılığında 145 id nolu coin satın aldı. Emir kapandı.
