TRADE - 2020-11-22 11:07:45 --> (0.05726400 1606032465) trade işleminde  : 6bavdl8dik135r3iu118fe4zxti5 id nolu satıcı dh38yc9ylwpzn2d69bzuzvv1c8jx id nolu alıcıya 0.44521000 fiyatından 2.56096439 adet 9 id nolu coin karşılığında 7 id nolu coin sattı. Emir kapandı.
TRADE - 2020-11-22 14:29:22 --> (0.04335700 1606044562) trade işleminde  : gl1s7binuyj3t4yhq7kkieql6k60 id nolu satıcı 6bavdl8dik135r3iu118fe4zxti5 id nolu alıcıya 0.02966500 fiyatından 0.00390494 adet 1 id nolu coin karşılığında 6 id nolu coin sattı. Emir kapandı.
TRADE - 2020-11-22 16:03:55 --> (0.59259700 1606050235) trade işleminde  : fh04485cvrp016cb237bblzr3yc7 id nolu satıcı 6bavdl8dik135r3iu118fe4zxti5 id nolu alıcıya 0.02789000 fiyatından 33.00000000 adet 9 id nolu coin karşılığında 128 id nolu coin sattı. Emir kapandı.
TRADE - 2020-11-22 16:09:53 --> (0.14023700 1606050593) trade işleminde  : fh04485cvrp016cb237bblzr3yc7 id nolu alıcı 6bavdl8dik135r3iu118fe4zxti5 id nolu satıcıdan 0.00322570 fiyatından 284.18509727 adet 9 id nolu coin karşılığında 3 id nolu coin satın aldı. Emir kapandı.
TRADE - 2020-11-22 16:20:26 --> (0.06056300 1606051226) trade işleminde  : fh04485cvrp016cb237bblzr3yc7 id nolu satıcı 6bavdl8dik135r3iu118fe4zxti5 id nolu alıcıya 0.00321320 fiyatından 284.60971485 adet 9 id nolu coin karşılığında 3 id nolu coin sattı. Emir kapandı.
TRADE - 2020-11-22 16:20:56 --> (0.27320300 1606051256) trade işleminde  : fh04485cvrp016cb237bblzr3yc7 id nolu alıcı gwgvn9fj4jobujl16xk5gy1vey0k id nolu satıcıdan 0.00000391 fiyatından 232955.80705596 adet 9 id nolu coin karşılığında 145 id nolu coin satın aldı. Emir kapandı.
TRADE - 2020-11-22 21:05:16 --> (0.68082800 1606068316) trade işleminde  : de106q7go2xawwuz1rlfss0fofx9 id nolu alıcı 6bavdl8dik135r3iu118fe4zxti5 id nolu satıcıdan 0.45235000 fiyatından 0.00613437 adet 9 id nolu coin karşılığında 7 id nolu coin satın aldı. Emir kapandı.
TRADE - 2020-11-22 21:05:24 --> (0.07624300 1606068324) trade işleminde  : de106q7go2xawwuz1rlfss0fofx9 id nolu satıcı 6bavdl8dik135r3iu118fe4zxti5 id nolu alıcıya 0.45169000 fiyatından 0.00613537 adet 9 id nolu coin karşılığında 7 id nolu coin sattı. Emir kapandı.
TRADE - 2020-11-22 21:05:57 --> (0.43993800 1606068357) trade işleminde  : de106q7go2xawwuz1rlfss0fofx9 id nolu alıcı 6bavdl8dik135r3iu118fe4zxti5 id nolu satıcıdan 0.02892000 fiyatından 0.12733862 adet 9 id nolu coin karşılığında 128 id nolu coin satın aldı. Emir kapandı.
TRADE - 2020-11-22 21:06:09 --> (0.56825100 1606068369) trade işleminde  : de106q7go2xawwuz1rlfss0fofx9 id nolu satıcı 6bavdl8dik135r3iu118fe4zxti5 id nolu alıcıya 0.02884000 fiyatından 0.12753862 adet 9 id nolu coin karşılığında 128 id nolu coin sattı. Emir kapandı.
TRADE - 2020-11-22 21:07:04 --> (0.87909000 1606068424) trade işleminde  : de106q7go2xawwuz1rlfss0fofx9 id nolu alıcı 6bavdl8dik135r3iu118fe4zxti5 id nolu satıcıdan 0.00344000 fiyatından 0.79929023 adet 9 id nolu coin karşılığında 3 id nolu coin satın aldı. Emir kapandı.
TRADE - 2020-11-22 21:07:14 --> (0.03902400 1606068434) trade işleminde  : de106q7go2xawwuz1rlfss0fofx9 id nolu satıcı 6bavdl8dik135r3iu118fe4zxti5 id nolu alıcıya 0.00343030 fiyatından 0.80929023 adet 9 id nolu coin karşılığında 3 id nolu coin sattı. Emir kapandı.
TRADE - 2020-11-22 21:07:48 --> (0.30204100 1606068468) trade işleminde  : de106q7go2xawwuz1rlfss0fofx9 id nolu satıcı 0q6vv13ewy2g05gerglbot3ssicz id nolu alıcıya 0.02365000 fiyatından 0.00500000 adet 9 id nolu coin karşılığında 14 id nolu coin sattı. Emir kapandı.
TRADE - 2020-11-22 21:08:10 --> (0.80015000 1606068490) trade işleminde  : de106q7go2xawwuz1rlfss0fofx9 id nolu alıcı 6bavdl8dik135r3iu118fe4zxti5 id nolu satıcıdan 0.00488000 fiyatından 0.58391209 adet 9 id nolu coin karşılığında 17 id nolu coin satın aldı. Emir kapandı.
TRADE - 2020-11-22 21:08:17 --> (0.75278300 1606068497) trade işleminde  : de106q7go2xawwuz1rlfss0fofx9 id nolu satıcı 6bavdl8dik135r3iu118fe4zxti5 id nolu alıcıya 0.00457935 fiyatından 0.58421209 adet 9 id nolu coin karşılığında 17 id nolu coin sattı. Emir kapandı.
TRADE - 2020-11-22 21:08:50 --> (0.24842000 1606068530) trade işleminde  : de106q7go2xawwuz1rlfss0fofx9 id nolu alıcı 5mjwi0pkfixdrih7p7uadjr1634g id nolu satıcıdan 0.20000000 fiyatından 0.01355423 adet 9 id nolu coin karşılığında 153 id nolu coin satın aldı. Emir kapandı.
TRADE - 2020-11-22 21:08:55 --> (0.34468200 1606068535) trade işleminde  : de106q7go2xawwuz1rlfss0fofx9 id nolu satıcı ws5z7jl7lrkhckn8f7gh29jh7tv4 id nolu alıcıya 0.08000000 fiyatından 0.01355723 adet 9 id nolu coin karşılığında 153 id nolu coin sattı. Emir kapandı.
TRADE - 2020-11-22 21:11:02 --> (0.51832700 1606068662) trade işleminde  : de106q7go2xawwuz1rlfss0fofx9 id nolu alıcı 6bavdl8dik135r3iu118fe4zxti5 id nolu satıcıdan 0.45374000 fiyatından 0.00437224 adet 9 id nolu coin karşılığında 7 id nolu coin satın aldı. Emir kapandı.
TRADE - 2020-11-22 21:16:32 --> (0.29256900 1606068992) trade işleminde  : de106q7go2xawwuz1rlfss0fofx9 id nolu satıcı 6bavdl8dik135r3iu118fe4zxti5 id nolu alıcıya 0.45127000 fiyatından 0.00437224 adet 9 id nolu coin karşılığında 7 id nolu coin sattı. Emir kapandı.
TRADE - 2020-11-22 21:18:45 --> (0.19676900 1606069125) trade işleminde  : 6bavdl8dik135r3iu118fe4zxti5 id nolu alıcı 6bavdl8dik135r3iu118fe4zxti5 id nolu satıcıdan 0.45750000 fiyatından 2886.1 adet 9 id nolu coin karşılığında 7 id nolu coin satın aldı. Alıcı almak istediği miktarı aldı. Boş emir açıldı.
TRADE - 2020-11-22 21:39:50 --> (0.22995300 1606070390) trade işleminde  : 6bavdl8dik135r3iu118fe4zxti5 id nolu alıcı zbhbite60ppo1iesfmd0u11cxhhv id nolu satıcıdan 0.00000018 fiyatından 2000 adet 1 id nolu coin karşılığında 3 id nolu coin satın aldı. Alıcı almak istediği miktarı aldı. Boş emir açıldı.
TRADE - 2020-11-22 21:42:18 --> (0.61412800 1606070538) trade işleminde  : 6bavdl8dik135r3iu118fe4zxti5 id nolu alıcı i6ewwoij1k11piqjg59fp0q77r35 id nolu satıcıdan 0.00000003 fiyatından 10101.86769319 adet 1 id nolu coin karşılığında 139 id nolu coin satın aldı. Alıcı almak istediği miktarı aldı. Boş emir açıldı.
TRADE - 2020-11-22 21:50:24 --> (0.39591700 1606071024) trade işleminde  : zbhbite60ppo1iesfmd0u11cxhhv id nolu alıcı 6bavdl8dik135r3iu118fe4zxti5 id nolu satıcıdan 0.00000019 fiyatından 1887.17302238 adet 1 id nolu coin karşılığında 3 id nolu coin satın aldı. Emir kapandı.
TRADE - 2020-11-22 21:50:40 --> (0.82153000 1606071040) trade işleminde  : zbhbite60ppo1iesfmd0u11cxhhv id nolu satıcı 6bavdl8dik135r3iu118fe4zxti5 id nolu alıcıya 0.00000018 fiyatından 1887.17302238 adet 1 id nolu coin karşılığında 3 id nolu coin sattı. Emir kapandı.
TRADE - 2020-11-22 21:51:13 --> (0.00917300 1606071073) trade işleminde  : zbhbite60ppo1iesfmd0u11cxhhv id nolu alıcı 6bavdl8dik135r3iu118fe4zxti5 id nolu satıcıdan 0.00000019 fiyatından 1780.70175439 adet 1 id nolu coin karşılığında 3 id nolu coin satın aldı. Emir kapandı.
TRADE - 2020-11-22 21:58:35 --> (0.19322300 1606071515) trade işleminde  : zbhbite60ppo1iesfmd0u11cxhhv id nolu satıcı 6bavdl8dik135r3iu118fe4zxti5 id nolu alıcıya 0.00000018 fiyatından 1780.70175439 adet 1 id nolu coin karşılığında 3 id nolu coin sattı. Emir kapandı.
