TRADE - 2020-12-31 01:15:16 --> (0.09222000 1609366516) trade işleminde  : hzkkvjc842r2z37h6mfmez0ovbz0 id nolu satıcı 6bavdl8dik135r3iu118fe4zxti5 id nolu alıcıya 127.58241100 fiyatından 0.02009964 adet 9 id nolu coin karşılığında 2 id nolu coin sattı. Emir kapandı.
TRADE - 2020-12-31 01:28:43 --> (0.05495100 1609367323) trade işleminde  : hzkkvjc842r2z37h6mfmez0ovbz0 id nolu alıcı 6bavdl8dik135r3iu118fe4zxti5 id nolu satıcıdan 0.21178000 fiyatından 16.09438277 adet 9 id nolu coin karşılığında 7 id nolu coin satın aldı. Emir kapandı.
TRADE - 2020-12-31 01:31:55 --> (0.15485100 1609367515) trade işleminde  : hzkkvjc842r2z37h6mfmez0ovbz0 id nolu satıcı no2dnuhutckbktnejjdkkitdgw2n id nolu alıcıya 0.00000110 fiyatından 169.75422143 adet 6 id nolu coin karşılığında 152 id nolu coin sattı. Emir kapandı.
TRADE - 2020-12-31 01:31:55 --> (0.36791200 1609367515) trade işleminde  : hzkkvjc842r2z37h6mfmez0ovbz0 id nolu satıcı zlgxvsiggs0c6qkc3pzi9xvusiux id nolu alıcıya 0.00000110 fiyatından 314.81863805 adet 6 id nolu coin karşılığında 152 id nolu coini satmak istedi ama alıcının miktarı(145.06441662) yetmedi ve emir tekrar etti.
TRADE - 2020-12-31 02:01:18 --> (0.93761600 1609369278) trade işleminde  : hzkkvjc842r2z37h6mfmez0ovbz0 id nolu satıcı b9rg9bonvwn0kejc828gjpowdlzh id nolu alıcıya 0.00000101 fiyatından 990.50259644 adet 9 id nolu coin karşılığında 141 id nolu coin sattı. Emir kapandı.
TRADE - 2020-12-31 02:01:34 --> (0.02934700 1609369294) trade işleminde  : hzkkvjc842r2z37h6mfmez0ovbz0 id nolu satıcı b9rg9bonvwn0kejc828gjpowdlzh id nolu alıcıya 0.00000101 fiyatından 2971.50778932 adet 9 id nolu coin karşılığında 141 id nolu coin sattı. Emir kapandı.
TRADE - 2020-12-31 02:03:47 --> (0.68566700 1609369427) trade işleminde  : hzkkvjc842r2z37h6mfmez0ovbz0 id nolu satıcı b9rg9bonvwn0kejc828gjpowdlzh id nolu alıcıya 0.00000103 fiyatından 1884.93148890 adet 9 id nolu coin karşılığında 121 id nolu coin sattı. Emir kapandı.
TRADE - 2020-12-31 02:04:36 --> (0.96242500 1609369476) trade işleminde  : hzkkvjc842r2z37h6mfmez0ovbz0 id nolu satıcı 270bkifjjllri9jwellc2kthl2yj id nolu alıcıya 0.00059002 fiyatından 104.93954601 adet 9 id nolu coin karşılığında 152 id nolu coin sattı. Emir kapandı.
TRADE - 2020-12-31 02:13:11 --> (0.37582400 1609369991) trade işleminde  : 6bavdl8dik135r3iu118fe4zxti5 id nolu satıcı hzkkvjc842r2z37h6mfmez0ovbz0 id nolu alıcıya 127.44362516 fiyatından 0.00053034 adet 9 id nolu coin karşılığında 2 id nolu coin sattı. Emir kapandı.
TRADE - 2020-12-31 03:08:51 --> (0.90360900 1609373331) trade işleminde  : hzkkvjc842r2z37h6mfmez0ovbz0 id nolu satıcı 270bkifjjllri9jwellc2kthl2yj id nolu alıcıya 0.00000210 fiyatından 25174.70606821 adet 9 id nolu coin karşılığında 54 id nolu coin sattı. Emir kapandı.
TRADE - 2020-12-31 03:09:30 --> (0.04093500 1609373370) trade işleminde  : hzkkvjc842r2z37h6mfmez0ovbz0 id nolu alıcı 6bavdl8dik135r3iu118fe4zxti5 id nolu satıcıdan 0.20818000 fiyatından 0.25243798 adet 9 id nolu coin karşılığında 7 id nolu coin satın aldı. Emir kapandı.
TRADE - 2020-12-31 03:10:44 --> (0.00754200 1609373444) trade işleminde  : hzkkvjc842r2z37h6mfmez0ovbz0 id nolu alıcı 6bavdl8dik135r3iu118fe4zxti5 id nolu satıcıdan 0.00000079 fiyatından 436.60779706 adet 6 id nolu coin karşılığında 139 id nolu coin satın aldı. Emir kapandı.
TRADE - 2020-12-31 03:20:16 --> (0.55147100 1609374016) trade işleminde  : 6bavdl8dik135r3iu118fe4zxti5 id nolu alıcı hzkkvjc842r2z37h6mfmez0ovbz0 id nolu satıcıdan 0.00000078 fiyatından 498.07375403 adet 6 id nolu coin karşılığında 139 id nolu coin satın aldı. Alıcı almak istediği miktarı aldı. Boş emir açıldı.
TRADE - 2020-12-31 04:50:59 --> (0.00217300 1609379459) trade işleminde  : hzkkvjc842r2z37h6mfmez0ovbz0 id nolu satıcı 6bavdl8dik135r3iu118fe4zxti5 id nolu alıcıya 126.03898458 fiyatından 0.00053034 adet 9 id nolu coin karşılığında 2 id nolu coin sattı. Emir kapandı.
TRADE - 2020-12-31 04:52:30 --> (0.64602400 1609379550) trade işleminde  : hzkkvjc842r2z37h6mfmez0ovbz0 id nolu alıcı 6bavdl8dik135r3iu118fe4zxti5 id nolu satıcıdan 0.21021000 fiyatından 0.31720750 adet 9 id nolu coin karşılığında 7 id nolu coin satın aldı. Emir kapandı.
TRADE - 2020-12-31 04:53:49 --> (0.05941800 1609379629) trade işleminde  : hzkkvjc842r2z37h6mfmez0ovbz0 id nolu satıcı 6bavdl8dik135r3iu118fe4zxti5 id nolu alıcıya 736.23999900 fiyatından 9.522E-5 adet 9 id nolu coin karşılığında 6 id nolu coin sattı. Emir kapandı.
TRADE - 2020-12-31 04:53:49 --> (0.39760200 1609379629) trade işleminde  : hzkkvjc842r2z37h6mfmez0ovbz0 id nolu satıcı 6bavdl8dik135r3iu118fe4zxti5 id nolu alıcıya 736.29999900 fiyatından 0.00038772 adet 9 id nolu coin karşılığında 6 id nolu coini satmak istedi ama alıcının miktarı(0.0002925) yetmedi ve emir tekrar etti.
TRADE - 2020-12-31 05:42:42 --> (0.17069000 1609382562) trade işleminde  : hzkkvjc842r2z37h6mfmez0ovbz0 id nolu alıcı 6bavdl8dik135r3iu118fe4zxti5 id nolu satıcıdan 738.25000100 fiyatından 0.00038407 adet 9 id nolu coin karşılığında 6 id nolu coin satın aldı. Emir kapandı.
TRADE - 2020-12-31 05:48:58 --> (0.09133800 1609382938) trade işleminde  : hzkkvjc842r2z37h6mfmez0ovbz0 id nolu satıcı 6bavdl8dik135r3iu118fe4zxti5 id nolu alıcıya 738.67999900 fiyatından 0.00038407 adet 9 id nolu coin karşılığında 6 id nolu coin sattı. Emir kapandı.
TRADE - 2020-12-31 05:51:37 --> (0.66563400 1609383097) trade işleminde  : hzkkvjc842r2z37h6mfmez0ovbz0 id nolu satıcı 6bavdl8dik135r3iu118fe4zxti5 id nolu alıcıya 0.21877000 fiyatından 0.56964548 adet 9 id nolu coin karşılığında 7 id nolu coin sattı. Emir kapandı.
TRADE - 2020-12-31 05:52:04 --> (0.47682200 1609383124) trade işleminde  : hzkkvjc842r2z37h6mfmez0ovbz0 id nolu alıcı 6bavdl8dik135r3iu118fe4zxti5 id nolu satıcıdan 0.21887000 fiyatından 1.86178714 adet 9 id nolu coin karşılığında 7 id nolu coin satın aldı. Emir kapandı.
TRADE - 2020-12-31 06:06:05 --> (0.78996300 1609383965) trade işleminde  : hzkkvjc842r2z37h6mfmez0ovbz0 id nolu satıcı 6bavdl8dik135r3iu118fe4zxti5 id nolu alıcıya 0.21599000 fiyatından 1.86178714 adet 9 id nolu coin karşılığında 7 id nolu coin sattı. Emir kapandı.
TRADE - 2020-12-31 06:23:22 --> (0.03970200 1609385002) trade işleminde  : hzkkvjc842r2z37h6mfmez0ovbz0 id nolu alıcı 6bavdl8dik135r3iu118fe4zxti5 id nolu satıcıdan 0.00458900 fiyatından 87.08895538 adet 9 id nolu coin karşılığında 3 id nolu coin satın aldı. Emir kapandı.
TRADE - 2020-12-31 16:02:10 --> (0.95463100 1609419730) trade işleminde  : 3p5816hym8x0z1sklpax6bm8dpcs id nolu alıcı no2dnuhutckbktnejjdkkitdgw2n id nolu satıcıdan 0.00000700 fiyatından 1372.78336185 adet 6 id nolu coin karşılığında 152 id nolu coin satın aldı. Alıcı almak istediği miktarı aldı. Boş emir açıldı.
TRADE - 2020-12-31 16:04:39 --> (0.17732300 1609419879) trade işleminde  : 3p5816hym8x0z1sklpax6bm8dpcs id nolu alıcı no2dnuhutckbktnejjdkkitdgw2n id nolu satıcıdan 0.00000750 fiyatından 750.00000000 adet 6 id nolu coin karşılığında 152 id nolu coin satın aldı. Emir kapandı.
TRADE - 2020-12-31 16:04:53 --> (0.71097400 1609419893) trade işleminde  : no2dnuhutckbktnejjdkkitdgw2n id nolu alıcı no2dnuhutckbktnejjdkkitdgw2n id nolu satıcıdan 0.00000750 fiyatından 750 adet 6 id nolu coin karşılığında 152 id nolu coin satın aldı. Alıcı almak istediği miktarı aldı. Boş emir açıldı.
TRADE - 2020-12-31 16:05:13 --> (0.81146000 1609419913) trade işleminde  : no2dnuhutckbktnejjdkkitdgw2n id nolu alıcı no2dnuhutckbktnejjdkkitdgw2n id nolu satıcıdan 0.00000755 fiyatından 1661.33560693 adet 6 id nolu coin karşılığında 152 id nolu coin satın aldı. Emir kapandı.
TRADE - 2020-12-31 16:07:15 --> (0.15334600 1609420035) trade işleminde  : 3p5816hym8x0z1sklpax6bm8dpcs id nolu alıcı no2dnuhutckbktnejjdkkitdgw2n id nolu satıcıdan 0.00000755 fiyatından 3338.66439307 adet 6 id nolu coin karşılığında 152 id nolu coin satın aldı. Satıcının miktarı yetmedi ve eşleşen bir fiyat olmadığı için 4026.30566681 adet alış emri açıldı.
TRADE - 2020-12-31 16:10:25 --> (0.88089300 1609420225) trade işleminde  : no2dnuhutckbktnejjdkkitdgw2n id nolu alıcı no2dnuhutckbktnejjdkkitdgw2n id nolu satıcıdan 0.00000800 fiyatından 1000 adet 6 id nolu coin karşılığında 152 id nolu coin satın aldı. Satıcının miktarı yetmedi ve eşleşen bir fiyat olmadığı için 0.94953841999995 adet alış emri açıldı.
TRADE - 2020-12-31 16:15:58 --> (0.13176700 1609420558) trade işleminde  : no2dnuhutckbktnejjdkkitdgw2n id nolu alıcı 3p5816hym8x0z1sklpax6bm8dpcs id nolu satıcıdan 0.00000825 fiyatından 2350 adet 6 id nolu coin karşılığında 152 id nolu coin satın aldı. Alıcı almak istediği miktarı aldı. Boş emir açıldı.
TRADE - 2020-12-31 16:16:42 --> (0.87747900 1609420602) trade işleminde  : 3p5816hym8x0z1sklpax6bm8dpcs id nolu alıcı no2dnuhutckbktnejjdkkitdgw2n id nolu satıcıdan 0.00000850 fiyatından 1000 adet 6 id nolu coin karşılığında 152 id nolu coin satın aldı. Alıcı almak istediği miktarı aldı. Boş emir açıldı.
TRADE - 2020-12-31 16:17:06 --> (0.38070000 1609420626) trade işleminde  : 3p5816hym8x0z1sklpax6bm8dpcs id nolu alıcı no2dnuhutckbktnejjdkkitdgw2n id nolu satıcıdan 0.00000900 fiyatından 1000 adet 6 id nolu coin karşılığında 152 id nolu coin satın aldı. Alıcı almak istediği miktarı aldı. Boş emir açıldı.
TRADE - 2020-12-31 16:17:43 --> (0.75723700 1609420663) trade işleminde  : 3p5816hym8x0z1sklpax6bm8dpcs id nolu alıcı no2dnuhutckbktnejjdkkitdgw2n id nolu satıcıdan 0.00000990 fiyatından 4000.67751366 adet 6 id nolu coin karşılığında 152 id nolu coin satın aldı. Emir kapandı.
TRADE - 2020-12-31 16:20:51 --> (0.70336500 1609420851) trade işleminde  : no2dnuhutckbktnejjdkkitdgw2n id nolu alıcı no2dnuhutckbktnejjdkkitdgw2n id nolu satıcıdan 0.00000990 fiyatından 2211.97176354 adet 6 id nolu coin karşılığında 152 id nolu coin satın aldı. Emir kapandı.
TRADE - 2020-12-31 16:21:35 --> (0.10758500 1609420895) trade işleminde  : 3p5816hym8x0z1sklpax6bm8dpcs id nolu alıcı no2dnuhutckbktnejjdkkitdgw2n id nolu satıcıdan 0.00000990 fiyatından 1842.02823646 adet 6 id nolu coin karşılığında 152 id nolu coin satın aldı. Alıcı almak istediği miktarı aldı. Boş emir açıldı.
TRADE - 2020-12-31 16:25:06 --> (0.00690700 1609421106) trade işleminde  : 3p5816hym8x0z1sklpax6bm8dpcs id nolu alıcı no2dnuhutckbktnejjdkkitdgw2n id nolu satıcıdan 0.00001500 fiyatından 1072.88489687 adet 6 id nolu coin karşılığında 152 id nolu coin satın aldı. Alıcı almak istediği miktarı aldı. Boş emir açıldı.
TRADE - 2020-12-31 16:32:30 --> (0.33490700 1609421550) trade işleminde  : no2dnuhutckbktnejjdkkitdgw2n id nolu alıcı no2dnuhutckbktnejjdkkitdgw2n id nolu satıcıdan 0.00969984 fiyatından 304.90725382 adet 9 id nolu coin karşılığında 152 id nolu coin satın aldı. Emir kapandı.
TRADE - 2020-12-31 16:33:57 --> (0.73411500 1609421637) trade işleminde  : no2dnuhutckbktnejjdkkitdgw2n id nolu alıcı no2dnuhutckbktnejjdkkitdgw2n id nolu satıcıdan 0.00969984 fiyatından 595.09274618 adet 9 id nolu coin karşılığında 152 id nolu coin satın aldı. Alıcı almak istediği miktarı aldı. Boş emir açıldı.
TRADE - 2020-12-31 16:47:08 --> (0.68504000 1609422428) trade işleminde  : no2dnuhutckbktnejjdkkitdgw2n id nolu alıcı 3p5816hym8x0z1sklpax6bm8dpcs id nolu satıcıdan 0.00001545 fiyatından 3754 adet 6 id nolu coin karşılığında 152 id nolu coin satın aldı. Alıcı almak istediği miktarı aldı. Boş emir açıldı.
TRADE - 2020-12-31 16:54:54 --> (0.78488500 1609422894) trade işleminde  : no2dnuhutckbktnejjdkkitdgw2n id nolu alıcı 3p5816hym8x0z1sklpax6bm8dpcs id nolu satıcıdan 0.00001550 fiyatından 1250 adet 6 id nolu coin karşılığında 152 id nolu coin satın aldı. Satıcının miktarı yetmedi ve eşleşen bir fiyat olmadığı için 804.82808576 adet alış emri açıldı.
TRADE - 2020-12-31 17:55:57 --> (0.09461900 1609426557) trade işleminde  : zlgxvsiggs0c6qkc3pzi9xvusiux id nolu satıcı ilij85n1rzqk6uv1cz160gxvb0r2 id nolu alıcıya 0.00000026 fiyatından 500.00000000 adet 1 id nolu coin karşılığında 161 id nolu coin sattı. Emir kapandı.
TRADE - 2020-12-31 17:57:39 --> (0.59906400 1609426659) trade işleminde  : zlgxvsiggs0c6qkc3pzi9xvusiux id nolu satıcı 6bavdl8dik135r3iu118fe4zxti5 id nolu alıcıya 28412.40000000 fiyatından 0.00031465 adet 9 id nolu coin karşılığında 1 id nolu coin sattı. Emir kapandı.
TRADE - 2020-12-31 19:05:34 --> (0.17563100 1609430734) trade işleminde  : 3p5816hym8x0z1sklpax6bm8dpcs id nolu alıcı no2dnuhutckbktnejjdkkitdgw2n id nolu satıcıdan 0.00001555 fiyatından 700.00000000 adet 6 id nolu coin karşılığında 152 id nolu coin satın aldı. Emir kapandı.
TRADE - 2020-12-31 19:09:08 --> (0.04711400 1609430948) trade işleminde  : no2dnuhutckbktnejjdkkitdgw2n id nolu alıcı 3p5816hym8x0z1sklpax6bm8dpcs id nolu satıcıdan 0.00969984 fiyatından 500 adet 9 id nolu coin karşılığında 152 id nolu coin satın aldı. Alıcı almak istediği miktarı aldı. Boş emir açıldı.
TRADE - 2020-12-31 19:14:35 --> (0.76968600 1609431275) trade işleminde  : 3p5816hym8x0z1sklpax6bm8dpcs id nolu alıcı 3p5816hym8x0z1sklpax6bm8dpcs id nolu satıcıdan 0.00969983 fiyatından 233.00000000 adet 9 id nolu coin karşılığında 152 id nolu coin satın aldı. Emir kapandı.
TRADE - 2020-12-31 19:49:02 --> (0.68647000 1609433342) trade işleminde  : zlgxvsiggs0c6qkc3pzi9xvusiux id nolu satıcı 3p5816hym8x0z1sklpax6bm8dpcs id nolu alıcıya 0.00001000 fiyatından 997.96727021 adet 6 id nolu coin karşılığında 152 id nolu coin sattı. Emir kapandı.
TRADE - 2020-12-31 19:49:02 --> (0.90887200 1609433342) trade işleminde  : zlgxvsiggs0c6qkc3pzi9xvusiux id nolu satıcı 3p5816hym8x0z1sklpax6bm8dpcs id nolu alıcıya 0.00001000 fiyatından 1995.97126223 adet 6 id nolu coin karşılığında 152 id nolu coini satmak istedi ama alıcının miktarı(998.00399202) yetmedi ve emir tekrar etti.
TRADE - 2020-12-31 19:51:44 --> (0.82301700 1609433504) trade işleminde  : zlgxvsiggs0c6qkc3pzi9xvusiux id nolu satıcı 6bavdl8dik135r3iu118fe4zxti5 id nolu alıcıya 725.51999900 fiyatından 0.00752229 adet 9 id nolu coin karşılığında 6 id nolu coin sattı. Emir kapandı.
TRADE - 2020-12-31 19:51:45 --> (0.19322100 1609433505) trade işleminde  : zlgxvsiggs0c6qkc3pzi9xvusiux id nolu satıcı 6bavdl8dik135r3iu118fe4zxti5 id nolu alıcıya 725.65999900 fiyatından 0.01991979 adet 9 id nolu coin karşılığında 6 id nolu coini satmak istedi ama alıcının miktarı(0.0123975) yetmedi ve emir tekrar etti.
TRADE - 2020-12-31 22:35:20 --> (0.55777300 1609443320) trade işleminde  : 3p5816hym8x0z1sklpax6bm8dpcs id nolu alıcı no2dnuhutckbktnejjdkkitdgw2n id nolu satıcıdan 0.00001333 fiyatından 1000 adet 6 id nolu coin karşılığında 152 id nolu coin satın aldı. Alıcı almak istediği miktarı aldı. Boş emir açıldı.
TRADE - 2020-12-31 22:44:36 --> (0.15061000 1609443876) trade işleminde  : 3p5816hym8x0z1sklpax6bm8dpcs id nolu alıcı zlgxvsiggs0c6qkc3pzi9xvusiux id nolu satıcıdan 0.00001550 fiyatından 147.00000000 adet 6 id nolu coin karşılığında 152 id nolu coin satın aldı. Emir kapandı.
