TRADE - 2021-01-22 00:05:19 --> (0.16043100 1611263119) trade işleminde  : xxczqqauamspsdvju42jipu3z4rp id nolu alıcı 6bavdl8dik135r3iu118fe4zxti5 id nolu satıcıdan 1210.91000100 fiyatından 0.00021447 adet 9 id nolu coin karşılığında 6 id nolu coin satın aldı. Emir kapandı.
TRADE - 2021-01-22 00:09:23 --> (0.12441300 1611263363) trade işleminde  : d79gbea6389xst3xmchp5y5w3vgx id nolu alıcı 6bavdl8dik135r3iu118fe4zxti5 id nolu satıcıdan 0.27828000 fiyatından 0.00613448 adet 9 id nolu coin karşılığında 7 id nolu coin satın aldı. Emir kapandı.
TRADE - 2021-01-22 00:10:27 --> (0.80945600 1611263427) trade işleminde  : d79gbea6389xst3xmchp5y5w3vgx id nolu satıcı 6bavdl8dik135r3iu118fe4zxti5 id nolu alıcıya 0.27781000 fiyatından 0.00614048 adet 9 id nolu coin karşılığında 7 id nolu coin sattı. Emir kapandı.
TRADE - 2021-01-22 00:22:54 --> (0.22045200 1611264174) trade işleminde  : d79gbea6389xst3xmchp5y5w3vgx id nolu alıcı 6bavdl8dik135r3iu118fe4zxti5 id nolu satıcıdan 0.01157544 fiyatından 0.14561327 adet 9 id nolu coin karşılığında 17 id nolu coin satın aldı. Emir kapandı.
TRADE - 2021-01-22 00:23:45 --> (0.17230800 1611264225) trade işleminde  : d79gbea6389xst3xmchp5y5w3vgx id nolu satıcı 6bavdl8dik135r3iu118fe4zxti5 id nolu alıcıya 0.01140674 fiyatından 0.14671327 adet 9 id nolu coin karşılığında 17 id nolu coin sattı. Emir kapandı.
TRADE - 2021-01-22 00:30:19 --> (0.22048800 1611264619) trade işleminde  : d79gbea6389xst3xmchp5y5w3vgx id nolu alıcı 6bavdl8dik135r3iu118fe4zxti5 id nolu satıcıdan 0.02881000 fiyatından 0.05817283 adet 9 id nolu coin karşılığında 128 id nolu coin satın aldı. Emir kapandı.
TRADE - 2021-01-22 00:32:08 --> (0.67762900 1611264728) trade işleminde  : d79gbea6389xst3xmchp5y5w3vgx id nolu satıcı 6bavdl8dik135r3iu118fe4zxti5 id nolu alıcıya 0.02872000 fiyatından 0.05907283 adet 9 id nolu coin karşılığında 128 id nolu coin sattı. Emir kapandı.
TRADE - 2021-01-22 00:50:58 --> (0.17829800 1611265858) trade işleminde  : vekfx9rca49p4yocobp4zqljm63j id nolu alıcı 6bavdl8dik135r3iu118fe4zxti5 id nolu satıcıdan 0.00000036 fiyatından 15288.22909736 adet 1 id nolu coin karşılığında 17 id nolu coin satın aldı. Emir kapandı.
TRADE - 2021-01-22 02:00:40 --> (0.89872800 1611270040) trade işleminde  : 3uyhbc1o3vtog89a4c0v8vm1f6hm id nolu alıcı 6bavdl8dik135r3iu118fe4zxti5 id nolu satıcıdan 0.00818980 fiyatından 0.99800399 adet 9 id nolu coin karşılığında 3 id nolu coin satın aldı. Emir kapandı.
TRADE - 2021-01-22 02:14:14 --> (0.05520500 1611270854) trade işleminde  : 6bavdl8dik135r3iu118fe4zxti5 id nolu satıcı 3uyhbc1o3vtog89a4c0v8vm1f6hm id nolu alıcıya 0.00824900 fiyatından 18.17315787 adet 9 id nolu coin karşılığında 3 id nolu coin sattı. Emir kapandı.
TRADE - 2021-01-22 02:17:44 --> (0.76231700 1611271064) trade işleminde  : 3uyhbc1o3vtog89a4c0v8vm1f6hm id nolu satıcı 6bavdl8dik135r3iu118fe4zxti5 id nolu alıcıya 0.02797000 fiyatından 0.07750000 adet 9 id nolu coin karşılığında 128 id nolu coin sattı. Emir kapandı.
TRADE - 2021-01-22 04:37:51 --> (0.40096000 1611279471) trade işleminde  : l00ayvfir68xdpxfnizwkoenp6w2 id nolu satıcı gx7qzkjjwwsge3efsncnlq5nbvc3 id nolu alıcıya 0.00000020 fiyatından 1228.9064685 adet 1 id nolu coin karşılığında 161 id nolu coin sattı. Emir kapandı.
TRADE - 2021-01-22 04:37:51 --> (0.78071000 1611279471) trade işleminde  : l00ayvfir68xdpxfnizwkoenp6w2 id nolu satıcı 6bavdl8dik135r3iu118fe4zxti5 id nolu alıcıya 0.00000020 fiyatından 1394.193373 adet 1 id nolu coin karşılığında 161 id nolu coini satmak istedi ama alıcının miktarı(165.2869045) yetmedi ve emir tekrar etti.
TRADE - 2021-01-22 04:37:52 --> (0.10441500 1611279472) trade işleminde  : l00ayvfir68xdpxfnizwkoenp6w2 id nolu satıcı 6bavdl8dik135r3iu118fe4zxti5 id nolu alıcıya 0.00000021 fiyatından 3547.4813275 adet 1 id nolu coin karşılığında 161 id nolu coini satmak istedi ama alıcının miktarı(2153.2879545) yetmedi ve emir tekrar etti.
TRADE - 2021-01-22 04:37:52 --> (0.52272300 1611279472) trade işleminde  : l00ayvfir68xdpxfnizwkoenp6w2 id nolu satıcı 6bavdl8dik135r3iu118fe4zxti5 id nolu alıcıya 0.00000022 fiyatından 6999.00000000 adet 1 id nolu coin karşılığında 161 id nolu coini satmak istedi ama alıcının miktarı(3451.5186725) yetmedi ve emir tekrar etti.
TRADE - 2021-01-22 07:38:25 --> (0.37709200 1611290305) trade işleminde  : 2qomuqp0xl8l7506858jo4kwewsq id nolu satıcı 6bavdl8dik135r3iu118fe4zxti5 id nolu alıcıya 0.00000026 fiyatından 4311.16000000 adet 1 id nolu coin karşılığında 3 id nolu coin sattı. Emir kapandı.
TRADE - 2021-01-22 07:53:35 --> (0.19329500 1611291215) trade işleminde  : yz0go4cdib874tx2qolfdhn426yu id nolu alıcı 6bavdl8dik135r3iu118fe4zxti5 id nolu satıcıdan 30853.05000000 fiyatından 0.00808676 adet 9 id nolu coin karşılığında 1 id nolu coin satın aldı. Emir kapandı.
TRADE - 2021-01-22 07:55:57 --> (0.42011900 1611291357) trade işleminde  : yz0go4cdib874tx2qolfdhn426yu id nolu alıcı 6bavdl8dik135r3iu118fe4zxti5 id nolu satıcıdan 30815.05000000 fiyatından 0.00809672 adet 9 id nolu coin karşılığında 1 id nolu coin satın aldı. Emir kapandı.
TRADE - 2021-01-22 08:36:24 --> (0.07346500 1611293784) trade işleminde  : 6bavdl8dik135r3iu118fe4zxti5 id nolu alıcı 3uyhbc1o3vtog89a4c0v8vm1f6hm id nolu satıcıdan 0.01110067 fiyatından 0.238 adet 9 id nolu coin karşılığında 17 id nolu coin satın aldı. Alıcı almak istediği miktarı aldı. Boş emir açıldı.
TRADE - 2021-01-22 09:22:53 --> (0.54513900 1611296573) trade işleminde  : qpypbakben55x2yida7r5maicogl id nolu alıcı 6bavdl8dik135r3iu118fe4zxti5 id nolu satıcıdan 0.00000026 fiyatından 9654.3664055 adet 1 id nolu coin karşılığında 161 id nolu coin satın aldı. Satıcının miktarı yetmedi ve eşleşen bir fiyat olmadığı için 0.63359449999916 adet alış emri açıldı.
TRADE - 2021-01-22 09:24:13 --> (0.26767200 1611296653) trade işleminde  : 6bavdl8dik135r3iu118fe4zxti5 id nolu satıcı qpypbakben55x2yida7r5maicogl id nolu alıcıya 0.00000026 fiyatından 0.63359449999916 adet 1 id nolu coin karşılığında 161 id nolu coin sattı. Emir kapandı.
TRADE - 2021-01-22 09:27:56 --> (0.71783600 1611296876) trade işleminde  : 6bavdl8dik135r3iu118fe4zxti5 id nolu alıcı 098cwh9vwn0titl4xpe25er5r1u4 id nolu satıcıdan 0.00000087 fiyatından 312.40966343 adet 1 id nolu coin karşılığında 128 id nolu coin satın aldı. Alıcı almak istediği miktarı aldı. Boş emir açıldı.
TRADE - 2021-01-22 09:31:07 --> (0.60155400 1611297067) trade işleminde  : qpypbakben55x2yida7r5maicogl id nolu alıcı 6bavdl8dik135r3iu118fe4zxti5 id nolu satıcıdan 0.00000026 fiyatından 9654.3664055 adet 1 id nolu coin karşılığında 161 id nolu coin satın aldı. Satıcının miktarı yetmedi ve eşleşen bir fiyat olmadığı için 0.63359449999916 adet alış emri açıldı.
TRADE - 2021-01-22 09:31:43 --> (0.29315800 1611297103) trade işleminde  : 6bavdl8dik135r3iu118fe4zxti5 id nolu satıcı qpypbakben55x2yida7r5maicogl id nolu alıcıya 0.00000026 fiyatından 0.63359449999916 adet 1 id nolu coin karşılığında 161 id nolu coin sattı. Emir kapandı.
TRADE - 2021-01-22 09:40:47 --> (0.27932600 1611297647) trade işleminde  : qpypbakben55x2yida7r5maicogl id nolu alıcı 6bavdl8dik135r3iu118fe4zxti5 id nolu satıcıdan 0.00000026 fiyatından 9654.3664055 adet 1 id nolu coin karşılığında 161 id nolu coin satın aldı. Satıcının miktarı yetmedi ve eşleşen bir fiyat olmadığı için 0.63359449999916 adet alış emri açıldı.
TRADE - 2021-01-22 09:41:24 --> (0.38135700 1611297684) trade işleminde  : 6bavdl8dik135r3iu118fe4zxti5 id nolu satıcı qpypbakben55x2yida7r5maicogl id nolu alıcıya 0.00000026 fiyatından 0.63359449999916 adet 1 id nolu coin karşılığında 161 id nolu coin sattı. Emir kapandı.
TRADE - 2021-01-22 09:44:14 --> (0.02971900 1611297854) trade işleminde  : qpypbakben55x2yida7r5maicogl id nolu alıcı 6bavdl8dik135r3iu118fe4zxti5 id nolu satıcıdan 0.00000026 fiyatından 9654.3664055 adet 1 id nolu coin karşılığında 161 id nolu coin satın aldı. Satıcının miktarı yetmedi ve eşleşen bir fiyat olmadığı için 0.63359449999916 adet alış emri açıldı.
TRADE - 2021-01-22 09:44:36 --> (0.31895700 1611297876) trade işleminde  : qpypbakben55x2yida7r5maicogl id nolu alıcı 6bavdl8dik135r3iu118fe4zxti5 id nolu satıcıdan 0.00000034 fiyatından 2.8730976299992 adet 1 id nolu coin karşılığında 161 id nolu coin satın aldı. Emir kapandı.
TRADE - 2021-01-22 09:44:36 --> (0.69547600 1611297876) trade işleminde  : qpypbakben55x2yida7r5maicogl id nolu alıcı 6bavdl8dik135r3iu118fe4zxti5 id nolu satıcıdan 0.00000033 fiyatından 59.209347629999 adet 1 id nolu coin karşılığında 161 id nolu coin almak istedi ama satıcının miktarı(56.33625) yetmedi ve emir tekrar etti.
TRADE - 2021-01-22 09:44:37 --> (0.02108800 1611297877) trade işleminde  : qpypbakben55x2yida7r5maicogl id nolu alıcı 6bavdl8dik135r3iu118fe4zxti5 id nolu satıcıdan 0.00000032 fiyatından 1652.26542013 adet 1 id nolu coin karşılığında 161 id nolu coin almak istedi ama satıcının miktarı(1593.0560725) yetmedi ve emir tekrar etti.
TRADE - 2021-01-22 09:44:37 --> (0.40551000 1611297877) trade işleminde  : qpypbakben55x2yida7r5maicogl id nolu alıcı 6bavdl8dik135r3iu118fe4zxti5 id nolu satıcıdan 0.00000031 fiyatından 3078.57185413 adet 1 id nolu coin karşılığında 161 id nolu coin almak istedi ama satıcının miktarı(1426.306434) yetmedi ve emir tekrar etti.
TRADE - 2021-01-22 09:44:38 --> (0.02289500 1611297878) trade işleminde  : qpypbakben55x2yida7r5maicogl id nolu alıcı 6bavdl8dik135r3iu118fe4zxti5 id nolu satıcıdan 0.00000030 fiyatından 4018.11968013 adet 1 id nolu coin karşılığında 161 id nolu coin almak istedi ama satıcının miktarı(939.547826) yetmedi ve emir tekrar etti.
TRADE - 2021-01-22 09:44:38 --> (0.48889800 1611297878) trade işleminde  : qpypbakben55x2yida7r5maicogl id nolu alıcı sb72g7r7x09cogbd3d4qqrmfzxwm id nolu satıcıdan 0.00000029 fiyatından 4518.11968013 adet 1 id nolu coin karşılığında 161 id nolu coin almak istedi ama satıcının miktarı(500) yetmedi ve emir tekrar etti.
TRADE - 2021-01-22 09:44:39 --> (0.07556100 1611297879) trade işleminde  : qpypbakben55x2yida7r5maicogl id nolu alıcı 6bavdl8dik135r3iu118fe4zxti5 id nolu satıcıdan 0.00000028 fiyatından 7006.73512263 adet 1 id nolu coin karşılığında 161 id nolu coin almak istedi ama satıcının miktarı(2488.6154425) yetmedi ve emir tekrar etti.
TRADE - 2021-01-22 09:44:39 --> (0.42273300 1611297879) trade işleminde  : qpypbakben55x2yida7r5maicogl id nolu alıcı ilij85n1rzqk6uv1cz160gxvb0r2 id nolu satıcıdan 0.00000027 fiyatından 7619.66311280 adet 1 id nolu coin karşılığında 161 id nolu coin almak istedi ama satıcının miktarı(612.92799017) yetmedi ve emir tekrar etti.
TRADE - 2021-01-22 09:45:22 --> (0.58713800 1611297922) trade işleminde  : 6bavdl8dik135r3iu118fe4zxti5 id nolu satıcı qpypbakben55x2yida7r5maicogl id nolu alıcıya 0.00000026 fiyatından 0.63359449999916 adet 1 id nolu coin karşılığında 161 id nolu coin sattı. Emir kapandı.
TRADE - 2021-01-22 09:47:52 --> (0.92879300 1611298072) trade işleminde  : qpypbakben55x2yida7r5maicogl id nolu alıcı 6bavdl8dik135r3iu118fe4zxti5 id nolu satıcıdan 0.00000026 fiyatından 3320.70474436 adet 1 id nolu coin karşılığında 161 id nolu coin satın aldı. Emir kapandı.
TRADE - 2021-01-22 10:55:59 --> (0.12785000 1611302159) trade işleminde  : 6bavdl8dik135r3iu118fe4zxti5 id nolu alıcı 4p8ycbx0ih5acsufghenxq33afw4 id nolu satıcıdan 0.00000853 fiyatından 89.450002 adet 1 id nolu coin karşılığında 7 id nolu coin satın aldı. Alıcı almak istediği miktarı aldı. Boş emir açıldı.
TRADE - 2021-01-22 11:08:16 --> (0.04472100 1611302896) trade işleminde  : 6bavdl8dik135r3iu118fe4zxti5 id nolu satıcı 4p8ycbx0ih5acsufghenxq33afw4 id nolu alıcıya 0.03696500 fiyatından 0.02055891 adet 1 id nolu coin karşılığında 6 id nolu coin sattı. Emir kapandı.
TRADE - 2021-01-22 16:28:35 --> (0.52244500 1611322115) trade işleminde  : 6bavdl8dik135r3iu118fe4zxti5 id nolu satıcı q8plfntvv4qqkpwnrpu6eg1nfc39 id nolu alıcıya 0.00439800 fiyatından 0.03926435 adet 1 id nolu coin karşılığında 2 id nolu coin sattı. Emir kapandı.
TRADE - 2021-01-22 21:27:54 --> (0.69814700 1611340074) trade işleminde  : yz0go4cdib874tx2qolfdhn426yu id nolu satıcı 6bavdl8dik135r3iu118fe4zxti5 id nolu alıcıya 32448.74000000 fiyatından 0.006195 adet 9 id nolu coin karşılığında 1 id nolu coin sattı. Alıcının miktarı yetmedi ve eşleşen bir fiyat olmadığı için 0.00998848 adet satış emri açıldı.
TRADE - 2021-01-22 21:33:24 --> (0.56944100 1611340404) trade işleminde  : yz0go4cdib874tx2qolfdhn426yu id nolu satıcı 6bavdl8dik135r3iu118fe4zxti5 id nolu alıcıya 32542.77000000 fiyatından 0.00998848 adet 9 id nolu coin karşılığında 1 id nolu coin sattı. Emir kapandı.
TRADE - 2021-01-22 21:37:57 --> (0.76961900 1611340677) trade işleminde  : yz0go4cdib874tx2qolfdhn426yu id nolu alıcı 6bavdl8dik135r3iu118fe4zxti5 id nolu satıcıdan 0.00864040 fiyatından 60642.18877300 adet 9 id nolu coin karşılığında 3 id nolu coin satın aldı. Emir kapandı.
TRADE - 2021-01-22 23:06:40 --> (0.68297200 1611346000) trade işleminde  : 6bavdl8dik135r3iu118fe4zxti5 id nolu satıcı akxm82t179lsh06ax3jtd0lc96k3 id nolu alıcıya 0.00859750 fiyatından 1427.06949695 adet 9 id nolu coin karşılığında 3 id nolu coin sattı. Emir kapandı.
