TRADE - 2021-01-14 05:11:10 --> (0.50653700 1610590270) trade işleminde  : d6clnng7ucwg3odg53disnoobier id nolu satıcı 6bavdl8dik135r3iu118fe4zxti5 id nolu alıcıya 37459.31000000 fiyatından 1.5E-5 adet 9 id nolu coin karşılığında 1 id nolu coin sattı. Alıcının miktarı yetmedi ve eşleşen bir fiyat olmadığı için 0.00378251 adet satış emri açıldı.
TRADE - 2021-01-14 05:37:26 --> (0.71494900 1610591846) trade işleminde  : 6bavdl8dik135r3iu118fe4zxti5 id nolu alıcı d6clnng7ucwg3odg53disnoobier id nolu satıcıdan 37459.31000000 fiyatından 0.00378251 adet 9 id nolu coin karşılığında 1 id nolu coin satın aldı. Alıcı almak istediği miktarı aldı. Boş emir açıldı.
TRADE - 2021-01-14 09:29:59 --> (0.77281300 1610605799) trade işleminde  : 6bavdl8dik135r3iu118fe4zxti5 id nolu alıcı n7fo2uy0w8j9pxh9vkh5cii1fotr id nolu satıcıdan 148.06117741 fiyatından 0.00837593 adet 9 id nolu coin karşılığında 2 id nolu coin satın aldı. Alıcı almak istediği miktarı aldı. Boş emir açıldı.
TRADE - 2021-01-14 11:49:14 --> (0.18827100 1610614154) trade işleminde  : hzon720zk2cdr3dyllb8pr4yhpae id nolu alıcı hzon720zk2cdr3dyllb8pr4yhpae id nolu satıcıdan 0.00050000 fiyatından 5070.78714072 adet 9 id nolu coin karşılığında 141 id nolu coin satın aldı. Emir kapandı.
TRADE - 2021-01-14 11:49:19 --> (0.61507200 1610614159) trade işleminde  : hzon720zk2cdr3dyllb8pr4yhpae id nolu alıcı hzon720zk2cdr3dyllb8pr4yhpae id nolu satıcıdan 0.00050000 fiyatından 6740.80684631 adet 9 id nolu coin karşılığında 141 id nolu coin satın aldı. Emir kapandı.
TRADE - 2021-01-14 11:49:23 --> (0.29971400 1610614163) trade işleminde  : hzon720zk2cdr3dyllb8pr4yhpae id nolu alıcı hzon720zk2cdr3dyllb8pr4yhpae id nolu satıcıdan 0.00050000 fiyatından 3356.94872255 adet 9 id nolu coin karşılığında 141 id nolu coin satın aldı. Emir kapandı.
TRADE - 2021-01-14 11:49:25 --> (0.97882500 1610614165) trade işleminde  : hzon720zk2cdr3dyllb8pr4yhpae id nolu alıcı hzon720zk2cdr3dyllb8pr4yhpae id nolu satıcıdan 0.00050000 fiyatından 5025.37233533 adet 9 id nolu coin karşılığında 141 id nolu coin satın aldı. Emir kapandı.
TRADE - 2021-01-14 11:49:29 --> (0.35887700 1610614169) trade işleminde  : hzon720zk2cdr3dyllb8pr4yhpae id nolu alıcı hzon720zk2cdr3dyllb8pr4yhpae id nolu satıcıdan 0.00050000 fiyatından 1670.10877246 adet 9 id nolu coin karşılığında 141 id nolu coin satın aldı. Emir kapandı.
TRADE - 2021-01-14 11:49:32 --> (0.05709300 1610614172) trade işleminde  : hzon720zk2cdr3dyllb8pr4yhpae id nolu alıcı hzon720zk2cdr3dyllb8pr4yhpae id nolu satıcıdan 0.00050000 fiyatından 6673.76798403 adet 9 id nolu coin karşılığında 141 id nolu coin satın aldı. Emir kapandı.
TRADE - 2021-01-14 11:49:35 --> (0.76957100 1610614175) trade işleminde  : hzon720zk2cdr3dyllb8pr4yhpae id nolu alıcı hzon720zk2cdr3dyllb8pr4yhpae id nolu satıcıdan 0.00050000 fiyatından 4985.34464072 adet 9 id nolu coin karşılığında 141 id nolu coin satın aldı. Emir kapandı.
TRADE - 2021-01-14 11:49:39 --> (0.29386100 1610614179) trade işleminde  : hzon720zk2cdr3dyllb8pr4yhpae id nolu alıcı hzon720zk2cdr3dyllb8pr4yhpae id nolu satıcıdan 0.00050000 fiyatından 1656.80615269 adet 9 id nolu coin karşılığında 141 id nolu coin satın aldı. Emir kapandı.
TRADE - 2021-01-14 11:49:43 --> (0.67731900 1610614183) trade işleminde  : hzon720zk2cdr3dyllb8pr4yhpae id nolu alıcı hzon720zk2cdr3dyllb8pr4yhpae id nolu satıcıdan 0.00050000 fiyatından 6620.61061876 adet 9 id nolu coin karşılığında 141 id nolu coin satın aldı. Emir kapandı.
TRADE - 2021-01-14 11:49:51 --> (0.29928800 1610614191) trade işleminde  : hzon720zk2cdr3dyllb8pr4yhpae id nolu alıcı hzon720zk2cdr3dyllb8pr4yhpae id nolu satıcıdan 0.00050000 fiyatından 4945.63577844 adet 9 id nolu coin karşılığında 141 id nolu coin satın aldı. Emir kapandı.
TRADE - 2021-01-14 11:49:54 --> (0.55557100 1610614194) trade işleminde  : hzon720zk2cdr3dyllb8pr4yhpae id nolu alıcı hzon720zk2cdr3dyllb8pr4yhpae id nolu satıcıdan 0.00050000 fiyatından 6574.43798403 adet 9 id nolu coin karşılığında 141 id nolu coin satın aldı. Emir kapandı.
TRADE - 2021-01-14 11:49:59 --> (0.27366400 1610614199) trade işleminde  : hzon720zk2cdr3dyllb8pr4yhpae id nolu alıcı hzon720zk2cdr3dyllb8pr4yhpae id nolu satıcıdan 0.00050000 fiyatından 3274.09635729 adet 9 id nolu coin karşılığında 141 id nolu coin satın aldı. Emir kapandı.
TRADE - 2021-01-14 11:50:18 --> (0.96571100 1610614218) trade işleminde  : hzon720zk2cdr3dyllb8pr4yhpae id nolu alıcı 2toegkuyo8lfbvsrap22unf22a87 id nolu satıcıdan 0.00050000 fiyatından 100 adet 9 id nolu coin karşılığında 141 id nolu coin satın aldı. Alıcı almak istediği miktarı aldı. Boş emir açıldı.
TRADE - 2021-01-14 11:51:39 --> (0.85655600 1610614299) trade işleminde  : hzon720zk2cdr3dyllb8pr4yhpae id nolu alıcı hzon720zk2cdr3dyllb8pr4yhpae id nolu satıcıdan 0.01000000 fiyatından 80.01199603 adet 9 id nolu coin karşılığında 141 id nolu coin satın aldı. Alıcı almak istediği miktarı aldı. Boş emir açıldı.
TRADE - 2021-01-14 11:51:43 --> (0.76079700 1610614303) trade işleminde  : hzon720zk2cdr3dyllb8pr4yhpae id nolu alıcı hzon720zk2cdr3dyllb8pr4yhpae id nolu satıcıdan 0.03000000 fiyatından 10.01199603 adet 9 id nolu coin karşılığında 141 id nolu coin satın aldı. Alıcı almak istediği miktarı aldı. Boş emir açıldı.
TRADE - 2021-01-14 11:51:47 --> (0.78563900 1610614307) trade işleminde  : hzon720zk2cdr3dyllb8pr4yhpae id nolu alıcı hzon720zk2cdr3dyllb8pr4yhpae id nolu satıcıdan 0.04000000 fiyatından 19.95201587 adet 9 id nolu coin karşılığında 141 id nolu coin satın aldı. Alıcı almak istediği miktarı aldı. Boş emir açıldı.
TRADE - 2021-01-14 11:51:50 --> (0.78309900 1610614310) trade işleminde  : hzon720zk2cdr3dyllb8pr4yhpae id nolu alıcı hzon720zk2cdr3dyllb8pr4yhpae id nolu satıcıdan 0.05000000 fiyatından 9.95201587 adet 9 id nolu coin karşılığında 141 id nolu coin satın aldı. Alıcı almak istediği miktarı aldı. Boş emir açıldı.
TRADE - 2021-01-14 11:51:54 --> (0.21419200 1610614314) trade işleminde  : hzon720zk2cdr3dyllb8pr4yhpae id nolu alıcı hzon720zk2cdr3dyllb8pr4yhpae id nolu satıcıdan 0.10000000 fiyatından 9.95201587 adet 9 id nolu coin karşılığında 141 id nolu coin satın aldı. Alıcı almak istediği miktarı aldı. Boş emir açıldı.
TRADE - 2021-01-14 11:51:57 --> (0.83028800 1610614317) trade işleminde  : hzon720zk2cdr3dyllb8pr4yhpae id nolu alıcı hzon720zk2cdr3dyllb8pr4yhpae id nolu satıcıdan 0.11000000 fiyatından 13.30134391 adet 9 id nolu coin karşılığında 141 id nolu coin satın aldı. Alıcı almak istediği miktarı aldı. Boş emir açıldı.
TRADE - 2021-01-14 15:23:47 --> (0.95165900 1610627027) trade işleminde  : 5phf6gy2zzkfl40lbt1ij3m1szfb id nolu alıcı 6bavdl8dik135r3iu118fe4zxti5 id nolu satıcıdan 0.00000023 fiyatından 864.35824004 adet 1 id nolu coin karşılığında 3 id nolu coin satın aldı. Emir kapandı.
TRADE - 2021-01-14 15:26:55 --> (0.22523600 1610627215) trade işleminde  : 0l6tvp8ta1348xe51ri7e0ad281p id nolu alıcı mos2e7ikf2bupbanza57ecat03fq id nolu satıcıdan 0.00000001 fiyatından 59764.47105788 adet 1 id nolu coin karşılığında 121 id nolu coin satın aldı. Emir kapandı.
TRADE - 2021-01-14 15:40:30 --> (0.74281800 1610628030) trade işleminde  : r6bn45ox4is1ge1c83kds8p08v71 id nolu alıcı 3p5816hym8x0z1sklpax6bm8dpcs id nolu satıcıdan 0.00000350 fiyatından 30.00000000 adet 6 id nolu coin karşılığında 152 id nolu coin satın aldı. Emir kapandı.
TRADE - 2021-01-14 15:51:03 --> (0.52720700 1610628663) trade işleminde  : r6bn45ox4is1ge1c83kds8p08v71 id nolu alıcı 3p5816hym8x0z1sklpax6bm8dpcs id nolu satıcıdan 0.00000350 fiyatından 40.00000000 adet 6 id nolu coin karşılığında 152 id nolu coin satın aldı. Emir kapandı.
TRADE - 2021-01-14 18:25:48 --> (0.58021100 1610637948) trade işleminde  : 6bavdl8dik135r3iu118fe4zxti5 id nolu alıcı z2qlazy9u277w4e99fc25cx1olco id nolu satıcıdan 0.00000025 fiyatından 5073.21357285 adet 1 id nolu coin karşılığında 3 id nolu coin satın aldı. Alıcı almak istediği miktarı aldı. Boş emir açıldı.
TRADE - 2021-01-14 19:06:03 --> (0.89303600 1610640363) trade işleminde  : 0l6tvp8ta1348xe51ri7e0ad281p id nolu alıcı mos2e7ikf2bupbanza57ecat03fq id nolu satıcıdan 0.00000001 fiyatından 93966.06786427 adet 1 id nolu coin karşılığında 121 id nolu coin satın aldı. Emir kapandı.
TRADE - 2021-01-14 21:06:51 --> (0.79566300 1610647611) trade işleminde  : 6bavdl8dik135r3iu118fe4zxti5 id nolu alıcı intztlevxnafyzpaouzf5s2taduf id nolu satıcıdan 0.03102300 fiyatından 0.03 adet 1 id nolu coin karşılığında 6 id nolu coin satın aldı. Alıcı almak istediği miktarı aldı. Boş emir açıldı.
TRADE - 2021-01-14 21:23:41 --> (0.09520400 1610648621) trade işleminde  : intztlevxnafyzpaouzf5s2taduf id nolu alıcı 6bavdl8dik135r3iu118fe4zxti5 id nolu satıcıdan 0.03094200 fiyatından 0.02995850 adet 1 id nolu coin karşılığında 6 id nolu coin satın aldı. Emir kapandı.
TRADE - 2021-01-14 21:50:50 --> (0.85298900 1610650250) trade işleminde  : keqg1jjm1kyegty1azwnslehqhfi id nolu satıcı 6bavdl8dik135r3iu118fe4zxti5 id nolu alıcıya 0.00932210 fiyatından 0.13500000 adet 9 id nolu coin karşılığında 3 id nolu coin sattı. Emir kapandı.
TRADE - 2021-01-14 21:54:51 --> (0.18075800 1610650491) trade işleminde  : keqg1jjm1kyegty1azwnslehqhfi id nolu satıcı 6bavdl8dik135r3iu118fe4zxti5 id nolu alıcıya 0.03017000 fiyatından 0.00981610 adet 9 id nolu coin karşılığında 128 id nolu coin sattı. Emir kapandı.
TRADE - 2021-01-14 22:07:57 --> (0.39207000 1610651277) trade işleminde  : keqg1jjm1kyegty1azwnslehqhfi id nolu alıcı hzon720zk2cdr3dyllb8pr4yhpae id nolu satıcıdan 0.00050000 fiyatından 3.09686627 adet 9 id nolu coin karşılığında 141 id nolu coin satın aldı. Emir kapandı.
TRADE - 2021-01-14 22:41:30 --> (0.68221000 1610653290) trade işleminde  : 2toegkuyo8lfbvsrap22unf22a87 id nolu alıcı hzon720zk2cdr3dyllb8pr4yhpae id nolu satıcıdan 0.00050000 fiyatından 99.60079840 adet 9 id nolu coin karşılığında 141 id nolu coin satın aldı. Emir kapandı.
TRADE - 2021-01-14 23:31:17 --> (0.08295200 1610656277) trade işleminde  : puhyy2pu1wddqow7swofew4qpcnp id nolu satıcı 6bavdl8dik135r3iu118fe4zxti5 id nolu alıcıya 0.29666000 fiyatından 998.00000000 adet 9 id nolu coin karşılığında 7 id nolu coin sattı. Emir kapandı.
TRADE - 2021-01-14 23:32:00 --> (0.71556700 1610656320) trade işleminde  : puhyy2pu1wddqow7swofew4qpcnp id nolu alıcı 270bkifjjllri9jwellc2kthl2yj id nolu satıcıdan 0.00000359 fiyatından 958790.2071178 adet 9 id nolu coin karşılığında 121 id nolu coin satın aldı. Satıcının miktarı yetmedi ve eşleşen bir fiyat olmadığı için 81181816.223475 adet alış emri açıldı.
TRADE - 2021-01-14 23:44:45 --> (0.91131100 1610657085) trade işleminde  : puhyy2pu1wddqow7swofew4qpcnp id nolu alıcı h6f3c16e0d89qayvu6f07mr2ltyc id nolu satıcıdan 0.00000360 fiyatından 1603276.9005112 adet 9 id nolu coin karşılığında 121 id nolu coin satın aldı. Satıcının miktarı yetmedi ve eşleşen bir fiyat olmadığı için 38874878.688311 adet alış emri açıldı.
TRADE - 2021-01-14 23:50:41 --> (0.70289900 1610657441) trade işleminde  : puhyy2pu1wddqow7swofew4qpcnp id nolu alıcı tpj8gcpyabuvl3cur9ug606uo0xe id nolu satıcıdan 0.00002890 fiyatından 1.00000000 adet 9 id nolu coin karşılığında 121 id nolu coin satın aldı. Emir kapandı.
TRADE - 2021-01-14 23:53:01 --> (0.69908100 1610657581) trade işleminde  : puhyy2pu1wddqow7swofew4qpcnp id nolu alıcı tpj8gcpyabuvl3cur9ug606uo0xe id nolu satıcıdan 0.00002890 fiyatından 136113.00000000 adet 9 id nolu coin karşılığında 121 id nolu coin satın aldı. Emir kapandı.
