TRADE - 2020-10-30 02:26:37 --> (0.02078700 1604024797) trade işleminde  : gwgvn9fj4jobujl16xk5gy1vey0k id nolu alıcı y6drf4zmihsc0ljibcz2rc4i9owm id nolu satıcıdan 0.00000590 fiyatından 100000 adet 9 id nolu coin karşılığında 145 id nolu coin satın aldı. Alıcı almak istediği miktarı aldı. Boş emir açıldı.
TRADE - 2020-10-30 02:26:49 --> (0.35056400 1604024809) trade işleminde  : gwgvn9fj4jobujl16xk5gy1vey0k id nolu alıcı hq89sanm241lnihbj5b6oqd5z3bh id nolu satıcıdan 0.00000600 fiyatından 94901.71523619 adet 9 id nolu coin karşılığında 145 id nolu coin satın aldı. Emir kapandı.
TRADE - 2020-10-30 02:26:49 --> (0.73622700 1604024809) trade işleminde  : gwgvn9fj4jobujl16xk5gy1vey0k id nolu alıcı hq89sanm241lnihbj5b6oqd5z3bh id nolu satıcıdan 0.00000599 fiyatından 108435.71523619 adet 9 id nolu coin karşılığında 145 id nolu coin almak istedi ama satıcının miktarı(13534) yetmedi ve emir tekrar etti.
TRADE - 2020-10-30 03:01:50 --> (0.53798100 1604026910) trade işleminde  : gwgvn9fj4jobujl16xk5gy1vey0k id nolu satıcı 6bavdl8dik135r3iu118fe4zxti5 id nolu alıcıya 54.16527483 fiyatından 0.17700000 adet 9 id nolu coin karşılığında 2 id nolu coin sattı. Emir kapandı.
TRADE - 2020-10-30 03:02:18 --> (0.71031300 1604026938) trade işleminde  : gwgvn9fj4jobujl16xk5gy1vey0k id nolu alıcı hq89sanm241lnihbj5b6oqd5z3bh id nolu satıcıdan 0.00000600 fiyatından 265901.79580744 adet 9 id nolu coin karşılığında 145 id nolu coin satın aldı. Alıcı almak istediği miktarı aldı. Boş emir açıldı.
TRADE - 2020-10-30 06:04:18 --> (0.99667700 1604037858) trade işleminde  : hq89sanm241lnihbj5b6oqd5z3bh id nolu satıcı gwgvn9fj4jobujl16xk5gy1vey0k id nolu alıcıya 0.00000600 fiyatından 300600.79394531 adet 9 id nolu coin karşılığında 145 id nolu coin sattı. Emir kapandı.
TRADE - 2020-10-30 06:49:31 --> (0.59131600 1604040571) trade işleminde  : fh1x9rh9o0tuev1we9c5318aq0kb id nolu satıcı gwgvn9fj4jobujl16xk5gy1vey0k id nolu alıcıya 0.00000600 fiyatından 952958.00000000 adet 9 id nolu coin karşılığında 145 id nolu coin sattı. Emir kapandı.
TRADE - 2020-10-30 06:51:19 --> (0.49892300 1604040679) trade işleminde  : fh1x9rh9o0tuev1we9c5318aq0kb id nolu alıcı 6bavdl8dik135r3iu118fe4zxti5 id nolu satıcıdan 0.00254530 fiyatından 6638.65763150 adet 9 id nolu coin karşılığında 3 id nolu coin satın aldı. Emir kapandı.
TRADE - 2020-10-30 10:33:02 --> (0.43403200 1604053982) trade işleminde  : 6bavdl8dik135r3iu118fe4zxti5 id nolu satıcı e13e6xw99nqnc2pldapq3ztnrcyq id nolu alıcıya 0.00255380 fiyatından 311.71563209 adet 9 id nolu coin karşılığında 3 id nolu coin sattı. Emir kapandı.
TRADE - 2020-10-30 11:46:55 --> (0.41226800 1604058415) trade işleminde  : oc3nu3rk8qkp1iio9o96p8hmzyqw id nolu satıcı 168j2lp6u49m99oo87alngybphfz id nolu alıcıya 0.00000100 fiyatından 207605.00152077 adet 9 id nolu coin karşılığında 121 id nolu coin sattı. Emir kapandı.
TRADE - 2020-10-30 11:46:55 --> (0.83390600 1604058415) trade işleminde  : oc3nu3rk8qkp1iio9o96p8hmzyqw id nolu satıcı y6drf4zmihsc0ljibcz2rc4i9owm id nolu alıcıya 0.00000105 fiyatından 397701.00000000 adet 9 id nolu coin karşılığında 121 id nolu coini satmak istedi ama alıcının miktarı(190095.99847923) yetmedi ve emir tekrar etti.
TRADE - 2020-10-30 11:55:08 --> (0.47578900 1604058908) trade işleminde  : 6bavdl8dik135r3iu118fe4zxti5 id nolu satıcı i39wfsjxultrzyt5hk9mx5t86d4c id nolu alıcıya 0.23767000 fiyatından 0.33103071 adet 9 id nolu coin karşılığında 7 id nolu coin sattı. Emir kapandı.
TRADE - 2020-10-30 11:56:41 --> (0.14328600 1604059001) trade işleminde  : oc3nu3rk8qkp1iio9o96p8hmzyqw id nolu alıcı hq89sanm241lnihbj5b6oqd5z3bh id nolu satıcıdan 0.00000199 fiyatından 216421.55387717 adet 9 id nolu coin karşılığında 121 id nolu coin satın aldı. Emir kapandı.
TRADE - 2020-10-30 11:57:22 --> (0.88753600 1604059042) trade işleminde  : 6bavdl8dik135r3iu118fe4zxti5 id nolu alıcı i39wfsjxultrzyt5hk9mx5t86d4c id nolu satıcıdan 0.23758000 fiyatından 0.33103071 adet 9 id nolu coin karşılığında 7 id nolu coin satın aldı. Alıcı almak istediği miktarı aldı. Boş emir açıldı.
TRADE - 2020-10-30 13:36:18 --> (0.44450600 1604064978) trade işleminde  : i39wfsjxultrzyt5hk9mx5t86d4c id nolu satıcı vekfx9rca49p4yocobp4zqljm63j id nolu alıcıya 0.00000018 fiyatından 1663.00359723 adet 1 id nolu coin karşılığında 3 id nolu coin sattı. Emir kapandı.
TRADE - 2020-10-30 13:37:32 --> (0.46177000 1604065052) trade işleminde  : i39wfsjxultrzyt5hk9mx5t86d4c id nolu alıcı i39wfsjxultrzyt5hk9mx5t86d4c id nolu satıcıdan 0.00000001 fiyatından 9980.03992016 adet 1 id nolu coin karşılığında 121 id nolu coin satın aldı. Emir kapandı.
TRADE - 2020-10-30 13:37:52 --> (0.14169900 1604065072) trade işleminde  : i39wfsjxultrzyt5hk9mx5t86d4c id nolu alıcı i39wfsjxultrzyt5hk9mx5t86d4c id nolu satıcıdan 0.00000001 fiyatından 9980.03992016 adet 1 id nolu coin karşılığında 121 id nolu coin satın aldı. Emir kapandı.
TRADE - 2020-10-30 13:38:02 --> (0.96141700 1604065082) trade işleminde  : i39wfsjxultrzyt5hk9mx5t86d4c id nolu alıcı i39wfsjxultrzyt5hk9mx5t86d4c id nolu satıcıdan 0.00000001 fiyatından 9980.03992016 adet 1 id nolu coin karşılığında 121 id nolu coin satın aldı. Emir kapandı.
TRADE - 2020-10-30 13:41:00 --> (0.25645000 1604065260) trade işleminde  : i39wfsjxultrzyt5hk9mx5t86d4c id nolu alıcı i39wfsjxultrzyt5hk9mx5t86d4c id nolu satıcıdan 0.00000001 fiyatından 39673.65269461 adet 1 id nolu coin karşılığında 121 id nolu coin satın aldı. Emir kapandı.
TRADE - 2020-10-30 13:41:20 --> (0.84595000 1604065280) trade işleminde  : i39wfsjxultrzyt5hk9mx5t86d4c id nolu alıcı i39wfsjxultrzyt5hk9mx5t86d4c id nolu satıcıdan 0.00000001 fiyatından 39514.97005988 adet 1 id nolu coin karşılığında 121 id nolu coin satın aldı. Emir kapandı.
TRADE - 2020-10-30 13:51:56 --> (0.16476500 1604065916) trade işleminde  : i39wfsjxultrzyt5hk9mx5t86d4c id nolu alıcı i39wfsjxultrzyt5hk9mx5t86d4c id nolu satıcıdan 0.00000001 fiyatından 712.85999430 adet 1 id nolu coin karşılığında 121 id nolu coin satın aldı. Emir kapandı.
TRADE - 2020-10-30 16:03:11 --> (0.87458100 1604073791) trade işleminde  : zlgxvsiggs0c6qkc3pzi9xvusiux id nolu satıcı 6bavdl8dik135r3iu118fe4zxti5 id nolu alıcıya 0.00256860 fiyatından 1110.95790000 adet 9 id nolu coin karşılığında 3 id nolu coin sattı. Emir kapandı.
TRADE - 2020-10-30 16:40:47 --> (0.31351300 1604076047) trade işleminde  : i39wfsjxultrzyt5hk9mx5t86d4c id nolu alıcı i39wfsjxultrzyt5hk9mx5t86d4c id nolu satıcıdan 0.00000001 fiyatından 453.63817819 adet 1 id nolu coin karşılığında 121 id nolu coin satın aldı. Emir kapandı.
TRADE - 2020-10-30 17:18:38 --> (0.85158700 1604078318) trade işleminde  : hq89sanm241lnihbj5b6oqd5z3bh id nolu satıcı zlgxvsiggs0c6qkc3pzi9xvusiux id nolu alıcıya 0.00000110 fiyatından 2583000.00000000 adet 9 id nolu coin karşılığında 121 id nolu coin sattı. Emir kapandı.
TRADE - 2020-10-30 17:56:22 --> (0.68447400 1604080582) trade işleminde  : hq89sanm241lnihbj5b6oqd5z3bh id nolu satıcı zlgxvsiggs0c6qkc3pzi9xvusiux id nolu alıcıya 0.00000110 fiyatından 831.65487207 adet 9 id nolu coin karşılığında 121 id nolu coin sattı. Emir kapandı.
TRADE - 2020-10-30 17:56:27 --> (0.18046300 1604080587) trade işleminde  : hq89sanm241lnihbj5b6oqd5z3bh id nolu satıcı 168j2lp6u49m99oo87alngybphfz id nolu alıcıya 0.00000100 fiyatından 1129222.7829104 adet 9 id nolu coin karşılığında 121 id nolu coin sattı. Emir kapandı.
TRADE - 2020-10-30 17:56:37 --> (0.13971200 1604080597) trade işleminde  : hq89sanm241lnihbj5b6oqd5z3bh id nolu satıcı rnze32psn2thvtvleajiu366j83z id nolu alıcıya 0.00000096 fiyatından 2107491.71334043 adet 9 id nolu coin karşılığında 121 id nolu coin sattı. Emir kapandı.
TRADE - 2020-10-30 18:08:29 --> (0.09803800 1604081309) trade işleminde  : i39wfsjxultrzyt5hk9mx5t86d4c id nolu alıcı i39wfsjxultrzyt5hk9mx5t86d4c id nolu satıcıdan 0.00000001 fiyatından 237.61999810 adet 1 id nolu coin karşılığında 121 id nolu coin satın aldı. Emir kapandı.
TRADE - 2020-10-30 19:49:52 --> (0.97768600 1604087392) trade işleminde  : hq89sanm241lnihbj5b6oqd5z3bh id nolu satıcı rnze32psn2thvtvleajiu366j83z id nolu alıcıya 0.00000096 fiyatından 981532.08625633 adet 9 id nolu coin karşılığında 121 id nolu coin sattı. Emir kapandı.
TRADE - 2020-10-30 19:50:05 --> (0.97648200 1604087405) trade işleminde  : hq89sanm241lnihbj5b6oqd5z3bh id nolu satıcı rnze32psn2thvtvleajiu366j83z id nolu alıcıya 0.00000090 fiyatından 3281779.36145117 adet 9 id nolu coin karşılığında 121 id nolu coin sattı. Emir kapandı.
TRADE - 2020-10-30 19:51:56 --> (0.08316600 1604087516) trade işleminde  : hq89sanm241lnihbj5b6oqd5z3bh id nolu satıcı rnze32psn2thvtvleajiu366j83z id nolu alıcıya 0.00000090 fiyatından 1153793.9363976 adet 9 id nolu coin karşılığında 121 id nolu coin sattı. Emir kapandı.
TRADE - 2020-10-30 19:52:48 --> (0.90639100 1604087568) trade işleminde  : hq89sanm241lnihbj5b6oqd5z3bh id nolu satıcı gwgvn9fj4jobujl16xk5gy1vey0k id nolu alıcıya 0.00000600 fiyatından 72058.82914185 adet 9 id nolu coin karşılığında 145 id nolu coin sattı. Emir kapandı.
TRADE - 2020-10-30 23:04:06 --> (0.84945900 1604099046) trade işleminde  : 0wsfwl0aclhm4wrg71uaa3zrdgdp id nolu alıcı 5oug6wjw21ln5fg4ku0udtdau833 id nolu satıcıdan 0.00000001 fiyatından 3040636.72654691 adet 6 id nolu coin karşılığında 121 id nolu coin satın aldı. Emir kapandı.
