TRADE - 2021-01-10 00:31:58 --> (0.25991000 1610227918) trade işleminde  : 3p5816hym8x0z1sklpax6bm8dpcs id nolu alıcı 3p5816hym8x0z1sklpax6bm8dpcs id nolu satıcıdan 0.00000180 fiyatından 13.03745631 adet 6 id nolu coin karşılığında 152 id nolu coin satın aldı. Emir kapandı.
TRADE - 2021-01-10 00:31:58 --> (0.82572500 1610227918) trade işleminde  : 3p5816hym8x0z1sklpax6bm8dpcs id nolu alıcı 3p5816hym8x0z1sklpax6bm8dpcs id nolu satıcıdan 0.00000175 fiyatından 74.05000000 adet 6 id nolu coin karşılığında 152 id nolu coin almak istedi ama satıcının miktarı(61.01254369) yetmedi ve emir tekrar etti.
TRADE - 2021-01-10 02:34:59 --> (0.34363800 1610235299) trade işleminde  : 6bavdl8dik135r3iu118fe4zxti5 id nolu satıcı ilij85n1rzqk6uv1cz160gxvb0r2 id nolu alıcıya 0.00000026 fiyatından 112.92799017 adet 1 id nolu coin karşılığında 161 id nolu coin sattı. Emir kapandı.
TRADE - 2021-01-10 05:41:17 --> (0.58313000 1610246477) trade işleminde  : aucbqtsou8stysgjlp40b1766646 id nolu satıcı 6bavdl8dik135r3iu118fe4zxti5 id nolu alıcıya 180.69641597 fiyatından 0.01738686 adet 9 id nolu coin karşılığında 2 id nolu coin sattı. Emir kapandı.
TRADE - 2021-01-10 05:58:27 --> (0.66171600 1610247507) trade işleminde  : 6bavdl8dik135r3iu118fe4zxti5 id nolu satıcı aucbqtsou8stysgjlp40b1766646 id nolu alıcıya 0.03500000 fiyatından 89.5136641 adet 9 id nolu coin karşılığında 128 id nolu coin sattı. Emir kapandı.
TRADE - 2021-01-10 07:17:19 --> (0.00926400 1610252239) trade işleminde  : aucbqtsou8stysgjlp40b1766646 id nolu satıcı 6bavdl8dik135r3iu118fe4zxti5 id nolu alıcıya 0.01648981 fiyatından 0.00680000 adet 9 id nolu coin karşılığında 17 id nolu coin sattı. Emir kapandı.
TRADE - 2021-01-10 08:12:37 --> (0.64948900 1610255557) trade işleminde  : 6bavdl8dik135r3iu118fe4zxti5 id nolu alıcı aucbqtsou8stysgjlp40b1766646 id nolu satıcıdan 0.01034100 fiyatından 0.02 adet 9 id nolu coin karşılığında 3 id nolu coin satın aldı. Alıcı almak istediği miktarı aldı. Boş emir açıldı.
TRADE - 2021-01-10 08:39:27 --> (0.67860400 1610257167) trade işleminde  : 6bavdl8dik135r3iu118fe4zxti5 id nolu alıcı 6bbq54ba8sr8tcye3snud33lkn9a id nolu satıcıdan 0.34000000 fiyatından 1.79408897 adet 9 id nolu coin karşılığında 7 id nolu coin satın aldı. Alıcı almak istediği miktarı aldı. Boş emir açıldı.
TRADE - 2021-01-10 09:03:19 --> (0.49772200 1610258599) trade işleminde  : hzon720zk2cdr3dyllb8pr4yhpae id nolu alıcı 3p5816hym8x0z1sklpax6bm8dpcs id nolu satıcıdan 0.00000180 fiyatından 81.01254369 adet 6 id nolu coin karşılığında 152 id nolu coin satın aldı. Alıcı almak istediği miktarı aldı. Boş emir açıldı.
TRADE - 2021-01-10 09:03:39 --> (0.23575000 1610258619) trade işleminde  : hzon720zk2cdr3dyllb8pr4yhpae id nolu alıcı hzon720zk2cdr3dyllb8pr4yhpae id nolu satıcıdan 0.00001300 fiyatından 137.74566252 adet 6 id nolu coin karşılığında 152 id nolu coin satın aldı. Emir kapandı.
TRADE - 2021-01-10 09:03:44 --> (0.08686000 1610258624) trade işleminde  : hzon720zk2cdr3dyllb8pr4yhpae id nolu alıcı hzon720zk2cdr3dyllb8pr4yhpae id nolu satıcıdan 0.00001300 fiyatından 275.21649010 adet 6 id nolu coin karşılığında 152 id nolu coin satın aldı. Emir kapandı.
TRADE - 2021-01-10 09:03:47 --> (0.97160600 1610258627) trade işleminde  : hzon720zk2cdr3dyllb8pr4yhpae id nolu alıcı hzon720zk2cdr3dyllb8pr4yhpae id nolu satıcıdan 0.00001300 fiyatından 412.00080608 adet 6 id nolu coin karşılığında 152 id nolu coin satın aldı. Emir kapandı.
TRADE - 2021-01-10 09:03:52 --> (0.82948500 1610258632) trade işleminde  : hzon720zk2cdr3dyllb8pr4yhpae id nolu alıcı hzon720zk2cdr3dyllb8pr4yhpae id nolu satıcıdan 0.00001300 fiyatından 273.84500230 adet 6 id nolu coin karşılığında 152 id nolu coin satın aldı. Emir kapandı.
TRADE - 2021-01-10 09:03:56 --> (0.24437700 1610258636) trade işleminde  : hzon720zk2cdr3dyllb8pr4yhpae id nolu alıcı hzon720zk2cdr3dyllb8pr4yhpae id nolu satıcıdan 0.00001300 fiyatından 409.94818056 adet 6 id nolu coin karşılığında 152 id nolu coin satın aldı. Emir kapandı.
TRADE - 2021-01-10 09:03:58 --> (0.63787600 1610258638) trade işleminde  : hzon720zk2cdr3dyllb8pr4yhpae id nolu alıcı hzon720zk2cdr3dyllb8pr4yhpae id nolu satıcıdan 0.00001300 fiyatından 136.24040381 adet 6 id nolu coin karşılığında 152 id nolu coin satın aldı. Emir kapandı.
TRADE - 2021-01-10 09:04:01 --> (0.60318300 1610258641) trade işleminde  : hzon720zk2cdr3dyllb8pr4yhpae id nolu alıcı hzon720zk2cdr3dyllb8pr4yhpae id nolu satıcıdan 0.00001300 fiyatından 272.20865960 adet 6 id nolu coin karşılığında 152 id nolu coin satın aldı. Emir kapandı.
TRADE - 2021-01-10 12:53:19 --> (0.82176700 1610272399) trade işleminde  : 6bbq54ba8sr8tcye3snud33lkn9a id nolu alıcı 6bavdl8dik135r3iu118fe4zxti5 id nolu satıcıdan 0.03604000 fiyatından 16.85780132 adet 9 id nolu coin karşılığında 128 id nolu coin satın aldı. Emir kapandı.
TRADE - 2021-01-10 12:54:59 --> (0.90077200 1610272499) trade işleminde  : 6bbq54ba8sr8tcye3snud33lkn9a id nolu alıcı 6bavdl8dik135r3iu118fe4zxti5 id nolu satıcıdan 0.03604000 fiyatından 48.27525388 adet 9 id nolu coin karşılığında 128 id nolu coin satın aldı. Emir kapandı.
TRADE - 2021-01-10 12:59:29 --> (0.89139500 1610272769) trade işleminde  : jhjxp7vlqt8wcp6l7r67e12573cn id nolu alıcı 6bavdl8dik135r3iu118fe4zxti5 id nolu satıcıdan 0.00000860 fiyatından 16.60615061 adet 1 id nolu coin karşılığında 7 id nolu coin satın aldı. Emir kapandı.
TRADE - 2021-01-10 13:24:35 --> (0.91055200 1610274275) trade işleminde  : jhjxp7vlqt8wcp6l7r67e12573cn id nolu satıcı 6bavdl8dik135r3iu118fe4zxti5 id nolu alıcıya 0.03273500 fiyatından 0.05500816 adet 1 id nolu coin karşılığında 6 id nolu coin sattı. Emir kapandı.
TRADE - 2021-01-10 13:30:45 --> (0.52780000 1610274645) trade işleminde  : jhjxp7vlqt8wcp6l7r67e12573cn id nolu alıcı 6bavdl8dik135r3iu118fe4zxti5 id nolu satıcıdan 0.00000828 fiyatından 208.18733333 adet 1 id nolu coin karşılığında 7 id nolu coin satın aldı. Emir kapandı.
TRADE - 2021-01-10 13:50:44 --> (0.17566700 1610275844) trade işleminde  : aucbqtsou8stysgjlp40b1766646 id nolu alıcı 6bavdl8dik135r3iu118fe4zxti5 id nolu satıcıdan 0.03449000 fiyatından 0.01788655 adet 9 id nolu coin karşılığında 128 id nolu coin satın aldı. Emir kapandı.
TRADE - 2021-01-10 14:23:09 --> (0.93748600 1610277789) trade işleminde  : 6bavdl8dik135r3iu118fe4zxti5 id nolu satıcı 691e3q6pg5faet8iwpt24kmelcjy id nolu alıcıya 40000.00000000 fiyatından 0.0004846 adet 9 id nolu coin karşılığında 1 id nolu coin sattı. Emir kapandı.
TRADE - 2021-01-10 14:29:36 --> (0.90727300 1610278176) trade işleminde  : 6bavdl8dik135r3iu118fe4zxti5 id nolu satıcı wfofq80hkdeydzm9b5z4tadh0xi5 id nolu alıcıya 0.01000000 fiyatından 53.96702495 adet 9 id nolu coin karşılığında 3 id nolu coin sattı. Emir kapandı.
