TRADE - 2021-01-09 04:03:57 --> (0.87902500 1610154237) trade işleminde  : qikbs6rpa4qz0mxmtzuz66nye7wr id nolu satıcı 270bkifjjllri9jwellc2kthl2yj id nolu alıcıya 0.00065002 fiyatından 1116.47092611 adet 9 id nolu coin karşılığında 152 id nolu coin sattı. Emir kapandı.
TRADE - 2021-01-09 04:04:43 --> (0.90305300 1610154283) trade işleminde  : qikbs6rpa4qz0mxmtzuz66nye7wr id nolu alıcı 6bavdl8dik135r3iu118fe4zxti5 id nolu satıcıdan 0.30988000 fiyatından 2.33261282 adet 9 id nolu coin karşılığında 7 id nolu coin satın aldı. Emir kapandı.
TRADE - 2021-01-09 04:08:40 --> (0.11406400 1610154520) trade işleminde  : fj44e71pzte52i5igwc2u137qyx7 id nolu satıcı 270bkifjjllri9jwellc2kthl2yj id nolu alıcıya 0.00065002 fiyatından 1954.21610511 adet 9 id nolu coin karşılığında 152 id nolu coin sattı. Emir kapandı.
TRADE - 2021-01-09 04:08:49 --> (0.36824900 1610154529) trade işleminde  : fj44e71pzte52i5igwc2u137qyx7 id nolu satıcı 065ozong9wfd5fiike0gcj82x1us id nolu alıcıya 0.00065001 fiyatından 1329.44403343 adet 9 id nolu coin karşılığında 152 id nolu coin sattı. Emir kapandı.
TRADE - 2021-01-09 04:09:19 --> (0.03576500 1610154559) trade işleminde  : fj44e71pzte52i5igwc2u137qyx7 id nolu alıcı 6bavdl8dik135r3iu118fe4zxti5 id nolu satıcıdan 0.30772000 fiyatından 9.58238978 adet 9 id nolu coin karşılığında 7 id nolu coin satın aldı. Emir kapandı.
TRADE - 2021-01-09 04:24:37 --> (0.46988800 1610155477) trade işleminde  : gwgvn9fj4jobujl16xk5gy1vey0k id nolu alıcı 6bavdl8dik135r3iu118fe4zxti5 id nolu satıcıdan 0.00988550 fiyatından 2454.85409637 adet 9 id nolu coin karşılığında 3 id nolu coin satın aldı. Emir kapandı.
TRADE - 2021-01-09 06:24:36 --> (0.12024800 1610162676) trade işleminde  : 6bavdl8dik135r3iu118fe4zxti5 id nolu alıcı aucbqtsou8stysgjlp40b1766646 id nolu satıcıdan 0.01009990 fiyatından 0.025 adet 9 id nolu coin karşılığında 3 id nolu coin satın aldı. Alıcı almak istediği miktarı aldı. Boş emir açıldı.
TRADE - 2021-01-09 07:14:05 --> (0.90564800 1610165645) trade işleminde  : dh38yc9ylwpzn2d69bzuzvv1c8jx id nolu satıcı 6bavdl8dik135r3iu118fe4zxti5 id nolu alıcıya 0.01012310 fiyatından 352.19421579 adet 9 id nolu coin karşılığında 3 id nolu coin sattı. Emir kapandı.
TRADE - 2021-01-09 07:18:05 --> (0.21341000 1610165885) trade işleminde  : hbsnetspbldwdts3g04dwi6w07n3 id nolu satıcı 6bavdl8dik135r3iu118fe4zxti5 id nolu alıcıya 0.01009250 fiyatından 0.10500000 adet 9 id nolu coin karşılığında 3 id nolu coin sattı. Emir kapandı.
TRADE - 2021-01-09 07:21:04 --> (0.33939100 1610166064) trade işleminde  : 6bavdl8dik135r3iu118fe4zxti5 id nolu alıcı dh38yc9ylwpzn2d69bzuzvv1c8jx id nolu satıcıdan 1209.27000100 fiyatından 0.00074228 adet 9 id nolu coin karşılığında 6 id nolu coin satın aldı. Alıcı almak istediği miktarı aldı. Boş emir açıldı.
TRADE - 2021-01-09 08:02:12 --> (0.05321800 1610168532) trade işleminde  : ebhx9wjf67y4iv1pjb76gbmnkmak id nolu satıcı 7s1zlr2bibmefggg0r7dx56cbu9w id nolu alıcıya 0.00000108 fiyatından 4086341.00000000 adet 9 id nolu coin karşılığında 145 id nolu coin sattı. Emir kapandı.
TRADE - 2021-01-09 09:01:34 --> (0.27526600 1610172094) trade işleminde  : 098cwh9vwn0titl4xpe25er5r1u4 id nolu alıcı 6bavdl8dik135r3iu118fe4zxti5 id nolu satıcıdan 0.00000078 fiyatından 272.73713443 adet 1 id nolu coin karşılığında 128 id nolu coin satın aldı. Emir kapandı.
TRADE - 2021-01-09 11:05:28 --> (0.05274500 1610179528) trade işleminde  : hzon720zk2cdr3dyllb8pr4yhpae id nolu satıcı 6bavdl8dik135r3iu118fe4zxti5 id nolu alıcıya 165.91756082 fiyatından 0.13822295 adet 9 id nolu coin karşılığında 2 id nolu coin sattı. Emir kapandı.
TRADE - 2021-01-09 11:06:59 --> (0.05237200 1610179619) trade işleminde  : hzon720zk2cdr3dyllb8pr4yhpae id nolu alıcı 6bavdl8dik135r3iu118fe4zxti5 id nolu satıcıdan 1187.90000100 fiyatından 0.00961985 adet 9 id nolu coin karşılığında 6 id nolu coin satın aldı. Emir kapandı.
TRADE - 2021-01-09 12:57:11 --> (0.70349100 1610186231) trade işleminde  : ebhx9wjf67y4iv1pjb76gbmnkmak id nolu alıcı 6bavdl8dik135r3iu118fe4zxti5 id nolu satıcıdan 0.01003410 fiyatından 520.74919534 adet 9 id nolu coin karşılığında 3 id nolu coin satın aldı. Emir kapandı.
TRADE - 2021-01-09 13:55:59 --> (0.20535300 1610189759) trade işleminde  : 6bavdl8dik135r3iu118fe4zxti5 id nolu satıcı dh38yc9ylwpzn2d69bzuzvv1c8jx id nolu alıcıya 0.32180000 fiyatından 3.45333545 adet 9 id nolu coin karşılığında 7 id nolu coin sattı. Emir kapandı.
TRADE - 2021-01-09 14:00:45 --> (0.28299200 1610190045) trade işleminde  : zlgxvsiggs0c6qkc3pzi9xvusiux id nolu satıcı 6bavdl8dik135r3iu118fe4zxti5 id nolu alıcıya 1215.98999900 fiyatından 0.00624660 adet 9 id nolu coin karşılığında 6 id nolu coin sattı. Emir kapandı.
TRADE - 2021-01-09 14:03:35 --> (0.72395300 1610190215) trade işleminde  : zlgxvsiggs0c6qkc3pzi9xvusiux id nolu satıcı hzon720zk2cdr3dyllb8pr4yhpae id nolu alıcıya 0.00065500 fiyatından 10027.49181978 adet 9 id nolu coin karşılığında 152 id nolu coin sattı. Emir kapandı.
TRADE - 2021-01-09 14:06:11 --> (0.47284400 1610190371) trade işleminde  : zlgxvsiggs0c6qkc3pzi9xvusiux id nolu alıcı 6bavdl8dik135r3iu118fe4zxti5 id nolu satıcıdan 0.01040000 fiyatından 1349.97780993 adet 9 id nolu coin karşılığında 3 id nolu coin satın aldı. Emir kapandı.
TRADE - 2021-01-09 14:06:17 --> (0.93529500 1610190377) trade işleminde  : dh38yc9ylwpzn2d69bzuzvv1c8jx id nolu alıcı 6bavdl8dik135r3iu118fe4zxti5 id nolu satıcıdan 0.32227000 fiyatından 10.31928081 adet 9 id nolu coin karşılığında 7 id nolu coin satın aldı. Emir kapandı.
TRADE - 2021-01-09 14:50:13 --> (0.41490800 1610193013) trade işleminde  : hzon720zk2cdr3dyllb8pr4yhpae id nolu alıcı 3p5816hym8x0z1sklpax6bm8dpcs id nolu satıcıdan 0.00000099 fiyatından 124.80972715 adet 6 id nolu coin karşılığında 152 id nolu coin satın aldı. Alıcı almak istediği miktarı aldı. Boş emir açıldı.
TRADE - 2021-01-09 14:50:18 --> (0.84558500 1610193018) trade işleminde  : hzon720zk2cdr3dyllb8pr4yhpae id nolu alıcı 3p5816hym8x0z1sklpax6bm8dpcs id nolu satıcıdan 0.00000100 fiyatından 110.09434871 adet 6 id nolu coin karşılığında 152 id nolu coin satın aldı. Alıcı almak istediği miktarı aldı. Boş emir açıldı.
TRADE - 2021-01-09 14:50:22 --> (0.99665400 1610193022) trade işleminde  : hzon720zk2cdr3dyllb8pr4yhpae id nolu alıcı 3p5816hym8x0z1sklpax6bm8dpcs id nolu satıcıdan 0.00000120 fiyatından 85.45913162 adet 6 id nolu coin karşılığında 152 id nolu coin satın aldı. Alıcı almak istediği miktarı aldı. Boş emir açıldı.
TRADE - 2021-01-09 14:50:26 --> (0.87195900 1610193026) trade işleminde  : hzon720zk2cdr3dyllb8pr4yhpae id nolu alıcı 3p5816hym8x0z1sklpax6bm8dpcs id nolu satıcıdan 0.00000130 fiyatından 88.7547897 adet 6 id nolu coin karşılığında 152 id nolu coin satın aldı. Alıcı almak istediği miktarı aldı. Boş emir açıldı.
TRADE - 2021-01-09 14:50:30 --> (0.82097300 1610193030) trade işleminde  : hzon720zk2cdr3dyllb8pr4yhpae id nolu alıcı 3p5816hym8x0z1sklpax6bm8dpcs id nolu satıcıdan 0.00000140 fiyatından 75.01915882 adet 6 id nolu coin karşılığında 152 id nolu coin satın aldı. Alıcı almak istediği miktarı aldı. Boş emir açıldı.
TRADE - 2021-01-09 14:50:34 --> (0.75478500 1610193034) trade işleminde  : hzon720zk2cdr3dyllb8pr4yhpae id nolu alıcı 3p5816hym8x0z1sklpax6bm8dpcs id nolu satıcıdan 0.00000150 fiyatından 88.87385755 adet 6 id nolu coin karşılığında 152 id nolu coin satın aldı. Alıcı almak istediği miktarı aldı. Boş emir açıldı.
TRADE - 2021-01-09 14:50:39 --> (0.30684000 1610193039) trade işleminde  : hzon720zk2cdr3dyllb8pr4yhpae id nolu alıcı 3p5816hym8x0z1sklpax6bm8dpcs id nolu satıcıdan 0.00000160 fiyatından 68.5728168 adet 6 id nolu coin karşılığında 152 id nolu coin satın aldı. Alıcı almak istediği miktarı aldı. Boş emir açıldı.
TRADE - 2021-01-09 14:51:18 --> (0.54549300 1610193078) trade işleminde  : hzon720zk2cdr3dyllb8pr4yhpae id nolu alıcı hzon720zk2cdr3dyllb8pr4yhpae id nolu satıcıdan 0.00000400 fiyatından 550.06237525 adet 6 id nolu coin karşılığında 152 id nolu coin satın aldı. Emir kapandı.
TRADE - 2021-01-09 14:51:31 --> (0.33610000 1610193091) trade işleminde  : hzon720zk2cdr3dyllb8pr4yhpae id nolu alıcı hzon720zk2cdr3dyllb8pr4yhpae id nolu satıcıdan 0.00000400 fiyatından 1648.54041916 adet 6 id nolu coin karşılığında 152 id nolu coin satın aldı. Emir kapandı.
TRADE - 2021-01-09 14:51:36 --> (0.26160600 1610193096) trade işleminde  : hzon720zk2cdr3dyllb8pr4yhpae id nolu alıcı hzon720zk2cdr3dyllb8pr4yhpae id nolu satıcıdan 0.00000400 fiyatından 1095.73602794 adet 6 id nolu coin karşılığında 152 id nolu coin satın aldı. Emir kapandı.
TRADE - 2021-01-09 14:51:38 --> (0.09382700 1610193098) trade işleminde  : hzon720zk2cdr3dyllb8pr4yhpae id nolu alıcı hzon720zk2cdr3dyllb8pr4yhpae id nolu satıcıdan 0.00000400 fiyatından 547.86801397 adet 6 id nolu coin karşılığında 152 id nolu coin satın aldı. Emir kapandı.
TRADE - 2021-01-09 14:51:39 --> (0.99219900 1610193099) trade işleminde  : hzon720zk2cdr3dyllb8pr4yhpae id nolu alıcı hzon720zk2cdr3dyllb8pr4yhpae id nolu satıcıdan 0.00000400 fiyatından 1640.32372754 adet 6 id nolu coin karşılığında 152 id nolu coin satın aldı. Emir kapandı.
TRADE - 2021-01-09 14:51:41 --> (0.75385400 1610193101) trade işleminde  : hzon720zk2cdr3dyllb8pr4yhpae id nolu alıcı hzon720zk2cdr3dyllb8pr4yhpae id nolu satıcıdan 0.00000400 fiyatından 1092.45633733 adet 6 id nolu coin karşılığında 152 id nolu coin satın aldı. Emir kapandı.
TRADE - 2021-01-09 15:09:12 --> (0.84309500 1610194152) trade işleminde  : hzon720zk2cdr3dyllb8pr4yhpae id nolu alıcı r6bn45ox4is1ge1c83kds8p08v71 id nolu satıcıdan 0.00000500 fiyatından 50 adet 6 id nolu coin karşılığında 152 id nolu coin satın aldı. Alıcı almak istediği miktarı aldı. Boş emir açıldı.
TRADE - 2021-01-09 15:09:17 --> (0.33697900 1610194157) trade işleminde  : hzon720zk2cdr3dyllb8pr4yhpae id nolu alıcı r6bn45ox4is1ge1c83kds8p08v71 id nolu satıcıdan 0.00000600 fiyatından 80 adet 6 id nolu coin karşılığında 152 id nolu coin satın aldı. Alıcı almak istediği miktarı aldı. Boş emir açıldı.
TRADE - 2021-01-09 15:33:40 --> (0.78109100 1610195620) trade işleminde  : 4l0yivmeh48tcqebykv6ks79vchw id nolu satıcı 6bavdl8dik135r3iu118fe4zxti5 id nolu alıcıya 0.03002900 fiyatından 0.02368157 adet 1 id nolu coin karşılığında 6 id nolu coin sattı. Emir kapandı.
TRADE - 2021-01-09 15:45:44 --> (0.58651900 1610196344) trade işleminde  : 4l0yivmeh48tcqebykv6ks79vchw id nolu alıcı 6bavdl8dik135r3iu118fe4zxti5 id nolu satıcıdan 0.00000026 fiyatından 400.00000000 adet 1 id nolu coin karşılığında 3 id nolu coin satın aldı. Emir kapandı.
TRADE - 2021-01-09 15:45:55 --> (0.14811100 1610196355) trade işleminde  : 4l0yivmeh48tcqebykv6ks79vchw id nolu satıcı 6bavdl8dik135r3iu118fe4zxti5 id nolu alıcıya 0.00000025 fiyatından 470.83549150 adet 1 id nolu coin karşılığında 3 id nolu coin sattı. Emir kapandı.
TRADE - 2021-01-09 15:46:50 --> (0.08299000 1610196410) trade işleminde  : 4l0yivmeh48tcqebykv6ks79vchw id nolu alıcı 6bavdl8dik135r3iu118fe4zxti5 id nolu satıcıdan 0.00000080 fiyatından 901.90868263 adet 1 id nolu coin karşılığında 128 id nolu coin satın aldı. Emir kapandı.
TRADE - 2021-01-09 16:16:32 --> (0.07505600 1610198192) trade işleminde  : hzon720zk2cdr3dyllb8pr4yhpae id nolu alıcı r6bn45ox4is1ge1c83kds8p08v71 id nolu satıcıdan 0.00000730 fiyatından 80 adet 6 id nolu coin karşılığında 152 id nolu coin satın aldı. Alıcı almak istediği miktarı aldı. Boş emir açıldı.
TRADE - 2021-01-09 16:16:48 --> (0.34896100 1610198208) trade işleminde  : hzon720zk2cdr3dyllb8pr4yhpae id nolu alıcı hzon720zk2cdr3dyllb8pr4yhpae id nolu satıcıdan 0.00001400 fiyatından 395.46460650 adet 6 id nolu coin karşılığında 152 id nolu coin satın aldı. Emir kapandı.
TRADE - 2021-01-09 16:16:50 --> (0.97574600 1610198210) trade işleminde  : hzon720zk2cdr3dyllb8pr4yhpae id nolu alıcı hzon720zk2cdr3dyllb8pr4yhpae id nolu satıcıdan 0.00001400 fiyatından 262.85357856 adet 6 id nolu coin karşılığında 152 id nolu coin satın aldı. Emir kapandı.
TRADE - 2021-01-09 16:16:53 --> (0.28289800 1610198213) trade işleminde  : hzon720zk2cdr3dyllb8pr4yhpae id nolu alıcı hzon720zk2cdr3dyllb8pr4yhpae id nolu satıcıdan 0.00001400 fiyatından 131.16445680 adet 6 id nolu coin karşılığında 152 id nolu coin satın aldı. Emir kapandı.
TRADE - 2021-01-09 16:16:55 --> (0.88173300 1610198215) trade işleminde  : hzon720zk2cdr3dyllb8pr4yhpae id nolu alıcı hzon720zk2cdr3dyllb8pr4yhpae id nolu satıcıdan 0.00001400 fiyatından 524.13458797 adet 6 id nolu coin karşılığında 152 id nolu coin satın aldı. Emir kapandı.
TRADE - 2021-01-09 18:51:30 --> (0.60736100 1610207490) trade işleminde  : 6bavdl8dik135r3iu118fe4zxti5 id nolu satıcı c4y83mfpujqx63fa4r2erfyzq37a id nolu alıcıya 0.01028460 fiyatından 345.73522577 adet 9 id nolu coin karşılığında 3 id nolu coin sattı. Emir kapandı.
TRADE - 2021-01-09 21:58:45 --> (0.63546600 1610218725) trade işleminde  : 6bavdl8dik135r3iu118fe4zxti5 id nolu alıcı wfofq80hkdeydzm9b5z4tadh0xi5 id nolu satıcıdan 0.01028190 fiyatından 52.69800484 adet 9 id nolu coin karşılığında 3 id nolu coin satın aldı. Alıcı almak istediği miktarı aldı. Boş emir açıldı.
