TRADE - 2020-10-29 02:31:47 --> (0.65960800 1603938707) trade işleminde  : de106q7go2xawwuz1rlfss0fofx9 id nolu alıcı 6bavdl8dik135r3iu118fe4zxti5 id nolu satıcıdan 0.00259700 fiyatından 0.69712327 adet 9 id nolu coin karşılığında 3 id nolu coin satın aldı. Emir kapandı.
TRADE - 2020-10-29 02:32:58 --> (0.25742100 1603938778) trade işleminde  : de106q7go2xawwuz1rlfss0fofx9 id nolu satıcı 6bavdl8dik135r3iu118fe4zxti5 id nolu alıcıya 0.00259210 fiyatından 0.70712327 adet 9 id nolu coin karşılığında 3 id nolu coin sattı. Emir kapandı.
TRADE - 2020-10-29 03:22:48 --> (0.63116500 1603941768) trade işleminde  : 6bavdl8dik135r3iu118fe4zxti5 id nolu alıcı o3bdse9el0mi1ma3ykplkcxiwx7d id nolu satıcıdan 0.00259510 fiyatından 1.275 adet 9 id nolu coin karşılığında 3 id nolu coin satın aldı. Alıcı almak istediği miktarı aldı. Boş emir açıldı.
TRADE - 2020-10-29 03:29:15 --> (0.88634300 1603942155) trade işleminde  : o3bdse9el0mi1ma3ykplkcxiwx7d id nolu satıcı 0q6vv13ewy2g05gerglbot3ssicz id nolu alıcıya 0.02365000 fiyatından 0.25500000 adet 9 id nolu coin karşılığında 14 id nolu coin sattı. Emir kapandı.
TRADE - 2020-10-29 03:53:08 --> (0.59060200 1603943588) trade işleminde  : 6bavdl8dik135r3iu118fe4zxti5 id nolu alıcı o3bdse9el0mi1ma3ykplkcxiwx7d id nolu satıcıdan 0.02719000 fiyatından 0.0135 adet 9 id nolu coin karşılığında 128 id nolu coin satın aldı. Alıcı almak istediği miktarı aldı. Boş emir açıldı.
TRADE - 2020-10-29 03:58:11 --> (0.95322800 1603943891) trade işleminde  : 6bavdl8dik135r3iu118fe4zxti5 id nolu alıcı o3bdse9el0mi1ma3ykplkcxiwx7d id nolu satıcıdan 391.22000100 fiyatından 0.00366521 adet 9 id nolu coin karşılığında 6 id nolu coin satın aldı. Alıcı almak istediği miktarı aldı. Boş emir açıldı.
TRADE - 2020-10-29 04:01:43 --> (0.81125400 1603944103) trade işleminde  : o3bdse9el0mi1ma3ykplkcxiwx7d id nolu satıcı 6bavdl8dik135r3iu118fe4zxti5 id nolu alıcıya 0.00397494 fiyatından 0.05710000 adet 9 id nolu coin karşılığında 17 id nolu coin sattı. Emir kapandı.
TRADE - 2020-10-29 09:19:02 --> (0.63692700 1603963142) trade işleminde  : xxczqqauamspsdvju42jipu3z4rp id nolu alıcı 168j2lp6u49m99oo87alngybphfz id nolu satıcıdan 0.32000000 fiyatından 8.34271646 adet 9 id nolu coin karşılığında 153 id nolu coin satın aldı. Alıcı almak istediği miktarı aldı. Boş emir açıldı.
TRADE - 2020-10-29 14:01:01 --> (0.15921600 1603980061) trade işleminde  : i39wfsjxultrzyt5hk9mx5t86d4c id nolu satıcı 2rou3jjqv0n3wk97ncudge5dnhy5 id nolu alıcıya 0.00000199 fiyatından 200.60381749 adet 9 id nolu coin karşılığında 121 id nolu coin sattı. Alıcının miktarı yetmedi ve eşleşen bir fiyat olmadığı için 29738.67545314 adet satış emri açıldı.
TRADE - 2020-10-29 14:51:08 --> (0.84307300 1603983068) trade işleminde  : e1sbfbakkcjx6fc3izz1xdmcb721 id nolu alıcı 5oug6wjw21ln5fg4ku0udtdau833 id nolu satıcıdan 0.00000001 fiyatından 20000.00000000 adet 6 id nolu coin karşılığında 121 id nolu coin satın aldı. Emir kapandı.
TRADE - 2020-10-29 14:56:37 --> (0.07054300 1603983397) trade işleminde  : i39wfsjxultrzyt5hk9mx5t86d4c id nolu satıcı rnze32psn2thvtvleajiu366j83z id nolu alıcıya 0.00000096 fiyatından 29738.67545314 adet 9 id nolu coin karşılığında 121 id nolu coin sattı. Emir kapandı.
TRADE - 2020-10-29 17:08:59 --> (0.10954000 1603991339) trade işleminde  : 7s1zlr2bibmefggg0r7dx56cbu9w id nolu satıcı 6bavdl8dik135r3iu118fe4zxti5 id nolu alıcıya 55.49229740 fiyatından 0.18000000 adet 9 id nolu coin karşılığında 2 id nolu coin sattı. Emir kapandı.
TRADE - 2020-10-29 17:10:16 --> (0.63431800 1603991416) trade işleminde  : 7s1zlr2bibmefggg0r7dx56cbu9w id nolu alıcı fh1x9rh9o0tuev1we9c5318aq0kb id nolu satıcıdan 0.00000600 fiyatından 210123 adet 9 id nolu coin karşılığında 145 id nolu coin satın aldı. Alıcı almak istediği miktarı aldı. Boş emir açıldı.
TRADE - 2020-10-29 17:10:16 --> (0.90185100 1603991416) trade işleminde  : 7s1zlr2bibmefggg0r7dx56cbu9w id nolu alıcı fh1x9rh9o0tuev1we9c5318aq0kb id nolu satıcıdan 0.00000600 fiyatından 960925 adet 9 id nolu coin karşılığında 145 id nolu coin almak istedi ama satıcının miktarı(750802) yetmedi ve emir tekrar etti.
TRADE - 2020-10-29 17:10:17 --> (0.19523900 1603991417) trade işleminde  : 7s1zlr2bibmefggg0r7dx56cbu9w id nolu alıcı ebhx9wjf67y4iv1pjb76gbmnkmak id nolu satıcıdan 0.00000600 fiyatından 1063014.00000000 adet 9 id nolu coin karşılığında 145 id nolu coin almak istedi ama satıcının miktarı(102089) yetmedi ve emir tekrar etti.
TRADE - 2020-10-29 17:13:19 --> (0.38265500 1603991599) trade işleminde  : 7s1zlr2bibmefggg0r7dx56cbu9w id nolu alıcı e13e6xw99nqnc2pldapq3ztnrcyq id nolu satıcıdan 0.00000695 fiyatından 115000 adet 9 id nolu coin karşılığında 145 id nolu coin satın aldı. Alıcı almak istediği miktarı aldı. Boş emir açıldı.
TRADE - 2020-10-29 17:13:52 --> (0.46111500 1603991632) trade işleminde  : 7s1zlr2bibmefggg0r7dx56cbu9w id nolu alıcı anqjka6bpomy1v2r0w0l4jun3588 id nolu satıcıdan 0.00000798 fiyatından 239845.92462514 adet 9 id nolu coin karşılığında 145 id nolu coin satın aldı. Alıcı almak istediği miktarı aldı. Boş emir açıldı.
TRADE - 2020-10-29 17:14:39 --> (0.85080900 1603991679) trade işleminde  : 7s1zlr2bibmefggg0r7dx56cbu9w id nolu alıcı anqjka6bpomy1v2r0w0l4jun3588 id nolu satıcıdan 0.00000894 fiyatından 95909.88157912 adet 9 id nolu coin karşılığında 145 id nolu coin satın aldı. Emir kapandı.
TRADE - 2020-10-29 18:07:57 --> (0.04984000 1603994877) trade işleminde  : e1sbfbakkcjx6fc3izz1xdmcb721 id nolu alıcı ebhx9wjf67y4iv1pjb76gbmnkmak id nolu satıcıdan 0.00000002 fiyatından 283478 adet 6 id nolu coin karşılığında 145 id nolu coin satın aldı. Satıcının miktarı yetmedi ve eşleşen bir fiyat olmadığı için 369522 adet alış emri açıldı.
TRADE - 2020-10-29 18:11:06 --> (0.54338900 1603995066) trade işleminde  : e1sbfbakkcjx6fc3izz1xdmcb721 id nolu alıcı 5oug6wjw21ln5fg4ku0udtdau833 id nolu satıcıdan 0.00000001 fiyatından 740000.00000000 adet 6 id nolu coin karşılığında 121 id nolu coin satın aldı. Emir kapandı.
TRADE - 2020-10-29 18:14:12 --> (0.58245600 1603995252) trade işleminde  : e1sbfbakkcjx6fc3izz1xdmcb721 id nolu alıcı 5oug6wjw21ln5fg4ku0udtdau833 id nolu satıcıdan 0.00000001 fiyatından 2020000.00000000 adet 6 id nolu coin karşılığında 121 id nolu coin satın aldı. Emir kapandı.
TRADE - 2020-10-29 18:20:23 --> (0.02424000 1603995623) trade işleminde  : lp6myhk4is8fai4rjeevjih366hv id nolu satıcı 6bavdl8dik135r3iu118fe4zxti5 id nolu alıcıya 390.80999900 fiyatından 0.00579832 adet 9 id nolu coin karşılığında 6 id nolu coin sattı. Emir kapandı.
TRADE - 2020-10-29 18:21:11 --> (0.82126800 1603995671) trade işleminde  : lp6myhk4is8fai4rjeevjih366hv id nolu alıcı anqjka6bpomy1v2r0w0l4jun3588 id nolu satıcıdan 0.00000894 fiyatından 252460.33101582 adet 9 id nolu coin karşılığında 145 id nolu coin satın aldı. Emir kapandı.
TRADE - 2020-10-29 19:00:04 --> (0.84933400 1603998004) trade işleminde  : gwgvn9fj4jobujl16xk5gy1vey0k id nolu satıcı 6bavdl8dik135r3iu118fe4zxti5 id nolu alıcıya 55.50942715 fiyatından 0.10740000 adet 9 id nolu coin karşılığında 2 id nolu coin sattı. Emir kapandı.
TRADE - 2020-10-29 19:00:42 --> (0.16944700 1603998042) trade işleminde  : gwgvn9fj4jobujl16xk5gy1vey0k id nolu alıcı hq89sanm241lnihbj5b6oqd5z3bh id nolu satıcıdan 0.00000595 fiyatından 657985 adet 9 id nolu coin karşılığında 145 id nolu coin satın aldı. Alıcı almak istediği miktarı aldı. Boş emir açıldı.
TRADE - 2020-10-29 19:00:55 --> (0.75611300 1603998055) trade işleminde  : gwgvn9fj4jobujl16xk5gy1vey0k id nolu alıcı ebhx9wjf67y4iv1pjb76gbmnkmak id nolu satıcıdan 0.00000600 fiyatından 246731 adet 9 id nolu coin karşılığında 145 id nolu coin satın aldı. Alıcı almak istediği miktarı aldı. Boş emir açıldı.
TRADE - 2020-10-29 19:20:16 --> (0.49730800 1603999216) trade işleminde  : 168j2lp6u49m99oo87alngybphfz id nolu alıcı hq89sanm241lnihbj5b6oqd5z3bh id nolu satıcıdan 0.00000199 fiyatından 664414.13352128 adet 9 id nolu coin karşılığında 121 id nolu coin satın aldı. Satıcının miktarı yetmedi ve eşleşen bir fiyat olmadığı için 671772.75401019 adet alış emri açıldı.
TRADE - 2020-10-29 22:47:30 --> (0.35262100 1604011650) trade işleminde  : tcdw6abc9spgbtzte9bda32nsm7g id nolu alıcı 6bavdl8dik135r3iu118fe4zxti5 id nolu satıcıdan 0.00000771 fiyatından 71.82004344 adet 1 id nolu coin karşılığında 74 id nolu coin satın aldı. Emir kapandı.
