TRADE - 2020-12-16 07:08:55 --> (0.21815300 1608091735) trade işleminde  : 6bavdl8dik135r3iu118fe4zxti5 id nolu alıcı rcafnolunzp4kwrd71u9i6ntvmc6 id nolu satıcıdan 19372.96000000 fiyatından 0.00251132 adet 9 id nolu coin karşılığında 1 id nolu coin satın aldı. Alıcı almak istediği miktarı aldı. Boş emir açıldı.
TRADE - 2020-12-16 09:10:23 --> (0.14508800 1608099023) trade işleminde  : t8fnj3e0vksdzxxgzj0r4gdabjfv id nolu satıcı 6bavdl8dik135r3iu118fe4zxti5 id nolu alıcıya 0.03013600 fiyatından 0.10000000 adet 1 id nolu coin karşılığında 6 id nolu coin sattı. Emir kapandı.
TRADE - 2020-12-16 09:11:03 --> (0.37464000 1608099063) trade işleminde  : t8fnj3e0vksdzxxgzj0r4gdabjfv id nolu alıcı 3sqxp8kreze5tn85jztd4vpqer0l id nolu satıcıdan 0.00001340 fiyatından 147.87455 adet 1 id nolu coin karşılığında 79 id nolu coin satın aldı. Alıcı almak istediği miktarı aldı. Boş emir açıldı.
TRADE - 2020-12-16 09:12:10 --> (0.98637800 1608099130) trade işleminde  : zlgxvsiggs0c6qkc3pzi9xvusiux id nolu alıcı 6bavdl8dik135r3iu118fe4zxti5 id nolu satıcıdan 584.76000100 fiyatından 0.00115276 adet 9 id nolu coin karşılığında 6 id nolu coin satın aldı. Emir kapandı.
TRADE - 2020-12-16 09:15:58 --> (0.13881100 1608099358) trade işleminde  : hzon720zk2cdr3dyllb8pr4yhpae id nolu alıcı 6bavdl8dik135r3iu118fe4zxti5 id nolu satıcıdan 19417.35000000 fiyatından 0.00042400 adet 9 id nolu coin karşılığında 1 id nolu coin satın aldı. Emir kapandı.
TRADE - 2020-12-16 09:17:27 --> (0.63359500 1608099447) trade işleminde  : hzon720zk2cdr3dyllb8pr4yhpae id nolu alıcı 6ofjw0qttimze0k2e2lzaqusyobg id nolu satıcıdan 0.00000111 fiyatından 119.26952 adet 1 id nolu coin karşılığında 161 id nolu coin satın aldı. Alıcı almak istediği miktarı aldı. Boş emir açıldı.
TRADE - 2020-12-16 09:18:48 --> (0.53143200 1608099528) trade işleminde  : t8fnj3e0vksdzxxgzj0r4gdabjfv id nolu satıcı 6bavdl8dik135r3iu118fe4zxti5 id nolu alıcıya 0.03011700 fiyatından 0.11465234 adet 1 id nolu coin karşılığında 6 id nolu coin sattı. Emir kapandı.
TRADE - 2020-12-16 09:46:08 --> (0.23367000 1608101168) trade işleminde  : hzon720zk2cdr3dyllb8pr4yhpae id nolu alıcı 6ofjw0qttimze0k2e2lzaqusyobg id nolu satıcıdan 0.00000115 fiyatından 53.50070659 adet 1 id nolu coin karşılığında 161 id nolu coin satın aldı. Emir kapandı.
TRADE - 2020-12-16 09:46:08 --> (0.87440700 1608101168) trade işleminde  : hzon720zk2cdr3dyllb8pr4yhpae id nolu alıcı 6ofjw0qttimze0k2e2lzaqusyobg id nolu satıcıdan 0.00000111 fiyatından 153.77022659 adet 1 id nolu coin karşılığında 161 id nolu coin almak istedi ama satıcının miktarı(100.26952) yetmedi ve emir tekrar etti.
TRADE - 2020-12-16 09:46:09 --> (0.65635700 1608101169) trade işleminde  : hzon720zk2cdr3dyllb8pr4yhpae id nolu alıcı 6ofjw0qttimze0k2e2lzaqusyobg id nolu satıcıdan 0.00000111 fiyatından 254.03974659 adet 1 id nolu coin karşılığında 161 id nolu coin almak istedi ama satıcının miktarı(100.26952) yetmedi ve emir tekrar etti.
TRADE - 2020-12-16 11:25:57 --> (0.23156100 1608107157) trade işleminde  : icnp9ss2gj8pk4q9b38kgtk31pyv id nolu alıcı 6bavdl8dik135r3iu118fe4zxti5 id nolu satıcıdan 0.00321150 fiyatından 660.70088688 adet 9 id nolu coin karşılığında 3 id nolu coin satın aldı. Emir kapandı.
TRADE - 2020-12-16 11:28:53 --> (0.89314300 1608107333) trade işleminde  : vjeitp4a20mpwnub66u3tuz6nmt5 id nolu satıcı zlgxvsiggs0c6qkc3pzi9xvusiux id nolu alıcıya 0.00000010 fiyatından 11504.59081836 adet 6 id nolu coin karşılığında 161 id nolu coin sattı. Alıcının miktarı yetmedi ve eşleşen bir fiyat olmadığı için 16614.78418164 adet satış emri açıldı.
TRADE - 2020-12-16 12:33:35 --> (0.27242300 1608111215) trade işleminde  : fh1x9rh9o0tuev1we9c5318aq0kb id nolu alıcı 6bavdl8dik135r3iu118fe4zxti5 id nolu satıcıdan 0.00322820 fiyatından 845.55033480 adet 9 id nolu coin karşılığında 3 id nolu coin satın aldı. Emir kapandı.
TRADE - 2020-12-16 14:02:08 --> (0.30961000 1608116528) trade işleminde  : 6bavdl8dik135r3iu118fe4zxti5 id nolu alıcı 691e3q6pg5faet8iwpt24kmelcjy id nolu satıcıdan 19800.00000000 fiyatından 0.0008455 adet 9 id nolu coin karşılığında 1 id nolu coin satın aldı. Alıcı almak istediği miktarı aldı. Boş emir açıldı.
TRADE - 2020-12-16 17:09:42 --> (0.92133000 1608127782) trade işleminde  : 6bavdl8dik135r3iu118fe4zxti5 id nolu alıcı 6bbq54ba8sr8tcye3snud33lkn9a id nolu satıcıdan 617.14000100 fiyatından 0.00191239 adet 9 id nolu coin karşılığında 6 id nolu coin satın aldı. Alıcı almak istediği miktarı aldı. Boş emir açıldı.
TRADE - 2020-12-16 19:00:07 --> (0.75608100 1608134407) trade işleminde  : i39wfsjxultrzyt5hk9mx5t86d4c id nolu alıcı i39wfsjxultrzyt5hk9mx5t86d4c id nolu satıcıdan 0.00000001 fiyatından 19794.41117764 adet 1 id nolu coin karşılığında 121 id nolu coin satın aldı. Emir kapandı.
TRADE - 2020-12-16 19:00:57 --> (0.82154100 1608134457) trade işleminde  : i39wfsjxultrzyt5hk9mx5t86d4c id nolu alıcı i39wfsjxultrzyt5hk9mx5t86d4c id nolu satıcıdan 0.00000001 fiyatından 11077.84431138 adet 1 id nolu coin karşılığında 121 id nolu coin satın aldı. Emir kapandı.
TRADE - 2020-12-16 19:01:18 --> (0.70134200 1608134478) trade işleminde  : i39wfsjxultrzyt5hk9mx5t86d4c id nolu alıcı i39wfsjxultrzyt5hk9mx5t86d4c id nolu satıcıdan 0.00000001 fiyatından 19671.65668663 adet 1 id nolu coin karşılığında 121 id nolu coin satın aldı. Emir kapandı.
TRADE - 2020-12-16 19:01:44 --> (0.29110300 1608134504) trade işleminde  : i39wfsjxultrzyt5hk9mx5t86d4c id nolu alıcı i39wfsjxultrzyt5hk9mx5t86d4c id nolu satıcıdan 0.00000001 fiyatından 19592.81437126 adet 1 id nolu coin karşılığında 121 id nolu coin satın aldı. Emir kapandı.
TRADE - 2020-12-16 19:02:26 --> (0.73887100 1608134546) trade işleminde  : i39wfsjxultrzyt5hk9mx5t86d4c id nolu alıcı i39wfsjxultrzyt5hk9mx5t86d4c id nolu satıcıdan 0.00000001 fiyatından 19514.97005988 adet 1 id nolu coin karşılığında 121 id nolu coin satın aldı. Emir kapandı.
TRADE - 2020-12-16 20:03:21 --> (0.61319300 1608138201) trade işleminde  : l00ayvfir68xdpxfnizwkoenp6w2 id nolu satıcı l00ayvfir68xdpxfnizwkoenp6w2 id nolu alıcıya 0.00000007 fiyatından 7499.00000000 adet 1 id nolu coin karşılığında 161 id nolu coin sattı. Emir kapandı.
TRADE - 2020-12-16 20:34:13 --> (0.10503700 1608140053) trade işleminde  : zlgxvsiggs0c6qkc3pzi9xvusiux id nolu satıcı l00ayvfir68xdpxfnizwkoenp6w2 id nolu alıcıya 0.00000007 fiyatından 1500.00000000 adet 1 id nolu coin karşılığında 161 id nolu coin sattı. Emir kapandı.
TRADE - 2020-12-16 20:35:14 --> (0.03282700 1608140114) trade işleminde  : 6bavdl8dik135r3iu118fe4zxti5 id nolu satıcı zlgxvsiggs0c6qkc3pzi9xvusiux id nolu alıcıya 0.03014600 fiyatından 0.00346914 adet 1 id nolu coin karşılığında 6 id nolu coin sattı. Emir kapandı.
TRADE - 2020-12-16 20:44:03 --> (0.50698900 1608140643) trade işleminde  : hzon720zk2cdr3dyllb8pr4yhpae id nolu satıcı gwgvn9fj4jobujl16xk5gy1vey0k id nolu alıcıya 0.00000309 fiyatından 425124.04091583 adet 9 id nolu coin karşılığında 145 id nolu coin sattı. Emir kapandı.
TRADE - 2020-12-16 20:44:15 --> (0.07479700 1608140655) trade işleminde  : hzon720zk2cdr3dyllb8pr4yhpae id nolu satıcı gwgvn9fj4jobujl16xk5gy1vey0k id nolu alıcıya 0.00000309 fiyatından 141708.01363861 adet 9 id nolu coin karşılığında 145 id nolu coin sattı. Emir kapandı.
TRADE - 2020-12-16 20:44:46 --> (0.14773600 1608140686) trade işleminde  : hzon720zk2cdr3dyllb8pr4yhpae id nolu alıcı 6bavdl8dik135r3iu118fe4zxti5 id nolu satıcıdan 621.56000100 fiyatından 0.00070883 adet 9 id nolu coin karşılığında 6 id nolu coin satın aldı. Emir kapandı.
TRADE - 2020-12-16 20:50:25 --> (0.13793400 1608141025) trade işleminde  : hzon720zk2cdr3dyllb8pr4yhpae id nolu satıcı fj44e71pzte52i5igwc2u137qyx7 id nolu alıcıya 0.00000650 fiyatından 106.45348 adet 6 id nolu coin karşılığında 152 id nolu coin sattı. Emir kapandı.
TRADE - 2020-12-16 23:09:55 --> (0.47817400 1608149395) trade işleminde  : 6ofjw0qttimze0k2e2lzaqusyobg id nolu alıcı 6bavdl8dik135r3iu118fe4zxti5 id nolu satıcıdan 0.02999300 fiyatından 0.01382235 adet 1 id nolu coin karşılığında 6 id nolu coin satın aldı. Emir kapandı.
TRADE - 2020-12-16 23:28:23 --> (0.16057800 1608150503) trade işleminde  : ilij85n1rzqk6uv1cz160gxvb0r2 id nolu satıcı 6bavdl8dik135r3iu118fe4zxti5 id nolu alıcıya 0.00000016 fiyatından 1000.00000000 adet 1 id nolu coin karşılığında 3 id nolu coin sattı. Emir kapandı.
TRADE - 2020-12-16 23:42:38 --> (0.21999500 1608151358) trade işleminde  : ffgjg8a2qpxe7hcf66emwry6nwri id nolu satıcı 6bavdl8dik135r3iu118fe4zxti5 id nolu alıcıya 0.52257000 fiyatından 0.00728662 adet 9 id nolu coin karşılığında 7 id nolu coin sattı. Emir kapandı.
TRADE - 2020-12-16 23:43:53 --> (0.48530100 1608151433) trade işleminde  : ffgjg8a2qpxe7hcf66emwry6nwri id nolu satıcı 6bavdl8dik135r3iu118fe4zxti5 id nolu alıcıya 0.00333060 fiyatından 0.03500000 adet 9 id nolu coin karşılığında 3 id nolu coin sattı. Emir kapandı.
