TRADE - 2020-12-14 00:16:20 --> (0.66606500 1607894180) trade işleminde  : fj44e71pzte52i5igwc2u137qyx7 id nolu alıcı pdcwse6x5hbp0rfelt894wkw8dke id nolu satıcıdan 0.00667270 fiyatından 161.51902663 adet 9 id nolu coin karşılığında 152 id nolu coin satın aldı. Emir kapandı.
TRADE - 2020-12-14 00:16:31 --> (0.07884200 1607894191) trade işleminde  : fj44e71pzte52i5igwc2u137qyx7 id nolu alıcı pdcwse6x5hbp0rfelt894wkw8dke id nolu satıcıdan 0.00667270 fiyatından 161.51902588 adet 9 id nolu coin karşılığında 152 id nolu coin satın aldı. Emir kapandı.
TRADE - 2020-12-14 02:00:20 --> (0.71318900 1607900420) trade işleminde  : hzon720zk2cdr3dyllb8pr4yhpae id nolu alıcı ebhx9wjf67y4iv1pjb76gbmnkmak id nolu satıcıdan 0.00000400 fiyatından 90000 adet 9 id nolu coin karşılığında 145 id nolu coin satın aldı. Alıcı almak istediği miktarı aldı. Boş emir açıldı.
TRADE - 2020-12-14 02:00:35 --> (0.69503900 1607900435) trade işleminde  : hzon720zk2cdr3dyllb8pr4yhpae id nolu alıcı ebhx9wjf67y4iv1pjb76gbmnkmak id nolu satıcıdan 0.00000490 fiyatından 33718.48344128 adet 9 id nolu coin karşılığında 145 id nolu coin satın aldı. Emir kapandı.
TRADE - 2020-12-14 02:10:16 --> (0.32654400 1607901016) trade işleminde  : hzon720zk2cdr3dyllb8pr4yhpae id nolu alıcı pdcwse6x5hbp0rfelt894wkw8dke id nolu satıcıdan 0.00667270 fiyatından 552.89080448 adet 9 id nolu coin karşılığında 152 id nolu coin satın aldı. Emir kapandı.
TRADE - 2020-12-14 18:10:53 --> (0.53023700 1607958653) trade işleminde  : ffgjg8a2qpxe7hcf66emwry6nwri id nolu satıcı 6bavdl8dik135r3iu118fe4zxti5 id nolu alıcıya 0.00321770 fiyatından 0.04000000 adet 9 id nolu coin karşılığında 3 id nolu coin sattı. Emir kapandı.
TRADE - 2020-12-14 18:11:21 --> (0.26268800 1607958681) trade işleminde  : ffgjg8a2qpxe7hcf66emwry6nwri id nolu satıcı 0q6vv13ewy2g05gerglbot3ssicz id nolu alıcıya 0.02365000 fiyatından 0.00800000 adet 9 id nolu coin karşılığında 14 id nolu coin sattı. Emir kapandı.
TRADE - 2020-12-14 18:17:57 --> (0.24793200 1607959077) trade işleminde  : ffgjg8a2qpxe7hcf66emwry6nwri id nolu alıcı 6bavdl8dik135r3iu118fe4zxti5 id nolu satıcıdan 0.50090000 fiyatından 0.00561042 adet 9 id nolu coin karşılığında 7 id nolu coin satın aldı. Emir kapandı.
TRADE - 2020-12-14 18:21:22 --> (0.37794800 1607959282) trade işleminde  : 6bavdl8dik135r3iu118fe4zxti5 id nolu alıcı ffgjg8a2qpxe7hcf66emwry6nwri id nolu satıcıdan 0.50100000 fiyatından 0.00561642 adet 9 id nolu coin karşılığında 7 id nolu coin satın aldı. Alıcı almak istediği miktarı aldı. Boş emir açıldı.
TRADE - 2020-12-14 18:24:48 --> (0.74024800 1607959488) trade işleminde  : ffgjg8a2qpxe7hcf66emwry6nwri id nolu alıcı 6bavdl8dik135r3iu118fe4zxti5 id nolu satıcıdan 0.02894000 fiyatından 0.09724676 adet 9 id nolu coin karşılığında 128 id nolu coin satın aldı. Emir kapandı.
TRADE - 2020-12-14 22:48:57 --> (0.92797600 1607975337) trade işleminde  : 3p5816hym8x0z1sklpax6bm8dpcs id nolu alıcı hzon720zk2cdr3dyllb8pr4yhpae id nolu satıcıdan 0.00003863 fiyatından 555.52074447 adet 6 id nolu coin karşılığında 152 id nolu coin satın aldı. Satıcının miktarı yetmedi ve eşleşen bir fiyat olmadığı için 1827.13550658 adet alış emri açıldı.
TRADE - 2020-12-14 22:50:54 --> (0.99961600 1607975454) trade işleminde  : 3p5816hym8x0z1sklpax6bm8dpcs id nolu alıcı fj44e71pzte52i5igwc2u137qyx7 id nolu satıcıdan 0.00005923 fiyatından 776.98806338 adet 6 id nolu coin karşılığında 152 id nolu coin satın aldı. Emir kapandı.
TRADE - 2020-12-14 22:51:19 --> (0.17004500 1607975479) trade işleminde  : 6bavdl8dik135r3iu118fe4zxti5 id nolu alıcı ffgjg8a2qpxe7hcf66emwry6nwri id nolu satıcıdan 0.02899000 fiyatından 0.09774676 adet 9 id nolu coin karşılığında 128 id nolu coin satın aldı. Alıcı almak istediği miktarı aldı. Boş emir açıldı.
TRADE - 2020-12-14 22:52:57 --> (0.03146800 1607975577) trade işleminde  : hzon720zk2cdr3dyllb8pr4yhpae id nolu satıcı 6bavdl8dik135r3iu118fe4zxti5 id nolu alıcıya 584.96999900 fiyatından 0.02055685 adet 9 id nolu coin karşılığında 6 id nolu coin sattı. Emir kapandı.
TRADE - 2020-12-14 22:52:57 --> (0.41516400 1607975577) trade işleminde  : hzon720zk2cdr3dyllb8pr4yhpae id nolu satıcı 6bavdl8dik135r3iu118fe4zxti5 id nolu alıcıya 585.04999900 fiyatından 0.02141685 adet 9 id nolu coin karşılığında 6 id nolu coini satmak istedi ama alıcının miktarı(0.00086) yetmedi ve emir tekrar etti.
TRADE - 2020-12-14 22:53:05 --> (0.91691900 1607975585) trade işleminde  : hzon720zk2cdr3dyllb8pr4yhpae id nolu alıcı pdcwse6x5hbp0rfelt894wkw8dke id nolu satıcıdan 0.00667270 fiyatından 1870.04816779 adet 9 id nolu coin karşılığında 152 id nolu coin satın aldı. Emir kapandı.
TRADE - 2020-12-14 22:53:16 --> (0.63290200 1607975596) trade işleminde  : hzon720zk2cdr3dyllb8pr4yhpae id nolu satıcı 3p5816hym8x0z1sklpax6bm8dpcs id nolu alıcıya 0.00003863 fiyatından 1827.13550658 adet 6 id nolu coin karşılığında 152 id nolu coin sattı. Alıcının miktarı yetmedi ve eşleşen bir fiyat olmadığı için 42.91266121 adet satış emri açıldı.
TRADE - 2020-12-14 22:53:51 --> (0.15412500 1607975631) trade işleminde  : 3p5816hym8x0z1sklpax6bm8dpcs id nolu alıcı hzon720zk2cdr3dyllb8pr4yhpae id nolu satıcıdan 0.00003863 fiyatından 42.91266121 adet 6 id nolu coin karşılığında 152 id nolu coin satın aldı. Emir kapandı.
TRADE - 2020-12-14 22:54:24 --> (0.32824600 1607975664) trade işleminde  : hzon720zk2cdr3dyllb8pr4yhpae id nolu satıcı 6bavdl8dik135r3iu118fe4zxti5 id nolu alıcıya 584.94999900 fiyatından 0.07209548 adet 9 id nolu coin karşılığında 6 id nolu coin sattı. Emir kapandı.
TRADE - 2020-12-14 22:54:37 --> (0.76133200 1607975677) trade işleminde  : hzon720zk2cdr3dyllb8pr4yhpae id nolu alıcı pdcwse6x5hbp0rfelt894wkw8dke id nolu satıcıdan 0.00667270 fiyatından 993.08828449 adet 9 id nolu coin karşılığında 152 id nolu coin satın aldı. Alıcı almak istediği miktarı aldı. Boş emir açıldı.
TRADE - 2020-12-14 22:54:56 --> (0.41661100 1607975696) trade işleminde  : hzon720zk2cdr3dyllb8pr4yhpae id nolu alıcı fj44e71pzte52i5igwc2u137qyx7 id nolu satıcıdan 0.00719508 fiyatından 755.68285590 adet 9 id nolu coin karşılığında 152 id nolu coin satın aldı. Emir kapandı.
TRADE - 2020-12-14 22:55:27 --> (0.87644300 1607975727) trade işleminde  : 3p5816hym8x0z1sklpax6bm8dpcs id nolu alıcı 3p5816hym8x0z1sklpax6bm8dpcs id nolu satıcıdan 0.00005922 fiyatından 100.00000000 adet 6 id nolu coin karşılığında 152 id nolu coin satın aldı. Emir kapandı.
TRADE - 2020-12-14 23:01:35 --> (0.30364400 1607976095) trade işleminde  : 3p5816hym8x0z1sklpax6bm8dpcs id nolu alıcı hzon720zk2cdr3dyllb8pr4yhpae id nolu satıcıdan 0.00003755 fiyatından 10.46652420 adet 6 id nolu coin karşılığında 152 id nolu coin satın aldı. Emir kapandı.
TRADE - 2020-12-14 23:01:40 --> (0.25631100 1607976100) trade işleminde  : i39wfsjxultrzyt5hk9mx5t86d4c id nolu alıcı i39wfsjxultrzyt5hk9mx5t86d4c id nolu satıcıdan 0.00000001 fiyatından 9994.33133733 adet 1 id nolu coin karşılığında 121 id nolu coin satın aldı. Emir kapandı.
TRADE - 2020-12-14 23:09:05 --> (0.80711100 1607976545) trade işleminde  : 3p5816hym8x0z1sklpax6bm8dpcs id nolu alıcı hzon720zk2cdr3dyllb8pr4yhpae id nolu satıcıdan 0.00003755 fiyatından 1170.35011203 adet 6 id nolu coin karşılığında 152 id nolu coin satın aldı. Emir kapandı.
TRADE - 2020-12-14 23:09:27 --> (0.21349600 1607976567) trade işleminde  : hzon720zk2cdr3dyllb8pr4yhpae id nolu satıcı 6bavdl8dik135r3iu118fe4zxti5 id nolu alıcıya 585.83999900 fiyatından 0.04425098 adet 9 id nolu coin karşılığında 6 id nolu coin sattı. Emir kapandı.
TRADE - 2020-12-14 23:09:40 --> (0.66280200 1607976580) trade işleminde  : hzon720zk2cdr3dyllb8pr4yhpae id nolu alıcı fj44e71pzte52i5igwc2u137qyx7 id nolu satıcıdan 0.00719508 fiyatından 1918.91604522 adet 9 id nolu coin karşılığında 152 id nolu coin satın aldı. Alıcı almak istediği miktarı aldı. Boş emir açıldı.
TRADE - 2020-12-14 23:09:47 --> (0.10493100 1607976587) trade işleminde  : hzon720zk2cdr3dyllb8pr4yhpae id nolu alıcı fj44e71pzte52i5igwc2u137qyx7 id nolu satıcıdan 0.00824710 fiyatından 710.39037145 adet 9 id nolu coin karşılığında 152 id nolu coin satın aldı. Alıcı almak istediği miktarı aldı. Boş emir açıldı.
TRADE - 2020-12-14 23:11:39 --> (0.89753800 1607976699) trade işleminde  : hzon720zk2cdr3dyllb8pr4yhpae id nolu alıcı fj44e71pzte52i5igwc2u137qyx7 id nolu satıcıdan 0.02420020 fiyatından 2.47436961 adet 9 id nolu coin karşılığında 152 id nolu coin satın aldı. Emir kapandı.
TRADE - 2020-12-14 23:30:22 --> (0.10761800 1607977822) trade işleminde  : 3p5816hym8x0z1sklpax6bm8dpcs id nolu alıcı 3p5816hym8x0z1sklpax6bm8dpcs id nolu satıcıdan 0.00002500 fiyatından 200 adet 6 id nolu coin karşılığında 152 id nolu coin satın aldı. Alıcı almak istediği miktarı aldı. Boş emir açıldı.
TRADE - 2020-12-14 23:30:35 --> (0.55971600 1607977835) trade işleminde  : 3p5816hym8x0z1sklpax6bm8dpcs id nolu alıcı 3p5816hym8x0z1sklpax6bm8dpcs id nolu satıcıdan 0.00003400 fiyatından 200 adet 6 id nolu coin karşılığında 152 id nolu coin satın aldı. Alıcı almak istediği miktarı aldı. Boş emir açıldı.
TRADE - 2020-12-14 23:31:08 --> (0.87384100 1607977868) trade işleminde  : 3p5816hym8x0z1sklpax6bm8dpcs id nolu alıcı hzon720zk2cdr3dyllb8pr4yhpae id nolu satıcıdan 0.00003500 fiyatından 3199.73529044 adet 6 id nolu coin karşılığında 152 id nolu coin satın aldı. Alıcı almak istediği miktarı aldı. Boş emir açıldı.
TRADE - 2020-12-14 23:31:59 --> (0.16881200 1607977919) trade işleminde  : 3p5816hym8x0z1sklpax6bm8dpcs id nolu alıcı 3p5816hym8x0z1sklpax6bm8dpcs id nolu satıcıdan 0.00003520 fiyatından 200 adet 6 id nolu coin karşılığında 152 id nolu coin satın aldı. Alıcı almak istediği miktarı aldı. Boş emir açıldı.
TRADE - 2020-12-14 23:32:01 --> (0.43571900 1607977921) trade işleminde  : hzon720zk2cdr3dyllb8pr4yhpae id nolu satıcı 6bavdl8dik135r3iu118fe4zxti5 id nolu alıcıya 583.65999900 fiyatından 0.11176675 adet 9 id nolu coin karşılığında 6 id nolu coin sattı. Emir kapandı.
TRADE - 2020-12-14 23:32:40 --> (0.52566500 1607977960) trade işleminde  : 3p5816hym8x0z1sklpax6bm8dpcs id nolu alıcı fj44e71pzte52i5igwc2u137qyx7 id nolu satıcıdan 0.00005923 fiyatından 81.46652420 adet 6 id nolu coin karşılığında 152 id nolu coin satın aldı. Emir kapandı.
TRADE - 2020-12-14 23:35:47 --> (0.05480800 1607978147) trade işleminde  : 3p5816hym8x0z1sklpax6bm8dpcs id nolu alıcı 3p5816hym8x0z1sklpax6bm8dpcs id nolu satıcıdan 0.00005922 fiyatından 107.48041236 adet 6 id nolu coin karşılığında 152 id nolu coin satın aldı. Emir kapandı.
TRADE - 2020-12-14 23:49:41 --> (0.14069400 1607978981) trade işleminde  : fj44e71pzte52i5igwc2u137qyx7 id nolu alıcı 6bavdl8dik135r3iu118fe4zxti5 id nolu satıcıdan 585.80000100 fiyatından 0.04278260 adet 9 id nolu coin karşılığında 6 id nolu coin satın aldı. Emir kapandı.
