TRADE - 2020-12-28 00:46:15 --> (0.88002100 1609105575) trade işleminde  : 6bavdl8dik135r3iu118fe4zxti5 id nolu alıcı de106q7go2xawwuz1rlfss0fofx9 id nolu satıcıdan 0.00454440 fiyatından 0.03 adet 9 id nolu coin karşılığında 3 id nolu coin satın aldı. Alıcı almak istediği miktarı aldı. Boş emir açıldı.
TRADE - 2020-12-28 03:14:35 --> (0.15234200 1609114475) trade işleminde  : 8mka6bv7y37b40cvx8xd68lemcak id nolu alıcı 6bavdl8dik135r3iu118fe4zxti5 id nolu satıcıdan 130.84357053 fiyatından 0.00079847 adet 9 id nolu coin karşılığında 2 id nolu coin satın aldı. Emir kapandı.
TRADE - 2020-12-28 04:09:51 --> (0.29784500 1609117791) trade işleminde  : 6bavdl8dik135r3iu118fe4zxti5 id nolu alıcı 6bbq54ba8sr8tcye3snud33lkn9a id nolu satıcıdan 717.14000100 fiyatından 0.00191239 adet 9 id nolu coin karşılığında 6 id nolu coin satın aldı. Alıcı almak istediği miktarı aldı. Boş emir açıldı.
TRADE - 2020-12-28 05:28:15 --> (0.16472000 1609122495) trade işleminde  : fj44e71pzte52i5igwc2u137qyx7 id nolu satıcı no2dnuhutckbktnejjdkkitdgw2n id nolu alıcıya 0.00001000 fiyatından 990 adet 6 id nolu coin karşılığında 152 id nolu coin sattı. Emir kapandı.
TRADE - 2020-12-28 05:28:15 --> (0.41402200 1609122495) trade işleminde  : fj44e71pzte52i5igwc2u137qyx7 id nolu satıcı no2dnuhutckbktnejjdkkitdgw2n id nolu alıcıya 0.00001001 fiyatından 1000.00000000 adet 6 id nolu coin karşılığında 152 id nolu coini satmak istedi ama alıcının miktarı(10) yetmedi ve emir tekrar etti.
TRADE - 2020-12-28 05:29:14 --> (0.88968700 1609122554) trade işleminde  : fj44e71pzte52i5igwc2u137qyx7 id nolu satıcı hzon720zk2cdr3dyllb8pr4yhpae id nolu alıcıya 0.00250000 fiyatından 1912.26098603 adet 9 id nolu coin karşılığında 152 id nolu coin sattı. Emir kapandı.
TRADE - 2020-12-28 05:29:51 --> (0.01508400 1609122591) trade işleminde  : fj44e71pzte52i5igwc2u137qyx7 id nolu satıcı 6bavdl8dik135r3iu118fe4zxti5 id nolu alıcıya 704.19999900 fiyatından 0.01078935 adet 9 id nolu coin karşılığında 6 id nolu coin sattı. Emir kapandı.
TRADE - 2020-12-28 05:30:10 --> (0.27115400 1609122610) trade işleminde  : fj44e71pzte52i5igwc2u137qyx7 id nolu alıcı 6bavdl8dik135r3iu118fe4zxti5 id nolu satıcıdan 0.28094000 fiyatından 44.09983329 adet 9 id nolu coin karşılığında 7 id nolu coin satın aldı. Emir kapandı.
TRADE - 2020-12-28 06:42:05 --> (0.71401900 1609126925) trade işleminde  : fh04485cvrp016cb237bblzr3yc7 id nolu alıcı 6bavdl8dik135r3iu118fe4zxti5 id nolu satıcıdan 0.02873000 fiyatından 28.74153571 adet 9 id nolu coin karşılığında 128 id nolu coin satın aldı. Emir kapandı.
TRADE - 2020-12-28 09:36:18 --> (0.59831200 1609137378) trade işleminde  : i39wfsjxultrzyt5hk9mx5t86d4c id nolu alıcı i39wfsjxultrzyt5hk9mx5t86d4c id nolu satıcıdan 0.00000001 fiyatından 12643.71257485 adet 1 id nolu coin karşılığında 121 id nolu coin satın aldı. Emir kapandı.
TRADE - 2020-12-28 09:37:17 --> (0.12055400 1609137437) trade işleminde  : 6bavdl8dik135r3iu118fe4zxti5 id nolu alıcı 098cwh9vwn0titl4xpe25er5r1u4 id nolu satıcıdan 0.02631100 fiyatından 0.009575 adet 1 id nolu coin karşılığında 6 id nolu coin satın aldı. Alıcı almak istediği miktarı aldı. Boş emir açıldı.
TRADE - 2020-12-28 10:38:56 --> (0.16649900 1609141136) trade işleminde  : i39wfsjxultrzyt5hk9mx5t86d4c id nolu alıcı i39wfsjxultrzyt5hk9mx5t86d4c id nolu satıcıdan 0.00000001 fiyatından 13603.29341317 adet 1 id nolu coin karşılığında 121 id nolu coin satın aldı. Emir kapandı.
TRADE - 2020-12-28 15:24:36 --> (0.99327300 1609158276) trade işleminde  : i39wfsjxultrzyt5hk9mx5t86d4c id nolu alıcı i39wfsjxultrzyt5hk9mx5t86d4c id nolu satıcıdan 0.00000001 fiyatından 18083.83233533 adet 1 id nolu coin karşılığında 121 id nolu coin satın aldı. Emir kapandı.
TRADE - 2020-12-28 17:57:51 --> (0.02436700 1609167471) trade işleminde  : 7b5zev6di3lrxnwd7de4zeb9cdxo id nolu satıcı eikndufwraopyfp4z0ddyg5lva4b id nolu alıcıya 0.00000403 fiyatından 68.517379299999 adet 1 id nolu coin karşılığında 38 id nolu coin sattı. Alıcının miktarı yetmedi ve eşleşen bir fiyat olmadığı için 9736.45966288 adet satış emri açıldı.
TRADE - 2020-12-28 19:23:10 --> (0.52140900 1609172590) trade işleminde  : fj44e71pzte52i5igwc2u137qyx7 id nolu satıcı 065ozong9wfd5fiike0gcj82x1us id nolu alıcıya 0.00100000 fiyatından 4631.04693613 adet 9 id nolu coin karşılığında 152 id nolu coin sattı. Emir kapandı.
TRADE - 2020-12-28 19:23:13 --> (0.65263300 1609172593) trade işleminde  : fj44e71pzte52i5igwc2u137qyx7 id nolu satıcı zlgxvsiggs0c6qkc3pzi9xvusiux id nolu alıcıya 0.00065000 fiyatından 8594.78892983 adet 9 id nolu coin karşılığında 152 id nolu coin sattı. Emir kapandı.
TRADE - 2020-12-28 19:23:16 --> (0.73024700 1609172596) trade işleminde  : fj44e71pzte52i5igwc2u137qyx7 id nolu satıcı fj44e71pzte52i5igwc2u137qyx7 id nolu alıcıya 0.00062305 fiyatından 233.3445768 adet 9 id nolu coin karşılığında 152 id nolu coin sattı. Emir kapandı.
TRADE - 2020-12-28 19:23:27 --> (0.41491000 1609172607) trade işleminde  : fj44e71pzte52i5igwc2u137qyx7 id nolu alıcı 270bkifjjllri9jwellc2kthl2yj id nolu satıcıdan 0.02420016 fiyatından 11.62600000 adet 9 id nolu coin karşılığında 152 id nolu coin satın aldı. Emir kapandı.
TRADE - 2020-12-28 19:24:19 --> (0.79623600 1609172659) trade işleminde  : fj44e71pzte52i5igwc2u137qyx7 id nolu alıcı 6bavdl8dik135r3iu118fe4zxti5 id nolu satıcıdan 0.28775000 fiyatından 34.89252678 adet 9 id nolu coin karşılığında 7 id nolu coin satın aldı. Emir kapandı.
TRADE - 2020-12-28 19:29:44 --> (0.38455100 1609172984) trade işleminde  : zlgxvsiggs0c6qkc3pzi9xvusiux id nolu satıcı 6bavdl8dik135r3iu118fe4zxti5 id nolu alıcıya 27047.25000000 fiyatından 0.00034993 adet 9 id nolu coin karşılığında 1 id nolu coin sattı. Emir kapandı.
TRADE - 2020-12-28 19:45:51 --> (0.64782800 1609173951) trade işleminde  : no2dnuhutckbktnejjdkkitdgw2n id nolu satıcı no2dnuhutckbktnejjdkkitdgw2n id nolu alıcıya 0.00000100 fiyatından 6710.56873979 adet 6 id nolu coin karşılığında 152 id nolu coin sattı. Emir kapandı.
TRADE - 2020-12-28 19:45:51 --> (0.86748400 1609173951) trade işleminde  : no2dnuhutckbktnejjdkkitdgw2n id nolu satıcı 3p5816hym8x0z1sklpax6bm8dpcs id nolu alıcıya 0.00000550 fiyatından 7745.68577844 adet 6 id nolu coin karşılığında 152 id nolu coini satmak istedi ama alıcının miktarı(1035.11703865) yetmedi ve emir tekrar etti.
TRADE - 2020-12-28 19:45:52 --> (0.09593400 1609173952) trade işleminde  : no2dnuhutckbktnejjdkkitdgw2n id nolu satıcı no2dnuhutckbktnejjdkkitdgw2n id nolu alıcıya 0.00000555 fiyatından 7764.62383566 adet 6 id nolu coin karşılığında 152 id nolu coini satmak istedi ama alıcının miktarı(18.93805722) yetmedi ve emir tekrar etti.
TRADE - 2020-12-28 19:45:52 --> (0.39300700 1609173952) trade işleminde  : no2dnuhutckbktnejjdkkitdgw2n id nolu satıcı 3p5816hym8x0z1sklpax6bm8dpcs id nolu alıcıya 0.00000600 fiyatından 7844 adet 6 id nolu coin karşılığında 152 id nolu coini satmak istedi ama alıcının miktarı(79.37616434) yetmedi ve emir tekrar etti.
TRADE - 2020-12-28 19:45:52 --> (0.67888500 1609173952) trade işleminde  : no2dnuhutckbktnejjdkkitdgw2n id nolu satıcı no2dnuhutckbktnejjdkkitdgw2n id nolu alıcıya 0.00001000 fiyatından 7854.00000000 adet 6 id nolu coin karşılığında 152 id nolu coini satmak istedi ama alıcının miktarı(10) yetmedi ve emir tekrar etti.
TRADE - 2020-12-28 19:50:43 --> (0.86425800 1609174243) trade işleminde  : no2dnuhutckbktnejjdkkitdgw2n id nolu alıcı no2dnuhutckbktnejjdkkitdgw2n id nolu satıcıdan 0.00002499 fiyatından 141.91904307 adet 6 id nolu coin karşılığında 152 id nolu coin satın aldı. Emir kapandı.
TRADE - 2020-12-28 19:52:04 --> (0.93859500 1609174324) trade işleminde  : no2dnuhutckbktnejjdkkitdgw2n id nolu alıcı no2dnuhutckbktnejjdkkitdgw2n id nolu satıcıdan 0.00002499 fiyatından 141.91904307 adet 6 id nolu coin karşılığında 152 id nolu coin satın aldı. Emir kapandı.
TRADE - 2020-12-28 19:52:47 --> (0.83042800 1609174367) trade işleminde  : no2dnuhutckbktnejjdkkitdgw2n id nolu alıcı no2dnuhutckbktnejjdkkitdgw2n id nolu satıcıdan 0.00002499 fiyatından 169.18064631 adet 6 id nolu coin karşılığında 152 id nolu coin satın aldı. Emir kapandı.
TRADE - 2020-12-28 19:53:33 --> (0.74853600 1609174413) trade işleminde  : no2dnuhutckbktnejjdkkitdgw2n id nolu alıcı no2dnuhutckbktnejjdkkitdgw2n id nolu satıcıdan 0.00002499 fiyatından 168.50532628 adet 6 id nolu coin karşılığında 152 id nolu coin satın aldı. Emir kapandı.
TRADE - 2020-12-28 19:55:23 --> (0.92018600 1609174523) trade işleminde  : no2dnuhutckbktnejjdkkitdgw2n id nolu alıcı 3p5816hym8x0z1sklpax6bm8dpcs id nolu satıcıdan 0.00002498 fiyatından 41.97499716 adet 6 id nolu coin karşılığında 152 id nolu coin satın aldı. Emir kapandı.
TRADE - 2020-12-28 19:56:05 --> (0.34491300 1609174565) trade işleminde  : 3p5816hym8x0z1sklpax6bm8dpcs id nolu alıcı no2dnuhutckbktnejjdkkitdgw2n id nolu satıcıdan 0.00002499 fiyatından 378.47594127 adet 6 id nolu coin karşılığında 152 id nolu coin satın aldı. Alıcı almak istediği miktarı aldı. Boş emir açıldı.
TRADE - 2020-12-28 19:58:08 --> (0.59466700 1609174688) trade işleminde  : zlgxvsiggs0c6qkc3pzi9xvusiux id nolu satıcı no2dnuhutckbktnejjdkkitdgw2n id nolu alıcıya 0.00001999 fiyatından 141.00000000 adet 6 id nolu coin karşılığında 152 id nolu coin sattı. Emir kapandı.
TRADE - 2020-12-28 19:59:30 --> (0.09076500 1609174770) trade işleminde  : 6bavdl8dik135r3iu118fe4zxti5 id nolu alıcı no2dnuhutckbktnejjdkkitdgw2n id nolu satıcıdan 737.72000100 fiyatından 0.005911 adet 9 id nolu coin karşılığında 6 id nolu coin satın aldı. Alıcı almak istediği miktarı aldı. Boş emir açıldı.
TRADE - 2020-12-28 20:00:25 --> (0.13421400 1609174825) trade işleminde  : zlgxvsiggs0c6qkc3pzi9xvusiux id nolu satıcı 6bavdl8dik135r3iu118fe4zxti5 id nolu alıcıya 738.23999900 fiyatından 0.00281295 adet 9 id nolu coin karşılığında 6 id nolu coin sattı. Emir kapandı.
TRADE - 2020-12-28 20:05:23 --> (0.42072200 1609175123) trade işleminde  : no2dnuhutckbktnejjdkkitdgw2n id nolu alıcı no2dnuhutckbktnejjdkkitdgw2n id nolu satıcıdan 0.00002497 fiyatından 97.00000000 adet 6 id nolu coin karşılığında 152 id nolu coin satın aldı. Emir kapandı.
TRADE - 2020-12-28 20:07:17 --> (0.33135100 1609175237) trade işleminde  : no2dnuhutckbktnejjdkkitdgw2n id nolu alıcı no2dnuhutckbktnejjdkkitdgw2n id nolu satıcıdan 0.00002496 fiyatından 97.00000000 adet 6 id nolu coin karşılığında 152 id nolu coin satın aldı. Emir kapandı.
TRADE - 2020-12-28 20:09:03 --> (0.49842800 1609175343) trade işleminde  : no2dnuhutckbktnejjdkkitdgw2n id nolu alıcı 3p5816hym8x0z1sklpax6bm8dpcs id nolu satıcıdan 0.00002491 fiyatından 200.14387123 adet 6 id nolu coin karşılığında 152 id nolu coin satın aldı. Emir kapandı.
TRADE - 2020-12-28 20:12:10 --> (0.94018900 1609175530) trade işleminde  : 3p5816hym8x0z1sklpax6bm8dpcs id nolu alıcı no2dnuhutckbktnejjdkkitdgw2n id nolu satıcıdan 0.00002484 fiyatından 300 adet 6 id nolu coin karşılığında 152 id nolu coin satın aldı. Alıcı almak istediği miktarı aldı. Boş emir açıldı.
TRADE - 2020-12-28 20:12:57 --> (0.03157800 1609175577) trade işleminde  : 3p5816hym8x0z1sklpax6bm8dpcs id nolu alıcı no2dnuhutckbktnejjdkkitdgw2n id nolu satıcıdan 0.00002484 fiyatından 50.00000000 adet 6 id nolu coin karşılığında 152 id nolu coin satın aldı. Emir kapandı.
TRADE - 2020-12-28 20:14:26 --> (0.95985000 1609175666) trade işleminde  : 3p5816hym8x0z1sklpax6bm8dpcs id nolu alıcı no2dnuhutckbktnejjdkkitdgw2n id nolu satıcıdan 0.00002484 fiyatından 125.00000000 adet 6 id nolu coin karşılığında 152 id nolu coin satın aldı. Emir kapandı.
TRADE - 2020-12-28 20:23:04 --> (0.93201500 1609176184) trade işleminde  : 3p5816hym8x0z1sklpax6bm8dpcs id nolu alıcı 3p5816hym8x0z1sklpax6bm8dpcs id nolu satıcıdan 0.00002460 fiyatından 100.00000000 adet 6 id nolu coin karşılığında 152 id nolu coin satın aldı. Emir kapandı.
TRADE - 2020-12-28 20:23:46 --> (0.48873300 1609176226) trade işleminde  : 3p5816hym8x0z1sklpax6bm8dpcs id nolu alıcı 3p5816hym8x0z1sklpax6bm8dpcs id nolu satıcıdan 0.00002460 fiyatından 63.00000000 adet 6 id nolu coin karşılığında 152 id nolu coin satın aldı. Emir kapandı.
TRADE - 2020-12-28 20:24:34 --> (0.86009200 1609176274) trade işleminde  : 3p5816hym8x0z1sklpax6bm8dpcs id nolu alıcı 3p5816hym8x0z1sklpax6bm8dpcs id nolu satıcıdan 0.00002460 fiyatından 138.00000000 adet 6 id nolu coin karşılığında 152 id nolu coin satın aldı. Emir kapandı.
TRADE - 2020-12-28 20:26:22 --> (0.07707200 1609176382) trade işleminde  : 3p5816hym8x0z1sklpax6bm8dpcs id nolu alıcı zlgxvsiggs0c6qkc3pzi9xvusiux id nolu satıcıdan 0.00002350 fiyatından 134.00000000 adet 6 id nolu coin karşılığında 152 id nolu coin satın aldı. Emir kapandı.
TRADE - 2020-12-28 20:28:36 --> (0.56307200 1609176516) trade işleminde  : zlgxvsiggs0c6qkc3pzi9xvusiux id nolu satıcı 6bavdl8dik135r3iu118fe4zxti5 id nolu alıcıya 739.35999900 fiyatından 0.00314270 adet 9 id nolu coin karşılığında 6 id nolu coin sattı. Emir kapandı.
TRADE - 2020-12-28 20:29:48 --> (0.80803000 1609176588) trade işleminde  : no2dnuhutckbktnejjdkkitdgw2n id nolu alıcı no2dnuhutckbktnejjdkkitdgw2n id nolu satıcıdan 0.00002300 fiyatından 50.39446492 adet 6 id nolu coin karşılığında 152 id nolu coin satın aldı. Emir kapandı.
TRADE - 2020-12-28 20:30:45 --> (0.58415500 1609176645) trade işleminde  : no2dnuhutckbktnejjdkkitdgw2n id nolu alıcı no2dnuhutckbktnejjdkkitdgw2n id nolu satıcıdan 0.00002245 fiyatından 149.32217969 adet 6 id nolu coin karşılığında 152 id nolu coin satın aldı. Emir kapandı.
TRADE - 2020-12-28 20:32:56 --> (0.49570600 1609176776) trade işleminde  : no2dnuhutckbktnejjdkkitdgw2n id nolu alıcı no2dnuhutckbktnejjdkkitdgw2n id nolu satıcıdan 0.00200000 fiyatından 1096.45241517 adet 9 id nolu coin karşılığında 152 id nolu coin satın aldı. Emir kapandı.
TRADE - 2020-12-28 20:33:15 --> (0.95708200 1609176795) trade işleminde  : no2dnuhutckbktnejjdkkitdgw2n id nolu alıcı no2dnuhutckbktnejjdkkitdgw2n id nolu satıcıdan 0.00200000 fiyatından 1096.45241517 adet 9 id nolu coin karşılığında 152 id nolu coin satın aldı. Emir kapandı.
TRADE - 2020-12-28 20:36:39 --> (0.78389800 1609176999) trade işleminde  : no2dnuhutckbktnejjdkkitdgw2n id nolu alıcı no2dnuhutckbktnejjdkkitdgw2n id nolu satıcıdan 0.00002235 fiyatından 300.09220932 adet 6 id nolu coin karşılığında 152 id nolu coin satın aldı. Emir kapandı.
TRADE - 2020-12-28 20:37:55 --> (0.54817000 1609177075) trade işleminde  : zlgxvsiggs0c6qkc3pzi9xvusiux id nolu alıcı no2dnuhutckbktnejjdkkitdgw2n id nolu satıcıdan 0.00200000 fiyatından 1034.17112774 adet 9 id nolu coin karşılığında 152 id nolu coin satın aldı. Emir kapandı.
TRADE - 2020-12-28 20:38:57 --> (0.31258500 1609177137) trade işleminde  : zlgxvsiggs0c6qkc3pzi9xvusiux id nolu satıcı no2dnuhutckbktnejjdkkitdgw2n id nolu alıcıya 0.00001500 fiyatından 100 adet 6 id nolu coin karşılığında 152 id nolu coin sattı. Emir kapandı.
TRADE - 2020-12-28 20:38:57 --> (0.60639800 1609177137) trade işleminde  : zlgxvsiggs0c6qkc3pzi9xvusiux id nolu satıcı no2dnuhutckbktnejjdkkitdgw2n id nolu alıcıya 0.00001515 fiyatından 400.00000000 adet 6 id nolu coin karşılığında 152 id nolu coini satmak istedi ama alıcının miktarı(300) yetmedi ve emir tekrar etti.
TRADE - 2020-12-28 20:39:09 --> (0.95240500 1609177149) trade işleminde  : no2dnuhutckbktnejjdkkitdgw2n id nolu alıcı no2dnuhutckbktnejjdkkitdgw2n id nolu satıcıdan 0.00002235 fiyatından 300.09220932 adet 6 id nolu coin karşılığında 152 id nolu coin satın aldı. Emir kapandı.
TRADE - 2020-12-28 20:41:08 --> (0.54103400 1609177268) trade işleminde  : zlgxvsiggs0c6qkc3pzi9xvusiux id nolu satıcı 6bavdl8dik135r3iu118fe4zxti5 id nolu alıcıya 740.74999900 fiyatından 0.00603291 adet 9 id nolu coin karşılığında 6 id nolu coin sattı. Emir kapandı.
TRADE - 2020-12-28 20:46:07 --> (0.18433000 1609177567) trade işleminde  : no2dnuhutckbktnejjdkkitdgw2n id nolu alıcı no2dnuhutckbktnejjdkkitdgw2n id nolu satıcıdan 0.00002179 fiyatından 153.28784835 adet 6 id nolu coin karşılığında 152 id nolu coin satın aldı. Emir kapandı.
TRADE - 2020-12-28 20:47:47 --> (0.69104700 1609177667) trade işleminde  : no2dnuhutckbktnejjdkkitdgw2n id nolu alıcı no2dnuhutckbktnejjdkkitdgw2n id nolu satıcıdan 0.00002179 fiyatından 459.40461894 adet 6 id nolu coin karşılığında 152 id nolu coin satın aldı. Emir kapandı.
TRADE - 2020-12-28 20:56:56 --> (0.69398900 1609178216) trade işleminde  : hzon720zk2cdr3dyllb8pr4yhpae id nolu alıcı no2dnuhutckbktnejjdkkitdgw2n id nolu satıcıdan 0.00200000 fiyatından 1687.10882236 adet 9 id nolu coin karşılığında 152 id nolu coin satın aldı. Emir kapandı.
TRADE - 2020-12-28 20:57:44 --> (0.22661200 1609178264) trade işleminde  : hzon720zk2cdr3dyllb8pr4yhpae id nolu alıcı no2dnuhutckbktnejjdkkitdgw2n id nolu satıcıdan 0.00200000 fiyatından 85.81521956 adet 9 id nolu coin karşılığında 152 id nolu coin satın aldı. Alıcı almak istediği miktarı aldı. Boş emir açıldı.
TRADE - 2020-12-28 20:57:50 --> (0.52556700 1609178270) trade işleminde  : hzon720zk2cdr3dyllb8pr4yhpae id nolu alıcı zlgxvsiggs0c6qkc3pzi9xvusiux id nolu satıcıdan 0.02200000 fiyatından 1.45194044 adet 9 id nolu coin karşılığında 152 id nolu coin satın aldı. Emir kapandı.
TRADE - 2020-12-28 20:58:31 --> (0.61671200 1609178311) trade işleminde  : no2dnuhutckbktnejjdkkitdgw2n id nolu alıcı no2dnuhutckbktnejjdkkitdgw2n id nolu satıcıdan 0.00001960 fiyatından 169.73565624 adet 6 id nolu coin karşılığında 152 id nolu coin satın aldı. Emir kapandı.
TRADE - 2020-12-28 21:00:29 --> (0.74909200 1609178429) trade işleminde  : no2dnuhutckbktnejjdkkitdgw2n id nolu alıcı no2dnuhutckbktnejjdkkitdgw2n id nolu satıcıdan 0.00001760 fiyatından 188.83525563 adet 6 id nolu coin karşılığında 152 id nolu coin satın aldı. Emir kapandı.
TRADE - 2020-12-28 21:02:40 --> (0.66719500 1609178560) trade işleminde  : 3p5816hym8x0z1sklpax6bm8dpcs id nolu alıcı 3p5816hym8x0z1sklpax6bm8dpcs id nolu satıcıdan 0.00001750 fiyatından 30.00000000 adet 6 id nolu coin karşılığında 152 id nolu coin satın aldı. Emir kapandı.
TRADE - 2020-12-28 21:03:38 --> (0.11481900 1609178618) trade işleminde  : no2dnuhutckbktnejjdkkitdgw2n id nolu alıcı 3p5816hym8x0z1sklpax6bm8dpcs id nolu satıcıdan 0.00001750 fiyatından 189.72469347 adet 6 id nolu coin karşılığında 152 id nolu coin satın aldı. Emir kapandı.
TRADE - 2020-12-28 21:05:46 --> (0.96662000 1609178746) trade işleminde  : no2dnuhutckbktnejjdkkitdgw2n id nolu alıcı zlgxvsiggs0c6qkc3pzi9xvusiux id nolu satıcıdan 0.00001700 fiyatından 15.56559266 adet 6 id nolu coin karşılığında 152 id nolu coin satın aldı. Emir kapandı.
TRADE - 2020-12-28 21:07:24 --> (0.35691800 1609178844) trade işleminde  : no2dnuhutckbktnejjdkkitdgw2n id nolu alıcı no2dnuhutckbktnejjdkkitdgw2n id nolu satıcıdan 0.00001600 fiyatından 454.49709955 adet 6 id nolu coin karşılığında 152 id nolu coin satın aldı. Emir kapandı.
TRADE - 2020-12-28 21:09:10 --> (0.26301800 1609178950) trade işleminde  : no2dnuhutckbktnejjdkkitdgw2n id nolu alıcı no2dnuhutckbktnejjdkkitdgw2n id nolu satıcıdan 0.00001500 fiyatından 161.11510313 adet 6 id nolu coin karşılığında 152 id nolu coin satın aldı. Emir kapandı.
TRADE - 2020-12-28 21:12:13 --> (0.56215400 1609179133) trade işleminde  : no2dnuhutckbktnejjdkkitdgw2n id nolu alıcı no2dnuhutckbktnejjdkkitdgw2n id nolu satıcıdan 0.02000000 fiyatından 10.00000000 adet 9 id nolu coin karşılığında 152 id nolu coin satın aldı. Emir kapandı.
TRADE - 2020-12-28 21:14:16 --> (0.03368300 1609179256) trade işleminde  : no2dnuhutckbktnejjdkkitdgw2n id nolu alıcı no2dnuhutckbktnejjdkkitdgw2n id nolu satıcıdan 0.00001410 fiyatından 342.45586841 adet 6 id nolu coin karşılığında 152 id nolu coin satın aldı. Emir kapandı.
TRADE - 2020-12-28 21:16:14 --> (0.54794500 1609179374) trade işleminde  : no2dnuhutckbktnejjdkkitdgw2n id nolu alıcı no2dnuhutckbktnejjdkkitdgw2n id nolu satıcıdan 0.02000000 fiyatından 124.49101796 adet 9 id nolu coin karşılığında 152 id nolu coin satın aldı. Emir kapandı.
TRADE - 2020-12-28 21:16:46 --> (0.36369100 1609179406) trade işleminde  : 3p5816hym8x0z1sklpax6bm8dpcs id nolu alıcı no2dnuhutckbktnejjdkkitdgw2n id nolu satıcıdan 0.00001410 fiyatından 657.54413159 adet 6 id nolu coin karşılığında 152 id nolu coin satın aldı. Emir kapandı.
TRADE - 2020-12-28 21:20:47 --> (0.64984300 1609179647) trade işleminde  : no2dnuhutckbktnejjdkkitdgw2n id nolu alıcı no2dnuhutckbktnejjdkkitdgw2n id nolu satıcıdan 0.00001266 fiyatından 372.67644805 adet 6 id nolu coin karşılığında 152 id nolu coin satın aldı. Emir kapandı.
TRADE - 2020-12-28 21:22:17 --> (0.07802800 1609179737) trade işleminde  : no2dnuhutckbktnejjdkkitdgw2n id nolu alıcı no2dnuhutckbktnejjdkkitdgw2n id nolu satıcıdan 0.00001113 fiyatından 423.48389474 adet 6 id nolu coin karşılığında 152 id nolu coin satın aldı. Emir kapandı.
TRADE - 2020-12-28 21:22:45 --> (0.67722300 1609179765) trade işleminde  : zlgxvsiggs0c6qkc3pzi9xvusiux id nolu satıcı no2dnuhutckbktnejjdkkitdgw2n id nolu alıcıya 0.00001000 fiyatından 100 adet 6 id nolu coin karşılığında 152 id nolu coin sattı. Alıcının miktarı yetmedi ve eşleşen bir fiyat olmadığı için 394.5 adet satış emri açıldı.
TRADE - 2020-12-28 21:24:51 --> (0.94959300 1609179891) trade işleminde  : 3p5816hym8x0z1sklpax6bm8dpcs id nolu alıcı no2dnuhutckbktnejjdkkitdgw2n id nolu satıcıdan 0.00000999 fiyatından 1000 adet 6 id nolu coin karşılığında 152 id nolu coin satın aldı. Alıcı almak istediği miktarı aldı. Boş emir açıldı.
TRADE - 2020-12-28 21:27:35 --> (0.53054100 1609180055) trade işleminde  : no2dnuhutckbktnejjdkkitdgw2n id nolu alıcı no2dnuhutckbktnejjdkkitdgw2n id nolu satıcıdan 0.00190000 fiyatından 1000 adet 9 id nolu coin karşılığında 152 id nolu coin satın aldı. Alıcı almak istediği miktarı aldı. Boş emir açıldı.
TRADE - 2020-12-28 21:28:24 --> (0.85729800 1609180104) trade işleminde  : no2dnuhutckbktnejjdkkitdgw2n id nolu alıcı no2dnuhutckbktnejjdkkitdgw2n id nolu satıcıdan 0.00001113 fiyatından 646.55908309 adet 6 id nolu coin karşılığında 152 id nolu coin satın aldı. Emir kapandı.
TRADE - 2020-12-28 21:30:11 --> (0.95552800 1609180211) trade işleminde  : zlgxvsiggs0c6qkc3pzi9xvusiux id nolu alıcı no2dnuhutckbktnejjdkkitdgw2n id nolu satıcıdan 0.00190000 fiyatından 1000 adet 9 id nolu coin karşılığında 152 id nolu coin satın aldı. Satıcının miktarı yetmedi ve eşleşen bir fiyat olmadığı için 709.24027209 adet alış emri açıldı.
TRADE - 2020-12-28 21:31:26 --> (0.70436700 1609180286) trade işleminde  : no2dnuhutckbktnejjdkkitdgw2n id nolu alıcı 3p5816hym8x0z1sklpax6bm8dpcs id nolu satıcıdan 0.00001110 fiyatından 500 adet 6 id nolu coin karşılığında 152 id nolu coin satın aldı. Alıcı almak istediği miktarı aldı. Boş emir açıldı.
TRADE - 2020-12-28 21:31:51 --> (0.18845900 1609180311) trade işleminde  : no2dnuhutckbktnejjdkkitdgw2n id nolu alıcı no2dnuhutckbktnejjdkkitdgw2n id nolu satıcıdan 0.00001113 fiyatından 1042.50169921 adet 6 id nolu coin karşılığında 152 id nolu coin satın aldı. Emir kapandı.
TRADE - 2020-12-28 21:41:42 --> (0.75711300 1609180902) trade işleminde  : no2dnuhutckbktnejjdkkitdgw2n id nolu alıcı 3p5816hym8x0z1sklpax6bm8dpcs id nolu satıcıdan 0.00001105 fiyatından 500 adet 6 id nolu coin karşılığında 152 id nolu coin satın aldı. Alıcı almak istediği miktarı aldı. Boş emir açıldı.
TRADE - 2020-12-28 21:45:06 --> (0.68222500 1609181106) trade işleminde  : no2dnuhutckbktnejjdkkitdgw2n id nolu alıcı no2dnuhutckbktnejjdkkitdgw2n id nolu satıcıdan 0.00000990 fiyatından 445.32248634 adet 6 id nolu coin karşılığında 152 id nolu coin satın aldı. Emir kapandı.
TRADE - 2020-12-28 21:52:35 --> (0.16462800 1609181555) trade işleminde  : no2dnuhutckbktnejjdkkitdgw2n id nolu alıcı no2dnuhutckbktnejjdkkitdgw2n id nolu satıcıdan 0.00000700 fiyatından 272.04198745 adet 6 id nolu coin karşılığında 152 id nolu coin satın aldı. Emir kapandı.
TRADE - 2020-12-28 21:54:33 --> (0.92746600 1609181673) trade işleminde  : no2dnuhutckbktnejjdkkitdgw2n id nolu alıcı no2dnuhutckbktnejjdkkitdgw2n id nolu satıcıdan 0.00945000 fiyatından 100.00000000 adet 9 id nolu coin karşılığında 152 id nolu coin satın aldı. Emir kapandı.
TRADE - 2020-12-28 22:05:55 --> (0.75206900 1609182355) trade işleminde  : zlgxvsiggs0c6qkc3pzi9xvusiux id nolu alıcı no2dnuhutckbktnejjdkkitdgw2n id nolu satıcıdan 0.00000110 fiyatından 1000 adet 6 id nolu coin karşılığında 152 id nolu coin satın aldı. Satıcının miktarı yetmedi ve eşleşen bir fiyat olmadığı için 145.06441662 adet alış emri açıldı.
TRADE - 2020-12-28 22:25:25 --> (0.98476900 1609183525) trade işleminde  : no2dnuhutckbktnejjdkkitdgw2n id nolu alıcı no2dnuhutckbktnejjdkkitdgw2n id nolu satıcıdan 0.00000600 fiyatından 100.00000000 adet 6 id nolu coin karşılığında 152 id nolu coin satın aldı. Emir kapandı.
TRADE - 2020-12-28 22:42:41 --> (0.37182100 1609184561) trade işleminde  : de106q7go2xawwuz1rlfss0fofx9 id nolu alıcı 6bavdl8dik135r3iu118fe4zxti5 id nolu satıcıdan 0.28399000 fiyatından 0.00088574 adet 9 id nolu coin karşılığında 7 id nolu coin satın aldı. Emir kapandı.
TRADE - 2020-12-28 22:42:48 --> (0.77591400 1609184568) trade işleminde  : de106q7go2xawwuz1rlfss0fofx9 id nolu satıcı 6bavdl8dik135r3iu118fe4zxti5 id nolu alıcıya 0.28393000 fiyatından 0.00088674 adet 9 id nolu coin karşılığında 7 id nolu coin sattı. Emir kapandı.
TRADE - 2020-12-28 22:49:29 --> (0.34663600 1609184969) trade işleminde  : 6bavdl8dik135r3iu118fe4zxti5 id nolu satıcı de106q7go2xawwuz1rlfss0fofx9 id nolu alıcıya 0.28391000 fiyatından 0.00088574 adet 9 id nolu coin karşılığında 7 id nolu coin sattı. Emir kapandı.
TRADE - 2020-12-28 22:52:26 --> (0.95438300 1609185146) trade işleminde  : 6bavdl8dik135r3iu118fe4zxti5 id nolu alıcı de106q7go2xawwuz1rlfss0fofx9 id nolu satıcıdan 0.28358000 fiyatından 0.00088574 adet 9 id nolu coin karşılığında 7 id nolu coin satın aldı. Alıcı almak istediği miktarı aldı. Boş emir açıldı.
TRADE - 2020-12-28 22:53:42 --> (0.43246200 1609185222) trade işleminde  : de106q7go2xawwuz1rlfss0fofx9 id nolu satıcı 6bavdl8dik135r3iu118fe4zxti5 id nolu alıcıya 0.02986000 fiyatından 0.09850403 adet 9 id nolu coin karşılığında 128 id nolu coin sattı. Emir kapandı.
TRADE - 2020-12-28 22:56:12 --> (0.13278300 1609185372) trade işleminde  : de106q7go2xawwuz1rlfss0fofx9 id nolu alıcı 6bavdl8dik135r3iu118fe4zxti5 id nolu satıcıdan 0.00812019 fiyatından 0.40182855 adet 9 id nolu coin karşılığında 17 id nolu coin satın aldı. Emir kapandı.
