TRADE - 2021-01-05 00:08:55 --> (0.89067700 1609794535) trade işleminde  : zbhbite60ppo1iesfmd0u11cxhhv id nolu alıcı gwgvn9fj4jobujl16xk5gy1vey0k id nolu satıcıdan 0.00000393 fiyatından 165.4723391 adet 1 id nolu coin karşılığında 144 id nolu coin satın aldı. Alıcı almak istediği miktarı aldı. Boş emir açıldı.
TRADE - 2021-01-05 00:38:47 --> (0.88552000 1609796327) trade işleminde  : 6bbq54ba8sr8tcye3snud33lkn9a id nolu satıcı 6bavdl8dik135r3iu118fe4zxti5 id nolu alıcıya 0.00946250 fiyatından 56.92084176 adet 9 id nolu coin karşılığında 3 id nolu coin sattı. Emir kapandı.
TRADE - 2021-01-05 00:41:53 --> (0.86821800 1609796513) trade işleminde  : 6bbq54ba8sr8tcye3snud33lkn9a id nolu satıcı 6bavdl8dik135r3iu118fe4zxti5 id nolu alıcıya 0.22951000 fiyatından 5.45628102 adet 9 id nolu coin karşılığında 7 id nolu coin sattı. Emir kapandı.
TRADE - 2021-01-05 01:18:09 --> (0.84764000 1609798689) trade işleminde  : 6bbq54ba8sr8tcye3snud33lkn9a id nolu satıcı 6bavdl8dik135r3iu118fe4zxti5 id nolu alıcıya 1015.94999900 fiyatından 0.00091239 adet 9 id nolu coin karşılığında 6 id nolu coin sattı. Emir kapandı.
TRADE - 2021-01-05 02:48:33 --> (0.25629200 1609804113) trade işleminde  : 1jd82uk3qkvv5ox9a3irc1p1umk2 id nolu alıcı jfghf63o7th336grfsf91wm6rfsb id nolu satıcıdan 0.02405000 fiyatından 0.01421152 adet 9 id nolu coin karşılığında 14 id nolu coin satın aldı. Emir kapandı.
TRADE - 2021-01-05 02:49:18 --> (0.77006000 1609804158) trade işleminde  : 1jd82uk3qkvv5ox9a3irc1p1umk2 id nolu alıcı jfghf63o7th336grfsf91wm6rfsb id nolu satıcıdan 0.02405000 fiyatından 0.06430341 adet 9 id nolu coin karşılığında 14 id nolu coin satın aldı. Emir kapandı.
TRADE - 2021-01-05 02:52:24 --> (0.81965300 1609804344) trade işleminde  : 1jd82uk3qkvv5ox9a3irc1p1umk2 id nolu satıcı 6bavdl8dik135r3iu118fe4zxti5 id nolu alıcıya 0.00971900 fiyatından 0.02000000 adet 9 id nolu coin karşılığında 3 id nolu coin sattı. Emir kapandı.
TRADE - 2021-01-05 02:53:53 --> (0.64480400 1609804433) trade işleminde  : 1jd82uk3qkvv5ox9a3irc1p1umk2 id nolu alıcı jfghf63o7th336grfsf91wm6rfsb id nolu satıcıdan 0.02405000 fiyatından 0.00805001 adet 9 id nolu coin karşılığında 14 id nolu coin satın aldı. Emir kapandı.
TRADE - 2021-01-05 03:21:07 --> (0.91099400 1609806067) trade işleminde  : m0xcu7ndf5xqw4j0zz1jk70zgfs1 id nolu satıcı r6bn45ox4is1ge1c83kds8p08v71 id nolu alıcıya 0.00000099 fiyatından 296.53739051 adet 6 id nolu coin karşılığında 152 id nolu coin sattı. Emir kapandı.
TRADE - 2021-01-05 03:21:08 --> (0.07699500 1609806068) trade işleminde  : m0xcu7ndf5xqw4j0zz1jk70zgfs1 id nolu satıcı no2dnuhutckbktnejjdkkitdgw2n id nolu alıcıya 0.00000099 fiyatından 1296.53739051 adet 6 id nolu coin karşılığında 152 id nolu coini satmak istedi ama alıcının miktarı(1000) yetmedi ve emir tekrar etti.
TRADE - 2021-01-05 03:21:08 --> (0.24271100 1609806068) trade işleminde  : m0xcu7ndf5xqw4j0zz1jk70zgfs1 id nolu satıcı 3p5816hym8x0z1sklpax6bm8dpcs id nolu alıcıya 0.00000099 fiyatından 9571.28629314 adet 6 id nolu coin karşılığında 152 id nolu coini satmak istedi ama alıcının miktarı(8274.74890263) yetmedi ve emir tekrar etti.
TRADE - 2021-01-05 03:22:07 --> (0.12045600 1609806127) trade işleminde  : m0xcu7ndf5xqw4j0zz1jk70zgfs1 id nolu satıcı 6bavdl8dik135r3iu118fe4zxti5 id nolu alıcıya 1097.52999900 fiyatından 0.00945662 adet 9 id nolu coin karşılığında 6 id nolu coin sattı. Emir kapandı.
TRADE - 2021-01-05 03:22:39 --> (0.21623300 1609806159) trade işleminde  : m0xcu7ndf5xqw4j0zz1jk70zgfs1 id nolu alıcı 6bavdl8dik135r3iu118fe4zxti5 id nolu satıcıdan 0.23488000 fiyatından 44.01179882 adet 9 id nolu coin karşılığında 7 id nolu coin satın aldı. Emir kapandı.
TRADE - 2021-01-05 03:41:04 --> (0.28190800 1609807264) trade işleminde  : zlgxvsiggs0c6qkc3pzi9xvusiux id nolu satıcı 6bavdl8dik135r3iu118fe4zxti5 id nolu alıcıya 1116.45999900 fiyatından 0.00688129 adet 9 id nolu coin karşılığında 6 id nolu coin sattı. Emir kapandı.
TRADE - 2021-01-05 03:43:07 --> (0.89480500 1609807387) trade işleminde  : 6bavdl8dik135r3iu118fe4zxti5 id nolu alıcı 6bbq54ba8sr8tcye3snud33lkn9a id nolu satıcıdan 1120.22999900 fiyatından 0.00091239 adet 9 id nolu coin karşılığında 6 id nolu coin satın aldı. Alıcı almak istediği miktarı aldı. Boş emir açıldı.
TRADE - 2021-01-05 07:34:23 --> (0.38350900 1609821263) trade işleminde  : 6bavdl8dik135r3iu118fe4zxti5 id nolu alıcı ffgjg8a2qpxe7hcf66emwry6nwri id nolu satıcıdan 0.03239900 fiyatından 0.03318542 adet 1 id nolu coin karşılığında 6 id nolu coin satın aldı. Alıcı almak istediği miktarı aldı. Boş emir açıldı.
TRADE - 2021-01-05 07:37:37 --> (0.11823400 1609821457) trade işleminde  : 6bavdl8dik135r3iu118fe4zxti5 id nolu alıcı ffgjg8a2qpxe7hcf66emwry6nwri id nolu satıcıdan 0.00478700 fiyatından 0.4990016 adet 1 id nolu coin karşılığında 2 id nolu coin satın aldı. Alıcı almak istediği miktarı aldı. Boş emir açıldı.
TRADE - 2021-01-05 07:43:12 --> (0.70316200 1609821792) trade işleminde  : 7s1zlr2bibmefggg0r7dx56cbu9w id nolu satıcı 6bavdl8dik135r3iu118fe4zxti5 id nolu alıcıya 0.22956000 fiyatından 88.50000000 adet 9 id nolu coin karşılığında 7 id nolu coin sattı. Emir kapandı.
TRADE - 2021-01-05 07:43:31 --> (0.08059300 1609821811) trade işleminde  : 7s1zlr2bibmefggg0r7dx56cbu9w id nolu satıcı 6bavdl8dik135r3iu118fe4zxti5 id nolu alıcıya 0.22956000 fiyatından 0.25000000 adet 9 id nolu coin karşılığında 7 id nolu coin sattı. Emir kapandı.
TRADE - 2021-01-05 09:18:44 --> (0.53378500 1609827524) trade işleminde  : ebhx9wjf67y4iv1pjb76gbmnkmak id nolu satıcı 7s1zlr2bibmefggg0r7dx56cbu9w id nolu alıcıya 0.00000200 fiyatından 3600000.00000000 adet 9 id nolu coin karşılığında 145 id nolu coin sattı. Emir kapandı.
TRADE - 2021-01-05 09:19:55 --> (0.43241100 1609827595) trade işleminde  : ebhx9wjf67y4iv1pjb76gbmnkmak id nolu alıcı 6bavdl8dik135r3iu118fe4zxti5 id nolu satıcıdan 0.00895000 fiyatından 2341.68534440 adet 9 id nolu coin karşılığında 3 id nolu coin satın aldı. Emir kapandı.
TRADE - 2021-01-05 16:13:05 --> (0.04806900 1609852385) trade işleminde  : 3p5816hym8x0z1sklpax6bm8dpcs id nolu alıcı no2dnuhutckbktnejjdkkitdgw2n id nolu satıcıdan 0.00000160 fiyatından 1 adet 6 id nolu coin karşılığında 152 id nolu coin satın aldı. Emir kapandı.
TRADE - 2021-01-05 16:13:05 --> (0.25228000 1609852385) trade işleminde  : 3p5816hym8x0z1sklpax6bm8dpcs id nolu alıcı no2dnuhutckbktnejjdkkitdgw2n id nolu satıcıdan 0.00000159 fiyatından 95.00000000 adet 6 id nolu coin karşılığında 152 id nolu coin almak istedi ama satıcının miktarı(94) yetmedi ve emir tekrar etti.
TRADE - 2021-01-05 16:13:12 --> (0.03832100 1609852392) trade işleminde  : 3p5816hym8x0z1sklpax6bm8dpcs id nolu alıcı no2dnuhutckbktnejjdkkitdgw2n id nolu satıcıdan 0.00000160 fiyatından 94 adet 6 id nolu coin karşılığında 152 id nolu coin satın aldı. Alıcı almak istediği miktarı aldı. Boş emir açıldı.
TRADE - 2021-01-05 18:11:07 --> (0.87037400 1609859467) trade işleminde  : 3zzwub91gflm6yromsgzh26ud3un id nolu satıcı 6bavdl8dik135r3iu118fe4zxti5 id nolu alıcıya 1039.84999900 fiyatından 0.00257267 adet 9 id nolu coin karşılığında 6 id nolu coin sattı. Emir kapandı.
TRADE - 2021-01-05 18:11:56 --> (0.11790900 1609859516) trade işleminde  : 3zzwub91gflm6yromsgzh26ud3un id nolu alıcı 6bavdl8dik135r3iu118fe4zxti5 id nolu satıcıdan 0.00948870 fiyatından 280.80890923 adet 9 id nolu coin karşılığında 3 id nolu coin satın aldı. Emir kapandı.
TRADE - 2021-01-05 18:13:44 --> (0.71050300 1609859624) trade işleminde  : 3zzwub91gflm6yromsgzh26ud3un id nolu satıcı 6bavdl8dik135r3iu118fe4zxti5 id nolu alıcıya 0.00945920 fiyatından 281.68221028 adet 9 id nolu coin karşılığında 3 id nolu coin sattı. Emir kapandı.
TRADE - 2021-01-05 18:14:07 --> (0.15290800 1609859647) trade işleminde  : 3zzwub91gflm6yromsgzh26ud3un id nolu alıcı 6bavdl8dik135r3iu118fe4zxti5 id nolu satıcıdan 153.73660422 fiyatından 0.01726233 adet 9 id nolu coin karşılığında 2 id nolu coin satın aldı. Emir kapandı.
