TRADE - 2021-01-18 01:21:11 --> (0.71120500 1610922071) trade işleminde  : 6bavdl8dik135r3iu118fe4zxti5 id nolu satıcı an97u96wcflstnohsug1aoiobitf id nolu alıcıya 0.00000025 fiyatından 949.74051896 adet 1 id nolu coin karşılığında 161 id nolu coin sattı. Emir kapandı.
TRADE - 2021-01-18 01:34:44 --> (0.05552800 1610922884) trade işleminde  : hh69y28s1cjkase6559774iu4tab id nolu alıcı 6bavdl8dik135r3iu118fe4zxti5 id nolu satıcıdan 0.00000025 fiyatından 1161.7584155 adet 1 id nolu coin karşılığında 161 id nolu coin satın aldı. Satıcının miktarı yetmedi ve eşleşen bir fiyat olmadığı için 19284.2415845 adet alış emri açıldı.
TRADE - 2021-01-18 01:36:28 --> (0.77661300 1610922988) trade işleminde  : 6bavdl8dik135r3iu118fe4zxti5 id nolu satıcı hh69y28s1cjkase6559774iu4tab id nolu alıcıya 0.00000025 fiyatından 19284.2415845 adet 1 id nolu coin karşılığında 161 id nolu coin sattı. Emir kapandı.
TRADE - 2021-01-18 04:02:15 --> (0.66234200 1610931735) trade işleminde  : m169n7siyj3pxrgei1e9tbze6skf id nolu satıcı 6bavdl8dik135r3iu118fe4zxti5 id nolu alıcıya 0.00906460 fiyatından 7931.79104493 adet 9 id nolu coin karşılığında 3 id nolu coin sattı. Emir kapandı.
TRADE - 2021-01-18 04:03:56 --> (0.22698800 1610931836) trade işleminde  : m169n7siyj3pxrgei1e9tbze6skf id nolu alıcı 6bavdl8dik135r3iu118fe4zxti5 id nolu satıcıdan 0.27763000 fiyatından 257.41011310 adet 9 id nolu coin karşılığında 7 id nolu coin satın aldı. Emir kapandı.
TRADE - 2021-01-18 04:04:16 --> (0.86801800 1610931856) trade işleminde  : m169n7siyj3pxrgei1e9tbze6skf id nolu alıcı 6bavdl8dik135r3iu118fe4zxti5 id nolu satıcıdan 0.27737000 fiyatından 0.52740389 adet 9 id nolu coin karşılığında 7 id nolu coin satın aldı. Emir kapandı.
TRADE - 2021-01-18 04:04:24 --> (0.62390500 1610931864) trade işleminde  : m169n7siyj3pxrgei1e9tbze6skf id nolu alıcı 6bavdl8dik135r3iu118fe4zxti5 id nolu satıcıdan 0.27737000 fiyatından 0.00157349 adet 9 id nolu coin karşılığında 7 id nolu coin satın aldı. Emir kapandı.
TRADE - 2021-01-18 11:19:49 --> (0.35966700 1610957989) trade işleminde  : q8plfntvv4qqkpwnrpu6eg1nfc39 id nolu alıcı 6bavdl8dik135r3iu118fe4zxti5 id nolu satıcıdan 0.00062526 fiyatından 0.27712673 adet 1 id nolu coin karşılığında 163 id nolu coin satın aldı. Emir kapandı.
TRADE - 2021-01-18 12:17:29 --> (0.19690800 1610961449) trade işleminde  : hzkkvjc842r2z37h6mfmez0ovbz0 id nolu satıcı 6bavdl8dik135r3iu118fe4zxti5 id nolu alıcıya 0.00809845 fiyatından 14.8911455 adet 9 id nolu coin karşılığında 161 id nolu coin sattı. Alıcının miktarı yetmedi ve eşleşen bir fiyat olmadığı için 55.14587635 adet satış emri açıldı.
TRADE - 2021-01-18 12:21:50 --> (0.06347800 1610961710) trade işleminde  : hzkkvjc842r2z37h6mfmez0ovbz0 id nolu alıcı hzkkvjc842r2z37h6mfmez0ovbz0 id nolu satıcıdan 0.00809845 fiyatından 14.83170019 adet 9 id nolu coin karşılığında 161 id nolu coin satın aldı. Emir kapandı.
TRADE - 2021-01-18 12:24:34 --> (0.12777700 1610961874) trade işleminde  : 6bavdl8dik135r3iu118fe4zxti5 id nolu alıcı hzkkvjc842r2z37h6mfmez0ovbz0 id nolu satıcıdan 0.00809845 fiyatından 40.31417616 adet 9 id nolu coin karşılığında 161 id nolu coin satın aldı. Alıcı almak istediği miktarı aldı. Boş emir açıldı.
TRADE - 2021-01-18 12:25:18 --> (0.05484000 1610961918) trade işleminde  : hzkkvjc842r2z37h6mfmez0ovbz0 id nolu alıcı hzkkvjc842r2z37h6mfmez0ovbz0 id nolu satıcıdan 0.00809845 fiyatından 3.69312280 adet 9 id nolu coin karşılığında 161 id nolu coin satın aldı. Emir kapandı.
TRADE - 2021-01-18 12:25:24 --> (0.88407200 1610961924) trade işleminde  : hzkkvjc842r2z37h6mfmez0ovbz0 id nolu alıcı hzkkvjc842r2z37h6mfmez0ovbz0 id nolu satıcıdan 0.00809845 fiyatından 3.69312280 adet 9 id nolu coin karşılığında 161 id nolu coin satın aldı. Emir kapandı.
TRADE - 2021-01-18 12:25:33 --> (0.41938000 1610961933) trade işleminde  : hzkkvjc842r2z37h6mfmez0ovbz0 id nolu alıcı hzkkvjc842r2z37h6mfmez0ovbz0 id nolu satıcıdan 0.00809845 fiyatından 3.69312280 adet 9 id nolu coin karşılığında 161 id nolu coin satın aldı. Emir kapandı.
TRADE - 2021-01-18 12:25:34 --> (0.50612500 1610961934) trade işleminde  : hzkkvjc842r2z37h6mfmez0ovbz0 id nolu alıcı hzkkvjc842r2z37h6mfmez0ovbz0 id nolu satıcıdan 0.00809845 fiyatından 3.69312280 adet 9 id nolu coin karşılığında 161 id nolu coin satın aldı. Emir kapandı.
TRADE - 2021-01-18 12:25:36 --> (0.99270700 1610961936) trade işleminde  : hzkkvjc842r2z37h6mfmez0ovbz0 id nolu alıcı hzkkvjc842r2z37h6mfmez0ovbz0 id nolu satıcıdan 0.00809845 fiyatından 0.05920899 adet 9 id nolu coin karşılığında 161 id nolu coin satın aldı. Satıcının miktarı yetmedi ve eşleşen bir fiyat olmadığı için 3.63391381 adet alış emri açıldı.
TRADE - 2021-01-18 12:25:53 --> (0.94513700 1610961953) trade işleminde  : hzkkvjc842r2z37h6mfmez0ovbz0 id nolu satıcı hzkkvjc842r2z37h6mfmez0ovbz0 id nolu alıcıya 0.00809845 fiyatından 7.50466358 adet 9 id nolu coin karşılığında 161 id nolu coin sattı. Emir kapandı.
TRADE - 2021-01-18 12:25:54 --> (0.38541300 1610961954) trade işleminde  : hzkkvjc842r2z37h6mfmez0ovbz0 id nolu satıcı hzkkvjc842r2z37h6mfmez0ovbz0 id nolu alıcıya 0.00809845 fiyatından 11.19778638 adet 9 id nolu coin karşılığında 161 id nolu coini satmak istedi ama alıcının miktarı(3.6931228) yetmedi ve emir tekrar etti.
TRADE - 2021-01-18 12:25:54 --> (0.79791800 1610961954) trade işleminde  : hzkkvjc842r2z37h6mfmez0ovbz0 id nolu satıcı hzkkvjc842r2z37h6mfmez0ovbz0 id nolu alıcıya 0.00809845 fiyatından 14.83170019 adet 9 id nolu coin karşılığında 161 id nolu coini satmak istedi ama alıcının miktarı(3.63391381) yetmedi ve emir tekrar etti.
TRADE - 2021-01-18 12:47:53 --> (0.55411800 1610963273) trade işleminde  : hzkkvjc842r2z37h6mfmez0ovbz0 id nolu satıcı hzkkvjc842r2z37h6mfmez0ovbz0 id nolu alıcıya 0.00809845 fiyatından 14.83170019 adet 9 id nolu coin karşılığında 161 id nolu coin sattı. Emir kapandı.
TRADE - 2021-01-18 12:49:24 --> (0.70514300 1610963364) trade işleminde  : hzkkvjc842r2z37h6mfmez0ovbz0 id nolu alıcı 6bavdl8dik135r3iu118fe4zxti5 id nolu satıcıdan 0.03081000 fiyatından 14.01384702 adet 9 id nolu coin karşılığında 128 id nolu coin satın aldı. Emir kapandı.
TRADE - 2021-01-18 14:11:59 --> (0.47557300 1610968319) trade işleminde  : hzkkvjc842r2z37h6mfmez0ovbz0 id nolu satıcı 6bavdl8dik135r3iu118fe4zxti5 id nolu alıcıya 0.00839845 fiyatından 14.83170019 adet 9 id nolu coin karşılığında 161 id nolu coin sattı. Emir kapandı.
TRADE - 2021-01-18 14:14:02 --> (0.60615100 1610968442) trade işleminde  : hzkkvjc842r2z37h6mfmez0ovbz0 id nolu alıcı 6bavdl8dik135r3iu118fe4zxti5 id nolu satıcıdan 0.03057000 fiyatından 4.43814791 adet 9 id nolu coin karşılığında 128 id nolu coin satın aldı. Emir kapandı.
TRADE - 2021-01-18 14:32:31 --> (0.30258200 1610969551) trade işleminde  : hzon720zk2cdr3dyllb8pr4yhpae id nolu alıcı 6bavdl8dik135r3iu118fe4zxti5 id nolu satıcıdan 0.00909940 fiyatından 273.65311139 adet 9 id nolu coin karşılığında 3 id nolu coin satın aldı. Emir kapandı.
TRADE - 2021-01-18 14:43:17 --> (0.43075000 1610970197) trade işleminde  : hzon720zk2cdr3dyllb8pr4yhpae id nolu satıcı 6bavdl8dik135r3iu118fe4zxti5 id nolu alıcıya 0.00908040 fiyatından 273.65311139 adet 9 id nolu coin karşılığında 3 id nolu coin sattı. Emir kapandı.
TRADE - 2021-01-18 14:43:50 --> (0.61481800 1610970230) trade işleminde  : hzon720zk2cdr3dyllb8pr4yhpae id nolu alıcı 6bavdl8dik135r3iu118fe4zxti5 id nolu satıcıdan 1216.07000100 fiyatından 0.00203521 adet 9 id nolu coin karşılığında 6 id nolu coin satın aldı. Emir kapandı.
TRADE - 2021-01-18 14:44:16 --> (0.45145900 1610970256) trade işleminde  : hzon720zk2cdr3dyllb8pr4yhpae id nolu alıcı 5oug6wjw21ln5fg4ku0udtdau833 id nolu satıcıdan 0.00000001 fiyatından 203114.77045908 adet 6 id nolu coin karşılığında 121 id nolu coin satın aldı. Emir kapandı.
TRADE - 2021-01-18 14:57:10 --> (0.51658500 1610971030) trade işleminde  : 6bavdl8dik135r3iu118fe4zxti5 id nolu alıcı hzkkvjc842r2z37h6mfmez0ovbz0 id nolu satıcıdan 0.03162000 fiyatından 4.61299873 adet 9 id nolu coin karşılığında 128 id nolu coin satın aldı. Alıcı almak istediği miktarı aldı. Boş emir açıldı.
TRADE - 2021-01-18 15:04:03 --> (0.36385100 1610971443) trade işleminde  : 6bavdl8dik135r3iu118fe4zxti5 id nolu alıcı hzkkvjc842r2z37h6mfmez0ovbz0 id nolu satıcıdan 0.03192000 fiyatından 13.8389962 adet 9 id nolu coin karşılığında 128 id nolu coin satın aldı. Alıcı almak istediği miktarı aldı. Boş emir açıldı.
TRADE - 2021-01-18 15:51:18 --> (0.23300500 1610974278) trade işleminde  : 6bavdl8dik135r3iu118fe4zxti5 id nolu alıcı n7fo2uy0w8j9pxh9vkh5cii1fotr id nolu satıcıdan 152.65877869 fiyatından 0.00849638 adet 9 id nolu coin karşılığında 2 id nolu coin satın aldı. Alıcı almak istediği miktarı aldı. Boş emir açıldı.
TRADE - 2021-01-18 17:06:32 --> (0.43788400 1610978792) trade işleminde  : 5rtpm94selgrlkrczur3avsu1xev id nolu satıcı 6bavdl8dik135r3iu118fe4zxti5 id nolu alıcıya 0.00411300 fiyatından 0.04000000 adet 1 id nolu coin karşılığında 2 id nolu coin sattı. Emir kapandı.
TRADE - 2021-01-18 17:07:22 --> (0.85832400 1610978842) trade işleminde  : 5rtpm94selgrlkrczur3avsu1xev id nolu alıcı m5r8n8grnxt8tkd7b6l08nwy7w77 id nolu satıcıdan 0.00001340 fiyatından 12.22852802 adet 1 id nolu coin karşılığında 79 id nolu coin satın aldı. Emir kapandı.
TRADE - 2021-01-18 20:18:56 --> (0.81893200 1610990336) trade işleminde  : 6bavdl8dik135r3iu118fe4zxti5 id nolu satıcı n7fo2uy0w8j9pxh9vkh5cii1fotr id nolu alıcıya 0.03067000 fiyatından 42.12156775 adet 9 id nolu coin karşılığında 128 id nolu coin sattı. Emir kapandı.
