TRADE - 2020-11-20 00:08:57 --> (0.74622800 1605820137) trade işleminde  : 6bavdl8dik135r3iu118fe4zxti5 id nolu alıcı sl3ts16q7a9mp6jl8jtaq6qfoj2k id nolu satıcıdan 0.00291300 fiyatından 2619.07051328 adet 9 id nolu coin karşılığında 3 id nolu coin satın aldı. Alıcı almak istediği miktarı aldı. Boş emir açıldı.
TRADE - 2020-11-20 03:40:44 --> (0.55406700 1605832844) trade işleminde  : gl1s7binuyj3t4yhq7kkieql6k60 id nolu satıcı cvmata43uprbtl40jwjol7sw8uv7 id nolu alıcıya 0.00000046 fiyatından 937.00000000 adet 6 id nolu coin karşılığında 122 id nolu coin sattı. Emir kapandı.
TRADE - 2020-11-20 06:15:04 --> (0.72333500 1605842104) trade işleminde  : hzon720zk2cdr3dyllb8pr4yhpae id nolu alıcı gwgvn9fj4jobujl16xk5gy1vey0k id nolu satıcıdan 0.00000413 fiyatından 391047.04595018 adet 9 id nolu coin karşılığında 145 id nolu coin satın aldı. Alıcı almak istediği miktarı aldı. Boş emir açıldı.
TRADE - 2020-11-20 07:53:23 --> (0.98689800 1605848003) trade işleminde  : hzon720zk2cdr3dyllb8pr4yhpae id nolu alıcı hzon720zk2cdr3dyllb8pr4yhpae id nolu satıcıdan 0.00000002 fiyatından 117812.00099800 adet 6 id nolu coin karşılığında 145 id nolu coin satın aldı. Emir kapandı.
TRADE - 2020-11-20 07:53:30 --> (0.44902500 1605848010) trade işleminde  : hzon720zk2cdr3dyllb8pr4yhpae id nolu alıcı hzon720zk2cdr3dyllb8pr4yhpae id nolu satıcıdan 0.00000002 fiyatından 353083.45808383 adet 6 id nolu coin karşılığında 145 id nolu coin satın aldı. Emir kapandı.
TRADE - 2020-11-20 07:53:36 --> (0.94061100 1605848016) trade işleminde  : hzon720zk2cdr3dyllb8pr4yhpae id nolu alıcı hzon720zk2cdr3dyllb8pr4yhpae id nolu satıcıdan 0.00000002 fiyatından 234684.38123752 adet 6 id nolu coin karşılığında 145 id nolu coin satın aldı. Emir kapandı.
TRADE - 2020-11-20 07:53:41 --> (0.09588800 1605848021) trade işleminde  : hzon720zk2cdr3dyllb8pr4yhpae id nolu alıcı hzon720zk2cdr3dyllb8pr4yhpae id nolu satıcıdan 0.00000002 fiyatından 117108.03393214 adet 6 id nolu coin karşılığında 145 id nolu coin satın aldı. Emir kapandı.
TRADE - 2020-11-20 07:53:53 --> (0.70179000 1605848033) trade işleminde  : hzon720zk2cdr3dyllb8pr4yhpae id nolu alıcı hzon720zk2cdr3dyllb8pr4yhpae id nolu satıcıdan 0.00000002 fiyatından 50000.00000000 adet 6 id nolu coin karşılığında 145 id nolu coin satın aldı. Emir kapandı.
TRADE - 2020-11-20 07:53:56 --> (0.02840600 1605848036) trade işleminde  : hzon720zk2cdr3dyllb8pr4yhpae id nolu alıcı hzon720zk2cdr3dyllb8pr4yhpae id nolu satıcıdan 0.00000002 fiyatından 50000.00000000 adet 6 id nolu coin karşılığında 145 id nolu coin satın aldı. Emir kapandı.
TRADE - 2020-11-20 07:53:58 --> (0.45079600 1605848038) trade işleminde  : hzon720zk2cdr3dyllb8pr4yhpae id nolu alıcı hzon720zk2cdr3dyllb8pr4yhpae id nolu satıcıdan 0.00000002 fiyatından 50000.00000000 adet 6 id nolu coin karşılığında 145 id nolu coin satın aldı. Emir kapandı.
TRADE - 2020-11-20 07:54:00 --> (0.59661800 1605848040) trade işleminde  : hzon720zk2cdr3dyllb8pr4yhpae id nolu alıcı hzon720zk2cdr3dyllb8pr4yhpae id nolu satıcıdan 0.00000002 fiyatından 50000.00000000 adet 6 id nolu coin karşılığında 145 id nolu coin satın aldı. Emir kapandı.
TRADE - 2020-11-20 07:54:02 --> (0.98749200 1605848042) trade işleminde  : hzon720zk2cdr3dyllb8pr4yhpae id nolu alıcı hzon720zk2cdr3dyllb8pr4yhpae id nolu satıcıdan 0.00000002 fiyatından 50000.00000000 adet 6 id nolu coin karşılığında 145 id nolu coin satın aldı. Emir kapandı.
TRADE - 2020-11-20 07:54:09 --> (0.29670700 1605848049) trade işleminde  : hzon720zk2cdr3dyllb8pr4yhpae id nolu alıcı hzon720zk2cdr3dyllb8pr4yhpae id nolu satıcıdan 0.00000002 fiyatından 233483.28343313 adet 6 id nolu coin karşılığında 145 id nolu coin satın aldı. Emir kapandı.
TRADE - 2020-11-20 07:54:38 --> (0.97324800 1605848078) trade işleminde  : hzon720zk2cdr3dyllb8pr4yhpae id nolu satıcı 6bavdl8dik135r3iu118fe4zxti5 id nolu alıcıya 486.40999900 fiyatından 0.00933934 adet 9 id nolu coin karşılığında 6 id nolu coin sattı. Emir kapandı.
TRADE - 2020-11-20 07:55:22 --> (0.81211200 1605848122) trade işleminde  : hzon720zk2cdr3dyllb8pr4yhpae id nolu alıcı hq89sanm241lnihbj5b6oqd5z3bh id nolu satıcıdan 0.00000444 fiyatından 25000.00000000 adet 9 id nolu coin karşılığında 145 id nolu coin satın aldı. Emir kapandı.
TRADE - 2020-11-20 07:55:25 --> (0.99728900 1605848125) trade işleminde  : hzon720zk2cdr3dyllb8pr4yhpae id nolu alıcı hq89sanm241lnihbj5b6oqd5z3bh id nolu satıcıdan 0.00000444 fiyatından 25000.00000000 adet 9 id nolu coin karşılığında 145 id nolu coin satın aldı. Emir kapandı.
TRADE - 2020-11-20 07:55:28 --> (0.75310900 1605848128) trade işleminde  : hzon720zk2cdr3dyllb8pr4yhpae id nolu alıcı ebhx9wjf67y4iv1pjb76gbmnkmak id nolu satıcıdan 0.00000444 fiyatından 960 adet 9 id nolu coin karşılığında 145 id nolu coin satın aldı. Emir kapandı.
TRADE - 2020-11-20 07:55:29 --> (0.20460000 1605848129) trade işleminde  : hzon720zk2cdr3dyllb8pr4yhpae id nolu alıcı hq89sanm241lnihbj5b6oqd5z3bh id nolu satıcıdan 0.00000444 fiyatından 25000.00000000 adet 9 id nolu coin karşılığında 145 id nolu coin almak istedi ama satıcının miktarı(24040) yetmedi ve emir tekrar etti.
TRADE - 2020-11-20 07:55:31 --> (0.55017800 1605848131) trade işleminde  : hzon720zk2cdr3dyllb8pr4yhpae id nolu alıcı ebhx9wjf67y4iv1pjb76gbmnkmak id nolu satıcıdan 0.00000444 fiyatından 25000.00000000 adet 9 id nolu coin karşılığında 145 id nolu coin satın aldı. Emir kapandı.
TRADE - 2020-11-20 07:55:33 --> (0.50548200 1605848133) trade işleminde  : hzon720zk2cdr3dyllb8pr4yhpae id nolu alıcı ebhx9wjf67y4iv1pjb76gbmnkmak id nolu satıcıdan 0.00000444 fiyatından 25000.00000000 adet 9 id nolu coin karşılığında 145 id nolu coin satın aldı. Emir kapandı.
TRADE - 2020-11-20 07:55:35 --> (0.24181600 1605848135) trade işleminde  : hzon720zk2cdr3dyllb8pr4yhpae id nolu alıcı ebhx9wjf67y4iv1pjb76gbmnkmak id nolu satıcıdan 0.00000444 fiyatından 25000.00000000 adet 9 id nolu coin karşılığında 145 id nolu coin satın aldı. Emir kapandı.
TRADE - 2020-11-20 07:55:37 --> (0.40645300 1605848137) trade işleminde  : hzon720zk2cdr3dyllb8pr4yhpae id nolu alıcı ebhx9wjf67y4iv1pjb76gbmnkmak id nolu satıcıdan 0.00000444 fiyatından 25000.00000000 adet 9 id nolu coin karşılığında 145 id nolu coin satın aldı. Emir kapandı.
TRADE - 2020-11-20 07:55:39 --> (0.48212200 1605848139) trade işleminde  : hzon720zk2cdr3dyllb8pr4yhpae id nolu alıcı ebhx9wjf67y4iv1pjb76gbmnkmak id nolu satıcıdan 0.00000444 fiyatından 25000.00000000 adet 9 id nolu coin karşılığında 145 id nolu coin satın aldı. Emir kapandı.
TRADE - 2020-11-20 07:55:45 --> (0.91409600 1605848145) trade işleminde  : hzon720zk2cdr3dyllb8pr4yhpae id nolu alıcı ebhx9wjf67y4iv1pjb76gbmnkmak id nolu satıcıdan 0.00000444 fiyatından 374040 adet 9 id nolu coin karşılığında 145 id nolu coin satın aldı. Alıcı almak istediği miktarı aldı. Boş emir açıldı.
TRADE - 2020-11-20 07:56:00 --> (0.21319500 1605848160) trade işleminde  : hzon720zk2cdr3dyllb8pr4yhpae id nolu alıcı ebhx9wjf67y4iv1pjb76gbmnkmak id nolu satıcıdan 0.00000450 fiyatından 25000.00000000 adet 9 id nolu coin karşılığında 145 id nolu coin satın aldı. Emir kapandı.
TRADE - 2020-11-20 07:56:03 --> (0.01642100 1605848163) trade işleminde  : hzon720zk2cdr3dyllb8pr4yhpae id nolu alıcı ebhx9wjf67y4iv1pjb76gbmnkmak id nolu satıcıdan 0.00000450 fiyatından 25000.00000000 adet 9 id nolu coin karşılığında 145 id nolu coin satın aldı. Emir kapandı.
TRADE - 2020-11-20 07:56:05 --> (0.73955800 1605848165) trade işleminde  : hzon720zk2cdr3dyllb8pr4yhpae id nolu alıcı ebhx9wjf67y4iv1pjb76gbmnkmak id nolu satıcıdan 0.00000450 fiyatından 25000.00000000 adet 9 id nolu coin karşılığında 145 id nolu coin satın aldı. Emir kapandı.
TRADE - 2020-11-20 07:56:08 --> (0.45806500 1605848168) trade işleminde  : hzon720zk2cdr3dyllb8pr4yhpae id nolu alıcı ebhx9wjf67y4iv1pjb76gbmnkmak id nolu satıcıdan 0.00000450 fiyatından 25000.00000000 adet 9 id nolu coin karşılığında 145 id nolu coin satın aldı. Emir kapandı.
TRADE - 2020-11-20 07:56:10 --> (0.54698900 1605848170) trade işleminde  : hzon720zk2cdr3dyllb8pr4yhpae id nolu alıcı ebhx9wjf67y4iv1pjb76gbmnkmak id nolu satıcıdan 0.00000450 fiyatından 25000.00000000 adet 9 id nolu coin karşılığında 145 id nolu coin satın aldı. Emir kapandı.
TRADE - 2020-11-20 07:56:14 --> (0.26099300 1605848174) trade işleminde  : hzon720zk2cdr3dyllb8pr4yhpae id nolu alıcı ebhx9wjf67y4iv1pjb76gbmnkmak id nolu satıcıdan 0.00000450 fiyatından 25000.00000000 adet 9 id nolu coin karşılığında 145 id nolu coin satın aldı. Emir kapandı.
TRADE - 2020-11-20 08:07:19 --> (0.02573200 1605848839) trade işleminde  : gwgvn9fj4jobujl16xk5gy1vey0k id nolu satıcı hzon720zk2cdr3dyllb8pr4yhpae id nolu alıcıya 0.00000350 fiyatından 613000.00000000 adet 9 id nolu coin karşılığında 145 id nolu coin sattı. Emir kapandı.
TRADE - 2020-11-20 08:07:52 --> (0.27494300 1605848872) trade işleminde  : gwgvn9fj4jobujl16xk5gy1vey0k id nolu satıcı hzon720zk2cdr3dyllb8pr4yhpae id nolu alıcıya 0.00000350 fiyatından 104576.48702595 adet 9 id nolu coin karşılığında 145 id nolu coin sattı. Emir kapandı.
TRADE - 2020-11-20 08:10:14 --> (0.85505800 1605849014) trade işleminde  : gwgvn9fj4jobujl16xk5gy1vey0k id nolu satıcı hzon720zk2cdr3dyllb8pr4yhpae id nolu alıcıya 0.00000350 fiyatından 807333.13658397 adet 9 id nolu coin karşılığında 145 id nolu coin sattı. Emir kapandı.
TRADE - 2020-11-20 08:10:24 --> (0.54368800 1605849024) trade işleminde  : gwgvn9fj4jobujl16xk5gy1vey0k id nolu satıcı gwgvn9fj4jobujl16xk5gy1vey0k id nolu alıcıya 0.00000316 fiyatından 509043.38474949 adet 9 id nolu coin karşılığında 145 id nolu coin sattı. Emir kapandı.
TRADE - 2020-11-20 12:11:04 --> (0.10021700 1605863464) trade işleminde  : sl3ts16q7a9mp6jl8jtaq6qfoj2k id nolu alıcı 6bavdl8dik135r3iu118fe4zxti5 id nolu satıcıdan 0.00292790 fiyatından 2593.47983214 adet 9 id nolu coin karşılığında 3 id nolu coin satın aldı. Emir kapandı.
TRADE - 2020-11-20 13:22:38 --> (0.82327300 1605867758) trade işleminde  : gwgvn9fj4jobujl16xk5gy1vey0k id nolu alıcı fh1x9rh9o0tuev1we9c5318aq0kb id nolu satıcıdan 0.00000400 fiyatından 3104533 adet 9 id nolu coin karşılığında 145 id nolu coin satın aldı. Alıcı almak istediği miktarı aldı. Boş emir açıldı.
TRADE - 2020-11-20 14:27:31 --> (0.59628700 1605871651) trade işleminde  : 6bavdl8dik135r3iu118fe4zxti5 id nolu alıcı 2e31hw9dnf10txebdcpv5p61gwhy id nolu satıcıdan 0.00296000 fiyatından 2.40272355 adet 9 id nolu coin karşılığında 3 id nolu coin satın aldı. Alıcı almak istediği miktarı aldı. Boş emir açıldı.
TRADE - 2020-11-20 15:21:48 --> (0.22571300 1605874908) trade işleminde  : jfghf63o7th336grfsf91wm6rfsb id nolu alıcı hzon720zk2cdr3dyllb8pr4yhpae id nolu satıcıdan 0.00000380 fiyatından 105.05305179 adet 9 id nolu coin karşılığında 121 id nolu coin satın aldı. Emir kapandı.
TRADE - 2020-11-20 20:23:59 --> (0.76466000 1605893039) trade işleminde  : 6bavdl8dik135r3iu118fe4zxti5 id nolu satıcı dh38yc9ylwpzn2d69bzuzvv1c8jx id nolu alıcıya 0.31725000 fiyatından 2.92539614 adet 9 id nolu coin karşılığında 7 id nolu coin sattı. Emir kapandı.
TRADE - 2020-11-20 21:11:21 --> (0.49921400 1605895881) trade işleminde  : 6bavdl8dik135r3iu118fe4zxti5 id nolu alıcı 2e31hw9dnf10txebdcpv5p61gwhy id nolu satıcıdan 0.02648350 fiyatından 73.68857199 adet 9 id nolu coin karşılığında 128 id nolu coin satın aldı. Alıcı almak istediği miktarı aldı. Boş emir açıldı.
