TRADE - 2021-01-30 00:04:15 --> (0.94974400 1611954255) trade işleminde  : q8plfntvv4qqkpwnrpu6eg1nfc39 id nolu alıcı 6bavdl8dik135r3iu118fe4zxti5 id nolu satıcıdan 0.05197940 fiyatından 0.23837202 adet 9 id nolu coin karşılığında 3 id nolu coin satın aldı. Emir kapandı.
TRADE - 2021-01-30 01:53:09 --> (0.81938800 1611960789) trade işleminde  : 6bavdl8dik135r3iu118fe4zxti5 id nolu satıcı de106q7go2xawwuz1rlfss0fofx9 id nolu alıcıya 0.05100000 fiyatından 0.08984169 adet 9 id nolu coin karşılığında 3 id nolu coin sattı. Emir kapandı.
TRADE - 2021-01-30 01:55:53 --> (0.31882200 1611960953) trade işleminde  : 6bavdl8dik135r3iu118fe4zxti5 id nolu alıcı de106q7go2xawwuz1rlfss0fofx9 id nolu satıcıdan 0.04883860 fiyatından 0.09484169 adet 9 id nolu coin karşılığında 3 id nolu coin satın aldı. Alıcı almak istediği miktarı aldı. Boş emir açıldı.
TRADE - 2021-01-30 02:35:38 --> (0.16952900 1611963338) trade işleminde  : 6bavdl8dik135r3iu118fe4zxti5 id nolu satıcı hzkkvjc842r2z37h6mfmez0ovbz0 id nolu alıcıya 0.04874920 fiyatından 31.77216119 adet 9 id nolu coin karşılığında 3 id nolu coin sattı. Emir kapandı.
TRADE - 2021-01-30 03:23:37 --> (0.39815900 1611966217) trade işleminde  : 41k01a0ov2dp5vrkwo9ds7bw1vut id nolu alıcı 6bavdl8dik135r3iu118fe4zxti5 id nolu satıcıdan 0.01781792 fiyatından 27039.96617404 adet 9 id nolu coin karşılığında 17 id nolu coin satın aldı. Emir kapandı.
TRADE - 2021-01-30 04:24:09 --> (0.75533700 1611969849) trade işleminde  : 6bavdl8dik135r3iu118fe4zxti5 id nolu satıcı de106q7go2xawwuz1rlfss0fofx9 id nolu alıcıya 0.01681192 fiyatından 0.2058117 adet 9 id nolu coin karşılığında 17 id nolu coin sattı. Emir kapandı.
TRADE - 2021-01-30 06:04:31 --> (0.09052100 1611975871) trade işleminde  : 6bavdl8dik135r3iu118fe4zxti5 id nolu satıcı 2py9on8os12i02pzpq42x3h3jnry id nolu alıcıya 0.03950000 fiyatından 73000 adet 9 id nolu coin karşılığında 3 id nolu coin sattı. Emir kapandı.
TRADE - 2021-01-30 06:30:50 --> (0.19938900 1611977450) trade işleminde  : 6bavdl8dik135r3iu118fe4zxti5 id nolu satıcı hkf62k1jtihyeyvih5e42hz0scn5 id nolu alıcıya 0.00000102 fiyatından 10690.15889789 adet 1 id nolu coin karşılığında 3 id nolu coin sattı. Emir kapandı.
TRADE - 2021-01-30 07:17:14 --> (0.28598500 1611980234) trade işleminde  : 33fmwffc94kmstf292pfaz6qbqai id nolu alıcı 6bavdl8dik135r3iu118fe4zxti5 id nolu satıcıdan 0.03397190 fiyatından 622.03837199 adet 9 id nolu coin karşılığında 3 id nolu coin satın aldı. Emir kapandı.
TRADE - 2021-01-30 12:16:40 --> (0.15078500 1611998200) trade işleminde  : la8fvax7tiwkjazsiaoi6c8hb7cj id nolu satıcı 6bavdl8dik135r3iu118fe4zxti5 id nolu alıcıya 1348.41999900 fiyatından 0.00549303 adet 9 id nolu coin karşılığında 6 id nolu coin sattı. Emir kapandı.
TRADE - 2021-01-30 12:18:04 --> (0.77347700 1611998284) trade işleminde  : la8fvax7tiwkjazsiaoi6c8hb7cj id nolu alıcı 6bavdl8dik135r3iu118fe4zxti5 id nolu satıcıdan 0.30000000 fiyatından 24.53552945 adet 9 id nolu coin karşılığında 7 id nolu coin satın aldı. Emir kapandı.
TRADE - 2021-01-30 12:32:33 --> (0.27167800 1611999153) trade işleminde  : 6bavdl8dik135r3iu118fe4zxti5 id nolu satıcı la8fvax7tiwkjazsiaoi6c8hb7cj id nolu alıcıya 0.29852000 fiyatından 0.05700855 adet 9 id nolu coin karşılığında 7 id nolu coin sattı. Emir kapandı.
TRADE - 2021-01-30 14:12:49 --> (0.95370000 1612005169) trade işleminde  : 6bavdl8dik135r3iu118fe4zxti5 id nolu satıcı 332hlb8m2mwubrzabzjzxg8x93yp id nolu alıcıya 0.03949200 fiyatından 0.08453846 adet 1 id nolu coin karşılığında 6 id nolu coin sattı. Emir kapandı.
TRADE - 2021-01-30 14:20:45 --> (0.25496000 1612005645) trade işleminde  : 332hlb8m2mwubrzabzjzxg8x93yp id nolu alıcı 6bavdl8dik135r3iu118fe4zxti5 id nolu satıcıdan 0.00000062 fiyatından 136080.19444981 adet 6 id nolu coin karşılığında 139 id nolu coin satın aldı. Emir kapandı.
TRADE - 2021-01-30 15:20:21 --> (0.17576800 1612009221) trade işleminde  : fj44e71pzte52i5igwc2u137qyx7 id nolu satıcı 6bavdl8dik135r3iu118fe4zxti5 id nolu alıcıya 0.31978000 fiyatından 9.58238978 adet 9 id nolu coin karşılığında 7 id nolu coin sattı. Emir kapandı.
TRADE - 2021-01-30 15:22:04 --> (0.88211300 1612009324) trade işleminde  : fj44e71pzte52i5igwc2u137qyx7 id nolu alıcı hzon720zk2cdr3dyllb8pr4yhpae id nolu satıcıdan 0.00499990 fiyatından 57.22659513 adet 9 id nolu coin karşılığında 152 id nolu coin satın aldı. Emir kapandı.
TRADE - 2021-01-30 15:27:45 --> (0.17964400 1612009665) trade işleminde  : hzon720zk2cdr3dyllb8pr4yhpae id nolu satıcı fj44e71pzte52i5igwc2u137qyx7 id nolu alıcıya 0.00422000 fiyatından 203.40799917 adet 9 id nolu coin karşılığında 152 id nolu coin sattı. Emir kapandı.
TRADE - 2021-01-30 15:27:51 --> (0.35800300 1612009671) trade işleminde  : hzon720zk2cdr3dyllb8pr4yhpae id nolu satıcı fj44e71pzte52i5igwc2u137qyx7 id nolu alıcıya 0.00395200 fiyatından 193.06832249 adet 9 id nolu coin karşılığında 152 id nolu coin sattı. Emir kapandı.
TRADE - 2021-01-30 15:27:54 --> (0.69978100 1612009674) trade işleminde  : hzon720zk2cdr3dyllb8pr4yhpae id nolu satıcı fj44e71pzte52i5igwc2u137qyx7 id nolu alıcıya 0.00373400 fiyatından 306.5101813 adet 9 id nolu coin karşılığında 152 id nolu coin sattı. Emir kapandı.
TRADE - 2021-01-30 17:01:47 --> (0.11718900 1612015307) trade işleminde  : 74djfhy7k2m2lsvbojrk5jx4c9rw id nolu satıcı 6bavdl8dik135r3iu118fe4zxti5 id nolu alıcıya 0.00384400 fiyatından 0.10819000 adet 1 id nolu coin karşılığında 2 id nolu coin sattı. Emir kapandı.
TRADE - 2021-01-30 17:11:48 --> (0.19480000 1612015908) trade işleminde  : 74djfhy7k2m2lsvbojrk5jx4c9rw id nolu satıcı 6bavdl8dik135r3iu118fe4zxti5 id nolu alıcıya 34229.02000000 fiyatından 0.00041505 adet 9 id nolu coin karşılığında 1 id nolu coin sattı. Emir kapandı.
TRADE - 2021-01-30 17:16:09 --> (0.91034900 1612016169) trade işleminde  : 74djfhy7k2m2lsvbojrk5jx4c9rw id nolu alıcı 6bavdl8dik135r3iu118fe4zxti5 id nolu satıcıdan 0.03278420 fiyatından 431.61160430 adet 9 id nolu coin karşılığında 3 id nolu coin satın aldı. Emir kapandı.
TRADE - 2021-01-30 19:09:05 --> (0.54398000 1612022945) trade işleminde  : 74djfhy7k2m2lsvbojrk5jx4c9rw id nolu satıcı 6bavdl8dik135r3iu118fe4zxti5 id nolu alıcıya 0.03103520 fiyatından 431.61160430 adet 9 id nolu coin karşılığında 3 id nolu coin sattı. Emir kapandı.
TRADE - 2021-01-30 19:13:56 --> (0.48045600 1612023236) trade işleminde  : 74djfhy7k2m2lsvbojrk5jx4c9rw id nolu alıcı 6bavdl8dik135r3iu118fe4zxti5 id nolu satıcıdan 0.03005360 fiyatından 443.92947276 adet 9 id nolu coin karşılığında 3 id nolu coin satın aldı. Emir kapandı.
TRADE - 2021-01-30 19:16:43 --> (0.47137200 1612023403) trade işleminde  : 74djfhy7k2m2lsvbojrk5jx4c9rw id nolu satıcı 6bavdl8dik135r3iu118fe4zxti5 id nolu alıcıya 0.02795710 fiyatından 443.92947276 adet 9 id nolu coin karşılığında 3 id nolu coin sattı. Emir kapandı.
TRADE - 2021-01-30 20:00:00 --> (0.21142500 1612026000) trade işleminde  : 6bavdl8dik135r3iu118fe4zxti5 id nolu alıcı wfofq80hkdeydzm9b5z4tadh0xi5 id nolu satıcıdan 0.00001221 fiyatından 49.73447231 adet 1 id nolu coin karşılığında 7 id nolu coin satın aldı. Alıcı almak istediği miktarı aldı. Boş emir açıldı.
TRADE - 2021-01-30 20:01:14 --> (0.13854500 1612026074) trade işleminde  : wfofq80hkdeydzm9b5z4tadh0xi5 id nolu satıcı 6bavdl8dik135r3iu118fe4zxti5 id nolu alıcıya 33983.49000000 fiyatından 0.00060604 adet 9 id nolu coin karşılığında 1 id nolu coin sattı. Emir kapandı.
TRADE - 2021-01-30 20:38:00 --> (0.98493000 1612028280) trade işleminde  : 74djfhy7k2m2lsvbojrk5jx4c9rw id nolu alıcı 6bavdl8dik135r3iu118fe4zxti5 id nolu satıcıdan 0.02878510 fiyatından 10.00000000 adet 9 id nolu coin karşılığında 3 id nolu coin satın aldı. Emir kapandı.
TRADE - 2021-01-30 20:45:10 --> (0.86877100 1612028710) trade işleminde  : 74djfhy7k2m2lsvbojrk5jx4c9rw id nolu satıcı 6bavdl8dik135r3iu118fe4zxti5 id nolu alıcıya 0.02869940 fiyatından 10.00000000 adet 9 id nolu coin karşılığında 3 id nolu coin sattı. Emir kapandı.
TRADE - 2021-01-30 21:03:02 --> (0.75824600 1612029782) trade işleminde  : 6bavdl8dik135r3iu118fe4zxti5 id nolu satıcı wfofq80hkdeydzm9b5z4tadh0xi5 id nolu alıcıya 0.39221000 fiyatından 52.30141326 adet 9 id nolu coin karşılığında 7 id nolu coin sattı. Emir kapandı.
TRADE - 2021-01-30 21:16:09 --> (0.93049900 1612030569) trade işleminde  : t8p0m02dlckywshljthydiw0jv8b id nolu satıcı 6bavdl8dik135r3iu118fe4zxti5 id nolu alıcıya 0.01480150 fiyatından 0.00770583 adet 9 id nolu coin karşılığında 17 id nolu coin sattı. Emir kapandı.
TRADE - 2021-01-30 21:26:23 --> (0.86178900 1612031183) trade işleminde  : t8p0m02dlckywshljthydiw0jv8b id nolu alıcı 6bavdl8dik135r3iu118fe4zxti5 id nolu satıcıdan 0.38172000 fiyatından 0.00029678 adet 9 id nolu coin karşılığında 7 id nolu coin satın aldı. Emir kapandı.
TRADE - 2021-01-30 21:52:47 --> (0.94048300 1612032767) trade işleminde  : 6bavdl8dik135r3iu118fe4zxti5 id nolu alıcı 1s927e3ej1os629ci1m12hqphyag id nolu satıcıdan 0.03993800 fiyatından 0.03678953 adet 1 id nolu coin karşılığında 6 id nolu coin satın aldı. Alıcı almak istediği miktarı aldı. Boş emir açıldı.
TRADE - 2021-01-30 22:05:29 --> (0.28830000 1612033529) trade işleminde  : 6bavdl8dik135r3iu118fe4zxti5 id nolu satıcı 1s927e3ej1os629ci1m12hqphyag id nolu alıcıya 0.00389400 fiyatından 0.37581745 adet 1 id nolu coin karşılığında 2 id nolu coin sattı. Emir kapandı.
TRADE - 2021-01-30 23:44:25 --> (0.34978500 1612039465) trade işleminde  : 2py9on8os12i02pzpq42x3h3jnry id nolu satıcı 6bavdl8dik135r3iu118fe4zxti5 id nolu alıcıya 0.02433560 fiyatından 16443.46 adet 9 id nolu coin karşılığında 3 id nolu coin sattı. Emir kapandı.
TRADE - 2021-01-30 23:44:26 --> (0.35658200 1612039466) trade işleminde  : 2py9on8os12i02pzpq42x3h3jnry id nolu satıcı 6bavdl8dik135r3iu118fe4zxti5 id nolu alıcıya 0.02434960 fiyatından 73000.00000000 adet 9 id nolu coin karşılığında 3 id nolu coini satmak istedi ama alıcının miktarı(56556.54) yetmedi ve emir tekrar etti.
TRADE - 2021-01-30 23:54:53 --> (0.77181100 1612040093) trade işleminde  : 6bavdl8dik135r3iu118fe4zxti5 id nolu satıcı 2py9on8os12i02pzpq42x3h3jnry id nolu alıcıya 34275.00000000 fiyatından 0.05169694 adet 9 id nolu coin karşılığında 1 id nolu coin sattı. Emir kapandı.
