TRADE - 2021-02-01 00:07:08 --> (0.01516900 1612127228) trade işleminde  : ltfttklk4w2wy6q9pt0oha2xzqpr id nolu alıcı 6bavdl8dik135r3iu118fe4zxti5 id nolu satıcıdan 0.00000098 fiyatından 725.15173734 adet 1 id nolu coin karşılığında 128 id nolu coin satın aldı. Emir kapandı.
TRADE - 2021-02-01 00:12:06 --> (0.84505500 1612127526) trade işleminde  : 33fmwffc94kmstf292pfaz6qbqai id nolu satıcı 6bavdl8dik135r3iu118fe4zxti5 id nolu alıcıya 0.04063650 fiyatından 622.03837199 adet 9 id nolu coin karşılığında 3 id nolu coin sattı. Emir kapandı.
TRADE - 2021-02-01 00:17:18 --> (0.95981400 1612127838) trade işleminde  : 6bavdl8dik135r3iu118fe4zxti5 id nolu alıcı q8plfntvv4qqkpwnrpu6eg1nfc39 id nolu satıcıdan 0.04110020 fiyatından 315.10988419 adet 9 id nolu coin karşılığında 3 id nolu coin satın aldı. Alıcı almak istediği miktarı aldı. Boş emir açıldı.
TRADE - 2021-02-01 01:31:07 --> (0.05238900 1612132267) trade işleminde  : 33fmwffc94kmstf292pfaz6qbqai id nolu alıcı 6bavdl8dik135r3iu118fe4zxti5 id nolu satıcıdan 0.03724390 fiyatından 337.99567542 adet 9 id nolu coin karşılığında 3 id nolu coin satın aldı. Emir kapandı.
TRADE - 2021-02-01 02:07:04 --> (0.24284000 1612134424) trade işleminde  : 6bavdl8dik135r3iu118fe4zxti5 id nolu alıcı 33fmwffc94kmstf292pfaz6qbqai id nolu satıcıdan 0.03880000 fiyatından 337.99567542 adet 9 id nolu coin karşılığında 3 id nolu coin satın aldı. Alıcı almak istediği miktarı aldı. Boş emir açıldı.
TRADE - 2021-02-01 02:12:20 --> (0.79718200 1612134740) trade işleminde  : 6bavdl8dik135r3iu118fe4zxti5 id nolu satıcı q8plfntvv4qqkpwnrpu6eg1nfc39 id nolu alıcıya 0.48141000 fiyatından 26.79535381 adet 9 id nolu coin karşılığında 7 id nolu coin sattı. Emir kapandı.
TRADE - 2021-02-01 03:39:58 --> (0.44822600 1612139998) trade işleminde  : 33fmwffc94kmstf292pfaz6qbqai id nolu alıcı 6bavdl8dik135r3iu118fe4zxti5 id nolu satıcıdan 0.03598160 fiyatından 712.86871945 adet 9 id nolu coin karşılığında 3 id nolu coin satın aldı. Emir kapandı.
TRADE - 2021-02-01 07:05:07 --> (0.50106400 1612152307) trade işleminde  : 6bavdl8dik135r3iu118fe4zxti5 id nolu alıcı 33fmwffc94kmstf292pfaz6qbqai id nolu satıcıdan 0.03821000 fiyatından 712.86871945 adet 9 id nolu coin karşılığında 3 id nolu coin satın aldı. Alıcı almak istediği miktarı aldı. Boş emir açıldı.
TRADE - 2021-02-01 09:33:33 --> (0.67831600 1612161213) trade işleminde  : 74djfhy7k2m2lsvbojrk5jx4c9rw id nolu satıcı 6bavdl8dik135r3iu118fe4zxti5 id nolu alıcıya 0.04110630 fiyatından 13940.40000000 adet 9 id nolu coin karşılığında 3 id nolu coin sattı. Emir kapandı.
TRADE - 2021-02-01 09:33:38 --> (0.64915900 1612161218) trade işleminde  : 74djfhy7k2m2lsvbojrk5jx4c9rw id nolu satıcı 6bavdl8dik135r3iu118fe4zxti5 id nolu alıcıya 0.04110630 fiyatından 697.02000000 adet 9 id nolu coin karşılığında 3 id nolu coin sattı. Emir kapandı.
TRADE - 2021-02-01 09:39:53 --> (0.49891400 1612161593) trade işleminde  : 74djfhy7k2m2lsvbojrk5jx4c9rw id nolu alıcı 6bavdl8dik135r3iu118fe4zxti5 id nolu satıcıdan 0.04028270 fiyatından 7520.54 adet 9 id nolu coin karşılığında 3 id nolu coin satın aldı. Alıcı almak istediği miktarı aldı. Boş emir açıldı.
TRADE - 2021-02-01 09:40:06 --> (0.48947400 1612161606) trade işleminde  : 74djfhy7k2m2lsvbojrk5jx4c9rw id nolu alıcı 6bavdl8dik135r3iu118fe4zxti5 id nolu satıcıdan 0.04034140 fiyatından 6294.18 adet 9 id nolu coin karşılığında 3 id nolu coin satın aldı. Alıcı almak istediği miktarı aldı. Boş emir açıldı.
TRADE - 2021-02-01 09:40:14 --> (0.29436300 1612161614) trade işleminde  : 74djfhy7k2m2lsvbojrk5jx4c9rw id nolu alıcı 6bavdl8dik135r3iu118fe4zxti5 id nolu satıcıdan 0.04038440 fiyatından 999.99000000 adet 9 id nolu coin karşılığında 3 id nolu coin satın aldı. Emir kapandı.
TRADE - 2021-02-01 09:40:40 --> (0.76345400 1612161640) trade işleminde  : 6bavdl8dik135r3iu118fe4zxti5 id nolu alıcı wfofq80hkdeydzm9b5z4tadh0xi5 id nolu satıcıdan 34094.52000000 fiyatından 0.00071823 adet 9 id nolu coin karşılığında 1 id nolu coin satın aldı. Alıcı almak istediği miktarı aldı. Boş emir açıldı.
TRADE - 2021-02-01 09:41:11 --> (0.71347000 1612161671) trade işleminde  : 74djfhy7k2m2lsvbojrk5jx4c9rw id nolu satıcı 6bavdl8dik135r3iu118fe4zxti5 id nolu alıcıya 0.04034600 fiyatından 14108.83000000 adet 9 id nolu coin karşılığında 3 id nolu coin sattı. Emir kapandı.
TRADE - 2021-02-01 09:41:58 --> (0.69521000 1612161718) trade işleminde  : 6bavdl8dik135r3iu118fe4zxti5 id nolu alıcı 74djfhy7k2m2lsvbojrk5jx4c9rw id nolu satıcıdan 0.04034600 fiyatından 705.44 adet 9 id nolu coin karşılığında 3 id nolu coin satın aldı. Alıcı almak istediği miktarı aldı. Boş emir açıldı.
TRADE - 2021-02-01 09:59:34 --> (0.42498200 1612162774) trade işleminde  : hzon720zk2cdr3dyllb8pr4yhpae id nolu alıcı 6bavdl8dik135r3iu118fe4zxti5 id nolu satıcıdan 33518.40000000 fiyatından 0.00012480 adet 9 id nolu coin karşılığında 1 id nolu coin satın aldı. Emir kapandı.
TRADE - 2021-02-01 10:02:41 --> (0.57102600 1612162961) trade işleminde  : hzon720zk2cdr3dyllb8pr4yhpae id nolu satıcı 6bavdl8dik135r3iu118fe4zxti5 id nolu alıcıya 33437.50000000 fiyatından 0.00012480 adet 9 id nolu coin karşılığında 1 id nolu coin sattı. Emir kapandı.
TRADE - 2021-02-01 10:04:18 --> (0.16461900 1612163058) trade işleminde  : hzon720zk2cdr3dyllb8pr4yhpae id nolu alıcı hzon720zk2cdr3dyllb8pr4yhpae id nolu satıcıdan 0.00009999 fiyatından 20827.33942057 adet 9 id nolu coin karşılığında 141 id nolu coin satın aldı. Emir kapandı.
TRADE - 2021-02-01 10:04:43 --> (0.71590400 1612163083) trade işleminde  : hzon720zk2cdr3dyllb8pr4yhpae id nolu alıcı hzon720zk2cdr3dyllb8pr4yhpae id nolu satıcıdan 0.00009999 fiyatından 41571.53579629 adet 9 id nolu coin karşılığında 141 id nolu coin satın aldı. Emir kapandı.
TRADE - 2021-02-01 10:04:58 --> (0.45643600 1612163098) trade işleminde  : hzon720zk2cdr3dyllb8pr4yhpae id nolu alıcı hzon720zk2cdr3dyllb8pr4yhpae id nolu satıcıdan 0.00009999 fiyatından 40000.00000000 adet 9 id nolu coin karşılığında 141 id nolu coin satın aldı. Emir kapandı.
TRADE - 2021-02-01 10:31:52 --> (0.08907100 1612164712) trade işleminde  : hzon720zk2cdr3dyllb8pr4yhpae id nolu alıcı hzon720zk2cdr3dyllb8pr4yhpae id nolu satıcıdan 0.00100000 fiyatından 723.01445110 adet 9 id nolu coin karşılığında 141 id nolu coin satın aldı. Emir kapandı.
TRADE - 2021-02-01 12:31:52 --> (0.54472500 1612171912) trade işleminde  : zutf3hlmmhldwzlv7vdc8339s7ej id nolu satıcı gx7qzkjjwwsge3efsncnlq5nbvc3 id nolu alıcıya 0.00000020 fiyatından 6037.00000000 adet 1 id nolu coin karşılığında 161 id nolu coin sattı. Emir kapandı.
TRADE - 2021-02-01 12:32:43 --> (0.73769600 1612171963) trade işleminde  : zutf3hlmmhldwzlv7vdc8339s7ej id nolu satıcı 6bavdl8dik135r3iu118fe4zxti5 id nolu alıcıya 0.00000018 fiyatından 3373.35559183 adet 1 id nolu coin karşılığında 161 id nolu coin sattı. Emir kapandı.
TRADE - 2021-02-01 12:32:44 --> (0.44280200 1612171964) trade işleminde  : zutf3hlmmhldwzlv7vdc8339s7ej id nolu satıcı 6bavdl8dik135r3iu118fe4zxti5 id nolu alıcıya 0.00000019 fiyatından 3962.23980183 adet 1 id nolu coin karşılığında 161 id nolu coini satmak istedi ama alıcının miktarı(588.88421) yetmedi ve emir tekrar etti.
TRADE - 2021-02-01 12:32:45 --> (0.07048700 1612171965) trade işleminde  : zutf3hlmmhldwzlv7vdc8339s7ej id nolu satıcı gx7qzkjjwwsge3efsncnlq5nbvc3 id nolu alıcıya 0.00000020 fiyatından 3963.00000000 adet 1 id nolu coin karşılığında 161 id nolu coini satmak istedi ama alıcının miktarı(0.76019817) yetmedi ve emir tekrar etti.
TRADE - 2021-02-01 12:33:15 --> (0.03805700 1612171995) trade işleminde  : hzon720zk2cdr3dyllb8pr4yhpae id nolu satıcı hzon720zk2cdr3dyllb8pr4yhpae id nolu alıcıya 0.00015000 fiyatından 100 adet 9 id nolu coin karşılığında 141 id nolu coin sattı. Alıcının miktarı yetmedi ve eşleşen bir fiyat olmadığı için 248049.0509965 adet satış emri açıldı.
TRADE - 2021-02-01 12:33:15 --> (0.54009900 1612171995) trade işleminde  : hzon720zk2cdr3dyllb8pr4yhpae id nolu satıcı hzon720zk2cdr3dyllb8pr4yhpae id nolu alıcıya 0.00020000 fiyatından 248249.0509965 adet 9 id nolu coin karşılığında 141 id nolu coini satmak istedi ama alıcının miktarı(100) yetmedi ve emir tekrar etti.
TRADE - 2021-02-01 12:33:16 --> (0.17196700 1612171996) trade işleminde  : hzon720zk2cdr3dyllb8pr4yhpae id nolu satıcı hzon720zk2cdr3dyllb8pr4yhpae id nolu alıcıya 0.00030000 fiyatından 248349.0509965 adet 9 id nolu coin karşılığında 141 id nolu coini satmak istedi ama alıcının miktarı(100) yetmedi ve emir tekrar etti.
TRADE - 2021-02-01 12:33:17 --> (0.09175900 1612171997) trade işleminde  : hzon720zk2cdr3dyllb8pr4yhpae id nolu satıcı hzon720zk2cdr3dyllb8pr4yhpae id nolu alıcıya 0.00040000 fiyatından 248449.0509965 adet 9 id nolu coin karşılığında 141 id nolu coini satmak istedi ama alıcının miktarı(100) yetmedi ve emir tekrar etti.
TRADE - 2021-02-01 12:33:17 --> (0.85011200 1612171997) trade işleminde  : hzon720zk2cdr3dyllb8pr4yhpae id nolu satıcı hzon720zk2cdr3dyllb8pr4yhpae id nolu alıcıya 0.00045000 fiyatından 248549.0509965 adet 9 id nolu coin karşılığında 141 id nolu coini satmak istedi ama alıcının miktarı(100) yetmedi ve emir tekrar etti.
TRADE - 2021-02-01 12:33:18 --> (0.81099500 1612171998) trade işleminde  : hzon720zk2cdr3dyllb8pr4yhpae id nolu satıcı hzon720zk2cdr3dyllb8pr4yhpae id nolu alıcıya 0.00050000 fiyatından 248649.05099650 adet 9 id nolu coin karşılığında 141 id nolu coini satmak istedi ama alıcının miktarı(100) yetmedi ve emir tekrar etti.
TRADE - 2021-02-01 12:33:48 --> (0.82378800 1612172028) trade işleminde  : zutf3hlmmhldwzlv7vdc8339s7ej id nolu alıcı 6bavdl8dik135r3iu118fe4zxti5 id nolu satıcıdan 0.00001927 fiyatından 99.58236097 adet 1 id nolu coin karşılığında 7 id nolu coin satın aldı. Emir kapandı.
TRADE - 2021-02-01 12:59:41 --> (0.22612100 1612173581) trade işleminde  : hzon720zk2cdr3dyllb8pr4yhpae id nolu alıcı 6bavdl8dik135r3iu118fe4zxti5 id nolu satıcıdan 0.03395000 fiyatından 133.55996461 adet 9 id nolu coin karşılığında 128 id nolu coin satın aldı. Emir kapandı.
TRADE - 2021-02-01 13:23:47 --> (0.00681600 1612175027) trade işleminde  : mos2e7ikf2bupbanza57ecat03fq id nolu alıcı 6bavdl8dik135r3iu118fe4zxti5 id nolu satıcıdan 0.00000119 fiyatından 1433.00000000 adet 1 id nolu coin karşılığında 3 id nolu coin satın aldı. Emir kapandı.
TRADE - 2021-02-01 16:15:45 --> (0.22453700 1612185345) trade işleminde  : 6bavdl8dik135r3iu118fe4zxti5 id nolu alıcı mos2e7ikf2bupbanza57ecat03fq id nolu satıcıdan 0.00000125 fiyatından 1433 adet 1 id nolu coin karşılığında 3 id nolu coin satın aldı. Alıcı almak istediği miktarı aldı. Boş emir açıldı.
TRADE - 2021-02-01 17:20:24 --> (0.48151300 1612189224) trade işleminde  : 6bavdl8dik135r3iu118fe4zxti5 id nolu satıcı mos2e7ikf2bupbanza57ecat03fq id nolu alıcıya 0.00000116 fiyatından 1539 adet 1 id nolu coin karşılığında 3 id nolu coin sattı. Emir kapandı.
TRADE - 2021-02-01 17:44:15 --> (0.48991600 1612190655) trade işleminde  : 1f9uj055dpl3ctjd6cogc3ist51p id nolu alıcı t3g2d0atcbqy2qxgonluub2p9sxo id nolu satıcıdan 0.00005008 fiyatından 129417.59674106 adet 9 id nolu coin karşılığında 55 id nolu coin satın aldı. Satıcının miktarı yetmedi ve eşleşen bir fiyat olmadığı için 817582.40325894 adet alış emri açıldı.
TRADE - 2021-02-01 20:16:15 --> (0.97467400 1612199775) trade işleminde  : 143f8yw0v6pievb0gy66o5bupwg4 id nolu alıcı 6bavdl8dik135r3iu118fe4zxti5 id nolu satıcıdan 0.00001141 fiyatından 115.57341058 adet 1 id nolu coin karşılığında 7 id nolu coin satın aldı. Emir kapandı.
TRADE - 2021-02-01 21:48:24 --> (0.84383600 1612205304) trade işleminde  : hzon720zk2cdr3dyllb8pr4yhpae id nolu satıcı wfofq80hkdeydzm9b5z4tadh0xi5 id nolu alıcıya 0.00010000 fiyatından 239520.99790419 adet 9 id nolu coin karşılığında 141 id nolu coin sattı. Alıcının miktarı yetmedi ve eşleşen bir fiyat olmadığı için 9751.06754341 adet satış emri açıldı.
TRADE - 2021-02-01 21:48:25 --> (0.45646900 1612205305) trade işleminde  : hzon720zk2cdr3dyllb8pr4yhpae id nolu satıcı hzon720zk2cdr3dyllb8pr4yhpae id nolu alıcıya 0.00010000 fiyatından 249372.06544760 adet 9 id nolu coin karşılığında 141 id nolu coini satmak istedi ama alıcının miktarı(100) yetmedi ve emir tekrar etti.
TRADE - 2021-02-01 23:18:04 --> (0.28977600 1612210684) trade işleminde  : hzon720zk2cdr3dyllb8pr4yhpae id nolu alıcı 6bavdl8dik135r3iu118fe4zxti5 id nolu satıcıdan 0.03262000 fiyatından 617.10382699 adet 9 id nolu coin karşılığında 128 id nolu coin satın aldı. Emir kapandı.
