TRADE - 2021-02-25 00:06:15 --> (0.01871400 1614200775) trade işleminde  : ln5jf76bbqw6cxr79jyabj5tx3ij id nolu alıcı 6bavdl8dik135r3iu118fe4zxti5 id nolu satıcıdan 27.44130000 fiyatından 3.64414222 adet 9 id nolu coin karşılığında 163 id nolu coin satın aldı. Emir kapandı.
TRADE - 2021-02-25 00:06:23 --> (0.95426600 1614200783) trade işleminde  : ln5jf76bbqw6cxr79jyabj5tx3ij id nolu satıcı 6bavdl8dik135r3iu118fe4zxti5 id nolu alıcıya 0.00056607 fiyatından 3.62490664 adet 1 id nolu coin karşılığında 163 id nolu coin sattı. Emir kapandı.
TRADE - 2021-02-25 00:08:02 --> (0.52263700 1614200882) trade işleminde  : ln5jf76bbqw6cxr79jyabj5tx3ij id nolu satıcı 6bavdl8dik135r3iu118fe4zxti5 id nolu alıcıya 48739.09000000 fiyatından 0.00133567 adet 9 id nolu coin karşılığında 1 id nolu coin sattı. Emir kapandı.
TRADE - 2021-02-25 01:04:34 --> (0.04835600 1614204274) trade işleminde  : ln5jf76bbqw6cxr79jyabj5tx3ij id nolu alıcı 6bavdl8dik135r3iu118fe4zxti5 id nolu satıcıdan 0.00358700 fiyatından 0.04687204 adet 1 id nolu coin karşılığında 2 id nolu coin satın aldı. Emir kapandı.
TRADE - 2021-02-25 01:04:35 --> (0.06640100 1614204275) trade işleminde  : ln5jf76bbqw6cxr79jyabj5tx3ij id nolu alıcı 6bavdl8dik135r3iu118fe4zxti5 id nolu satıcıdan 0.00359200 fiyatından 0.06687204 adet 1 id nolu coin karşılığında 2 id nolu coin almak istedi ama satıcının miktarı(0.02) yetmedi ve emir tekrar etti.
TRADE - 2021-02-25 01:04:45 --> (0.99590300 1614204285) trade işleminde  : ln5jf76bbqw6cxr79jyabj5tx3ij id nolu satıcı 6bavdl8dik135r3iu118fe4zxti5 id nolu alıcıya 175.54000000 fiyatından 0.03691781 adet 9 id nolu coin karşılığında 2 id nolu coin sattı. Emir kapandı.
TRADE - 2021-02-25 01:04:46 --> (0.75836800 1614204286) trade işleminde  : ln5jf76bbqw6cxr79jyabj5tx3ij id nolu satıcı 6bavdl8dik135r3iu118fe4zxti5 id nolu alıcıya 175.91000000 fiyatından 0.06899381 adet 9 id nolu coin karşılığında 2 id nolu coini satmak istedi ama alıcının miktarı(0.032076) yetmedi ve emir tekrar etti.
TRADE - 2021-02-25 10:56:17 --> (0.95043600 1614239777) trade işleminde  : ln5jf76bbqw6cxr79jyabj5tx3ij id nolu alıcı 6bavdl8dik135r3iu118fe4zxti5 id nolu satıcıdan 0.00054375 fiyatından 1.83908046 adet 1 id nolu coin karşılığında 163 id nolu coin satın aldı. Emir kapandı.
TRADE - 2021-02-25 10:56:29 --> (0.61304900 1614239789) trade işleminde  : ln5jf76bbqw6cxr79jyabj5tx3ij id nolu satıcı 6bavdl8dik135r3iu118fe4zxti5 id nolu alıcıya 28.19600000 fiyatından 1.50293872 adet 9 id nolu coin karşılığında 163 id nolu coin sattı. Emir kapandı.
TRADE - 2021-02-25 10:56:30 --> (0.14357300 1614239790) trade işleminde  : ln5jf76bbqw6cxr79jyabj5tx3ij id nolu satıcı 6bavdl8dik135r3iu118fe4zxti5 id nolu alıcıya 28.19910000 fiyatından 1.85693872 adet 9 id nolu coin karşılığında 163 id nolu coini satmak istedi ama alıcının miktarı(0.354) yetmedi ve emir tekrar etti.
TRADE - 2021-02-25 10:56:38 --> (0.89604900 1614239798) trade işleminde  : ln5jf76bbqw6cxr79jyabj5tx3ij id nolu alıcı 6bavdl8dik135r3iu118fe4zxti5 id nolu satıcıdan 50447.42000000 fiyatından 0.00102791 adet 9 id nolu coin karşılığında 1 id nolu coin satın aldı. Emir kapandı.
TRADE - 2021-02-25 12:12:21 --> (0.61723900 1614244341) trade işleminde  : ln5jf76bbqw6cxr79jyabj5tx3ij id nolu alıcı 6bavdl8dik135r3iu118fe4zxti5 id nolu satıcıdan 0.00360400 fiyatından 0.27746947 adet 1 id nolu coin karşılığında 2 id nolu coin satın aldı. Emir kapandı.
TRADE - 2021-02-25 12:12:36 --> (0.05881300 1614244356) trade işleminde  : ln5jf76bbqw6cxr79jyabj5tx3ij id nolu satıcı 6bavdl8dik135r3iu118fe4zxti5 id nolu alıcıya 179.84000000 fiyatından 0.27538471 adet 9 id nolu coin karşılığında 2 id nolu coin sattı. Emir kapandı.
TRADE - 2021-02-25 12:12:43 --> (0.67158500 1614244363) trade işleminde  : ln5jf76bbqw6cxr79jyabj5tx3ij id nolu alıcı 6bavdl8dik135r3iu118fe4zxti5 id nolu satıcıdan 49324.71000000 fiyatından 0.00101166 adet 9 id nolu coin karşılığında 1 id nolu coin satın aldı. Emir kapandı.
TRADE - 2021-02-25 12:12:52 --> (0.46496100 1614244372) trade işleminde  : ln5jf76bbqw6cxr79jyabj5tx3ij id nolu alıcı 6bavdl8dik135r3iu118fe4zxti5 id nolu satıcıdan 0.00360400 fiyatından 0.27746947 adet 1 id nolu coin karşılığında 2 id nolu coin satın aldı. Emir kapandı.
TRADE - 2021-02-25 13:48:21 --> (0.43476400 1614250101) trade işleminde  : ln5jf76bbqw6cxr79jyabj5tx3ij id nolu satıcı 6bavdl8dik135r3iu118fe4zxti5 id nolu alıcıya 181.22000000 fiyatından 0.045 adet 9 id nolu coin karşılığında 2 id nolu coin sattı. Alıcının miktarı yetmedi ve eşleşen bir fiyat olmadığı için 0.15008962 adet satış emri açıldı.
TRADE - 2021-02-25 13:48:22 --> (0.72788900 1614250102) trade işleminde  : ln5jf76bbqw6cxr79jyabj5tx3ij id nolu satıcı 6bavdl8dik135r3iu118fe4zxti5 id nolu alıcıya 181.65000000 fiyatından 0.27744862 adet 9 id nolu coin karşılığında 2 id nolu coini satmak istedi ama alıcının miktarı(0.082359) yetmedi ve emir tekrar etti.
TRADE - 2021-02-25 13:48:33 --> (0.12028000 1614250113) trade işleminde  : ln5jf76bbqw6cxr79jyabj5tx3ij id nolu alıcı 6bavdl8dik135r3iu118fe4zxti5 id nolu satıcıdan 49195.71000000 fiyatından 0.00041034 adet 9 id nolu coin karşılığında 1 id nolu coin satın aldı. Emir kapandı.
TRADE - 2021-02-25 13:50:16 --> (0.24330300 1614250216) trade işleminde  : ln5jf76bbqw6cxr79jyabj5tx3ij id nolu alıcı 6bavdl8dik135r3iu118fe4zxti5 id nolu satıcıdan 0.00055229 fiyatından 1.81064295 adet 1 id nolu coin karşılığında 163 id nolu coin satın aldı. Emir kapandı.
TRADE - 2021-02-25 13:50:33 --> (0.89658700 1614250233) trade işleminde  : ln5jf76bbqw6cxr79jyabj5tx3ij id nolu satıcı 6bavdl8dik135r3iu118fe4zxti5 id nolu alıcıya 27.43260000 fiyatından 1.81110591 adet 9 id nolu coin karşılığında 163 id nolu coin sattı. Emir kapandı.
TRADE - 2021-02-25 13:50:48 --> (0.58646400 1614250248) trade işleminde  : ln5jf76bbqw6cxr79jyabj5tx3ij id nolu alıcı 6bavdl8dik135r3iu118fe4zxti5 id nolu satıcıdan 49195.71000000 fiyatından 0.00100965 adet 9 id nolu coin karşılığında 1 id nolu coin satın aldı. Emir kapandı.
TRADE - 2021-02-25 13:50:58 --> (0.59589200 1614250258) trade işleminde  : ln5jf76bbqw6cxr79jyabj5tx3ij id nolu alıcı 6bavdl8dik135r3iu118fe4zxti5 id nolu satıcıdan 0.00055229 fiyatından 1.81064295 adet 1 id nolu coin karşılığında 163 id nolu coin satın aldı. Emir kapandı.
TRADE - 2021-02-25 13:51:06 --> (0.86776800 1614250266) trade işleminde  : ln5jf76bbqw6cxr79jyabj5tx3ij id nolu satıcı 6bavdl8dik135r3iu118fe4zxti5 id nolu alıcıya 27.43260000 fiyatından 1.81064758 adet 9 id nolu coin karşılığında 163 id nolu coin sattı. Emir kapandı.
TRADE - 2021-02-25 13:51:21 --> (0.97432900 1614250281) trade işleminde  : ln5jf76bbqw6cxr79jyabj5tx3ij id nolu alıcı 6bavdl8dik135r3iu118fe4zxti5 id nolu satıcıdan 49195.71000000 fiyatından 0.00100965 adet 9 id nolu coin karşılığında 1 id nolu coin satın aldı. Emir kapandı.
TRADE - 2021-02-25 15:02:23 --> (0.39325100 1614254543) trade işleminde  : ln5jf76bbqw6cxr79jyabj5tx3ij id nolu alıcı 6bavdl8dik135r3iu118fe4zxti5 id nolu satıcıdan 194.34000000 fiyatından 0.41053281 adet 9 id nolu coin karşılığında 2 id nolu coin satın aldı. Emir kapandı.
TRADE - 2021-02-25 15:02:24 --> (0.27953600 1614254544) trade işleminde  : ln5jf76bbqw6cxr79jyabj5tx3ij id nolu alıcı 6bavdl8dik135r3iu118fe4zxti5 id nolu satıcıdan 194.32000000 fiyatından 0.51457281 adet 9 id nolu coin karşılığında 2 id nolu coin almak istedi ama satıcının miktarı(0.10404) yetmedi ve emir tekrar etti.
TRADE - 2021-02-25 15:02:40 --> (0.18210300 1614254560) trade işleminde  : ln5jf76bbqw6cxr79jyabj5tx3ij id nolu satıcı 6bavdl8dik135r3iu118fe4zxti5 id nolu alıcıya 0.00389400 fiyatından 0.66079030 adet 1 id nolu coin karşılığında 2 id nolu coin sattı. Emir kapandı.
TRADE - 2021-02-25 15:02:48 --> (0.34011800 1614254568) trade işleminde  : ln5jf76bbqw6cxr79jyabj5tx3ij id nolu satıcı 6bavdl8dik135r3iu118fe4zxti5 id nolu alıcıya 50450.00000000 fiyatından 0.00200374 adet 9 id nolu coin karşılığında 1 id nolu coin sattı. Emir kapandı.
TRADE - 2021-02-25 15:56:19 --> (0.41995700 1614257779) trade işleminde  : ln5jf76bbqw6cxr79jyabj5tx3ij id nolu alıcı 6bavdl8dik135r3iu118fe4zxti5 id nolu satıcıdan 197.52000000 fiyatından 0.50627784 adet 9 id nolu coin karşılığında 2 id nolu coin satın aldı. Emir kapandı.
TRADE - 2021-02-25 15:56:27 --> (0.37906900 1614257787) trade işleminde  : ln5jf76bbqw6cxr79jyabj5tx3ij id nolu satıcı 6bavdl8dik135r3iu118fe4zxti5 id nolu alıcıya 0.00389000 fiyatından 0.50782296 adet 1 id nolu coin karşılığında 2 id nolu coin sattı. Emir kapandı.
TRADE - 2021-02-25 15:56:35 --> (0.61586300 1614257795) trade işleminde  : ln5jf76bbqw6cxr79jyabj5tx3ij id nolu satıcı 6bavdl8dik135r3iu118fe4zxti5 id nolu alıcıya 51353.78000000 fiyatından 0.00196942 adet 9 id nolu coin karşılığında 1 id nolu coin sattı. Emir kapandı.
TRADE - 2021-02-25 15:57:09 --> (0.16721200 1614257829) trade işleminde  : ln5jf76bbqw6cxr79jyabj5tx3ij id nolu satıcı 6bavdl8dik135r3iu118fe4zxti5 id nolu alıcıya 51353.78000000 fiyatından 0.00100000 adet 9 id nolu coin karşılığında 1 id nolu coin sattı. Emir kapandı.
TRADE - 2021-02-25 15:57:20 --> (0.90151000 1614257840) trade işleminde  : ln5jf76bbqw6cxr79jyabj5tx3ij id nolu alıcı 6bavdl8dik135r3iu118fe4zxti5 id nolu satıcıdan 1631.46000100 fiyatından 0.03147719 adet 9 id nolu coin karşılığında 6 id nolu coin satın aldı. Emir kapandı.
TRADE - 2021-02-25 16:03:17 --> (0.74843300 1614258197) trade işleminde  : ln5jf76bbqw6cxr79jyabj5tx3ij id nolu alıcı 6bavdl8dik135r3iu118fe4zxti5 id nolu satıcıdan 0.00390300 fiyatından 0.25621316 adet 1 id nolu coin karşılığında 2 id nolu coin satın aldı. Emir kapandı.
TRADE - 2021-02-25 16:03:23 --> (0.99154700 1614258203) trade işleminde  : 6bavdl8dik135r3iu118fe4zxti5 id nolu alıcı ln5jf76bbqw6cxr79jyabj5tx3ij id nolu satıcıdan 0.03205699 fiyatından 0.03147719 adet 1 id nolu coin karşılığında 6 id nolu coin satın aldı. Alıcı almak istediği miktarı aldı. Boş emir açıldı.
TRADE - 2021-02-25 16:03:25 --> (0.99501300 1614258205) trade işleminde  : ln5jf76bbqw6cxr79jyabj5tx3ij id nolu satıcı 6bavdl8dik135r3iu118fe4zxti5 id nolu alıcıya 202.55000000 fiyatından 0.25872926 adet 9 id nolu coin karşılığında 2 id nolu coin sattı. Emir kapandı.
TRADE - 2021-02-25 16:03:41 --> (0.89868100 1614258221) trade işleminde  : ln5jf76bbqw6cxr79jyabj5tx3ij id nolu alıcı 6bavdl8dik135r3iu118fe4zxti5 id nolu satıcıdan 51356.02000000 fiyatından 0.00101051 adet 9 id nolu coin karşılığında 1 id nolu coin satın aldı. Emir kapandı.
TRADE - 2021-02-25 16:08:19 --> (0.65662700 1614258499) trade işleminde  : ln5jf76bbqw6cxr79jyabj5tx3ij id nolu alıcı 6bavdl8dik135r3iu118fe4zxti5 id nolu satıcıdan 0.03207900 fiyatından 0.03117304 adet 1 id nolu coin karşılığında 6 id nolu coin satın aldı. Emir kapandı.
TRADE - 2021-02-25 16:08:27 --> (0.41215300 1614258507) trade işleminde  : ln5jf76bbqw6cxr79jyabj5tx3ij id nolu satıcı 6bavdl8dik135r3iu118fe4zxti5 id nolu alıcıya 1664.34999900 fiyatından 0.03117304 adet 9 id nolu coin karşılığında 6 id nolu coin sattı. Emir kapandı.
TRADE - 2021-02-25 16:08:35 --> (0.42575500 1614258515) trade işleminde  : ln5jf76bbqw6cxr79jyabj5tx3ij id nolu alıcı 6bavdl8dik135r3iu118fe4zxti5 id nolu satıcıdan 51356.02000000 fiyatından 0.00101025 adet 9 id nolu coin karşılığında 1 id nolu coin satın aldı. Emir kapandı.
TRADE - 2021-02-25 16:08:56 --> (0.90231300 1614258536) trade işleminde  : ln5jf76bbqw6cxr79jyabj5tx3ij id nolu alıcı 6bavdl8dik135r3iu118fe4zxti5 id nolu satıcıdan 0.03207900 fiyatından 0.03117304 adet 1 id nolu coin karşılığında 6 id nolu coin satın aldı. Emir kapandı.
TRADE - 2021-02-25 16:17:17 --> (0.96169500 1614259037) trade işleminde  : ln5jf76bbqw6cxr79jyabj5tx3ij id nolu alıcı 6bavdl8dik135r3iu118fe4zxti5 id nolu satıcıdan 202.37000000 fiyatından 0.49414438 adet 9 id nolu coin karşılığında 2 id nolu coin satın aldı. Emir kapandı.
TRADE - 2021-02-25 16:17:26 --> (0.57750100 1614259046) trade işleminde  : ln5jf76bbqw6cxr79jyabj5tx3ij id nolu satıcı 6bavdl8dik135r3iu118fe4zxti5 id nolu alıcıya 0.00394600 fiyatından 0.49179023 adet 1 id nolu coin karşılığında 2 id nolu coin sattı. Emir kapandı.
TRADE - 2021-02-25 16:17:34 --> (0.82736300 1614259054) trade işleminde  : ln5jf76bbqw6cxr79jyabj5tx3ij id nolu satıcı 6bavdl8dik135r3iu118fe4zxti5 id nolu alıcıya 51782.12000000 fiyatından 0.00194989 adet 9 id nolu coin karşılığında 1 id nolu coin sattı. Emir kapandı.
TRADE - 2021-02-25 16:17:50 --> (0.62901700 1614259070) trade işleminde  : ln5jf76bbqw6cxr79jyabj5tx3ij id nolu alıcı 6bavdl8dik135r3iu118fe4zxti5 id nolu satıcıdan 202.98000000 fiyatından 0.04368272 adet 9 id nolu coin karşılığında 2 id nolu coin satın aldı. Emir kapandı.
TRADE - 2021-02-25 16:17:51 --> (0.21333900 1614259071) trade işleminde  : ln5jf76bbqw6cxr79jyabj5tx3ij id nolu alıcı 6bavdl8dik135r3iu118fe4zxti5 id nolu satıcıdan 202.37000000 fiyatından 0.21383284 adet 9 id nolu coin karşılığında 2 id nolu coin almak istedi ama satıcının miktarı(0.17015012) yetmedi ve emir tekrar etti.
TRADE - 2021-02-25 16:19:18 --> (0.76998800 1614259158) trade işleminde  : ln5jf76bbqw6cxr79jyabj5tx3ij id nolu satıcı 6bavdl8dik135r3iu118fe4zxti5 id nolu alıcıya 51427.67000000 fiyatından 0.00053936 adet 9 id nolu coin karşılığında 1 id nolu coin sattı. Emir kapandı.
TRADE - 2021-02-25 17:00:27 --> (0.44631700 1614261627) trade işleminde  : 6bavdl8dik135r3iu118fe4zxti5 id nolu alıcı ln5jf76bbqw6cxr79jyabj5tx3ij id nolu satıcıdan 0.00394599 fiyatından 0.21661241 adet 1 id nolu coin karşılığında 2 id nolu coin satın aldı. Alıcı almak istediği miktarı aldı. Boş emir açıldı.
TRADE - 2021-02-25 18:11:08 --> (0.51001600 1614265868) trade işleminde  : fj44e71pzte52i5igwc2u137qyx7 id nolu alıcı qikbs6rpa4qz0mxmtzuz66nye7wr id nolu satıcıdan 0.00000425 fiyatından 28.13901609 adet 6 id nolu coin karşılığında 152 id nolu coin satın aldı. Emir kapandı.
TRADE - 2021-02-25 18:13:13 --> (0.83464400 1614265993) trade işleminde  : qikbs6rpa4qz0mxmtzuz66nye7wr id nolu alıcı fj44e71pzte52i5igwc2u137qyx7 id nolu satıcıdan 0.00000425 fiyatından 28.02630034 adet 6 id nolu coin karşılığında 152 id nolu coin satın aldı. Emir kapandı.
TRADE - 2021-02-25 18:14:04 --> (0.71143300 1614266044) trade işleminde  : qikbs6rpa4qz0mxmtzuz66nye7wr id nolu alıcı fj44e71pzte52i5igwc2u137qyx7 id nolu satıcıdan 0.00000425 fiyatından 39.03560843 adet 6 id nolu coin karşılığında 152 id nolu coin satın aldı. Alıcı almak istediği miktarı aldı. Boş emir açıldı.
TRADE - 2021-02-25 18:17:14 --> (0.35731700 1614266234) trade işleminde  : 6bavdl8dik135r3iu118fe4zxti5 id nolu alıcı fdtw4i7wnjddgd1b0rd922fv1bv3 id nolu satıcıdan 0.00389400 fiyatından 2.1859109 adet 1 id nolu coin karşılığında 2 id nolu coin satın aldı. Alıcı almak istediği miktarı aldı. Boş emir açıldı.
TRADE - 2021-02-25 18:49:54 --> (0.71334900 1614268194) trade işleminde  : ln5jf76bbqw6cxr79jyabj5tx3ij id nolu alıcı 6bavdl8dik135r3iu118fe4zxti5 id nolu satıcıdan 0.00392900 fiyatından 0.25451768 adet 1 id nolu coin karşılığında 2 id nolu coin satın aldı. Emir kapandı.
TRADE - 2021-02-25 18:50:03 --> (0.88832300 1614268203) trade işleminde  : ln5jf76bbqw6cxr79jyabj5tx3ij id nolu satıcı 6bavdl8dik135r3iu118fe4zxti5 id nolu alıcıya 201.64000000 fiyatından 0.25413863 adet 9 id nolu coin karşılığında 2 id nolu coin sattı. Emir kapandı.
TRADE - 2021-02-25 18:50:12 --> (0.50526700 1614268212) trade işleminde  : ln5jf76bbqw6cxr79jyabj5tx3ij id nolu alıcı 6bavdl8dik135r3iu118fe4zxti5 id nolu satıcıdan 50743.40000000 fiyatından 0.00101138 adet 9 id nolu coin karşılığında 1 id nolu coin satın aldı. Emir kapandı.
TRADE - 2021-02-25 18:50:28 --> (0.39927700 1614268228) trade işleminde  : ln5jf76bbqw6cxr79jyabj5tx3ij id nolu alıcı 6bavdl8dik135r3iu118fe4zxti5 id nolu satıcıdan 0.00392900 fiyatından 0.25451768 adet 1 id nolu coin karşılığında 2 id nolu coin satın aldı. Emir kapandı.
TRADE - 2021-02-25 18:50:51 --> (0.02242700 1614268251) trade işleminde  : ln5jf76bbqw6cxr79jyabj5tx3ij id nolu satıcı 6bavdl8dik135r3iu118fe4zxti5 id nolu alıcıya 201.64000000 fiyatından 0.25451389 adet 9 id nolu coin karşılığında 2 id nolu coin sattı. Emir kapandı.
TRADE - 2021-02-25 18:50:58 --> (0.57502100 1614268258) trade işleminde  : ln5jf76bbqw6cxr79jyabj5tx3ij id nolu alıcı 6bavdl8dik135r3iu118fe4zxti5 id nolu satıcıdan 50743.40000000 fiyatından 0.00101138 adet 9 id nolu coin karşılığında 1 id nolu coin satın aldı. Emir kapandı.
TRADE - 2021-02-25 18:51:07 --> (0.89231300 1614268267) trade işleminde  : ln5jf76bbqw6cxr79jyabj5tx3ij id nolu alıcı 6bavdl8dik135r3iu118fe4zxti5 id nolu satıcıdan 0.00392900 fiyatından 0.25451768 adet 1 id nolu coin karşılığında 2 id nolu coin satın aldı. Emir kapandı.
TRADE - 2021-02-25 18:51:17 --> (0.44101800 1614268277) trade işleminde  : ln5jf76bbqw6cxr79jyabj5tx3ij id nolu satıcı 6bavdl8dik135r3iu118fe4zxti5 id nolu alıcıya 201.64000000 fiyatından 0.25451764 adet 9 id nolu coin karşılığında 2 id nolu coin sattı. Emir kapandı.
TRADE - 2021-02-25 18:51:31 --> (0.69393600 1614268291) trade işleminde  : ln5jf76bbqw6cxr79jyabj5tx3ij id nolu alıcı 6bavdl8dik135r3iu118fe4zxti5 id nolu satıcıdan 50743.40000000 fiyatından 0.00101138 adet 9 id nolu coin karşılığında 1 id nolu coin satın aldı. Emir kapandı.
TRADE - 2021-02-25 18:51:48 --> (0.33666300 1614268308) trade işleminde  : ln5jf76bbqw6cxr79jyabj5tx3ij id nolu alıcı 6bavdl8dik135r3iu118fe4zxti5 id nolu satıcıdan 0.00392900 fiyatından 0.25451768 adet 1 id nolu coin karşılığında 2 id nolu coin satın aldı. Emir kapandı.
TRADE - 2021-02-25 18:51:58 --> (0.22710800 1614268318) trade işleminde  : ln5jf76bbqw6cxr79jyabj5tx3ij id nolu satıcı 6bavdl8dik135r3iu118fe4zxti5 id nolu alıcıya 201.64000000 fiyatından 0.25451768 adet 9 id nolu coin karşılığında 2 id nolu coin sattı. Emir kapandı.
TRADE - 2021-02-25 18:52:08 --> (0.47673500 1614268328) trade işleminde  : ln5jf76bbqw6cxr79jyabj5tx3ij id nolu alıcı 6bavdl8dik135r3iu118fe4zxti5 id nolu satıcıdan 50743.40000000 fiyatından 0.00101138 adet 9 id nolu coin karşılığında 1 id nolu coin satın aldı. Emir kapandı.
TRADE - 2021-02-25 18:52:40 --> (0.32052400 1614268360) trade işleminde  : ln5jf76bbqw6cxr79jyabj5tx3ij id nolu alıcı 6bavdl8dik135r3iu118fe4zxti5 id nolu satıcıdan 0.00392900 fiyatından 0.25451768 adet 1 id nolu coin karşılığında 2 id nolu coin satın aldı. Emir kapandı.
TRADE - 2021-02-25 18:52:48 --> (0.02188800 1614268368) trade işleminde  : ln5jf76bbqw6cxr79jyabj5tx3ij id nolu satıcı 6bavdl8dik135r3iu118fe4zxti5 id nolu alıcıya 201.64000000 fiyatından 0.25451768 adet 9 id nolu coin karşılığında 2 id nolu coin sattı. Emir kapandı.
TRADE - 2021-02-25 18:52:55 --> (0.69927100 1614268375) trade işleminde  : ln5jf76bbqw6cxr79jyabj5tx3ij id nolu alıcı 6bavdl8dik135r3iu118fe4zxti5 id nolu satıcıdan 50743.40000000 fiyatından 0.00101138 adet 9 id nolu coin karşılığında 1 id nolu coin satın aldı. Emir kapandı.
TRADE - 2021-02-25 18:53:09 --> (0.76495800 1614268389) trade işleminde  : ln5jf76bbqw6cxr79jyabj5tx3ij id nolu alıcı 6bavdl8dik135r3iu118fe4zxti5 id nolu satıcıdan 0.00392900 fiyatından 0.25451768 adet 1 id nolu coin karşılığında 2 id nolu coin satın aldı. Emir kapandı.
TRADE - 2021-02-25 18:53:24 --> (0.00399800 1614268404) trade işleminde  : ln5jf76bbqw6cxr79jyabj5tx3ij id nolu satıcı 6bavdl8dik135r3iu118fe4zxti5 id nolu alıcıya 201.64000000 fiyatından 0.25451768 adet 9 id nolu coin karşılığında 2 id nolu coin sattı. Emir kapandı.
TRADE - 2021-02-25 18:53:31 --> (0.82465300 1614268411) trade işleminde  : ln5jf76bbqw6cxr79jyabj5tx3ij id nolu alıcı 6bavdl8dik135r3iu118fe4zxti5 id nolu satıcıdan 50743.40000000 fiyatından 0.00101138 adet 9 id nolu coin karşılığında 1 id nolu coin satın aldı. Emir kapandı.
TRADE - 2021-02-25 18:53:40 --> (0.49769100 1614268420) trade işleminde  : ln5jf76bbqw6cxr79jyabj5tx3ij id nolu alıcı 6bavdl8dik135r3iu118fe4zxti5 id nolu satıcıdan 0.00392900 fiyatından 0.25451768 adet 1 id nolu coin karşılığında 2 id nolu coin satın aldı. Emir kapandı.
TRADE - 2021-02-25 18:54:00 --> (0.32370500 1614268440) trade işleminde  : ln5jf76bbqw6cxr79jyabj5tx3ij id nolu satıcı 6bavdl8dik135r3iu118fe4zxti5 id nolu alıcıya 201.64000000 fiyatından 0.25451768 adet 9 id nolu coin karşılığında 2 id nolu coin sattı. Emir kapandı.
TRADE - 2021-02-25 18:54:16 --> (0.02300300 1614268456) trade işleminde  : ln5jf76bbqw6cxr79jyabj5tx3ij id nolu alıcı 6bavdl8dik135r3iu118fe4zxti5 id nolu satıcıdan 50743.40000000 fiyatından 0.00101138 adet 9 id nolu coin karşılığında 1 id nolu coin satın aldı. Emir kapandı.
TRADE - 2021-02-25 19:20:20 --> (0.13017500 1614270020) trade işleminde  : ln5jf76bbqw6cxr79jyabj5tx3ij id nolu alıcı 6bavdl8dik135r3iu118fe4zxti5 id nolu satıcıdan 0.46859000 fiyatından 213.40617597 adet 9 id nolu coin karşılığında 7 id nolu coin satın aldı. Emir kapandı.
TRADE - 2021-02-25 19:20:31 --> (0.46395700 1614270031) trade işleminde  : ln5jf76bbqw6cxr79jyabj5tx3ij id nolu satıcı 6bavdl8dik135r3iu118fe4zxti5 id nolu alıcıya 0.00000925 fiyatından 317.98736661 adet 1 id nolu coin karşılığında 7 id nolu coin sattı. Emir kapandı.
TRADE - 2021-02-25 19:20:57 --> (0.13107800 1614270057) trade işleminde  : ln5jf76bbqw6cxr79jyabj5tx3ij id nolu satıcı 6bavdl8dik135r3iu118fe4zxti5 id nolu alıcıya 51158.20000000 fiyatından 0.00197400 adet 9 id nolu coin karşılığında 1 id nolu coin sattı. Emir kapandı.
TRADE - 2021-02-25 19:21:59 --> (0.46155700 1614270119) trade işleminde  : ln5jf76bbqw6cxr79jyabj5tx3ij id nolu satıcı 6bavdl8dik135r3iu118fe4zxti5 id nolu alıcıya 1628.78999900 fiyatından 0.00337674 adet 9 id nolu coin karşılığında 6 id nolu coin sattı. Emir kapandı.
TRADE - 2021-02-25 19:23:12 --> (0.98323600 1614270192) trade işleminde  : t8avvcmnmgj5pyqcyomrro5nefmx id nolu alıcı 6bavdl8dik135r3iu118fe4zxti5 id nolu satıcıdan 0.05441350 fiyatından 9.87699535 adet 9 id nolu coin karşılığında 3 id nolu coin satın aldı. Emir kapandı.
TRADE - 2021-02-25 19:35:50 --> (0.03042400 1614270950) trade işleminde  : mr9ud1r0gyx05f7c1xbah5p74z4n id nolu satıcı 6bavdl8dik135r3iu118fe4zxti5 id nolu alıcıya 0.00000929 fiyatından 314.75000000 adet 1 id nolu coin karşılığında 7 id nolu coin sattı. Emir kapandı.
TRADE - 2021-02-25 20:34:21 --> (0.31892700 1614274461) trade işleminde  : 6bavdl8dik135r3iu118fe4zxti5 id nolu satıcı d79gbea6389xst3xmchp5y5w3vgx id nolu alıcıya 0.01666445 fiyatından 0.10175066 adet 9 id nolu coin karşılığında 161 id nolu coin sattı. Emir kapandı.
TRADE - 2021-02-25 22:07:18 --> (0.26355700 1614280038) trade işleminde  : ln5jf76bbqw6cxr79jyabj5tx3ij id nolu satıcı 6bavdl8dik135r3iu118fe4zxti5 id nolu alıcıya 49929.21000000 fiyatından 0.00100000 adet 9 id nolu coin karşılığında 1 id nolu coin sattı. Emir kapandı.
TRADE - 2021-02-25 23:35:17 --> (0.93686800 1614285317) trade işleminde  : ln5jf76bbqw6cxr79jyabj5tx3ij id nolu alıcı 6bavdl8dik135r3iu118fe4zxti5 id nolu satıcıdan 0.00054612 fiyatından 1.83109939 adet 1 id nolu coin karşılığında 163 id nolu coin satın aldı. Emir kapandı.
TRADE - 2021-02-25 23:35:25 --> (0.12046400 1614285325) trade işleminde  : ln5jf76bbqw6cxr79jyabj5tx3ij id nolu satıcı 6bavdl8dik135r3iu118fe4zxti5 id nolu alıcıya 26.86660000 fiyatından 1.83089487 adet 9 id nolu coin karşılığında 163 id nolu coin sattı. Emir kapandı.
TRADE - 2021-02-25 23:35:32 --> (0.47170100 1614285332) trade işleminde  : ln5jf76bbqw6cxr79jyabj5tx3ij id nolu alıcı 6bavdl8dik135r3iu118fe4zxti5 id nolu satıcıdan 48718.06000000 fiyatından 0.00100979 adet 9 id nolu coin karşılığında 1 id nolu coin satın aldı. Emir kapandı.
TRADE - 2021-02-25 23:35:45 --> (0.30542500 1614285345) trade işleminde  : ln5jf76bbqw6cxr79jyabj5tx3ij id nolu alıcı 6bavdl8dik135r3iu118fe4zxti5 id nolu satıcıdan 0.00054612 fiyatından 1.83109939 adet 1 id nolu coin karşılığında 163 id nolu coin satın aldı. Emir kapandı.
TRADE - 2021-02-25 23:36:04 --> (0.56445800 1614285364) trade işleminde  : ln5jf76bbqw6cxr79jyabj5tx3ij id nolu satıcı 6bavdl8dik135r3iu118fe4zxti5 id nolu alıcıya 26.86660000 fiyatından 1.83109734 adet 9 id nolu coin karşılığında 163 id nolu coin sattı. Emir kapandı.
TRADE - 2021-02-25 23:36:12 --> (0.42724600 1614285372) trade işleminde  : ln5jf76bbqw6cxr79jyabj5tx3ij id nolu alıcı 6bavdl8dik135r3iu118fe4zxti5 id nolu satıcıdan 48718.06000000 fiyatından 0.00100979 adet 9 id nolu coin karşılığında 1 id nolu coin satın aldı. Emir kapandı.
TRADE - 2021-02-25 23:36:24 --> (0.31097100 1614285384) trade işleminde  : ln5jf76bbqw6cxr79jyabj5tx3ij id nolu alıcı 6bavdl8dik135r3iu118fe4zxti5 id nolu satıcıdan 0.00054612 fiyatından 1.83109939 adet 1 id nolu coin karşılığında 163 id nolu coin satın aldı. Emir kapandı.
TRADE - 2021-02-25 23:36:37 --> (0.99032400 1614285397) trade işleminde  : ln5jf76bbqw6cxr79jyabj5tx3ij id nolu satıcı 6bavdl8dik135r3iu118fe4zxti5 id nolu alıcıya 26.86660000 fiyatından 1.83109937 adet 9 id nolu coin karşılığında 163 id nolu coin sattı. Emir kapandı.
TRADE - 2021-02-25 23:36:51 --> (0.43296400 1614285411) trade işleminde  : ln5jf76bbqw6cxr79jyabj5tx3ij id nolu alıcı 6bavdl8dik135r3iu118fe4zxti5 id nolu satıcıdan 48718.06000000 fiyatından 0.00100979 adet 9 id nolu coin karşılığında 1 id nolu coin satın aldı. Emir kapandı.
TRADE - 2021-02-25 23:37:07 --> (0.03822700 1614285427) trade işleminde  : ln5jf76bbqw6cxr79jyabj5tx3ij id nolu alıcı 6bavdl8dik135r3iu118fe4zxti5 id nolu satıcıdan 0.00054612 fiyatından 1.83109939 adet 1 id nolu coin karşılığında 163 id nolu coin satın aldı. Emir kapandı.
TRADE - 2021-02-25 23:37:22 --> (0.93581400 1614285442) trade işleminde  : ln5jf76bbqw6cxr79jyabj5tx3ij id nolu satıcı 6bavdl8dik135r3iu118fe4zxti5 id nolu alıcıya 26.86080000 fiyatından 1.17419097 adet 9 id nolu coin karşılığında 163 id nolu coin sattı. Emir kapandı.
TRADE - 2021-02-25 23:37:23 --> (0.63256900 1614285443) trade işleminde  : ln5jf76bbqw6cxr79jyabj5tx3ij id nolu satıcı 6bavdl8dik135r3iu118fe4zxti5 id nolu alıcıya 26.86660000 fiyatından 1.83109939 adet 9 id nolu coin karşılığında 163 id nolu coini satmak istedi ama alıcının miktarı(0.65690842) yetmedi ve emir tekrar etti.
TRADE - 2021-02-25 23:37:36 --> (0.74769400 1614285456) trade işleminde  : ln5jf76bbqw6cxr79jyabj5tx3ij id nolu alıcı 6bavdl8dik135r3iu118fe4zxti5 id nolu satıcıdan 48718.06000000 fiyatından 0.00100965 adet 9 id nolu coin karşılığında 1 id nolu coin satın aldı. Emir kapandı.
TRADE - 2021-02-25 23:37:45 --> (0.63022500 1614285465) trade işleminde  : ln5jf76bbqw6cxr79jyabj5tx3ij id nolu alıcı 6bavdl8dik135r3iu118fe4zxti5 id nolu satıcıdan 0.00054612 fiyatından 1.83109939 adet 1 id nolu coin karşılığında 163 id nolu coin satın aldı. Emir kapandı.
TRADE - 2021-02-25 23:37:53 --> (0.46336100 1614285473) trade işleminde  : ln5jf76bbqw6cxr79jyabj5tx3ij id nolu satıcı 6bavdl8dik135r3iu118fe4zxti5 id nolu alıcıya 26.86080000 fiyatından 1.83109939 adet 9 id nolu coin karşılığında 163 id nolu coin sattı. Emir kapandı.
TRADE - 2021-02-25 23:38:00 --> (0.74231400 1614285480) trade işleminde  : ln5jf76bbqw6cxr79jyabj5tx3ij id nolu alıcı 6bavdl8dik135r3iu118fe4zxti5 id nolu satıcıdan 48718.06000000 fiyatından 0.00100958 adet 9 id nolu coin karşılığında 1 id nolu coin satın aldı. Emir kapandı.
TRADE - 2021-02-25 23:38:21 --> (0.12711100 1614285501) trade işleminde  : ln5jf76bbqw6cxr79jyabj5tx3ij id nolu alıcı 6bavdl8dik135r3iu118fe4zxti5 id nolu satıcıdan 0.00054612 fiyatından 1.83109939 adet 1 id nolu coin karşılığında 163 id nolu coin satın aldı. Emir kapandı.
TRADE - 2021-02-25 23:38:28 --> (0.76818100 1614285508) trade işleminde  : ln5jf76bbqw6cxr79jyabj5tx3ij id nolu satıcı 6bavdl8dik135r3iu118fe4zxti5 id nolu alıcıya 26.86080000 fiyatından 1.83109939 adet 9 id nolu coin karşılığında 163 id nolu coin sattı. Emir kapandı.
TRADE - 2021-02-25 23:38:35 --> (0.94064400 1614285515) trade işleminde  : ln5jf76bbqw6cxr79jyabj5tx3ij id nolu alıcı 6bavdl8dik135r3iu118fe4zxti5 id nolu satıcıdan 48718.06000000 fiyatından 0.00100958 adet 9 id nolu coin karşılığında 1 id nolu coin satın aldı. Emir kapandı.
TRADE - 2021-02-25 23:38:44 --> (0.67997400 1614285524) trade işleminde  : ln5jf76bbqw6cxr79jyabj5tx3ij id nolu alıcı 6bavdl8dik135r3iu118fe4zxti5 id nolu satıcıdan 0.00054612 fiyatından 1.83109939 adet 1 id nolu coin karşılığında 163 id nolu coin satın aldı. Emir kapandı.
TRADE - 2021-02-25 23:38:57 --> (0.66631700 1614285537) trade işleminde  : ln5jf76bbqw6cxr79jyabj5tx3ij id nolu satıcı 6bavdl8dik135r3iu118fe4zxti5 id nolu alıcıya 26.86080000 fiyatından 1.83109939 adet 9 id nolu coin karşılığında 163 id nolu coin sattı. Emir kapandı.
TRADE - 2021-02-25 23:39:11 --> (0.51702100 1614285551) trade işleminde  : ln5jf76bbqw6cxr79jyabj5tx3ij id nolu alıcı 6bavdl8dik135r3iu118fe4zxti5 id nolu satıcıdan 48718.06000000 fiyatından 0.00100958 adet 9 id nolu coin karşılığında 1 id nolu coin satın aldı. Emir kapandı.
TRADE - 2021-02-25 23:40:24 --> (0.23889000 1614285624) trade işleminde  : ln5jf76bbqw6cxr79jyabj5tx3ij id nolu alıcı 6bavdl8dik135r3iu118fe4zxti5 id nolu satıcıdan 0.00389800 fiyatından 0.07895587 adet 1 id nolu coin karşılığında 2 id nolu coin satın aldı. Emir kapandı.
TRADE - 2021-02-25 23:40:39 --> (0.66065000 1614285639) trade işleminde  : ln5jf76bbqw6cxr79jyabj5tx3ij id nolu satıcı 6bavdl8dik135r3iu118fe4zxti5 id nolu alıcıya 190.84000000 fiyatından 0.05372949 adet 9 id nolu coin karşılığında 2 id nolu coin sattı. Emir kapandı.
TRADE - 2021-02-25 23:40:40 --> (0.37780800 1614285640) trade işleminde  : ln5jf76bbqw6cxr79jyabj5tx3ij id nolu satıcı 6bavdl8dik135r3iu118fe4zxti5 id nolu alıcıya 191.45000000 fiyatından 0.08070699 adet 9 id nolu coin karşılığında 2 id nolu coini satmak istedi ama alıcının miktarı(0.0269775) yetmedi ve emir tekrar etti.
TRADE - 2021-02-25 23:40:40 --> (0.87840400 1614285640) trade işleminde  : ln5jf76bbqw6cxr79jyabj5tx3ij id nolu satıcı 6bavdl8dik135r3iu118fe4zxti5 id nolu alıcıya 191.63000000 fiyatından 0.08071149 adet 9 id nolu coin karşılığında 2 id nolu coini satmak istedi ama alıcının miktarı(4.5E-6) yetmedi ve emir tekrar etti.
TRADE - 2021-02-25 23:40:49 --> (0.01303200 1614285649) trade işleminde  : ln5jf76bbqw6cxr79jyabj5tx3ij id nolu alıcı 6bavdl8dik135r3iu118fe4zxti5 id nolu satıcıdan 48571.56000000 fiyatından 0.00031056 adet 9 id nolu coin karşılığında 1 id nolu coin satın aldı. Emir kapandı.
