TRADE - 2020-12-20 03:15:31 --> (0.50366200 1608423331) trade işleminde  : de106q7go2xawwuz1rlfss0fofx9 id nolu alıcı 6bavdl8dik135r3iu118fe4zxti5 id nolu satıcıdan 0.03119000 fiyatından 0.05445449 adet 9 id nolu coin karşılığında 128 id nolu coin satın aldı. Emir kapandı.
TRADE - 2020-12-20 03:15:42 --> (0.85766400 1608423342) trade işleminde  : de106q7go2xawwuz1rlfss0fofx9 id nolu satıcı 6bavdl8dik135r3iu118fe4zxti5 id nolu alıcıya 0.03118000 fiyatından 0.05455449 adet 9 id nolu coin karşılığında 128 id nolu coin sattı. Emir kapandı.
TRADE - 2020-12-20 03:17:08 --> (0.79732100 1608423428) trade işleminde  : de106q7go2xawwuz1rlfss0fofx9 id nolu alıcı 6bavdl8dik135r3iu118fe4zxti5 id nolu satıcıdan 0.00389050 fiyatından 0.43574783 adet 9 id nolu coin karşılığında 3 id nolu coin satın aldı. Emir kapandı.
TRADE - 2020-12-20 03:17:16 --> (0.26732800 1608423436) trade işleminde  : de106q7go2xawwuz1rlfss0fofx9 id nolu satıcı 6bavdl8dik135r3iu118fe4zxti5 id nolu alıcıya 0.00388880 fiyatından 0.45074783 adet 9 id nolu coin karşılığında 3 id nolu coin sattı. Emir kapandı.
TRADE - 2020-12-20 03:19:12 --> (0.33407000 1608423552) trade işleminde  : de106q7go2xawwuz1rlfss0fofx9 id nolu alıcı 6bavdl8dik135r3iu118fe4zxti5 id nolu satıcıdan 0.00769948 fiyatından 0.22510755 adet 9 id nolu coin karşılığında 17 id nolu coin satın aldı. Emir kapandı.
TRADE - 2020-12-20 03:19:18 --> (0.32796800 1608423558) trade işleminde  : de106q7go2xawwuz1rlfss0fofx9 id nolu satıcı 6bavdl8dik135r3iu118fe4zxti5 id nolu alıcıya 0.00764595 fiyatından 0.22530755 adet 9 id nolu coin karşılığında 17 id nolu coin sattı. Emir kapandı.
TRADE - 2020-12-20 03:19:30 --> (0.23942400 1608423570) trade işleminde  : de106q7go2xawwuz1rlfss0fofx9 id nolu alıcı 6bavdl8dik135r3iu118fe4zxti5 id nolu satıcıdan 0.57081000 fiyatından 0.00301354 adet 9 id nolu coin karşılığında 7 id nolu coin satın aldı. Emir kapandı.
TRADE - 2020-12-20 03:19:36 --> (0.48263300 1608423576) trade işleminde  : de106q7go2xawwuz1rlfss0fofx9 id nolu satıcı 6bavdl8dik135r3iu118fe4zxti5 id nolu alıcıya 0.56968000 fiyatından 0.00301354 adet 9 id nolu coin karşılığında 7 id nolu coin sattı. Emir kapandı.
TRADE - 2020-12-20 04:48:52 --> (0.77151600 1608428932) trade işleminde  : 6bavdl8dik135r3iu118fe4zxti5 id nolu alıcı a1rpvodd6y1w3lgpeeru9foj7ufu id nolu satıcıdan 649.49000100 fiyatından 0.00164745 adet 9 id nolu coin karşılığında 6 id nolu coin satın aldı. Alıcı almak istediği miktarı aldı. Boş emir açıldı.
TRADE - 2020-12-20 07:11:09 --> (0.31863800 1608437469) trade işleminde  : 6bavdl8dik135r3iu118fe4zxti5 id nolu satıcı ebhx9wjf67y4iv1pjb76gbmnkmak id nolu alıcıya 0.00388000 fiyatından 10031.4834249 adet 9 id nolu coin karşılığında 3 id nolu coin sattı. Emir kapandı.
TRADE - 2020-12-20 10:41:55 --> (0.45702700 1608450115) trade işleminde  : 6bavdl8dik135r3iu118fe4zxti5 id nolu satıcı a1rpvodd6y1w3lgpeeru9foj7ufu id nolu alıcıya 0.00751291 fiyatından 0.14622069 adet 9 id nolu coin karşılığında 17 id nolu coin sattı. Emir kapandı.
TRADE - 2020-12-20 19:29:03 --> (0.57788800 1608481743) trade işleminde  : 6bavdl8dik135r3iu118fe4zxti5 id nolu satıcı ffgjg8a2qpxe7hcf66emwry6nwri id nolu alıcıya 0.03221000 fiyatından 0.00371347 adet 9 id nolu coin karşılığında 128 id nolu coin sattı. Emir kapandı.
TRADE - 2020-12-20 19:45:26 --> (0.68532800 1608482726) trade işleminde  : la8fvax7tiwkjazsiaoi6c8hb7cj id nolu satıcı y6drf4zmihsc0ljibcz2rc4i9owm id nolu alıcıya 0.00023000 fiyatından 8.67829558 adet 6 id nolu coin karşılığında 153 id nolu coin sattı. Emir kapandı.
TRADE - 2020-12-20 20:29:07 --> (0.33209200 1608485347) trade işleminde  : 6bbq54ba8sr8tcye3snud33lkn9a id nolu satıcı 6bavdl8dik135r3iu118fe4zxti5 id nolu alıcıya 0.00457760 fiyatından 52.26678996 adet 9 id nolu coin karşılığında 3 id nolu coin sattı. Emir kapandı.
TRADE - 2020-12-20 20:54:52 --> (0.60619600 1608486892) trade işleminde  : la8fvax7tiwkjazsiaoi6c8hb7cj id nolu satıcı ws5z7jl7lrkhckn8f7gh29jh7tv4 id nolu alıcıya 0.10000000 fiyatından 46.29173312 adet 9 id nolu coin karşılığında 153 id nolu coin sattı. Emir kapandı.
TRADE - 2020-12-20 20:58:23 --> (0.24370500 1608487103) trade işleminde  : la8fvax7tiwkjazsiaoi6c8hb7cj id nolu alıcı 6bavdl8dik135r3iu118fe4zxti5 id nolu satıcıdan 647.14000100 fiyatından 0.00712056 adet 9 id nolu coin karşılığında 6 id nolu coin satın aldı. Emir kapandı.
TRADE - 2020-12-20 21:14:29 --> (0.59290700 1608488069) trade işleminde  : la8fvax7tiwkjazsiaoi6c8hb7cj id nolu satıcı 6bavdl8dik135r3iu118fe4zxti5 id nolu alıcıya 0.02727100 fiyatından 0.00911618 adet 1 id nolu coin karşılığında 6 id nolu coin sattı. Emir kapandı.
TRADE - 2020-12-20 21:19:07 --> (0.72618800 1608488347) trade işleminde  : la8fvax7tiwkjazsiaoi6c8hb7cj id nolu satıcı 6bavdl8dik135r3iu118fe4zxti5 id nolu alıcıya 0.00446170 fiyatından 1.32500000 adet 9 id nolu coin karşılığında 3 id nolu coin sattı. Emir kapandı.
TRADE - 2020-12-20 21:20:33 --> (0.94634500 1608488433) trade işleminde  : la8fvax7tiwkjazsiaoi6c8hb7cj id nolu satıcı 6bavdl8dik135r3iu118fe4zxti5 id nolu alıcıya 0.03180000 fiyatından 0.00870000 adet 9 id nolu coin karşılığında 128 id nolu coin sattı. Emir kapandı.
TRADE - 2020-12-20 21:32:28 --> (0.24241500 1608489148) trade işleminde  : la8fvax7tiwkjazsiaoi6c8hb7cj id nolu satıcı 0q6vv13ewy2g05gerglbot3ssicz id nolu alıcıya 0.02365000 fiyatından 0.26600000 adet 9 id nolu coin karşılığında 14 id nolu coin sattı. Emir kapandı.
TRADE - 2020-12-20 22:19:28 --> (0.66056800 1608491968) trade işleminde  : 6bavdl8dik135r3iu118fe4zxti5 id nolu alıcı la8fvax7tiwkjazsiaoi6c8hb7cj id nolu satıcıdan 23816.90000000 fiyatından 0.00024847 adet 9 id nolu coin karşılığında 1 id nolu coin satın aldı. Alıcı almak istediği miktarı aldı. Boş emir açıldı.
TRADE - 2020-12-20 22:27:23 --> (0.56150200 1608492443) trade işleminde  : la8fvax7tiwkjazsiaoi6c8hb7cj id nolu satıcı 6bavdl8dik135r3iu118fe4zxti5 id nolu alıcıya 0.00789827 fiyatından 0.02620000 adet 9 id nolu coin karşılığında 17 id nolu coin sattı. Emir kapandı.
TRADE - 2020-12-20 23:36:01 --> (0.67033500 1608496561) trade işleminde  : no2dnuhutckbktnejjdkkitdgw2n id nolu alıcı hzon720zk2cdr3dyllb8pr4yhpae id nolu satıcıdan 0.00003000 fiyatından 3.63805722 adet 6 id nolu coin karşılığında 152 id nolu coin satın aldı. Emir kapandı.
TRADE - 2020-12-20 23:39:57 --> (0.18237700 1608496797) trade işleminde  : 3p5816hym8x0z1sklpax6bm8dpcs id nolu alıcı no2dnuhutckbktnejjdkkitdgw2n id nolu satıcıdan 0.00002999 fiyatından 600 adet 6 id nolu coin karşılığında 152 id nolu coin satın aldı. Alıcı almak istediği miktarı aldı. Boş emir açıldı.
TRADE - 2020-12-20 23:40:14 --> (0.48539100 1608496814) trade işleminde  : 3p5816hym8x0z1sklpax6bm8dpcs id nolu alıcı hzon720zk2cdr3dyllb8pr4yhpae id nolu satıcıdan 0.00003000 fiyatından 105.83491351 adet 6 id nolu coin karşılığında 152 id nolu coin satın aldı. Emir kapandı.
TRADE - 2020-12-20 23:48:14 --> (0.19294000 1608497294) trade işleminde  : 3p5816hym8x0z1sklpax6bm8dpcs id nolu alıcı no2dnuhutckbktnejjdkkitdgw2n id nolu satıcıdan 0.00002999 fiyatından 200 adet 6 id nolu coin karşılığında 152 id nolu coin satın aldı. Alıcı almak istediği miktarı aldı. Boş emir açıldı.
TRADE - 2020-12-20 23:51:37 --> (0.63436200 1608497497) trade işleminde  : no2dnuhutckbktnejjdkkitdgw2n id nolu alıcı hzon720zk2cdr3dyllb8pr4yhpae id nolu satıcıdan 0.00003000 fiyatından 10.73842373 adet 6 id nolu coin karşılığında 152 id nolu coin satın aldı. Emir kapandı.
