TRADE - 2021-02-24 00:11:15 --> (0.38576900 1614114675) trade işleminde  : ln5jf76bbqw6cxr79jyabj5tx3ij id nolu satıcı 6bavdl8dik135r3iu118fe4zxti5 id nolu alıcıya 47650.37000000 fiyatından 0.00069434 adet 9 id nolu coin karşılığında 1 id nolu coin sattı. Emir kapandı.
TRADE - 2021-02-24 00:11:27 --> (0.43914700 1614114687) trade işleminde  : ln5jf76bbqw6cxr79jyabj5tx3ij id nolu alıcı 6bavdl8dik135r3iu118fe4zxti5 id nolu satıcıdan 0.01805549 fiyatından 499.24588709 adet 9 id nolu coin karşılığında 161 id nolu coin satın aldı. Emir kapandı.
TRADE - 2021-02-24 00:11:27 --> (0.97880700 1614114687) trade işleminde  : ln5jf76bbqw6cxr79jyabj5tx3ij id nolu alıcı 6bavdl8dik135r3iu118fe4zxti5 id nolu satıcıdan 0.01805449 fiyatından 708.48242709 adet 9 id nolu coin karşılığında 161 id nolu coin almak istedi ama satıcının miktarı(209.23654) yetmedi ve emir tekrar etti.
TRADE - 2021-02-24 00:11:28 --> (0.42704200 1614114688) trade işleminde  : ln5jf76bbqw6cxr79jyabj5tx3ij id nolu alıcı 6bavdl8dik135r3iu118fe4zxti5 id nolu satıcıdan 0.01805349 fiyatından 958.48242709 adet 9 id nolu coin karşılığında 161 id nolu coin almak istedi ama satıcının miktarı(250) yetmedi ve emir tekrar etti.
TRADE - 2021-02-24 00:11:28 --> (0.97236900 1614114688) trade işleminde  : ln5jf76bbqw6cxr79jyabj5tx3ij id nolu alıcı 6bavdl8dik135r3iu118fe4zxti5 id nolu satıcıdan 0.01804549 fiyatından 1635.14562459 adet 9 id nolu coin karşılığında 161 id nolu coin almak istedi ama satıcının miktarı(676.6631975) yetmedi ve emir tekrar etti.
TRADE - 2021-02-24 00:11:29 --> (0.46268600 1614114689) trade işleminde  : ln5jf76bbqw6cxr79jyabj5tx3ij id nolu alıcı 6bavdl8dik135r3iu118fe4zxti5 id nolu satıcıdan 0.01804449 fiyatından 1832.97212459 adet 9 id nolu coin karşılığında 161 id nolu coin almak istedi ama satıcının miktarı(197.8265) yetmedi ve emir tekrar etti.
TRADE - 2021-02-24 00:11:44 --> (0.05472000 1614114704) trade işleminde  : ln5jf76bbqw6cxr79jyabj5tx3ij id nolu satıcı qt4ker70hpg38byrx1je8yrnx6ek id nolu alıcıya 0.00000039 fiyatından 1832.97212459 adet 1 id nolu coin karşılığında 161 id nolu coin sattı. Emir kapandı.
TRADE - 2021-02-24 00:35:38 --> (0.66985400 1614116138) trade işleminde  : l00ayvfir68xdpxfnizwkoenp6w2 id nolu satıcı qt4ker70hpg38byrx1je8yrnx6ek id nolu alıcıya 0.00000039 fiyatından 3137.00000000 adet 1 id nolu coin karşılığında 161 id nolu coin sattı. Emir kapandı.
TRADE - 2021-02-24 01:41:37 --> (0.74437500 1614120097) trade işleminde  : fj44e71pzte52i5igwc2u137qyx7 id nolu satıcı 6bavdl8dik135r3iu118fe4zxti5 id nolu alıcıya 1543.54999900 fiyatından 0.00306061 adet 9 id nolu coin karşılığında 6 id nolu coin sattı. Emir kapandı.
TRADE - 2021-02-24 01:50:32 --> (0.25803400 1614120632) trade işleminde  : fj44e71pzte52i5igwc2u137qyx7 id nolu alıcı zlgxvsiggs0c6qkc3pzi9xvusiux id nolu satıcıdan 0.00989900 fiyatından 24.98096997 adet 9 id nolu coin karşılığında 152 id nolu coin satın aldı. Emir kapandı.
TRADE - 2021-02-24 01:51:21 --> (0.05543900 1614120681) trade işleminde  : fj44e71pzte52i5igwc2u137qyx7 id nolu alıcı zlgxvsiggs0c6qkc3pzi9xvusiux id nolu satıcıdan 0.00989900 fiyatından 11.01903003 adet 9 id nolu coin karşılığında 152 id nolu coin satın aldı. Emir kapandı.
TRADE - 2021-02-24 01:56:45 --> (0.40863700 1614121005) trade işleminde  : fj44e71pzte52i5igwc2u137qyx7 id nolu satıcı fj44e71pzte52i5igwc2u137qyx7 id nolu alıcıya 0.00872310 fiyatından 3.09568041 adet 9 id nolu coin karşılığında 152 id nolu coin sattı. Emir kapandı.
TRADE - 2021-02-24 01:56:46 --> (0.39777300 1614121006) trade işleminde  : fj44e71pzte52i5igwc2u137qyx7 id nolu satıcı fj44e71pzte52i5igwc2u137qyx7 id nolu alıcıya 0.00885100 fiyatından 36.00000000 adet 9 id nolu coin karşılığında 152 id nolu coini satmak istedi ama alıcının miktarı(32.90431959) yetmedi ve emir tekrar etti.
TRADE - 2021-02-24 03:34:18 --> (0.15874100 1614126858) trade işleminde  : ln5jf76bbqw6cxr79jyabj5tx3ij id nolu alıcı 6bavdl8dik135r3iu118fe4zxti5 id nolu satıcıdan 0.00052552 fiyatından 1.90287715 adet 1 id nolu coin karşılığında 163 id nolu coin satın aldı. Emir kapandı.
TRADE - 2021-02-24 03:34:27 --> (0.55761500 1614126867) trade işleminde  : ln5jf76bbqw6cxr79jyabj5tx3ij id nolu satıcı 6bavdl8dik135r3iu118fe4zxti5 id nolu alıcıya 25.15080000 fiyatından 0.43223437 adet 9 id nolu coin karşılığında 163 id nolu coin sattı. Emir kapandı.
TRADE - 2021-02-24 03:34:28 --> (0.16374600 1614126868) trade işleminde  : ln5jf76bbqw6cxr79jyabj5tx3ij id nolu satıcı 6bavdl8dik135r3iu118fe4zxti5 id nolu alıcıya 25.15100000 fiyatından 1.92623437 adet 9 id nolu coin karşılığında 163 id nolu coini satmak istedi ama alıcının miktarı(1.494) yetmedi ve emir tekrar etti.
TRADE - 2021-02-24 03:34:48 --> (0.74303800 1614126888) trade işleminde  : ln5jf76bbqw6cxr79jyabj5tx3ij id nolu alıcı 6bavdl8dik135r3iu118fe4zxti5 id nolu satıcıdan 47191.00000000 fiyatından 0.00101415 adet 9 id nolu coin karşılığında 1 id nolu coin satın aldı. Emir kapandı.
TRADE - 2021-02-24 03:56:19 --> (0.47252800 1614128179) trade işleminde  : ln5jf76bbqw6cxr79jyabj5tx3ij id nolu alıcı 6bavdl8dik135r3iu118fe4zxti5 id nolu satıcıdan 172.57000000 fiyatından 0.57947499 adet 9 id nolu coin karşılığında 2 id nolu coin satın aldı. Emir kapandı.
TRADE - 2021-02-24 03:56:30 --> (0.07195000 1614128190) trade işleminde  : ln5jf76bbqw6cxr79jyabj5tx3ij id nolu satıcı 6bavdl8dik135r3iu118fe4zxti5 id nolu alıcıya 0.00362100 fiyatından 0.57985689 adet 1 id nolu coin karşılığında 2 id nolu coin sattı. Emir kapandı.
TRADE - 2021-02-24 03:56:40 --> (0.42026600 1614128200) trade işleminde  : ln5jf76bbqw6cxr79jyabj5tx3ij id nolu satıcı 6bavdl8dik135r3iu118fe4zxti5 id nolu alıcıya 48221.31000000 fiyatından 0.00209827 adet 9 id nolu coin karşılığında 1 id nolu coin sattı. Emir kapandı.
TRADE - 2021-02-24 03:56:58 --> (0.11043000 1614128218) trade işleminde  : ln5jf76bbqw6cxr79jyabj5tx3ij id nolu alıcı 6bavdl8dik135r3iu118fe4zxti5 id nolu satıcıdan 172.57000000 fiyatından 0.57947499 adet 9 id nolu coin karşılığında 2 id nolu coin satın aldı. Emir kapandı.
TRADE - 2021-02-24 03:57:21 --> (0.60951800 1614128241) trade işleminde  : ln5jf76bbqw6cxr79jyabj5tx3ij id nolu satıcı 6bavdl8dik135r3iu118fe4zxti5 id nolu alıcıya 0.00362100 fiyatından 0.57947880 adet 1 id nolu coin karşılığında 2 id nolu coin sattı. Emir kapandı.
TRADE - 2021-02-24 03:57:29 --> (0.66271200 1614128249) trade işleminde  : ln5jf76bbqw6cxr79jyabj5tx3ij id nolu satıcı 6bavdl8dik135r3iu118fe4zxti5 id nolu alıcıya 48221.31000000 fiyatından 0.00209827 adet 9 id nolu coin karşılığında 1 id nolu coin sattı. Emir kapandı.
TRADE - 2021-02-24 03:57:57 --> (0.12684200 1614128277) trade işleminde  : ln5jf76bbqw6cxr79jyabj5tx3ij id nolu alıcı 6bavdl8dik135r3iu118fe4zxti5 id nolu satıcıdan 172.57000000 fiyatından 0.57947499 adet 9 id nolu coin karşılığında 2 id nolu coin satın aldı. Emir kapandı.
TRADE - 2021-02-24 03:58:07 --> (0.00397400 1614128287) trade işleminde  : ln5jf76bbqw6cxr79jyabj5tx3ij id nolu satıcı 6bavdl8dik135r3iu118fe4zxti5 id nolu alıcıya 0.00361000 fiyatından 0.43481072 adet 1 id nolu coin karşılığında 2 id nolu coin sattı. Emir kapandı.
TRADE - 2021-02-24 03:58:07 --> (0.76035300 1614128287) trade işleminde  : ln5jf76bbqw6cxr79jyabj5tx3ij id nolu satıcı 6bavdl8dik135r3iu118fe4zxti5 id nolu alıcıya 0.00362100 fiyatından 0.57947503 adet 1 id nolu coin karşılığında 2 id nolu coini satmak istedi ama alıcının miktarı(0.14466431) yetmedi ve emir tekrar etti.
TRADE - 2021-02-24 03:58:15 --> (0.56130600 1614128295) trade işleminde  : ln5jf76bbqw6cxr79jyabj5tx3ij id nolu satıcı 6bavdl8dik135r3iu118fe4zxti5 id nolu alıcıya 48221.31000000 fiyatından 0.00209349 adet 9 id nolu coin karşılığında 1 id nolu coin sattı. Emir kapandı.
TRADE - 2021-02-24 04:40:27 --> (0.02124600 1614130827) trade işleminde  : ln5jf76bbqw6cxr79jyabj5tx3ij id nolu alıcı 6bavdl8dik135r3iu118fe4zxti5 id nolu satıcıdan 0.48236000 fiyatından 207.31403930 adet 9 id nolu coin karşılığında 7 id nolu coin satın aldı. Emir kapandı.
TRADE - 2021-02-24 04:40:35 --> (0.90007500 1614130835) trade işleminde  : ln5jf76bbqw6cxr79jyabj5tx3ij id nolu satıcı 6bavdl8dik135r3iu118fe4zxti5 id nolu alıcıya 0.00000994 fiyatından 206.40896156 adet 1 id nolu coin karşılığında 7 id nolu coin sattı. Emir kapandı.
TRADE - 2021-02-24 04:40:46 --> (0.64907500 1614130846) trade işleminde  : ln5jf76bbqw6cxr79jyabj5tx3ij id nolu satıcı 6bavdl8dik135r3iu118fe4zxti5 id nolu alıcıya 49297.04000000 fiyatından 0.0010507 adet 9 id nolu coin karşılığında 1 id nolu coin sattı. Emir kapandı.
TRADE - 2021-02-24 04:40:47 --> (0.21661100 1614130847) trade işleminde  : ln5jf76bbqw6cxr79jyabj5tx3ij id nolu satıcı 6bavdl8dik135r3iu118fe4zxti5 id nolu alıcıya 49300.00000000 fiyatından 0.00206070 adet 9 id nolu coin karşılığında 1 id nolu coini satmak istedi ama alıcının miktarı(0.00101) yetmedi ve emir tekrar etti.
TRADE - 2021-02-24 05:02:25 --> (0.57828900 1614132145) trade işleminde  : ln5jf76bbqw6cxr79jyabj5tx3ij id nolu alıcı 6bavdl8dik135r3iu118fe4zxti5 id nolu satıcıdan 0.00362300 fiyatından 0.27601435 adet 1 id nolu coin karşılığında 2 id nolu coin satın aldı. Emir kapandı.
TRADE - 2021-02-24 06:12:59 --> (0.74357600 1614136379) trade işleminde  : 6bavdl8dik135r3iu118fe4zxti5 id nolu satıcı qt4ker70hpg38byrx1je8yrnx6ek id nolu alıcıya 0.00000039 fiyatından 0.7275018 adet 1 id nolu coin karşılığında 161 id nolu coin sattı. Emir kapandı.
TRADE - 2021-02-24 09:29:49 --> (0.94987400 1614148189) trade işleminde  : ln5jf76bbqw6cxr79jyabj5tx3ij id nolu alıcı 6bavdl8dik135r3iu118fe4zxti5 id nolu satıcıdan 0.00054447 fiyatından 1.83668221 adet 1 id nolu coin karşılığında 163 id nolu coin satın aldı. Emir kapandı.
TRADE - 2021-02-24 09:46:45 --> (0.12236800 1614149205) trade işleminde  : 6bavdl8dik135r3iu118fe4zxti5 id nolu alıcı ln5jf76bbqw6cxr79jyabj5tx3ij id nolu satıcıdan 27.33659999 fiyatından 1.83757773 adet 9 id nolu coin karşılığında 163 id nolu coin satın aldı. Alıcı almak istediği miktarı aldı. Boş emir açıldı.
TRADE - 2021-02-24 09:51:17 --> (0.11346400 1614149477) trade işleminde  : ln5jf76bbqw6cxr79jyabj5tx3ij id nolu alıcı 6bavdl8dik135r3iu118fe4zxti5 id nolu satıcıdan 0.00000110 fiyatından 909.09090909 adet 1 id nolu coin karşılığında 3 id nolu coin satın aldı. Emir kapandı.
TRADE - 2021-02-24 09:53:05 --> (0.29061400 1614149585) trade işleminde  : ln5jf76bbqw6cxr79jyabj5tx3ij id nolu satıcı 6bavdl8dik135r3iu118fe4zxti5 id nolu alıcıya 0.03259000 fiyatından 0.01100188 adet 1 id nolu coin karşılığında 6 id nolu coin sattı. Emir kapandı.
TRADE - 2021-02-24 12:21:29 --> (0.50970700 1614158489) trade işleminde  : ln5jf76bbqw6cxr79jyabj5tx3ij id nolu alıcı 6bavdl8dik135r3iu118fe4zxti5 id nolu satıcıdan 0.04946000 fiyatından 2021.83582693 adet 9 id nolu coin karşılığında 128 id nolu coin satın aldı. Emir kapandı.
TRADE - 2021-02-24 12:21:49 --> (0.73327400 1614158509) trade işleminde  : ln5jf76bbqw6cxr79jyabj5tx3ij id nolu satıcı 6bavdl8dik135r3iu118fe4zxti5 id nolu alıcıya 0.00000097 fiyatından 481.34671065 adet 1 id nolu coin karşılığında 128 id nolu coin sattı. Emir kapandı.
TRADE - 2021-02-24 12:21:50 --> (0.81714800 1614158510) trade işleminde  : ln5jf76bbqw6cxr79jyabj5tx3ij id nolu satıcı 6bavdl8dik135r3iu118fe4zxti5 id nolu alıcıya 0.00000098 fiyatından 2025.48143191 adet 1 id nolu coin karşılığında 128 id nolu coini satmak istedi ama alıcının miktarı(1544.13472126) yetmedi ve emir tekrar etti.
TRADE - 2021-02-24 12:23:24 --> (0.85719100 1614158604) trade işleminde  : ln5jf76bbqw6cxr79jyabj5tx3ij id nolu satıcı 6bavdl8dik135r3iu118fe4zxti5 id nolu alıcıya 50843.62000000 fiyatından 0.00038017 adet 9 id nolu coin karşılığında 1 id nolu coin sattı. Emir kapandı.
TRADE - 2021-02-24 16:02:56 --> (0.64261300 1614171776) trade işleminde  : 6bavdl8dik135r3iu118fe4zxti5 id nolu alıcı ln5jf76bbqw6cxr79jyabj5tx3ij id nolu satıcıdan 0.05573869 fiyatından 908.88709742 adet 9 id nolu coin karşılığında 3 id nolu coin satın aldı. Alıcı almak istediği miktarı aldı. Boş emir açıldı.
TRADE - 2021-02-24 16:04:39 --> (0.01373900 1614171879) trade işleminde  : ln5jf76bbqw6cxr79jyabj5tx3ij id nolu alıcı 6bavdl8dik135r3iu118fe4zxti5 id nolu satıcıdan 0.00000114 fiyatından 877.19298245 adet 1 id nolu coin karşılığında 3 id nolu coin satın aldı. Emir kapandı.
TRADE - 2021-02-24 16:04:47 --> (0.18282100 1614171887) trade işleminde  : ln5jf76bbqw6cxr79jyabj5tx3ij id nolu satıcı 6bavdl8dik135r3iu118fe4zxti5 id nolu alıcıya 0.05867040 fiyatından 877.50992360 adet 9 id nolu coin karşılığında 3 id nolu coin sattı. Emir kapandı.
TRADE - 2021-02-24 16:05:01 --> (0.20274100 1614171901) trade işleminde  : ln5jf76bbqw6cxr79jyabj5tx3ij id nolu alıcı 6bavdl8dik135r3iu118fe4zxti5 id nolu satıcıdan 50888.00000000 fiyatından 0.00101134 adet 9 id nolu coin karşılığında 1 id nolu coin satın aldı. Emir kapandı.
TRADE - 2021-02-24 16:16:29 --> (0.22740100 1614172589) trade işleminde  : ln5jf76bbqw6cxr79jyabj5tx3ij id nolu satıcı 6bavdl8dik135r3iu118fe4zxti5 id nolu alıcıya 50333.00000000 fiyatından 0.00100000 adet 9 id nolu coin karşılığında 1 id nolu coin sattı. Emir kapandı.
TRADE - 2021-02-24 16:16:49 --> (0.30152000 1614172609) trade işleminde  : ln5jf76bbqw6cxr79jyabj5tx3ij id nolu alıcı 6bavdl8dik135r3iu118fe4zxti5 id nolu satıcıdan 1654.06000100 fiyatından 0.03042997 adet 9 id nolu coin karşılığında 6 id nolu coin satın aldı. Emir kapandı.
TRADE - 2021-02-24 16:25:57 --> (0.69733800 1614173157) trade işleminde  : 6bavdl8dik135r3iu118fe4zxti5 id nolu alıcı ln5jf76bbqw6cxr79jyabj5tx3ij id nolu satıcıdan 0.03318499 fiyatından 0.03042997 adet 1 id nolu coin karşılığında 6 id nolu coin satın aldı. Alıcı almak istediği miktarı aldı. Boş emir açıldı.
TRADE - 2021-02-24 16:38:20 --> (0.31975800 1614173900) trade işleminde  : ln5jf76bbqw6cxr79jyabj5tx3ij id nolu alıcı 6bavdl8dik135r3iu118fe4zxti5 id nolu satıcıdan 0.00055194 fiyatından 1.81179113 adet 1 id nolu coin karşılığında 163 id nolu coin satın aldı. Emir kapandı.
TRADE - 2021-02-24 16:38:29 --> (0.05161500 1614173909) trade işleminde  : ln5jf76bbqw6cxr79jyabj5tx3ij id nolu satıcı 6bavdl8dik135r3iu118fe4zxti5 id nolu alıcıya 27.58310000 fiyatından 1.81204900 adet 9 id nolu coin karşılığında 163 id nolu coin sattı. Emir kapandı.
TRADE - 2021-02-24 16:38:45 --> (0.63323600 1614173925) trade işleminde  : ln5jf76bbqw6cxr79jyabj5tx3ij id nolu alıcı 6bavdl8dik135r3iu118fe4zxti5 id nolu satıcıdan 49280.11000000 fiyatından 0.00101364 adet 9 id nolu coin karşılığında 1 id nolu coin satın aldı. Emir kapandı.
TRADE - 2021-02-24 16:55:28 --> (0.59702200 1614174928) trade işleminde  : ln5jf76bbqw6cxr79jyabj5tx3ij id nolu alıcı 6bavdl8dik135r3iu118fe4zxti5 id nolu satıcıdan 27.42800000 fiyatından 1.82934099 adet 9 id nolu coin karşılığında 163 id nolu coin satın aldı. Emir kapandı.
TRADE - 2021-02-24 16:55:29 --> (0.30694300 1614174929) trade işleminde  : ln5jf76bbqw6cxr79jyabj5tx3ij id nolu alıcı 6bavdl8dik135r3iu118fe4zxti5 id nolu satıcıdan 27.40640000 fiyatından 3.64734099 adet 9 id nolu coin karşılığında 163 id nolu coin almak istedi ama satıcının miktarı(1.818) yetmedi ve emir tekrar etti.
TRADE - 2021-02-24 16:55:42 --> (0.67618900 1614174942) trade işleminde  : ln5jf76bbqw6cxr79jyabj5tx3ij id nolu satıcı 6bavdl8dik135r3iu118fe4zxti5 id nolu alıcıya 0.00055667 fiyatından 3.62898807 adet 1 id nolu coin karşılığında 163 id nolu coin sattı. Emir kapandı.
TRADE - 2021-02-24 16:56:43 --> (0.76575100 1614175003) trade işleminde  : 6bavdl8dik135r3iu118fe4zxti5 id nolu alıcı t8avvcmnmgj5pyqcyomrro5nefmx id nolu satıcıdan 0.05830010 fiyatından 9.25548929 adet 9 id nolu coin karşılığında 3 id nolu coin satın aldı. Alıcı almak istediği miktarı aldı. Boş emir açıldı.
TRADE - 2021-02-24 16:57:08 --> (0.04244800 1614175028) trade işleminde  : ln5jf76bbqw6cxr79jyabj5tx3ij id nolu satıcı 6bavdl8dik135r3iu118fe4zxti5 id nolu alıcıya 1638.93999900 fiyatından 0.02014631 adet 9 id nolu coin karşılığında 6 id nolu coin sattı. Emir kapandı.
TRADE - 2021-02-24 16:57:56 --> (0.80373100 1614175076) trade işleminde  : ln5jf76bbqw6cxr79jyabj5tx3ij id nolu satıcı 6bavdl8dik135r3iu118fe4zxti5 id nolu alıcıya 182.25000000 fiyatından 0.27904896 adet 9 id nolu coin karşılığında 2 id nolu coin sattı. Emir kapandı.
TRADE - 2021-02-24 17:06:12 --> (0.52928700 1614175572) trade işleminde  : 6bavdl8dik135r3iu118fe4zxti5 id nolu alıcı z2qlazy9u277w4e99fc25cx1olco id nolu satıcıdan 0.00000120 fiyatından 1556.40845968 adet 1 id nolu coin karşılığında 3 id nolu coin satın aldı. Alıcı almak istediği miktarı aldı. Boş emir açıldı.
TRADE - 2021-02-24 17:12:27 --> (0.04505100 1614175947) trade işleminde  : ln5jf76bbqw6cxr79jyabj5tx3ij id nolu alıcı 6bavdl8dik135r3iu118fe4zxti5 id nolu satıcıdan 0.00000120 fiyatından 840.33613445 adet 1 id nolu coin karşılığında 3 id nolu coin satın aldı. Emir kapandı.
TRADE - 2021-02-24 17:12:35 --> (0.61955600 1614175955) trade işleminde  : ln5jf76bbqw6cxr79jyabj5tx3ij id nolu satıcı 6bavdl8dik135r3iu118fe4zxti5 id nolu alıcıya 0.05938320 fiyatından 840.70787234 adet 9 id nolu coin karşılığında 3 id nolu coin sattı. Emir kapandı.
TRADE - 2021-02-24 17:12:45 --> (0.49563900 1614175965) trade işleminde  : ln5jf76bbqw6cxr79jyabj5tx3ij id nolu alıcı 6bavdl8dik135r3iu118fe4zxti5 id nolu satıcıdan 49200.01000000 fiyatından 0.00101426 adet 9 id nolu coin karşılığında 1 id nolu coin satın aldı. Emir kapandı.
TRADE - 2021-02-24 17:39:25 --> (0.55784200 1614177565) trade işleminde  : ln5jf76bbqw6cxr79jyabj5tx3ij id nolu alıcı 6bavdl8dik135r3iu118fe4zxti5 id nolu satıcıdan 0.00000119 fiyatından 840.33613445 adet 1 id nolu coin karşılığında 3 id nolu coin satın aldı. Emir kapandı.
TRADE - 2021-02-24 18:18:24 --> (0.89671400 1614179904) trade işleminde  : ln5jf76bbqw6cxr79jyabj5tx3ij id nolu alıcı 6bavdl8dik135r3iu118fe4zxti5 id nolu satıcıdan 0.00000946 fiyatından 105.70824524 adet 1 id nolu coin karşılığında 7 id nolu coin satın aldı. Emir kapandı.
TRADE - 2021-02-24 19:05:16 --> (0.87796400 1614182716) trade işleminde  : ln5jf76bbqw6cxr79jyabj5tx3ij id nolu alıcı 6bavdl8dik135r3iu118fe4zxti5 id nolu satıcıdan 28.16250000 fiyatından 3.55082112 adet 9 id nolu coin karşılığında 163 id nolu coin satın aldı. Emir kapandı.
TRADE - 2021-02-24 19:05:26 --> (0.22039400 1614182726) trade işleminde  : ln5jf76bbqw6cxr79jyabj5tx3ij id nolu satıcı 6bavdl8dik135r3iu118fe4zxti5 id nolu alıcıya 0.00057396 fiyatından 3.55160279 adet 1 id nolu coin karşılığında 163 id nolu coin sattı. Emir kapandı.
TRADE - 2021-02-24 19:05:42 --> (0.81004000 1614182742) trade işleminde  : ln5jf76bbqw6cxr79jyabj5tx3ij id nolu satıcı 6bavdl8dik135r3iu118fe4zxti5 id nolu alıcıya 49858.46000000 fiyatından 0.00203802 adet 9 id nolu coin karşılığında 1 id nolu coin sattı. Emir kapandı.
TRADE - 2021-02-24 19:58:15 --> (0.23955100 1614185895) trade işleminde  : ln5jf76bbqw6cxr79jyabj5tx3ij id nolu alıcı 6bavdl8dik135r3iu118fe4zxti5 id nolu satıcıdan 0.00058126 fiyatından 1.72040050 adet 1 id nolu coin karşılığında 163 id nolu coin satın aldı. Emir kapandı.
TRADE - 2021-02-24 19:58:26 --> (0.73527400 1614185906) trade işleminde  : ln5jf76bbqw6cxr79jyabj5tx3ij id nolu satıcı 6bavdl8dik135r3iu118fe4zxti5 id nolu alıcıya 29.00650000 fiyatından 1.16571252 adet 9 id nolu coin karşılığında 163 id nolu coin sattı. Emir kapandı.
TRADE - 2021-02-24 19:58:27 --> (0.60357300 1614185907) trade işleminde  : ln5jf76bbqw6cxr79jyabj5tx3ij id nolu satıcı 6bavdl8dik135r3iu118fe4zxti5 id nolu alıcıya 29.01930000 fiyatından 1.73871252 adet 9 id nolu coin karşılığında 163 id nolu coini satmak istedi ama alıcının miktarı(0.573) yetmedi ve emir tekrar etti.
TRADE - 2021-02-24 19:58:46 --> (0.33358100 1614185926) trade işleminde  : ln5jf76bbqw6cxr79jyabj5tx3ij id nolu alıcı 6bavdl8dik135r3iu118fe4zxti5 id nolu satıcıdan 49324.22000000 fiyatından 0.00101187 adet 9 id nolu coin karşılığında 1 id nolu coin satın aldı. Emir kapandı.
TRADE - 2021-02-24 19:59:04 --> (0.89365600 1614185944) trade işleminde  : ln5jf76bbqw6cxr79jyabj5tx3ij id nolu alıcı 6bavdl8dik135r3iu118fe4zxti5 id nolu satıcıdan 0.00058126 fiyatından 1.72040050 adet 1 id nolu coin karşılığında 163 id nolu coin satın aldı. Emir kapandı.
TRADE - 2021-02-24 19:59:22 --> (0.57895800 1614185962) trade işleminde  : ln5jf76bbqw6cxr79jyabj5tx3ij id nolu satıcı 6bavdl8dik135r3iu118fe4zxti5 id nolu alıcıya 28.97090000 fiyatından 0.97379614 adet 9 id nolu coin karşılığında 163 id nolu coin sattı. Emir kapandı.
TRADE - 2021-02-24 19:59:23 --> (0.21240000 1614185963) trade işleminde  : ln5jf76bbqw6cxr79jyabj5tx3ij id nolu satıcı 6bavdl8dik135r3iu118fe4zxti5 id nolu alıcıya 29.00650000 fiyatından 1.72058362 adet 9 id nolu coin karşılığında 163 id nolu coini satmak istedi ama alıcının miktarı(0.74678748) yetmedi ve emir tekrar etti.
TRADE - 2021-02-24 19:59:38 --> (0.04328200 1614185978) trade işleminde  : ln5jf76bbqw6cxr79jyabj5tx3ij id nolu alıcı 6bavdl8dik135r3iu118fe4zxti5 id nolu satıcıdan 49324.22000000 fiyatından 0.00101102 adet 9 id nolu coin karşılığında 1 id nolu coin satın aldı. Emir kapandı.
TRADE - 2021-02-24 21:23:25 --> (0.71497500 1614191005) trade işleminde  : fj44e71pzte52i5igwc2u137qyx7 id nolu alıcı fj44e71pzte52i5igwc2u137qyx7 id nolu satıcıdan 0.00885700 fiyatından 36 adet 9 id nolu coin karşılığında 152 id nolu coin satın aldı. Alıcı almak istediği miktarı aldı. Boş emir açıldı.
TRADE - 2021-02-24 21:25:02 --> (0.48685400 1614191102) trade işleminde  : fj44e71pzte52i5igwc2u137qyx7 id nolu alıcı zlgxvsiggs0c6qkc3pzi9xvusiux id nolu satıcıdan 0.00989900 fiyatından 29.59537184 adet 9 id nolu coin karşılığında 152 id nolu coin satın aldı. Emir kapandı.
TRADE - 2021-02-24 21:27:01 --> (0.18932600 1614191221) trade işleminde  : fj44e71pzte52i5igwc2u137qyx7 id nolu alıcı fj44e71pzte52i5igwc2u137qyx7 id nolu satıcıdan 0.00987594 fiyatından 24.59826444 adet 9 id nolu coin karşılığında 152 id nolu coin satın aldı. Alıcı almak istediği miktarı aldı. Boş emir açıldı.
TRADE - 2021-02-24 21:27:16 --> (0.05306700 1614191236) trade işleminde  : fj44e71pzte52i5igwc2u137qyx7 id nolu satıcı fj44e71pzte52i5igwc2u137qyx7 id nolu alıcıya 0.00872310 fiyatından 23.41061905 adet 9 id nolu coin karşılığında 152 id nolu coin sattı. Emir kapandı.
TRADE - 2021-02-24 21:27:51 --> (0.21725100 1614191271) trade işleminde  : fj44e71pzte52i5igwc2u137qyx7 id nolu alıcı fj44e71pzte52i5igwc2u137qyx7 id nolu satıcıdan 0.00910946 fiyatından 24.59826444 adet 9 id nolu coin karşılığında 152 id nolu coin satın aldı. Alıcı almak istediği miktarı aldı. Boş emir açıldı.
TRADE - 2021-02-24 21:29:45 --> (0.52854800 1614191385) trade işleminde  : fj44e71pzte52i5igwc2u137qyx7 id nolu alıcı fj44e71pzte52i5igwc2u137qyx7 id nolu satıcıdan 0.00988231 fiyatından 16.39884296 adet 9 id nolu coin karşılığında 152 id nolu coin satın aldı. Alıcı almak istediği miktarı aldı. Boş emir açıldı.
TRADE - 2021-02-24 21:30:12 --> (0.03582600 1614191412) trade işleminde  : fj44e71pzte52i5igwc2u137qyx7 id nolu satıcı no2dnuhutckbktnejjdkkitdgw2n id nolu alıcıya 0.00000410 fiyatından 40.99710740 adet 6 id nolu coin karşılığında 152 id nolu coin sattı. Emir kapandı.
TRADE - 2021-02-24 21:32:06 --> (0.96382200 1614191526) trade işleminde  : fj44e71pzte52i5igwc2u137qyx7 id nolu satıcı no2dnuhutckbktnejjdkkitdgw2n id nolu alıcıya 0.00000410 fiyatından 24.59826444 adet 6 id nolu coin karşılığında 152 id nolu coin sattı. Emir kapandı.
TRADE - 2021-02-24 22:21:31 --> (0.52763600 1614194491) trade işleminde  : fj44e71pzte52i5igwc2u137qyx7 id nolu alıcı zlgxvsiggs0c6qkc3pzi9xvusiux id nolu satıcıdan 0.00989900 fiyatından 81.79347336 adet 9 id nolu coin karşılığında 152 id nolu coin satın aldı. Emir kapandı.
TRADE - 2021-02-24 23:36:54 --> (0.36673600 1614199014) trade işleminde  : fj44e71pzte52i5igwc2u137qyx7 id nolu alıcı fj44e71pzte52i5igwc2u137qyx7 id nolu satıcıdan 0.00000435 fiyatından 61.57799344 adet 6 id nolu coin karşılığında 152 id nolu coin satın aldı. Emir kapandı.
TRADE - 2021-02-24 23:38:19 --> (0.84186900 1614199099) trade işleminde  : fj44e71pzte52i5igwc2u137qyx7 id nolu alıcı fj44e71pzte52i5igwc2u137qyx7 id nolu satıcıdan 0.00000435 fiyatından 30.78899672 adet 6 id nolu coin karşılığında 152 id nolu coin satın aldı. Alıcı almak istediği miktarı aldı. Boş emir açıldı.
TRADE - 2021-02-24 23:38:20 --> (0.31354800 1614199100) trade işleminde  : fj44e71pzte52i5igwc2u137qyx7 id nolu alıcı fj44e71pzte52i5igwc2u137qyx7 id nolu satıcıdan 0.00000435 fiyatından 51.00447664 adet 6 id nolu coin karşılığında 152 id nolu coin almak istedi ama satıcının miktarı(20.21547992) yetmedi ve emir tekrar etti.
TRADE - 2021-02-24 23:38:47 --> (0.65451100 1614199127) trade işleminde  : fj44e71pzte52i5igwc2u137qyx7 id nolu alıcı fj44e71pzte52i5igwc2u137qyx7 id nolu satıcıdan 0.00000435 fiyatından 45.84623856 adet 6 id nolu coin karşılığında 152 id nolu coin satın aldı. Emir kapandı.
TRADE - 2021-02-24 23:39:33 --> (0.03930400 1614199173) trade işleminde  : fj44e71pzte52i5igwc2u137qyx7 id nolu alıcı fj44e71pzte52i5igwc2u137qyx7 id nolu satıcıdan 0.00000435 fiyatından 6.76134803 adet 6 id nolu coin karşılığında 152 id nolu coin satın aldı. Emir kapandı.
TRADE - 2021-02-24 23:39:33 --> (0.43338500 1614199173) trade işleminde  : fj44e71pzte52i5igwc2u137qyx7 id nolu alıcı fj44e71pzte52i5igwc2u137qyx7 id nolu satıcıdan 0.00000435 fiyatından 42.70858283 adet 6 id nolu coin karşılığında 152 id nolu coin almak istedi ama satıcının miktarı(35.9472348) yetmedi ve emir tekrar etti.
TRADE - 2021-02-24 23:48:25 --> (0.33712300 1614199705) trade işleminde  : qikbs6rpa4qz0mxmtzuz66nye7wr id nolu alıcı fj44e71pzte52i5igwc2u137qyx7 id nolu satıcıdan 0.00000435 fiyatından 15.24724979 adet 6 id nolu coin karşılığında 152 id nolu coin satın aldı. Emir kapandı.
TRADE - 2021-02-24 23:48:25 --> (0.85511200 1614199705) trade işleminde  : qikbs6rpa4qz0mxmtzuz66nye7wr id nolu alıcı fj44e71pzte52i5igwc2u137qyx7 id nolu satıcıdan 0.00000435 fiyatından 42.87058068 adet 6 id nolu coin karşılığında 152 id nolu coin almak istedi ama satıcının miktarı(27.62333089) yetmedi ve emir tekrar etti.
