TRADE - 2020-11-12 00:02:35 --> (0.29952100 1605139355) trade işleminde  : 6bavdl8dik135r3iu118fe4zxti5 id nolu satıcı e4bzieqt39m7rwty4xtw61mudie5 id nolu alıcıya 0.25576000 fiyatından 10.78318289 adet 9 id nolu coin karşılığında 7 id nolu coin sattı. Emir kapandı.
TRADE - 2020-11-12 10:13:44 --> (0.31227300 1605176024) trade işleminde  : la8fvax7tiwkjazsiaoi6c8hb7cj id nolu alıcı 5mjwi0pkfixdrih7p7uadjr1634g id nolu satıcıdan 0.20000000 fiyatından 0.00099800 adet 9 id nolu coin karşılığında 153 id nolu coin satın aldı. Emir kapandı.
TRADE - 2020-11-12 10:21:41 --> (0.63340500 1605176501) trade işleminde  : 2cl2fyjwe2xa29p464djt7lf6mx6 id nolu satıcı 6bavdl8dik135r3iu118fe4zxti5 id nolu alıcıya 15845.03000000 fiyatından 0.00062853 adet 9 id nolu coin karşılığında 1 id nolu coin sattı. Emir kapandı.
TRADE - 2020-11-12 11:12:04 --> (0.18385200 1605179524) trade işleminde  : yai6ys73iqnlj4x4cgn2f88trxu1 id nolu satıcı 94sqjx8qc58gr250q5wvqap6em4d id nolu alıcıya 0.00000601 fiyatından 217.48906162 adet 9 id nolu coin karşılığında 122 id nolu coin sattı. Emir kapandı.
TRADE - 2020-11-12 11:16:46 --> (0.63105000 1605179806) trade işleminde  : yai6ys73iqnlj4x4cgn2f88trxu1 id nolu satıcı jlzei3hivlcf0qlv3c6db976mz74 id nolu alıcıya 0.00000199 fiyatından 589621.80516095 adet 9 id nolu coin karşılığında 121 id nolu coin sattı. Emir kapandı.
TRADE - 2020-11-12 11:17:00 --> (0.27792800 1605179820) trade işleminde  : yai6ys73iqnlj4x4cgn2f88trxu1 id nolu satıcı jlzei3hivlcf0qlv3c6db976mz74 id nolu alıcıya 0.00000199 fiyatından 5040.48297600 adet 9 id nolu coin karşılığında 121 id nolu coin sattı. Emir kapandı.
TRADE - 2020-11-12 11:17:10 --> (0.43170400 1605179830) trade işleminde  : yai6ys73iqnlj4x4cgn2f88trxu1 id nolu alıcı anqjka6bpomy1v2r0w0l4jun3588 id nolu satıcıdan 0.00000298 fiyatından 4294.48385109 adet 9 id nolu coin karşılığında 121 id nolu coin satın aldı. Emir kapandı.
TRADE - 2020-11-12 16:20:01 --> (0.85136400 1605198001) trade işleminde  : no2dnuhutckbktnejjdkkitdgw2n id nolu alıcı m0xcu7ndf5xqw4j0zz1jk70zgfs1 id nolu satıcıdan 0.01524000 fiyatından 0.01057477 adet 9 id nolu coin karşılığında 152 id nolu coin satın aldı. Emir kapandı.
TRADE - 2020-11-12 17:50:09 --> (0.27123700 1605203409) trade işleminde  : 8mka6bv7y37b40cvx8xd68lemcak id nolu satıcı gwgvn9fj4jobujl16xk5gy1vey0k id nolu alıcıya 0.00000193 fiyatından 3517284.3328886 adet 9 id nolu coin karşılığında 145 id nolu coin sattı. Emir kapandı.
TRADE - 2020-11-12 19:09:47 --> (0.48387800 1605208187) trade işleminde  : fj44e71pzte52i5igwc2u137qyx7 id nolu alıcı hzon720zk2cdr3dyllb8pr4yhpae id nolu satıcıdan 0.00015000 fiyatından 60.5968612 adet 6 id nolu coin karşılığında 152 id nolu coin satın aldı. Alıcı almak istediği miktarı aldı. Boş emir açıldı.
TRADE - 2020-11-12 19:10:12 --> (0.76739700 1605208212) trade işleminde  : fj44e71pzte52i5igwc2u137qyx7 id nolu alıcı fj44e71pzte52i5igwc2u137qyx7 id nolu satıcıdan 0.00016520 fiyatından 28.16849654 adet 6 id nolu coin karşılığında 152 id nolu coin satın aldı. Emir kapandı.
TRADE - 2020-11-12 19:10:41 --> (0.55953800 1605208241) trade işleminde  : fj44e71pzte52i5igwc2u137qyx7 id nolu alıcı fj44e71pzte52i5igwc2u137qyx7 id nolu satıcıdan 0.00016520 fiyatından 28.14038992 adet 6 id nolu coin karşılığında 152 id nolu coin satın aldı. Emir kapandı.
TRADE - 2020-11-12 19:15:00 --> (0.52556300 1605208500) trade işleminde  : fj44e71pzte52i5igwc2u137qyx7 id nolu alıcı fj44e71pzte52i5igwc2u137qyx7 id nolu satıcıdan 0.00016520 fiyatından 18.71411535 adet 6 id nolu coin karşılığında 152 id nolu coin satın aldı. Emir kapandı.
TRADE - 2020-11-12 19:15:25 --> (0.29819000 1605208525) trade işleminde  : fj44e71pzte52i5igwc2u137qyx7 id nolu alıcı fj44e71pzte52i5igwc2u137qyx7 id nolu satıcıdan 0.00016520 fiyatından 37.39089617 adet 6 id nolu coin karşılığında 152 id nolu coin satın aldı. Emir kapandı.
TRADE - 2020-11-12 19:16:19 --> (0.51683100 1605208579) trade işleminde  : fj44e71pzte52i5igwc2u137qyx7 id nolu alıcı fj44e71pzte52i5igwc2u137qyx7 id nolu satıcıdan 0.00016643 fiyatından 18.52023586 adet 6 id nolu coin karşılığında 152 id nolu coin satın aldı. Emir kapandı.
TRADE - 2020-11-12 19:16:32 --> (0.15382000 1605208592) trade işleminde  : fj44e71pzte52i5igwc2u137qyx7 id nolu alıcı fj44e71pzte52i5igwc2u137qyx7 id nolu satıcıdan 0.00016643 fiyatından 5.32580000 adet 6 id nolu coin karşılığında 152 id nolu coin satın aldı. Emir kapandı.
TRADE - 2020-11-12 19:17:44 --> (0.83641600 1605208664) trade işleminde  : fj44e71pzte52i5igwc2u137qyx7 id nolu alıcı fj44e71pzte52i5igwc2u137qyx7 id nolu satıcıdan 0.00016643 fiyatından 18.49642960 adet 6 id nolu coin karşılığında 152 id nolu coin satın aldı. Emir kapandı.
TRADE - 2020-11-12 19:18:28 --> (0.96274400 1605208708) trade işleminde  : fj44e71pzte52i5igwc2u137qyx7 id nolu alıcı fj44e71pzte52i5igwc2u137qyx7 id nolu satıcıdan 0.00016452 fiyatından 37.38496142 adet 6 id nolu coin karşılığında 152 id nolu coin satın aldı. Emir kapandı.
TRADE - 2020-11-12 19:18:33 --> (0.86076100 1605208713) trade işleminde  : fj44e71pzte52i5igwc2u137qyx7 id nolu alıcı fj44e71pzte52i5igwc2u137qyx7 id nolu satıcıdan 0.00016452 fiyatından 18.65515868 adet 6 id nolu coin karşılığında 152 id nolu coin satın aldı. Emir kapandı.
TRADE - 2020-11-12 19:19:43 --> (0.29110200 1605208783) trade işleminde  : fj44e71pzte52i5igwc2u137qyx7 id nolu alıcı fj44e71pzte52i5igwc2u137qyx7 id nolu satıcıdan 0.00016643 fiyatından 14.42267217 adet 6 id nolu coin karşılığında 152 id nolu coin satın aldı. Emir kapandı.
TRADE - 2020-11-12 19:20:41 --> (0.04913400 1605208841) trade işleminde  : fj44e71pzte52i5igwc2u137qyx7 id nolu satıcı fj44e71pzte52i5igwc2u137qyx7 id nolu alıcıya 0.00016520 fiyatından 37.09064921 adet 6 id nolu coin karşılığında 152 id nolu coin sattı. Emir kapandı.
TRADE - 2020-11-12 19:21:06 --> (0.76037100 1605208866) trade işleminde  : fj44e71pzte52i5igwc2u137qyx7 id nolu satıcı fj44e71pzte52i5igwc2u137qyx7 id nolu alıcıya 0.00016541 fiyatından 37.09064921 adet 6 id nolu coin karşılığında 152 id nolu coin sattı. Emir kapandı.
TRADE - 2020-11-12 19:29:17 --> (0.06244500 1605209357) trade işleminde  : fj44e71pzte52i5igwc2u137qyx7 id nolu satıcı 6bavdl8dik135r3iu118fe4zxti5 id nolu alıcıya 456.11999900 fiyatından 0.00770591 adet 9 id nolu coin karşılığında 6 id nolu coin sattı. Emir kapandı.
TRADE - 2020-11-12 19:30:43 --> (0.00780800 1605209443) trade işleminde  : fj44e71pzte52i5igwc2u137qyx7 id nolu alıcı fj44e71pzte52i5igwc2u137qyx7 id nolu satıcıdan 0.01700564 fiyatından 45.88411345 adet 9 id nolu coin karşılığında 152 id nolu coin satın aldı. Emir kapandı.
TRADE - 2020-11-12 19:30:58 --> (0.97136900 1605209458) trade işleminde  : fj44e71pzte52i5igwc2u137qyx7 id nolu alıcı fj44e71pzte52i5igwc2u137qyx7 id nolu satıcıdan 0.01700564 fiyatından 45.83832099 adet 9 id nolu coin karşılığında 152 id nolu coin satın aldı. Emir kapandı.
TRADE - 2020-11-12 19:31:14 --> (0.31261100 1605209474) trade işleminde  : fj44e71pzte52i5igwc2u137qyx7 id nolu alıcı fj44e71pzte52i5igwc2u137qyx7 id nolu satıcıdan 0.01700564 fiyatından 21.54750000 adet 9 id nolu coin karşılığında 152 id nolu coin satın aldı. Emir kapandı.
TRADE - 2020-11-12 19:31:57 --> (0.37765800 1605209517) trade işleminde  : fj44e71pzte52i5igwc2u137qyx7 id nolu alıcı fj44e71pzte52i5igwc2u137qyx7 id nolu satıcıdan 0.02205502 fiyatından 35.29202569 adet 9 id nolu coin karşılığında 152 id nolu coin satın aldı. Emir kapandı.
TRADE - 2020-11-12 19:36:38 --> (0.45070400 1605209798) trade işleminde  : fj44e71pzte52i5igwc2u137qyx7 id nolu alıcı fj44e71pzte52i5igwc2u137qyx7 id nolu satıcıdan 0.02205502 fiyatından 29.12035989 adet 9 id nolu coin karşılığında 152 id nolu coin satın aldı. Emir kapandı.
TRADE - 2020-11-12 19:48:13 --> (0.61850400 1605210493) trade işleminde  : hzon720zk2cdr3dyllb8pr4yhpae id nolu satıcı 6bavdl8dik135r3iu118fe4zxti5 id nolu alıcıya 455.75999900 fiyatından 0.00907135 adet 9 id nolu coin karşılığında 6 id nolu coin sattı. Emir kapandı.
TRADE - 2020-11-12 19:49:38 --> (0.78602200 1605210578) trade işleminde  : hzon720zk2cdr3dyllb8pr4yhpae id nolu alıcı fj44e71pzte52i5igwc2u137qyx7 id nolu satıcıdan 0.02205502 fiyatından 46.67706085 adet 9 id nolu coin karşılığında 152 id nolu coin satın aldı. Emir kapandı.
TRADE - 2020-11-12 19:49:42 --> (0.81352000 1605210582) trade işleminde  : hzon720zk2cdr3dyllb8pr4yhpae id nolu alıcı fj44e71pzte52i5igwc2u137qyx7 id nolu satıcıdan 0.02205502 fiyatından 70.01559121 adet 9 id nolu coin karşılığında 152 id nolu coin satın aldı. Emir kapandı.
TRADE - 2020-11-12 19:49:47 --> (0.69033600 1605210587) trade işleminde  : hzon720zk2cdr3dyllb8pr4yhpae id nolu alıcı fj44e71pzte52i5igwc2u137qyx7 id nolu satıcıdan 0.02205502 fiyatından 70.01559144 adet 9 id nolu coin karşılığında 152 id nolu coin satın aldı. Emir kapandı.
TRADE - 2020-11-12 19:50:12 --> (0.39398800 1605210612) trade işleminde  : hzon720zk2cdr3dyllb8pr4yhpae id nolu satıcı fj44e71pzte52i5igwc2u137qyx7 id nolu alıcıya 0.00014900 fiyatından 25 adet 6 id nolu coin karşılığında 152 id nolu coin sattı. Alıcının miktarı yetmedi ve eşleşen bir fiyat olmadığı için 8.421593 adet satış emri açıldı.
TRADE - 2020-11-12 19:50:13 --> (0.07409700 1605210613) trade işleminde  : hzon720zk2cdr3dyllb8pr4yhpae id nolu satıcı fj44e71pzte52i5igwc2u137qyx7 id nolu alıcıya 0.00014922 fiyatından 48.363903 adet 6 id nolu coin karşılığında 152 id nolu coini satmak istedi ama alıcının miktarı(14.94231) yetmedi ve emir tekrar etti.
TRADE - 2020-11-12 19:50:13 --> (0.63935500 1605210613) trade işleminde  : hzon720zk2cdr3dyllb8pr4yhpae id nolu satıcı fj44e71pzte52i5igwc2u137qyx7 id nolu alıcıya 0.00014940 fiyatından 68.675453 adet 6 id nolu coin karşılığında 152 id nolu coini satmak istedi ama alıcının miktarı(20.31155) yetmedi ve emir tekrar etti.
TRADE - 2020-11-12 19:50:14 --> (0.10222600 1605210614) trade işleminde  : hzon720zk2cdr3dyllb8pr4yhpae id nolu satıcı fj44e71pzte52i5igwc2u137qyx7 id nolu alıcıya 0.00014950 fiyatından 85.00000000 adet 6 id nolu coin karşılığında 152 id nolu coini satmak istedi ama alıcının miktarı(16.324547) yetmedi ve emir tekrar etti.
TRADE - 2020-11-12 19:50:29 --> (0.90791600 1605210629) trade işleminde  : hzon720zk2cdr3dyllb8pr4yhpae id nolu satıcı fj44e71pzte52i5igwc2u137qyx7 id nolu alıcıya 0.00010000 fiyatından 49.132984 adet 6 id nolu coin karşılığında 152 id nolu coin sattı. Emir kapandı.
TRADE - 2020-11-12 19:50:30 --> (0.29715800 1605210630) trade işleminde  : hzon720zk2cdr3dyllb8pr4yhpae id nolu satıcı fj44e71pzte52i5igwc2u137qyx7 id nolu alıcıya 0.00013743 fiyatından 63.454544 adet 6 id nolu coin karşılığında 152 id nolu coini satmak istedi ama alıcının miktarı(14.32156) yetmedi ve emir tekrar etti.
TRADE - 2020-11-12 19:50:30 --> (0.66810700 1605210630) trade işleminde  : hzon720zk2cdr3dyllb8pr4yhpae id nolu satıcı fj44e71pzte52i5igwc2u137qyx7 id nolu alıcıya 0.00013820 fiyatından 85.00000000 adet 6 id nolu coin karşılığında 152 id nolu coini satmak istedi ama alıcının miktarı(21.545456) yetmedi ve emir tekrar etti.
TRADE - 2020-11-12 19:50:42 --> (0.47626800 1605210642) trade işleminde  : hzon720zk2cdr3dyllb8pr4yhpae id nolu satıcı fj44e71pzte52i5igwc2u137qyx7 id nolu alıcıya 0.00009854 fiyatından 17.5978205 adet 6 id nolu coin karşılığında 152 id nolu coin sattı. Emir kapandı.
TRADE - 2020-11-12 19:50:43 --> (0.19722800 1605210643) trade işleminde  : hzon720zk2cdr3dyllb8pr4yhpae id nolu satıcı fj44e71pzte52i5igwc2u137qyx7 id nolu alıcıya 0.00010000 fiyatından 25.12983650 adet 6 id nolu coin karşılığında 152 id nolu coini satmak istedi ama alıcının miktarı(7.532016) yetmedi ve emir tekrar etti.
TRADE - 2020-11-12 19:51:27 --> (0.04742700 1605210687) trade işleminde  : hzon720zk2cdr3dyllb8pr4yhpae id nolu satıcı 6bavdl8dik135r3iu118fe4zxti5 id nolu alıcıya 455.75999900 fiyatından 0.02372860 adet 9 id nolu coin karşılığında 6 id nolu coin sattı. Emir kapandı.
TRADE - 2020-11-12 19:51:43 --> (0.45175300 1605210703) trade işleminde  : hzon720zk2cdr3dyllb8pr4yhpae id nolu alıcı fj44e71pzte52i5igwc2u137qyx7 id nolu satıcıdan 0.02205502 fiyatından 122.09663458 adet 9 id nolu coin karşılığında 152 id nolu coin satın aldı. Emir kapandı.
TRADE - 2020-11-12 19:51:51 --> (0.52231200 1605210711) trade işleminde  : hzon720zk2cdr3dyllb8pr4yhpae id nolu alıcı fj44e71pzte52i5igwc2u137qyx7 id nolu satıcıdan 0.02205502 fiyatından 183.14495175 adet 9 id nolu coin karşılığında 152 id nolu coin satın aldı. Emir kapandı.
TRADE - 2020-11-12 19:52:29 --> (0.72874400 1605210749) trade işleminde  : hzon720zk2cdr3dyllb8pr4yhpae id nolu satıcı fj44e71pzte52i5igwc2u137qyx7 id nolu alıcıya 0.00009624 fiyatından 28.14038992 adet 6 id nolu coin karşılığında 152 id nolu coin sattı. Alıcının miktarı yetmedi ve eşleşen bir fiyat olmadığı için 273.15356091 adet satış emri açıldı.
TRADE - 2020-11-12 19:52:30 --> (0.30168800 1605210750) trade işleminde  : hzon720zk2cdr3dyllb8pr4yhpae id nolu satıcı fj44e71pzte52i5igwc2u137qyx7 id nolu alıcıya 0.00009854 fiyatından 305.24158633 adet 6 id nolu coin karşılığında 152 id nolu coini satmak istedi ama alıcının miktarı(3.9476355) yetmedi ve emir tekrar etti.
TRADE - 2020-11-12 20:05:41 --> (0.84446100 1605211541) trade işleminde  : fj44e71pzte52i5igwc2u137qyx7 id nolu alıcı hzon720zk2cdr3dyllb8pr4yhpae id nolu satıcıdan 0.00015000 fiyatından 4.27250499 adet 6 id nolu coin karşılığında 152 id nolu coin satın aldı. Emir kapandı.
TRADE - 2020-11-12 20:08:03 --> (0.22822500 1605211683) trade işleminde  : fj44e71pzte52i5igwc2u137qyx7 id nolu alıcı fj44e71pzte52i5igwc2u137qyx7 id nolu satıcıdan 0.00014850 fiyatından 12.94696802 adet 6 id nolu coin karşılığında 152 id nolu coin satın aldı. Emir kapandı.
TRADE - 2020-11-12 20:14:22 --> (0.75907700 1605212062) trade işleminde  : hzon720zk2cdr3dyllb8pr4yhpae id nolu satıcı fj44e71pzte52i5igwc2u137qyx7 id nolu alıcıya 0.00011800 fiyatından 4.05709767 adet 6 id nolu coin karşılığında 152 id nolu coin sattı. Emir kapandı.
TRADE - 2020-11-12 20:14:27 --> (0.77200600 1605212067) trade işleminde  : hzon720zk2cdr3dyllb8pr4yhpae id nolu satıcı fj44e71pzte52i5igwc2u137qyx7 id nolu alıcıya 0.00011750 fiyatından 3.05576082 adet 6 id nolu coin karşılığında 152 id nolu coin sattı. Emir kapandı.
TRADE - 2020-11-12 20:14:38 --> (0.38654500 1605212078) trade işleminde  : fj44e71pzte52i5igwc2u137qyx7 id nolu alıcı fj44e71pzte52i5igwc2u137qyx7 id nolu satıcıdan 0.00014780 fiyatından 1.82198188 adet 6 id nolu coin karşılığında 152 id nolu coin satın aldı. Emir kapandı.
TRADE - 2020-11-12 20:14:42 --> (0.37217900 1605212082) trade işleminde  : fj44e71pzte52i5igwc2u137qyx7 id nolu alıcı hzon720zk2cdr3dyllb8pr4yhpae id nolu satıcıdan 0.00014777 fiyatından 3.64031747 adet 6 id nolu coin karşılığında 152 id nolu coin satın aldı. Emir kapandı.
TRADE - 2020-11-12 20:19:48 --> (0.21931900 1605212388) trade işleminde  : fj44e71pzte52i5igwc2u137qyx7 id nolu alıcı fj44e71pzte52i5igwc2u137qyx7 id nolu satıcıdan 0.02205502 fiyatından 151.58778712 adet 9 id nolu coin karşılığında 152 id nolu coin satın aldı. Emir kapandı.
TRADE - 2020-11-12 20:25:33 --> (0.27446400 1605212733) trade işleminde  : fj44e71pzte52i5igwc2u137qyx7 id nolu alıcı fj44e71pzte52i5igwc2u137qyx7 id nolu satıcıdan 0.02205502 fiyatından 265.79868978 adet 9 id nolu coin karşılığında 152 id nolu coin satın aldı. Emir kapandı.
TRADE - 2020-11-12 20:25:55 --> (0.26247900 1605212755) trade işleminde  : fj44e71pzte52i5igwc2u137qyx7 id nolu alıcı fj44e71pzte52i5igwc2u137qyx7 id nolu satıcıdan 0.02205502 fiyatından 132.63407676 adet 9 id nolu coin karşılığında 152 id nolu coin satın aldı. Emir kapandı.
TRADE - 2020-11-12 20:26:33 --> (0.90771500 1605212793) trade işleminde  : hzon720zk2cdr3dyllb8pr4yhpae id nolu satıcı 6bavdl8dik135r3iu118fe4zxti5 id nolu alıcıya 458.56999900 fiyatından 0.00510358 adet 9 id nolu coin karşılığında 6 id nolu coin sattı. Emir kapandı.
TRADE - 2020-11-12 20:27:01 --> (0.75802600 1605212821) trade işleminde  : fj44e71pzte52i5igwc2u137qyx7 id nolu satıcı fj44e71pzte52i5igwc2u137qyx7 id nolu alıcıya 0.02002588 fiyatından 21.85512016 adet 9 id nolu coin karşılığında 152 id nolu coin sattı. Emir kapandı.
TRADE - 2020-11-12 20:27:15 --> (0.96745300 1605212835) trade işleminde  : fj44e71pzte52i5igwc2u137qyx7 id nolu satıcı fj44e71pzte52i5igwc2u137qyx7 id nolu alıcıya 0.02002588 fiyatından 15.45470000 adet 9 id nolu coin karşılığında 152 id nolu coin sattı. Emir kapandı.
TRADE - 2020-11-12 20:27:30 --> (0.87817900 1605212850) trade işleminde  : fj44e71pzte52i5igwc2u137qyx7 id nolu alıcı fj44e71pzte52i5igwc2u137qyx7 id nolu satıcıdan 0.02205502 fiyatından 74.68634035 adet 9 id nolu coin karşılığında 152 id nolu coin satın aldı. Emir kapandı.
TRADE - 2020-11-12 20:28:27 --> (0.31785100 1605212907) trade işleminde  : fj44e71pzte52i5igwc2u137qyx7 id nolu alıcı fj44e71pzte52i5igwc2u137qyx7 id nolu satıcıdan 0.02205502 fiyatından 25.47547500 adet 9 id nolu coin karşılığında 152 id nolu coin satın aldı. Emir kapandı.
TRADE - 2020-11-12 20:28:37 --> (0.60557600 1605212917) trade işleminde  : fj44e71pzte52i5igwc2u137qyx7 id nolu alıcı fj44e71pzte52i5igwc2u137qyx7 id nolu satıcıdan 0.02205502 fiyatından 34.47545874 adet 9 id nolu coin karşılığında 152 id nolu coin satın aldı. Emir kapandı.
TRADE - 2020-11-12 20:29:02 --> (0.08189400 1605212942) trade işleminde  : fj44e71pzte52i5igwc2u137qyx7 id nolu alıcı fj44e71pzte52i5igwc2u137qyx7 id nolu satıcıdan 0.02420020 fiyatından 67.94345623 adet 9 id nolu coin karşılığında 152 id nolu coin satın aldı. Emir kapandı.
TRADE - 2020-11-12 20:29:11 --> (0.04995900 1605212951) trade işleminde  : fj44e71pzte52i5igwc2u137qyx7 id nolu alıcı fj44e71pzte52i5igwc2u137qyx7 id nolu satıcıdan 0.02420020 fiyatından 135.75129680 adet 9 id nolu coin karşılığında 152 id nolu coin satın aldı. Emir kapandı.
TRADE - 2020-11-12 20:30:19 --> (0.26816100 1605213019) trade işleminde  : fj44e71pzte52i5igwc2u137qyx7 id nolu satıcı fj44e71pzte52i5igwc2u137qyx7 id nolu alıcıya 0.02205502 fiyatından 21.54540000 adet 9 id nolu coin karşılığında 152 id nolu coin sattı. Emir kapandı.
TRADE - 2020-11-12 20:30:28 --> (0.07569100 1605213028) trade işleminde  : fj44e71pzte52i5igwc2u137qyx7 id nolu satıcı fj44e71pzte52i5igwc2u137qyx7 id nolu alıcıya 0.02205502 fiyatından 5.47574500 adet 9 id nolu coin karşılığında 152 id nolu coin sattı. Emir kapandı.
TRADE - 2020-11-12 20:30:39 --> (0.70831100 1605213039) trade işleminde  : fj44e71pzte52i5igwc2u137qyx7 id nolu satıcı fj44e71pzte52i5igwc2u137qyx7 id nolu alıcıya 0.02205502 fiyatından 98.521305 adet 9 id nolu coin karşılığında 152 id nolu coin sattı. Emir kapandı.
TRADE - 2020-11-12 20:30:50 --> (0.72848900 1605213050) trade işleminde  : fj44e71pzte52i5igwc2u137qyx7 id nolu alıcı fj44e71pzte52i5igwc2u137qyx7 id nolu satıcıdan 0.02420020 fiyatından 67.62598245 adet 9 id nolu coin karşılığında 152 id nolu coin satın aldı. Emir kapandı.
TRADE - 2020-11-12 20:31:05 --> (0.91641100 1605213065) trade işleminde  : fj44e71pzte52i5igwc2u137qyx7 id nolu alıcı fj44e71pzte52i5igwc2u137qyx7 id nolu satıcıdan 0.02420020 fiyatından 135.11698288 adet 9 id nolu coin karşılığında 152 id nolu coin satın aldı. Emir kapandı.
TRADE - 2020-11-12 20:31:13 --> (0.78422700 1605213073) trade işleminde  : fj44e71pzte52i5igwc2u137qyx7 id nolu alıcı fj44e71pzte52i5igwc2u137qyx7 id nolu satıcıdan 0.02420020 fiyatından 15.54645000 adet 9 id nolu coin karşılığında 152 id nolu coin satın aldı. Emir kapandı.
TRADE - 2020-11-12 20:33:34 --> (0.97241900 1605213214) trade işleminde  : fj44e71pzte52i5igwc2u137qyx7 id nolu alıcı fj44e71pzte52i5igwc2u137qyx7 id nolu satıcıdan 0.02420020 fiyatından 62.06841870 adet 9 id nolu coin karşılığında 152 id nolu coin satın aldı. Emir kapandı.
TRADE - 2020-11-12 20:33:52 --> (0.99573600 1605213232) trade işleminde  : fj44e71pzte52i5igwc2u137qyx7 id nolu satıcı fj44e71pzte52i5igwc2u137qyx7 id nolu alıcıya 0.02002588 fiyatından 24.57560000 adet 9 id nolu coin karşılığında 152 id nolu coin sattı. Emir kapandı.
TRADE - 2020-11-12 20:34:03 --> (0.57876900 1605213243) trade işleminde  : fj44e71pzte52i5igwc2u137qyx7 id nolu alıcı fj44e71pzte52i5igwc2u137qyx7 id nolu satıcıdan 0.02420020 fiyatından 23.85852700 adet 9 id nolu coin karşılığında 152 id nolu coin satın aldı. Emir kapandı.
TRADE - 2020-11-12 20:34:15 --> (0.93447000 1605213255) trade işleminde  : fj44e71pzte52i5igwc2u137qyx7 id nolu satıcı fj44e71pzte52i5igwc2u137qyx7 id nolu alıcıya 0.02002588 fiyatından 29.96970000 adet 9 id nolu coin karşılığında 152 id nolu coin sattı. Emir kapandı.
TRADE - 2020-11-12 20:34:50 --> (0.86877200 1605213290) trade işleminde  : fj44e71pzte52i5igwc2u137qyx7 id nolu satıcı fj44e71pzte52i5igwc2u137qyx7 id nolu alıcıya 0.02002588 fiyatından 2.45450000 adet 9 id nolu coin karşılığında 152 id nolu coin sattı. Emir kapandı.
TRADE - 2020-11-12 20:35:01 --> (0.97711900 1605213301) trade işleminde  : fj44e71pzte52i5igwc2u137qyx7 id nolu satıcı fj44e71pzte52i5igwc2u137qyx7 id nolu alıcıya 0.02002588 fiyatından 16.45857850 adet 9 id nolu coin karşılığında 152 id nolu coin sattı. Emir kapandı.
TRADE - 2020-11-12 20:35:23 --> (0.49110300 1605213323) trade işleminde  : fj44e71pzte52i5igwc2u137qyx7 id nolu alıcı fj44e71pzte52i5igwc2u137qyx7 id nolu satıcıdan 0.02420020 fiyatından 12.45450000 adet 9 id nolu coin karşılığında 152 id nolu coin satın aldı. Emir kapandı.
TRADE - 2020-11-12 20:35:39 --> (0.64390200 1605213339) trade işleminde  : fj44e71pzte52i5igwc2u137qyx7 id nolu satıcı fj44e71pzte52i5igwc2u137qyx7 id nolu alıcıya 0.02002588 fiyatından 11.08692150 adet 9 id nolu coin karşılığında 152 id nolu coin sattı. Emir kapandı.
TRADE - 2020-11-12 20:35:50 --> (0.64876000 1605213350) trade işleminde  : fj44e71pzte52i5igwc2u137qyx7 id nolu satıcı fj44e71pzte52i5igwc2u137qyx7 id nolu alıcıya 0.02002588 fiyatından 15.47570000 adet 9 id nolu coin karşılığında 152 id nolu coin sattı. Emir kapandı.
TRADE - 2020-11-12 20:36:21 --> (0.06961500 1605213381) trade işleminde  : fj44e71pzte52i5igwc2u137qyx7 id nolu alıcı fj44e71pzte52i5igwc2u137qyx7 id nolu satıcıdan 0.02420010 fiyatından 82.58003788 adet 9 id nolu coin karşılığında 152 id nolu coin satın aldı. Emir kapandı.
TRADE - 2020-11-12 20:36:33 --> (0.76888700 1605213393) trade işleminde  : fj44e71pzte52i5igwc2u137qyx7 id nolu alıcı fj44e71pzte52i5igwc2u137qyx7 id nolu satıcıdan 0.02420010 fiyatından 24.45845000 adet 9 id nolu coin karşılığında 152 id nolu coin satın aldı. Emir kapandı.
TRADE - 2020-11-12 20:37:53 --> (0.79508300 1605213473) trade işleminde  : hzon720zk2cdr3dyllb8pr4yhpae id nolu satıcı fj44e71pzte52i5igwc2u137qyx7 id nolu alıcıya 0.00011750 fiyatından 1.14498662 adet 6 id nolu coin karşılığında 152 id nolu coin sattı. Emir kapandı.
TRADE - 2020-11-12 21:04:03 --> (0.30023700 1605215043) trade işleminde  : xtuskg0q61f4joe1n8bz9r7591i3 id nolu satıcı 6bavdl8dik135r3iu118fe4zxti5 id nolu alıcıya 0.00001573 fiyatından 526 adet 1 id nolu coin karşılığında 7 id nolu coin sattı. Alıcının miktarı yetmedi ve eşleşen bir fiyat olmadığı için 134.36044 adet satış emri açıldı.
TRADE - 2020-11-12 21:04:55 --> (0.04094800 1605215095) trade işleminde  : xtuskg0q61f4joe1n8bz9r7591i3 id nolu satıcı 6bavdl8dik135r3iu118fe4zxti5 id nolu alıcıya 0.00001572 fiyatından 134.36044000 adet 1 id nolu coin karşılığında 7 id nolu coin sattı. Emir kapandı.
TRADE - 2020-11-12 21:33:35 --> (0.59753200 1605216815) trade işleminde  : xtuskg0q61f4joe1n8bz9r7591i3 id nolu alıcı 6bavdl8dik135r3iu118fe4zxti5 id nolu satıcıdan 0.00001580 fiyatından 654.72535941 adet 1 id nolu coin karşılığında 7 id nolu coin satın aldı. Emir kapandı.
TRADE - 2020-11-12 21:38:08 --> (0.77376900 1605217088) trade işleminde  : fj44e71pzte52i5igwc2u137qyx7 id nolu alıcı hzon720zk2cdr3dyllb8pr4yhpae id nolu satıcıdan 0.00014766 fiyatından 1.02502228 adet 6 id nolu coin karşılığında 152 id nolu coin satın aldı. Emir kapandı.
TRADE - 2020-11-12 21:42:09 --> (0.71181500 1605217329) trade işleminde  : pdcwse6x5hbp0rfelt894wkw8dke id nolu satıcı fj44e71pzte52i5igwc2u137qyx7 id nolu alıcıya 0.02002588 fiyatından 154.5243 adet 9 id nolu coin karşılığında 152 id nolu coin sattı. Emir kapandı.
TRADE - 2020-11-12 21:42:57 --> (0.68009900 1605217377) trade işleminde  : pdcwse6x5hbp0rfelt894wkw8dke id nolu satıcı fj44e71pzte52i5igwc2u137qyx7 id nolu alıcıya 0.01485280 fiyatından 25.54165080 adet 9 id nolu coin karşılığında 152 id nolu coin sattı. Emir kapandı.
TRADE - 2020-11-12 21:43:22 --> (0.33483000 1605217402) trade işleminde  : pdcwse6x5hbp0rfelt894wkw8dke id nolu satıcı fj44e71pzte52i5igwc2u137qyx7 id nolu alıcıya 0.01247421 fiyatından 10.30706844 adet 9 id nolu coin karşılığında 152 id nolu coin sattı. Emir kapandı.
TRADE - 2020-11-12 21:43:22 --> (0.67591800 1605217402) trade işleminde  : pdcwse6x5hbp0rfelt894wkw8dke id nolu satıcı fj44e71pzte52i5igwc2u137qyx7 id nolu alıcıya 0.01257421 fiyatından 31.78293844 adet 9 id nolu coin karşılığında 152 id nolu coini satmak istedi ama alıcının miktarı(21.47587) yetmedi ve emir tekrar etti.
TRADE - 2020-11-12 21:43:23 --> (0.01659100 1605217403) trade işleminde  : pdcwse6x5hbp0rfelt894wkw8dke id nolu satıcı fj44e71pzte52i5igwc2u137qyx7 id nolu alıcıya 0.01465421 fiyatından 46.35778844 adet 9 id nolu coin karşılığında 152 id nolu coini satmak istedi ama alıcının miktarı(14.57485) yetmedi ve emir tekrar etti.
TRADE - 2020-11-12 21:43:23 --> (0.39671800 1605217403) trade işleminde  : pdcwse6x5hbp0rfelt894wkw8dke id nolu satıcı fj44e71pzte52i5igwc2u137qyx7 id nolu alıcıya 0.01485280 fiyatından 46.38256164 adet 9 id nolu coin karşılığında 152 id nolu coini satmak istedi ama alıcının miktarı(0.0247732) yetmedi ve emir tekrar etti.
TRADE - 2020-11-12 21:43:41 --> (0.93606000 1605217421) trade işleminde  : pdcwse6x5hbp0rfelt894wkw8dke id nolu satıcı fj44e71pzte52i5igwc2u137qyx7 id nolu alıcıya 0.01247421 fiyatından 57.44015382 adet 9 id nolu coin karşılığında 152 id nolu coin sattı. Emir kapandı.
TRADE - 2020-11-12 21:43:48 --> (0.65751200 1605217428) trade işleminde  : pdcwse6x5hbp0rfelt894wkw8dke id nolu satıcı fj44e71pzte52i5igwc2u137qyx7 id nolu alıcıya 0.01217400 fiyatından 25.5416508 adet 9 id nolu coin karşılığında 152 id nolu coin sattı. Emir kapandı.
TRADE - 2020-11-12 21:43:54 --> (0.74974800 1605217434) trade işleminde  : pdcwse6x5hbp0rfelt894wkw8dke id nolu satıcı fj44e71pzte52i5igwc2u137qyx7 id nolu alıcıya 0.01114402 fiyatından 46.38256164 adet 9 id nolu coin karşılığında 152 id nolu coin sattı. Emir kapandı.
TRADE - 2020-11-12 21:44:03 --> (0.10712100 1605217443) trade işleminde  : pdcwse6x5hbp0rfelt894wkw8dke id nolu satıcı fj44e71pzte52i5igwc2u137qyx7 id nolu alıcıya 0.00852011 fiyatından 25.5416508 adet 9 id nolu coin karşılığında 152 id nolu coin sattı. Emir kapandı.
TRADE - 2020-11-12 21:44:10 --> (0.26581600 1605217450) trade işleminde  : pdcwse6x5hbp0rfelt894wkw8dke id nolu satıcı fj44e71pzte52i5igwc2u137qyx7 id nolu alıcıya 0.00747421 fiyatından 25.5416508 adet 9 id nolu coin karşılığında 152 id nolu coin sattı. Emir kapandı.
TRADE - 2020-11-12 21:44:29 --> (0.76165200 1605217469) trade işleminde  : pdcwse6x5hbp0rfelt894wkw8dke id nolu satıcı fj44e71pzte52i5igwc2u137qyx7 id nolu alıcıya 0.00011750 fiyatından 1.71750117 adet 6 id nolu coin karşılığında 152 id nolu coin sattı. Emir kapandı.
TRADE - 2020-11-12 21:44:46 --> (0.57137200 1605217486) trade işleminde  : pdcwse6x5hbp0rfelt894wkw8dke id nolu satıcı fj44e71pzte52i5igwc2u137qyx7 id nolu alıcıya 0.00247421 fiyatından 23.14201615 adet 9 id nolu coin karşılığında 152 id nolu coin sattı. Emir kapandı.
TRADE - 2020-11-12 21:46:33 --> (0.27660500 1605217593) trade işleminde  : pdcwse6x5hbp0rfelt894wkw8dke id nolu satıcı fj44e71pzte52i5igwc2u137qyx7 id nolu alıcıya 0.00022411 fiyatından 60.38467218 adet 9 id nolu coin karşılığında 152 id nolu coin sattı. Alıcının miktarı yetmedi ve eşleşen bir fiyat olmadığı için 2085.07078322 adet satış emri açıldı.
TRADE - 2020-11-12 21:54:57 --> (0.51189300 1605218097) trade işleminde  : hzon720zk2cdr3dyllb8pr4yhpae id nolu alıcı pdcwse6x5hbp0rfelt894wkw8dke id nolu satıcıdan 0.00220010 fiyatından 728.65068917 adet 9 id nolu coin karşılığında 152 id nolu coin satın aldı. Emir kapandı.
TRADE - 2020-11-12 21:58:31 --> (0.18957600 1605218311) trade işleminde  : hzon720zk2cdr3dyllb8pr4yhpae id nolu satıcı 6bavdl8dik135r3iu118fe4zxti5 id nolu alıcıya 461.43999900 fiyatından 0.00028532 adet 9 id nolu coin karşılığında 6 id nolu coin sattı. Emir kapandı.
TRADE - 2020-11-12 21:59:47 --> (0.00540600 1605218387) trade işleminde  : hzon720zk2cdr3dyllb8pr4yhpae id nolu alıcı pdcwse6x5hbp0rfelt894wkw8dke id nolu satıcıdan 0.00220010 fiyatından 1582.5989622 adet 9 id nolu coin karşılığında 152 id nolu coin satın aldı. Alıcı almak istediği miktarı aldı. Boş emir açıldı.
