TRADE - 2021-02-04 01:13:52 --> (0.22023600 1612390432) trade işleminde  : hzon720zk2cdr3dyllb8pr4yhpae id nolu satıcı no2dnuhutckbktnejjdkkitdgw2n id nolu alıcıya 0.00000250 fiyatından 900.00000000 adet 6 id nolu coin karşılığında 152 id nolu coin sattı. Emir kapandı.
TRADE - 2021-02-04 01:14:32 --> (0.53814700 1612390472) trade işleminde  : hzon720zk2cdr3dyllb8pr4yhpae id nolu satıcı 6bavdl8dik135r3iu118fe4zxti5 id nolu alıcıya 1637.23999900 fiyatından 0.00256950 adet 9 id nolu coin karşılığında 6 id nolu coin sattı. Emir kapandı.
TRADE - 2021-02-04 01:28:00 --> (0.22592400 1612391280) trade işleminde  : x68d1301oglwhyvwz16ym2p4eaek id nolu alıcı 6bavdl8dik135r3iu118fe4zxti5 id nolu satıcıdan 0.03647910 fiyatından 414.36078671 adet 9 id nolu coin karşılığında 3 id nolu coin satın aldı. Emir kapandı.
TRADE - 2021-02-04 03:16:39 --> (0.40894700 1612397799) trade işleminde  : 6bavdl8dik135r3iu118fe4zxti5 id nolu alıcı 33fmwffc94kmstf292pfaz6qbqai id nolu satıcıdan 0.03717300 fiyatından 761.22268202 adet 9 id nolu coin karşılığında 3 id nolu coin satın aldı. Alıcı almak istediği miktarı aldı. Boş emir açıldı.
TRADE - 2021-02-04 04:00:01 --> (0.97498300 1612400401) trade işleminde  : p8dp34lmfji5avnpla8110mmy4f4 id nolu satıcı s70lo4hetrq9hibhe3muwow71nln id nolu alıcıya 0.00000059 fiyatından 399.39800000 adet 1 id nolu coin karşılığında 72 id nolu coin sattı. Emir kapandı.
TRADE - 2021-02-04 10:46:47 --> (0.23815100 1612424807) trade işleminde  : 6bavdl8dik135r3iu118fe4zxti5 id nolu alıcı mos2e7ikf2bupbanza57ecat03fq id nolu satıcıdan 0.00000125 fiyatından 1539 adet 1 id nolu coin karşılığında 3 id nolu coin satın aldı. Alıcı almak istediği miktarı aldı. Boş emir açıldı.
TRADE - 2021-02-04 11:16:11 --> (0.06483800 1612426571) trade işleminde  : 6bavdl8dik135r3iu118fe4zxti5 id nolu alıcı q8plfntvv4qqkpwnrpu6eg1nfc39 id nolu satıcıdan 0.05621660 fiyatından 332.32424041 adet 9 id nolu coin karşılığında 3 id nolu coin satın aldı. Alıcı almak istediği miktarı aldı. Boş emir açıldı.
TRADE - 2021-02-04 11:22:33 --> (0.40747500 1612426953) trade işleminde  : 6bavdl8dik135r3iu118fe4zxti5 id nolu alıcı 41k01a0ov2dp5vrkwo9ds7bw1vut id nolu satıcıdan 0.01747822 fiyatından 66514.15417404 adet 9 id nolu coin karşılığında 17 id nolu coin satın aldı. Alıcı almak istediği miktarı aldı. Boş emir açıldı.
TRADE - 2021-02-04 11:23:54 --> (0.87579500 1612427034) trade işleminde  : 6bavdl8dik135r3iu118fe4zxti5 id nolu satıcı 41k01a0ov2dp5vrkwo9ds7bw1vut id nolu alıcıya 0.05850000 fiyatından 19793.30094904 adet 9 id nolu coin karşılığında 3 id nolu coin sattı. Emir kapandı.
TRADE - 2021-02-04 11:40:50 --> (0.60380200 1612428050) trade işleminde  : t8p0m02dlckywshljthydiw0jv8b id nolu satıcı 6bavdl8dik135r3iu118fe4zxti5 id nolu alıcıya 0.01740001 fiyatından 0.00841418 adet 9 id nolu coin karşılığında 17 id nolu coin sattı. Emir kapandı.
TRADE - 2021-02-04 11:43:29 --> (0.30336500 1612428209) trade işleminde  : t8p0m02dlckywshljthydiw0jv8b id nolu alıcı 6bavdl8dik135r3iu118fe4zxti5 id nolu satıcıdan 0.39873000 fiyatından 0.00036239 adet 9 id nolu coin karşılığında 7 id nolu coin satın aldı. Emir kapandı.
TRADE - 2021-02-04 12:58:32 --> (0.78201900 1612432712) trade işleminde  : 6bavdl8dik135r3iu118fe4zxti5 id nolu satıcı cqnjxe42z4zmzjl9mvllttj1ow27 id nolu alıcıya 0.04881530 fiyatından 140 adet 9 id nolu coin karşılığında 3 id nolu coin sattı. Emir kapandı.
TRADE - 2021-02-04 12:59:52 --> (0.61395700 1612432792) trade işleminde  : 6bavdl8dik135r3iu118fe4zxti5 id nolu satıcı cqnjxe42z4zmzjl9mvllttj1ow27 id nolu alıcıya 0.00000130 fiyatından 160 adet 1 id nolu coin karşılığında 3 id nolu coin sattı. Emir kapandı.
TRADE - 2021-02-04 13:11:29 --> (0.82369700 1612433489) trade işleminde  : 41k01a0ov2dp5vrkwo9ds7bw1vut id nolu satıcı 6bavdl8dik135r3iu118fe4zxti5 id nolu alıcıya 0.04839440 fiyatından 811.44 adet 9 id nolu coin karşılığında 3 id nolu coin sattı. Alıcının miktarı yetmedi ve eşleşen bir fiyat olmadığı için 10467.26094904 adet satış emri açıldı.
TRADE - 2021-02-04 13:11:30 --> (0.92247600 1612433490) trade işleminde  : 41k01a0ov2dp5vrkwo9ds7bw1vut id nolu satıcı 6bavdl8dik135r3iu118fe4zxti5 id nolu alıcıya 0.04858740 fiyatından 19793.30094904 adet 9 id nolu coin karşılığında 3 id nolu coini satmak istedi ama alıcının miktarı(8514.6) yetmedi ve emir tekrar etti.
TRADE - 2021-02-04 13:11:37 --> (0.51830200 1612433497) trade işleminde  : 6bavdl8dik135r3iu118fe4zxti5 id nolu alıcı 41k01a0ov2dp5vrkwo9ds7bw1vut id nolu satıcıdan 0.04813550 fiyatından 10467.26094904 adet 9 id nolu coin karşılığında 3 id nolu coin satın aldı. Alıcı almak istediği miktarı aldı. Boş emir açıldı.
TRADE - 2021-02-04 13:12:24 --> (0.44670000 1612433544) trade işleminde  : 41k01a0ov2dp5vrkwo9ds7bw1vut id nolu alıcı 6bavdl8dik135r3iu118fe4zxti5 id nolu satıcıdan 0.01666159 fiyatından 7803.11604672 adet 9 id nolu coin karşılığında 17 id nolu coin satın aldı. Satıcının miktarı yetmedi ve eşleşen bir fiyat olmadığı için 49394.22427811 adet alış emri açıldı.
TRADE - 2021-02-04 13:16:55 --> (0.16035800 1612433815) trade işleminde  : 41k01a0ov2dp5vrkwo9ds7bw1vut id nolu alıcı 6bavdl8dik135r3iu118fe4zxti5 id nolu satıcıdan 0.01685054 fiyatından 8061.29219711 adet 9 id nolu coin karşılığında 17 id nolu coin satın aldı. Satıcının miktarı yetmedi ve eşleşen bir fiyat olmadığı için 32914.70291245 adet alış emri açıldı.
TRADE - 2021-02-04 13:16:55 --> (0.73707400 1612433815) trade işleminde  : 41k01a0ov2dp5vrkwo9ds7bw1vut id nolu alıcı 6bavdl8dik135r3iu118fe4zxti5 id nolu satıcıdan 0.01681715 fiyatından 41641.01606017 adet 9 id nolu coin karşılığında 17 id nolu coin almak istedi ama satıcının miktarı(665.02095061) yetmedi ve emir tekrar etti.
TRADE - 2021-02-04 13:16:56 --> (0.89807000 1612433816) trade işleminde  : 41k01a0ov2dp5vrkwo9ds7bw1vut id nolu alıcı 6bavdl8dik135r3iu118fe4zxti5 id nolu satıcıdan 0.01681705 fiyatından 43123.63035934 adet 9 id nolu coin karşılığında 17 id nolu coin almak istedi ama satıcının miktarı(1482.61429917) yetmedi ve emir tekrar etti.
TRADE - 2021-02-04 13:16:57 --> (0.72421200 1612433817) trade işleminde  : 41k01a0ov2dp5vrkwo9ds7bw1vut id nolu alıcı 6bavdl8dik135r3iu118fe4zxti5 id nolu satıcıdan 0.01676081 fiyatından 48840.35249276 adet 9 id nolu coin karşılığında 17 id nolu coin almak istedi ama satıcının miktarı(5716.72213342) yetmedi ve emir tekrar etti.
TRADE - 2021-02-04 13:17:53 --> (0.98547000 1612433873) trade işleminde  : 6bavdl8dik135r3iu118fe4zxti5 id nolu satıcı 41k01a0ov2dp5vrkwo9ds7bw1vut id nolu alıcıya 0.01685054 fiyatından 32914.70291245 adet 9 id nolu coin karşılığında 17 id nolu coin sattı. Emir kapandı.
TRADE - 2021-02-04 13:23:15 --> (0.49641500 1612434195) trade işleminde  : 6bavdl8dik135r3iu118fe4zxti5 id nolu satıcı 41k01a0ov2dp5vrkwo9ds7bw1vut id nolu alıcıya 0.01685632 fiyatından 34.69436279 adet 9 id nolu coin karşılığında 17 id nolu coin sattı. Emir kapandı.
TRADE - 2021-02-04 13:54:46 --> (0.38326500 1612436086) trade işleminde  : 74djfhy7k2m2lsvbojrk5jx4c9rw id nolu satıcı 6bavdl8dik135r3iu118fe4zxti5 id nolu alıcıya 0.05176800 fiyatından 37.13000000 adet 9 id nolu coin karşılığında 3 id nolu coin sattı. Emir kapandı.
TRADE - 2021-02-04 13:58:01 --> (0.41007900 1612436281) trade işleminde  : 74djfhy7k2m2lsvbojrk5jx4c9rw id nolu alıcı 6bavdl8dik135r3iu118fe4zxti5 id nolu satıcıdan 148.67168450 fiyatından 1.66320889 adet 9 id nolu coin karşılığında 2 id nolu coin satın aldı. Emir kapandı.
TRADE - 2021-02-04 13:58:02 --> (0.27249800 1612436282) trade işleminde  : 74djfhy7k2m2lsvbojrk5jx4c9rw id nolu alıcı 6bavdl8dik135r3iu118fe4zxti5 id nolu satıcıdan 148.67168439 fiyatından 2.55387732 adet 9 id nolu coin karşılığında 2 id nolu coin almak istedi ama satıcının miktarı(0.89066843) yetmedi ve emir tekrar etti.
TRADE - 2021-02-04 13:58:03 --> (0.07021300 1612436283) trade işleminde  : 74djfhy7k2m2lsvbojrk5jx4c9rw id nolu alıcı 6bavdl8dik135r3iu118fe4zxti5 id nolu satıcıdan 148.67168437 fiyatından 5.58597732 adet 9 id nolu coin karşılığında 2 id nolu coin almak istedi ama satıcının miktarı(3.0321) yetmedi ve emir tekrar etti.
TRADE - 2021-02-04 14:16:19 --> (0.54164200 1612437379) trade işleminde  : hzon720zk2cdr3dyllb8pr4yhpae id nolu alıcı 6bavdl8dik135r3iu118fe4zxti5 id nolu satıcıdan 0.03327000 fiyatından 186.12127143 adet 9 id nolu coin karşılığında 128 id nolu coin satın aldı. Emir kapandı.
TRADE - 2021-02-04 16:31:35 --> (0.00183100 1612445495) trade işleminde  : 6bavdl8dik135r3iu118fe4zxti5 id nolu satıcı hzkkvjc842r2z37h6mfmez0ovbz0 id nolu alıcıya 0.05026550 fiyatından 10.27124254 adet 9 id nolu coin karşılığında 3 id nolu coin sattı. Emir kapandı.
TRADE - 2021-02-04 16:34:47 --> (0.94365000 1612445687) trade işleminde  : hzkkvjc842r2z37h6mfmez0ovbz0 id nolu satıcı 6bavdl8dik135r3iu118fe4zxti5 id nolu alıcıya 0.04984590 fiyatından 42.04340373 adet 9 id nolu coin karşılığında 3 id nolu coin sattı. Emir kapandı.
TRADE - 2021-02-04 16:41:10 --> (0.38433100 1612446070) trade işleminde  : 6bavdl8dik135r3iu118fe4zxti5 id nolu satıcı hzkkvjc842r2z37h6mfmez0ovbz0 id nolu alıcıya 0.39231000 fiyatından 5.32060174 adet 9 id nolu coin karşılığında 7 id nolu coin sattı. Emir kapandı.
TRADE - 2021-02-04 16:47:56 --> (0.97613600 1612446476) trade işleminde  : hzkkvjc842r2z37h6mfmez0ovbz0 id nolu satıcı 6bavdl8dik135r3iu118fe4zxti5 id nolu alıcıya 0.39219000 fiyatından 5.32060174 adet 9 id nolu coin karşılığında 7 id nolu coin sattı. Emir kapandı.
TRADE - 2021-02-04 17:42:58 --> (0.76050600 1612449778) trade işleminde  : 6bavdl8dik135r3iu118fe4zxti5 id nolu satıcı hzkkvjc842r2z37h6mfmez0ovbz0 id nolu alıcıya 0.03301000 fiyatından 62.96142704 adet 9 id nolu coin karşılığında 128 id nolu coin sattı. Emir kapandı.
TRADE - 2021-02-04 18:01:38 --> (0.07080600 1612450898) trade işleminde  : bcyocraod5dok02ixcljf5uurlfy id nolu satıcı 6bavdl8dik135r3iu118fe4zxti5 id nolu alıcıya 0.05005040 fiyatından 17.57196041 adet 9 id nolu coin karşılığında 3 id nolu coin sattı. Emir kapandı.
TRADE - 2021-02-04 18:05:07 --> (0.73404500 1612451107) trade işleminde  : bcyocraod5dok02ixcljf5uurlfy id nolu alıcı dsrh626xxrv1xglvn4kmp8soyf6x id nolu satıcıdan 0.02830000 fiyatından 0.15594142 adet 9 id nolu coin karşılığında 14 id nolu coin satın aldı. Satıcının miktarı yetmedi ve eşleşen bir fiyat olmadığı için 25.90174085 adet alış emri açıldı.
TRADE - 2021-02-04 18:05:08 --> (0.67428100 1612451108) trade işleminde  : bcyocraod5dok02ixcljf5uurlfy id nolu alıcı ffgjg8a2qpxe7hcf66emwry6nwri id nolu satıcıdan 0.02789000 fiyatından 26.07268227 adet 9 id nolu coin karşılığında 14 id nolu coin almak istedi ama satıcının miktarı(0.015) yetmedi ve emir tekrar etti.
TRADE - 2021-02-04 18:05:09 --> (0.44210000 1612451109) trade işleminde  : bcyocraod5dok02ixcljf5uurlfy id nolu alıcı 941d4vqf3hdsmqh69w2yopci3l22 id nolu satıcıdan 0.02780000 fiyatından 26.08268227 adet 9 id nolu coin karşılığında 14 id nolu coin almak istedi ama satıcının miktarı(0.01) yetmedi ve emir tekrar etti.
TRADE - 2021-02-04 18:05:09 --> (0.95928400 1612451109) trade işleminde  : bcyocraod5dok02ixcljf5uurlfy id nolu alıcı de106q7go2xawwuz1rlfss0fofx9 id nolu satıcıdan 0.02388000 fiyatından 26.10468227 adet 9 id nolu coin karşılığında 14 id nolu coin almak istedi ama satıcının miktarı(0.022) yetmedi ve emir tekrar etti.
TRADE - 2021-02-04 18:05:10 --> (0.53821000 1612451110) trade işleminde  : bcyocraod5dok02ixcljf5uurlfy id nolu alıcı 3uyhbc1o3vtog89a4c0v8vm1f6hm id nolu satıcıdan 0.02388000 fiyatından 28.21168227 adet 9 id nolu coin karşılığında 14 id nolu coin almak istedi ama satıcının miktarı(2.107) yetmedi ve emir tekrar etti.
TRADE - 2021-02-04 18:49:17 --> (0.99739300 1612453757) trade işleminde  : 6bavdl8dik135r3iu118fe4zxti5 id nolu satıcı mos2e7ikf2bupbanza57ecat03fq id nolu alıcıya 0.00000129 fiyatından 1485 adet 1 id nolu coin karşılığında 3 id nolu coin sattı. Emir kapandı.
TRADE - 2021-02-04 19:46:04 --> (0.91128300 1612457164) trade işleminde  : 6bavdl8dik135r3iu118fe4zxti5 id nolu alıcı hzkkvjc842r2z37h6mfmez0ovbz0 id nolu satıcıdan 0.03351000 fiyatından 63.14796159 adet 9 id nolu coin karşılığında 128 id nolu coin satın aldı. Alıcı almak istediği miktarı aldı. Boş emir açıldı.
TRADE - 2021-02-04 20:40:02 --> (0.39799300 1612460402) trade işleminde  : 42rml3t9qa9fxbbx07dgbwc5juwj id nolu satıcı s70lo4hetrq9hibhe3muwow71nln id nolu alıcıya 0.00000049 fiyatından 534.3 adet 1 id nolu coin karşılığında 72 id nolu coin sattı. Alıcının miktarı yetmedi ve eşleşen bir fiyat olmadığı için 19063.57381691 adet satış emri açıldı.
TRADE - 2021-02-04 20:40:03 --> (0.53164900 1612460403) trade işleminde  : 42rml3t9qa9fxbbx07dgbwc5juwj id nolu satıcı s70lo4hetrq9hibhe3muwow71nln id nolu alıcıya 0.00000059 fiyatından 19617.00000000 adet 1 id nolu coin karşılığında 72 id nolu coini satmak istedi ama alıcının miktarı(19.12618309) yetmedi ve emir tekrar etti.
TRADE - 2021-02-04 21:04:37 --> (0.10441400 1612461877) trade işleminde  : 6bavdl8dik135r3iu118fe4zxti5 id nolu satıcı q8plfntvv4qqkpwnrpu6eg1nfc39 id nolu alıcıya 0.43783000 fiyatından 42.49966634 adet 9 id nolu coin karşılığında 7 id nolu coin sattı. Emir kapandı.
TRADE - 2021-02-04 21:13:17 --> (0.03965600 1612462397) trade işleminde  : rc1d4yo7dlnuyho2y88i22m268xa id nolu alıcı 6bavdl8dik135r3iu118fe4zxti5 id nolu satıcıdan 0.00000021 fiyatından 1929.71200456 adet 1 id nolu coin karşılığında 161 id nolu coin satın aldı. Emir kapandı.
TRADE - 2021-02-04 21:22:49 --> (0.45741700 1612462969) trade işleminde  : hzkkvjc842r2z37h6mfmez0ovbz0 id nolu alıcı 6bavdl8dik135r3iu118fe4zxti5 id nolu satıcıdan 0.43651000 fiyatından 4.82839050 adet 9 id nolu coin karşılığında 7 id nolu coin satın aldı. Emir kapandı.
TRADE - 2021-02-04 21:54:48 --> (0.02100300 1612464888) trade işleminde  : q8plfntvv4qqkpwnrpu6eg1nfc39 id nolu satıcı 6bavdl8dik135r3iu118fe4zxti5 id nolu alıcıya 0.42799000 fiyatından 42.49966634 adet 9 id nolu coin karşılığında 7 id nolu coin sattı. Emir kapandı.
TRADE - 2021-02-04 22:20:14 --> (0.61208600 1612466414) trade işleminde  : hzkkvjc842r2z37h6mfmez0ovbz0 id nolu satıcı 6bavdl8dik135r3iu118fe4zxti5 id nolu alıcıya 0.42980000 fiyatından 1.81064644 adet 9 id nolu coin karşılığında 7 id nolu coin sattı. Emir kapandı.
TRADE - 2021-02-04 22:21:28 --> (0.56311200 1612466488) trade işleminde  : hzkkvjc842r2z37h6mfmez0ovbz0 id nolu alıcı 6bavdl8dik135r3iu118fe4zxti5 id nolu satıcıdan 0.43110000 fiyatından 1.77569630 adet 9 id nolu coin karşılığında 7 id nolu coin satın aldı. Emir kapandı.
TRADE - 2021-02-04 22:43:59 --> (0.83175900 1612467839) trade işleminde  : hzkkvjc842r2z37h6mfmez0ovbz0 id nolu alıcı 6bavdl8dik135r3iu118fe4zxti5 id nolu satıcıdan 0.43178000 fiyatından 0.02200755 adet 9 id nolu coin karşılığında 7 id nolu coin satın aldı. Emir kapandı.
TRADE - 2021-02-04 22:45:00 --> (0.70875900 1612467900) trade işleminde  : hzkkvjc842r2z37h6mfmez0ovbz0 id nolu alıcı 6bavdl8dik135r3iu118fe4zxti5 id nolu satıcıdan 0.43113000 fiyatından 0.00023849 adet 9 id nolu coin karşılığında 7 id nolu coin satın aldı. Emir kapandı.
TRADE - 2021-02-04 23:25:22 --> (0.00520300 1612470322) trade işleminde  : 6bavdl8dik135r3iu118fe4zxti5 id nolu alıcı hzkkvjc842r2z37h6mfmez0ovbz0 id nolu satıcıdan 0.43651000 fiyatından 1.20709763 adet 9 id nolu coin karşılığında 7 id nolu coin satın aldı. Alıcı almak istediği miktarı aldı. Boş emir açıldı.
TRADE - 2021-02-04 23:35:22 --> (0.84057200 1612470922) trade işleminde  : 6bavdl8dik135r3iu118fe4zxti5 id nolu satıcı hzkkvjc842r2z37h6mfmez0ovbz0 id nolu alıcıya 0.43651000 fiyatından 0.30057045 adet 9 id nolu coin karşılığında 7 id nolu coin sattı. Emir kapandı.
TRADE - 2021-02-04 23:35:32 --> (0.34753100 1612470932) trade işleminde  : 6bavdl8dik135r3iu118fe4zxti5 id nolu satıcı hzkkvjc842r2z37h6mfmez0ovbz0 id nolu alıcıya 0.43651000 fiyatından 0.30057045 adet 9 id nolu coin karşılığında 7 id nolu coin sattı. Emir kapandı.
TRADE - 2021-02-04 23:41:03 --> (0.64912100 1612471263) trade işleminde  : 6bavdl8dik135r3iu118fe4zxti5 id nolu satıcı hzkkvjc842r2z37h6mfmez0ovbz0 id nolu alıcıya 0.43551000 fiyatından 0.60252123 adet 9 id nolu coin karşılığında 7 id nolu coin sattı. Emir kapandı.
