TRADE - 2021-01-29 01:37:56 --> (0.00729800 1611873476) trade işleminde  : 2py9on8os12i02pzpq42x3h3jnry id nolu satıcı 6bavdl8dik135r3iu118fe4zxti5 id nolu alıcıya 0.00000037 fiyatından 225310.16300000 adet 1 id nolu coin karşılığında 17 id nolu coin sattı. Emir kapandı.
TRADE - 2021-01-29 02:42:57 --> (0.97767700 1611877377) trade işleminde  : 6bavdl8dik135r3iu118fe4zxti5 id nolu alıcı wqeiddmzqbr93ldtgh1711dacr88 id nolu satıcıdan 0.00000085 fiyatından 3721.70752834 adet 1 id nolu coin karşılığında 3 id nolu coin satın aldı. Alıcı almak istediği miktarı aldı. Boş emir açıldı.
TRADE - 2021-01-29 02:45:03 --> (0.72929600 1611877503) trade işleminde  : 6bavdl8dik135r3iu118fe4zxti5 id nolu alıcı b4avkrtilc0armzz759nuw21lfo8 id nolu satıcıdan 0.02999999 fiyatından 100 adet 9 id nolu coin karşılığında 3 id nolu coin satın aldı. Alıcı almak istediği miktarı aldı. Boş emir açıldı.
TRADE - 2021-01-29 02:47:51 --> (0.41340400 1611877671) trade işleminde  : 6bavdl8dik135r3iu118fe4zxti5 id nolu alıcı b4avkrtilc0armzz759nuw21lfo8 id nolu satıcıdan 0.00000099 fiyatından 150 adet 1 id nolu coin karşılığında 3 id nolu coin satın aldı. Alıcı almak istediği miktarı aldı. Boş emir açıldı.
TRADE - 2021-01-29 02:56:08 --> (0.59494100 1611878168) trade işleminde  : 6bavdl8dik135r3iu118fe4zxti5 id nolu alıcı hzp1djhpgj4m2o62123njqri3yxi id nolu satıcıdan 0.00000100 fiyatından 2218.3072439 adet 1 id nolu coin karşılığında 3 id nolu coin satın aldı. Alıcı almak istediği miktarı aldı. Boş emir açıldı.
TRADE - 2021-01-29 03:55:47 --> (0.18926000 1611881747) trade işleminde  : 6bavdl8dik135r3iu118fe4zxti5 id nolu alıcı i39wfsjxultrzyt5hk9mx5t86d4c id nolu satıcıdan 0.00000042 fiyatından 939.76752378 adet 1 id nolu coin karşılığında 17 id nolu coin satın aldı. Alıcı almak istediği miktarı aldı. Boş emir açıldı.
TRADE - 2021-01-29 05:08:47 --> (0.36335900 1611886127) trade işleminde  : 6bavdl8dik135r3iu118fe4zxti5 id nolu alıcı 2h9s3e8g3tw5pxkyr0a2suqj50s4 id nolu satıcıdan 0.04000000 fiyatından 116.34101796 adet 9 id nolu coin karşılığında 3 id nolu coin satın aldı. Alıcı almak istediği miktarı aldı. Boş emir açıldı.
TRADE - 2021-01-29 05:13:23 --> (0.05306100 1611886403) trade işleminde  : 6bavdl8dik135r3iu118fe4zxti5 id nolu satıcı 2h9s3e8g3tw5pxkyr0a2suqj50s4 id nolu alıcıya 0.02972000 fiyatından 155.95774635 adet 9 id nolu coin karşılığında 128 id nolu coin sattı. Emir kapandı.
TRADE - 2021-01-29 05:33:58 --> (0.43004400 1611887638) trade işleminde  : 2py9on8os12i02pzpq42x3h3jnry id nolu alıcı 6bavdl8dik135r3iu118fe4zxti5 id nolu satıcıdan 0.00000045 fiyatından 184515.48015081 adet 1 id nolu coin karşılığında 17 id nolu coin satın aldı. Emir kapandı.
TRADE - 2021-01-29 05:53:22 --> (0.32621000 1611888802) trade işleminde  : 2py9on8os12i02pzpq42x3h3jnry id nolu satıcı 6bavdl8dik135r3iu118fe4zxti5 id nolu alıcıya 0.00000044 fiyatından 18601.31751925 adet 1 id nolu coin karşılığında 17 id nolu coin sattı. Alıcının miktarı yetmedi ve eşleşen bir fiyat olmadığı için 165914.16263156 adet satış emri açıldı.
TRADE - 2021-01-29 05:53:24 --> (0.48150200 1611888804) trade işleminde  : 6bavdl8dik135r3iu118fe4zxti5 id nolu alıcı 2py9on8os12i02pzpq42x3h3jnry id nolu satıcıdan 0.00000044 fiyatından 165914.16263156 adet 1 id nolu coin karşılığında 17 id nolu coin satın aldı. Alıcı almak istediği miktarı aldı. Boş emir açıldı.
TRADE - 2021-01-29 05:53:49 --> (0.00492800 1611888829) trade işleminde  : 2py9on8os12i02pzpq42x3h3jnry id nolu alıcı 6bavdl8dik135r3iu118fe4zxti5 id nolu satıcıdan 0.00000145 fiyatından 8376.8 adet 1 id nolu coin karşılığında 3 id nolu coin satın aldı. Satıcının miktarı yetmedi ve eşleşen bir fiyat olmadığı için 47390.58935921 adet alış emri açıldı.
TRADE - 2021-01-29 05:59:32 --> (0.28079900 1611889172) trade işleminde  : hh69y28s1cjkase6559774iu4tab id nolu alıcı 6bavdl8dik135r3iu118fe4zxti5 id nolu satıcıdan 0.00000155 fiyatından 900.00000000 adet 1 id nolu coin karşılığında 3 id nolu coin satın aldı. Emir kapandı.
TRADE - 2021-01-29 05:59:57 --> (0.31673600 1611889197) trade işleminde  : 2py9on8os12i02pzpq42x3h3jnry id nolu alıcı 6bavdl8dik135r3iu118fe4zxti5 id nolu satıcıdan 0.00000155 fiyatından 765.72 adet 1 id nolu coin karşılığında 3 id nolu coin satın aldı. Satıcının miktarı yetmedi ve eşleşen bir fiyat olmadığı için 43567.41373253 adet alış emri açıldı.
TRADE - 2021-01-29 06:02:29 --> (0.61567600 1611889349) trade işleminde  : hh69y28s1cjkase6559774iu4tab id nolu alıcı 6bavdl8dik135r3iu118fe4zxti5 id nolu satıcıdan 0.00000156 fiyatından 730.00000000 adet 1 id nolu coin karşılığında 3 id nolu coin satın aldı. Emir kapandı.
TRADE - 2021-01-29 06:02:59 --> (0.29424300 1611889379) trade işleminde  : 2py9on8os12i02pzpq42x3h3jnry id nolu alıcı 6bavdl8dik135r3iu118fe4zxti5 id nolu satıcıdan 0.00000156 fiyatından 11326.96 adet 1 id nolu coin karşılığında 3 id nolu coin satın aldı. Satıcının miktarı yetmedi ve eşleşen bir fiyat olmadığı için 31685.45466112 adet alış emri açıldı.
TRADE - 2021-01-29 06:04:19 --> (0.54042500 1611889459) trade işleminde  : 6bavdl8dik135r3iu118fe4zxti5 id nolu satıcı 2py9on8os12i02pzpq42x3h3jnry id nolu alıcıya 0.00000157 fiyatından 31685.45466112 adet 1 id nolu coin karşılığında 3 id nolu coin sattı. Emir kapandı.
TRADE - 2021-01-29 06:05:56 --> (0.19385000 1611889556) trade işleminde  : hh69y28s1cjkase6559774iu4tab id nolu alıcı 6bavdl8dik135r3iu118fe4zxti5 id nolu satıcıdan 0.00000161 fiyatından 600.00000000 adet 1 id nolu coin karşılığında 3 id nolu coin satın aldı. Emir kapandı.
TRADE - 2021-01-29 06:07:46 --> (0.06613600 1611889666) trade işleminde  : hh69y28s1cjkase6559774iu4tab id nolu alıcı 6bavdl8dik135r3iu118fe4zxti5 id nolu satıcıdan 0.00000168 fiyatından 483.20858283 adet 1 id nolu coin karşılığında 3 id nolu coin satın aldı. Emir kapandı.
TRADE - 2021-01-29 06:08:05 --> (0.46274100 1611889685) trade işleminde  : hh69y28s1cjkase6559774iu4tab id nolu alıcı 6bavdl8dik135r3iu118fe4zxti5 id nolu satıcıdan 0.00000168 fiyatından 381.73527944 adet 1 id nolu coin karşılığında 3 id nolu coin satın aldı. Emir kapandı.
TRADE - 2021-01-29 06:08:14 --> (0.59997900 1611889694) trade işleminde  : hh69y28s1cjkase6559774iu4tab id nolu alıcı 6bavdl8dik135r3iu118fe4zxti5 id nolu satıcıdan 0.00000168 fiyatından 301.57060878 adet 1 id nolu coin karşılığında 3 id nolu coin satın aldı. Emir kapandı.
TRADE - 2021-01-29 06:08:27 --> (0.06406700 1611889707) trade işleminde  : hh69y28s1cjkase6559774iu4tab id nolu alıcı 6bavdl8dik135r3iu118fe4zxti5 id nolu satıcıdan 0.00000168 fiyatından 238.24101796 adet 1 id nolu coin karşılığında 3 id nolu coin satın aldı. Emir kapandı.
TRADE - 2021-01-29 06:08:38 --> (0.17469800 1611889718) trade işleminde  : hh69y28s1cjkase6559774iu4tab id nolu alıcı 6bavdl8dik135r3iu118fe4zxti5 id nolu satıcıdan 0.00000168 fiyatından 188.20983034 adet 1 id nolu coin karşılığında 3 id nolu coin satın aldı. Emir kapandı.
TRADE - 2021-01-29 06:08:47 --> (0.23984600 1611889727) trade işleminde  : hh69y28s1cjkase6559774iu4tab id nolu alıcı 6bavdl8dik135r3iu118fe4zxti5 id nolu satıcıdan 0.00000168 fiyatından 148.68637725 adet 1 id nolu coin karşılığında 3 id nolu coin satın aldı. Emir kapandı.
TRADE - 2021-01-29 06:08:57 --> (0.45716800 1611889737) trade işleminde  : hh69y28s1cjkase6559774iu4tab id nolu alıcı 6bavdl8dik135r3iu118fe4zxti5 id nolu satıcıdan 0.00000168 fiyatından 117.46257485 adet 1 id nolu coin karşılığında 3 id nolu coin satın aldı. Emir kapandı.
TRADE - 2021-01-29 06:09:09 --> (0.18710200 1611889749) trade işleminde  : hh69y28s1cjkase6559774iu4tab id nolu alıcı 6bavdl8dik135r3iu118fe4zxti5 id nolu satıcıdan 0.00000168 fiyatından 92.79565868 adet 1 id nolu coin karşılığında 3 id nolu coin satın aldı. Emir kapandı.
TRADE - 2021-01-29 06:09:21 --> (0.50404000 1611889761) trade işleminde  : hh69y28s1cjkase6559774iu4tab id nolu alıcı 6bavdl8dik135r3iu118fe4zxti5 id nolu satıcıdan 0.00000175 fiyatından 13.46338323 adet 1 id nolu coin karşılığında 3 id nolu coin satın aldı. Emir kapandı.
TRADE - 2021-01-29 06:09:22 --> (0.09962100 1611889762) trade işleminde  : hh69y28s1cjkase6559774iu4tab id nolu alıcı 6bavdl8dik135r3iu118fe4zxti5 id nolu satıcıdan 0.00000174 fiyatından 73.30838323 adet 1 id nolu coin karşılığında 3 id nolu coin almak istedi ama satıcının miktarı(59.845) yetmedi ve emir tekrar etti.
TRADE - 2021-01-29 06:09:31 --> (0.09199900 1611889771) trade işleminde  : hh69y28s1cjkase6559774iu4tab id nolu alıcı 6bavdl8dik135r3iu118fe4zxti5 id nolu satıcıdan 0.00000175 fiyatından 57.34655689 adet 1 id nolu coin karşılığında 3 id nolu coin satın aldı. Emir kapandı.
TRADE - 2021-01-29 06:09:40 --> (0.95813700 1611889780) trade işleminde  : hh69y28s1cjkase6559774iu4tab id nolu alıcı 6bavdl8dik135r3iu118fe4zxti5 id nolu satıcıdan 0.00000175 fiyatından 44.80164671 adet 1 id nolu coin karşılığında 3 id nolu coin satın aldı. Emir kapandı.
TRADE - 2021-01-29 06:09:52 --> (0.02802200 1611889792) trade işleminde  : hh69y28s1cjkase6559774iu4tab id nolu alıcı 6bavdl8dik135r3iu118fe4zxti5 id nolu satıcıdan 0.00000175 fiyatından 35.00124750 adet 1 id nolu coin karşılığında 3 id nolu coin satın aldı. Emir kapandı.
TRADE - 2021-01-29 06:10:01 --> (0.99724900 1611889801) trade işleminde  : hh69y28s1cjkase6559774iu4tab id nolu alıcı 6bavdl8dik135r3iu118fe4zxti5 id nolu satıcıdan 0.00000175 fiyatından 27.34530938 adet 1 id nolu coin karşılığında 3 id nolu coin satın aldı. Emir kapandı.
TRADE - 2021-01-29 06:10:13 --> (0.16503000 1611889813) trade işleminde  : hh69y28s1cjkase6559774iu4tab id nolu alıcı 6bavdl8dik135r3iu118fe4zxti5 id nolu satıcıdan 0.00000176 fiyatından 21.36352295 adet 1 id nolu coin karşılığında 3 id nolu coin satın aldı. Emir kapandı.
TRADE - 2021-01-29 06:10:24 --> (0.02803400 1611889824) trade işleminde  : hh69y28s1cjkase6559774iu4tab id nolu alıcı 6bavdl8dik135r3iu118fe4zxti5 id nolu satıcıdan 0.00000176 fiyatından 16.66417166 adet 1 id nolu coin karşılığında 3 id nolu coin satın aldı. Emir kapandı.
TRADE - 2021-01-29 06:10:33 --> (0.62463500 1611889833) trade işleminde  : hh69y28s1cjkase6559774iu4tab id nolu alıcı 6bavdl8dik135r3iu118fe4zxti5 id nolu satıcıdan 0.00000176 fiyatından 12.99775449 adet 1 id nolu coin karşılığında 3 id nolu coin satın aldı. Emir kapandı.
TRADE - 2021-01-29 06:16:51 --> (0.62182600 1611890211) trade işleminde  : 6bavdl8dik135r3iu118fe4zxti5 id nolu alıcı b4avkrtilc0armzz759nuw21lfo8 id nolu satıcıdan 0.05999999 fiyatından 100 adet 9 id nolu coin karşılığında 3 id nolu coin satın aldı. Alıcı almak istediği miktarı aldı. Boş emir açıldı.
TRADE - 2021-01-29 06:27:15 --> (0.04377400 1611890835) trade işleminde  : 6bavdl8dik135r3iu118fe4zxti5 id nolu satıcı hkf62k1jtihyeyvih5e42hz0scn5 id nolu alıcıya 0.00000229 fiyatından 5115.73359831 adet 1 id nolu coin karşılığında 3 id nolu coin sattı. Emir kapandı.
TRADE - 2021-01-29 06:56:00 --> (0.22987500 1611892560) trade işleminde  : 6bavdl8dik135r3iu118fe4zxti5 id nolu alıcı n7fo2uy0w8j9pxh9vkh5cii1fotr id nolu satıcıdan 0.03025000 fiyatından 44.2763177 adet 9 id nolu coin karşılığında 128 id nolu coin satın aldı. Alıcı almak istediği miktarı aldı. Boş emir açıldı.
TRADE - 2021-01-29 07:43:51 --> (0.66483900 1611895431) trade işleminde  : hkf62k1jtihyeyvih5e42hz0scn5 id nolu satıcı 6bavdl8dik135r3iu118fe4zxti5 id nolu alıcıya 0.00000214 fiyatından 5115.73359831 adet 1 id nolu coin karşılığında 3 id nolu coin sattı. Emir kapandı.
TRADE - 2021-01-29 08:54:46 --> (0.28609500 1611899686) trade işleminde  : 6bavdl8dik135r3iu118fe4zxti5 id nolu satıcı kskisxsgfcdzbhac2m0ecb6xapcx id nolu alıcıya 0.00000222 fiyatından 7642.37291183 adet 1 id nolu coin karşılığında 3 id nolu coin sattı. Emir kapandı.
TRADE - 2021-01-29 09:40:56 --> (0.27894500 1611902456) trade işleminde  : 2py9on8os12i02pzpq42x3h3jnry id nolu satıcı 6bavdl8dik135r3iu118fe4zxti5 id nolu alıcıya 0.05981470 fiyatından 20413.09466112 adet 9 id nolu coin karşılığında 3 id nolu coin sattı. Emir kapandı.
TRADE - 2021-01-29 09:40:57 --> (0.01653700 1611902457) trade işleminde  : 2py9on8os12i02pzpq42x3h3jnry id nolu satıcı 6bavdl8dik135r3iu118fe4zxti5 id nolu alıcıya 0.06310250 fiyatından 21126.09466112 adet 9 id nolu coin karşılığında 3 id nolu coini satmak istedi ama alıcının miktarı(713) yetmedi ve emir tekrar etti.
TRADE - 2021-01-29 09:40:58 --> (0.09602100 1611902458) trade işleminde  : 2py9on8os12i02pzpq42x3h3jnry id nolu satıcı 6bavdl8dik135r3iu118fe4zxti5 id nolu alıcıya 0.06312840 fiyatından 21312.39466112 adet 9 id nolu coin karşılığında 3 id nolu coini satmak istedi ama alıcının miktarı(186.3) yetmedi ve emir tekrar etti.
TRADE - 2021-01-29 09:40:58 --> (0.69905900 1611902458) trade işleminde  : 2py9on8os12i02pzpq42x3h3jnry id nolu satıcı 6bavdl8dik135r3iu118fe4zxti5 id nolu alıcıya 0.06386770 fiyatından 21615.07466112 adet 9 id nolu coin karşılığında 3 id nolu coini satmak istedi ama alıcının miktarı(302.68) yetmedi ve emir tekrar etti.
TRADE - 2021-01-29 09:40:59 --> (0.34522800 1611902459) trade işleminde  : 2py9on8os12i02pzpq42x3h3jnry id nolu satıcı 6bavdl8dik135r3iu118fe4zxti5 id nolu alıcıya 0.06422640 fiyatından 25281.27466112 adet 9 id nolu coin karşılığında 3 id nolu coini satmak istedi ama alıcının miktarı(3666.2) yetmedi ve emir tekrar etti.
TRADE - 2021-01-29 09:41:00 --> (0.06869900 1611902460) trade işleminde  : 2py9on8os12i02pzpq42x3h3jnry id nolu satıcı 6bavdl8dik135r3iu118fe4zxti5 id nolu alıcıya 0.06424160 fiyatından 52154.93466112 adet 9 id nolu coin karşılığında 3 id nolu coini satmak istedi ama alıcının miktarı(26873.66) yetmedi ve emir tekrar etti.
TRADE - 2021-01-29 09:51:40 --> (0.87247500 1611903100) trade işleminde  : 2py9on8os12i02pzpq42x3h3jnry id nolu alıcı 6bavdl8dik135r3iu118fe4zxti5 id nolu satıcıdan 0.05190200 fiyatından 1255.2638795 adet 9 id nolu coin karşılığında 3 id nolu coin satın aldı. Emir kapandı.
TRADE - 2021-01-29 09:51:41 --> (0.78980600 1611903101) trade işleminde  : 2py9on8os12i02pzpq42x3h3jnry id nolu alıcı 6bavdl8dik135r3iu118fe4zxti5 id nolu satıcıdan 0.05183030 fiyatından 1452.1438795 adet 9 id nolu coin karşılığında 3 id nolu coin almak istedi ama satıcının miktarı(196.88) yetmedi ve emir tekrar etti.
TRADE - 2021-01-29 09:51:42 --> (0.98593300 1611903102) trade işleminde  : 2py9on8os12i02pzpq42x3h3jnry id nolu alıcı 6bavdl8dik135r3iu118fe4zxti5 id nolu satıcıdan 0.05173820 fiyatından 55127.7038795 adet 9 id nolu coin karşılığında 3 id nolu coin almak istedi ama satıcının miktarı(53675.56) yetmedi ve emir tekrar etti.
TRADE - 2021-01-29 09:51:43 --> (0.76609900 1611903103) trade işleminde  : 2py9on8os12i02pzpq42x3h3jnry id nolu alıcı 6bavdl8dik135r3iu118fe4zxti5 id nolu satıcıdan 0.05150000 fiyatından 62462.86387950 adet 9 id nolu coin karşılığında 3 id nolu coin almak istedi ama satıcının miktarı(7335.16) yetmedi ve emir tekrar etti.
TRADE - 2021-01-29 09:55:13 --> (0.86952800 1611903313) trade işleminde  : 2py9on8os12i02pzpq42x3h3jnry id nolu alıcı 6bavdl8dik135r3iu118fe4zxti5 id nolu satıcıdan 0.05623300 fiyatından 275.87446241 adet 9 id nolu coin karşılığında 3 id nolu coin satın aldı. Emir kapandı.
TRADE - 2021-01-29 10:18:41 --> (0.21638600 1611904721) trade işleminde  : 2py9on8os12i02pzpq42x3h3jnry id nolu satıcı 6bavdl8dik135r3iu118fe4zxti5 id nolu alıcıya 0.04770720 fiyatından 7061.92 adet 9 id nolu coin karşılığında 3 id nolu coin sattı. Alıcının miktarı yetmedi ve eşleşen bir fiyat olmadığı için 55676.81834191 adet satış emri açıldı.
TRADE - 2021-01-29 10:21:32 --> (0.16070000 1611904892) trade işleminde  : 2py9on8os12i02pzpq42x3h3jnry id nolu satıcı 6bavdl8dik135r3iu118fe4zxti5 id nolu alıcıya 0.04387840 fiyatından 55676.81834191 adet 9 id nolu coin karşılığında 3 id nolu coin sattı. Emir kapandı.
TRADE - 2021-01-29 10:30:35 --> (0.69839400 1611905435) trade işleminde  : 2py9on8os12i02pzpq42x3h3jnry id nolu alıcı 6bavdl8dik135r3iu118fe4zxti5 id nolu satıcıdan 0.04391450 fiyatından 2650.52 adet 9 id nolu coin karşılığında 3 id nolu coin satın aldı. Satıcının miktarı yetmedi ve eşleşen bir fiyat olmadığı için 52845.13017069 adet alış emri açıldı.
TRADE - 2021-01-29 10:30:36 --> (0.71243300 1611905436) trade işleminde  : 2py9on8os12i02pzpq42x3h3jnry id nolu alıcı 6bavdl8dik135r3iu118fe4zxti5 id nolu satıcıdan 0.04366800 fiyatından 62976.17017069 adet 9 id nolu coin karşılığında 3 id nolu coin almak istedi ama satıcının miktarı(7480.52) yetmedi ve emir tekrar etti.
TRADE - 2021-01-29 10:30:58 --> (0.55997100 1611905458) trade işleminde  : 2py9on8os12i02pzpq42x3h3jnry id nolu alıcı 6bavdl8dik135r3iu118fe4zxti5 id nolu satıcıdan 0.04600000 fiyatından 50565.36075024 adet 9 id nolu coin karşılığında 3 id nolu coin satın aldı. Emir kapandı.
TRADE - 2021-01-29 10:52:18 --> (0.36434700 1611906738) trade işleminde  : 6bavdl8dik135r3iu118fe4zxti5 id nolu alıcı q8plfntvv4qqkpwnrpu6eg1nfc39 id nolu satıcıdan 0.00000150 fiyatından 401.82135729 adet 1 id nolu coin karşılığında 3 id nolu coin satın aldı. Alıcı almak istediği miktarı aldı. Boş emir açıldı.
TRADE - 2021-01-29 11:12:52 --> (0.52940400 1611907972) trade işleminde  : i39wfsjxultrzyt5hk9mx5t86d4c id nolu alıcı 6bavdl8dik135r3iu118fe4zxti5 id nolu satıcıdan 0.00000182 fiyatından 216.00206181 adet 1 id nolu coin karşılığında 3 id nolu coin satın aldı. Emir kapandı.
TRADE - 2021-01-29 11:16:35 --> (0.12001400 1611908195) trade işleminde  : 6bavdl8dik135r3iu118fe4zxti5 id nolu satıcı q8plfntvv4qqkpwnrpu6eg1nfc39 id nolu alıcıya 0.00000184 fiyatından 326.26594637 adet 1 id nolu coin karşılığında 3 id nolu coin sattı. Emir kapandı.
TRADE - 2021-01-29 11:54:31 --> (0.06233400 1611910471) trade işleminde  : zlgxvsiggs0c6qkc3pzi9xvusiux id nolu alıcı hzon720zk2cdr3dyllb8pr4yhpae id nolu satıcıdan 0.00009999 fiyatından 11512.69268643 adet 9 id nolu coin karşılığında 141 id nolu coin satın aldı. Emir kapandı.
TRADE - 2021-01-29 12:07:49 --> (0.05273800 1611911269) trade işleminde  : q8plfntvv4qqkpwnrpu6eg1nfc39 id nolu satıcı 6bavdl8dik135r3iu118fe4zxti5 id nolu alıcıya 0.04677220 fiyatından 326.26594637 adet 9 id nolu coin karşılığında 3 id nolu coin sattı. Emir kapandı.
TRADE - 2021-01-29 12:22:35 --> (0.81238500 1611912155) trade işleminde  : 6bavdl8dik135r3iu118fe4zxti5 id nolu satıcı wfofq80hkdeydzm9b5z4tadh0xi5 id nolu alıcıya 0.27950000 fiyatından 49.73447231 adet 9 id nolu coin karşılığında 7 id nolu coin sattı. Emir kapandı.
TRADE - 2021-01-29 12:46:04 --> (0.16907600 1611913564) trade işleminde  : 6bavdl8dik135r3iu118fe4zxti5 id nolu alıcı ltfttklk4w2wy6q9pt0oha2xzqpr id nolu satıcıdan 0.00000766 fiyatından 50 adet 1 id nolu coin karşılığında 7 id nolu coin satın aldı. Alıcı almak istediği miktarı aldı. Boş emir açıldı.
TRADE - 2021-01-29 13:11:58 --> (0.33164500 1611915118) trade işleminde  : ltfttklk4w2wy6q9pt0oha2xzqpr id nolu alıcı 6bavdl8dik135r3iu118fe4zxti5 id nolu satıcıdan 0.00000085 fiyatından 448.78478337 adet 1 id nolu coin karşılığında 128 id nolu coin satın aldı. Emir kapandı.
TRADE - 2021-01-29 13:43:15 --> (0.60959100 1611916995) trade işleminde  : no2dnuhutckbktnejjdkkitdgw2n id nolu satıcı 3p5816hym8x0z1sklpax6bm8dpcs id nolu alıcıya 0.00061500 fiyatından 65.61713006 adet 9 id nolu coin karşılığında 152 id nolu coin sattı. Emir kapandı.
TRADE - 2021-01-29 13:53:34 --> (0.09390300 1611917614) trade işleminde  : ltfttklk4w2wy6q9pt0oha2xzqpr id nolu satıcı 6bavdl8dik135r3iu118fe4zxti5 id nolu alıcıya 0.00000083 fiyatından 448.78478337 adet 1 id nolu coin karşılığında 128 id nolu coin sattı. Emir kapandı.
TRADE - 2021-01-29 13:54:31 --> (0.25547300 1611917671) trade işleminde  : 6bavdl8dik135r3iu118fe4zxti5 id nolu satıcı ltfttklk4w2wy6q9pt0oha2xzqpr id nolu alıcıya 0.01144700 fiyatından 0.03241094 adet 1 id nolu coin karşılığında 15 id nolu coin sattı. Emir kapandı.
TRADE - 2021-01-29 14:49:00 --> (0.62416500 1611920940) trade işleminde  : n9gix360h6jums1yf62hst2gt09q id nolu alıcı 6bavdl8dik135r3iu118fe4zxti5 id nolu satıcıdan 0.00000135 fiyatından 673.51223479 adet 1 id nolu coin karşılığında 3 id nolu coin satın aldı. Emir kapandı.
TRADE - 2021-01-29 16:46:12 --> (0.13941300 1611927972) trade işleminde  : 6bavdl8dik135r3iu118fe4zxti5 id nolu alıcı 6bbq54ba8sr8tcye3snud33lkn9a id nolu satıcıdan 0.04000000 fiyatından 12.58645477 adet 9 id nolu coin karşılığında 128 id nolu coin satın aldı. Alıcı almak istediği miktarı aldı. Boş emir açıldı.
TRADE - 2021-01-29 17:06:11 --> (0.90066400 1611929171) trade işleminde  : t8p0m02dlckywshljthydiw0jv8b id nolu satıcı 6bavdl8dik135r3iu118fe4zxti5 id nolu alıcıya 0.03855000 fiyatından 0.00481000 adet 9 id nolu coin karşılığında 128 id nolu coin sattı. Emir kapandı.
TRADE - 2021-01-29 17:22:12 --> (0.09117800 1611930132) trade işleminde  : wqeiddmzqbr93ldtgh1711dacr88 id nolu alıcı 6bavdl8dik135r3iu118fe4zxti5 id nolu satıcıdan 0.00000143 fiyatından 0.99801031 adet 1 id nolu coin karşılığında 3 id nolu coin satın aldı. Emir kapandı.
TRADE - 2021-01-29 17:23:13 --> (0.33132900 1611930193) trade işleminde  : wqeiddmzqbr93ldtgh1711dacr88 id nolu alıcı 6bavdl8dik135r3iu118fe4zxti5 id nolu satıcıdan 0.00000143 fiyatından 0.99755827 adet 1 id nolu coin karşılığında 3 id nolu coin satın aldı. Emir kapandı.
TRADE - 2021-01-29 17:27:57 --> (0.05793900 1611930477) trade işleminde  : wqeiddmzqbr93ldtgh1711dacr88 id nolu alıcı 6bavdl8dik135r3iu118fe4zxti5 id nolu satıcıdan 0.00000143 fiyatından 2186.08616101 adet 1 id nolu coin karşılığında 3 id nolu coin satın aldı. Emir kapandı.
TRADE - 2021-01-29 18:37:38 --> (0.40300500 1611934658) trade işleminde  : ffgjg8a2qpxe7hcf66emwry6nwri id nolu alıcı 6bavdl8dik135r3iu118fe4zxti5 id nolu satıcıdan 0.05553930 fiyatından 0.09711533 adet 9 id nolu coin karşılığında 3 id nolu coin satın aldı. Emir kapandı.
TRADE - 2021-01-29 19:17:46 --> (0.06712300 1611937066) trade işleminde  : t8p0m02dlckywshljthydiw0jv8b id nolu alıcı 6bavdl8dik135r3iu118fe4zxti5 id nolu satıcıdan 0.05511920 fiyatından 0.00336107 adet 9 id nolu coin karşılığında 3 id nolu coin satın aldı. Emir kapandı.
TRADE - 2021-01-29 19:21:55 --> (0.55432500 1611937315) trade işleminde  : 6bavdl8dik135r3iu118fe4zxti5 id nolu alıcı aucbqtsou8stysgjlp40b1766646 id nolu satıcıdan 0.03410000 fiyatından 89.53352719 adet 9 id nolu coin karşılığında 128 id nolu coin satın aldı. Alıcı almak istediği miktarı aldı. Boş emir açıldı.
TRADE - 2021-01-29 21:12:37 --> (0.97849500 1611943957) trade işleminde  : hzkkvjc842r2z37h6mfmez0ovbz0 id nolu satıcı 6bavdl8dik135r3iu118fe4zxti5 id nolu alıcıya 0.04372200 fiyatından 24.21324887 adet 9 id nolu coin karşılığında 3 id nolu coin sattı. Emir kapandı.
TRADE - 2021-01-29 21:15:04 --> (0.30186100 1611944104) trade işleminde  : hzkkvjc842r2z37h6mfmez0ovbz0 id nolu alıcı 6bavdl8dik135r3iu118fe4zxti5 id nolu satıcıdan 0.03351000 fiyatından 31.46599549 adet 9 id nolu coin karşılığında 128 id nolu coin satın aldı. Emir kapandı.
TRADE - 2021-01-29 21:15:46 --> (0.76084600 1611944146) trade işleminde  : 6bavdl8dik135r3iu118fe4zxti5 id nolu alıcı hzkkvjc842r2z37h6mfmez0ovbz0 id nolu satıcıdan 0.04364930 fiyatından 24.21324887 adet 9 id nolu coin karşılığında 3 id nolu coin satın aldı. Alıcı almak istediği miktarı aldı. Boş emir açıldı.
TRADE - 2021-01-29 21:16:24 --> (0.30145200 1611944184) trade işleminde  : t8p0m02dlckywshljthydiw0jv8b id nolu satıcı 6bavdl8dik135r3iu118fe4zxti5 id nolu alıcıya 0.04397030 fiyatından 0.00336107 adet 9 id nolu coin karşılığında 3 id nolu coin sattı. Emir kapandı.
TRADE - 2021-01-29 21:17:42 --> (0.67345900 1611944262) trade işleminde  : t8p0m02dlckywshljthydiw0jv8b id nolu alıcı 6bavdl8dik135r3iu118fe4zxti5 id nolu satıcıdan 0.01910185 fiyatından 0.00770583 adet 9 id nolu coin karşılığında 17 id nolu coin satın aldı. Emir kapandı.
TRADE - 2021-01-29 21:18:46 --> (0.72074100 1611944326) trade işleminde  : hzkkvjc842r2z37h6mfmez0ovbz0 id nolu satıcı 6bavdl8dik135r3iu118fe4zxti5 id nolu alıcıya 0.03338000 fiyatından 31.46599549 adet 9 id nolu coin karşılığında 128 id nolu coin sattı. Emir kapandı.
TRADE - 2021-01-29 21:21:25 --> (0.24402000 1611944485) trade işleminde  : hzkkvjc842r2z37h6mfmez0ovbz0 id nolu alıcı 6bavdl8dik135r3iu118fe4zxti5 id nolu satıcıdan 0.28512000 fiyatından 7.36116096 adet 9 id nolu coin karşılığında 7 id nolu coin satın aldı. Emir kapandı.
TRADE - 2021-01-29 21:29:27 --> (0.96643400 1611944967) trade işleminde  : hzkkvjc842r2z37h6mfmez0ovbz0 id nolu satıcı 6bavdl8dik135r3iu118fe4zxti5 id nolu alıcıya 0.28331000 fiyatından 7.36116096 adet 9 id nolu coin karşılığında 7 id nolu coin sattı. Emir kapandı.
TRADE - 2021-01-29 21:32:41 --> (0.56842100 1611945161) trade işleminde  : hzkkvjc842r2z37h6mfmez0ovbz0 id nolu alıcı 6bavdl8dik135r3iu118fe4zxti5 id nolu satıcıdan 0.03330000 fiyatından 62.19057484 adet 9 id nolu coin karşılığında 128 id nolu coin satın aldı. Emir kapandı.
TRADE - 2021-01-29 22:17:53 --> (0.39563100 1611947873) trade işleminde  : hzkkvjc842r2z37h6mfmez0ovbz0 id nolu satıcı 6bavdl8dik135r3iu118fe4zxti5 id nolu alıcıya 0.03334000 fiyatından 62.19057484 adet 9 id nolu coin karşılığında 128 id nolu coin sattı. Emir kapandı.
TRADE - 2021-01-29 22:20:24 --> (0.79923200 1611948024) trade işleminde  : 6bavdl8dik135r3iu118fe4zxti5 id nolu satıcı hzkkvjc842r2z37h6mfmez0ovbz0 id nolu alıcıya 0.03334000 fiyatından 0.18653455 adet 9 id nolu coin karşılığında 128 id nolu coin sattı. Emir kapandı.
TRADE - 2021-01-29 23:18:14 --> (0.60566100 1611951494) trade işleminde  : q8plfntvv4qqkpwnrpu6eg1nfc39 id nolu alıcı 6bavdl8dik135r3iu118fe4zxti5 id nolu satıcıdan 0.04823140 fiyatından 314.87151217 adet 9 id nolu coin karşılığında 3 id nolu coin satın aldı. Emir kapandı.
TRADE - 2021-01-29 23:35:45 --> (0.69334400 1611952545) trade işleminde  : 2py9on8os12i02pzpq42x3h3jnry id nolu satıcı 6bavdl8dik135r3iu118fe4zxti5 id nolu alıcıya 0.04755530 fiyatından 23920 adet 9 id nolu coin karşılığında 3 id nolu coin sattı. Alıcının miktarı yetmedi ve eşleşen bir fiyat olmadığı için 36776.40075024 adet satış emri açıldı.
TRADE - 2021-01-29 23:36:24 --> (0.98306200 1611952584) trade işleminde  : 2py9on8os12i02pzpq42x3h3jnry id nolu satıcı 6bavdl8dik135r3iu118fe4zxti5 id nolu alıcıya 0.04758150 fiyatından 97.06 adet 9 id nolu coin karşılığında 3 id nolu coin sattı. Alıcının miktarı yetmedi ve eşleşen bir fiyat olmadığı için 7272.46075024 adet satış emri açıldı.
TRADE - 2021-01-29 23:36:25 --> (0.86922500 1611952585) trade işleminde  : 2py9on8os12i02pzpq42x3h3jnry id nolu satıcı 6bavdl8dik135r3iu118fe4zxti5 id nolu alıcıya 0.04792930 fiyatından 36776.40075024 adet 9 id nolu coin karşılığında 3 id nolu coini satmak istedi ama alıcının miktarı(29406.88) yetmedi ve emir tekrar etti.
TRADE - 2021-01-29 23:39:05 --> (0.20465800 1611952745) trade işleminde  : 2py9on8os12i02pzpq42x3h3jnry id nolu satıcı 6bavdl8dik135r3iu118fe4zxti5 id nolu alıcıya 0.04747940 fiyatından 7272.46075024 adet 9 id nolu coin karşılığında 3 id nolu coin sattı. Emir kapandı.
