TRADE - 2021-02-03 00:05:25 --> (0.37793800 1612299925) trade işleminde  : fj44e71pzte52i5igwc2u137qyx7 id nolu satıcı 6bavdl8dik135r3iu118fe4zxti5 id nolu alıcıya 0.00001028 fiyatından 64.79329579 adet 1 id nolu coin karşılığında 7 id nolu coin sattı. Emir kapandı.
TRADE - 2021-02-03 00:06:57 --> (0.29814000 1612300017) trade işleminde  : fj44e71pzte52i5igwc2u137qyx7 id nolu alıcı 6bavdl8dik135r3iu118fe4zxti5 id nolu satıcıdan 0.00000093 fiyatından 756.54068208 adet 1 id nolu coin karşılığında 128 id nolu coin satın aldı. Emir kapandı.
TRADE - 2021-02-03 00:14:04 --> (0.94296300 1612300444) trade işleminde  : fj44e71pzte52i5igwc2u137qyx7 id nolu satıcı 6bavdl8dik135r3iu118fe4zxti5 id nolu alıcıya 0.03315000 fiyatından 756.54068208 adet 9 id nolu coin karşılığında 128 id nolu coin sattı. Emir kapandı.
TRADE - 2021-02-03 00:19:53 --> (0.31326500 1612300793) trade işleminde  : fj44e71pzte52i5igwc2u137qyx7 id nolu alıcı 6bavdl8dik135r3iu118fe4zxti5 id nolu satıcıdan 0.36615000 fiyatından 68.23539536 adet 9 id nolu coin karşılığında 7 id nolu coin satın aldı. Emir kapandı.
TRADE - 2021-02-03 01:18:26 --> (0.56085400 1612304306) trade işleminde  : qikbs6rpa4qz0mxmtzuz66nye7wr id nolu satıcı 6bavdl8dik135r3iu118fe4zxti5 id nolu alıcıya 0.36721000 fiyatından 2.33261482 adet 9 id nolu coin karşılığında 7 id nolu coin sattı. Emir kapandı.
TRADE - 2021-02-03 01:19:12 --> (0.61689100 1612304352) trade işleminde  : qikbs6rpa4qz0mxmtzuz66nye7wr id nolu alıcı hzon720zk2cdr3dyllb8pr4yhpae id nolu satıcıdan 0.00499970 fiyatından 85.31912813 adet 9 id nolu coin karşılığında 152 id nolu coin satın aldı. Emir kapandı.
TRADE - 2021-02-03 01:19:35 --> (0.48687100 1612304375) trade işleminde  : qikbs6rpa4qz0mxmtzuz66nye7wr id nolu alıcı hzon720zk2cdr3dyllb8pr4yhpae id nolu satıcıdan 0.00499970 fiyatından 21.32978178 adet 9 id nolu coin karşılığında 152 id nolu coin satın aldı. Emir kapandı.
TRADE - 2021-02-03 01:19:57 --> (0.58877400 1612304397) trade işleminde  : qikbs6rpa4qz0mxmtzuz66nye7wr id nolu alıcı hzon720zk2cdr3dyllb8pr4yhpae id nolu satıcıdan 0.00499970 fiyatından 5.99733659 adet 9 id nolu coin karşılığında 152 id nolu coin satın aldı. Emir kapandı.
TRADE - 2021-02-03 01:20:08 --> (0.18630100 1612304408) trade işleminde  : qikbs6rpa4qz0mxmtzuz66nye7wr id nolu alıcı hzon720zk2cdr3dyllb8pr4yhpae id nolu satıcıdan 0.00499970 fiyatından 43.49400784 adet 9 id nolu coin karşılığında 152 id nolu coin satın aldı. Emir kapandı.
TRADE - 2021-02-03 01:20:14 --> (0.51156800 1612304414) trade işleminde  : qikbs6rpa4qz0mxmtzuz66nye7wr id nolu alıcı hzon720zk2cdr3dyllb8pr4yhpae id nolu satıcıdan 0.00499970 fiyatından 14.49800361 adet 9 id nolu coin karşılığında 152 id nolu coin satın aldı. Emir kapandı.
TRADE - 2021-02-03 03:24:41 --> (0.69825500 1612311881) trade işleminde  : hzon720zk2cdr3dyllb8pr4yhpae id nolu satıcı no2dnuhutckbktnejjdkkitdgw2n id nolu alıcıya 0.00000250 fiyatından 4983.47914927 adet 6 id nolu coin karşılığında 152 id nolu coin sattı. Emir kapandı.
TRADE - 2021-02-03 03:25:21 --> (0.70576300 1612311921) trade işleminde  : hzon720zk2cdr3dyllb8pr4yhpae id nolu satıcı 6bavdl8dik135r3iu118fe4zxti5 id nolu alıcıya 1529.78999900 fiyatından 0.01243378 adet 9 id nolu coin karşılığında 6 id nolu coin sattı. Emir kapandı.
TRADE - 2021-02-03 03:31:58 --> (0.97430700 1612312318) trade işleminde  : hzon720zk2cdr3dyllb8pr4yhpae id nolu alıcı 6bavdl8dik135r3iu118fe4zxti5 id nolu satıcıdan 0.37906000 fiyatından 41.20258871 adet 9 id nolu coin karşılığında 7 id nolu coin satın aldı. Emir kapandı.
TRADE - 2021-02-03 03:36:06 --> (0.13472200 1612312566) trade işleminde  : hzon720zk2cdr3dyllb8pr4yhpae id nolu satıcı 6bavdl8dik135r3iu118fe4zxti5 id nolu alıcıya 0.37933000 fiyatından 41.20260871 adet 9 id nolu coin karşılığında 7 id nolu coin sattı. Emir kapandı.
TRADE - 2021-02-03 03:41:36 --> (0.81892800 1612312896) trade işleminde  : hzon720zk2cdr3dyllb8pr4yhpae id nolu alıcı 6bavdl8dik135r3iu118fe4zxti5 id nolu satıcıdan 0.03347000 fiyatından 465.54603342 adet 9 id nolu coin karşılığında 128 id nolu coin satın aldı. Emir kapandı.
TRADE - 2021-02-03 04:11:22 --> (0.15068900 1612314682) trade işleminde  : zlgxvsiggs0c6qkc3pzi9xvusiux id nolu satıcı 6bavdl8dik135r3iu118fe4zxti5 id nolu alıcıya 0.04191500 fiyatından 0.02641851 adet 1 id nolu coin karşılığında 6 id nolu coin sattı. Emir kapandı.
TRADE - 2021-02-03 04:22:40 --> (0.00195200 1612315360) trade işleminde  : zlgxvsiggs0c6qkc3pzi9xvusiux id nolu satıcı 6bavdl8dik135r3iu118fe4zxti5 id nolu alıcıya 36123.09000000 fiyatından 0.00110512 adet 9 id nolu coin karşılığında 1 id nolu coin sattı. Emir kapandı.
TRADE - 2021-02-03 05:02:29 --> (0.57727400 1612317749) trade işleminde  : 6bavdl8dik135r3iu118fe4zxti5 id nolu satıcı zlgxvsiggs0c6qkc3pzi9xvusiux id nolu alıcıya 0.03301210 fiyatından 1288.63866924 adet 9 id nolu coin karşılığında 3 id nolu coin sattı. Emir kapandı.
TRADE - 2021-02-03 07:27:19 --> (0.96380400 1612326439) trade işleminde  : 6bavdl8dik135r3iu118fe4zxti5 id nolu alıcı aucbqtsou8stysgjlp40b1766646 id nolu satıcıdan 0.03433000 fiyatından 92.49395159 adet 9 id nolu coin karşılığında 128 id nolu coin satın aldı. Alıcı almak istediği miktarı aldı. Boş emir açıldı.
TRADE - 2021-02-03 08:22:07 --> (0.85331700 1612329727) trade işleminde  : aucbqtsou8stysgjlp40b1766646 id nolu alıcı 6bavdl8dik135r3iu118fe4zxti5 id nolu satıcıdan 152.49302397 fiyatından 0.02074565 adet 9 id nolu coin karşılığında 2 id nolu coin satın aldı. Emir kapandı.
TRADE - 2021-02-03 08:22:48 --> (0.77652100 1612329768) trade işleminde  : x68d1301oglwhyvwz16ym2p4eaek id nolu satıcı 6bavdl8dik135r3iu118fe4zxti5 id nolu alıcıya 1548.70999900 fiyatından 0.00980434 adet 9 id nolu coin karşılığında 6 id nolu coin sattı. Emir kapandı.
TRADE - 2021-02-03 09:02:39 --> (0.75252000 1612332159) trade işleminde  : hzon720zk2cdr3dyllb8pr4yhpae id nolu alıcı 6bavdl8dik135r3iu118fe4zxti5 id nolu satıcıdan 0.03403000 fiyatından 205.91108658 adet 9 id nolu coin karşılığında 128 id nolu coin satın aldı. Emir kapandı.
TRADE - 2021-02-03 09:02:40 --> (0.55468100 1612332160) trade işleminde  : hzon720zk2cdr3dyllb8pr4yhpae id nolu alıcı 6bavdl8dik135r3iu118fe4zxti5 id nolu satıcıdan 0.03402000 fiyatından 821.16108658 adet 9 id nolu coin karşılığında 128 id nolu coin almak istedi ama satıcının miktarı(615.25) yetmedi ve emir tekrar etti.
TRADE - 2021-02-03 09:07:10 --> (0.04975500 1612332430) trade işleminde  : t9r84r22aus7ov2crt0y1icu3ti0 id nolu satıcı ad55fcsc15busvoenb783w25e6cg id nolu alıcıya 0.00000018 fiyatından 554.44666223 adet 1 id nolu coin karşılığında 161 id nolu coin sattı. Alıcının miktarı yetmedi ve eşleşen bir fiyat olmadığı için 17755.60333777 adet satış emri açıldı.
TRADE - 2021-02-03 14:18:30 --> (0.51800800 1612351110) trade işleminde  : 6bavdl8dik135r3iu118fe4zxti5 id nolu alıcı t9r84r22aus7ov2crt0y1icu3ti0 id nolu satıcıdan 0.00000018 fiyatından 17755.60333777 adet 1 id nolu coin karşılığında 161 id nolu coin satın aldı. Alıcı almak istediği miktarı aldı. Boş emir açıldı.
TRADE - 2021-02-03 17:32:10 --> (0.36966500 1612362730) trade işleminde  : 6bavdl8dik135r3iu118fe4zxti5 id nolu satıcı 3uyhbc1o3vtog89a4c0v8vm1f6hm id nolu alıcıya 0.03163740 fiyatından 0.14208593 adet 9 id nolu coin karşılığında 3 id nolu coin sattı. Emir kapandı.
TRADE - 2021-02-03 17:59:33 --> (0.94231600 1612364373) trade işleminde  : 3p5816hym8x0z1sklpax6bm8dpcs id nolu alıcı hzon720zk2cdr3dyllb8pr4yhpae id nolu satıcıdan 0.00000600 fiyatından 25.00000000 adet 6 id nolu coin karşılığında 152 id nolu coin satın aldı. Emir kapandı.
TRADE - 2021-02-03 18:02:35 --> (0.05799400 1612364555) trade işleminde  : imomalkrs3i0ami68pohpe4ehvjb id nolu satıcı 6bavdl8dik135r3iu118fe4zxti5 id nolu alıcıya 0.00000045 fiyatından 10000.00000000 adet 1 id nolu coin karşılığında 17 id nolu coin sattı. Emir kapandı.
TRADE - 2021-02-03 18:28:23 --> (0.19587200 1612366103) trade işleminde  : 3p5816hym8x0z1sklpax6bm8dpcs id nolu alıcı zlgxvsiggs0c6qkc3pzi9xvusiux id nolu satıcıdan 0.00000599 fiyatından 25.00000000 adet 6 id nolu coin karşılığında 152 id nolu coin satın aldı. Emir kapandı.
TRADE - 2021-02-03 19:12:08 --> (0.44541700 1612368728) trade işleminde  : 6bavdl8dik135r3iu118fe4zxti5 id nolu satıcı 3uyhbc1o3vtog89a4c0v8vm1f6hm id nolu alıcıya 0.03140450 fiyatından 0.0048002 adet 9 id nolu coin karşılığında 3 id nolu coin sattı. Emir kapandı.
TRADE - 2021-02-03 19:12:39 --> (0.94523100 1612368759) trade işleminde  : 6bavdl8dik135r3iu118fe4zxti5 id nolu satıcı 3uyhbc1o3vtog89a4c0v8vm1f6hm id nolu alıcıya 0.03140450 fiyatından 0.0046 adet 9 id nolu coin karşılığında 3 id nolu coin sattı. Emir kapandı.
TRADE - 2021-02-03 20:48:06 --> (0.57951800 1612374486) trade işleminde  : 3p5816hym8x0z1sklpax6bm8dpcs id nolu alıcı hzon720zk2cdr3dyllb8pr4yhpae id nolu satıcıdan 0.00000499 fiyatından 35.00000000 adet 6 id nolu coin karşılığında 152 id nolu coin satın aldı. Emir kapandı.
