TRADE - 2021-01-01 00:25:44 --> (0.56389900 1609449944) trade işleminde  : fj44e71pzte52i5igwc2u137qyx7 id nolu alıcı no2dnuhutckbktnejjdkkitdgw2n id nolu satıcıdan 0.00969982 fiyatından 6.36162339 adet 9 id nolu coin karşılığında 152 id nolu coin satın aldı. Emir kapandı.
TRADE - 2021-01-01 00:26:19 --> (0.34917400 1609449979) trade işleminde  : fj44e71pzte52i5igwc2u137qyx7 id nolu alıcı no2dnuhutckbktnejjdkkitdgw2n id nolu satıcıdan 0.00969982 fiyatından 9.91337716 adet 9 id nolu coin karşılığında 152 id nolu coin satın aldı. Emir kapandı.
TRADE - 2021-01-01 00:30:23 --> (0.83546100 1609450223) trade işleminde  : fj44e71pzte52i5igwc2u137qyx7 id nolu satıcı no2dnuhutckbktnejjdkkitdgw2n id nolu alıcıya 0.00062501 fiyatından 9800 adet 9 id nolu coin karşılığında 152 id nolu coin sattı. Emir kapandı.
TRADE - 2021-01-01 00:30:34 --> (0.73858600 1609450234) trade işleminde  : fj44e71pzte52i5igwc2u137qyx7 id nolu alıcı no2dnuhutckbktnejjdkkitdgw2n id nolu satıcıdan 0.00969982 fiyatından 12.65265200 adet 9 id nolu coin karşılığında 152 id nolu coin satın aldı. Emir kapandı.
TRADE - 2021-01-01 00:33:45 --> (0.08665500 1609450425) trade işleminde  : fj44e71pzte52i5igwc2u137qyx7 id nolu satıcı zlgxvsiggs0c6qkc3pzi9xvusiux id nolu alıcıya 0.00062500 fiyatından 14029.35205500 adet 9 id nolu coin karşılığında 152 id nolu coin sattı. Emir kapandı.
TRADE - 2021-01-01 00:34:35 --> (0.81749500 1609450475) trade işleminde  : fj44e71pzte52i5igwc2u137qyx7 id nolu alıcı 6bavdl8dik135r3iu118fe4zxti5 id nolu satıcıdan 0.22373000 fiyatından 65.75452430 adet 9 id nolu coin karşılığında 7 id nolu coin satın aldı. Emir kapandı.
TRADE - 2021-01-01 01:36:24 --> (0.73921200 1609454184) trade işleminde  : no2dnuhutckbktnejjdkkitdgw2n id nolu alıcı no2dnuhutckbktnejjdkkitdgw2n id nolu satıcıdan 0.00001490 fiyatından 200.00000000 adet 6 id nolu coin karşılığında 152 id nolu coin satın aldı. Emir kapandı.
TRADE - 2021-01-01 03:00:00 --> (0.34058700 1609459200) trade işleminde  : fj44e71pzte52i5igwc2u137qyx7 id nolu satıcı hzon720zk2cdr3dyllb8pr4yhpae id nolu alıcıya 0.00070000 fiyatından 10671.12845737 adet 9 id nolu coin karşılığında 152 id nolu coin sattı. Emir kapandı.
TRADE - 2021-01-01 03:00:11 --> (0.77236400 1609459211) trade işleminde  : fj44e71pzte52i5igwc2u137qyx7 id nolu satıcı zlgxvsiggs0c6qkc3pzi9xvusiux id nolu alıcıya 0.00062500 fiyatından 5342.56391218 adet 9 id nolu coin karşılığında 152 id nolu coin sattı. Emir kapandı.
TRADE - 2021-01-01 03:00:12 --> (0.04474300 1609459212) trade işleminde  : fj44e71pzte52i5igwc2u137qyx7 id nolu satıcı zlgxvsiggs0c6qkc3pzi9xvusiux id nolu alıcıya 0.00062500 fiyatından 12465.98246707 adet 9 id nolu coin karşılığında 152 id nolu coini satmak istedi ama alıcının miktarı(7123.41855489) yetmedi ve emir tekrar etti.
TRADE - 2021-01-01 03:00:12 --> (0.26162300 1609459212) trade işleminde  : fj44e71pzte52i5igwc2u137qyx7 id nolu satıcı zlgxvsiggs0c6qkc3pzi9xvusiux id nolu alıcıya 0.00062500 fiyatından 21470.61650389 adet 9 id nolu coin karşılığında 152 id nolu coini satmak istedi ama alıcının miktarı(9004.63403682) yetmedi ve emir tekrar etti.
TRADE - 2021-01-01 03:01:14 --> (0.97272100 1609459274) trade işleminde  : hzon720zk2cdr3dyllb8pr4yhpae id nolu satıcı no2dnuhutckbktnejjdkkitdgw2n id nolu alıcıya 0.00000900 fiyatından 99.96327819 adet 6 id nolu coin karşılığında 152 id nolu coin sattı. Emir kapandı.
TRADE - 2021-01-01 03:01:15 --> (0.30157300 1609459275) trade işleminde  : hzon720zk2cdr3dyllb8pr4yhpae id nolu satıcı 3p5816hym8x0z1sklpax6bm8dpcs id nolu alıcıya 0.00001000 fiyatından 100.00000000 adet 6 id nolu coin karşılığında 152 id nolu coini satmak istedi ama alıcının miktarı(0.03672181) yetmedi ve emir tekrar etti.
TRADE - 2021-01-01 03:01:19 --> (0.83469600 1609459279) trade işleminde  : fj44e71pzte52i5igwc2u137qyx7 id nolu alıcı 6bavdl8dik135r3iu118fe4zxti5 id nolu satıcıdan 0.21951000 fiyatından 94.78172433 adet 9 id nolu coin karşılığında 7 id nolu coin satın aldı. Emir kapandı.
TRADE - 2021-01-01 03:01:23 --> (0.61621800 1609459283) trade işleminde  : hzon720zk2cdr3dyllb8pr4yhpae id nolu satıcı no2dnuhutckbktnejjdkkitdgw2n id nolu alıcıya 0.00000350 fiyatından 99.84182553 adet 6 id nolu coin karşılığında 152 id nolu coin sattı. Emir kapandı.
TRADE - 2021-01-01 03:01:23 --> (0.91974400 1609459283) trade işleminde  : hzon720zk2cdr3dyllb8pr4yhpae id nolu satıcı no2dnuhutckbktnejjdkkitdgw2n id nolu alıcıya 0.00000800 fiyatından 100.79136395 adet 6 id nolu coin karşılığında 152 id nolu coini satmak istedi ama alıcının miktarı(0.94953841999995) yetmedi ve emir tekrar etti.
TRADE - 2021-01-01 03:01:24 --> (0.27784900 1609459284) trade işleminde  : hzon720zk2cdr3dyllb8pr4yhpae id nolu satıcı no2dnuhutckbktnejjdkkitdgw2n id nolu alıcıya 0.00000900 fiyatından 100.82808576 adet 6 id nolu coin karşılığında 152 id nolu coini satmak istedi ama alıcının miktarı(0.03672181) yetmedi ve emir tekrar etti.
TRADE - 2021-01-01 03:01:35 --> (0.16989900 1609459295) trade işleminde  : hzon720zk2cdr3dyllb8pr4yhpae id nolu satıcı 3p5816hym8x0z1sklpax6bm8dpcs id nolu alıcıya 0.00000300 fiyatından 3958.18964603 adet 6 id nolu coin karşılığında 152 id nolu coin sattı. Emir kapandı.
TRADE - 2021-01-01 03:01:35 --> (0.43003400 1609459295) trade işleminde  : hzon720zk2cdr3dyllb8pr4yhpae id nolu satıcı no2dnuhutckbktnejjdkkitdgw2n id nolu alıcıya 0.00000300 fiyatından 4499.01773179 adet 6 id nolu coin karşılığında 152 id nolu coini satmak istedi ama alıcının miktarı(540.82808576) yetmedi ve emir tekrar etti.
TRADE - 2021-01-01 03:01:35 --> (0.70033700 1609459295) trade işleminde  : hzon720zk2cdr3dyllb8pr4yhpae id nolu satıcı no2dnuhutckbktnejjdkkitdgw2n id nolu alıcıya 0.00000320 fiyatından 4539.84581755 adet 6 id nolu coin karşılığında 152 id nolu coini satmak istedi ama alıcının miktarı(40.82808576) yetmedi ve emir tekrar etti.
TRADE - 2021-01-01 03:01:35 --> (0.94600100 1609459295) trade işleminde  : hzon720zk2cdr3dyllb8pr4yhpae id nolu satıcı no2dnuhutckbktnejjdkkitdgw2n id nolu alıcıya 0.00000350 fiyatından 4540.83207778 adet 6 id nolu coin karşılığında 152 id nolu coini satmak istedi ama alıcının miktarı(0.98626023) yetmedi ve emir tekrar etti.
TRADE - 2021-01-01 03:02:01 --> (0.48028300 1609459321) trade işleminde  : hzon720zk2cdr3dyllb8pr4yhpae id nolu satıcı 6bavdl8dik135r3iu118fe4zxti5 id nolu alıcıya 738.66999900 fiyatından 0.01485880 adet 9 id nolu coin karşılığında 6 id nolu coin sattı. Emir kapandı.
TRADE - 2021-01-01 05:50:40 --> (0.42743100 1609469440) trade işleminde  : fj44e71pzte52i5igwc2u137qyx7 id nolu satıcı hzon720zk2cdr3dyllb8pr4yhpae id nolu alıcıya 0.00070000 fiyatından 9561.28406500 adet 9 id nolu coin karşılığında 152 id nolu coin sattı. Emir kapandı.
TRADE - 2021-01-01 06:51:15 --> (0.96895300 1609473075) trade işleminde  : hzon720zk2cdr3dyllb8pr4yhpae id nolu satıcı no2dnuhutckbktnejjdkkitdgw2n id nolu alıcıya 0.00000250 fiyatından 9519.46971901 adet 6 id nolu coin karşılığında 152 id nolu coin sattı. Emir kapandı.
TRADE - 2021-01-01 06:51:16 --> (0.17381200 1609473076) trade işleminde  : hzon720zk2cdr3dyllb8pr4yhpae id nolu satıcı 3p5816hym8x0z1sklpax6bm8dpcs id nolu alıcıya 0.00000300 fiyatından 9561.28406500 adet 6 id nolu coin karşılığında 152 id nolu coini satmak istedi ama alıcının miktarı(41.81434599) yetmedi ve emir tekrar etti.
TRADE - 2021-01-01 06:51:35 --> (0.20920300 1609473095) trade işleminde  : hzon720zk2cdr3dyllb8pr4yhpae id nolu satıcı 6bavdl8dik135r3iu118fe4zxti5 id nolu alıcıya 745.41999900 fiyatından 0.0072405 adet 9 id nolu coin karşılığında 6 id nolu coin sattı. Alıcının miktarı yetmedi ve eşleşen bir fiyat olmadığı için 0.01663577 adet satış emri açıldı.
TRADE - 2021-01-01 06:51:49 --> (0.32552600 1609473109) trade işleminde  : hzon720zk2cdr3dyllb8pr4yhpae id nolu satıcı 6bavdl8dik135r3iu118fe4zxti5 id nolu alıcıya 745.12999900 fiyatından 0.00967877 adet 9 id nolu coin karşılığında 6 id nolu coin sattı. Emir kapandı.
TRADE - 2021-01-01 06:51:49 --> (0.62927200 1609473109) trade işleminde  : hzon720zk2cdr3dyllb8pr4yhpae id nolu satıcı 6bavdl8dik135r3iu118fe4zxti5 id nolu alıcıya 745.29999900 fiyatından 0.01663577 adet 9 id nolu coin karşılığında 6 id nolu coini satmak istedi ama alıcının miktarı(0.006957) yetmedi ve emir tekrar etti.
TRADE - 2021-01-01 13:07:28 --> (0.38753100 1609495648) trade işleminde  : fj44e71pzte52i5igwc2u137qyx7 id nolu satıcı no2dnuhutckbktnejjdkkitdgw2n id nolu alıcıya 0.00000250 fiyatından 1021.35836675 adet 6 id nolu coin karşılığında 152 id nolu coin sattı. Emir kapandı.
TRADE - 2021-01-01 13:08:19 --> (0.58576300 1609495699) trade işleminde  : fj44e71pzte52i5igwc2u137qyx7 id nolu satıcı 3p5816hym8x0z1sklpax6bm8dpcs id nolu alıcıya 0.00000100 fiyatından 24969.75422143 adet 6 id nolu coin karşılığında 152 id nolu coin sattı. Emir kapandı.
TRADE - 2021-01-01 13:08:19 --> (0.77219600 1609495699) trade işleminde  : fj44e71pzte52i5igwc2u137qyx7 id nolu satıcı no2dnuhutckbktnejjdkkitdgw2n id nolu alıcıya 0.00000100 fiyatından 34969.75422143 adet 6 id nolu coin karşılığında 152 id nolu coini satmak istedi ama alıcının miktarı(10000) yetmedi ve emir tekrar etti.
TRADE - 2021-01-01 13:08:19 --> (0.98859900 1609495699) trade işleminde  : fj44e71pzte52i5igwc2u137qyx7 id nolu satıcı no2dnuhutckbktnejjdkkitdgw2n id nolu alıcıya 0.00000100 fiyatından 38259.18548164 adet 6 id nolu coin karşılığında 152 id nolu coini satmak istedi ama alıcının miktarı(3289.43126021) yetmedi ve emir tekrar etti.
TRADE - 2021-01-01 13:08:20 --> (0.24170800 1609495700) trade işleminde  : fj44e71pzte52i5igwc2u137qyx7 id nolu satıcı no2dnuhutckbktnejjdkkitdgw2n id nolu alıcıya 0.00000110 fiyatından 38289.43126021 adet 6 id nolu coin karşılığında 152 id nolu coini satmak istedi ama alıcının miktarı(30.24577857) yetmedi ve emir tekrar etti.
TRADE - 2021-01-01 13:10:12 --> (0.07818800 1609495812) trade işleminde  : fj44e71pzte52i5igwc2u137qyx7 id nolu satıcı fj44e71pzte52i5igwc2u137qyx7 id nolu alıcıya 0.00000900 fiyatından 15.47500000 adet 6 id nolu coin karşılığında 152 id nolu coin sattı. Emir kapandı.
TRADE - 2021-01-01 13:12:59 --> (0.41054600 1609495979) trade işleminde  : fj44e71pzte52i5igwc2u137qyx7 id nolu satıcı 6bavdl8dik135r3iu118fe4zxti5 id nolu alıcıya 737.06999900 fiyatından 0.03889516 adet 9 id nolu coin karşılığında 6 id nolu coin sattı. Emir kapandı.
TRADE - 2021-01-01 13:19:14 --> (0.31751300 1609496354) trade işleminde  : fj44e71pzte52i5igwc2u137qyx7 id nolu alıcı 6bavdl8dik135r3iu118fe4zxti5 id nolu satıcıdan 0.23297000 fiyatından 151.17908442 adet 9 id nolu coin karşılığında 7 id nolu coin satın aldı. Emir kapandı.
TRADE - 2021-01-01 16:57:08 --> (0.78043100 1609509428) trade işleminde  : fj44e71pzte52i5igwc2u137qyx7 id nolu satıcı hzon720zk2cdr3dyllb8pr4yhpae id nolu alıcıya 0.00075002 fiyatından 21961.62264682 adet 9 id nolu coin karşılığında 152 id nolu coin sattı. Emir kapandı.
TRADE - 2021-01-01 16:57:26 --> (0.99174200 1609509446) trade işleminde  : fj44e71pzte52i5igwc2u137qyx7 id nolu alıcı 6bavdl8dik135r3iu118fe4zxti5 id nolu satıcıdan 0.23522000 fiyatından 69.74705003 adet 9 id nolu coin karşılığında 7 id nolu coin satın aldı. Emir kapandı.
TRADE - 2021-01-01 18:59:01 --> (0.06738800 1609516741) trade işleminde  : 3p5816hym8x0z1sklpax6bm8dpcs id nolu alıcı no2dnuhutckbktnejjdkkitdgw2n id nolu satıcıdan 0.00001089 fiyatından 100.00000000 adet 6 id nolu coin karşılığında 152 id nolu coin satın aldı. Emir kapandı.
TRADE - 2021-01-01 19:05:55 --> (0.65567700 1609517155) trade işleminde  : no2dnuhutckbktnejjdkkitdgw2n id nolu alıcı 3p5816hym8x0z1sklpax6bm8dpcs id nolu satıcıdan 0.00001078 fiyatından 21.00000000 adet 6 id nolu coin karşılığında 152 id nolu coin satın aldı. Emir kapandı.
TRADE - 2021-01-01 23:33:57 --> (0.10293600 1609533237) trade işleminde  : a1rpvodd6y1w3lgpeeru9foj7ufu id nolu alıcı t27psszrcmytn622zp1nakgmedmb id nolu satıcıdan 0.00100000 fiyatından 0.10129741 adet 6 id nolu coin karşılığında 153 id nolu coin satın aldı. Emir kapandı.
