TRADE - 2021-02-05 00:32:14 --> (0.72218800 1612474334) trade işleminde  : 6bavdl8dik135r3iu118fe4zxti5 id nolu alıcı hzkkvjc842r2z37h6mfmez0ovbz0 id nolu satıcıdan 0.45251000 fiyatından 1.7756963 adet 9 id nolu coin karşılığında 7 id nolu coin satın aldı. Alıcı almak istediği miktarı aldı. Boş emir açıldı.
TRADE - 2021-02-05 00:32:28 --> (0.05290900 1612474348) trade işleminde  : 6bavdl8dik135r3iu118fe4zxti5 id nolu alıcı hzkkvjc842r2z37h6mfmez0ovbz0 id nolu satıcıdan 0.45251000 fiyatından 0.01112302 adet 9 id nolu coin karşılığında 7 id nolu coin satın aldı. Alıcı almak istediği miktarı aldı. Boş emir açıldı.
TRADE - 2021-02-05 00:33:37 --> (0.90945200 1612474417) trade işleminde  : 6bavdl8dik135r3iu118fe4zxti5 id nolu alıcı hzkkvjc842r2z37h6mfmez0ovbz0 id nolu satıcıdan 0.45251000 fiyatından 0.01112302 adet 9 id nolu coin karşılığında 7 id nolu coin satın aldı. Alıcı almak istediği miktarı aldı. Boş emir açıldı.
TRADE - 2021-02-05 00:34:29 --> (0.57297900 1612474469) trade işleminde  : 6bavdl8dik135r3iu118fe4zxti5 id nolu alıcı hzkkvjc842r2z37h6mfmez0ovbz0 id nolu satıcıdan 0.45851000 fiyatından 1.81064643 adet 9 id nolu coin karşılığında 7 id nolu coin satın aldı. Alıcı almak istediği miktarı aldı. Boş emir açıldı.
TRADE - 2021-02-05 00:39:38 --> (0.28605600 1612474778) trade işleminde  : 6bavdl8dik135r3iu118fe4zxti5 id nolu alıcı mos2e7ikf2bupbanza57ecat03fq id nolu satıcıdan 0.00000136 fiyatından 1485 adet 1 id nolu coin karşılığında 3 id nolu coin satın aldı. Alıcı almak istediği miktarı aldı. Boş emir açıldı.
TRADE - 2021-02-05 00:43:33 --> (0.05442500 1612475013) trade işleminde  : 6bavdl8dik135r3iu118fe4zxti5 id nolu satıcı q8plfntvv4qqkpwnrpu6eg1nfc39 id nolu alıcıya 0.45858000 fiyatından 39.506345 adet 9 id nolu coin karşılığında 7 id nolu coin sattı. Emir kapandı.
TRADE - 2021-02-05 03:33:20 --> (0.38717100 1612485200) trade işleminde  : p8dp34lmfji5avnpla8110mmy4f4 id nolu alıcı 6bavdl8dik135r3iu118fe4zxti5 id nolu satıcıdan 0.00000090 fiyatından 260.77844311 adet 1 id nolu coin karşılığında 128 id nolu coin satın aldı. Emir kapandı.
TRADE - 2021-02-05 05:37:57 --> (0.05091400 1612492677) trade işleminde  : 6bavdl8dik135r3iu118fe4zxti5 id nolu satıcı hf6id7uukh184exwrnirqhh19ms2 id nolu alıcıya 0.00000987 fiyatından 565.41021301 adet 1 id nolu coin karşılığında 74 id nolu coin sattı. Emir kapandı.
TRADE - 2021-02-05 10:19:23 --> (0.04321200 1612509563) trade işleminde  : hzkkvjc842r2z37h6mfmez0ovbz0 id nolu satıcı 6bavdl8dik135r3iu118fe4zxti5 id nolu alıcıya 0.44308000 fiyatından 1.20366213 adet 9 id nolu coin karşılığında 7 id nolu coin sattı. Emir kapandı.
TRADE - 2021-02-05 10:25:28 --> (0.99847200 1612509928) trade işleminde  : hzkkvjc842r2z37h6mfmez0ovbz0 id nolu alıcı 6bavdl8dik135r3iu118fe4zxti5 id nolu satıcıdan 0.03395000 fiyatından 63.85200124 adet 9 id nolu coin karşılığında 128 id nolu coin satın aldı. Emir kapandı.
TRADE - 2021-02-05 10:26:43 --> (0.89059100 1612510003) trade işleminde  : hzkkvjc842r2z37h6mfmez0ovbz0 id nolu alıcı 6bavdl8dik135r3iu118fe4zxti5 id nolu satıcıdan 0.03389000 fiyatından 0.01880221 adet 9 id nolu coin karşılığında 128 id nolu coin satın aldı. Emir kapandı.
TRADE - 2021-02-05 11:33:27 --> (0.56651500 1612514007) trade işleminde  : mos2e7ikf2bupbanza57ecat03fq id nolu alıcı 6bavdl8dik135r3iu118fe4zxti5 id nolu satıcıdan 0.00000122 fiyatından 1649.00000000 adet 1 id nolu coin karşılığında 3 id nolu coin satın aldı. Emir kapandı.
TRADE - 2021-02-05 13:43:51 --> (0.06746700 1612521831) trade işleminde  : 84r47qqp0yj54ryl2z0nqd6af5t8 id nolu alıcı 6bavdl8dik135r3iu118fe4zxti5 id nolu satıcıdan 0.00000021 fiyatından 14829.29379337 adet 1 id nolu coin karşılığında 161 id nolu coin satın aldı. Emir kapandı.
TRADE - 2021-02-05 15:42:32 --> (0.32649900 1612528952) trade işleminde  : no2dnuhutckbktnejjdkkitdgw2n id nolu alıcı 270bkifjjllri9jwellc2kthl2yj id nolu satıcıdan 0.00499979 fiyatından 96.78602809 adet 9 id nolu coin karşılığında 152 id nolu coin satın aldı. Emir kapandı.
TRADE - 2021-02-05 15:47:49 --> (0.51307800 1612529269) trade işleminde  : no2dnuhutckbktnejjdkkitdgw2n id nolu alıcı 3p5816hym8x0z1sklpax6bm8dpcs id nolu satıcıdan 0.00000450 fiyatından 150 adet 6 id nolu coin karşılığında 152 id nolu coin satın aldı. Satıcının miktarı yetmedi ve eşleşen bir fiyat olmadığı için 115.42470614 adet alış emri açıldı.
TRADE - 2021-02-05 15:48:13 --> (0.10894200 1612529293) trade işleminde  : no2dnuhutckbktnejjdkkitdgw2n id nolu alıcı hzon720zk2cdr3dyllb8pr4yhpae id nolu satıcıdan 0.00000499 fiyatından 179.52071808 adet 6 id nolu coin karşılığında 152 id nolu coin satın aldı. Emir kapandı.
TRADE - 2021-02-05 16:06:09 --> (0.35665400 1612530369) trade işleminde  : no2dnuhutckbktnejjdkkitdgw2n id nolu satıcı 6bavdl8dik135r3iu118fe4zxti5 id nolu alıcıya 1664.87999900 fiyatından 0.02000000 adet 9 id nolu coin karşılığında 6 id nolu coin sattı. Emir kapandı.
TRADE - 2021-02-05 16:07:35 --> (0.36487800 1612530455) trade işleminde  : no2dnuhutckbktnejjdkkitdgw2n id nolu alıcı no2dnuhutckbktnejjdkkitdgw2n id nolu satıcıdan 0.00499978 fiyatından 1000.00000000 adet 9 id nolu coin karşılığında 152 id nolu coin satın aldı. Emir kapandı.
TRADE - 2021-02-05 16:08:26 --> (0.35460900 1612530506) trade işleminde  : no2dnuhutckbktnejjdkkitdgw2n id nolu alıcı 270bkifjjllri9jwellc2kthl2yj id nolu satıcıdan 0.00499979 fiyatından 3882.19172532 adet 9 id nolu coin karşılığında 152 id nolu coin satın aldı. Satıcının miktarı yetmedi ve eşleşen bir fiyat olmadığı için 1162.31404961 adet alış emri açıldı.
TRADE - 2021-02-05 16:09:22 --> (0.75728500 1612530562) trade işleminde  : no2dnuhutckbktnejjdkkitdgw2n id nolu alıcı zlgxvsiggs0c6qkc3pzi9xvusiux id nolu satıcıdan 0.02049990 fiyatından 102.52679912 adet 9 id nolu coin karşılığında 152 id nolu coin satın aldı. Emir kapandı.
TRADE - 2021-02-05 16:12:56 --> (0.83046500 1612530776) trade işleminde  : hzon720zk2cdr3dyllb8pr4yhpae id nolu satıcı 6bavdl8dik135r3iu118fe4zxti5 id nolu alıcıya 1669.67999900 fiyatından 0.00089402 adet 9 id nolu coin karşılığında 6 id nolu coin sattı. Emir kapandı.
TRADE - 2021-02-05 16:16:50 --> (0.64239700 1612531010) trade işleminde  : hzon720zk2cdr3dyllb8pr4yhpae id nolu satıcı no2dnuhutckbktnejjdkkitdgw2n id nolu alıcıya 0.00499979 fiyatından 1104.63117136 adet 9 id nolu coin karşılığında 152 id nolu coin sattı. Emir kapandı.
TRADE - 2021-02-05 16:17:30 --> (0.85384800 1612531050) trade işleminde  : 6bavdl8dik135r3iu118fe4zxti5 id nolu satıcı hzon720zk2cdr3dyllb8pr4yhpae id nolu alıcıya 37905.56000000 fiyatından 0.00018434 adet 9 id nolu coin karşılığında 1 id nolu coin sattı. Emir kapandı.
TRADE - 2021-02-05 17:19:35 --> (0.74539500 1612534775) trade işleminde  : 42rml3t9qa9fxbbx07dgbwc5juwj id nolu satıcı hzon720zk2cdr3dyllb8pr4yhpae id nolu alıcıya 0.00000060 fiyatından 306.62009315 adet 1 id nolu coin karşılığında 72 id nolu coin sattı. Alıcının miktarı yetmedi ve eşleşen bir fiyat olmadığı için 18757.37990685 adet satış emri açıldı.
TRADE - 2021-02-05 17:21:33 --> (0.76208700 1612534893) trade işleminde  : zlgxvsiggs0c6qkc3pzi9xvusiux id nolu satıcı no2dnuhutckbktnejjdkkitdgw2n id nolu alıcıya 0.00000450 fiyatından 115.42470614 adet 6 id nolu coin karşılığında 152 id nolu coin sattı. Alıcının miktarı yetmedi ve eşleşen bir fiyat olmadığı için 1444.49430073 adet satış emri açıldı.
TRADE - 2021-02-05 17:24:52 --> (0.94155700 1612535092) trade işleminde  : 6bavdl8dik135r3iu118fe4zxti5 id nolu alıcı tevvosng8il7w9jvbkvhpd5pgyi6 id nolu satıcıdan 0.00000957 fiyatından 35 adet 1 id nolu coin karşılığında 74 id nolu coin satın aldı. Alıcı almak istediği miktarı aldı. Boş emir açıldı.
TRADE - 2021-02-05 18:51:08 --> (0.94091100 1612540268) trade işleminde  : t9r84r22aus7ov2crt0y1icu3ti0 id nolu alıcı 6bavdl8dik135r3iu118fe4zxti5 id nolu satıcıdan 0.00000092 fiyatından 3568.10292459 adet 1 id nolu coin karşılığında 128 id nolu coin satın aldı. Emir kapandı.
TRADE - 2021-02-05 18:55:42 --> (0.72903200 1612540542) trade işleminde  : 4n7y5eppa7l3kh6p8cd60697haa8 id nolu alıcı 4n7y5eppa7l3kh6p8cd60697haa8 id nolu satıcıdan 0.00014996 fiyatından 158261.88913185 adet 9 id nolu coin karşılığında 55 id nolu coin satın aldı. Emir kapandı.
TRADE - 2021-02-05 18:55:48 --> (0.39647200 1612540548) trade işleminde  : 4n7y5eppa7l3kh6p8cd60697haa8 id nolu alıcı 4n7y5eppa7l3kh6p8cd60697haa8 id nolu satıcıdan 0.00014996 fiyatından 157630.10515379 adet 9 id nolu coin karşılığında 55 id nolu coin satın aldı. Emir kapandı.
TRADE - 2021-02-05 18:55:51 --> (0.94280400 1612540551) trade işleminde  : 4n7y5eppa7l3kh6p8cd60697haa8 id nolu alıcı 4n7y5eppa7l3kh6p8cd60697haa8 id nolu satıcıdan 0.00014996 fiyatından 157000.84327211 adet 9 id nolu coin karşılığında 55 id nolu coin satın aldı. Emir kapandı.
TRADE - 2021-02-05 18:55:56 --> (0.87580200 1612540556) trade işleminde  : 4n7y5eppa7l3kh6p8cd60697haa8 id nolu alıcı 4n7y5eppa7l3kh6p8cd60697haa8 id nolu satıcıdan 0.00014996 fiyatından 156374.09337101 adet 9 id nolu coin karşılığında 55 id nolu coin satın aldı. Emir kapandı.
TRADE - 2021-02-05 18:56:00 --> (0.27604300 1612540560) trade işleminde  : 4n7y5eppa7l3kh6p8cd60697haa8 id nolu alıcı 4n7y5eppa7l3kh6p8cd60697haa8 id nolu satıcıdan 0.00014996 fiyatından 155749.84546777 adet 9 id nolu coin karşılığında 55 id nolu coin satın aldı. Emir kapandı.
TRADE - 2021-02-05 18:56:12 --> (0.20003700 1612540572) trade işleminde  : 4n7y5eppa7l3kh6p8cd60697haa8 id nolu alıcı 4n7y5eppa7l3kh6p8cd60697haa8 id nolu satıcıdan 0.00014996 fiyatından 155128.08957971 adet 9 id nolu coin karşılığında 55 id nolu coin satın aldı. Emir kapandı.
TRADE - 2021-02-05 18:56:18 --> (0.41519500 1612540578) trade işleminde  : 4n7y5eppa7l3kh6p8cd60697haa8 id nolu alıcı 4n7y5eppa7l3kh6p8cd60697haa8 id nolu satıcıdan 0.00014996 fiyatından 154508.81579066 adet 9 id nolu coin karşılığında 55 id nolu coin satın aldı. Emir kapandı.
TRADE - 2021-02-05 18:56:25 --> (0.91523000 1612540585) trade işleminde  : 4n7y5eppa7l3kh6p8cd60697haa8 id nolu alıcı 4n7y5eppa7l3kh6p8cd60697haa8 id nolu satıcıdan 0.00014996 fiyatından 73403.7248868 adet 9 id nolu coin karşılığında 55 id nolu coin satın aldı. Emir kapandı.
TRADE - 2021-02-05 18:56:26 --> (0.47891600 1612540586) trade işleminde  : 4n7y5eppa7l3kh6p8cd60697haa8 id nolu alıcı 4n7y5eppa7l3kh6p8cd60697haa8 id nolu satıcıdan 0.00014996 fiyatından 153892.01411794 adet 9 id nolu coin karşılığında 55 id nolu coin almak istedi ama satıcının miktarı(80488.28923114) yetmedi ve emir tekrar etti.
TRADE - 2021-02-05 18:56:44 --> (0.39498800 1612540604) trade işleminde  : 4n7y5eppa7l3kh6p8cd60697haa8 id nolu alıcı 4n7y5eppa7l3kh6p8cd60697haa8 id nolu satıcıdan 0.00014996 fiyatından 153277.67477848 adet 9 id nolu coin karşılığında 55 id nolu coin satın aldı. Emir kapandı.
TRADE - 2021-02-05 18:56:49 --> (0.80527300 1612540609) trade işleminde  : 4n7y5eppa7l3kh6p8cd60697haa8 id nolu alıcı 4n7y5eppa7l3kh6p8cd60697haa8 id nolu satıcıdan 0.00014996 fiyatından 152665.78785614 adet 9 id nolu coin karşılığında 55 id nolu coin satın aldı. Emir kapandı.
TRADE - 2021-02-05 18:56:59 --> (0.12008300 1612540619) trade işleminde  : 4n7y5eppa7l3kh6p8cd60697haa8 id nolu alıcı 4n7y5eppa7l3kh6p8cd60697haa8 id nolu satıcıdan 0.00014996 fiyatından 152056.34356787 adet 9 id nolu coin karşılığında 55 id nolu coin satın aldı. Emir kapandı.
TRADE - 2021-02-05 18:57:14 --> (0.49412800 1612540634) trade işleminde  : 4n7y5eppa7l3kh6p8cd60697haa8 id nolu alıcı 4n7y5eppa7l3kh6p8cd60697haa8 id nolu satıcıdan 0.00014996 fiyatından 151449.33219717 adet 9 id nolu coin karşılığında 55 id nolu coin satın aldı. Emir kapandı.
TRADE - 2021-02-05 18:59:59 --> (0.27471500 1612540799) trade işleminde  : 4n7y5eppa7l3kh6p8cd60697haa8 id nolu alıcı 4n7y5eppa7l3kh6p8cd60697haa8 id nolu satıcıdan 0.00014996 fiyatından 48680.83091748 adet 9 id nolu coin karşılığında 55 id nolu coin satın aldı. Emir kapandı.
TRADE - 2021-02-05 19:00:00 --> (0.17696000 1612540800) trade işleminde  : 4n7y5eppa7l3kh6p8cd60697haa8 id nolu alıcı 4n7y5eppa7l3kh6p8cd60697haa8 id nolu satıcıdan 0.00014996 fiyatından 150844.74402755 adet 9 id nolu coin karşılığında 55 id nolu coin almak istedi ama satıcının miktarı(102163.91311007) yetmedi ve emir tekrar etti.
TRADE - 2021-02-05 19:00:12 --> (0.35456300 1612540812) trade işleminde  : 4n7y5eppa7l3kh6p8cd60697haa8 id nolu alıcı 4n7y5eppa7l3kh6p8cd60697haa8 id nolu satıcıdan 0.00014996 fiyatından 150242.56940906 adet 9 id nolu coin karşılığında 55 id nolu coin satın aldı. Emir kapandı.
TRADE - 2021-02-05 19:00:20 --> (0.78617400 1612540820) trade işleminde  : 4n7y5eppa7l3kh6p8cd60697haa8 id nolu alıcı 4n7y5eppa7l3kh6p8cd60697haa8 id nolu satıcıdan 0.00014996 fiyatından 38929.29364793 adet 9 id nolu coin karşılığında 55 id nolu coin satın aldı. Emir kapandı.
TRADE - 2021-02-05 19:00:21 --> (0.48970400 1612540821) trade işleminde  : 4n7y5eppa7l3kh6p8cd60697haa8 id nolu alıcı 4n7y5eppa7l3kh6p8cd60697haa8 id nolu satıcıdan 0.00014996 fiyatından 149642.79869176 adet 9 id nolu coin karşılığında 55 id nolu coin almak istedi ama satıcının miktarı(110713.50504383) yetmedi ve emir tekrar etti.
TRADE - 2021-02-05 19:00:31 --> (0.88369600 1612540831) trade işleminde  : 4n7y5eppa7l3kh6p8cd60697haa8 id nolu alıcı 4n7y5eppa7l3kh6p8cd60697haa8 id nolu satıcıdan 0.00014996 fiyatından 34082.70175569 adet 9 id nolu coin karşılığında 55 id nolu coin satın aldı. Emir kapandı.
TRADE - 2021-02-05 19:00:32 --> (0.93058900 1612540832) trade işleminde  : 4n7y5eppa7l3kh6p8cd60697haa8 id nolu alıcı 4n7y5eppa7l3kh6p8cd60697haa8 id nolu satıcıdan 0.00014996 fiyatından 149045.42222570 adet 9 id nolu coin karşılığında 55 id nolu coin almak istedi ama satıcının miktarı(114962.72047001) yetmedi ve emir tekrar etti.
TRADE - 2021-02-05 19:00:40 --> (0.61634500 1612540840) trade işleminde  : 4n7y5eppa7l3kh6p8cd60697haa8 id nolu alıcı 4n7y5eppa7l3kh6p8cd60697haa8 id nolu satıcıdan 0.00014996 fiyatından 148450.43049404 adet 9 id nolu coin karşılığında 55 id nolu coin satın aldı. Emir kapandı.
TRADE - 2021-02-05 19:00:48 --> (0.18782800 1612540848) trade işleminde  : 4n7y5eppa7l3kh6p8cd60697haa8 id nolu alıcı 4n7y5eppa7l3kh6p8cd60697haa8 id nolu satıcıdan 0.00014996 fiyatından 24447.48359505 adet 9 id nolu coin karşılığında 55 id nolu coin satın aldı. Emir kapandı.
TRADE - 2021-02-05 19:00:48 --> (0.71325700 1612540848) trade işleminde  : 4n7y5eppa7l3kh6p8cd60697haa8 id nolu alıcı 4n7y5eppa7l3kh6p8cd60697haa8 id nolu satıcıdan 0.00014996 fiyatından 147857.81397994 adet 9 id nolu coin karşılığında 55 id nolu coin almak istedi ama satıcının miktarı(123410.33038489) yetmedi ve emir tekrar etti.
TRADE - 2021-02-05 19:00:54 --> (0.31990400 1612540854) trade işleminde  : 4n7y5eppa7l3kh6p8cd60697haa8 id nolu alıcı 4n7y5eppa7l3kh6p8cd60697haa8 id nolu satıcıdan 0.00014996 fiyatından 19658.70326028 adet 9 id nolu coin karşılığında 55 id nolu coin satın aldı. Emir kapandı.
TRADE - 2021-02-05 19:00:55 --> (0.14080700 1612540855) trade işleminde  : 4n7y5eppa7l3kh6p8cd60697haa8 id nolu alıcı 4n7y5eppa7l3kh6p8cd60697haa8 id nolu satıcıdan 0.00014996 fiyatından 147267.56323310 adet 9 id nolu coin karşılığında 55 id nolu coin almak istedi ama satıcının miktarı(127608.85997282) yetmedi ve emir tekrar etti.
TRADE - 2021-02-05 23:38:24 --> (0.53377300 1612557504) trade işleminde  : 6bavdl8dik135r3iu118fe4zxti5 id nolu alıcı 2qomuqp0xl8l7506858jo4kwewsq id nolu satıcıdan 0.04571290 fiyatından 780.16 adet 9 id nolu coin karşılığında 3 id nolu coin satın aldı. Alıcı almak istediği miktarı aldı. Boş emir açıldı.
