TRADE - 2021-02-20 00:00:00 --> (0.61847100 1613768400) trade işleminde  : l00ayvfir68xdpxfnizwkoenp6w2 id nolu satıcı ad55fcsc15busvoenb783w25e6cg id nolu alıcıya 0.00000038 fiyatından 5300.00000000 adet 1 id nolu coin karşılığında 161 id nolu coin sattı. Emir kapandı.
TRADE - 2021-02-20 00:20:17 --> (0.32493000 1613769617) trade işleminde  : 6bavdl8dik135r3iu118fe4zxti5 id nolu satıcı ad55fcsc15busvoenb783w25e6cg id nolu alıcıya 0.00000038 fiyatından 78.05967013 adet 1 id nolu coin karşılığında 161 id nolu coin sattı. Emir kapandı.
TRADE - 2021-02-20 00:21:59 --> (0.18062200 1613769719) trade işleminde  : k6azwmbjcd1kp2r55a388g6t4ysp id nolu alıcı 6bavdl8dik135r3iu118fe4zxti5 id nolu satıcıdan 0.00001113 fiyatından 28 adet 1 id nolu coin karşılığında 74 id nolu coin satın aldı. Satıcının miktarı yetmedi ve eşleşen bir fiyat olmadığı için 907.25596964 adet alış emri açıldı.
TRADE - 2021-02-20 00:22:00 --> (0.20026300 1613769720) trade işleminde  : k6azwmbjcd1kp2r55a388g6t4ysp id nolu alıcı 6bavdl8dik135r3iu118fe4zxti5 id nolu satıcıdan 0.00001110 fiyatından 936.25596964 adet 1 id nolu coin karşılığında 74 id nolu coin almak istedi ama satıcının miktarı(1) yetmedi ve emir tekrar etti.
TRADE - 2021-02-20 00:23:30 --> (0.56347900 1613769810) trade işleminde  : 6bavdl8dik135r3iu118fe4zxti5 id nolu satıcı k6azwmbjcd1kp2r55a388g6t4ysp id nolu alıcıya 0.00001113 fiyatından 907.25596964 adet 1 id nolu coin karşılığında 74 id nolu coin sattı. Emir kapandı.
TRADE - 2021-02-20 00:45:08 --> (0.23717500 1613771108) trade işleminde  : 6bavdl8dik135r3iu118fe4zxti5 id nolu satıcı sb72g7r7x09cogbd3d4qqrmfzxwm id nolu alıcıya 0.00000037 fiyatından 581.99816583 adet 1 id nolu coin karşılığında 161 id nolu coin sattı. Emir kapandı.
TRADE - 2021-02-20 02:08:37 --> (0.22249000 1613776117) trade işleminde  : ln5jf76bbqw6cxr79jyabj5tx3ij id nolu alıcı t8avvcmnmgj5pyqcyomrro5nefmx id nolu satıcıdan 0.07695001 fiyatından 0.040999999999997 adet 9 id nolu coin karşılığında 14 id nolu coin satın aldı. Satıcının miktarı yetmedi ve eşleşen bir fiyat olmadığı için 147.29229052 adet alış emri açıldı.
TRADE - 2021-02-20 03:16:26 --> (0.10412400 1613780186) trade işleminde  : sacymq6yggut8wisbbekivmfctvn id nolu satıcı 6bavdl8dik135r3iu118fe4zxti5 id nolu alıcıya 0.00000098 fiyatından 2398.60283473 adet 1 id nolu coin karşılığında 3 id nolu coin sattı. Emir kapandı.
TRADE - 2021-02-20 03:28:20 --> (0.01139000 1613780900) trade işleminde  : sacymq6yggut8wisbbekivmfctvn id nolu satıcı 6bavdl8dik135r3iu118fe4zxti5 id nolu alıcıya 0.00419000 fiyatından 0.47687332 adet 1 id nolu coin karşılığında 2 id nolu coin sattı. Emir kapandı.
TRADE - 2021-02-20 03:29:58 --> (0.11385600 1613780998) trade işleminde  : sacymq6yggut8wisbbekivmfctvn id nolu alıcı kemdbtle3thnikauuwxcl0fvc6ya id nolu satıcıdan 0.00000270 fiyatından 1604.21009832 adet 1 id nolu coin karşılığında 38 id nolu coin satın aldı. Emir kapandı.
TRADE - 2021-02-20 03:35:00 --> (0.43053700 1613781300) trade işleminde  : s6dgj9t6zllb7d9gd2n2krhiu0oa id nolu satıcı ioufa8cus3v50n6ud0g48yvlei8t id nolu alıcıya 0.00000003 fiyatından 20504.27001996 adet 6 id nolu coin karşılığında 122 id nolu coin sattı. Emir kapandı.
TRADE - 2021-02-20 03:35:00 --> (0.83156300 1613781300) trade işleminde  : s6dgj9t6zllb7d9gd2n2krhiu0oa id nolu satıcı uuf2cf785rb7ewqc3cd8dhxwpuh9 id nolu alıcıya 0.00000004 fiyatından 22999.28000000 adet 6 id nolu coin karşılığında 122 id nolu coini satmak istedi ama alıcının miktarı(2495.00998004) yetmedi ve emir tekrar etti.
TRADE - 2021-02-20 04:15:44 --> (0.32530700 1613783744) trade işleminde  : ln5jf76bbqw6cxr79jyabj5tx3ij id nolu satıcı 6bavdl8dik135r3iu118fe4zxti5 id nolu alıcıya 56214.48000000 fiyatından 0.00044498 adet 9 id nolu coin karşılığında 1 id nolu coin sattı. Emir kapandı.
TRADE - 2021-02-20 04:17:30 --> (0.32671100 1613783850) trade işleminde  : s6dgj9t6zllb7d9gd2n2krhiu0oa id nolu satıcı 6bavdl8dik135r3iu118fe4zxti5 id nolu alıcıya 1947.74999900 fiyatından 0.00071350 adet 9 id nolu coin karşılığında 6 id nolu coin sattı. Emir kapandı.
TRADE - 2021-02-20 04:18:28 --> (0.87016900 1613783908) trade işleminde  : s6dgj9t6zllb7d9gd2n2krhiu0oa id nolu alıcı 6bavdl8dik135r3iu118fe4zxti5 id nolu satıcıdan 0.05990000 fiyatından 23.10804418 adet 9 id nolu coin karşılığında 128 id nolu coin satın aldı. Emir kapandı.
TRADE - 2021-02-20 05:40:58 --> (0.15437100 1613788858) trade işleminde  : sacymq6yggut8wisbbekivmfctvn id nolu satıcı 6bavdl8dik135r3iu118fe4zxti5 id nolu alıcıya 0.00000096 fiyatından 2004.08279910 adet 1 id nolu coin karşılığında 3 id nolu coin sattı. Emir kapandı.
TRADE - 2021-02-20 05:41:44 --> (0.53811900 1613788904) trade işleminde  : sacymq6yggut8wisbbekivmfctvn id nolu alıcı kemdbtle3thnikauuwxcl0fvc6ya id nolu satıcıdan 0.00000270 fiyatından 709.71760183 adet 1 id nolu coin karşılığında 38 id nolu coin satın aldı. Emir kapandı.
TRADE - 2021-02-20 05:46:27 --> (0.21053700 1613789187) trade işleminde  : 6bavdl8dik135r3iu118fe4zxti5 id nolu alıcı n7fo2uy0w8j9pxh9vkh5cii1fotr id nolu satıcıdan 1970.00000000 fiyatından 0.00333144 adet 9 id nolu coin karşılığında 6 id nolu coin satın aldı. Alıcı almak istediği miktarı aldı. Boş emir açıldı.
TRADE - 2021-02-20 07:24:49 --> (0.05872000 1613795089) trade işleminde  : 6bavdl8dik135r3iu118fe4zxti5 id nolu alıcı sacymq6yggut8wisbbekivmfctvn id nolu satıcıdan 0.00436500 fiyatından 0.93167187 adet 1 id nolu coin karşılığında 2 id nolu coin satın aldı. Alıcı almak istediği miktarı aldı. Boş emir açıldı.
TRADE - 2021-02-20 07:24:50 --> (0.18071300 1613795090) trade işleminde  : sacymq6yggut8wisbbekivmfctvn id nolu alıcı kemdbtle3thnikauuwxcl0fvc6ya id nolu satıcıdan 0.00000270 fiyatından 147.00000000 adet 1 id nolu coin karşılığında 38 id nolu coin satın aldı. Emir kapandı.
TRADE - 2021-02-20 07:24:55 --> (0.45976700 1613795095) trade işleminde  : sacymq6yggut8wisbbekivmfctvn id nolu alıcı kemdbtle3thnikauuwxcl0fvc6ya id nolu satıcıdan 0.00000270 fiyatından 147.00000000 adet 1 id nolu coin karşılığında 38 id nolu coin satın aldı. Emir kapandı.
TRADE - 2021-02-20 07:25:26 --> (0.40602400 1613795126) trade işleminde  : sacymq6yggut8wisbbekivmfctvn id nolu alıcı kemdbtle3thnikauuwxcl0fvc6ya id nolu satıcıdan 0.00000270 fiyatından 1176.07219985 adet 1 id nolu coin karşılığında 38 id nolu coin satın aldı. Emir kapandı.
TRADE - 2021-02-20 11:46:50 --> (0.05290600 1613810810) trade işleminde  : 6bavdl8dik135r3iu118fe4zxti5 id nolu alıcı t8avvcmnmgj5pyqcyomrro5nefmx id nolu satıcıdan 0.05772510 fiyatından 4.50021205 adet 9 id nolu coin karşılığında 3 id nolu coin satın aldı. Alıcı almak istediği miktarı aldı. Boş emir açıldı.
TRADE - 2021-02-20 13:08:51 --> (0.71120600 1613815731) trade işleminde  : j5cm4o1ovfbfdh5e4o5vu1fj38ae id nolu alıcı 6bavdl8dik135r3iu118fe4zxti5 id nolu satıcıdan 0.00000039 fiyatından 6072.42576098 adet 1 id nolu coin karşılığında 161 id nolu coin satın aldı. Emir kapandı.
TRADE - 2021-02-20 13:08:52 --> (0.82768200 1613815732) trade işleminde  : j5cm4o1ovfbfdh5e4o5vu1fj38ae id nolu alıcı 6bavdl8dik135r3iu118fe4zxti5 id nolu satıcıdan 0.00000038 fiyatından 9140.24451098 adet 1 id nolu coin karşılığında 161 id nolu coin almak istedi ama satıcının miktarı(3067.81875) yetmedi ve emir tekrar etti.
TRADE - 2021-02-20 13:44:03 --> (0.02703700 1613817843) trade işleminde  : sacymq6yggut8wisbbekivmfctvn id nolu satıcı 6bavdl8dik135r3iu118fe4zxti5 id nolu alıcıya 0.00432200 fiyatından 0.24780016 adet 1 id nolu coin karşılığında 2 id nolu coin sattı. Emir kapandı.
TRADE - 2021-02-20 13:49:23 --> (0.34458300 1613818163) trade işleminde  : sb72g7r7x09cogbd3d4qqrmfzxwm id nolu satıcı do9n7j6j3d6a02n5xcfczwo05xem id nolu alıcıya 0.00000033 fiyatından 581.99816583 adet 1 id nolu coin karşılığında 161 id nolu coin sattı. Emir kapandı.
TRADE - 2021-02-20 16:26:10 --> (0.23342000 1613827570) trade işleminde  : 6bavdl8dik135r3iu118fe4zxti5 id nolu satıcı t8avvcmnmgj5pyqcyomrro5nefmx id nolu alıcıya 0.05727000 fiyatından 4.57273475 adet 9 id nolu coin karşılığında 3 id nolu coin sattı. Emir kapandı.
TRADE - 2021-02-20 17:52:19 --> (0.34865300 1613832739) trade işleminde  : ln5jf76bbqw6cxr79jyabj5tx3ij id nolu alıcı 6bavdl8dik135r3iu118fe4zxti5 id nolu satıcıdan 0.00000949 fiyatından 11.49420442 adet 1 id nolu coin karşılığında 7 id nolu coin satın aldı. Emir kapandı.
TRADE - 2021-02-20 17:52:47 --> (0.80297700 1613832767) trade işleminde  : ln5jf76bbqw6cxr79jyabj5tx3ij id nolu satıcı 6bavdl8dik135r3iu118fe4zxti5 id nolu alıcıya 0.54513000 fiyatından 11.37926237 adet 9 id nolu coin karşılığında 7 id nolu coin sattı. Emir kapandı.
TRADE - 2021-02-20 17:52:59 --> (0.19532800 1613832779) trade işleminde  : ln5jf76bbqw6cxr79jyabj5tx3ij id nolu alıcı 6bavdl8dik135r3iu118fe4zxti5 id nolu satıcıdan 56800.09000000 fiyatından 0.00011011 adet 9 id nolu coin karşılığında 1 id nolu coin satın aldı. Emir kapandı.
TRADE - 2021-02-20 17:57:32 --> (0.42488400 1613833052) trade işleminde  : ln5jf76bbqw6cxr79jyabj5tx3ij id nolu alıcı 6bavdl8dik135r3iu118fe4zxti5 id nolu satıcıdan 0.00000108 fiyatından 101.00000000 adet 1 id nolu coin karşılığında 128 id nolu coin satın aldı. Emir kapandı.
TRADE - 2021-02-20 17:57:44 --> (0.04888100 1613833064) trade işleminde  : ln5jf76bbqw6cxr79jyabj5tx3ij id nolu satıcı 6bavdl8dik135r3iu118fe4zxti5 id nolu alıcıya 0.06141000 fiyatından 32.485 adet 9 id nolu coin karşılığında 128 id nolu coin sattı. Emir kapandı.
TRADE - 2021-02-20 17:57:45 --> (0.40300200 1613833065) trade işleminde  : ln5jf76bbqw6cxr79jyabj5tx3ij id nolu satıcı 6bavdl8dik135r3iu118fe4zxti5 id nolu alıcıya 0.06153000 fiyatından 99.99000000 adet 9 id nolu coin karşılığında 128 id nolu coini satmak istedi ama alıcının miktarı(67.505) yetmedi ve emir tekrar etti.
TRADE - 2021-02-20 18:24:17 --> (0.42134300 1613834657) trade işleminde  : ln5jf76bbqw6cxr79jyabj5tx3ij id nolu alıcı 6bavdl8dik135r3iu118fe4zxti5 id nolu satıcıdan 0.05851000 fiyatından 1709.10955392 adet 9 id nolu coin karşılığında 128 id nolu coin satın aldı. Emir kapandı.
TRADE - 2021-02-20 18:24:31 --> (0.07453000 1613834671) trade işleminde  : ln5jf76bbqw6cxr79jyabj5tx3ij id nolu satıcı 6bavdl8dik135r3iu118fe4zxti5 id nolu alıcıya 0.00000107 fiyatından 1693.01835838 adet 1 id nolu coin karşılığında 128 id nolu coin sattı. Emir kapandı.
TRADE - 2021-02-20 18:24:47 --> (0.94018900 1613834687) trade işleminde  : ln5jf76bbqw6cxr79jyabj5tx3ij id nolu satıcı 6bavdl8dik135r3iu118fe4zxti5 id nolu alıcıya 56015.41000000 fiyatından 0.00182874 adet 9 id nolu coin karşılığında 1 id nolu coin sattı. Emir kapandı.
TRADE - 2021-02-20 18:26:07 --> (0.59875300 1613834767) trade işleminde  : ln5jf76bbqw6cxr79jyabj5tx3ij id nolu alıcı 6bavdl8dik135r3iu118fe4zxti5 id nolu satıcıdan 0.05883000 fiyatından 1699.81302056 adet 9 id nolu coin karşılığında 128 id nolu coin satın aldı. Emir kapandı.
TRADE - 2021-02-20 18:26:20 --> (0.30130700 1613834780) trade işleminde  : ln5jf76bbqw6cxr79jyabj5tx3ij id nolu satıcı 6bavdl8dik135r3iu118fe4zxti5 id nolu alıcıya 0.00000106 fiyatından 982.06166072 adet 1 id nolu coin karşılığında 128 id nolu coin sattı. Emir kapandı.
TRADE - 2021-02-20 18:26:21 --> (0.22391200 1613834781) trade işleminde  : ln5jf76bbqw6cxr79jyabj5tx3ij id nolu satıcı 6bavdl8dik135r3iu118fe4zxti5 id nolu alıcıya 0.00000107 fiyatından 1699.74507393 adet 1 id nolu coin karşılığında 128 id nolu coini satmak istedi ama alıcının miktarı(717.68341321) yetmedi ve emir tekrar etti.
TRADE - 2021-02-20 18:32:37 --> (0.36431300 1613835157) trade işleminde  : ln5jf76bbqw6cxr79jyabj5tx3ij id nolu satıcı 6bavdl8dik135r3iu118fe4zxti5 id nolu alıcıya 56110.51000000 fiyatından 0.00110720 adet 9 id nolu coin karşılığında 1 id nolu coin sattı. Emir kapandı.
TRADE - 2021-02-20 21:36:45 --> (0.01300400 1613846205) trade işleminde  : 6bavdl8dik135r3iu118fe4zxti5 id nolu satıcı 5gr9asii9el9df4yknyiyp39tv1t id nolu alıcıya 235.69264594 fiyatından 0.11340701 adet 9 id nolu coin karşılığında 2 id nolu coin sattı. Emir kapandı.
TRADE - 2021-02-20 23:06:18 --> (0.33049000 1613851578) trade işleminde  : ln5jf76bbqw6cxr79jyabj5tx3ij id nolu alıcı 6bavdl8dik135r3iu118fe4zxti5 id nolu satıcıdan 35.21860000 fiyatından 2.83940872 adet 9 id nolu coin karşılığında 163 id nolu coin satın aldı. Emir kapandı.
TRADE - 2021-02-20 23:09:08 --> (0.00061500 1613851748) trade işleminde  : ln5jf76bbqw6cxr79jyabj5tx3ij id nolu satıcı 6bavdl8dik135r3iu118fe4zxti5 id nolu alıcıya 56760.20000000 fiyatından 0.00079233 adet 9 id nolu coin karşılığında 1 id nolu coin sattı. Emir kapandı.
TRADE - 2021-02-20 23:09:36 --> (0.68608900 1613851776) trade işleminde  : ln5jf76bbqw6cxr79jyabj5tx3ij id nolu satıcı 6bavdl8dik135r3iu118fe4zxti5 id nolu alıcıya 35.17080000 fiyatından 1.095 adet 9 id nolu coin karşılığında 163 id nolu coin sattı. Alıcının miktarı yetmedi ve eşleşen bir fiyat olmadığı için 1.71601463 adet satış emri açıldı.
TRADE - 2021-02-20 23:09:46 --> (0.69473900 1613851786) trade işleminde  : 6bavdl8dik135r3iu118fe4zxti5 id nolu alıcı ln5jf76bbqw6cxr79jyabj5tx3ij id nolu satıcıdan 35.17079999 fiyatından 1.71601463 adet 9 id nolu coin karşılığında 163 id nolu coin satın aldı. Alıcı almak istediği miktarı aldı. Boş emir açıldı.
